Mplus VERSION 8
MUTHEN & MUTHEN
06/22/2018   2:37 PM

INPUT INSTRUCTIONS

  TITLE: Your title goes here
  DATA: FILE = "Mplus_files/tso4.dat";
  VARIABLE:
  NAMES = worry1 fear1 sad1 worry2 fear2 sad2 worry3 fear3 sad3 worry4 fear4 sad4;
  MISSING=.;

  ANALYSIS:

  H1iterations=10000;
  Estimator=MLR;

  MODEL:

  ! Latent occasion variables
  occ1 BY worry1@1
  fear1 (las21)
  sad1 (las31) ;
  occ2 BY worry2@1
  fear2 (las22)
  sad2 (las32) ;
  occ3 BY worry3@1
  fear3 (las23)
  sad3 (las33) ;
  occ4 BY worry4@1
  fear4 (las24)
  sad4 (las34) ;

  ! Latent trait variable or trait indicators
  theta1 BY worry1@1
  worry2@1
  worry3@1
  worry4@1 ;
  theta2 BY fear1@1
  fear2@1
  fear3@1
  fear4@1 ;
  theta3 BY sad1@1
  sad2@1
  sad3@1
  sad4@1 ;

  ! Intercepts and means
  [worry1*] (ins11) ;
  [fear1*] (ins21) ;
  [sad1*] (ins31) ;
  [worry2*] (ins12) ;
  [fear2*] (ins22) ;
  [sad2*] (ins32) ;
  [worry3*] (ins13) ;
  [fear3*] (ins23) ;
  [sad3*] (ins33) ;
  [worry4*] (ins14) ;
  [fear4*] (ins24) ;
  [sad4*] (ins34) ;
  [occ1@0] ;
  [occ2@0] ;
  [occ3@0] ;
  [occ4@0] ;


  ! Set 0 correlations
  occ1 WITH occ2@0
  occ3@0
  occ4@0
  theta1@0
  theta2@0
  theta3@0 ;
  occ2 WITH occ3@0
  occ4@0
  theta1@0
  theta2@0
  theta3@0 ;
  occ3 WITH occ4@0
  theta1@0
  theta2@0
  theta3@0 ;
  occ4 WITH theta1@0
  theta2@0
  theta3@0 ;

  ! autoregressive effects
  occ2 ON occ1 (beta1) ;
  occ3 ON occ2 (beta2) ;
  occ4 ON occ3 (beta3) ;

  ! Variance components
  worry1 (err11) ;
  fear1 (err21) ;
  sad1 (err31) ;
  worry2 (err12) ;
  fear2 (err22) ;
  sad2 (err32) ;
  worry3 (err13) ;
  fear3 (err23) ;
  sad3 (err33) ;
  worry4 (err14) ;
  fear4 (err24) ;
  sad4 (err34) ;
  occ1 (oc_var1) ;
  occ2 (oc_var2) ;
  occ3 (oc_var3) ;
  occ4 (oc_var4) ;
  theta1 (t_var1) ;
  theta2* (t_var2) ;
  theta3* (t_var3) ;



*** WARNING
  Data set contains cases with missing on all variables.
  These cases were not included in the analysis.
  Number of cases with missing on all variables:  1
   1 WARNING(S) FOUND IN THE INPUT INSTRUCTIONS



Your title goes here

SUMMARY OF ANALYSIS

Number of groups                                                 1
Number of observations                                         128

Number of dependent variables                                   12
Number of independent variables                                  0
Number of continuous latent variables                            7

Observed dependent variables

  Continuous
   WORRY1      FEAR1       SAD1        WORRY2      FEAR2       SAD2
   WORRY3      FEAR3       SAD3        WORRY4      FEAR4       SAD4

Continuous latent variables
   OCC1        OCC2        OCC3        OCC4        THETA1      THETA2
   THETA3


Estimator                                                      MLR
Information matrix                                        OBSERVED
Maximum number of iterations                                  1000
Convergence criterion                                    0.500D-04
Maximum number of steepest descent iterations                   20
Maximum number of iterations for H1                          10000
Convergence criterion for H1                             0.100D-03

Input data file(s)
  Mplus_files/tso4.dat

Input data format  FREE


SUMMARY OF DATA

     Number of missing data patterns            17


COVARIANCE COVERAGE OF DATA

Minimum covariance coverage value   0.100


     PROPORTION OF DATA PRESENT


           Covariance Coverage
              WORRY1        FEAR1         SAD1          WORRY2        FEAR2
              ________      ________      ________      ________      ________
 WORRY1         0.695
 FEAR1          0.695         0.695
 SAD1           0.688         0.688         0.688
 WORRY2         0.633         0.633         0.633         0.812
 FEAR2          0.641         0.641         0.641         0.805         0.812
 SAD2           0.641         0.641         0.641         0.812         0.812
 WORRY3         0.602         0.602         0.602         0.711         0.711
 FEAR3          0.602         0.602         0.602         0.711         0.711
 SAD3           0.602         0.602         0.602         0.711         0.711
 WORRY4         0.617         0.617         0.617         0.711         0.711
 FEAR4          0.617         0.617         0.617         0.711         0.711
 SAD4           0.617         0.617         0.617         0.711         0.711


           Covariance Coverage
              SAD2          WORRY3        FEAR3         SAD3          WORRY4
              ________      ________      ________      ________      ________
 SAD2           0.820
 WORRY3         0.719         0.844
 FEAR3          0.719         0.844         0.844
 SAD3           0.719         0.836         0.836         0.836
 WORRY4         0.719         0.750         0.750         0.742         0.875
 FEAR4          0.719         0.750         0.750         0.742         0.875
 SAD4           0.719         0.750         0.750         0.742         0.875


           Covariance Coverage
              FEAR4         SAD4
              ________      ________
 FEAR4          0.875
 SAD4           0.875         0.875



UNIVARIATE SAMPLE STATISTICS


     UNIVARIATE HIGHER-ORDER MOMENT DESCRIPTIVE STATISTICS

         Variable/         Mean/     Skewness/   Minimum/ % with                Percentiles
        Sample Size      Variance    Kurtosis    Maximum  Min/Max      20%/60%    40%/80%    Median

     WORRY1                3.775      -0.080       1.000   17.98%       2.000      3.000      4.000
              89.000       3.680      -1.331       7.000    4.49%       5.000      6.000
     FEAR1                 2.281       1.074       1.000   42.70%       1.000      1.000      2.000
              89.000       2.269       0.189       7.000    1.12%       2.000      4.000
     SAD1                  3.023       0.501       1.000   28.41%       1.000      2.000      3.000
              88.000       3.204      -0.841       7.000    3.41%       3.000      5.000
     WORRY2                3.731      -0.015       1.000   22.12%       1.000      3.000      4.000
             104.000       3.947      -1.283       7.000    7.69%       4.000      6.000
     FEAR2                 2.221       1.136       1.000   49.04%       1.000      1.000      2.000
             104.000       2.518       0.039       7.000    0.96%       2.000      4.000
     SAD2                  3.057       0.468       1.000   25.71%       1.000      2.000      3.000
             105.000       3.140      -0.870       7.000    3.81%       4.000      5.000
     WORRY3                3.278       0.401       1.000   25.00%       1.000      2.000      3.000
             108.000       3.997      -1.241       7.000    6.48%       4.000      5.000
     FEAR3                 2.019       1.325       1.000   54.63%       1.000      1.000      1.000
             108.000       2.055       0.574       6.000    2.78%       2.000      3.000
     SAD3                  2.804       0.610       1.000   32.71%       1.000      2.000      2.000
             107.000       3.036      -0.801       7.000    1.87%       3.000      4.000
     WORRY4                3.009       0.559       1.000   33.04%       1.000      2.000      3.000
             112.000       3.670      -0.900       7.000    5.36%       3.000      5.000
     FEAR4                 1.839       1.617       1.000   56.25%       1.000      1.000      1.000
             112.000       1.546       1.847       6.000    1.79%       2.000      2.000
     SAD4                  2.402       0.668       1.000   38.39%       1.000      2.000      2.000
             112.000       2.062      -0.802       6.000    0.89%       3.000      4.000


THE MODEL ESTIMATION TERMINATED NORMALLY



MODEL FIT INFORMATION

Number of Free Parameters                       45

Loglikelihood

          H0 Value                       -2103.623
          H0 Scaling Correction Factor      1.2072
            for MLR
          H1 Value                       -2076.459
          H1 Scaling Correction Factor      1.1205
            for MLR

Information Criteria

          Akaike (AIC)                    4297.247
          Bayesian (BIC)                  4425.588
          Sample-Size Adjusted BIC        4283.273
            (n* = (n + 2) / 24)

Chi-Square Test of Model Fit

          Value                             52.555*
          Degrees of Freedom                    45
          P-Value                           0.2047
          Scaling Correction Factor         1.0338
            for MLR

*   The chi-square value for MLM, MLMV, MLR, ULSMV, WLSM and WLSMV cannot be used
    for chi-square difference testing in the regular way.  MLM, MLR and WLSM
    chi-square difference testing is described on the Mplus website.  MLMV, WLSMV,
    and ULSMV difference testing is done using the DIFFTEST option.

RMSEA (Root Mean Square Error Of Approximation)

          Estimate                           0.036
          90 Percent C.I.                    0.000  0.072
          Probability RMSEA <= .05           0.698

CFI/TLI

          CFI                                0.984
          TLI                                0.976

Chi-Square Test of Model Fit for the Baseline Model

          Value                            524.633
          Degrees of Freedom                    66
          P-Value                           0.0000

SRMR (Standardized Root Mean Square Residual)

          Value                              0.057



MODEL RESULTS

                                                    Two-Tailed
                    Estimate       S.E.  Est./S.E.    P-Value

 OCC1     BY
    WORRY1             1.000      0.000    999.000    999.000
    FEAR1              0.670      0.219      3.066      0.002
    SAD1               0.920      0.251      3.661      0.000

 OCC2     BY
    WORRY2             1.000      0.000    999.000    999.000
    FEAR2              0.584      0.262      2.226      0.026
    SAD2               1.110      0.829      1.338      0.181

 OCC3     BY
    WORRY3             1.000      0.000    999.000    999.000
    FEAR3              0.582      0.148      3.932      0.000
    SAD3               0.740      0.205      3.610      0.000

 OCC4     BY
    WORRY4             1.000      0.000    999.000    999.000
    FEAR4              0.402      0.249      1.613      0.107
    SAD4               0.576      0.261      2.207      0.027

 THETA1   BY
    WORRY1             1.000      0.000    999.000    999.000
    WORRY2             1.000      0.000    999.000    999.000
    WORRY3             1.000      0.000    999.000    999.000
    WORRY4             1.000      0.000    999.000    999.000

 THETA2   BY
    FEAR1              1.000      0.000    999.000    999.000
    FEAR2              1.000      0.000    999.000    999.000
    FEAR3              1.000      0.000    999.000    999.000
    FEAR4              1.000      0.000    999.000    999.000

 THETA3   BY
    SAD1               1.000      0.000    999.000    999.000
    SAD2               1.000      0.000    999.000    999.000
    SAD3               1.000      0.000    999.000    999.000
    SAD4               1.000      0.000    999.000    999.000

 OCC2     ON
    OCC1               0.577      0.271      2.132      0.033

 OCC3     ON
    OCC2               0.956      0.499      1.917      0.055

 OCC4     ON
    OCC3               0.273      0.367      0.743      0.458

 OCC1     WITH
    OCC2               0.000      0.000    999.000    999.000
    OCC3               0.000      0.000    999.000    999.000
    OCC4               0.000      0.000    999.000    999.000
    THETA1             0.000      0.000    999.000    999.000
    THETA2             0.000      0.000    999.000    999.000
    THETA3             0.000      0.000    999.000    999.000

 OCC2     WITH
    OCC3               0.000      0.000    999.000    999.000
    OCC4               0.000      0.000    999.000    999.000
    THETA1             0.000      0.000    999.000    999.000
    THETA2             0.000      0.000    999.000    999.000
    THETA3             0.000      0.000    999.000    999.000

 OCC3     WITH
    OCC4               0.000      0.000    999.000    999.000
    THETA1             0.000      0.000    999.000    999.000
    THETA2             0.000      0.000    999.000    999.000
    THETA3             0.000      0.000    999.000    999.000

 OCC4     WITH
    THETA1             0.000      0.000    999.000    999.000
    THETA2             0.000      0.000    999.000    999.000
    THETA3             0.000      0.000    999.000    999.000

 THETA2   WITH
    THETA1             0.530      0.558      0.950      0.342

 THETA3   WITH
    THETA1             0.617      0.584      1.058      0.290
    THETA2             0.586      0.421      1.391      0.164

 Means
    OCC1               0.000      0.000    999.000    999.000

 Intercepts
    WORRY1             3.848      0.192     20.063      0.000
    FEAR1              2.342      0.170     13.801      0.000
    SAD1               3.079      0.192     16.076      0.000
    WORRY2             3.750      0.192     19.548      0.000
    FEAR2              2.238      0.150     14.908      0.000
    SAD2               3.071      0.168     18.241      0.000
    WORRY3             3.301      0.188     17.547      0.000
    FEAR3              2.034      0.137     14.860      0.000
    SAD3               2.827      0.166     17.058      0.000
    WORRY4             3.017      0.179     16.838      0.000
    FEAR4              1.891      0.119     15.856      0.000
    SAD4               2.440      0.135     18.080      0.000
    OCC2               0.000      0.000    999.000    999.000
    OCC3               0.000      0.000    999.000    999.000
    OCC4               0.000      0.000    999.000    999.000

 Variances
    OCC1               1.652      0.812      2.035      0.042
    THETA1             1.317      0.790      1.666      0.096
    THETA2             0.824      0.408      2.021      0.043
    THETA3             0.951      0.454      2.096      0.036

 Residual Variances
    WORRY1             0.668      0.249      2.684      0.007
    FEAR1              1.082      0.219      4.935      0.000
    SAD1               0.853      0.244      3.500      0.000
    WORRY2             1.687      0.595      2.835      0.005
    FEAR2              1.202      0.316      3.803      0.000
    SAD2               1.035      0.595      1.740      0.082
    WORRY3             0.696      0.342      2.038      0.042
    FEAR3              0.497      0.154      3.225      0.001
    SAD3               0.786      0.316      2.490      0.013
    WORRY4             0.737      0.538      1.372      0.170
    FEAR4              0.542      0.161      3.370      0.001
    SAD4               0.678      0.219      3.095      0.002
    OCC2               0.560      0.676      0.829      0.407
    OCC3               1.238      0.408      3.035      0.002
    OCC4               1.310      0.692      1.892      0.058


QUALITY OF NUMERICAL RESULTS

     Condition Number for the Information Matrix              0.201E-02
       (ratio of smallest to largest eigenvalue)


     Beginning Time:  14:37:09
        Ending Time:  14:37:09
       Elapsed Time:  00:00:00



MUTHEN & MUTHEN
3463 Stoner Ave.
Los Angeles, CA  90066

Tel: (310) 391-9971
Fax: (310) 391-8971
Web: www.StatModel.com
Support: Support@StatModel.com

Copyright (c) 1998-2017 Muthen & Muthen
