Mplus VERSION 8
MUTHEN & MUTHEN
02/13/2019   3:57 PM

INPUT INSTRUCTIONS

  TITLE: Your title goes here
  DATA: FILE = "Mplus_files_Results/cuts_long_n100_i4_nt5_na0.2.dat";
  VARIABLE:
  NAMES = subjn time y1 y2 y3 y4;
  MISSING=.;
  USEVAR = y1
  y2
  y3
  y4 ;
  CLUSTER = subjn ;

  ANALYSIS:
  TYPE = TWOLEVEL ;
  ESTIMATOR = ML ;
  ITERATIONS = 5e+05 ;
  H1ITERATIONS = 5e+05 ;


  MODEL:

  %WITHIN%

  ! common states
  CS BY y1@1
  y2 (lcs2)
  y3 (lcs3)
  y4 (lcs4) ;

  %BETWEEN%

  ! common trait
  CT BY y1@1
  y2 (lct2)
  y3 (lct3)
  y4 (lct4) ;



*** WARNING
  Data set contains cases with missing on all variables.
  These cases were not included in the analysis.
  Number of cases with missing on all variables:  1
   1 WARNING(S) FOUND IN THE INPUT INSTRUCTIONS



Your title goes here

SUMMARY OF ANALYSIS

Number of groups                                                 1
Number of observations                                         499

Number of dependent variables                                    4
Number of independent variables                                  0
Number of continuous latent variables                            2

Observed dependent variables

  Continuous
   Y1          Y2          Y3          Y4

Continuous latent variables
   CS          CT

Variables with special functions

  Cluster variable      SUBJN

Estimator                                                       ML
Information matrix                                        OBSERVED
Maximum number of iterations                                500000
Convergence criterion                                    0.100D-05
Maximum number of EM iterations                                500
Convergence criteria for the EM algorithm
  Loglikelihood change                                   0.100D-02
  Relative loglikelihood change                          0.100D-05
  Derivative                                             0.100D-03
Minimum variance                                         0.100D-03
Maximum number of steepest descent iterations                   20
Maximum number of iterations for H1                         500000
Convergence criterion for H1                             0.100D-03
Optimization algorithm                                         EMA

Input data file(s)
  Mplus_files_Results/cuts_long_n100_i4_nt5_na0.2.dat
Input data format  FREE


SUMMARY OF DATA

     Number of missing data patterns            15
     Number of clusters                        100

     Average cluster size        4.990

     Estimated Intraclass Correlations for the Y Variables

                Intraclass              Intraclass              Intraclass
     Variable  Correlation   Variable  Correlation   Variable  Correlation

     Y1           0.421      Y2           0.516      Y3           0.306
     Y4           0.463



COVARIANCE COVERAGE OF DATA

Minimum covariance coverage value   0.100


     PROPORTION OF DATA PRESENT


           Covariance Coverage
              Y1            Y2            Y3            Y4
              ________      ________      ________      ________
 Y1             0.824
 Y2             0.667         0.810
 Y3             0.657         0.637         0.794
 Y4             0.657         0.657         0.635         0.814



UNIVARIATE SAMPLE STATISTICS


     UNIVARIATE HIGHER-ORDER MOMENT DESCRIPTIVE STATISTICS

         Variable/         Mean/     Skewness/   Minimum/ % with                Percentiles
        Sample Size      Variance    Kurtosis    Maximum  Min/Max      20%/60%    40%/80%    Median

     Y1                    2.020       0.159      -4.472    0.24%       0.054      1.417      1.925
             411.000       5.047      -0.014       9.685    0.24%       2.500      3.970
     Y2                    2.828       0.237      -1.773    0.25%       1.504      2.369      2.780
             404.000       2.481       0.362       8.320    0.25%       3.100      4.182
     Y3                    2.942       0.068      -3.976    0.25%       0.836      2.296      2.780
             396.000       7.064      -0.032      11.620    0.25%       3.574      5.113
     Y4                    3.769       0.034      -1.402    0.25%       2.076      3.298      3.848
             406.000       3.888      -0.161       9.344    0.25%       4.284      5.249


THE MODEL ESTIMATION TERMINATED NORMALLY



MODEL FIT INFORMATION

Number of Free Parameters                       20

Loglikelihood

          H0 Value                       -2943.496
          H1 Value                       -2938.797

Information Criteria

          Akaike (AIC)                    5926.993
          Bayesian (BIC)                  6011.245
          Sample-Size Adjusted BIC        5947.764
            (n* = (n + 2) / 24)

Chi-Square Test of Model Fit

          Value                              9.399
          Degrees of Freedom                     4
          P-Value                           0.0519

RMSEA (Root Mean Square Error Of Approximation)

          Estimate                           0.052

CFI/TLI

          CFI                                0.992
          TLI                                0.977

Chi-Square Test of Model Fit for the Baseline Model

          Value                            704.944
          Degrees of Freedom                    12
          P-Value                           0.0000

SRMR (Standardized Root Mean Square Residual)

          Value for Within                   0.025
          Value for Between                  0.010



MODEL RESULTS

                                                    Two-Tailed
                    Estimate       S.E.  Est./S.E.    P-Value

Within Level

 CS       BY
    Y1                 1.000      0.000    999.000    999.000
    Y2                 0.521      0.045     11.704      0.000
    Y3                 1.235      0.085     14.483      0.000
    Y4                 0.796      0.054     14.884      0.000

 Variances
    CS                 2.067      0.231      8.943      0.000

 Residual Variances
    Y1                 0.837      0.120      6.975      0.000
    Y2                 0.635      0.063     10.144      0.000
    Y3                 1.651      0.210      7.852      0.000
    Y4                 0.730      0.088      8.265      0.000

Between Level

 CT       BY
    Y1                 1.000      0.000    999.000    999.000
    Y2                 0.556      0.111      4.992      0.000
    Y3                 1.116      0.154      7.236      0.000
    Y4                 0.737      0.128      5.749      0.000

 Intercepts
    Y1                 2.053      0.166     12.350      0.000
    Y2                 2.780      0.124     22.344      0.000
    Y3                 3.025      0.180     16.830      0.000
    Y4                 3.760      0.149     25.242      0.000

 Variances
    CT                 1.543      0.408      3.781      0.000

 Residual Variances
    Y1                 0.570      0.186      3.067      0.002
    Y2                 0.784      0.148      5.285      0.000
    Y3                 0.203      0.208      0.977      0.329
    Y4                 0.917      0.185      4.969      0.000


QUALITY OF NUMERICAL RESULTS

     Condition Number for the Information Matrix              0.315E-02
       (ratio of smallest to largest eigenvalue)


     Beginning Time:  15:57:25
        Ending Time:  15:57:25
       Elapsed Time:  00:00:00



MUTHEN & MUTHEN
3463 Stoner Ave.
Los Angeles, CA  90066

Tel: (310) 391-9971
Fax: (310) 391-8971
Web: www.StatModel.com
Support: Support@StatModel.com

Copyright (c) 1998-2017 Muthen & Muthen
