Mplus VERSION 8
MUTHEN & MUTHEN
02/19/2019  10:34 AM

INPUT INSTRUCTIONS

  TITLE: Your title goes here
  DATA: FILE = "Mplus_files_Results/cuts_wide_trunc_n500_i3_nt5_na0.1.dat";
  VARIABLE:
  NAMES = subjn y11 y21 y31 y12 y22 y32 y13 y23 y33 y14 y24 y34 y15 y25 y35;
  MISSING=.;
  USEVAR = y11
  y21
  y31
  y12
  y22
  y32
  y13
  y23
  y33
  y14
  y24
  y34
  y15
  y25
  y35 ;


  ANALYSIS:
  TYPE = GENERAL ;
  ESTIMATOR = ML ;
  ITERATIONS = 50000 ;
  H1ITERATIONS = 50000 ;


  MODEL:

  ! common states
  CS1 BY y11@1
  y21 (lcs21)
  y31 (lcs31) ;
  CS2 BY y12@1
  y22 (lcs21)
  y32 (lcs31) ;
  CS3 BY y13@1
  y23 (lcs21)
  y33 (lcs31) ;
  CS4 BY y14@1
  y24 (lcs21)
  y34 (lcs31) ;
  CS5 BY y15@1
  y25 (lcs21)
  y35 (lcs31) ;

  ! common trait
  CT BY y11@1
  y21 (lct21)
  y31 (lct31)
  y12@1
  y22 (lct21)
  y32 (lct31)
  y13@1
  y23 (lct21)
  y33 (lct31)
  y14@1
  y24 (lct21)
  y34 (lct31)
  y15@1
  y25 (lct21)
  y35 (lct31) ;

  ! unique trait
  UT1 BY y11@1
  y12@1
  y13@1
  y14@1
  y15@1 ;
  UT2 BY y21@1
  y22@1
  y23@1
  y24@1
  y25@1 ;
  UT3 BY y31@1
  y32@1
  y33@1
  y34@1
  y35@1 ;

  ! Intercepts and means
  [y11*] (ins11) ;
  [y21*] (ins21) ;
  [y31*] (ins31) ;
  [y12*] (ins11) ;
  [y22*] (ins21) ;
  [y32*] (ins31) ;
  [y13*] (ins11) ;
  [y23*] (ins21) ;
  [y33*] (ins31) ;
  [y14*] (ins11) ;
  [y24*] (ins21) ;
  [y34*] (ins31) ;
  [y15*] (ins11) ;
  [y25*] (ins21) ;
  [y35*] (ins31) ;




  ! Set 0 covariances
  CS1 WITH CS2@0
  CS3@0
  CS4@0
  CS5@0
  UT1@0
  UT2@0
  UT3@0
  CT@0 ;
  CS2 WITH CS3@0
  CS4@0
  CS5@0
  UT1@0
  UT2@0
  UT3@0
  CT@0 ;
  CS3 WITH CS4@0
  CS5@0
  UT1@0
  UT2@0
  UT3@0
  CT@0 ;
  CS4 WITH CS5@0
  UT1@0
  UT2@0
  UT3@0
  CT@0 ;
  CS5 WITH UT1@0
  UT2@0
  UT3@0
  CT@0 ;
  UT1 WITH UT2@0
  UT3@0
  CT@0 ;
  UT2 WITH UT3@0
  CT@0 ;
  UT3 WITH CT@0 ;

  ! Variance components
  y11 (err11) ;
  y21 (err21) ;
  y31 (err31) ;
  y12 (err11) ;
  y22 (err21) ;
  y32 (err31) ;
  y13 (err11) ;
  y23 (err21) ;
  y33 (err31) ;
  y14 (err11) ;
  y24 (err21) ;
  y34 (err31) ;
  y15 (err11) ;
  y25 (err21) ;
  y35 (err31) ;
  CS1 (cs_var1) ;
  CS2 (cs_var1) ;
  CS3 (cs_var1) ;
  CS4 (cs_var1) ;
  CS5 (cs_var1) ;
  UT1 (ut_var1) ;
  UT2 (ut_var2) ;
  UT3 (ut_var3) ;
  CT (ct_var) ;



INPUT READING TERMINATED NORMALLY



Your title goes here

SUMMARY OF ANALYSIS

Number of groups                                                 1
Number of observations                                         500

Number of dependent variables                                   15
Number of independent variables                                  0
Number of continuous latent variables                            9

Observed dependent variables

  Continuous
   Y11         Y21         Y31         Y12         Y22         Y32
   Y13         Y23         Y33         Y14         Y24         Y34
   Y15         Y25         Y35

Continuous latent variables
   CS1         CS2         CS3         CS4         CS5         CT
   UT1         UT2         UT3


Estimator                                                       ML
Information matrix                                        OBSERVED
Maximum number of iterations                                 50000
Convergence criterion                                    0.500D-04
Maximum number of steepest descent iterations                   20
Maximum number of iterations for H1                          50000
Convergence criterion for H1                             0.100D-03

Input data file(s)
  Mplus_files_Results/cuts_wide_trunc_n500_i3_nt5_na0.1.dat

Input data format  FREE


SUMMARY OF DATA

     Number of missing data patterns           181


COVARIANCE COVERAGE OF DATA

Minimum covariance coverage value   0.100


     PROPORTION OF DATA PRESENT


           Covariance Coverage
              Y11           Y21           Y31           Y12           Y22
              ________      ________      ________      ________      ________
 Y11            0.902
 Y21            0.790         0.876
 Y31            0.834         0.810         0.922
 Y12            0.808         0.786         0.830         0.902
 Y22            0.826         0.796         0.832         0.820         0.910
 Y32            0.822         0.794         0.838         0.820         0.834
 Y13            0.762         0.752         0.782         0.774         0.776
 Y23            0.794         0.770         0.806         0.792         0.798
 Y33            0.794         0.772         0.818         0.802         0.802
 Y14            0.794         0.778         0.820         0.794         0.816
 Y24            0.810         0.790         0.836         0.810         0.816
 Y34            0.828         0.808         0.852         0.830         0.838
 Y15            0.828         0.802         0.846         0.830         0.836
 Y25            0.820         0.804         0.842         0.828         0.832
 Y35            0.792         0.768         0.816         0.804         0.808


           Covariance Coverage
              Y32           Y13           Y23           Y33           Y14
              ________      ________      ________      ________      ________
 Y32            0.912
 Y13            0.774         0.850
 Y23            0.804         0.750         0.878
 Y33            0.812         0.754         0.778         0.888
 Y14            0.814         0.756         0.790         0.792         0.890
 Y24            0.820         0.766         0.792         0.798         0.806
 Y34            0.846         0.784         0.812         0.824         0.822
 Y15            0.838         0.776         0.812         0.812         0.818
 Y25            0.830         0.782         0.802         0.810         0.816
 Y35            0.812         0.754         0.778         0.782         0.784


           Covariance Coverage
              Y24           Y34           Y15           Y25           Y35
              ________      ________      ________      ________      ________
 Y24            0.902
 Y34            0.830         0.924
 Y15            0.828         0.842         0.918
 Y25            0.824         0.838         0.838         0.914
 Y35            0.796         0.818         0.814         0.806         0.884



UNIVARIATE SAMPLE STATISTICS


     UNIVARIATE HIGHER-ORDER MOMENT DESCRIPTIVE STATISTICS

         Variable/         Mean/     Skewness/   Minimum/ % with                Percentiles
        Sample Size      Variance    Kurtosis    Maximum  Min/Max      20%/60%    40%/80%    Median

     Y11                   1.623       0.334      -4.000    0.44%       0.000      1.000      1.000
             451.000       3.649      -0.108       7.000    0.89%       2.000      3.000
     Y21                   2.112       0.297      -3.000    0.23%       1.000      2.000      2.000
             438.000       2.634      -0.157       7.000    0.68%       2.000      3.000
     Y31                   2.694       0.232      -5.000    0.43%       0.000      2.000      2.000
             461.000       6.646      -0.085      11.000    0.22%       3.000      5.000
     Y12                   1.772       0.354      -4.000    0.22%       0.000      1.000      2.000
             451.000       4.030      -0.231       7.000    1.33%       2.000      4.000
     Y22                   2.196       0.174      -2.000    1.10%       1.000      2.000      2.000
             455.000       2.874      -0.317       7.000    0.66%       3.000      4.000
     Y32                   2.594       0.182      -3.000    1.97%       0.000      2.000      2.000
             456.000       6.145      -0.405       9.000    0.88%       3.000      5.000
     Y13                   1.520       0.027      -4.000    0.71%       0.000      1.000      2.000
             425.000       3.454       0.169       7.000    0.24%       2.000      3.000
     Y23                   2.073       0.211      -2.000    0.68%       1.000      2.000      2.000
             439.000       2.546      -0.237       7.000    0.46%       3.000      3.000
     Y33                   2.552       0.023      -6.000    0.23%       0.000      2.000      2.000
             444.000       5.869       0.012       9.000    0.68%       3.000      5.000
     Y14                   1.849       0.378      -4.000    0.22%       0.000      1.000      2.000
             445.000       3.894       0.291       9.000    0.22%       2.000      3.000
     Y24                   2.193       0.318      -4.000    0.22%       1.000      2.000      2.000
             451.000       2.861      -0.073       8.000    0.22%       3.000      4.000
     Y34                   2.816       0.368      -4.000    0.22%       0.000      2.000      3.000
             462.000       6.167       0.048      11.000    0.22%       3.000      5.000
     Y15                   1.632       0.390      -4.000    0.22%       0.000      1.000      2.000
             459.000       3.165       0.288       8.000    0.22%       2.000      3.000
     Y25                   2.088       0.240      -2.000    0.44%       1.000      2.000      2.000
             457.000       2.614      -0.314       7.000    0.44%       2.000      3.000
     Y35                   2.679       0.426      -4.000    0.23%       0.000      2.000      3.000
             442.000       5.648       0.101      11.000    0.23%       3.000      5.000


THE MODEL ESTIMATION TERMINATED NORMALLY



MODEL FIT INFORMATION

Number of Free Parameters                       15

Loglikelihood

          H0 Value                      -12140.526
          H1 Value                      -12060.665

Information Criteria

          Akaike (AIC)                   24311.053
          Bayesian (BIC)                 24374.272
          Sample-Size Adjusted BIC       24326.661
            (n* = (n + 2) / 24)

Chi-Square Test of Model Fit

          Value                            159.722
          Degrees of Freedom                   120
          P-Value                           0.0090

RMSEA (Root Mean Square Error Of Approximation)

          Estimate                           0.026
          90 Percent C.I.                    0.013  0.036
          Probability RMSEA <= .05           1.000

CFI/TLI

          CFI                                0.990
          TLI                                0.991

Chi-Square Test of Model Fit for the Baseline Model

          Value                           4188.065
          Degrees of Freedom                   105
          P-Value                           0.0000

SRMR (Standardized Root Mean Square Residual)

          Value                              0.046



MODEL RESULTS

                                                    Two-Tailed
                    Estimate       S.E.  Est./S.E.    P-Value

 CS1      BY
    Y11                1.000      0.000    999.000    999.000
    Y21                0.508      0.022     22.722      0.000
    Y31                1.460      0.063     23.346      0.000

 CS2      BY
    Y12                1.000      0.000    999.000    999.000
    Y22                0.508      0.022     22.722      0.000
    Y32                1.460      0.063     23.346      0.000

 CS3      BY
    Y13                1.000      0.000    999.000    999.000
    Y23                0.508      0.022     22.722      0.000
    Y33                1.460      0.063     23.346      0.000

 CS4      BY
    Y14                1.000      0.000    999.000    999.000
    Y24                0.508      0.022     22.722      0.000
    Y34                1.460      0.063     23.346      0.000

 CS5      BY
    Y15                1.000      0.000    999.000    999.000
    Y25                0.508      0.022     22.722      0.000
    Y35                1.460      0.063     23.346      0.000

 CT       BY
    Y11                1.000      0.000    999.000    999.000
    Y21                0.955      0.075     12.709      0.000
    Y31                1.283      0.082     15.635      0.000
    Y12                1.000      0.000    999.000    999.000
    Y22                0.955      0.075     12.709      0.000
    Y32                1.283      0.082     15.635      0.000
    Y13                1.000      0.000    999.000    999.000
    Y23                0.955      0.075     12.709      0.000
    Y33                1.283      0.082     15.635      0.000
    Y14                1.000      0.000    999.000    999.000
    Y24                0.955      0.075     12.709      0.000
    Y34                1.283      0.082     15.635      0.000
    Y15                1.000      0.000    999.000    999.000
    Y25                0.955      0.075     12.709      0.000
    Y35                1.283      0.082     15.635      0.000

 UT1      BY
    Y11                1.000      0.000    999.000    999.000
    Y12                1.000      0.000    999.000    999.000
    Y13                1.000      0.000    999.000    999.000
    Y14                1.000      0.000    999.000    999.000
    Y15                1.000      0.000    999.000    999.000

 UT2      BY
    Y21                1.000      0.000    999.000    999.000
    Y22                1.000      0.000    999.000    999.000
    Y23                1.000      0.000    999.000    999.000
    Y24                1.000      0.000    999.000    999.000
    Y25                1.000      0.000    999.000    999.000

 UT3      BY
    Y31                1.000      0.000    999.000    999.000
    Y32                1.000      0.000    999.000    999.000
    Y33                1.000      0.000    999.000    999.000
    Y34                1.000      0.000    999.000    999.000
    Y35                1.000      0.000    999.000    999.000

 CS1      WITH
    CS2                0.000      0.000    999.000    999.000
    CS3                0.000      0.000    999.000    999.000
    CS4                0.000      0.000    999.000    999.000
    CS5                0.000      0.000    999.000    999.000
    UT1                0.000      0.000    999.000    999.000
    UT2                0.000      0.000    999.000    999.000
    UT3                0.000      0.000    999.000    999.000
    CT                 0.000      0.000    999.000    999.000

 CS2      WITH
    CS3                0.000      0.000    999.000    999.000
    CS4                0.000      0.000    999.000    999.000
    CS5                0.000      0.000    999.000    999.000
    UT1                0.000      0.000    999.000    999.000
    UT2                0.000      0.000    999.000    999.000
    UT3                0.000      0.000    999.000    999.000
    CT                 0.000      0.000    999.000    999.000

 CS3      WITH
    CS4                0.000      0.000    999.000    999.000
    CS5                0.000      0.000    999.000    999.000
    UT1                0.000      0.000    999.000    999.000
    UT2                0.000      0.000    999.000    999.000
    UT3                0.000      0.000    999.000    999.000
    CT                 0.000      0.000    999.000    999.000

 CS4      WITH
    CS5                0.000      0.000    999.000    999.000
    UT1                0.000      0.000    999.000    999.000
    UT2                0.000      0.000    999.000    999.000
    UT3                0.000      0.000    999.000    999.000
    CT                 0.000      0.000    999.000    999.000

 CS5      WITH
    UT1                0.000      0.000    999.000    999.000
    UT2                0.000      0.000    999.000    999.000
    UT3                0.000      0.000    999.000    999.000
    CT                 0.000      0.000    999.000    999.000

 UT1      WITH
    UT2                0.000      0.000    999.000    999.000
    UT3                0.000      0.000    999.000    999.000
    CT                 0.000      0.000    999.000    999.000

 UT2      WITH
    UT3                0.000      0.000    999.000    999.000
    CT                 0.000      0.000    999.000    999.000

 UT3      WITH
    CT                 0.000      0.000    999.000    999.000

 Intercepts
    Y11                1.691      0.060     28.003      0.000
    Y21                2.132      0.063     33.858      0.000
    Y31                2.687      0.074     36.075      0.000
    Y12                1.691      0.060     28.003      0.000
    Y22                2.132      0.063     33.858      0.000
    Y32                2.687      0.074     36.075      0.000
    Y13                1.691      0.060     28.003      0.000
    Y23                2.132      0.063     33.858      0.000
    Y33                2.687      0.074     36.075      0.000
    Y14                1.691      0.060     28.003      0.000
    Y24                2.132      0.063     33.858      0.000
    Y34                2.687      0.074     36.075      0.000
    Y15                1.691      0.060     28.003      0.000
    Y25                2.132      0.063     33.858      0.000
    Y35                2.687      0.074     36.075      0.000

 Variances
    CS1                1.394      0.088     15.879      0.000
    CS2                1.394      0.088     15.879      0.000
    CS3                1.394      0.088     15.879      0.000
    CS4                1.394      0.088     15.879      0.000
    CS5                1.394      0.088     15.879      0.000
    CT                 0.985      0.120      8.224      0.000
    UT1                0.335      0.062      5.423      0.000
    UT2                0.879      0.083     10.573      0.000
    UT3                0.254      0.093      2.737      0.006

 Residual Variances
    Y11                0.936      0.060     15.497      0.000
    Y21                0.565      0.023     24.211      0.000
    Y31                1.250      0.117     10.653      0.000
    Y12                0.936      0.060     15.497      0.000
    Y22                0.565      0.023     24.211      0.000
    Y32                1.250      0.117     10.653      0.000
    Y13                0.936      0.060     15.497      0.000
    Y23                0.565      0.023     24.211      0.000
    Y33                1.250      0.117     10.653      0.000
    Y14                0.936      0.060     15.497      0.000
    Y24                0.565      0.023     24.211      0.000
    Y34                1.250      0.117     10.653      0.000
    Y15                0.936      0.060     15.497      0.000
    Y25                0.565      0.023     24.211      0.000
    Y35                1.250      0.117     10.653      0.000


QUALITY OF NUMERICAL RESULTS

     Condition Number for the Information Matrix              0.121E-01
       (ratio of smallest to largest eigenvalue)


     Beginning Time:  10:34:20
        Ending Time:  10:34:22
       Elapsed Time:  00:00:02



MUTHEN & MUTHEN
3463 Stoner Ave.
Los Angeles, CA  90066

Tel: (310) 391-9971
Fax: (310) 391-8971
Web: www.StatModel.com
Support: Support@StatModel.com

Copyright (c) 1998-2017 Muthen & Muthen
