Mplus VERSION 8
MUTHEN & MUTHEN
02/15/2019   3:06 PM

INPUT INSTRUCTIONS

  TITLE: Your title goes here
  DATA: FILE = "Mplus_files_Results/cuts_long_n50_i3_nt45_na0.dat";
  VARIABLE:
  NAMES = subjn time y1 y2 y3;
  MISSING=.;
  USEVAR = y1
  y2
  y3 ;
  CLUSTER = subjn ;

  ANALYSIS:
  TYPE = TWOLEVEL ;
  ESTIMATOR = ML ;
  ITERATIONS = 50000 ;
  H1ITERATIONS = 50000 ;


  MODEL:

  %WITHIN%

  ! common states
  CS BY y1@1
  y2 (lcs2)
  y3 (lcs3) ;

  %BETWEEN%

  ! common trait
  CT BY y1@1
  y2 (lct2)
  y3 (lct3) ;



INPUT READING TERMINATED NORMALLY



Your title goes here

SUMMARY OF ANALYSIS

Number of groups                                                 1
Number of observations                                        2250

Number of dependent variables                                    3
Number of independent variables                                  0
Number of continuous latent variables                            2

Observed dependent variables

  Continuous
   Y1          Y2          Y3

Continuous latent variables
   CS          CT

Variables with special functions

  Cluster variable      SUBJN

Estimator                                                       ML
Information matrix                                        OBSERVED
Maximum number of iterations                                 50000
Convergence criterion                                    0.100D-05
Maximum number of EM iterations                                500
Convergence criteria for the EM algorithm
  Loglikelihood change                                   0.100D-02
  Relative loglikelihood change                          0.100D-05
  Derivative                                             0.100D-03
Minimum variance                                         0.100D-03
Maximum number of steepest descent iterations                   20
Maximum number of iterations for H1                          50000
Convergence criterion for H1                             0.100D-03
Optimization algorithm                                         EMA

Input data file(s)
  Mplus_files_Results/cuts_long_n50_i3_nt45_na0.dat
Input data format  FREE


SUMMARY OF DATA

     Number of missing data patterns             1
     Number of clusters                         50

     Average cluster size       45.000

     Estimated Intraclass Correlations for the Y Variables

                Intraclass              Intraclass              Intraclass
     Variable  Correlation   Variable  Correlation   Variable  Correlation

     Y1           0.343      Y2           0.656      Y3           0.301



COVARIANCE COVERAGE OF DATA

Minimum covariance coverage value   0.100


     PROPORTION OF DATA PRESENT


           Covariance Coverage
              Y1            Y2            Y3
              ________      ________      ________
 Y1             1.000
 Y2             1.000         1.000
 Y3             1.000         1.000         1.000



UNIVARIATE SAMPLE STATISTICS


     UNIVARIATE HIGHER-ORDER MOMENT DESCRIPTIVE STATISTICS

         Variable/         Mean/     Skewness/   Minimum/ % with                Percentiles
        Sample Size      Variance    Kurtosis    Maximum  Min/Max      20%/60%    40%/80%    Median

     Y1                    2.158       0.027      -5.544    0.04%       0.287      1.598      2.155
            2250.000       4.610      -0.155       8.425    0.04%       2.690      3.995
     Y2                    2.281       0.016      -2.729    0.04%       0.793      1.856      2.267
            2250.000       2.918      -0.302       7.849    0.04%       2.729      3.751
     Y3                    3.099      -0.043      -7.468    0.04%       0.796      2.444      3.125
            2250.000       7.301      -0.124      11.345    0.04%       3.806      5.345


THE MODEL ESTIMATION TERMINATED NORMALLY



MODEL FIT INFORMATION

Number of Free Parameters                       15

Loglikelihood

          H0 Value                      -11657.866
          H1 Value                      -11657.866

Information Criteria

          Akaike (AIC)                   23345.732
          Bayesian (BIC)                 23431.512
          Sample-Size Adjusted BIC       23383.855
            (n* = (n + 2) / 24)

Chi-Square Test of Model Fit

          Value                              0.000
          Degrees of Freedom                     0
          P-Value                           0.0000

RMSEA (Root Mean Square Error Of Approximation)

          Estimate                           0.000

CFI/TLI

          CFI                                1.000
          TLI                                1.000

Chi-Square Test of Model Fit for the Baseline Model

          Value                           2545.024
          Degrees of Freedom                     6
          P-Value                           0.0000

SRMR (Standardized Root Mean Square Residual)

          Value for Within                   0.000
          Value for Between                  0.000



MODEL RESULTS

                                                    Two-Tailed
                    Estimate       S.E.  Est./S.E.    P-Value

Within Level

 CS       BY
    Y1                 1.000      0.000    999.000    999.000
    Y2                 0.492      0.016     31.349      0.000
    Y3                 1.324      0.039     33.755      0.000

 Variances
    CS                 2.021      0.098     20.555      0.000

 Residual Variances
    Y1                 1.009      0.056     17.903      0.000
    Y2                 0.515      0.019     26.690      0.000
    Y3                 1.562      0.096     16.343      0.000

Between Level

 CT       BY
    Y1                 1.000      0.000    999.000    999.000
    Y2                 0.912      0.181      5.036      0.000
    Y3                 1.378      0.229      6.023      0.000

 Intercepts
    Y1                 2.158      0.182     11.891      0.000
    Y2                 2.281      0.197     11.590      0.000
    Y3                 3.099      0.215     14.420      0.000

 Variances
    CT                 1.058      0.337      3.135      0.002

 Residual Variances
    Y1                 0.522      0.173      3.018      0.003
    Y2                 1.035      0.238      4.339      0.000
    Y3                 0.188      0.259      0.726      0.468


QUALITY OF NUMERICAL RESULTS

     Condition Number for the Information Matrix              0.311E-03
       (ratio of smallest to largest eigenvalue)


     Beginning Time:  15:06:00
        Ending Time:  15:06:00
       Elapsed Time:  00:00:00



MUTHEN & MUTHEN
3463 Stoner Ave.
Los Angeles, CA  90066

Tel: (310) 391-9971
Fax: (310) 391-8971
Web: www.StatModel.com
Support: Support@StatModel.com

Copyright (c) 1998-2017 Muthen & Muthen
