Mplus VERSION 8
MUTHEN & MUTHEN
02/18/2019   8:08 PM

INPUT INSTRUCTIONS

  TITLE: Your title goes here
  DATA: FILE = "Mplus_files_Results/cuts_long_trunc_n100_i5_nt60_na0.dat";
  VARIABLE:
  NAMES = subjn time y1 y2 y3 y4 y5;
  MISSING=.;
  USEVAR = y1
  y2
  y3
  y4
  y5 ;
  CLUSTER = subjn ;

  ANALYSIS:
  TYPE = TWOLEVEL ;
  ESTIMATOR = ML ;
  ITERATIONS = 50000 ;
  H1ITERATIONS = 50000 ;


  MODEL:

  %WITHIN%

  ! common states
  CS BY y1@1
  y2 (lcs2)
  y3 (lcs3)
  y4 (lcs4)
  y5 (lcs5) ;

  %BETWEEN%

  ! common trait
  CT BY y1@1
  y2 (lct2)
  y3 (lct3)
  y4 (lct4)
  y5 (lct5) ;



INPUT READING TERMINATED NORMALLY



Your title goes here

SUMMARY OF ANALYSIS

Number of groups                                                 1
Number of observations                                        6000

Number of dependent variables                                    5
Number of independent variables                                  0
Number of continuous latent variables                            2

Observed dependent variables

  Continuous
   Y1          Y2          Y3          Y4          Y5

Continuous latent variables
   CS          CT

Variables with special functions

  Cluster variable      SUBJN

Estimator                                                       ML
Information matrix                                        OBSERVED
Maximum number of iterations                                 50000
Convergence criterion                                    0.100D-05
Maximum number of EM iterations                                500
Convergence criteria for the EM algorithm
  Loglikelihood change                                   0.100D-02
  Relative loglikelihood change                          0.100D-05
  Derivative                                             0.100D-03
Minimum variance                                         0.100D-03
Maximum number of steepest descent iterations                   20
Maximum number of iterations for H1                          50000
Convergence criterion for H1                             0.100D-03
Optimization algorithm                                         EMA

Input data file(s)
  Mplus_files_Results/cuts_long_trunc_n100_i5_nt60_na0.dat
Input data format  FREE


SUMMARY OF DATA

     Number of missing data patterns             1
     Number of clusters                        100

     Average cluster size       60.000

     Estimated Intraclass Correlations for the Y Variables

                Intraclass              Intraclass              Intraclass
     Variable  Correlation   Variable  Correlation   Variable  Correlation

     Y1           0.321      Y2           0.573      Y3           0.279
     Y4           0.404      Y5           0.326



COVARIANCE COVERAGE OF DATA

Minimum covariance coverage value   0.100


     PROPORTION OF DATA PRESENT


           Covariance Coverage
              Y1            Y2            Y3            Y4            Y5
              ________      ________      ________      ________      ________
 Y1             1.000
 Y2             1.000         1.000
 Y3             1.000         1.000         1.000
 Y4             1.000         1.000         1.000         1.000
 Y5             1.000         1.000         1.000         1.000         1.000



UNIVARIATE SAMPLE STATISTICS


     UNIVARIATE HIGHER-ORDER MOMENT DESCRIPTIVE STATISTICS

         Variable/         Mean/     Skewness/   Minimum/ % with                Percentiles
        Sample Size      Variance    Kurtosis    Maximum  Min/Max      20%/60%    40%/80%    Median

     Y1                    1.708       0.288      -5.000    0.03%       0.000      1.000      2.000
            6000.000       3.694      -0.015       8.000    0.28%       2.000      3.000
     Y2                    2.245       0.394      -2.000    0.03%       1.000      2.000      2.000
            6000.000       2.313      -0.032       8.000    0.08%       3.000      3.000
     Y3                    2.724       0.209      -5.000    0.15%       0.000      2.000      3.000
            6000.000       6.013      -0.230      13.000    0.02%       3.000      5.000
     Y4                    3.217       0.100      -2.000    0.07%       2.000      3.000      3.000
            6000.000       3.378      -0.355      10.000    0.02%       4.000      5.000
     Y5                    3.624       0.157      -5.000    0.02%       2.000      3.000      4.000
            6000.000       5.041      -0.190      12.000    0.02%       4.000      6.000


THE MODEL ESTIMATION TERMINATED NORMALLY



MODEL FIT INFORMATION

Number of Free Parameters                       25

Loglikelihood

          H0 Value                      -48959.121
          H1 Value                      -48954.229

Information Criteria

          Akaike (AIC)                   97968.241
          Bayesian (BIC)                 98135.729
          Sample-Size Adjusted BIC       98056.286
            (n* = (n + 2) / 24)

Chi-Square Test of Model Fit

          Value                              9.783
          Degrees of Freedom                    10
          P-Value                           0.4597

RMSEA (Root Mean Square Error Of Approximation)

          Estimate                           0.000

CFI/TLI

          CFI                                1.000
          TLI                                1.000

Chi-Square Test of Model Fit for the Baseline Model

          Value                          14810.010
          Degrees of Freedom                    20
          P-Value                           0.0000

SRMR (Standardized Root Mean Square Residual)

          Value for Within                   0.003
          Value for Between                  0.023



MODEL RESULTS

                                                    Two-Tailed
                    Estimate       S.E.  Est./S.E.    P-Value

Within Level

 CS       BY
    Y1                 1.000      0.000    999.000    999.000
    Y2                 0.526      0.010     52.680      0.000
    Y3                 1.343      0.020     66.748      0.000
    Y4                 0.852      0.014     61.265      0.000
    Y5                 1.180      0.018     66.076      0.000

 Variances
    CS                 1.602      0.045     35.391      0.000

 Residual Variances
    Y1                 0.906      0.022     41.679      0.000
    Y2                 0.545      0.011     48.605      0.000
    Y3                 1.447      0.036     40.007      0.000
    Y4                 0.851      0.019     44.624      0.000
    Y5                 1.166      0.029     40.567      0.000

Between Level

 CT       BY
    Y1                 1.000      0.000    999.000    999.000
    Y2                 0.758      0.120      6.339      0.000
    Y3                 1.285      0.114     11.223      0.000
    Y4                 0.881      0.119      7.402      0.000
    Y5                 1.213      0.117     10.397      0.000

 Intercepts
    Y1                 1.707      0.111     15.411      0.000
    Y2                 2.245      0.116     19.381      0.000
    Y3                 2.724      0.132     20.577      0.000
    Y4                 3.217      0.118     27.202      0.000
    Y5                 3.625      0.130     27.791      0.000

 Variances
    CT                 0.843      0.171      4.933      0.000

 Residual Variances
    Y1                 0.343      0.065      5.291      0.000
    Y2                 0.840      0.127      6.624      0.000
    Y3                 0.288      0.079      3.660      0.000
    Y4                 0.711      0.112      6.339      0.000
    Y5                 0.403      0.087      4.643      0.000


QUALITY OF NUMERICAL RESULTS

     Condition Number for the Information Matrix              0.470E-03
       (ratio of smallest to largest eigenvalue)


     Beginning Time:  20:08:49
        Ending Time:  20:08:49
       Elapsed Time:  00:00:00



MUTHEN & MUTHEN
3463 Stoner Ave.
Los Angeles, CA  90066

Tel: (310) 391-9971
Fax: (310) 391-8971
Web: www.StatModel.com
Support: Support@StatModel.com

Copyright (c) 1998-2017 Muthen & Muthen
