Mplus VERSION 8
MUTHEN & MUTHEN
02/18/2019   4:49 PM

INPUT INSTRUCTIONS

  TITLE: Your title goes here
  DATA: FILE = "Mplus_files_Results/cuts_wide_trunc_n500_i5_nt5_na0.dat";
  VARIABLE:
  NAMES = subjn y11 y21 y31 y41 y51 y12 y22 y32 y42 y52 y13 y23 y33 y43 y53 y14 y24
       y34 y44 y54 y15 y25 y35 y45 y55;
  MISSING=.;
  USEVAR = y11
  y21
  y31
  y41
  y51
  y12
  y22
  y32
  y42
  y52
  y13
  y23
  y33
  y43
  y53
  y14
  y24
  y34
  y44
  y54
  y15
  y25
  y35
  y45
  y55 ;


  ANALYSIS:
  TYPE = GENERAL ;
  ESTIMATOR = ML ;
  ITERATIONS = 50000 ;
  H1ITERATIONS = 50000 ;


  MODEL:

  ! common states
  CS1 BY y11@1
  y21 (lcs21)
  y31 (lcs31)
  y41 (lcs41)
  y51 (lcs51) ;
  CS2 BY y12@1
  y22 (lcs21)
  y32 (lcs31)
  y42 (lcs41)
  y52 (lcs51) ;
  CS3 BY y13@1
  y23 (lcs21)
  y33 (lcs31)
  y43 (lcs41)
  y53 (lcs51) ;
  CS4 BY y14@1
  y24 (lcs21)
  y34 (lcs31)
  y44 (lcs41)
  y54 (lcs51) ;
  CS5 BY y15@1
  y25 (lcs21)
  y35 (lcs31)
  y45 (lcs41)
  y55 (lcs51) ;

  ! common trait
  CT BY y11@1
  y21 (lct21)
  y31 (lct31)
  y41 (lct41)
  y51 (lct51)
  y12@1
  y22 (lct21)
  y32 (lct31)
  y42 (lct41)
  y52 (lct51)
  y13@1
  y23 (lct21)
  y33 (lct31)
  y43 (lct41)
  y53 (lct51)
  y14@1
  y24 (lct21)
  y34 (lct31)
  y44 (lct41)
  y54 (lct51)
  y15@1
  y25 (lct21)
  y35 (lct31)
  y45 (lct41)
  y55 (lct51) ;

  ! unique trait
  UT1 BY y11@1
  y12@1
  y13@1
  y14@1
  y15@1 ;
  UT2 BY y21@1
  y22@1
  y23@1
  y24@1
  y25@1 ;
  UT3 BY y31@1
  y32@1
  y33@1
  y34@1
  y35@1 ;
  UT4 BY y41@1
  y42@1
  y43@1
  y44@1
  y45@1 ;
  UT5 BY y51@1
  y52@1
  y53@1
  y54@1
  y55@1 ;

  ! Intercepts and means
  [y11*] (ins11) ;
  [y21*] (ins21) ;
  [y31*] (ins31) ;
  [y41*] (ins41) ;
  [y51*] (ins51) ;
  [y12*] (ins11) ;
  [y22*] (ins21) ;
  [y32*] (ins31) ;
  [y42*] (ins41) ;
  [y52*] (ins51) ;
  [y13*] (ins11) ;
  [y23*] (ins21) ;
  [y33*] (ins31) ;
  [y43*] (ins41) ;
  [y53*] (ins51) ;
  [y14*] (ins11) ;
  [y24*] (ins21) ;
  [y34*] (ins31) ;
  [y44*] (ins41) ;
  [y54*] (ins51) ;
  [y15*] (ins11) ;
  [y25*] (ins21) ;
  [y35*] (ins31) ;
  [y45*] (ins41) ;
  [y55*] (ins51) ;




  ! Set 0 covariances
  CS1 WITH CS2@0
  CS3@0
  CS4@0
  CS5@0
  UT1@0
  UT2@0
  UT3@0
  UT4@0
  UT5@0
  CT@0 ;
  CS2 WITH CS3@0
  CS4@0
  CS5@0
  UT1@0
  UT2@0
  UT3@0
  UT4@0
  UT5@0
  CT@0 ;
  CS3 WITH CS4@0
  CS5@0
  UT1@0
  UT2@0
  UT3@0
  UT4@0
  UT5@0
  CT@0 ;
  CS4 WITH CS5@0
  UT1@0
  UT2@0
  UT3@0
  UT4@0
  UT5@0
  CT@0 ;
  CS5 WITH UT1@0
  UT2@0
  UT3@0
  UT4@0
  UT5@0
  CT@0 ;
  UT1 WITH UT2@0
  UT3@0
  UT4@0
  UT5@0
  CT@0 ;
  UT2 WITH UT3@0
  UT4@0
  UT5@0
  CT@0 ;
  UT3 WITH UT4@0
  UT5@0
  CT@0 ;
  UT4 WITH UT5@0
  CT@0 ;
  UT5 WITH CT@0 ;

  ! Variance components
  y11 (err11) ;
  y21 (err21) ;
  y31 (err31) ;
  y41 (err41) ;
  y51 (err51) ;
  y12 (err11) ;
  y22 (err21) ;
  y32 (err31) ;
  y42 (err41) ;
  y52 (err51) ;
  y13 (err11) ;
  y23 (err21) ;
  y33 (err31) ;
  y43 (err41) ;
  y53 (err51) ;
  y14 (err11) ;
  y24 (err21) ;
  y34 (err31) ;
  y44 (err41) ;
  y54 (err51) ;
  y15 (err11) ;
  y25 (err21) ;
  y35 (err31) ;
  y45 (err41) ;
  y55 (err51) ;
  CS1 (cs_var1) ;
  CS2 (cs_var1) ;
  CS3 (cs_var1) ;
  CS4 (cs_var1) ;
  CS5 (cs_var1) ;
  UT1 (ut_var1) ;
  UT2 (ut_var2) ;
  UT3 (ut_var3) ;
  UT4 (ut_var4) ;
  UT5 (ut_var5) ;
  CT (ct_var) ;



INPUT READING TERMINATED NORMALLY



Your title goes here

SUMMARY OF ANALYSIS

Number of groups                                                 1
Number of observations                                         500

Number of dependent variables                                   25
Number of independent variables                                  0
Number of continuous latent variables                           11

Observed dependent variables

  Continuous
   Y11         Y21         Y31         Y41         Y51         Y12
   Y22         Y32         Y42         Y52         Y13         Y23
   Y33         Y43         Y53         Y14         Y24         Y34
   Y44         Y54         Y15         Y25         Y35         Y45
   Y55

Continuous latent variables
   CS1         CS2         CS3         CS4         CS5         CT
   UT1         UT2         UT3         UT4         UT5


Estimator                                                       ML
Information matrix                                        OBSERVED
Maximum number of iterations                                 50000
Convergence criterion                                    0.500D-04
Maximum number of steepest descent iterations                   20
Maximum number of iterations for H1                          50000
Convergence criterion for H1                             0.100D-03

Input data file(s)
  Mplus_files_Results/cuts_wide_trunc_n500_i5_nt5_na0.dat

Input data format  FREE


SUMMARY OF DATA

     Number of missing data patterns             1


COVARIANCE COVERAGE OF DATA

Minimum covariance coverage value   0.100


     PROPORTION OF DATA PRESENT


           Covariance Coverage
              Y11           Y21           Y31           Y41           Y51
              ________      ________      ________      ________      ________
 Y11            1.000
 Y21            1.000         1.000
 Y31            1.000         1.000         1.000
 Y41            1.000         1.000         1.000         1.000
 Y51            1.000         1.000         1.000         1.000         1.000
 Y12            1.000         1.000         1.000         1.000         1.000
 Y22            1.000         1.000         1.000         1.000         1.000
 Y32            1.000         1.000         1.000         1.000         1.000
 Y42            1.000         1.000         1.000         1.000         1.000
 Y52            1.000         1.000         1.000         1.000         1.000
 Y13            1.000         1.000         1.000         1.000         1.000
 Y23            1.000         1.000         1.000         1.000         1.000
 Y33            1.000         1.000         1.000         1.000         1.000
 Y43            1.000         1.000         1.000         1.000         1.000
 Y53            1.000         1.000         1.000         1.000         1.000
 Y14            1.000         1.000         1.000         1.000         1.000
 Y24            1.000         1.000         1.000         1.000         1.000
 Y34            1.000         1.000         1.000         1.000         1.000
 Y44            1.000         1.000         1.000         1.000         1.000
 Y54            1.000         1.000         1.000         1.000         1.000
 Y15            1.000         1.000         1.000         1.000         1.000
 Y25            1.000         1.000         1.000         1.000         1.000
 Y35            1.000         1.000         1.000         1.000         1.000
 Y45            1.000         1.000         1.000         1.000         1.000
 Y55            1.000         1.000         1.000         1.000         1.000


           Covariance Coverage
              Y12           Y22           Y32           Y42           Y52
              ________      ________      ________      ________      ________
 Y12            1.000
 Y22            1.000         1.000
 Y32            1.000         1.000         1.000
 Y42            1.000         1.000         1.000         1.000
 Y52            1.000         1.000         1.000         1.000         1.000
 Y13            1.000         1.000         1.000         1.000         1.000
 Y23            1.000         1.000         1.000         1.000         1.000
 Y33            1.000         1.000         1.000         1.000         1.000
 Y43            1.000         1.000         1.000         1.000         1.000
 Y53            1.000         1.000         1.000         1.000         1.000
 Y14            1.000         1.000         1.000         1.000         1.000
 Y24            1.000         1.000         1.000         1.000         1.000
 Y34            1.000         1.000         1.000         1.000         1.000
 Y44            1.000         1.000         1.000         1.000         1.000
 Y54            1.000         1.000         1.000         1.000         1.000
 Y15            1.000         1.000         1.000         1.000         1.000
 Y25            1.000         1.000         1.000         1.000         1.000
 Y35            1.000         1.000         1.000         1.000         1.000
 Y45            1.000         1.000         1.000         1.000         1.000
 Y55            1.000         1.000         1.000         1.000         1.000


           Covariance Coverage
              Y13           Y23           Y33           Y43           Y53
              ________      ________      ________      ________      ________
 Y13            1.000
 Y23            1.000         1.000
 Y33            1.000         1.000         1.000
 Y43            1.000         1.000         1.000         1.000
 Y53            1.000         1.000         1.000         1.000         1.000
 Y14            1.000         1.000         1.000         1.000         1.000
 Y24            1.000         1.000         1.000         1.000         1.000
 Y34            1.000         1.000         1.000         1.000         1.000
 Y44            1.000         1.000         1.000         1.000         1.000
 Y54            1.000         1.000         1.000         1.000         1.000
 Y15            1.000         1.000         1.000         1.000         1.000
 Y25            1.000         1.000         1.000         1.000         1.000
 Y35            1.000         1.000         1.000         1.000         1.000
 Y45            1.000         1.000         1.000         1.000         1.000
 Y55            1.000         1.000         1.000         1.000         1.000


           Covariance Coverage
              Y14           Y24           Y34           Y44           Y54
              ________      ________      ________      ________      ________
 Y14            1.000
 Y24            1.000         1.000
 Y34            1.000         1.000         1.000
 Y44            1.000         1.000         1.000         1.000
 Y54            1.000         1.000         1.000         1.000         1.000
 Y15            1.000         1.000         1.000         1.000         1.000
 Y25            1.000         1.000         1.000         1.000         1.000
 Y35            1.000         1.000         1.000         1.000         1.000
 Y45            1.000         1.000         1.000         1.000         1.000
 Y55            1.000         1.000         1.000         1.000         1.000


           Covariance Coverage
              Y15           Y25           Y35           Y45           Y55
              ________      ________      ________      ________      ________
 Y15            1.000
 Y25            1.000         1.000
 Y35            1.000         1.000         1.000
 Y45            1.000         1.000         1.000         1.000
 Y55            1.000         1.000         1.000         1.000         1.000



UNIVARIATE SAMPLE STATISTICS


     UNIVARIATE HIGHER-ORDER MOMENT DESCRIPTIVE STATISTICS

         Variable/         Mean/     Skewness/   Minimum/ % with                Percentiles
        Sample Size      Variance    Kurtosis    Maximum  Min/Max      20%/60%    40%/80%    Median

     Y11                   1.678       0.676      -4.000    0.20%       0.000      1.000      1.000
             500.000       4.050       0.883      10.000    0.20%       2.000      3.000
     Y21                   2.116       0.371      -2.000    0.20%       1.000      2.000      2.000
             500.000       2.739      -0.418       8.000    0.20%       2.000      4.000
     Y31                   2.610       0.394      -4.000    0.20%       0.000      2.000      2.000
             500.000       6.530       0.145      11.000    0.40%       3.000      5.000
     Y41                   2.994       0.170      -2.000    0.60%       1.000      2.000      3.000
             500.000       3.806      -0.343      10.000    0.20%       3.000      5.000
     Y51                   3.576       0.302      -3.000    0.20%       2.000      3.000      4.000
             500.000       5.564       0.086      12.000    0.20%       4.000      5.000
     Y12                   1.764       0.158      -4.000    0.20%       0.000      1.000      2.000
             500.000       3.428      -0.078       7.000    1.00%       2.000      3.000
     Y22                   2.172       0.166      -2.000    0.60%       1.000      2.000      2.000
             500.000       2.586      -0.377       7.000    0.20%       3.000      4.000
     Y32                   2.758       0.105      -4.000    0.40%       1.000      2.000      3.000
             500.000       5.631      -0.214      10.000    0.40%       4.000      5.000
     Y42                   3.176       0.160      -2.000    0.20%       2.000      3.000      3.000
             500.000       3.873      -0.288       9.000    0.40%       4.000      5.000
     Y52                   3.564      -0.010      -3.000    0.20%       2.000      3.000      4.000
             500.000       4.998      -0.420       9.000    0.80%       4.000      6.000
     Y13                   1.650       0.241      -4.000    0.60%       0.000      1.000      1.000
             500.000       3.904       0.105       8.000    0.20%       2.000      3.000
     Y23                   2.172       0.183      -3.000    0.20%       1.000      2.000      2.000
             500.000       2.614      -0.094       7.000    0.60%       3.000      3.000
     Y33                   2.620       0.258      -4.000    0.40%       0.000      2.000      2.000
             500.000       6.292      -0.095      11.000    0.20%       3.000      5.000
     Y43                   2.996       0.182      -1.000    0.60%       1.000      2.000      3.000
             500.000       3.596      -0.523       8.000    1.00%       3.000      5.000
     Y53                   3.528       0.210      -2.000    0.40%       1.000      3.000      3.000
             500.000       5.441      -0.275      12.000    0.20%       4.000      5.000
     Y14                   1.762       0.414      -4.000    0.20%       0.000      1.000      2.000
             500.000       3.865       0.409      10.000    0.20%       2.000      3.000
     Y24                   2.160       0.322      -2.000    0.40%       1.000      2.000      2.000
             500.000       2.830      -0.220       8.000    0.40%       3.000      4.000
     Y34                   2.790       0.351      -4.000    0.40%       0.000      2.000      3.000
             500.000       6.466      -0.017      11.000    0.40%       3.000      5.000
     Y44                   3.060       0.058      -2.000    0.20%       1.000      3.000      3.000
             500.000       3.728      -0.586       8.000    0.80%       4.000      5.000
     Y54                   3.652       0.183      -2.000    0.80%       2.000      3.000      4.000
             500.000       5.519      -0.272      10.000    0.80%       4.000      6.000
     Y15                   1.636       0.464      -4.000    0.40%       0.000      1.000      1.000
             500.000       3.844       0.268       8.000    0.60%       2.000      3.000
     Y25                   2.048       0.228      -3.000    0.40%       1.000      1.000      2.000
             500.000       2.566      -0.357       6.000    2.00%       3.000      3.000
     Y35                   2.594       0.217      -6.000    0.20%       0.000      2.000      2.000
             500.000       5.669       0.052      10.000    0.20%       3.000      5.000
     Y45                   2.962       0.155      -4.000    0.20%       1.000      2.000      3.000
             500.000       3.629       0.148      10.000    0.20%       3.000      5.000
     Y55                   3.470       0.211      -3.000    0.20%       2.000      3.000      3.000
             500.000       5.205      -0.101      12.000    0.20%       4.000      5.000


THE MODEL ESTIMATION TERMINATED NORMALLY



MODEL FIT INFORMATION

Number of Free Parameters                       25

Loglikelihood

          H0 Value                      -21852.300
          H1 Value                      -21681.586

Information Criteria

          Akaike (AIC)                   43754.600
          Bayesian (BIC)                 43859.965
          Sample-Size Adjusted BIC       43780.614
            (n* = (n + 2) / 24)

Chi-Square Test of Model Fit

          Value                            341.429
          Degrees of Freedom                   325
          P-Value                           0.2547

RMSEA (Root Mean Square Error Of Approximation)

          Estimate                           0.010
          90 Percent C.I.                    0.000  0.020
          Probability RMSEA <= .05           1.000

CFI/TLI

          CFI                                0.998
          TLI                                0.998

Chi-Square Test of Model Fit for the Baseline Model

          Value                           9905.566
          Degrees of Freedom                   300
          P-Value                           0.0000

SRMR (Standardized Root Mean Square Residual)

          Value                              0.041



MODEL RESULTS

                                                    Two-Tailed
                    Estimate       S.E.  Est./S.E.    P-Value

 CS1      BY
    Y11                1.000      0.000    999.000    999.000
    Y21                0.515      0.018     29.221      0.000
    Y31                1.393      0.037     37.984      0.000
    Y41                0.909      0.026     35.060      0.000
    Y51                1.190      0.032     36.648      0.000

 CS2      BY
    Y12                1.000      0.000    999.000    999.000
    Y22                0.515      0.018     29.221      0.000
    Y32                1.393      0.037     37.984      0.000
    Y42                0.909      0.026     35.060      0.000
    Y52                1.190      0.032     36.648      0.000

 CS3      BY
    Y13                1.000      0.000    999.000    999.000
    Y23                0.515      0.018     29.221      0.000
    Y33                1.393      0.037     37.984      0.000
    Y43                0.909      0.026     35.060      0.000
    Y53                1.190      0.032     36.648      0.000

 CS4      BY
    Y14                1.000      0.000    999.000    999.000
    Y24                0.515      0.018     29.221      0.000
    Y34                1.393      0.037     37.984      0.000
    Y44                0.909      0.026     35.060      0.000
    Y54                1.190      0.032     36.648      0.000

 CS5      BY
    Y15                1.000      0.000    999.000    999.000
    Y25                0.515      0.018     29.221      0.000
    Y35                1.393      0.037     37.984      0.000
    Y45                0.909      0.026     35.060      0.000
    Y55                1.190      0.032     36.648      0.000

 CT       BY
    Y11                1.000      0.000    999.000    999.000
    Y21                0.947      0.067     14.181      0.000
    Y31                1.228      0.065     18.862      0.000
    Y41                0.944      0.066     14.343      0.000
    Y51                1.227      0.070     17.415      0.000
    Y12                1.000      0.000    999.000    999.000
    Y22                0.947      0.067     14.181      0.000
    Y32                1.228      0.065     18.862      0.000
    Y42                0.944      0.066     14.343      0.000
    Y52                1.227      0.070     17.415      0.000
    Y13                1.000      0.000    999.000    999.000
    Y23                0.947      0.067     14.181      0.000
    Y33                1.228      0.065     18.862      0.000
    Y43                0.944      0.066     14.343      0.000
    Y53                1.227      0.070     17.415      0.000
    Y14                1.000      0.000    999.000    999.000
    Y24                0.947      0.067     14.181      0.000
    Y34                1.228      0.065     18.862      0.000
    Y44                0.944      0.066     14.343      0.000
    Y54                1.227      0.070     17.415      0.000
    Y15                1.000      0.000    999.000    999.000
    Y25                0.947      0.067     14.181      0.000
    Y35                1.228      0.065     18.862      0.000
    Y45                0.944      0.066     14.343      0.000
    Y55                1.227      0.070     17.415      0.000

 UT1      BY
    Y11                1.000      0.000    999.000    999.000
    Y12                1.000      0.000    999.000    999.000
    Y13                1.000      0.000    999.000    999.000
    Y14                1.000      0.000    999.000    999.000
    Y15                1.000      0.000    999.000    999.000

 UT2      BY
    Y21                1.000      0.000    999.000    999.000
    Y22                1.000      0.000    999.000    999.000
    Y23                1.000      0.000    999.000    999.000
    Y24                1.000      0.000    999.000    999.000
    Y25                1.000      0.000    999.000    999.000

 UT3      BY
    Y31                1.000      0.000    999.000    999.000
    Y32                1.000      0.000    999.000    999.000
    Y33                1.000      0.000    999.000    999.000
    Y34                1.000      0.000    999.000    999.000
    Y35                1.000      0.000    999.000    999.000

 UT4      BY
    Y41                1.000      0.000    999.000    999.000
    Y42                1.000      0.000    999.000    999.000
    Y43                1.000      0.000    999.000    999.000
    Y44                1.000      0.000    999.000    999.000
    Y45                1.000      0.000    999.000    999.000

 UT5      BY
    Y51                1.000      0.000    999.000    999.000
    Y52                1.000      0.000    999.000    999.000
    Y53                1.000      0.000    999.000    999.000
    Y54                1.000      0.000    999.000    999.000
    Y55                1.000      0.000    999.000    999.000

 CS1      WITH
    CS2                0.000      0.000    999.000    999.000
    CS3                0.000      0.000    999.000    999.000
    CS4                0.000      0.000    999.000    999.000
    CS5                0.000      0.000    999.000    999.000
    UT1                0.000      0.000    999.000    999.000
    UT2                0.000      0.000    999.000    999.000
    UT3                0.000      0.000    999.000    999.000
    UT4                0.000      0.000    999.000    999.000
    UT5                0.000      0.000    999.000    999.000
    CT                 0.000      0.000    999.000    999.000

 CS2      WITH
    CS3                0.000      0.000    999.000    999.000
    CS4                0.000      0.000    999.000    999.000
    CS5                0.000      0.000    999.000    999.000
    UT1                0.000      0.000    999.000    999.000
    UT2                0.000      0.000    999.000    999.000
    UT3                0.000      0.000    999.000    999.000
    UT4                0.000      0.000    999.000    999.000
    UT5                0.000      0.000    999.000    999.000
    CT                 0.000      0.000    999.000    999.000

 CS3      WITH
    CS4                0.000      0.000    999.000    999.000
    CS5                0.000      0.000    999.000    999.000
    UT1                0.000      0.000    999.000    999.000
    UT2                0.000      0.000    999.000    999.000
    UT3                0.000      0.000    999.000    999.000
    UT4                0.000      0.000    999.000    999.000
    UT5                0.000      0.000    999.000    999.000
    CT                 0.000      0.000    999.000    999.000

 CS4      WITH
    CS5                0.000      0.000    999.000    999.000
    UT1                0.000      0.000    999.000    999.000
    UT2                0.000      0.000    999.000    999.000
    UT3                0.000      0.000    999.000    999.000
    UT4                0.000      0.000    999.000    999.000
    UT5                0.000      0.000    999.000    999.000
    CT                 0.000      0.000    999.000    999.000

 CS5      WITH
    UT1                0.000      0.000    999.000    999.000
    UT2                0.000      0.000    999.000    999.000
    UT3                0.000      0.000    999.000    999.000
    UT4                0.000      0.000    999.000    999.000
    UT5                0.000      0.000    999.000    999.000
    CT                 0.000      0.000    999.000    999.000

 UT1      WITH
    UT2                0.000      0.000    999.000    999.000
    UT3                0.000      0.000    999.000    999.000
    UT4                0.000      0.000    999.000    999.000
    UT5                0.000      0.000    999.000    999.000
    CT                 0.000      0.000    999.000    999.000

 UT2      WITH
    UT3                0.000      0.000    999.000    999.000
    UT4                0.000      0.000    999.000    999.000
    UT5                0.000      0.000    999.000    999.000
    CT                 0.000      0.000    999.000    999.000

 UT3      WITH
    UT4                0.000      0.000    999.000    999.000
    UT5                0.000      0.000    999.000    999.000
    CT                 0.000      0.000    999.000    999.000

 UT4      WITH
    UT5                0.000      0.000    999.000    999.000
    CT                 0.000      0.000    999.000    999.000

 UT5      WITH
    CT                 0.000      0.000    999.000    999.000

 Intercepts
    Y11                1.698      0.062     27.530      0.000
    Y21                2.134      0.062     34.419      0.000
    Y31                2.674      0.073     36.727      0.000
    Y41                3.038      0.064     47.218      0.000
    Y51                3.558      0.073     48.546      0.000
    Y12                1.698      0.062     27.530      0.000
    Y22                2.134      0.062     34.419      0.000
    Y32                2.674      0.073     36.727      0.000
    Y42                3.038      0.064     47.218      0.000
    Y52                3.558      0.073     48.546      0.000
    Y13                1.698      0.062     27.530      0.000
    Y23                2.134      0.062     34.419      0.000
    Y33                2.674      0.073     36.727      0.000
    Y43                3.038      0.064     47.218      0.000
    Y53                3.558      0.073     48.546      0.000
    Y14                1.698      0.062     27.530      0.000
    Y24                2.134      0.062     34.419      0.000
    Y34                2.674      0.073     36.727      0.000
    Y44                3.038      0.064     47.218      0.000
    Y54                3.558      0.073     48.546      0.000
    Y15                1.698      0.062     27.530      0.000
    Y25                2.134      0.062     34.419      0.000
    Y35                2.674      0.073     36.727      0.000
    Y45                3.038      0.064     47.218      0.000
    Y55                3.558      0.073     48.546      0.000

 Variances
    CS1                1.490      0.074     20.088      0.000
    CS2                1.490      0.074     20.088      0.000
    CS3                1.490      0.074     20.088      0.000
    CS4                1.490      0.074     20.088      0.000
    CS5                1.490      0.074     20.088      0.000
    CT                 1.012      0.118      8.566      0.000
    UT1                0.409      0.048      8.509      0.000
    UT2                0.825      0.072     11.464      0.000
    UT3                0.262      0.055      4.722      0.000
    UT4                0.750      0.066     11.276      0.000
    UT5                0.496      0.064      7.803      0.000

 Residual Variances
    Y11                0.917      0.037     24.515      0.000
    Y21                0.549      0.019     28.524      0.000
    Y31                1.434      0.063     22.901      0.000
    Y41                0.857      0.034     25.392      0.000
    Y51                1.223      0.051     24.117      0.000
    Y12                0.917      0.037     24.515      0.000
    Y22                0.549      0.019     28.524      0.000
    Y32                1.434      0.063     22.901      0.000
    Y42                0.857      0.034     25.392      0.000
    Y52                1.223      0.051     24.117      0.000
    Y13                0.917      0.037     24.515      0.000
    Y23                0.549      0.019     28.524      0.000
    Y33                1.434      0.063     22.901      0.000
    Y43                0.857      0.034     25.392      0.000
    Y53                1.223      0.051     24.117      0.000
    Y14                0.917      0.037     24.515      0.000
    Y24                0.549      0.019     28.524      0.000
    Y34                1.434      0.063     22.901      0.000
    Y44                0.857      0.034     25.392      0.000
    Y54                1.223      0.051     24.117      0.000
    Y15                0.917      0.037     24.515      0.000
    Y25                0.549      0.019     28.524      0.000
    Y35                1.434      0.063     22.901      0.000
    Y45                0.857      0.034     25.392      0.000
    Y55                1.223      0.051     24.117      0.000


QUALITY OF NUMERICAL RESULTS

     Condition Number for the Information Matrix              0.101E-01
       (ratio of smallest to largest eigenvalue)


     Beginning Time:  16:49:31
        Ending Time:  16:49:32
       Elapsed Time:  00:00:01



MUTHEN & MUTHEN
3463 Stoner Ave.
Los Angeles, CA  90066

Tel: (310) 391-9971
Fax: (310) 391-8971
Web: www.StatModel.com
Support: Support@StatModel.com

Copyright (c) 1998-2017 Muthen & Muthen
