Mplus VERSION 8
MUTHEN & MUTHEN
02/18/2019   5:06 PM

INPUT INSTRUCTIONS

  TITLE: Your title goes here
  DATA: FILE = "Mplus_files_Results/cuts_long_trunc_n50_i5_nt30_na0.dat";
  VARIABLE:
  NAMES = subjn time y1 y2 y3 y4 y5;
  MISSING=.;
  USEVAR = y1
  y2
  y3
  y4
  y5 ;
  CLUSTER = subjn ;

  ANALYSIS:
  TYPE = TWOLEVEL ;
  ESTIMATOR = ML ;
  ITERATIONS = 50000 ;
  H1ITERATIONS = 50000 ;


  MODEL:

  %WITHIN%

  ! common states
  CS BY y1@1
  y2 (lcs2)
  y3 (lcs3)
  y4 (lcs4)
  y5 (lcs5) ;

  %BETWEEN%

  ! common trait
  CT BY y1@1
  y2 (lct2)
  y3 (lct3)
  y4 (lct4)
  y5 (lct5) ;



INPUT READING TERMINATED NORMALLY



Your title goes here

SUMMARY OF ANALYSIS

Number of groups                                                 1
Number of observations                                        1500

Number of dependent variables                                    5
Number of independent variables                                  0
Number of continuous latent variables                            2

Observed dependent variables

  Continuous
   Y1          Y2          Y3          Y4          Y5

Continuous latent variables
   CS          CT

Variables with special functions

  Cluster variable      SUBJN

Estimator                                                       ML
Information matrix                                        OBSERVED
Maximum number of iterations                                 50000
Convergence criterion                                    0.100D-05
Maximum number of EM iterations                                500
Convergence criteria for the EM algorithm
  Loglikelihood change                                   0.100D-02
  Relative loglikelihood change                          0.100D-05
  Derivative                                             0.100D-03
Minimum variance                                         0.100D-03
Maximum number of steepest descent iterations                   20
Maximum number of iterations for H1                          50000
Convergence criterion for H1                             0.100D-03
Optimization algorithm                                         EMA

Input data file(s)
  Mplus_files_Results/cuts_long_trunc_n50_i5_nt30_na0.dat
Input data format  FREE


SUMMARY OF DATA

     Number of missing data patterns             1
     Number of clusters                         50

     Average cluster size       30.000

     Estimated Intraclass Correlations for the Y Variables

                Intraclass              Intraclass              Intraclass
     Variable  Correlation   Variable  Correlation   Variable  Correlation

     Y1           0.340      Y2           0.615      Y3           0.253
     Y4           0.366      Y5           0.356



COVARIANCE COVERAGE OF DATA

Minimum covariance coverage value   0.100


     PROPORTION OF DATA PRESENT


           Covariance Coverage
              Y1            Y2            Y3            Y4            Y5
              ________      ________      ________      ________      ________
 Y1             1.000
 Y2             1.000         1.000
 Y3             1.000         1.000         1.000
 Y4             1.000         1.000         1.000         1.000
 Y5             1.000         1.000         1.000         1.000         1.000



UNIVARIATE SAMPLE STATISTICS


     UNIVARIATE HIGHER-ORDER MOMENT DESCRIPTIVE STATISTICS

         Variable/         Mean/     Skewness/   Minimum/ % with                Percentiles
        Sample Size      Variance    Kurtosis    Maximum  Min/Max      20%/60%    40%/80%    Median

     Y1                    1.815       0.449      -4.000    0.07%       0.000      1.000      2.000
            1500.000       3.843      -0.045       9.000    0.13%       2.000      3.000
     Y2                    1.889       0.289      -2.000    0.27%       0.000      1.000      2.000
            1500.000       2.473      -0.568       7.000    0.07%       2.000      3.000
     Y3                    2.737       0.261      -7.000    0.07%       0.000      2.000      3.000
            1500.000       6.100      -0.107      11.000    0.20%       3.000      5.000
     Y4                    3.088       0.112      -2.000    0.20%       2.000      3.000      3.000
            1500.000       3.176      -0.317       9.000    0.13%       4.000      5.000
     Y5                    3.793       0.119      -3.000    0.20%       2.000      3.000      4.000
            1500.000       5.304      -0.160      13.000    0.07%       4.000      6.000


THE MODEL ESTIMATION TERMINATED NORMALLY



MODEL FIT INFORMATION

Number of Free Parameters                       25

Loglikelihood

          H0 Value                      -12388.230
          H1 Value                      -12379.257

Information Criteria

          Akaike (AIC)                   24826.460
          Bayesian (BIC)                 24959.290
          Sample-Size Adjusted BIC       24879.872
            (n* = (n + 2) / 24)

Chi-Square Test of Model Fit

          Value                             17.947
          Degrees of Freedom                    10
          P-Value                           0.0559

RMSEA (Root Mean Square Error Of Approximation)

          Estimate                           0.023

CFI/TLI

          CFI                                0.998
          TLI                                0.996

Chi-Square Test of Model Fit for the Baseline Model

          Value                           3759.458
          Degrees of Freedom                    20
          P-Value                           0.0000

SRMR (Standardized Root Mean Square Residual)

          Value for Within                   0.011
          Value for Between                  0.016



MODEL RESULTS

                                                    Two-Tailed
                    Estimate       S.E.  Est./S.E.    P-Value

Within Level

 CS       BY
    Y1                 1.000      0.000    999.000    999.000
    Y2                 0.517      0.019     26.604      0.000
    Y3                 1.375      0.041     33.433      0.000
    Y4                 0.851      0.028     30.782      0.000
    Y5                 1.130      0.035     32.035      0.000

 Variances
    CS                 1.639      0.093     17.695      0.000

 Residual Variances
    Y1                 0.895      0.044     20.336      0.000
    Y2                 0.515      0.022     23.952      0.000
    Y3                 1.458      0.076     19.245      0.000
    Y4                 0.825      0.038     21.831      0.000
    Y5                 1.320      0.062     21.237      0.000

Between Level

 CT       BY
    Y1                 1.000      0.000    999.000    999.000
    Y2                 0.873      0.178      4.902      0.000
    Y3                 1.324      0.159      8.300      0.000
    Y4                 0.802      0.154      5.196      0.000
    Y5                 1.292      0.178      7.258      0.000

 Intercepts
    Y1                 1.815      0.167     10.872      0.000
    Y2                 1.889      0.176     10.730      0.000
    Y3                 2.737      0.184     14.864      0.000
    Y4                 3.088      0.157     19.688      0.000
    Y5                 3.793      0.200     18.959      0.000

 Variances
    CT                 0.870      0.267      3.261      0.001

 Residual Variances
    Y1                 0.439      0.106      4.152      0.000
    Y2                 0.856      0.181      4.729      0.000
    Y3                 0.019      0.072      0.272      0.786
    Y4                 0.604      0.131      4.613      0.000
    Y5                 0.433      0.121      3.582      0.000


QUALITY OF NUMERICAL RESULTS

     Condition Number for the Information Matrix              0.430E-03
       (ratio of smallest to largest eigenvalue)


     Beginning Time:  17:06:01
        Ending Time:  17:06:01
       Elapsed Time:  00:00:00



MUTHEN & MUTHEN
3463 Stoner Ave.
Los Angeles, CA  90066

Tel: (310) 391-9971
Fax: (310) 391-8971
Web: www.StatModel.com
Support: Support@StatModel.com

Copyright (c) 1998-2017 Muthen & Muthen
