Mplus VERSION 8
MUTHEN & MUTHEN
02/16/2019   9:57 AM

INPUT INSTRUCTIONS

  TITLE: Your title goes here
  DATA: FILE = "Mplus_files_Results/cuts_long_trunc_n50_i4_nt75_na0.dat";
  VARIABLE:
  NAMES = subjn time y1 y2 y3 y4;
  MISSING=.;
  USEVAR = y1
  y2
  y3
  y4 ;
  CLUSTER = subjn ;

  ANALYSIS:
  TYPE = TWOLEVEL ;
  ESTIMATOR = ML ;
  ITERATIONS = 50000 ;
  H1ITERATIONS = 50000 ;


  MODEL:

  %WITHIN%

  ! common states
  CS BY y1@1
  y2 (lcs2)
  y3 (lcs3)
  y4 (lcs4) ;

  %BETWEEN%

  ! common trait
  CT BY y1@1
  y2 (lct2)
  y3 (lct3)
  y4 (lct4) ;



INPUT READING TERMINATED NORMALLY



Your title goes here

SUMMARY OF ANALYSIS

Number of groups                                                 1
Number of observations                                        3750

Number of dependent variables                                    4
Number of independent variables                                  0
Number of continuous latent variables                            2

Observed dependent variables

  Continuous
   Y1          Y2          Y3          Y4

Continuous latent variables
   CS          CT

Variables with special functions

  Cluster variable      SUBJN

Estimator                                                       ML
Information matrix                                        OBSERVED
Maximum number of iterations                                 50000
Convergence criterion                                    0.100D-05
Maximum number of EM iterations                                500
Convergence criteria for the EM algorithm
  Loglikelihood change                                   0.100D-02
  Relative loglikelihood change                          0.100D-05
  Derivative                                             0.100D-03
Minimum variance                                         0.100D-03
Maximum number of steepest descent iterations                   20
Maximum number of iterations for H1                          50000
Convergence criterion for H1                             0.100D-03
Optimization algorithm                                         EMA

Input data file(s)
  Mplus_files_Results/cuts_long_trunc_n50_i4_nt75_na0.dat
Input data format  FREE


SUMMARY OF DATA

     Number of missing data patterns             1
     Number of clusters                         50

     Average cluster size       75.000

     Estimated Intraclass Correlations for the Y Variables

                Intraclass              Intraclass              Intraclass
     Variable  Correlation   Variable  Correlation   Variable  Correlation

     Y1           0.353      Y2           0.620      Y3           0.281
     Y4           0.400



COVARIANCE COVERAGE OF DATA

Minimum covariance coverage value   0.100


     PROPORTION OF DATA PRESENT


           Covariance Coverage
              Y1            Y2            Y3            Y4
              ________      ________      ________      ________
 Y1             1.000
 Y2             1.000         1.000
 Y3             1.000         1.000         1.000
 Y4             1.000         1.000         1.000         1.000



UNIVARIATE SAMPLE STATISTICS


     UNIVARIATE HIGHER-ORDER MOMENT DESCRIPTIVE STATISTICS

         Variable/         Mean/     Skewness/   Minimum/ % with                Percentiles
        Sample Size      Variance    Kurtosis    Maximum  Min/Max      20%/60%    40%/80%    Median

     Y1                    1.817       0.409      -5.000    0.03%       0.000      1.000      2.000
            3750.000       3.772      -0.048       9.000    0.05%       2.000      3.000
     Y2                    1.876       0.275      -2.000    0.40%       0.000      1.000      2.000
            3750.000       2.349      -0.475       7.000    0.11%       2.000      3.000
     Y3                    2.711       0.254      -5.000    0.13%       0.000      2.000      3.000
            3750.000       6.049      -0.138      13.000    0.03%       3.000      5.000
     Y4                    3.053       0.220      -2.000    0.08%       1.000      3.000      3.000
            3750.000       3.369      -0.272      10.000    0.05%       3.000      5.000


THE MODEL ESTIMATION TERMINATED NORMALLY



MODEL FIT INFORMATION

Number of Free Parameters                       20

Loglikelihood

          H0 Value                      -24246.929
          H1 Value                      -24246.631

Information Criteria

          Akaike (AIC)                   48533.859
          Bayesian (BIC)                 48658.449
          Sample-Size Adjusted BIC       48594.899
            (n* = (n + 2) / 24)

Chi-Square Test of Model Fit

          Value                              0.597
          Degrees of Freedom                     4
          P-Value                           0.9634

RMSEA (Root Mean Square Error Of Approximation)

          Estimate                           0.000

CFI/TLI

          CFI                                1.000
          TLI                                1.002

Chi-Square Test of Model Fit for the Baseline Model

          Value                           5944.518
          Degrees of Freedom                    12
          P-Value                           0.0000

SRMR (Standardized Root Mean Square Residual)

          Value for Within                   0.002
          Value for Between                  0.008



MODEL RESULTS

                                                    Two-Tailed
                    Estimate       S.E.  Est./S.E.    P-Value

Within Level

 CS       BY
    Y1                 1.000      0.000    999.000    999.000
    Y2                 0.495      0.013     38.298      0.000
    Y3                 1.376      0.029     47.858      0.000
    Y4                 0.869      0.019     45.168      0.000

 Variances
    CS                 1.535      0.057     26.817      0.000

 Residual Variances
    Y1                 0.905      0.031     29.451      0.000
    Y2                 0.517      0.014     37.452      0.000
    Y3                 1.442      0.053     26.966      0.000
    Y4                 0.864      0.027     32.447      0.000

Between Level

 CT       BY
    Y1                 1.000      0.000    999.000    999.000
    Y2                 0.810      0.177      4.563      0.000
    Y3                 1.358      0.192      7.065      0.000
    Y4                 0.927      0.165      5.617      0.000

 Intercepts
    Y1                 1.817      0.165     10.996      0.000
    Y2                 1.876      0.171     10.947      0.000
    Y3                 2.711      0.188     14.457      0.000
    Y4                 3.053      0.166     18.425      0.000

 Variances
    CT                 0.855      0.266      3.218      0.001

 Residual Variances
    Y1                 0.477      0.124      3.853      0.000
    Y2                 0.896      0.192      4.654      0.000
    Y3                 0.124      0.137      0.901      0.367
    Y4                 0.612      0.141      4.349      0.000


QUALITY OF NUMERICAL RESULTS

     Condition Number for the Information Matrix              0.109E-03
       (ratio of smallest to largest eigenvalue)


     Beginning Time:  09:57:28
        Ending Time:  09:57:28
       Elapsed Time:  00:00:00



MUTHEN & MUTHEN
3463 Stoner Ave.
Los Angeles, CA  90066

Tel: (310) 391-9971
Fax: (310) 391-8971
Web: www.StatModel.com
Support: Support@StatModel.com

Copyright (c) 1998-2017 Muthen & Muthen
