Mplus VERSION 8
MUTHEN & MUTHEN
02/19/2019  10:34 AM

INPUT INSTRUCTIONS

  TITLE: Your title goes here
  DATA: FILE = "Mplus_files_Results/cuts_long_n500_i3_nt5_na0.1.dat";
  VARIABLE:
  NAMES = subjn time y1 y2 y3;
  MISSING=.;
  USEVAR = y1
  y2
  y3 ;
  CLUSTER = subjn ;

  ANALYSIS:
  TYPE = TWOLEVEL ;
  ESTIMATOR = ML ;
  ITERATIONS = 50000 ;
  H1ITERATIONS = 50000 ;


  MODEL:

  %WITHIN%

  ! common states
  CS BY y1@1
  y2 (lcs2)
  y3 (lcs3) ;

  %BETWEEN%

  ! common trait
  CT BY y1@1
  y2 (lct2)
  y3 (lct3) ;



*** WARNING
  Data set contains cases with missing on all variables.
  These cases were not included in the analysis.
  Number of cases with missing on all variables:  1
   1 WARNING(S) FOUND IN THE INPUT INSTRUCTIONS



Your title goes here

SUMMARY OF ANALYSIS

Number of groups                                                 1
Number of observations                                        2499

Number of dependent variables                                    3
Number of independent variables                                  0
Number of continuous latent variables                            2

Observed dependent variables

  Continuous
   Y1          Y2          Y3

Continuous latent variables
   CS          CT

Variables with special functions

  Cluster variable      SUBJN

Estimator                                                       ML
Information matrix                                        OBSERVED
Maximum number of iterations                                 50000
Convergence criterion                                    0.100D-05
Maximum number of EM iterations                                500
Convergence criteria for the EM algorithm
  Loglikelihood change                                   0.100D-02
  Relative loglikelihood change                          0.100D-05
  Derivative                                             0.100D-03
Minimum variance                                         0.100D-03
Maximum number of steepest descent iterations                   20
Maximum number of iterations for H1                          50000
Convergence criterion for H1                             0.100D-03
Optimization algorithm                                         EMA

Input data file(s)
  Mplus_files_Results/cuts_long_n500_i3_nt5_na0.1.dat
Input data format  FREE


SUMMARY OF DATA

     Number of missing data patterns             7
     Number of clusters                        500

     Average cluster size        4.998

     Estimated Intraclass Correlations for the Y Variables

                Intraclass              Intraclass              Intraclass
     Variable  Correlation   Variable  Correlation   Variable  Correlation

     Y1           0.362      Y2           0.682      Y3           0.315



COVARIANCE COVERAGE OF DATA

Minimum covariance coverage value   0.100


     PROPORTION OF DATA PRESENT


           Covariance Coverage
              Y1            Y2            Y3
              ________      ________      ________
 Y1             0.893
 Y2             0.801         0.896
 Y3             0.809         0.812         0.906



UNIVARIATE SAMPLE STATISTICS


     UNIVARIATE HIGHER-ORDER MOMENT DESCRIPTIVE STATISTICS

         Variable/         Mean/     Skewness/   Minimum/ % with                Percentiles
        Sample Size      Variance    Kurtosis    Maximum  Min/Max      20%/60%    40%/80%    Median

     Y1                    2.001      -0.018      -4.901    0.04%       0.180      1.497      2.059
            2231.000       4.579       0.030       9.373    0.04%       2.523      3.748
     Y2                    2.558      -0.041      -4.119    0.04%       1.086      2.155      2.548
            2240.000       3.064       0.075       8.246    0.04%       3.022      4.013
     Y3                    3.041      -0.017      -6.156    0.04%       0.831      2.395      3.041
            2265.000       7.015      -0.002      11.646    0.04%       3.716      5.247


THE MODEL ESTIMATION TERMINATED NORMALLY



MODEL FIT INFORMATION

Number of Free Parameters                       15

Loglikelihood

          H0 Value                      -12499.172
          H1 Value                      -12499.172

Information Criteria

          Akaike (AIC)                   25028.345
          Bayesian (BIC)                 25115.699
          Sample-Size Adjusted BIC       25068.041
            (n* = (n + 2) / 24)

Chi-Square Test of Model Fit

          Value                              0.000
          Degrees of Freedom                     0
          P-Value                           0.0000

RMSEA (Root Mean Square Error Of Approximation)

          Estimate                           0.000

CFI/TLI

          CFI                                1.000
          TLI                                1.000

Chi-Square Test of Model Fit for the Baseline Model

          Value                           2366.347
          Degrees of Freedom                     6
          P-Value                           0.0000

SRMR (Standardized Root Mean Square Residual)

          Value for Within                   0.000
          Value for Between                  0.000



MODEL RESULTS

                                                    Two-Tailed
                    Estimate       S.E.  Est./S.E.    P-Value

Within Level

 CS       BY
    Y1                 1.000      0.000    999.000    999.000
    Y2                 0.483      0.019     25.695      0.000
    Y3                 1.347      0.050     26.924      0.000

 Variances
    CS                 1.868      0.107     17.444      0.000

 Residual Variances
    Y1                 1.060      0.068     15.591      0.000
    Y2                 0.537      0.023     23.639      0.000
    Y3                 1.399      0.115     12.188      0.000

Between Level

 CT       BY
    Y1                 1.000      0.000    999.000    999.000
    Y2                 0.913      0.069     13.183      0.000
    Y3                 1.224      0.074     16.500      0.000

 Intercepts
    Y1                 2.012      0.068     29.715      0.000
    Y2                 2.557      0.068     37.712      0.000
    Y3                 3.059      0.080     38.105      0.000

 Variances
    CT                 1.274      0.151      8.461      0.000

 Residual Variances
    Y1                 0.389      0.074      5.270      0.000
    Y2                 1.024      0.094     10.915      0.000
    Y3                 0.296      0.103      2.888      0.004


QUALITY OF NUMERICAL RESULTS

     Condition Number for the Information Matrix              0.641E-02
       (ratio of smallest to largest eigenvalue)


     Beginning Time:  10:34:15
        Ending Time:  10:34:15
       Elapsed Time:  00:00:00



MUTHEN & MUTHEN
3463 Stoner Ave.
Los Angeles, CA  90066

Tel: (310) 391-9971
Fax: (310) 391-8971
Web: www.StatModel.com
Support: Support@StatModel.com

Copyright (c) 1998-2017 Muthen & Muthen
