Mplus VERSION 8
MUTHEN & MUTHEN
02/15/2019  11:58 PM

INPUT INSTRUCTIONS

  TITLE: Your title goes here
  DATA: FILE = "Mplus_files_Results/cuts_long_trunc_n100_i3_nt120_na0.dat";
  VARIABLE:
  NAMES = subjn time y1 y2 y3;
  MISSING=.;
  USEVAR = y1
  y2
  y3 ;
  CLUSTER = subjn ;

  ANALYSIS:
  TYPE = TWOLEVEL ;
  ESTIMATOR = ML ;
  ITERATIONS = 50000 ;
  H1ITERATIONS = 50000 ;


  MODEL:

  %WITHIN%

  ! common states
  CS BY y1@1
  y2 (lcs2)
  y3 (lcs3) ;

  %BETWEEN%

  ! common trait
  CT BY y1@1
  y2 (lct2)
  y3 (lct3) ;



INPUT READING TERMINATED NORMALLY



Your title goes here

SUMMARY OF ANALYSIS

Number of groups                                                 1
Number of observations                                       12000

Number of dependent variables                                    3
Number of independent variables                                  0
Number of continuous latent variables                            2

Observed dependent variables

  Continuous
   Y1          Y2          Y3

Continuous latent variables
   CS          CT

Variables with special functions

  Cluster variable      SUBJN

Estimator                                                       ML
Information matrix                                        OBSERVED
Maximum number of iterations                                 50000
Convergence criterion                                    0.100D-05
Maximum number of EM iterations                                500
Convergence criteria for the EM algorithm
  Loglikelihood change                                   0.100D-02
  Relative loglikelihood change                          0.100D-05
  Derivative                                             0.100D-03
Minimum variance                                         0.100D-03
Maximum number of steepest descent iterations                   20
Maximum number of iterations for H1                          50000
Convergence criterion for H1                             0.100D-03
Optimization algorithm                                         EMA

Input data file(s)
  Mplus_files_Results/cuts_long_trunc_n100_i3_nt120_na0.dat
Input data format  FREE


SUMMARY OF DATA

     Number of missing data patterns             1
     Number of clusters                        100

     Average cluster size      120.000

     Estimated Intraclass Correlations for the Y Variables

                Intraclass              Intraclass              Intraclass
     Variable  Correlation   Variable  Correlation   Variable  Correlation

     Y1           0.345      Y2           0.582      Y3           0.298



COVARIANCE COVERAGE OF DATA

Minimum covariance coverage value   0.100


     PROPORTION OF DATA PRESENT


           Covariance Coverage
              Y1            Y2            Y3
              ________      ________      ________
 Y1             1.000
 Y2             1.000         1.000
 Y3             1.000         1.000         1.000



UNIVARIATE SAMPLE STATISTICS


     UNIVARIATE HIGHER-ORDER MOMENT DESCRIPTIVE STATISTICS

         Variable/         Mean/     Skewness/   Minimum/ % with                Percentiles
        Sample Size      Variance    Kurtosis    Maximum  Min/Max      20%/60%    40%/80%    Median

     Y1                    1.696       0.308      -5.000    0.03%       0.000      1.000      2.000
           12000.000       3.740      -0.022       9.000    0.03%       2.000      3.000
     Y2                    2.237       0.390      -2.000    0.09%       1.000      2.000      2.000
           12000.000       2.308      -0.028       8.000    0.15%       3.000      3.000
     Y3                    2.745       0.277      -7.000    0.03%       0.000      2.000      3.000
           12000.000       6.236      -0.057      13.000    0.01%       3.000      5.000


THE MODEL ESTIMATION TERMINATED NORMALLY



MODEL FIT INFORMATION

Number of Free Parameters                       15

Loglikelihood

          H0 Value                      -59862.852
          H1 Value                      -59862.852

Information Criteria

          Akaike (AIC)                  119755.703
          Bayesian (BIC)                119866.593
          Sample-Size Adjusted BIC      119818.925
            (n* = (n + 2) / 24)

Chi-Square Test of Model Fit

          Value                              0.000
          Degrees of Freedom                     0
          P-Value                           0.0000

RMSEA (Root Mean Square Error Of Approximation)

          Estimate                           0.000

CFI/TLI

          CFI                                1.000
          TLI                                1.000

Chi-Square Test of Model Fit for the Baseline Model

          Value                          11805.962
          Degrees of Freedom                     6
          P-Value                           0.0000

SRMR (Standardized Root Mean Square Residual)

          Value for Within                   0.000
          Value for Between                  0.000



MODEL RESULTS

                                                    Two-Tailed
                    Estimate       S.E.  Est./S.E.    P-Value

Within Level

 CS       BY
    Y1                 1.000      0.000    999.000    999.000
    Y2                 0.522      0.008     65.630      0.000
    Y3                 1.372      0.020     69.964      0.000

 Variances
    CS                 1.556      0.035     44.758      0.000

 Residual Variances
    Y1                 0.893      0.022     41.220      0.000
    Y2                 0.541      0.009     62.826      0.000
    Y3                 1.451      0.039     36.986      0.000

Between Level

 CT       BY
    Y1                 1.000      0.000    999.000    999.000
    Y2                 0.740      0.109      6.791      0.000
    Y3                 1.204      0.138      8.742      0.000

 Intercepts
    Y1                 1.696      0.115     14.805      0.000
    Y2                 2.237      0.116     19.246      0.000
    Y3                 2.745      0.138     19.952      0.000

 Variances
    CT                 1.018      0.204      4.999      0.000

 Residual Variances
    Y1                 0.273      0.101      2.692      0.007
    Y2                 0.785      0.123      6.387      0.000
    Y3                 0.380      0.146      2.595      0.009


QUALITY OF NUMERICAL RESULTS

     Condition Number for the Information Matrix              0.141E-03
       (ratio of smallest to largest eigenvalue)


     Beginning Time:  23:58:49
        Ending Time:  23:58:50
       Elapsed Time:  00:00:01



MUTHEN & MUTHEN
3463 Stoner Ave.
Los Angeles, CA  90066

Tel: (310) 391-9971
Fax: (310) 391-8971
Web: www.StatModel.com
Support: Support@StatModel.com

Copyright (c) 1998-2017 Muthen & Muthen
