Mplus VERSION 8
MUTHEN & MUTHEN
02/18/2019   8:34 PM

INPUT INSTRUCTIONS

  TITLE: Your title goes here
  DATA: FILE = "Mplus_files_Results/cuts_long_n500_i5_nt60_na0.dat";
  VARIABLE:
  NAMES = subjn time y1 y2 y3 y4 y5;
  MISSING=.;
  USEVAR = y1
  y2
  y3
  y4
  y5 ;
  CLUSTER = subjn ;

  ANALYSIS:
  TYPE = TWOLEVEL ;
  ESTIMATOR = ML ;
  ITERATIONS = 50000 ;
  H1ITERATIONS = 50000 ;


  MODEL:

  %WITHIN%

  ! common states
  CS BY y1@1
  y2 (lcs2)
  y3 (lcs3)
  y4 (lcs4)
  y5 (lcs5) ;

  %BETWEEN%

  ! common trait
  CT BY y1@1
  y2 (lct2)
  y3 (lct3)
  y4 (lct4)
  y5 (lct5) ;



INPUT READING TERMINATED NORMALLY



Your title goes here

SUMMARY OF ANALYSIS

Number of groups                                                 1
Number of observations                                       30000

Number of dependent variables                                    5
Number of independent variables                                  0
Number of continuous latent variables                            2

Observed dependent variables

  Continuous
   Y1          Y2          Y3          Y4          Y5

Continuous latent variables
   CS          CT

Variables with special functions

  Cluster variable      SUBJN

Estimator                                                       ML
Information matrix                                        OBSERVED
Maximum number of iterations                                 50000
Convergence criterion                                    0.100D-05
Maximum number of EM iterations                                500
Convergence criteria for the EM algorithm
  Loglikelihood change                                   0.100D-02
  Relative loglikelihood change                          0.100D-05
  Derivative                                             0.100D-03
Minimum variance                                         0.100D-03
Maximum number of steepest descent iterations                   20
Maximum number of iterations for H1                          50000
Convergence criterion for H1                             0.100D-03
Optimization algorithm                                         EMA

Input data file(s)
  Mplus_files_Results/cuts_long_n500_i5_nt60_na0.dat
Input data format  FREE


SUMMARY OF DATA

     Number of missing data patterns             1
     Number of clusters                        500

     Average cluster size       60.000

     Estimated Intraclass Correlations for the Y Variables

                Intraclass              Intraclass              Intraclass
     Variable  Correlation   Variable  Correlation   Variable  Correlation

     Y1           0.375      Y2           0.667      Y3           0.316
     Y4           0.466      Y5           0.366



COVARIANCE COVERAGE OF DATA

Minimum covariance coverage value   0.100


     PROPORTION OF DATA PRESENT


           Covariance Coverage
              Y1            Y2            Y3            Y4            Y5
              ________      ________      ________      ________      ________
 Y1             1.000
 Y2             1.000         1.000
 Y3             1.000         1.000         1.000
 Y4             1.000         1.000         1.000         1.000
 Y5             1.000         1.000         1.000         1.000         1.000



UNIVARIATE SAMPLE STATISTICS


     UNIVARIATE HIGHER-ORDER MOMENT DESCRIPTIVE STATISTICS

         Variable/         Mean/     Skewness/   Minimum/ % with                Percentiles
        Sample Size      Variance    Kurtosis    Maximum  Min/Max      20%/60%    40%/80%    Median

     Y1                    2.035       0.001      -6.611    0.00%       0.197      1.460      2.038
           30000.000       4.803       0.001      11.980    0.00%       2.592      3.880
     Y2                    2.560      -0.002      -3.995    0.00%       1.098      2.125      2.567
           30000.000       3.016      -0.035       9.101    0.00%       2.997      4.020
     Y3                    3.075       0.010      -6.743    0.00%       0.839      2.387      3.058
           30000.000       7.047      -0.047      13.840    0.00%       3.751      5.333
     Y4                    3.472       0.008      -4.492    0.00%       1.806      2.971      3.470
           30000.000       3.922       0.006      11.976    0.00%       3.978      5.121
     Y5                    4.062       0.010      -5.739    0.00%       2.044      3.448      4.065
           30000.000       5.745      -0.043      13.518    0.00%       4.669      6.073


THE MODEL ESTIMATION TERMINATED NORMALLY



MODEL FIT INFORMATION

Number of Free Parameters                       25

Loglikelihood

          H0 Value                     -246954.748
          H1 Value                     -246944.498

Information Criteria

          Akaike (AIC)                  493959.496
          Bayesian (BIC)                494167.220
          Sample-Size Adjusted BIC      494087.770
            (n* = (n + 2) / 24)

Chi-Square Test of Model Fit

          Value                             20.501
          Degrees of Freedom                    10
          P-Value                           0.0249

RMSEA (Root Mean Square Error Of Approximation)

          Estimate                           0.006

CFI/TLI

          CFI                                1.000
          TLI                                1.000

Chi-Square Test of Model Fit for the Baseline Model

          Value                          82674.727
          Degrees of Freedom                    20
          P-Value                           0.0000

SRMR (Standardized Root Mean Square Residual)

          Value for Within                   0.001
          Value for Between                  0.014



MODEL RESULTS

                                                    Two-Tailed
                    Estimate       S.E.  Est./S.E.    P-Value

Within Level

 CS       BY
    Y1                 1.000      0.000    999.000    999.000
    Y2                 0.504      0.004    130.146      0.000
    Y3                 1.296      0.008    159.507      0.000
    Y4                 0.806      0.005    148.289      0.000
    Y5                 1.107      0.007    156.121      0.000

 Variances
    CS                 1.988      0.024     81.978      0.000

 Residual Variances
    Y1                 1.012      0.011     93.619      0.000
    Y2                 0.499      0.005    107.320      0.000
    Y3                 1.482      0.017     89.489      0.000
    Y4                 0.802      0.008     98.781      0.000
    Y5                 1.206      0.013     92.850      0.000

Between Level

 CT       BY
    Y1                 1.000      0.000    999.000    999.000
    Y2                 0.876      0.049     17.996      0.000
    Y3                 1.210      0.043     27.810      0.000
    Y4                 0.905      0.045     20.164      0.000
    Y5                 1.098      0.045     24.551      0.000

 Intercepts
    Y1                 2.035      0.061     33.435      0.000
    Y2                 2.560      0.064     40.180      0.000
    Y3                 3.075      0.068     45.300      0.000
    Y4                 3.472      0.061     56.873      0.000
    Y5                 4.062      0.066     61.715      0.000

 Variances
    CT                 1.318      0.115     11.441      0.000

 Residual Variances
    Y1                 0.485      0.040     12.266      0.000
    Y2                 1.001      0.070     14.343      0.000
    Y3                 0.295      0.037      7.984      0.000
    Y4                 0.749      0.054     13.928      0.000
    Y5                 0.518      0.044     11.745      0.000


QUALITY OF NUMERICAL RESULTS

     Condition Number for the Information Matrix              0.637E-03
       (ratio of smallest to largest eigenvalue)


     Beginning Time:  20:34:59
        Ending Time:  20:35:01
       Elapsed Time:  00:00:02



MUTHEN & MUTHEN
3463 Stoner Ave.
Los Angeles, CA  90066

Tel: (310) 391-9971
Fax: (310) 391-8971
Web: www.StatModel.com
Support: Support@StatModel.com

Copyright (c) 1998-2017 Muthen & Muthen
