Mplus VERSION 8
MUTHEN & MUTHEN
02/01/2019   2:29 PM

INPUT INSTRUCTIONS

  TITLE: Your title goes here
  DATA: FILE = "Mplus_files_Results/cuts_long_N100_I4_nT100.dat";
  VARIABLE:
  NAMES = subjn time y1 y2 y3 y4;
  MISSING=.;
  USEVAR = y1
  y2
  y3
  y4 ;
  CLUSTER = subjn ;

  ANALYSIS:
  TYPE = TWOLEVEL ;
  ESTIMATOR = ML ;
  ITERATIONS = 5e+05 ;
  H1ITERATIONS = 5e+05 ;


  MODEL:

  %WITHIN%

  ! common states
  CS BY y1@1
  y2 (lcs2)
  y3 (lcs3)
  y4 (lcs4) ;

  %BETWEEN%

  ! common trait
  CT BY y1@1
  y2 (lct2)
  y3 (lct3)
  y4 (lct4) ;



INPUT READING TERMINATED NORMALLY



Your title goes here

SUMMARY OF ANALYSIS

Number of groups                                                 1
Number of observations                                       10000

Number of dependent variables                                    4
Number of independent variables                                  0
Number of continuous latent variables                            2

Observed dependent variables

  Continuous
   Y1          Y2          Y3          Y4

Continuous latent variables
   CS          CT

Variables with special functions

  Cluster variable      SUBJN

Estimator                                                       ML
Information matrix                                        OBSERVED
Maximum number of iterations                                500000
Convergence criterion                                    0.100D-05
Maximum number of EM iterations                                500
Convergence criteria for the EM algorithm
  Loglikelihood change                                   0.100D-02
  Relative loglikelihood change                          0.100D-05
  Derivative                                             0.100D-03
Minimum variance                                         0.100D-03
Maximum number of steepest descent iterations                   20
Maximum number of iterations for H1                         500000
Convergence criterion for H1                             0.100D-03
Optimization algorithm                                         EMA

Input data file(s)
  Mplus_files_Results/cuts_long_N100_I4_nT100.dat
Input data format  FREE


SUMMARY OF DATA

     Number of missing data patterns             1
     Number of clusters                        100

     Average cluster size      100.000

     Estimated Intraclass Correlations for the Y Variables

                Intraclass              Intraclass              Intraclass
     Variable  Correlation   Variable  Correlation   Variable  Correlation

     Y1           0.239      Y2           0.270      Y3           0.294
     Y4           0.345



COVARIANCE COVERAGE OF DATA

Minimum covariance coverage value   0.100


     PROPORTION OF DATA PRESENT


           Covariance Coverage
              Y1            Y2            Y3            Y4
              ________      ________      ________      ________
 Y1             1.000
 Y2             1.000         1.000
 Y3             1.000         1.000         1.000
 Y4             1.000         1.000         1.000         1.000



UNIVARIATE SAMPLE STATISTICS


     UNIVARIATE HIGHER-ORDER MOMENT DESCRIPTIVE STATISTICS

         Variable/         Mean/     Skewness/   Minimum/ % with                Percentiles
        Sample Size      Variance    Kurtosis    Maximum  Min/Max      20%/60%    40%/80%    Median

     Y1                    3.015      -0.024      -6.513    0.01%       0.833      2.369      3.009
           10000.000       6.611      -0.072      12.543    0.01%       3.681      5.228
     Y2                    3.175       0.063      -5.257    0.01%       1.334      2.593      3.127
           10000.000       4.770      -0.020      11.519    0.01%       3.714      5.024
     Y3                    4.013      -0.034      -4.483    0.01%       2.202      3.459      4.015
           10000.000       4.568       0.011      11.321    0.01%       4.558      5.830
     Y4                    3.302      -0.017      -9.067    0.01%       0.769      2.560      3.339
           10000.000       9.090      -0.044      14.027    0.01%       4.071      5.871


THE MODEL ESTIMATION TERMINATED NORMALLY



MODEL FIT INFORMATION

Number of Free Parameters                       20

Loglikelihood

          H0 Value                      -80765.957
          H1 Value                      -80764.106

Information Criteria

          Akaike (AIC)                  161571.914
          Bayesian (BIC)                161716.121
          Sample-Size Adjusted BIC      161652.564
            (n* = (n + 2) / 24)

Chi-Square Test of Model Fit

          Value                              3.703
          Degrees of Freedom                     4
          P-Value                           0.4477

RMSEA (Root Mean Square Error Of Approximation)

          Estimate                           0.000

CFI/TLI

          CFI                                1.000
          TLI                                1.000

Chi-Square Test of Model Fit for the Baseline Model

          Value                          11654.353
          Degrees of Freedom                    12
          P-Value                           0.0000

SRMR (Standardized Root Mean Square Residual)

          Value for Within                   0.003
          Value for Between                  0.016



MODEL RESULTS

                                                    Two-Tailed
                    Estimate       S.E.  Est./S.E.    P-Value

Within Level

 CS       BY
    Y1                 1.000      0.000    999.000    999.000
    Y2                 1.104      0.019     57.852      0.000
    Y3                 0.777      0.016     49.141      0.000
    Y4                 1.219      0.022     54.537      0.000

 Variances
    CS                 2.012      0.063     31.780      0.000

 Residual Variances
    Y1                 3.021      0.051     59.490      0.000
    Y2                 1.031      0.032     32.119      0.000
    Y3                 2.011      0.033     60.433      0.000
    Y4                 2.959      0.056     52.630      0.000

Between Level

 CT       BY
    Y1                 1.000      0.000    999.000    999.000
    Y2                 0.880      0.135      6.532      0.000
    Y3                 0.510      0.120      4.267      0.000
    Y4                 0.967      0.191      5.073      0.000

 Intercepts
    Y1                 3.015      0.128     23.632      0.000
    Y2                 3.175      0.115     27.602      0.000
    Y3                 4.013      0.117     34.219      0.000
    Y4                 3.302      0.179     18.466      0.000

 Variances
    CT                 1.100      0.259      4.247      0.000

 Residual Variances
    Y1                 0.476      0.155      3.065      0.002
    Y2                 0.437      0.124      3.528      0.000
    Y3                 1.057      0.162      6.529      0.000
    Y4                 2.109      0.339      6.214      0.000


QUALITY OF NUMERICAL RESULTS

     Condition Number for the Information Matrix              0.279E-03
       (ratio of smallest to largest eigenvalue)


     Beginning Time:  14:29:01
        Ending Time:  14:29:06
       Elapsed Time:  00:00:05



MUTHEN & MUTHEN
3463 Stoner Ave.
Los Angeles, CA  90066

Tel: (310) 391-9971
Fax: (310) 391-8971
Web: www.StatModel.com
Support: Support@StatModel.com

Copyright (c) 1998-2017 Muthen & Muthen
