Mplus VERSION 8
MUTHEN & MUTHEN
02/15/2019   4:36 PM

INPUT INSTRUCTIONS

  TITLE: Your title goes here
  DATA: FILE = "Mplus_files_Results/cuts_long_trunc_n100_i3_nt60_na0.dat";
  VARIABLE:
  NAMES = subjn time y1 y2 y3;
  MISSING=.;
  USEVAR = y1
  y2
  y3 ;
  CLUSTER = subjn ;

  ANALYSIS:
  TYPE = TWOLEVEL ;
  ESTIMATOR = ML ;
  ITERATIONS = 50000 ;
  H1ITERATIONS = 50000 ;


  MODEL:

  %WITHIN%

  ! common states
  CS BY y1@1
  y2 (lcs2)
  y3 (lcs3) ;

  %BETWEEN%

  ! common trait
  CT BY y1@1
  y2 (lct2)
  y3 (lct3) ;



INPUT READING TERMINATED NORMALLY



Your title goes here

SUMMARY OF ANALYSIS

Number of groups                                                 1
Number of observations                                        6000

Number of dependent variables                                    3
Number of independent variables                                  0
Number of continuous latent variables                            2

Observed dependent variables

  Continuous
   Y1          Y2          Y3

Continuous latent variables
   CS          CT

Variables with special functions

  Cluster variable      SUBJN

Estimator                                                       ML
Information matrix                                        OBSERVED
Maximum number of iterations                                 50000
Convergence criterion                                    0.100D-05
Maximum number of EM iterations                                500
Convergence criteria for the EM algorithm
  Loglikelihood change                                   0.100D-02
  Relative loglikelihood change                          0.100D-05
  Derivative                                             0.100D-03
Minimum variance                                         0.100D-03
Maximum number of steepest descent iterations                   20
Maximum number of iterations for H1                          50000
Convergence criterion for H1                             0.100D-03
Optimization algorithm                                         EMA

Input data file(s)
  Mplus_files_Results/cuts_long_trunc_n100_i3_nt60_na0.dat
Input data format  FREE


SUMMARY OF DATA

     Number of missing data patterns             1
     Number of clusters                        100

     Average cluster size       60.000

     Estimated Intraclass Correlations for the Y Variables

                Intraclass              Intraclass              Intraclass
     Variable  Correlation   Variable  Correlation   Variable  Correlation

     Y1           0.332      Y2           0.578      Y3           0.300



COVARIANCE COVERAGE OF DATA

Minimum covariance coverage value   0.100


     PROPORTION OF DATA PRESENT


           Covariance Coverage
              Y1            Y2            Y3
              ________      ________      ________
 Y1             1.000
 Y2             1.000         1.000
 Y3             1.000         1.000         1.000



UNIVARIATE SAMPLE STATISTICS


     UNIVARIATE HIGHER-ORDER MOMENT DESCRIPTIVE STATISTICS

         Variable/         Mean/     Skewness/   Minimum/ % with                Percentiles
        Sample Size      Variance    Kurtosis    Maximum  Min/Max      20%/60%    40%/80%    Median

     Y1                    1.706       0.308      -5.000    0.03%       0.000      1.000      2.000
            6000.000       3.813       0.218       9.000    0.10%       2.000      3.000
     Y2                    2.239       0.358      -2.000    0.08%       1.000      2.000      2.000
            6000.000       2.298      -0.063       8.000    0.08%       3.000      3.000
     Y3                    2.718       0.250      -7.000    0.02%       0.000      2.000      3.000
            6000.000       6.202      -0.021      15.000    0.02%       3.000      5.000


THE MODEL ESTIMATION TERMINATED NORMALLY



MODEL FIT INFORMATION

Number of Free Parameters                       15

Loglikelihood

          H0 Value                      -30211.814
          H1 Value                      -30211.814

Information Criteria

          Akaike (AIC)                   60453.628
          Bayesian (BIC)                 60554.121
          Sample-Size Adjusted BIC       60506.455
            (n* = (n + 2) / 24)

Chi-Square Test of Model Fit

          Value                              0.000
          Degrees of Freedom                     0
          P-Value                           1.0000

RMSEA (Root Mean Square Error Of Approximation)

          Estimate                           0.000

CFI/TLI

          CFI                                1.000
          TLI                                1.000

Chi-Square Test of Model Fit for the Baseline Model

          Value                           5994.787
          Degrees of Freedom                     6
          P-Value                           0.0000

SRMR (Standardized Root Mean Square Residual)

          Value for Within                   0.000
          Value for Between                  0.000



MODEL RESULTS

                                                    Two-Tailed
                    Estimate       S.E.  Est./S.E.    P-Value

Within Level

 CS       BY
    Y1                 1.000      0.000    999.000    999.000
    Y2                 0.504      0.011     46.413      0.000
    Y3                 1.308      0.026     49.824      0.000

 Variances
    CS                 1.670      0.052     32.167      0.000

 Residual Variances
    Y1                 0.875      0.032     27.419      0.000
    Y2                 0.544      0.012     44.489      0.000
    Y3                 1.482      0.054     27.207      0.000

Between Level

 CT       BY
    Y1                 1.000      0.000    999.000    999.000
    Y2                 0.774      0.118      6.575      0.000
    Y3                 1.283      0.159      8.056      0.000

 Intercepts
    Y1                 1.706      0.114     14.909      0.000
    Y2                 2.239      0.116     19.300      0.000
    Y3                 2.718      0.139     19.539      0.000

 Variances
    CT                 0.922      0.200      4.607      0.000

 Residual Variances
    Y1                 0.345      0.105      3.280      0.001
    Y2                 0.777      0.124      6.246      0.000
    Y3                 0.344      0.160      2.147      0.032


QUALITY OF NUMERICAL RESULTS

     Condition Number for the Information Matrix              0.465E-03
       (ratio of smallest to largest eigenvalue)


     Beginning Time:  16:36:11
        Ending Time:  16:36:11
       Elapsed Time:  00:00:00



MUTHEN & MUTHEN
3463 Stoner Ave.
Los Angeles, CA  90066

Tel: (310) 391-9971
Fax: (310) 391-8971
Web: www.StatModel.com
Support: Support@StatModel.com

Copyright (c) 1998-2017 Muthen & Muthen
