Mplus VERSION 8
MUTHEN & MUTHEN
02/15/2019   3:16 PM

INPUT INSTRUCTIONS

  TITLE: Your title goes here
  DATA: FILE = "Mplus_files_Results/cuts_long_trunc_n100_i3_nt45_na0.dat";
  VARIABLE:
  NAMES = subjn time y1 y2 y3;
  MISSING=.;
  USEVAR = y1
  y2
  y3 ;
  CLUSTER = subjn ;

  ANALYSIS:
  TYPE = TWOLEVEL ;
  ESTIMATOR = ML ;
  ITERATIONS = 50000 ;
  H1ITERATIONS = 50000 ;


  MODEL:

  %WITHIN%

  ! common states
  CS BY y1@1
  y2 (lcs2)
  y3 (lcs3) ;

  %BETWEEN%

  ! common trait
  CT BY y1@1
  y2 (lct2)
  y3 (lct3) ;



INPUT READING TERMINATED NORMALLY



Your title goes here

SUMMARY OF ANALYSIS

Number of groups                                                 1
Number of observations                                        4500

Number of dependent variables                                    3
Number of independent variables                                  0
Number of continuous latent variables                            2

Observed dependent variables

  Continuous
   Y1          Y2          Y3

Continuous latent variables
   CS          CT

Variables with special functions

  Cluster variable      SUBJN

Estimator                                                       ML
Information matrix                                        OBSERVED
Maximum number of iterations                                 50000
Convergence criterion                                    0.100D-05
Maximum number of EM iterations                                500
Convergence criteria for the EM algorithm
  Loglikelihood change                                   0.100D-02
  Relative loglikelihood change                          0.100D-05
  Derivative                                             0.100D-03
Minimum variance                                         0.100D-03
Maximum number of steepest descent iterations                   20
Maximum number of iterations for H1                          50000
Convergence criterion for H1                             0.100D-03
Optimization algorithm                                         EMA

Input data file(s)
  Mplus_files_Results/cuts_long_trunc_n100_i3_nt45_na0.dat
Input data format  FREE


SUMMARY OF DATA

     Number of missing data patterns             1
     Number of clusters                        100

     Average cluster size       45.000

     Estimated Intraclass Correlations for the Y Variables

                Intraclass              Intraclass              Intraclass
     Variable  Correlation   Variable  Correlation   Variable  Correlation

     Y1           0.329      Y2           0.575      Y3           0.281



COVARIANCE COVERAGE OF DATA

Minimum covariance coverage value   0.100


     PROPORTION OF DATA PRESENT


           Covariance Coverage
              Y1            Y2            Y3
              ________      ________      ________
 Y1             1.000
 Y2             1.000         1.000
 Y3             1.000         1.000         1.000



UNIVARIATE SAMPLE STATISTICS


     UNIVARIATE HIGHER-ORDER MOMENT DESCRIPTIVE STATISTICS

         Variable/         Mean/     Skewness/   Minimum/ % with                Percentiles
        Sample Size      Variance    Kurtosis    Maximum  Min/Max      20%/60%    40%/80%    Median

     Y1                    1.699       0.327      -6.000    0.02%       0.000      1.000      2.000
            4500.000       3.724       0.244      10.000    0.02%       2.000      3.000
     Y2                    2.245       0.380      -2.000    0.13%       1.000      2.000      2.000
            4500.000       2.360      -0.080       8.000    0.13%       3.000      4.000
     Y3                    2.709       0.247      -6.000    0.07%       0.000      2.000      3.000
            4500.000       5.983      -0.101      12.000    0.02%       3.000      5.000


THE MODEL ESTIMATION TERMINATED NORMALLY



MODEL FIT INFORMATION

Number of Free Parameters                       15

Loglikelihood

          H0 Value                      -22731.079
          H1 Value                      -22731.079

Information Criteria

          Akaike (AIC)                   45492.159
          Bayesian (BIC)                 45588.336
          Sample-Size Adjusted BIC       45540.672
            (n* = (n + 2) / 24)

Chi-Square Test of Model Fit

          Value                              0.000
          Degrees of Freedom                     0
          P-Value                           0.0000

RMSEA (Root Mean Square Error Of Approximation)

          Estimate                           0.000

CFI/TLI

          CFI                                1.000
          TLI                                1.000

Chi-Square Test of Model Fit for the Baseline Model

          Value                           4572.615
          Degrees of Freedom                     6
          P-Value                           0.0000

SRMR (Standardized Root Mean Square Residual)

          Value for Within                   0.000
          Value for Between                  0.000



MODEL RESULTS

                                                    Two-Tailed
                    Estimate       S.E.  Est./S.E.    P-Value

Within Level

 CS       BY
    Y1                 1.000      0.000    999.000    999.000
    Y2                 0.528      0.013     40.729      0.000
    Y3                 1.336      0.031     43.564      0.000

 Variances
    CS                 1.615      0.058     27.690      0.000

 Residual Variances
    Y1                 0.885      0.036     24.785      0.000
    Y2                 0.553      0.015     38.152      0.000
    Y3                 1.419      0.062     22.888      0.000

Between Level

 CT       BY
    Y1                 1.000      0.000    999.000    999.000
    Y2                 0.786      0.120      6.554      0.000
    Y3                 1.252      0.152      8.230      0.000

 Intercepts
    Y1                 1.699      0.113     15.017      0.000
    Y2                 2.245      0.117     19.110      0.000
    Y3                 2.709      0.133     20.336      0.000

 Variances
    CT                 0.900      0.195      4.616      0.000

 Residual Variances
    Y1                 0.324      0.100      3.229      0.001
    Y2                 0.801      0.128      6.279      0.000
    Y3                 0.268      0.144      1.859      0.063


QUALITY OF NUMERICAL RESULTS

     Condition Number for the Information Matrix              0.861E-03
       (ratio of smallest to largest eigenvalue)


     Beginning Time:  15:16:58
        Ending Time:  15:16:58
       Elapsed Time:  00:00:00



MUTHEN & MUTHEN
3463 Stoner Ave.
Los Angeles, CA  90066

Tel: (310) 391-9971
Fax: (310) 391-8971
Web: www.StatModel.com
Support: Support@StatModel.com

Copyright (c) 1998-2017 Muthen & Muthen
