Mplus VERSION 8
MUTHEN & MUTHEN
02/16/2019   4:40 AM

INPUT INSTRUCTIONS

  TITLE: Your title goes here
  DATA: FILE = "Mplus_files_Results/cuts_long_trunc_n100_i4_nt30_na0.dat";
  VARIABLE:
  NAMES = subjn time y1 y2 y3 y4;
  MISSING=.;
  USEVAR = y1
  y2
  y3
  y4 ;
  CLUSTER = subjn ;

  ANALYSIS:
  TYPE = TWOLEVEL ;
  ESTIMATOR = ML ;
  ITERATIONS = 50000 ;
  H1ITERATIONS = 50000 ;


  MODEL:

  %WITHIN%

  ! common states
  CS BY y1@1
  y2 (lcs2)
  y3 (lcs3)
  y4 (lcs4) ;

  %BETWEEN%

  ! common trait
  CT BY y1@1
  y2 (lct2)
  y3 (lct3)
  y4 (lct4) ;



INPUT READING TERMINATED NORMALLY



Your title goes here

SUMMARY OF ANALYSIS

Number of groups                                                 1
Number of observations                                        3000

Number of dependent variables                                    4
Number of independent variables                                  0
Number of continuous latent variables                            2

Observed dependent variables

  Continuous
   Y1          Y2          Y3          Y4

Continuous latent variables
   CS          CT

Variables with special functions

  Cluster variable      SUBJN

Estimator                                                       ML
Information matrix                                        OBSERVED
Maximum number of iterations                                 50000
Convergence criterion                                    0.100D-05
Maximum number of EM iterations                                500
Convergence criteria for the EM algorithm
  Loglikelihood change                                   0.100D-02
  Relative loglikelihood change                          0.100D-05
  Derivative                                             0.100D-03
Minimum variance                                         0.100D-03
Maximum number of steepest descent iterations                   20
Maximum number of iterations for H1                          50000
Convergence criterion for H1                             0.100D-03
Optimization algorithm                                         EMA

Input data file(s)
  Mplus_files_Results/cuts_long_trunc_n100_i4_nt30_na0.dat
Input data format  FREE


SUMMARY OF DATA

     Number of missing data patterns             1
     Number of clusters                        100

     Average cluster size       30.000

     Estimated Intraclass Correlations for the Y Variables

                Intraclass              Intraclass              Intraclass
     Variable  Correlation   Variable  Correlation   Variable  Correlation

     Y1           0.329      Y2           0.564      Y3           0.279
     Y4           0.390



COVARIANCE COVERAGE OF DATA

Minimum covariance coverage value   0.100


     PROPORTION OF DATA PRESENT


           Covariance Coverage
              Y1            Y2            Y3            Y4
              ________      ________      ________      ________
 Y1             1.000
 Y2             1.000         1.000
 Y3             1.000         1.000         1.000
 Y4             1.000         1.000         1.000         1.000



UNIVARIATE SAMPLE STATISTICS


     UNIVARIATE HIGHER-ORDER MOMENT DESCRIPTIVE STATISTICS

         Variable/         Mean/     Skewness/   Minimum/ % with                Percentiles
        Sample Size      Variance    Kurtosis    Maximum  Min/Max      20%/60%    40%/80%    Median

     Y1                    1.698       0.312      -5.000    0.03%       0.000      1.000      2.000
            3000.000       3.733       0.020       9.000    0.03%       2.000      3.000
     Y2                    2.255       0.356      -3.000    0.03%       1.000      2.000      2.000
            3000.000       2.384      -0.149       8.000    0.03%       3.000      4.000
     Y3                    2.730       0.249      -5.000    0.07%       0.000      2.000      3.000
            3000.000       5.978      -0.212      11.000    0.03%       3.000      5.000
     Y4                    3.234       0.054      -2.000    0.10%       2.000      3.000      3.000
            3000.000       3.345      -0.345       9.000    0.17%       4.000      5.000


THE MODEL ESTIMATION TERMINATED NORMALLY



MODEL FIT INFORMATION

Number of Free Parameters                       20

Loglikelihood

          H0 Value                      -19792.147
          H1 Value                      -19790.578

Information Criteria

          Akaike (AIC)                   39624.294
          Bayesian (BIC)                 39744.422
          Sample-Size Adjusted BIC       39680.874
            (n* = (n + 2) / 24)

Chi-Square Test of Model Fit

          Value                              3.139
          Degrees of Freedom                     4
          P-Value                           0.5348

RMSEA (Root Mean Square Error Of Approximation)

          Estimate                           0.000

CFI/TLI

          CFI                                1.000
          TLI                                1.001

Chi-Square Test of Model Fit for the Baseline Model

          Value                           5064.026
          Degrees of Freedom                    12
          P-Value                           0.0000

SRMR (Standardized Root Mean Square Residual)

          Value for Within                   0.003
          Value for Between                  0.019



MODEL RESULTS

                                                    Two-Tailed
                    Estimate       S.E.  Est./S.E.    P-Value

Within Level

 CS       BY
    Y1                 1.000      0.000    999.000    999.000
    Y2                 0.554      0.015     36.142      0.000
    Y3                 1.369      0.031     43.965      0.000
    Y4                 0.872      0.021     41.204      0.000

 Variances
    CS                 1.576      0.066     23.960      0.000

 Residual Variances
    Y1                 0.928      0.035     26.907      0.000
    Y2                 0.556      0.017     32.537      0.000
    Y3                 1.356      0.057     23.756      0.000
    Y4                 0.843      0.029     28.752      0.000

Between Level

 CT       BY
    Y1                 1.000      0.000    999.000    999.000
    Y2                 0.774      0.130      5.939      0.000
    Y3                 1.306      0.158      8.262      0.000
    Y4                 0.790      0.132      5.977      0.000

 Intercepts
    Y1                 1.698      0.115     14.815      0.000
    Y2                 2.255      0.117     19.195      0.000
    Y3                 2.730      0.135     20.289      0.000
    Y4                 3.234      0.117     27.625      0.000

 Variances
    CT                 0.820      0.190      4.326      0.000

 Residual Variances
    Y1                 0.410      0.096      4.267      0.000
    Y2                 0.854      0.137      6.224      0.000
    Y3                 0.268      0.129      2.071      0.038
    Y4                 0.790      0.127      6.239      0.000


QUALITY OF NUMERICAL RESULTS

     Condition Number for the Information Matrix              0.116E-02
       (ratio of smallest to largest eigenvalue)


     Beginning Time:  04:40:43
        Ending Time:  04:40:43
       Elapsed Time:  00:00:00



MUTHEN & MUTHEN
3463 Stoner Ave.
Los Angeles, CA  90066

Tel: (310) 391-9971
Fax: (310) 391-8971
Web: www.StatModel.com
Support: Support@StatModel.com

Copyright (c) 1998-2017 Muthen & Muthen
