Mplus VERSION 8
MUTHEN & MUTHEN
02/16/2019   4:22 AM

INPUT INSTRUCTIONS

  TITLE: Your title goes here
  DATA: FILE = "Mplus_files_Results/cuts_wide_trunc_n500_i4_nt5_na0.dat";
  VARIABLE:
  NAMES = subjn y11 y21 y31 y41 y12 y22 y32 y42 y13 y23 y33 y43 y14 y24 y34 y44 y15
       y25 y35 y45;
  MISSING=.;
  USEVAR = y11
  y21
  y31
  y41
  y12
  y22
  y32
  y42
  y13
  y23
  y33
  y43
  y14
  y24
  y34
  y44
  y15
  y25
  y35
  y45 ;


  ANALYSIS:
  TYPE = GENERAL ;
  ESTIMATOR = ML ;
  ITERATIONS = 50000 ;
  H1ITERATIONS = 50000 ;


  MODEL:

  ! common states
  CS1 BY y11@1
  y21 (lcs21)
  y31 (lcs31)
  y41 (lcs41) ;
  CS2 BY y12@1
  y22 (lcs21)
  y32 (lcs31)
  y42 (lcs41) ;
  CS3 BY y13@1
  y23 (lcs21)
  y33 (lcs31)
  y43 (lcs41) ;
  CS4 BY y14@1
  y24 (lcs21)
  y34 (lcs31)
  y44 (lcs41) ;
  CS5 BY y15@1
  y25 (lcs21)
  y35 (lcs31)
  y45 (lcs41) ;

  ! common trait
  CT BY y11@1
  y21 (lct21)
  y31 (lct31)
  y41 (lct41)
  y12@1
  y22 (lct21)
  y32 (lct31)
  y42 (lct41)
  y13@1
  y23 (lct21)
  y33 (lct31)
  y43 (lct41)
  y14@1
  y24 (lct21)
  y34 (lct31)
  y44 (lct41)
  y15@1
  y25 (lct21)
  y35 (lct31)
  y45 (lct41) ;

  ! unique trait
  UT1 BY y11@1
  y12@1
  y13@1
  y14@1
  y15@1 ;
  UT2 BY y21@1
  y22@1
  y23@1
  y24@1
  y25@1 ;
  UT3 BY y31@1
  y32@1
  y33@1
  y34@1
  y35@1 ;
  UT4 BY y41@1
  y42@1
  y43@1
  y44@1
  y45@1 ;

  ! Intercepts and means
  [y11*] (ins11) ;
  [y21*] (ins21) ;
  [y31*] (ins31) ;
  [y41*] (ins41) ;
  [y12*] (ins11) ;
  [y22*] (ins21) ;
  [y32*] (ins31) ;
  [y42*] (ins41) ;
  [y13*] (ins11) ;
  [y23*] (ins21) ;
  [y33*] (ins31) ;
  [y43*] (ins41) ;
  [y14*] (ins11) ;
  [y24*] (ins21) ;
  [y34*] (ins31) ;
  [y44*] (ins41) ;
  [y15*] (ins11) ;
  [y25*] (ins21) ;
  [y35*] (ins31) ;
  [y45*] (ins41) ;




  ! Set 0 covariances
  CS1 WITH CS2@0
  CS3@0
  CS4@0
  CS5@0
  UT1@0
  UT2@0
  UT3@0
  UT4@0
  CT@0 ;
  CS2 WITH CS3@0
  CS4@0
  CS5@0
  UT1@0
  UT2@0
  UT3@0
  UT4@0
  CT@0 ;
  CS3 WITH CS4@0
  CS5@0
  UT1@0
  UT2@0
  UT3@0
  UT4@0
  CT@0 ;
  CS4 WITH CS5@0
  UT1@0
  UT2@0
  UT3@0
  UT4@0
  CT@0 ;
  CS5 WITH UT1@0
  UT2@0
  UT3@0
  UT4@0
  CT@0 ;
  UT1 WITH UT2@0
  UT3@0
  UT4@0
  CT@0 ;
  UT2 WITH UT3@0
  UT4@0
  CT@0 ;
  UT3 WITH UT4@0
  CT@0 ;
  UT4 WITH CT@0 ;

  ! Variance components
  y11 (err11) ;
  y21 (err21) ;
  y31 (err31) ;
  y41 (err41) ;
  y12 (err11) ;
  y22 (err21) ;
  y32 (err31) ;
  y42 (err41) ;
  y13 (err11) ;
  y23 (err21) ;
  y33 (err31) ;
  y43 (err41) ;
  y14 (err11) ;
  y24 (err21) ;
  y34 (err31) ;
  y44 (err41) ;
  y15 (err11) ;
  y25 (err21) ;
  y35 (err31) ;
  y45 (err41) ;
  CS1 (cs_var1) ;
  CS2 (cs_var1) ;
  CS3 (cs_var1) ;
  CS4 (cs_var1) ;
  CS5 (cs_var1) ;
  UT1 (ut_var1) ;
  UT2 (ut_var2) ;
  UT3 (ut_var3) ;
  UT4 (ut_var4) ;
  CT (ct_var) ;



INPUT READING TERMINATED NORMALLY



Your title goes here

SUMMARY OF ANALYSIS

Number of groups                                                 1
Number of observations                                         500

Number of dependent variables                                   20
Number of independent variables                                  0
Number of continuous latent variables                           10

Observed dependent variables

  Continuous
   Y11         Y21         Y31         Y41         Y12         Y22
   Y32         Y42         Y13         Y23         Y33         Y43
   Y14         Y24         Y34         Y44         Y15         Y25
   Y35         Y45

Continuous latent variables
   CS1         CS2         CS3         CS4         CS5         CT
   UT1         UT2         UT3         UT4


Estimator                                                       ML
Information matrix                                        OBSERVED
Maximum number of iterations                                 50000
Convergence criterion                                    0.500D-04
Maximum number of steepest descent iterations                   20
Maximum number of iterations for H1                          50000
Convergence criterion for H1                             0.100D-03

Input data file(s)
  Mplus_files_Results/cuts_wide_trunc_n500_i4_nt5_na0.dat

Input data format  FREE


SUMMARY OF DATA

     Number of missing data patterns             1


COVARIANCE COVERAGE OF DATA

Minimum covariance coverage value   0.100


     PROPORTION OF DATA PRESENT


           Covariance Coverage
              Y11           Y21           Y31           Y41           Y12
              ________      ________      ________      ________      ________
 Y11            1.000
 Y21            1.000         1.000
 Y31            1.000         1.000         1.000
 Y41            1.000         1.000         1.000         1.000
 Y12            1.000         1.000         1.000         1.000         1.000
 Y22            1.000         1.000         1.000         1.000         1.000
 Y32            1.000         1.000         1.000         1.000         1.000
 Y42            1.000         1.000         1.000         1.000         1.000
 Y13            1.000         1.000         1.000         1.000         1.000
 Y23            1.000         1.000         1.000         1.000         1.000
 Y33            1.000         1.000         1.000         1.000         1.000
 Y43            1.000         1.000         1.000         1.000         1.000
 Y14            1.000         1.000         1.000         1.000         1.000
 Y24            1.000         1.000         1.000         1.000         1.000
 Y34            1.000         1.000         1.000         1.000         1.000
 Y44            1.000         1.000         1.000         1.000         1.000
 Y15            1.000         1.000         1.000         1.000         1.000
 Y25            1.000         1.000         1.000         1.000         1.000
 Y35            1.000         1.000         1.000         1.000         1.000
 Y45            1.000         1.000         1.000         1.000         1.000


           Covariance Coverage
              Y22           Y32           Y42           Y13           Y23
              ________      ________      ________      ________      ________
 Y22            1.000
 Y32            1.000         1.000
 Y42            1.000         1.000         1.000
 Y13            1.000         1.000         1.000         1.000
 Y23            1.000         1.000         1.000         1.000         1.000
 Y33            1.000         1.000         1.000         1.000         1.000
 Y43            1.000         1.000         1.000         1.000         1.000
 Y14            1.000         1.000         1.000         1.000         1.000
 Y24            1.000         1.000         1.000         1.000         1.000
 Y34            1.000         1.000         1.000         1.000         1.000
 Y44            1.000         1.000         1.000         1.000         1.000
 Y15            1.000         1.000         1.000         1.000         1.000
 Y25            1.000         1.000         1.000         1.000         1.000
 Y35            1.000         1.000         1.000         1.000         1.000
 Y45            1.000         1.000         1.000         1.000         1.000


           Covariance Coverage
              Y33           Y43           Y14           Y24           Y34
              ________      ________      ________      ________      ________
 Y33            1.000
 Y43            1.000         1.000
 Y14            1.000         1.000         1.000
 Y24            1.000         1.000         1.000         1.000
 Y34            1.000         1.000         1.000         1.000         1.000
 Y44            1.000         1.000         1.000         1.000         1.000
 Y15            1.000         1.000         1.000         1.000         1.000
 Y25            1.000         1.000         1.000         1.000         1.000
 Y35            1.000         1.000         1.000         1.000         1.000
 Y45            1.000         1.000         1.000         1.000         1.000


           Covariance Coverage
              Y44           Y15           Y25           Y35           Y45
              ________      ________      ________      ________      ________
 Y44            1.000
 Y15            1.000         1.000
 Y25            1.000         1.000         1.000
 Y35            1.000         1.000         1.000         1.000
 Y45            1.000         1.000         1.000         1.000         1.000



UNIVARIATE SAMPLE STATISTICS


     UNIVARIATE HIGHER-ORDER MOMENT DESCRIPTIVE STATISTICS

         Variable/         Mean/     Skewness/   Minimum/ % with                Percentiles
        Sample Size      Variance    Kurtosis    Maximum  Min/Max      20%/60%    40%/80%    Median

     Y11                   1.730       0.509      -3.000    0.60%       0.000      1.000      1.000
             500.000       3.681      -0.058       8.000    0.20%       2.000      3.000
     Y21                   2.082       0.201      -1.000    2.40%       1.000      2.000      2.000
             500.000       2.403      -0.610       6.000    1.00%       3.000      3.000
     Y31                   2.676       0.116      -5.000    0.60%       0.000      2.000      3.000
             500.000       6.643      -0.131      10.000    0.20%       3.000      5.000
     Y41                   3.000       0.033      -3.000    0.40%       1.000      3.000      3.000
             500.000       3.752      -0.248       8.000    0.80%       3.000      5.000
     Y12                   1.772       0.342      -4.000    0.20%       0.000      1.000      2.000
             500.000       3.924      -0.005       8.000    0.40%       2.000      3.000
     Y22                   2.168       0.276      -3.000    0.20%       1.000      2.000      2.000
             500.000       2.580       0.117       8.000    0.20%       3.000      4.000
     Y32                   2.682       0.294      -4.000    0.80%       0.000      2.000      3.000
             500.000       6.109       0.144      12.000    0.20%       3.000      5.000
     Y42                   3.140       0.198      -1.000    1.00%       1.000      3.000      3.000
             500.000       3.644      -0.366       9.000    0.40%       4.000      5.000
     Y13                   1.628       0.337      -4.000    0.40%       0.000      1.000      1.500
             500.000       3.938       0.347       9.000    0.20%       2.000      3.000
     Y23                   2.114       0.396      -2.000    0.20%       1.000      1.000      2.000
             500.000       2.717      -0.480       7.000    0.40%       2.000      4.000
     Y33                   2.568       0.192      -4.000    0.20%       0.000      2.000      3.000
             500.000       6.037      -0.233      10.000    0.60%       3.000      5.000
     Y43                   2.964       0.192      -3.000    0.20%       1.000      2.000      3.000
             500.000       3.515      -0.183       9.000    0.20%       3.000      5.000
     Y14                   1.804       0.319      -4.000    0.20%       0.000      1.000      2.000
             500.000       3.854      -0.001       8.000    0.20%       2.000      4.000
     Y24                   2.120       0.421      -2.000    0.40%       1.000      2.000      2.000
             500.000       2.738      -0.080       8.000    0.20%       2.000      3.000
     Y34                   2.870       0.299      -6.000    0.20%       1.000      2.000      3.000
             500.000       6.081       0.557      13.000    0.20%       3.000      5.000
     Y44                   3.032       0.222      -2.000    0.20%       1.000      2.000      3.000
             500.000       3.639      -0.348       9.000    0.20%       3.000      5.000
     Y15                   1.602       0.491      -4.000    0.20%       0.000      1.000      1.000
             500.000       3.904       0.162       8.000    0.20%       2.000      3.000
     Y25                   2.084       0.161      -3.000    0.20%       1.000      2.000      2.000
             500.000       2.753      -0.397       7.000    0.20%       3.000      4.000
     Y35                   2.612       0.292      -3.000    1.80%       0.000      2.000      3.000
             500.000       6.061      -0.025      11.000    0.20%       3.000      5.000
     Y45                   2.974       0.157      -3.000    0.20%       1.000      2.000      3.000
             500.000       3.949      -0.430       8.000    1.60%       4.000      5.000


THE MODEL ESTIMATION TERMINATED NORMALLY



MODEL FIT INFORMATION

Number of Free Parameters                       20

Loglikelihood

          H0 Value                      -17384.748
          H1 Value                      -17270.260

Information Criteria

          Akaike (AIC)                   34809.497
          Bayesian (BIC)                 34893.789
          Sample-Size Adjusted BIC       34830.308
            (n* = (n + 2) / 24)

Chi-Square Test of Model Fit

          Value                            228.977
          Degrees of Freedom                   210
          P-Value                           0.1757

RMSEA (Root Mean Square Error Of Approximation)

          Estimate                           0.013
          90 Percent C.I.                    0.000  0.024
          Probability RMSEA <= .05           1.000

CFI/TLI

          CFI                                0.997
          TLI                                0.998

Chi-Square Test of Model Fit for the Baseline Model

          Value                           7459.111
          Degrees of Freedom                   190
          P-Value                           0.0000

SRMR (Standardized Root Mean Square Residual)

          Value                              0.034



MODEL RESULTS

                                                    Two-Tailed
                    Estimate       S.E.  Est./S.E.    P-Value

 CS1      BY
    Y11                1.000      0.000    999.000    999.000
    Y21                0.510      0.017     29.324      0.000
    Y31                1.314      0.036     36.124      0.000
    Y41                0.864      0.025     34.395      0.000

 CS2      BY
    Y12                1.000      0.000    999.000    999.000
    Y22                0.510      0.017     29.324      0.000
    Y32                1.314      0.036     36.124      0.000
    Y42                0.864      0.025     34.395      0.000

 CS3      BY
    Y13                1.000      0.000    999.000    999.000
    Y23                0.510      0.017     29.324      0.000
    Y33                1.314      0.036     36.124      0.000
    Y43                0.864      0.025     34.395      0.000

 CS4      BY
    Y14                1.000      0.000    999.000    999.000
    Y24                0.510      0.017     29.324      0.000
    Y34                1.314      0.036     36.124      0.000
    Y44                0.864      0.025     34.395      0.000

 CS5      BY
    Y15                1.000      0.000    999.000    999.000
    Y25                0.510      0.017     29.324      0.000
    Y35                1.314      0.036     36.124      0.000
    Y45                0.864      0.025     34.395      0.000

 CT       BY
    Y11                1.000      0.000    999.000    999.000
    Y21                0.820      0.064     12.882      0.000
    Y31                1.266      0.067     18.881      0.000
    Y41                0.982      0.065     15.155      0.000
    Y12                1.000      0.000    999.000    999.000
    Y22                0.820      0.064     12.882      0.000
    Y32                1.266      0.067     18.881      0.000
    Y42                0.982      0.065     15.155      0.000
    Y13                1.000      0.000    999.000    999.000
    Y23                0.820      0.064     12.882      0.000
    Y33                1.266      0.067     18.881      0.000
    Y43                0.982      0.065     15.155      0.000
    Y14                1.000      0.000    999.000    999.000
    Y24                0.820      0.064     12.882      0.000
    Y34                1.266      0.067     18.881      0.000
    Y44                0.982      0.065     15.155      0.000
    Y15                1.000      0.000    999.000    999.000
    Y25                0.820      0.064     12.882      0.000
    Y35                1.266      0.067     18.881      0.000
    Y45                0.982      0.065     15.155      0.000

 UT1      BY
    Y11                1.000      0.000    999.000    999.000
    Y12                1.000      0.000    999.000    999.000
    Y13                1.000      0.000    999.000    999.000
    Y14                1.000      0.000    999.000    999.000
    Y15                1.000      0.000    999.000    999.000

 UT2      BY
    Y21                1.000      0.000    999.000    999.000
    Y22                1.000      0.000    999.000    999.000
    Y23                1.000      0.000    999.000    999.000
    Y24                1.000      0.000    999.000    999.000
    Y25                1.000      0.000    999.000    999.000

 UT3      BY
    Y31                1.000      0.000    999.000    999.000
    Y32                1.000      0.000    999.000    999.000
    Y33                1.000      0.000    999.000    999.000
    Y34                1.000      0.000    999.000    999.000
    Y35                1.000      0.000    999.000    999.000

 UT4      BY
    Y41                1.000      0.000    999.000    999.000
    Y42                1.000      0.000    999.000    999.000
    Y43                1.000      0.000    999.000    999.000
    Y44                1.000      0.000    999.000    999.000
    Y45                1.000      0.000    999.000    999.000

 CS1      WITH
    CS2                0.000      0.000    999.000    999.000
    CS3                0.000      0.000    999.000    999.000
    CS4                0.000      0.000    999.000    999.000
    CS5                0.000      0.000    999.000    999.000
    UT1                0.000      0.000    999.000    999.000
    UT2                0.000      0.000    999.000    999.000
    UT3                0.000      0.000    999.000    999.000
    UT4                0.000      0.000    999.000    999.000
    CT                 0.000      0.000    999.000    999.000

 CS2      WITH
    CS3                0.000      0.000    999.000    999.000
    CS4                0.000      0.000    999.000    999.000
    CS5                0.000      0.000    999.000    999.000
    UT1                0.000      0.000    999.000    999.000
    UT2                0.000      0.000    999.000    999.000
    UT3                0.000      0.000    999.000    999.000
    UT4                0.000      0.000    999.000    999.000
    CT                 0.000      0.000    999.000    999.000

 CS3      WITH
    CS4                0.000      0.000    999.000    999.000
    CS5                0.000      0.000    999.000    999.000
    UT1                0.000      0.000    999.000    999.000
    UT2                0.000      0.000    999.000    999.000
    UT3                0.000      0.000    999.000    999.000
    UT4                0.000      0.000    999.000    999.000
    CT                 0.000      0.000    999.000    999.000

 CS4      WITH
    CS5                0.000      0.000    999.000    999.000
    UT1                0.000      0.000    999.000    999.000
    UT2                0.000      0.000    999.000    999.000
    UT3                0.000      0.000    999.000    999.000
    UT4                0.000      0.000    999.000    999.000
    CT                 0.000      0.000    999.000    999.000

 CS5      WITH
    UT1                0.000      0.000    999.000    999.000
    UT2                0.000      0.000    999.000    999.000
    UT3                0.000      0.000    999.000    999.000
    UT4                0.000      0.000    999.000    999.000
    CT                 0.000      0.000    999.000    999.000

 UT1      WITH
    UT2                0.000      0.000    999.000    999.000
    UT3                0.000      0.000    999.000    999.000
    UT4                0.000      0.000    999.000    999.000
    CT                 0.000      0.000    999.000    999.000

 UT2      WITH
    UT3                0.000      0.000    999.000    999.000
    UT4                0.000      0.000    999.000    999.000
    CT                 0.000      0.000    999.000    999.000

 UT3      WITH
    UT4                0.000      0.000    999.000    999.000
    CT                 0.000      0.000    999.000    999.000

 UT4      WITH
    CT                 0.000      0.000    999.000    999.000

 Intercepts
    Y11                1.707      0.062     27.476      0.000
    Y21                2.114      0.061     34.492      0.000
    Y31                2.682      0.075     35.845      0.000
    Y41                3.022      0.065     46.631      0.000
    Y12                1.707      0.062     27.476      0.000
    Y22                2.114      0.061     34.492      0.000
    Y32                2.682      0.075     35.845      0.000
    Y42                3.022      0.065     46.631      0.000
    Y13                1.707      0.062     27.476      0.000
    Y23                2.114      0.061     34.492      0.000
    Y33                2.682      0.075     35.845      0.000
    Y43                3.022      0.065     46.631      0.000
    Y14                1.707      0.062     27.476      0.000
    Y24                2.114      0.061     34.492      0.000
    Y34                2.682      0.075     35.845      0.000
    Y44                3.022      0.065     46.631      0.000
    Y15                1.707      0.062     27.476      0.000
    Y25                2.114      0.061     34.492      0.000
    Y35                2.682      0.075     35.845      0.000
    Y45                3.022      0.065     46.631      0.000

 Variances
    CS1                1.596      0.078     20.440      0.000
    CS2                1.596      0.078     20.440      0.000
    CS3                1.596      0.078     20.440      0.000
    CS4                1.596      0.078     20.440      0.000
    CS5                1.596      0.078     20.440      0.000
    CT                 1.072      0.123      8.738      0.000
    UT1                0.373      0.051      7.363      0.000
    UT2                0.966      0.079     12.285      0.000
    UT3                0.232      0.068      3.439      0.001
    UT4                0.664      0.065     10.201      0.000

 Residual Variances
    Y11                0.829      0.040     20.762      0.000
    Y21                0.543      0.020     27.469      0.000
    Y31                1.484      0.070     21.206      0.000
    Y41                0.821      0.035     23.518      0.000
    Y12                0.829      0.040     20.762      0.000
    Y22                0.543      0.020     27.469      0.000
    Y32                1.484      0.070     21.206      0.000
    Y42                0.821      0.035     23.518      0.000
    Y13                0.829      0.040     20.762      0.000
    Y23                0.543      0.020     27.469      0.000
    Y33                1.484      0.070     21.206      0.000
    Y43                0.821      0.035     23.518      0.000
    Y14                0.829      0.040     20.762      0.000
    Y24                0.543      0.020     27.469      0.000
    Y34                1.484      0.070     21.206      0.000
    Y44                0.821      0.035     23.518      0.000
    Y15                0.829      0.040     20.762      0.000
    Y25                0.543      0.020     27.469      0.000
    Y35                1.484      0.070     21.206      0.000
    Y45                0.821      0.035     23.518      0.000


QUALITY OF NUMERICAL RESULTS

     Condition Number for the Information Matrix              0.103E-01
       (ratio of smallest to largest eigenvalue)


     Beginning Time:  04:22:14
        Ending Time:  04:22:15
       Elapsed Time:  00:00:01



MUTHEN & MUTHEN
3463 Stoner Ave.
Los Angeles, CA  90066

Tel: (310) 391-9971
Fax: (310) 391-8971
Web: www.StatModel.com
Support: Support@StatModel.com

Copyright (c) 1998-2017 Muthen & Muthen
