Mplus VERSION 8
MUTHEN & MUTHEN
02/15/2019   2:39 PM

INPUT INSTRUCTIONS

  TITLE: Your title goes here
  DATA: FILE = "Mplus_files_Results/cuts_long_n100_i3_nt5_na0.dat";
  VARIABLE:
  NAMES = subjn time y1 y2 y3;
  MISSING=.;
  USEVAR = y1
  y2
  y3 ;
  CLUSTER = subjn ;

  ANALYSIS:
  TYPE = TWOLEVEL ;
  ESTIMATOR = ML ;
  ITERATIONS = 50000 ;
  H1ITERATIONS = 50000 ;


  MODEL:

  %WITHIN%

  ! common states
  CS BY y1@1
  y2 (lcs2)
  y3 (lcs3) ;

  %BETWEEN%

  ! common trait
  CT BY y1@1
  y2 (lct2)
  y3 (lct3) ;



INPUT READING TERMINATED NORMALLY



Your title goes here

SUMMARY OF ANALYSIS

Number of groups                                                 1
Number of observations                                         500

Number of dependent variables                                    3
Number of independent variables                                  0
Number of continuous latent variables                            2

Observed dependent variables

  Continuous
   Y1          Y2          Y3

Continuous latent variables
   CS          CT

Variables with special functions

  Cluster variable      SUBJN

Estimator                                                       ML
Information matrix                                        OBSERVED
Maximum number of iterations                                 50000
Convergence criterion                                    0.100D-05
Maximum number of EM iterations                                500
Convergence criteria for the EM algorithm
  Loglikelihood change                                   0.100D-02
  Relative loglikelihood change                          0.100D-05
  Derivative                                             0.100D-03
Minimum variance                                         0.100D-03
Maximum number of steepest descent iterations                   20
Maximum number of iterations for H1                          50000
Convergence criterion for H1                             0.100D-03
Optimization algorithm                                         EMA

Input data file(s)
  Mplus_files_Results/cuts_long_n100_i3_nt5_na0.dat
Input data format  FREE


SUMMARY OF DATA

     Number of missing data patterns             1
     Number of clusters                        100

     Average cluster size        5.000

     Estimated Intraclass Correlations for the Y Variables

                Intraclass              Intraclass              Intraclass
     Variable  Correlation   Variable  Correlation   Variable  Correlation

     Y1           0.382      Y2           0.558      Y3           0.295



COVARIANCE COVERAGE OF DATA

Minimum covariance coverage value   0.100


     PROPORTION OF DATA PRESENT


           Covariance Coverage
              Y1            Y2            Y3
              ________      ________      ________
 Y1             1.000
 Y2             1.000         1.000
 Y3             1.000         1.000         1.000



UNIVARIATE SAMPLE STATISTICS


     UNIVARIATE HIGHER-ORDER MOMENT DESCRIPTIVE STATISTICS

         Variable/         Mean/     Skewness/   Minimum/ % with                Percentiles
        Sample Size      Variance    Kurtosis    Maximum  Min/Max      20%/60%    40%/80%    Median

     Y1                    2.071       0.147      -4.090    0.20%       0.229      1.533      2.083
             500.000       5.005       0.289       9.535    0.20%       2.524      3.802
     Y2                    2.769       0.221      -1.228    0.20%       1.454      2.362      2.730
             500.000       2.481       0.207       7.917    0.20%       3.147      3.942
     Y3                    3.103       0.067      -6.433    0.20%       0.887      2.428      3.152
             500.000       7.107       0.343      11.230    0.20%       3.672      5.367


THE MODEL ESTIMATION TERMINATED NORMALLY



MODEL FIT INFORMATION

Number of Free Parameters                       15

Loglikelihood

          H0 Value                       -2750.506
          H1 Value                       -2750.506

Information Criteria

          Akaike (AIC)                    5531.012
          Bayesian (BIC)                  5594.231
          Sample-Size Adjusted BIC        5546.620
            (n* = (n + 2) / 24)

Chi-Square Test of Model Fit

          Value                              0.000
          Degrees of Freedom                     0
          P-Value                           1.0000

RMSEA (Root Mean Square Error Of Approximation)

          Estimate                           0.000

CFI/TLI

          CFI                                1.000
          TLI                                1.000

Chi-Square Test of Model Fit for the Baseline Model

          Value                            625.271
          Degrees of Freedom                     6
          P-Value                           0.0000

SRMR (Standardized Root Mean Square Residual)

          Value for Within                   0.000
          Value for Between                  0.000



MODEL RESULTS

                                                    Two-Tailed
                    Estimate       S.E.  Est./S.E.    P-Value

Within Level

 CS       BY
    Y1                 1.000      0.000    999.000    999.000
    Y2                 0.508      0.038     13.343      0.000
    Y3                 1.483      0.101     14.667      0.000

 Variances
    CS                 1.899      0.226      8.398      0.000

 Residual Variances
    Y1                 1.194      0.132      9.013      0.000
    Y2                 0.608      0.050     12.066      0.000
    Y3                 0.835      0.232      3.596      0.000

Between Level

 CT       BY
    Y1                 1.000      0.000    999.000    999.000
    Y2                 0.576      0.114      5.052      0.000
    Y3                 1.025      0.149      6.867      0.000

 Intercepts
    Y1                 2.071      0.159     13.016      0.000
    Y2                 2.769      0.127     21.874      0.000
    Y3                 3.103      0.176     17.624      0.000

 Variances
    CT                 1.624      0.405      4.006      0.000

 Residual Variances
    Y1                 0.288      0.206      1.397      0.162
    Y2                 0.845      0.152      5.549      0.000
    Y3                 0.393      0.224      1.754      0.079


QUALITY OF NUMERICAL RESULTS

     Condition Number for the Information Matrix              0.341E-02
       (ratio of smallest to largest eigenvalue)


     Beginning Time:  14:39:12
        Ending Time:  14:39:13
       Elapsed Time:  00:00:01



MUTHEN & MUTHEN
3463 Stoner Ave.
Los Angeles, CA  90066

Tel: (310) 391-9971
Fax: (310) 391-8971
Web: www.StatModel.com
Support: Support@StatModel.com

Copyright (c) 1998-2017 Muthen & Muthen
