Mplus VERSION 8
MUTHEN & MUTHEN
02/15/2019   2:39 PM

INPUT INSTRUCTIONS

  TITLE: Your title goes here
  DATA: FILE = "Mplus_files_Results/cuts_wide_trunc_n100_i3_nt5_na0.dat";
  VARIABLE:
  NAMES = subjn y11 y21 y31 y12 y22 y32 y13 y23 y33 y14 y24 y34 y15 y25 y35;
  MISSING=.;
  USEVAR = y11
  y21
  y31
  y12
  y22
  y32
  y13
  y23
  y33
  y14
  y24
  y34
  y15
  y25
  y35 ;


  ANALYSIS:
  TYPE = GENERAL ;
  ESTIMATOR = ML ;
  ITERATIONS = 50000 ;
  H1ITERATIONS = 50000 ;


  MODEL:

  ! common states
  CS1 BY y11@1
  y21 (lcs21)
  y31 (lcs31) ;
  CS2 BY y12@1
  y22 (lcs21)
  y32 (lcs31) ;
  CS3 BY y13@1
  y23 (lcs21)
  y33 (lcs31) ;
  CS4 BY y14@1
  y24 (lcs21)
  y34 (lcs31) ;
  CS5 BY y15@1
  y25 (lcs21)
  y35 (lcs31) ;

  ! common trait
  CT BY y11@1
  y21 (lct21)
  y31 (lct31)
  y12@1
  y22 (lct21)
  y32 (lct31)
  y13@1
  y23 (lct21)
  y33 (lct31)
  y14@1
  y24 (lct21)
  y34 (lct31)
  y15@1
  y25 (lct21)
  y35 (lct31) ;

  ! unique trait
  UT1 BY y11@1
  y12@1
  y13@1
  y14@1
  y15@1 ;
  UT2 BY y21@1
  y22@1
  y23@1
  y24@1
  y25@1 ;
  UT3 BY y31@1
  y32@1
  y33@1
  y34@1
  y35@1 ;

  ! Intercepts and means
  [y11*] (ins11) ;
  [y21*] (ins21) ;
  [y31*] (ins31) ;
  [y12*] (ins11) ;
  [y22*] (ins21) ;
  [y32*] (ins31) ;
  [y13*] (ins11) ;
  [y23*] (ins21) ;
  [y33*] (ins31) ;
  [y14*] (ins11) ;
  [y24*] (ins21) ;
  [y34*] (ins31) ;
  [y15*] (ins11) ;
  [y25*] (ins21) ;
  [y35*] (ins31) ;




  ! Set 0 covariances
  CS1 WITH CS2@0
  CS3@0
  CS4@0
  CS5@0
  UT1@0
  UT2@0
  UT3@0
  CT@0 ;
  CS2 WITH CS3@0
  CS4@0
  CS5@0
  UT1@0
  UT2@0
  UT3@0
  CT@0 ;
  CS3 WITH CS4@0
  CS5@0
  UT1@0
  UT2@0
  UT3@0
  CT@0 ;
  CS4 WITH CS5@0
  UT1@0
  UT2@0
  UT3@0
  CT@0 ;
  CS5 WITH UT1@0
  UT2@0
  UT3@0
  CT@0 ;
  UT1 WITH UT2@0
  UT3@0
  CT@0 ;
  UT2 WITH UT3@0
  CT@0 ;
  UT3 WITH CT@0 ;

  ! Variance components
  y11 (err11) ;
  y21 (err21) ;
  y31 (err31) ;
  y12 (err11) ;
  y22 (err21) ;
  y32 (err31) ;
  y13 (err11) ;
  y23 (err21) ;
  y33 (err31) ;
  y14 (err11) ;
  y24 (err21) ;
  y34 (err31) ;
  y15 (err11) ;
  y25 (err21) ;
  y35 (err31) ;
  CS1 (cs_var1) ;
  CS2 (cs_var1) ;
  CS3 (cs_var1) ;
  CS4 (cs_var1) ;
  CS5 (cs_var1) ;
  UT1 (ut_var1) ;
  UT2 (ut_var2) ;
  UT3 (ut_var3) ;
  CT (ct_var) ;



INPUT READING TERMINATED NORMALLY



Your title goes here

SUMMARY OF ANALYSIS

Number of groups                                                 1
Number of observations                                         100

Number of dependent variables                                   15
Number of independent variables                                  0
Number of continuous latent variables                            9

Observed dependent variables

  Continuous
   Y11         Y21         Y31         Y12         Y22         Y32
   Y13         Y23         Y33         Y14         Y24         Y34
   Y15         Y25         Y35

Continuous latent variables
   CS1         CS2         CS3         CS4         CS5         CT
   UT1         UT2         UT3


Estimator                                                       ML
Information matrix                                        OBSERVED
Maximum number of iterations                                 50000
Convergence criterion                                    0.500D-04
Maximum number of steepest descent iterations                   20
Maximum number of iterations for H1                          50000
Convergence criterion for H1                             0.100D-03

Input data file(s)
  Mplus_files_Results/cuts_wide_trunc_n100_i3_nt5_na0.dat

Input data format  FREE


SUMMARY OF DATA

     Number of missing data patterns             1


COVARIANCE COVERAGE OF DATA

Minimum covariance coverage value   0.100


     PROPORTION OF DATA PRESENT


           Covariance Coverage
              Y11           Y21           Y31           Y12           Y22
              ________      ________      ________      ________      ________
 Y11            1.000
 Y21            1.000         1.000
 Y31            1.000         1.000         1.000
 Y12            1.000         1.000         1.000         1.000
 Y22            1.000         1.000         1.000         1.000         1.000
 Y32            1.000         1.000         1.000         1.000         1.000
 Y13            1.000         1.000         1.000         1.000         1.000
 Y23            1.000         1.000         1.000         1.000         1.000
 Y33            1.000         1.000         1.000         1.000         1.000
 Y14            1.000         1.000         1.000         1.000         1.000
 Y24            1.000         1.000         1.000         1.000         1.000
 Y34            1.000         1.000         1.000         1.000         1.000
 Y15            1.000         1.000         1.000         1.000         1.000
 Y25            1.000         1.000         1.000         1.000         1.000
 Y35            1.000         1.000         1.000         1.000         1.000


           Covariance Coverage
              Y32           Y13           Y23           Y33           Y14
              ________      ________      ________      ________      ________
 Y32            1.000
 Y13            1.000         1.000
 Y23            1.000         1.000         1.000
 Y33            1.000         1.000         1.000         1.000
 Y14            1.000         1.000         1.000         1.000         1.000
 Y24            1.000         1.000         1.000         1.000         1.000
 Y34            1.000         1.000         1.000         1.000         1.000
 Y15            1.000         1.000         1.000         1.000         1.000
 Y25            1.000         1.000         1.000         1.000         1.000
 Y35            1.000         1.000         1.000         1.000         1.000


           Covariance Coverage
              Y24           Y34           Y15           Y25           Y35
              ________      ________      ________      ________      ________
 Y24            1.000
 Y34            1.000         1.000
 Y15            1.000         1.000         1.000
 Y25            1.000         1.000         1.000         1.000
 Y35            1.000         1.000         1.000         1.000         1.000



UNIVARIATE SAMPLE STATISTICS


     UNIVARIATE HIGHER-ORDER MOMENT DESCRIPTIVE STATISTICS

         Variable/         Mean/     Skewness/   Minimum/ % with                Percentiles
        Sample Size      Variance    Kurtosis    Maximum  Min/Max      20%/60%    40%/80%    Median

     Y11                   1.850       0.219      -2.000    3.00%       0.000      1.000      2.000
             100.000       4.107      -0.760       7.000    1.00%       2.000      4.000
     Y21                   2.290       0.101       0.000   18.00%       1.000      2.000      3.000
             100.000       2.366      -0.623       6.000    2.00%       3.000      3.000
     Y31                   2.580       0.435      -3.000    1.00%       0.000      1.000      2.500
             100.000       6.724      -0.380      10.000    1.00%       3.000      5.000
     Y12                   1.660       0.854      -3.000    1.00%       0.000      1.000      1.500
             100.000       3.764       1.134       8.000    1.00%       2.000      3.000
     Y22                   2.350       0.628       0.000   10.00%       1.000      2.000      2.000
             100.000       2.087       0.921       7.000    2.00%       3.000      3.000
     Y32                   2.840       0.869      -1.000    2.00%       1.000      2.000      2.500
             100.000       5.674       0.875      11.000    1.00%       3.000      5.000
     Y13                   1.900       0.339      -3.000    1.00%       0.000      1.000      2.000
             100.000       3.670      -0.151       8.000    1.00%       2.000      4.000
     Y23                   2.230       0.275       0.000   13.00%       1.000      2.000      2.000
             100.000       2.217      -0.679       6.000    2.00%       3.000      4.000
     Y33                   2.700       0.436      -2.000    2.00%       1.000      2.000      3.000
             100.000       5.610      -0.182       9.000    2.00%       3.000      5.000
     Y14                   1.560       0.752      -4.000    1.00%       0.000      1.000      1.000
             100.000       5.146       1.432       9.000    1.00%       2.000      3.000
     Y24                   2.390       0.287      -1.000    1.00%       1.000      2.000      2.000
             100.000       2.398      -0.037       7.000    1.00%       3.000      4.000
     Y34                   2.770      -0.072      -6.000    1.00%       0.000      2.000      2.500
             100.000       7.357       0.925      10.000    1.00%       3.000      5.000
     Y15                   1.780       0.387      -3.000    1.00%       0.000      1.000      2.000
             100.000       3.612       0.286       7.000    2.00%       2.000      3.000
     Y25                   2.310       0.665       0.000   15.00%       1.000      2.000      2.000
             100.000       2.574       0.485       7.000    2.00%       3.000      3.000
     Y35                   2.730       0.280      -3.000    1.00%       0.000      2.000      3.000
             100.000       5.457      -0.057       9.000    2.00%       3.000      4.000


THE MODEL ESTIMATION TERMINATED NORMALLY



MODEL FIT INFORMATION

Number of Free Parameters                       15

Loglikelihood

          H0 Value                       -2695.650
          H1 Value                       -2633.932

Information Criteria

          Akaike (AIC)                    5421.300
          Bayesian (BIC)                  5460.378
          Sample-Size Adjusted BIC        5413.004
            (n* = (n + 2) / 24)

Chi-Square Test of Model Fit

          Value                            123.436
          Degrees of Freedom                   120
          P-Value                           0.3964

RMSEA (Root Mean Square Error Of Approximation)

          Estimate                           0.017
          90 Percent C.I.                    0.000  0.053
          Probability RMSEA <= .05           0.926

CFI/TLI

          CFI                                0.996
          TLI                                0.997

Chi-Square Test of Model Fit for the Baseline Model

          Value                           1012.262
          Degrees of Freedom                   105
          P-Value                           0.0000

SRMR (Standardized Root Mean Square Residual)

          Value                              0.078



MODEL RESULTS

                                                    Two-Tailed
                    Estimate       S.E.  Est./S.E.    P-Value

 CS1      BY
    Y11                1.000      0.000    999.000    999.000
    Y21                0.557      0.046     12.167      0.000
    Y31                1.534      0.120     12.815      0.000

 CS2      BY
    Y12                1.000      0.000    999.000    999.000
    Y22                0.557      0.046     12.167      0.000
    Y32                1.534      0.120     12.815      0.000

 CS3      BY
    Y13                1.000      0.000    999.000    999.000
    Y23                0.557      0.046     12.167      0.000
    Y33                1.534      0.120     12.815      0.000

 CS4      BY
    Y14                1.000      0.000    999.000    999.000
    Y24                0.557      0.046     12.167      0.000
    Y34                1.534      0.120     12.815      0.000

 CS5      BY
    Y15                1.000      0.000    999.000    999.000
    Y25                0.557      0.046     12.167      0.000
    Y35                1.534      0.120     12.815      0.000

 CT       BY
    Y11                1.000      0.000    999.000    999.000
    Y21                0.647      0.124      5.216      0.000
    Y31                1.117      0.163      6.846      0.000
    Y12                1.000      0.000    999.000    999.000
    Y22                0.647      0.124      5.216      0.000
    Y32                1.117      0.163      6.846      0.000
    Y13                1.000      0.000    999.000    999.000
    Y23                0.647      0.124      5.216      0.000
    Y33                1.117      0.163      6.846      0.000
    Y14                1.000      0.000    999.000    999.000
    Y24                0.647      0.124      5.216      0.000
    Y34                1.117      0.163      6.846      0.000
    Y15                1.000      0.000    999.000    999.000
    Y25                0.647      0.124      5.216      0.000
    Y35                1.117      0.163      6.846      0.000

 UT1      BY
    Y11                1.000      0.000    999.000    999.000
    Y12                1.000      0.000    999.000    999.000
    Y13                1.000      0.000    999.000    999.000
    Y14                1.000      0.000    999.000    999.000
    Y15                1.000      0.000    999.000    999.000

 UT2      BY
    Y21                1.000      0.000    999.000    999.000
    Y22                1.000      0.000    999.000    999.000
    Y23                1.000      0.000    999.000    999.000
    Y24                1.000      0.000    999.000    999.000
    Y25                1.000      0.000    999.000    999.000

 UT3      BY
    Y31                1.000      0.000    999.000    999.000
    Y32                1.000      0.000    999.000    999.000
    Y33                1.000      0.000    999.000    999.000
    Y34                1.000      0.000    999.000    999.000
    Y35                1.000      0.000    999.000    999.000

 CS1      WITH
    CS2                0.000      0.000    999.000    999.000
    CS3                0.000      0.000    999.000    999.000
    CS4                0.000      0.000    999.000    999.000
    CS5                0.000      0.000    999.000    999.000
    UT1                0.000      0.000    999.000    999.000
    UT2                0.000      0.000    999.000    999.000
    UT3                0.000      0.000    999.000    999.000
    CT                 0.000      0.000    999.000    999.000

 CS2      WITH
    CS3                0.000      0.000    999.000    999.000
    CS4                0.000      0.000    999.000    999.000
    CS5                0.000      0.000    999.000    999.000
    UT1                0.000      0.000    999.000    999.000
    UT2                0.000      0.000    999.000    999.000
    UT3                0.000      0.000    999.000    999.000
    CT                 0.000      0.000    999.000    999.000

 CS3      WITH
    CS4                0.000      0.000    999.000    999.000
    CS5                0.000      0.000    999.000    999.000
    UT1                0.000      0.000    999.000    999.000
    UT2                0.000      0.000    999.000    999.000
    UT3                0.000      0.000    999.000    999.000
    CT                 0.000      0.000    999.000    999.000

 CS4      WITH
    CS5                0.000      0.000    999.000    999.000
    UT1                0.000      0.000    999.000    999.000
    UT2                0.000      0.000    999.000    999.000
    UT3                0.000      0.000    999.000    999.000
    CT                 0.000      0.000    999.000    999.000

 CS5      WITH
    UT1                0.000      0.000    999.000    999.000
    UT2                0.000      0.000    999.000    999.000
    UT3                0.000      0.000    999.000    999.000
    CT                 0.000      0.000    999.000    999.000

 UT1      WITH
    UT2                0.000      0.000    999.000    999.000
    UT3                0.000      0.000    999.000    999.000
    CT                 0.000      0.000    999.000    999.000

 UT2      WITH
    UT3                0.000      0.000    999.000    999.000
    CT                 0.000      0.000    999.000    999.000

 UT3      WITH
    CT                 0.000      0.000    999.000    999.000

 Intercepts
    Y11                1.750      0.142     12.349      0.000
    Y21                2.314      0.121     19.129      0.000
    Y31                2.724      0.165     16.515      0.000
    Y12                1.750      0.142     12.349      0.000
    Y22                2.314      0.121     19.129      0.000
    Y32                2.724      0.165     16.515      0.000
    Y13                1.750      0.142     12.349      0.000
    Y23                2.314      0.121     19.129      0.000
    Y33                2.724      0.165     16.515      0.000
    Y14                1.750      0.142     12.349      0.000
    Y24                2.314      0.121     19.129      0.000
    Y34                2.724      0.165     16.515      0.000
    Y15                1.750      0.142     12.349      0.000
    Y25                2.314      0.121     19.129      0.000
    Y35                2.724      0.165     16.515      0.000

 Variances
    CS1                1.463      0.189      7.742      0.000
    CS2                1.463      0.189      7.742      0.000
    CS3                1.463      0.189      7.742      0.000
    CS4                1.463      0.189      7.742      0.000
    CS5                1.463      0.189      7.742      0.000
    CT                 1.236      0.316      3.911      0.000
    UT1                0.255      0.161      1.584      0.113
    UT2                0.729      0.137      5.323      0.000
    UT3                0.316      0.200      1.585      0.113

 Residual Variances
    Y11                1.121      0.122      9.180      0.000
    Y21                0.631      0.053     11.882      0.000
    Y31                0.872      0.227      3.840      0.000
    Y12                1.121      0.122      9.180      0.000
    Y22                0.631      0.053     11.882      0.000
    Y32                0.872      0.227      3.840      0.000
    Y13                1.121      0.122      9.180      0.000
    Y23                0.631      0.053     11.882      0.000
    Y33                0.872      0.227      3.840      0.000
    Y14                1.121      0.122      9.180      0.000
    Y24                0.631      0.053     11.882      0.000
    Y34                0.872      0.227      3.840      0.000
    Y15                1.121      0.122      9.180      0.000
    Y25                0.631      0.053     11.882      0.000
    Y35                0.872      0.227      3.840      0.000


QUALITY OF NUMERICAL RESULTS

     Condition Number for the Information Matrix              0.924E-02
       (ratio of smallest to largest eigenvalue)


     Beginning Time:  14:39:17
        Ending Time:  14:39:18
       Elapsed Time:  00:00:01



MUTHEN & MUTHEN
3463 Stoner Ave.
Los Angeles, CA  90066

Tel: (310) 391-9971
Fax: (310) 391-8971
Web: www.StatModel.com
Support: Support@StatModel.com

Copyright (c) 1998-2017 Muthen & Muthen
