Mplus VERSION 8
MUTHEN & MUTHEN
02/18/2019   4:47 PM

INPUT INSTRUCTIONS

  TITLE: Your title goes here
  DATA: FILE = "Mplus_files_Results/cuts_long_trunc_n100_i5_nt5_na0.dat";
  VARIABLE:
  NAMES = subjn time y1 y2 y3 y4 y5;
  MISSING=.;
  USEVAR = y1
  y2
  y3
  y4
  y5 ;
  CLUSTER = subjn ;

  ANALYSIS:
  TYPE = TWOLEVEL ;
  ESTIMATOR = ML ;
  ITERATIONS = 50000 ;
  H1ITERATIONS = 50000 ;


  MODEL:

  %WITHIN%

  ! common states
  CS BY y1@1
  y2 (lcs2)
  y3 (lcs3)
  y4 (lcs4)
  y5 (lcs5) ;

  %BETWEEN%

  ! common trait
  CT BY y1@1
  y2 (lct2)
  y3 (lct3)
  y4 (lct4)
  y5 (lct5) ;



*** WARNING
  One or more individual-level variables have no variation within a
  cluster for the following clusters.

     Variable   Cluster IDs with no within-cluster variation

      Y4          18 81

   1 WARNING(S) FOUND IN THE INPUT INSTRUCTIONS



Your title goes here

SUMMARY OF ANALYSIS

Number of groups                                                 1
Number of observations                                         500

Number of dependent variables                                    5
Number of independent variables                                  0
Number of continuous latent variables                            2

Observed dependent variables

  Continuous
   Y1          Y2          Y3          Y4          Y5

Continuous latent variables
   CS          CT

Variables with special functions

  Cluster variable      SUBJN

Estimator                                                       ML
Information matrix                                        OBSERVED
Maximum number of iterations                                 50000
Convergence criterion                                    0.100D-05
Maximum number of EM iterations                                500
Convergence criteria for the EM algorithm
  Loglikelihood change                                   0.100D-02
  Relative loglikelihood change                          0.100D-05
  Derivative                                             0.100D-03
Minimum variance                                         0.100D-03
Maximum number of steepest descent iterations                   20
Maximum number of iterations for H1                          50000
Convergence criterion for H1                             0.100D-03
Optimization algorithm                                         EMA

Input data file(s)
  Mplus_files_Results/cuts_long_trunc_n100_i5_nt5_na0.dat
Input data format  FREE


SUMMARY OF DATA

     Number of missing data patterns             1
     Number of clusters                        100

     Average cluster size        5.000

     Estimated Intraclass Correlations for the Y Variables

                Intraclass              Intraclass              Intraclass
     Variable  Correlation   Variable  Correlation   Variable  Correlation

     Y1           0.395      Y2           0.535      Y3           0.336
     Y4           0.421      Y5           0.332



COVARIANCE COVERAGE OF DATA

Minimum covariance coverage value   0.100


     PROPORTION OF DATA PRESENT


           Covariance Coverage
              Y1            Y2            Y3            Y4            Y5
              ________      ________      ________      ________      ________
 Y1             1.000
 Y2             1.000         1.000
 Y3             1.000         1.000         1.000
 Y4             1.000         1.000         1.000         1.000
 Y5             1.000         1.000         1.000         1.000         1.000



UNIVARIATE SAMPLE STATISTICS


     UNIVARIATE HIGHER-ORDER MOMENT DESCRIPTIVE STATISTICS

         Variable/         Mean/     Skewness/   Minimum/ % with                Percentiles
        Sample Size      Variance    Kurtosis    Maximum  Min/Max      20%/60%    40%/80%    Median

     Y1                    1.728       0.444      -6.000    0.20%       0.000      1.000      1.000
             500.000       4.074       0.714       9.000    0.20%       2.000      3.000
     Y2                    2.296       0.233      -1.000    1.20%       1.000      2.000      2.000
             500.000       2.580      -0.536       7.000    0.20%       3.000      4.000
     Y3                    2.720       0.365      -4.000    0.20%       0.000      2.000      3.000
             500.000       6.382       0.237      11.000    0.20%       3.000      5.000
     Y4                    3.246       0.260      -1.000    0.20%       2.000      3.000      3.000
             500.000       3.649      -0.133      10.000    0.20%       4.000      5.000
     Y5                    3.702       0.195      -3.000    0.40%       2.000      3.000      4.000
             500.000       5.469       0.001      11.000    0.60%       4.000      6.000


THE MODEL ESTIMATION TERMINATED NORMALLY



MODEL FIT INFORMATION

Number of Free Parameters                       25

Loglikelihood

          H0 Value                       -4360.259
          H1 Value                       -4355.464

Information Criteria

          Akaike (AIC)                    8770.517
          Bayesian (BIC)                  8875.883
          Sample-Size Adjusted BIC        8796.531
            (n* = (n + 2) / 24)

Chi-Square Test of Model Fit

          Value                              9.589
          Degrees of Freedom                    10
          P-Value                           0.4772

RMSEA (Root Mean Square Error Of Approximation)

          Estimate                           0.000

CFI/TLI

          CFI                                1.000
          TLI                                1.001

Chi-Square Test of Model Fit for the Baseline Model

          Value                           1409.507
          Degrees of Freedom                    20
          P-Value                           0.0000

SRMR (Standardized Root Mean Square Residual)

          Value for Within                   0.013
          Value for Between                  0.021



MODEL RESULTS

                                                    Two-Tailed
                    Estimate       S.E.  Est./S.E.    P-Value

Within Level

 CS       BY
    Y1                 1.000      0.000    999.000    999.000
    Y2                 0.567      0.042     13.631      0.000
    Y3                 1.349      0.072     18.687      0.000
    Y4                 0.882      0.053     16.695      0.000
    Y5                 1.259      0.067     18.661      0.000

 Variances
    CS                 1.618      0.171      9.480      0.000

 Residual Variances
    Y1                 0.845      0.077     10.971      0.000
    Y2                 0.680      0.053     12.880      0.000
    Y3                 1.292      0.125     10.341      0.000
    Y4                 0.855      0.073     11.680      0.000
    Y5                 1.082      0.106     10.170      0.000

Between Level

 CT       BY
    Y1                 1.000      0.000    999.000    999.000
    Y2                 0.720      0.120      5.987      0.000
    Y3                 1.249      0.130      9.598      0.000
    Y4                 0.799      0.127      6.292      0.000
    Y5                 1.110      0.124      8.956      0.000

 Intercepts
    Y1                 1.728      0.145     11.919      0.000
    Y2                 2.296      0.127     18.051      0.000
    Y3                 2.720      0.173     15.721      0.000
    Y4                 3.246      0.140     23.241      0.000
    Y5                 3.702      0.160     23.139      0.000

 Variances
    CT                 1.221      0.298      4.100      0.000

 Residual Variances
    Y1                 0.389      0.103      3.787      0.000
    Y2                 0.744      0.137      5.430      0.000
    Y3                 0.242      0.121      1.995      0.046
    Y4                 0.748      0.143      5.237      0.000
    Y5                 0.328      0.113      2.889      0.004


QUALITY OF NUMERICAL RESULTS

     Condition Number for the Information Matrix              0.391E-02
       (ratio of smallest to largest eigenvalue)


     Beginning Time:  16:47:47
        Ending Time:  16:47:48
       Elapsed Time:  00:00:01



MUTHEN & MUTHEN
3463 Stoner Ave.
Los Angeles, CA  90066

Tel: (310) 391-9971
Fax: (310) 391-8971
Web: www.StatModel.com
Support: Support@StatModel.com

Copyright (c) 1998-2017 Muthen & Muthen
