Mplus VERSION 8
MUTHEN & MUTHEN
02/15/2019   3:57 PM

INPUT INSTRUCTIONS

  TITLE: Your title goes here
  DATA: FILE = "Mplus_files_Results/cuts_long_trunc_n50_i3_nt60_na0.dat";
  VARIABLE:
  NAMES = subjn time y1 y2 y3;
  MISSING=.;
  USEVAR = y1
  y2
  y3 ;
  CLUSTER = subjn ;

  ANALYSIS:
  TYPE = TWOLEVEL ;
  ESTIMATOR = ML ;
  ITERATIONS = 50000 ;
  H1ITERATIONS = 50000 ;


  MODEL:

  %WITHIN%

  ! common states
  CS BY y1@1
  y2 (lcs2)
  y3 (lcs3) ;

  %BETWEEN%

  ! common trait
  CT BY y1@1
  y2 (lct2)
  y3 (lct3) ;



INPUT READING TERMINATED NORMALLY



Your title goes here

SUMMARY OF ANALYSIS

Number of groups                                                 1
Number of observations                                        3000

Number of dependent variables                                    3
Number of independent variables                                  0
Number of continuous latent variables                            2

Observed dependent variables

  Continuous
   Y1          Y2          Y3

Continuous latent variables
   CS          CT

Variables with special functions

  Cluster variable      SUBJN

Estimator                                                       ML
Information matrix                                        OBSERVED
Maximum number of iterations                                 50000
Convergence criterion                                    0.100D-05
Maximum number of EM iterations                                500
Convergence criteria for the EM algorithm
  Loglikelihood change                                   0.100D-02
  Relative loglikelihood change                          0.100D-05
  Derivative                                             0.100D-03
Minimum variance                                         0.100D-03
Maximum number of steepest descent iterations                   20
Maximum number of iterations for H1                          50000
Convergence criterion for H1                             0.100D-03
Optimization algorithm                                         EMA

Input data file(s)
  Mplus_files_Results/cuts_long_trunc_n50_i3_nt60_na0.dat
Input data format  FREE


SUMMARY OF DATA

     Number of missing data patterns             1
     Number of clusters                         50

     Average cluster size       60.000

     Estimated Intraclass Correlations for the Y Variables

                Intraclass              Intraclass              Intraclass
     Variable  Correlation   Variable  Correlation   Variable  Correlation

     Y1           0.330      Y2           0.625      Y3           0.270



COVARIANCE COVERAGE OF DATA

Minimum covariance coverage value   0.100


     PROPORTION OF DATA PRESENT


           Covariance Coverage
              Y1            Y2            Y3
              ________      ________      ________
 Y1             1.000
 Y2             1.000         1.000
 Y3             1.000         1.000         1.000



UNIVARIATE SAMPLE STATISTICS


     UNIVARIATE HIGHER-ORDER MOMENT DESCRIPTIVE STATISTICS

         Variable/         Mean/     Skewness/   Minimum/ % with                Percentiles
        Sample Size      Variance    Kurtosis    Maximum  Min/Max      20%/60%    40%/80%    Median

     Y1                    1.805       0.358      -5.000    0.03%       0.000      1.000      2.000
            3000.000       3.764       0.045       9.000    0.10%       2.000      3.000
     Y2                    1.874       0.318      -3.000    0.03%       0.000      1.000      2.000
            3000.000       2.501      -0.451       7.000    0.10%       2.000      3.000
     Y3                    2.701       0.274      -7.000    0.03%       0.000      2.000      3.000
            3000.000       5.843       0.308      12.000    0.10%       3.000      5.000


THE MODEL ESTIMATION TERMINATED NORMALLY



MODEL FIT INFORMATION

Number of Free Parameters                       15

Loglikelihood

          H0 Value                      -14999.705
          H1 Value                      -14999.705

Information Criteria

          Akaike (AIC)                   30029.411
          Bayesian (BIC)                 30119.506
          Sample-Size Adjusted BIC       30071.846
            (n* = (n + 2) / 24)

Chi-Square Test of Model Fit

          Value                              0.000
          Degrees of Freedom                     0
          P-Value                           0.0000

RMSEA (Root Mean Square Error Of Approximation)

          Estimate                           0.000

CFI/TLI

          CFI                                1.000
          TLI                                1.000

Chi-Square Test of Model Fit for the Baseline Model

          Value                           3035.349
          Degrees of Freedom                     6
          P-Value                           0.0000

SRMR (Standardized Root Mean Square Residual)

          Value for Within                   0.000
          Value for Between                  0.000



MODEL RESULTS

                                                    Two-Tailed
                    Estimate       S.E.  Est./S.E.    P-Value

Within Level

 CS       BY
    Y1                 1.000      0.000    999.000    999.000
    Y2                 0.519      0.016     33.315      0.000
    Y3                 1.381      0.039     35.408      0.000

 Variances
    CS                 1.560      0.071     22.100      0.000

 Residual Variances
    Y1                 0.964      0.044     21.975      0.000
    Y2                 0.517      0.017     31.199      0.000
    Y3                 1.295      0.076     16.949      0.000

Between Level

 CT       BY
    Y1                 1.000      0.000    999.000    999.000
    Y2                 0.873      0.184      4.746      0.000
    Y3                 1.351      0.231      5.840      0.000

 Intercepts
    Y1                 1.805      0.160     11.267      0.000
    Y2                 1.874      0.178     10.542      0.000
    Y3                 2.701      0.181     14.887      0.000

 Variances
    CT                 0.825      0.265      3.108      0.002

 Residual Variances
    Y1                 0.416      0.141      2.951      0.003
    Y2                 0.936      0.208      4.506      0.000
    Y3                 0.069      0.204      0.336      0.737


QUALITY OF NUMERICAL RESULTS

     Condition Number for the Information Matrix              0.134E-03
       (ratio of smallest to largest eigenvalue)


     Beginning Time:  15:57:01
        Ending Time:  15:57:02
       Elapsed Time:  00:00:01



MUTHEN & MUTHEN
3463 Stoner Ave.
Los Angeles, CA  90066

Tel: (310) 391-9971
Fax: (310) 391-8971
Web: www.StatModel.com
Support: Support@StatModel.com

Copyright (c) 1998-2017 Muthen & Muthen
