Mplus VERSION 8
MUTHEN & MUTHEN
02/16/2019   4:22 AM

INPUT INSTRUCTIONS

  TITLE: Your title goes here
  DATA: FILE = "Mplus_files_Results/cuts_long_trunc_n500_i4_nt5_na0.dat";
  VARIABLE:
  NAMES = subjn time y1 y2 y3 y4;
  MISSING=.;
  USEVAR = y1
  y2
  y3
  y4 ;
  CLUSTER = subjn ;

  ANALYSIS:
  TYPE = TWOLEVEL ;
  ESTIMATOR = ML ;
  ITERATIONS = 50000 ;
  H1ITERATIONS = 50000 ;


  MODEL:

  %WITHIN%

  ! common states
  CS BY y1@1
  y2 (lcs2)
  y3 (lcs3)
  y4 (lcs4) ;

  %BETWEEN%

  ! common trait
  CT BY y1@1
  y2 (lct2)
  y3 (lct3)
  y4 (lct4) ;



*** WARNING
  One or more individual-level variables have no variation within a
  cluster for the following clusters.

     Variable   Cluster IDs with no within-cluster variation

      Y1          124 140 208
      Y2          37 46 57 134 155 220 250 256 346 399 449 475 477 481
      Y4          464

   1 WARNING(S) FOUND IN THE INPUT INSTRUCTIONS



Your title goes here

SUMMARY OF ANALYSIS

Number of groups                                                 1
Number of observations                                        2500

Number of dependent variables                                    4
Number of independent variables                                  0
Number of continuous latent variables                            2

Observed dependent variables

  Continuous
   Y1          Y2          Y3          Y4

Continuous latent variables
   CS          CT

Variables with special functions

  Cluster variable      SUBJN

Estimator                                                       ML
Information matrix                                        OBSERVED
Maximum number of iterations                                 50000
Convergence criterion                                    0.100D-05
Maximum number of EM iterations                                500
Convergence criteria for the EM algorithm
  Loglikelihood change                                   0.100D-02
  Relative loglikelihood change                          0.100D-05
  Derivative                                             0.100D-03
Minimum variance                                         0.100D-03
Maximum number of steepest descent iterations                   20
Maximum number of iterations for H1                          50000
Convergence criterion for H1                             0.100D-03
Optimization algorithm                                         EMA

Input data file(s)
  Mplus_files_Results/cuts_long_trunc_n500_i4_nt5_na0.dat
Input data format  FREE


SUMMARY OF DATA

     Number of missing data patterns             1
     Number of clusters                        500

     Average cluster size        5.000

     Estimated Intraclass Correlations for the Y Variables

                Intraclass              Intraclass              Intraclass
     Variable  Correlation   Variable  Correlation   Variable  Correlation

     Y1           0.372      Y2           0.637      Y3           0.318
     Y4           0.457



COVARIANCE COVERAGE OF DATA

Minimum covariance coverage value   0.100


     PROPORTION OF DATA PRESENT


           Covariance Coverage
              Y1            Y2            Y3            Y4
              ________      ________      ________      ________
 Y1             1.000
 Y2             1.000         1.000
 Y3             1.000         1.000         1.000
 Y4             1.000         1.000         1.000         1.000



UNIVARIATE SAMPLE STATISTICS


     UNIVARIATE HIGHER-ORDER MOMENT DESCRIPTIVE STATISTICS

         Variable/         Mean/     Skewness/   Minimum/ % with                Percentiles
        Sample Size      Variance    Kurtosis    Maximum  Min/Max      20%/60%    40%/80%    Median

     Y1                    1.707       0.396      -4.000    0.20%       0.000      1.000      2.000
            2500.000       3.866       0.089       9.000    0.04%       2.000      3.000
     Y2                    2.114       0.294      -3.000    0.08%       1.000      2.000      2.000
            2500.000       2.639      -0.273       8.000    0.08%       2.000      3.000
     Y3                    2.682       0.235      -6.000    0.04%       0.000      2.000      3.000
            2500.000       6.197       0.065      13.000    0.04%       3.000      5.000
     Y4                    3.022       0.158      -3.000    0.16%       1.000      3.000      3.000
            2500.000       3.704      -0.313       9.000    0.16%       3.000      5.000


THE MODEL ESTIMATION TERMINATED NORMALLY



MODEL FIT INFORMATION

Number of Free Parameters                       20

Loglikelihood

          H0 Value                      -17384.749
          H1 Value                      -17376.170

Information Criteria

          Akaike (AIC)                   34809.497
          Bayesian (BIC)                 34925.978
          Sample-Size Adjusted BIC       34862.433
            (n* = (n + 2) / 24)

Chi-Square Test of Model Fit

          Value                             17.156
          Degrees of Freedom                     4
          P-Value                           0.0018

RMSEA (Root Mean Square Error Of Approximation)

          Estimate                           0.036

CFI/TLI

          CFI                                0.997
          TLI                                0.991

Chi-Square Test of Model Fit for the Baseline Model

          Value                           4341.231
          Degrees of Freedom                    12
          P-Value                           0.0000

SRMR (Standardized Root Mean Square Residual)

          Value for Within                   0.002
          Value for Between                  0.025



MODEL RESULTS

                                                    Two-Tailed
                    Estimate       S.E.  Est./S.E.    P-Value

Within Level

 CS       BY
    Y1                 1.000      0.000    999.000    999.000
    Y2                 0.510      0.017     29.325      0.000
    Y3                 1.314      0.036     36.127      0.000
    Y4                 0.864      0.025     34.397      0.000

 Variances
    CS                 1.596      0.078     20.441      0.000

 Residual Variances
    Y1                 0.829      0.040     20.763      0.000
    Y2                 0.543      0.020     27.470      0.000
    Y3                 1.484      0.070     21.208      0.000
    Y4                 0.821      0.035     23.519      0.000

Between Level

 CT       BY
    Y1                 1.000      0.000    999.000    999.000
    Y2                 0.820      0.064     12.881      0.000
    Y3                 1.266      0.067     18.876      0.000
    Y4                 0.982      0.065     15.151      0.000

 Intercepts
    Y1                 1.707      0.062     27.476      0.000
    Y2                 2.114      0.061     34.493      0.000
    Y3                 2.682      0.075     35.839      0.000
    Y4                 3.022      0.065     46.631      0.000

 Variances
    CT                 1.072      0.123      8.736      0.000

 Residual Variances
    Y1                 0.373      0.051      7.360      0.000
    Y2                 0.966      0.079     12.284      0.000
    Y3                 0.233      0.068      3.447      0.001
    Y4                 0.664      0.065     10.199      0.000


QUALITY OF NUMERICAL RESULTS

     Condition Number for the Information Matrix              0.816E-02
       (ratio of smallest to largest eigenvalue)


     Beginning Time:  04:22:13
        Ending Time:  04:22:14
       Elapsed Time:  00:00:01



MUTHEN & MUTHEN
3463 Stoner Ave.
Los Angeles, CA  90066

Tel: (310) 391-9971
Fax: (310) 391-8971
Web: www.StatModel.com
Support: Support@StatModel.com

Copyright (c) 1998-2017 Muthen & Muthen
