Mplus VERSION 8
MUTHEN & MUTHEN
02/15/2019   2:59 PM

INPUT INSTRUCTIONS

  TITLE: Your title goes here
  DATA: FILE = "Mplus_files_Results/cuts_long_trunc_n500_i3_nt30_na0.dat";
  VARIABLE:
  NAMES = subjn time y1 y2 y3;
  MISSING=.;
  USEVAR = y1
  y2
  y3 ;
  CLUSTER = subjn ;

  ANALYSIS:
  TYPE = TWOLEVEL ;
  ESTIMATOR = ML ;
  ITERATIONS = 50000 ;
  H1ITERATIONS = 50000 ;


  MODEL:

  %WITHIN%

  ! common states
  CS BY y1@1
  y2 (lcs2)
  y3 (lcs3) ;

  %BETWEEN%

  ! common trait
  CT BY y1@1
  y2 (lct2)
  y3 (lct3) ;



INPUT READING TERMINATED NORMALLY



Your title goes here

SUMMARY OF ANALYSIS

Number of groups                                                 1
Number of observations                                       15000

Number of dependent variables                                    3
Number of independent variables                                  0
Number of continuous latent variables                            2

Observed dependent variables

  Continuous
   Y1          Y2          Y3

Continuous latent variables
   CS          CT

Variables with special functions

  Cluster variable      SUBJN

Estimator                                                       ML
Information matrix                                        OBSERVED
Maximum number of iterations                                 50000
Convergence criterion                                    0.100D-05
Maximum number of EM iterations                                500
Convergence criteria for the EM algorithm
  Loglikelihood change                                   0.100D-02
  Relative loglikelihood change                          0.100D-05
  Derivative                                             0.100D-03
Minimum variance                                         0.100D-03
Maximum number of steepest descent iterations                   20
Maximum number of iterations for H1                          50000
Convergence criterion for H1                             0.100D-03
Optimization algorithm                                         EMA

Input data file(s)
  Mplus_files_Results/cuts_long_trunc_n500_i3_nt30_na0.dat
Input data format  FREE


SUMMARY OF DATA

     Number of missing data patterns             1
     Number of clusters                        500

     Average cluster size       30.000

     Estimated Intraclass Correlations for the Y Variables

                Intraclass              Intraclass              Intraclass
     Variable  Correlation   Variable  Correlation   Variable  Correlation

     Y1           0.368      Y2           0.641      Y3           0.317



COVARIANCE COVERAGE OF DATA

Minimum covariance coverage value   0.100


     PROPORTION OF DATA PRESENT


           Covariance Coverage
              Y1            Y2            Y3
              ________      ________      ________
 Y1             1.000
 Y2             1.000         1.000
 Y3             1.000         1.000         1.000



UNIVARIATE SAMPLE STATISTICS


     UNIVARIATE HIGHER-ORDER MOMENT DESCRIPTIVE STATISTICS

         Variable/         Mean/     Skewness/   Minimum/ % with                Percentiles
        Sample Size      Variance    Kurtosis    Maximum  Min/Max      20%/60%    40%/80%    Median

     Y1                    1.697       0.332      -6.000    0.02%       0.000      1.000      2.000
           15000.000       3.889       0.178      11.000    0.01%       2.000      3.000
     Y2                    2.130       0.291      -3.000    0.03%       1.000      2.000      2.000
           15000.000       2.656      -0.299       9.000    0.01%       2.000      4.000
     Y3                    2.705       0.270      -8.000    0.01%       0.000      2.000      3.000
           15000.000       6.226      -0.052      12.000    0.03%       3.000      5.000


THE MODEL ESTIMATION TERMINATED NORMALLY



MODEL FIT INFORMATION

Number of Free Parameters                       15

Loglikelihood

          H0 Value                      -75962.437
          H1 Value                      -75962.437

Information Criteria

          Akaike (AIC)                  151954.873
          Bayesian (BIC)                152069.111
          Sample-Size Adjusted BIC      152021.442
            (n* = (n + 2) / 24)

Chi-Square Test of Model Fit

          Value                              0.000
          Degrees of Freedom                     0
          P-Value                           0.0000

RMSEA (Root Mean Square Error Of Approximation)

          Estimate                           0.000

CFI/TLI

          CFI                                1.000
          TLI                                1.000

Chi-Square Test of Model Fit for the Baseline Model

          Value                          15073.190
          Degrees of Freedom                     6
          P-Value                           0.0000

SRMR (Standardized Root Mean Square Residual)

          Value for Within                   0.000
          Value for Between                  0.000



MODEL RESULTS

                                                    Two-Tailed
                    Estimate       S.E.  Est./S.E.    P-Value

Within Level

 CS       BY
    Y1                 1.000      0.000    999.000    999.000
    Y2                 0.523      0.007     72.953      0.000
    Y3                 1.356      0.017     77.573      0.000

 Variances
    CS                 1.552      0.031     49.350      0.000

 Residual Variances
    Y1                 0.904      0.020     46.265      0.000
    Y2                 0.529      0.008     68.993      0.000
    Y3                 1.400      0.034     40.714      0.000

Between Level

 CT       BY
    Y1                 1.000      0.000    999.000    999.000
    Y2                 0.831      0.050     16.481      0.000
    Y3                 1.179      0.055     21.323      0.000

 Intercepts
    Y1                 1.697      0.055     30.832      0.000
    Y2                 2.130      0.059     36.163      0.000
    Y3                 2.705      0.065     41.590      0.000

 Variances
    CT                 1.163      0.103     11.323      0.000

 Residual Variances
    Y1                 0.270      0.046      5.876      0.000
    Y2                 0.899      0.065     13.788      0.000
    Y3                 0.358      0.064      5.604      0.000


QUALITY OF NUMERICAL RESULTS

     Condition Number for the Information Matrix              0.154E-02
       (ratio of smallest to largest eigenvalue)


     Beginning Time:  14:59:05
        Ending Time:  14:59:06
       Elapsed Time:  00:00:01



MUTHEN & MUTHEN
3463 Stoner Ave.
Los Angeles, CA  90066

Tel: (310) 391-9971
Fax: (310) 391-8971
Web: www.StatModel.com
Support: Support@StatModel.com

Copyright (c) 1998-2017 Muthen & Muthen
