Mplus VERSION 8
MUTHEN & MUTHEN
02/06/2019   6:45 PM

INPUT INSTRUCTIONS

  TITLE: Your title goes here
  DATA: FILE = "Mplus_files_Results/cuts_wide_n100_i4_nt10.dat";
  VARIABLE:
  NAMES = subjn y11 y21 y31 y41 y12 y22 y32 y42 y13 y23 y33 y43 y14 y24 y34 y44 y15
       y25 y35 y45 y16 y26 y36 y46 y17 y27 y37 y47 y18 y28 y38 y48 y19 y29 y39 y49
       y110 y210 y310 y410;
  MISSING=.;
  USEVAR = y11
  y21
  y31
  y41
  y12
  y22
  y32
  y42
  y13
  y23
  y33
  y43
  y14
  y24
  y34
  y44
  y15
  y25
  y35
  y45
  y16
  y26
  y36
  y46
  y17
  y27
  y37
  y47
  y18
  y28
  y38
  y48
  y19
  y29
  y39
  y49
  y110
  y210
  y310
  y410 ;


  ANALYSIS:
  TYPE = GENERAL ;
  ESTIMATOR = ML ;
  ITERATIONS = 5e+05 ;
  H1ITERATIONS = 5e+05 ;


  MODEL:

  ! common states
  CS1 BY y11@1
  y21 (lcs21)
  y31 (lcs31)
  y41 (lcs41) ;
  CS2 BY y12@1
  y22 (lcs21)
  y32 (lcs31)
  y42 (lcs41) ;
  CS3 BY y13@1
  y23 (lcs21)
  y33 (lcs31)
  y43 (lcs41) ;
  CS4 BY y14@1
  y24 (lcs21)
  y34 (lcs31)
  y44 (lcs41) ;
  CS5 BY y15@1
  y25 (lcs21)
  y35 (lcs31)
  y45 (lcs41) ;
  CS6 BY y16@1
  y26 (lcs21)
  y36 (lcs31)
  y46 (lcs41) ;
  CS7 BY y17@1
  y27 (lcs21)
  y37 (lcs31)
  y47 (lcs41) ;
  CS8 BY y18@1
  y28 (lcs21)
  y38 (lcs31)
  y48 (lcs41) ;
  CS9 BY y19@1
  y29 (lcs21)
  y39 (lcs31)
  y49 (lcs41) ;
  CS10 BY y110@1
  y210 (lcs21)
  y310 (lcs31)
  y410 (lcs41) ;

  ! common trait
  CT BY y11@1
  y21 (lct21)
  y31 (lct31)
  y41 (lct41)
  y12@1
  y22 (lct21)
  y32 (lct31)
  y42 (lct41)
  y13@1
  y23 (lct21)
  y33 (lct31)
  y43 (lct41)
  y14@1
  y24 (lct21)
  y34 (lct31)
  y44 (lct41)
  y15@1
  y25 (lct21)
  y35 (lct31)
  y45 (lct41)
  y16@1
  y26 (lct21)
  y36 (lct31)
  y46 (lct41)
  y17@1
  y27 (lct21)
  y37 (lct31)
  y47 (lct41)
  y18@1
  y28 (lct21)
  y38 (lct31)
  y48 (lct41)
  y19@1
  y29 (lct21)
  y39 (lct31)
  y49 (lct41)
  y110@1
  y210 (lct21)
  y310 (lct31)
  y410 (lct41) ;

  ! unique trait
  UT1 BY y11@1
  y12@1
  y13@1
  y14@1
  y15@1
  y16@1
  y17@1
  y18@1
  y19@1
  y110@1 ;
  UT2 BY y21@1
  y22@1
  y23@1
  y24@1
  y25@1
  y26@1
  y27@1
  y28@1
  y29@1
  y210@1 ;
  UT3 BY y31@1
  y32@1
  y33@1
  y34@1
  y35@1
  y36@1
  y37@1
  y38@1
  y39@1
  y310@1 ;
  UT4 BY y41@1
  y42@1
  y43@1
  y44@1
  y45@1
  y46@1
  y47@1
  y48@1
  y49@1
  y410@1 ;

  ! Intercepts and means
  [y11*] (ins11) ;
  [y21*] (ins21) ;
  [y31*] (ins31) ;
  [y41*] (ins41) ;
  [y12*] (ins11) ;
  [y22*] (ins21) ;
  [y32*] (ins31) ;
  [y42*] (ins41) ;
  [y13*] (ins11) ;
  [y23*] (ins21) ;
  [y33*] (ins31) ;
  [y43*] (ins41) ;
  [y14*] (ins11) ;
  [y24*] (ins21) ;
  [y34*] (ins31) ;
  [y44*] (ins41) ;
  [y15*] (ins11) ;
  [y25*] (ins21) ;
  [y35*] (ins31) ;
  [y45*] (ins41) ;
  [y16*] (ins11) ;
  [y26*] (ins21) ;
  [y36*] (ins31) ;
  [y46*] (ins41) ;
  [y17*] (ins11) ;
  [y27*] (ins21) ;
  [y37*] (ins31) ;
  [y47*] (ins41) ;
  [y18*] (ins11) ;
  [y28*] (ins21) ;
  [y38*] (ins31) ;
  [y48*] (ins41) ;
  [y19*] (ins11) ;
  [y29*] (ins21) ;
  [y39*] (ins31) ;
  [y49*] (ins41) ;
  [y110*] (ins11) ;
  [y210*] (ins21) ;
  [y310*] (ins31) ;
  [y410*] (ins41) ;




  ! Set 0 covariances
  CS1 WITH CS2@0
  CS3@0
  CS4@0
  CS5@0
  CS6@0
  CS7@0
  CS8@0
  CS9@0
  CS10@0
  UT1@0
  UT2@0
  UT3@0
  UT4@0
  CT@0 ;
  CS2 WITH CS3@0
  CS4@0
  CS5@0
  CS6@0
  CS7@0
  CS8@0
  CS9@0
  CS10@0
  UT1@0
  UT2@0
  UT3@0
  UT4@0
  CT@0 ;
  CS3 WITH CS4@0
  CS5@0
  CS6@0
  CS7@0
  CS8@0
  CS9@0
  CS10@0
  UT1@0
  UT2@0
  UT3@0
  UT4@0
  CT@0 ;
  CS4 WITH CS5@0
  CS6@0
  CS7@0
  CS8@0
  CS9@0
  CS10@0
  UT1@0
  UT2@0
  UT3@0
  UT4@0
  CT@0 ;
  CS5 WITH CS6@0
  CS7@0
  CS8@0
  CS9@0
  CS10@0
  UT1@0
  UT2@0
  UT3@0
  UT4@0
  CT@0 ;
  CS6 WITH CS7@0
  CS8@0
  CS9@0
  CS10@0
  UT1@0
  UT2@0
  UT3@0
  UT4@0
  CT@0 ;
  CS7 WITH CS8@0
  CS9@0
  CS10@0
  UT1@0
  UT2@0
  UT3@0
  UT4@0
  CT@0 ;
  CS8 WITH CS9@0
  CS10@0
  UT1@0
  UT2@0
  UT3@0
  UT4@0
  CT@0 ;
  CS9 WITH CS10@0
  UT1@0
  UT2@0
  UT3@0
  UT4@0
  CT@0 ;
  CS10 WITH UT1@0
  UT2@0
  UT3@0
  UT4@0
  CT@0 ;
  UT1 WITH UT2@0
  UT3@0
  UT4@0
  CT@0 ;
  UT2 WITH UT3@0
  UT4@0
  CT@0 ;
  UT3 WITH UT4@0
  CT@0 ;
  UT4 WITH CT@0 ;

  ! Variance components
  y11 (err11) ;
  y21 (err21) ;
  y31 (err31) ;
  y41 (err41) ;
  y12 (err11) ;
  y22 (err21) ;
  y32 (err31) ;
  y42 (err41) ;
  y13 (err11) ;
  y23 (err21) ;
  y33 (err31) ;
  y43 (err41) ;
  y14 (err11) ;
  y24 (err21) ;
  y34 (err31) ;
  y44 (err41) ;
  y15 (err11) ;
  y25 (err21) ;
  y35 (err31) ;
  y45 (err41) ;
  y16 (err11) ;
  y26 (err21) ;
  y36 (err31) ;
  y46 (err41) ;
  y17 (err11) ;
  y27 (err21) ;
  y37 (err31) ;
  y47 (err41) ;
  y18 (err11) ;
  y28 (err21) ;
  y38 (err31) ;
  y48 (err41) ;
  y19 (err11) ;
  y29 (err21) ;
  y39 (err31) ;
  y49 (err41) ;
  y110 (err11) ;
  y210 (err21) ;
  y310 (err31) ;
  y410 (err41) ;
  CS1 (cs_var1) ;
  CS2 (cs_var1) ;
  CS3 (cs_var1) ;
  CS4 (cs_var1) ;
  CS5 (cs_var1) ;
  CS6 (cs_var1) ;
  CS7 (cs_var1) ;
  CS8 (cs_var1) ;
  CS9 (cs_var1) ;
  CS10 (cs_var1) ;
  UT1 (ut_var1) ;
  UT2 (ut_var2) ;
  UT3 (ut_var3) ;
  UT4 (ut_var4) ;
  CT (ct_var) ;



INPUT READING TERMINATED NORMALLY



Your title goes here

SUMMARY OF ANALYSIS

Number of groups                                                 1
Number of observations                                         100

Number of dependent variables                                   40
Number of independent variables                                  0
Number of continuous latent variables                           15

Observed dependent variables

  Continuous
   Y11         Y21         Y31         Y41         Y12         Y22
   Y32         Y42         Y13         Y23         Y33         Y43
   Y14         Y24         Y34         Y44         Y15         Y25
   Y35         Y45         Y16         Y26         Y36         Y46
   Y17         Y27         Y37         Y47         Y18         Y28
   Y38         Y48         Y19         Y29         Y39         Y49
   Y110        Y210        Y310        Y410

Continuous latent variables
   CS1         CS2         CS3         CS4         CS5         CS6
   CS7         CS8         CS9         CS10        CT          UT1
   UT2         UT3         UT4


Estimator                                                       ML
Information matrix                                        OBSERVED
Maximum number of iterations                                500000
Convergence criterion                                    0.500D-04
Maximum number of steepest descent iterations                   20
Maximum number of iterations for H1                         500000
Convergence criterion for H1                             0.100D-03

Input data file(s)
  Mplus_files_Results/cuts_wide_n100_i4_nt10.dat

Input data format  FREE


SUMMARY OF DATA

     Number of missing data patterns             1


COVARIANCE COVERAGE OF DATA

Minimum covariance coverage value   0.100


     PROPORTION OF DATA PRESENT


           Covariance Coverage
              Y11           Y21           Y31           Y41           Y12
              ________      ________      ________      ________      ________
 Y11            1.000
 Y21            1.000         1.000
 Y31            1.000         1.000         1.000
 Y41            1.000         1.000         1.000         1.000
 Y12            1.000         1.000         1.000         1.000         1.000
 Y22            1.000         1.000         1.000         1.000         1.000
 Y32            1.000         1.000         1.000         1.000         1.000
 Y42            1.000         1.000         1.000         1.000         1.000
 Y13            1.000         1.000         1.000         1.000         1.000
 Y23            1.000         1.000         1.000         1.000         1.000
 Y33            1.000         1.000         1.000         1.000         1.000
 Y43            1.000         1.000         1.000         1.000         1.000
 Y14            1.000         1.000         1.000         1.000         1.000
 Y24            1.000         1.000         1.000         1.000         1.000
 Y34            1.000         1.000         1.000         1.000         1.000
 Y44            1.000         1.000         1.000         1.000         1.000
 Y15            1.000         1.000         1.000         1.000         1.000
 Y25            1.000         1.000         1.000         1.000         1.000
 Y35            1.000         1.000         1.000         1.000         1.000
 Y45            1.000         1.000         1.000         1.000         1.000
 Y16            1.000         1.000         1.000         1.000         1.000
 Y26            1.000         1.000         1.000         1.000         1.000
 Y36            1.000         1.000         1.000         1.000         1.000
 Y46            1.000         1.000         1.000         1.000         1.000
 Y17            1.000         1.000         1.000         1.000         1.000
 Y27            1.000         1.000         1.000         1.000         1.000
 Y37            1.000         1.000         1.000         1.000         1.000
 Y47            1.000         1.000         1.000         1.000         1.000
 Y18            1.000         1.000         1.000         1.000         1.000
 Y28            1.000         1.000         1.000         1.000         1.000
 Y38            1.000         1.000         1.000         1.000         1.000
 Y48            1.000         1.000         1.000         1.000         1.000
 Y19            1.000         1.000         1.000         1.000         1.000
 Y29            1.000         1.000         1.000         1.000         1.000
 Y39            1.000         1.000         1.000         1.000         1.000
 Y49            1.000         1.000         1.000         1.000         1.000
 Y110           1.000         1.000         1.000         1.000         1.000
 Y210           1.000         1.000         1.000         1.000         1.000
 Y310           1.000         1.000         1.000         1.000         1.000
 Y410           1.000         1.000         1.000         1.000         1.000


           Covariance Coverage
              Y22           Y32           Y42           Y13           Y23
              ________      ________      ________      ________      ________
 Y22            1.000
 Y32            1.000         1.000
 Y42            1.000         1.000         1.000
 Y13            1.000         1.000         1.000         1.000
 Y23            1.000         1.000         1.000         1.000         1.000
 Y33            1.000         1.000         1.000         1.000         1.000
 Y43            1.000         1.000         1.000         1.000         1.000
 Y14            1.000         1.000         1.000         1.000         1.000
 Y24            1.000         1.000         1.000         1.000         1.000
 Y34            1.000         1.000         1.000         1.000         1.000
 Y44            1.000         1.000         1.000         1.000         1.000
 Y15            1.000         1.000         1.000         1.000         1.000
 Y25            1.000         1.000         1.000         1.000         1.000
 Y35            1.000         1.000         1.000         1.000         1.000
 Y45            1.000         1.000         1.000         1.000         1.000
 Y16            1.000         1.000         1.000         1.000         1.000
 Y26            1.000         1.000         1.000         1.000         1.000
 Y36            1.000         1.000         1.000         1.000         1.000
 Y46            1.000         1.000         1.000         1.000         1.000
 Y17            1.000         1.000         1.000         1.000         1.000
 Y27            1.000         1.000         1.000         1.000         1.000
 Y37            1.000         1.000         1.000         1.000         1.000
 Y47            1.000         1.000         1.000         1.000         1.000
 Y18            1.000         1.000         1.000         1.000         1.000
 Y28            1.000         1.000         1.000         1.000         1.000
 Y38            1.000         1.000         1.000         1.000         1.000
 Y48            1.000         1.000         1.000         1.000         1.000
 Y19            1.000         1.000         1.000         1.000         1.000
 Y29            1.000         1.000         1.000         1.000         1.000
 Y39            1.000         1.000         1.000         1.000         1.000
 Y49            1.000         1.000         1.000         1.000         1.000
 Y110           1.000         1.000         1.000         1.000         1.000
 Y210           1.000         1.000         1.000         1.000         1.000
 Y310           1.000         1.000         1.000         1.000         1.000
 Y410           1.000         1.000         1.000         1.000         1.000


           Covariance Coverage
              Y33           Y43           Y14           Y24           Y34
              ________      ________      ________      ________      ________
 Y33            1.000
 Y43            1.000         1.000
 Y14            1.000         1.000         1.000
 Y24            1.000         1.000         1.000         1.000
 Y34            1.000         1.000         1.000         1.000         1.000
 Y44            1.000         1.000         1.000         1.000         1.000
 Y15            1.000         1.000         1.000         1.000         1.000
 Y25            1.000         1.000         1.000         1.000         1.000
 Y35            1.000         1.000         1.000         1.000         1.000
 Y45            1.000         1.000         1.000         1.000         1.000
 Y16            1.000         1.000         1.000         1.000         1.000
 Y26            1.000         1.000         1.000         1.000         1.000
 Y36            1.000         1.000         1.000         1.000         1.000
 Y46            1.000         1.000         1.000         1.000         1.000
 Y17            1.000         1.000         1.000         1.000         1.000
 Y27            1.000         1.000         1.000         1.000         1.000
 Y37            1.000         1.000         1.000         1.000         1.000
 Y47            1.000         1.000         1.000         1.000         1.000
 Y18            1.000         1.000         1.000         1.000         1.000
 Y28            1.000         1.000         1.000         1.000         1.000
 Y38            1.000         1.000         1.000         1.000         1.000
 Y48            1.000         1.000         1.000         1.000         1.000
 Y19            1.000         1.000         1.000         1.000         1.000
 Y29            1.000         1.000         1.000         1.000         1.000
 Y39            1.000         1.000         1.000         1.000         1.000
 Y49            1.000         1.000         1.000         1.000         1.000
 Y110           1.000         1.000         1.000         1.000         1.000
 Y210           1.000         1.000         1.000         1.000         1.000
 Y310           1.000         1.000         1.000         1.000         1.000
 Y410           1.000         1.000         1.000         1.000         1.000


           Covariance Coverage
              Y44           Y15           Y25           Y35           Y45
              ________      ________      ________      ________      ________
 Y44            1.000
 Y15            1.000         1.000
 Y25            1.000         1.000         1.000
 Y35            1.000         1.000         1.000         1.000
 Y45            1.000         1.000         1.000         1.000         1.000
 Y16            1.000         1.000         1.000         1.000         1.000
 Y26            1.000         1.000         1.000         1.000         1.000
 Y36            1.000         1.000         1.000         1.000         1.000
 Y46            1.000         1.000         1.000         1.000         1.000
 Y17            1.000         1.000         1.000         1.000         1.000
 Y27            1.000         1.000         1.000         1.000         1.000
 Y37            1.000         1.000         1.000         1.000         1.000
 Y47            1.000         1.000         1.000         1.000         1.000
 Y18            1.000         1.000         1.000         1.000         1.000
 Y28            1.000         1.000         1.000         1.000         1.000
 Y38            1.000         1.000         1.000         1.000         1.000
 Y48            1.000         1.000         1.000         1.000         1.000
 Y19            1.000         1.000         1.000         1.000         1.000
 Y29            1.000         1.000         1.000         1.000         1.000
 Y39            1.000         1.000         1.000         1.000         1.000
 Y49            1.000         1.000         1.000         1.000         1.000
 Y110           1.000         1.000         1.000         1.000         1.000
 Y210           1.000         1.000         1.000         1.000         1.000
 Y310           1.000         1.000         1.000         1.000         1.000
 Y410           1.000         1.000         1.000         1.000         1.000


           Covariance Coverage
              Y16           Y26           Y36           Y46           Y17
              ________      ________      ________      ________      ________
 Y16            1.000
 Y26            1.000         1.000
 Y36            1.000         1.000         1.000
 Y46            1.000         1.000         1.000         1.000
 Y17            1.000         1.000         1.000         1.000         1.000
 Y27            1.000         1.000         1.000         1.000         1.000
 Y37            1.000         1.000         1.000         1.000         1.000
 Y47            1.000         1.000         1.000         1.000         1.000
 Y18            1.000         1.000         1.000         1.000         1.000
 Y28            1.000         1.000         1.000         1.000         1.000
 Y38            1.000         1.000         1.000         1.000         1.000
 Y48            1.000         1.000         1.000         1.000         1.000
 Y19            1.000         1.000         1.000         1.000         1.000
 Y29            1.000         1.000         1.000         1.000         1.000
 Y39            1.000         1.000         1.000         1.000         1.000
 Y49            1.000         1.000         1.000         1.000         1.000
 Y110           1.000         1.000         1.000         1.000         1.000
 Y210           1.000         1.000         1.000         1.000         1.000
 Y310           1.000         1.000         1.000         1.000         1.000
 Y410           1.000         1.000         1.000         1.000         1.000


           Covariance Coverage
              Y27           Y37           Y47           Y18           Y28
              ________      ________      ________      ________      ________
 Y27            1.000
 Y37            1.000         1.000
 Y47            1.000         1.000         1.000
 Y18            1.000         1.000         1.000         1.000
 Y28            1.000         1.000         1.000         1.000         1.000
 Y38            1.000         1.000         1.000         1.000         1.000
 Y48            1.000         1.000         1.000         1.000         1.000
 Y19            1.000         1.000         1.000         1.000         1.000
 Y29            1.000         1.000         1.000         1.000         1.000
 Y39            1.000         1.000         1.000         1.000         1.000
 Y49            1.000         1.000         1.000         1.000         1.000
 Y110           1.000         1.000         1.000         1.000         1.000
 Y210           1.000         1.000         1.000         1.000         1.000
 Y310           1.000         1.000         1.000         1.000         1.000
 Y410           1.000         1.000         1.000         1.000         1.000


           Covariance Coverage
              Y38           Y48           Y19           Y29           Y39
              ________      ________      ________      ________      ________
 Y38            1.000
 Y48            1.000         1.000
 Y19            1.000         1.000         1.000
 Y29            1.000         1.000         1.000         1.000
 Y39            1.000         1.000         1.000         1.000         1.000
 Y49            1.000         1.000         1.000         1.000         1.000
 Y110           1.000         1.000         1.000         1.000         1.000
 Y210           1.000         1.000         1.000         1.000         1.000
 Y310           1.000         1.000         1.000         1.000         1.000
 Y410           1.000         1.000         1.000         1.000         1.000


           Covariance Coverage
              Y49           Y110          Y210          Y310          Y410
              ________      ________      ________      ________      ________
 Y49            1.000
 Y110           1.000         1.000
 Y210           1.000         1.000         1.000
 Y310           1.000         1.000         1.000         1.000
 Y410           1.000         1.000         1.000         1.000         1.000



UNIVARIATE SAMPLE STATISTICS


     UNIVARIATE HIGHER-ORDER MOMENT DESCRIPTIVE STATISTICS

         Variable/         Mean/     Skewness/   Minimum/ % with                Percentiles
        Sample Size      Variance    Kurtosis    Maximum  Min/Max      20%/60%    40%/80%    Median

     Y11                   2.037       0.059      -4.015    1.00%       0.141      1.254      1.877
             100.000       5.583      -0.279       7.949    1.00%       2.715      4.305
     Y21                   2.760      -0.207      -1.054    1.00%       1.321      2.368      2.771
             100.000       2.592      -0.506       6.327    1.00%       3.278      4.331
     Y31                   3.317      -0.137      -3.021    1.00%       1.359      2.575      3.297
             100.000       6.348      -0.153       9.262    1.00%       3.797      5.539
     Y41                   3.761      -0.169      -0.439    1.00%       2.096      3.350      3.884
             100.000       3.716      -0.544       7.325    1.00%       4.273      5.573
     Y12                   1.907      -0.058      -3.534    1.00%       0.043      1.551      1.849
             100.000       5.013      -0.262       7.195    1.00%       2.444      3.710
     Y22                   2.553       0.049      -1.219    1.00%       1.352      2.155      2.701
             100.000       2.444       0.714       7.870    1.00%       3.086      3.629
     Y32                   2.853      -0.067      -3.801    1.00%       0.654      2.045      2.744
             100.000       7.788      -0.106       9.422    1.00%       3.521      5.100
     Y42                   3.596       0.273      -0.920    1.00%       1.622      2.986      3.632
             100.000       4.272       0.079       9.507    1.00%       3.951      5.268
     Y13                   2.150       0.108      -3.253    1.00%      -0.075      1.558      2.140
             100.000       5.482      -0.347       7.523    1.00%       2.734      3.909
     Y23                   2.747       0.142      -0.776    1.00%       1.504      2.352      2.620
             100.000       2.595       0.052       7.247    1.00%       2.878      4.239
     Y33                   3.416       0.206      -2.852    1.00%       0.873      2.573      3.230
             100.000       6.152      -0.247      10.663    1.00%       3.888      5.626
     Y43                   3.912       0.108      -1.051    1.00%       2.288      3.511      3.959
             100.000       3.439       0.981      10.458    1.00%       4.360      5.208
     Y14                   2.110      -0.077      -2.900    1.00%       0.354      1.499      2.139
             100.000       3.975      -0.212       6.922    1.00%       2.666      3.843
     Y24                   2.770       0.201      -1.264    1.00%       1.249      2.304      2.780
             100.000       2.659       0.461       7.592    1.00%       3.193      4.124
     Y34                   3.067      -0.158      -3.957    1.00%       0.912      2.243      2.936
             100.000       6.589      -0.284       8.828    1.00%       3.784      5.438
     Y44                   3.737      -0.283      -0.873    1.00%       2.049      3.555      3.830
             100.000       3.316      -0.010       7.804    1.00%       4.292      5.068
     Y15                   1.997       0.111      -3.280    1.00%      -0.192      1.459      2.102
             100.000       5.378      -0.288       7.687    1.00%       2.536      3.879
     Y25                   2.552      -0.086      -0.846    1.00%       1.132      2.076      2.684
             100.000       2.772      -0.457       6.530    1.00%       3.085      3.837
     Y35                   3.080      -0.287      -3.857    1.00%       0.795      2.816      3.374
             100.000       7.177      -0.215       8.745    1.00%       3.880      5.213
     Y45                   3.504      -0.026      -0.832    1.00%       1.778      3.124      3.560
             100.000       2.708      -0.498       7.067    1.00%       3.894      4.872
     Y16                   2.097      -0.035      -2.410    1.00%       0.194      1.528      2.083
             100.000       4.538      -0.532       6.472    1.00%       2.585      3.987
     Y26                   2.860      -0.156      -1.643    1.00%       1.550      2.378      2.940
             100.000       2.599       0.217       7.836    1.00%       3.364      4.251
     Y36                   3.142      -0.156      -3.783    1.00%       0.448      2.537      3.229
             100.000       8.339      -0.273      10.230    1.00%       4.209      5.638
     Y46                   3.600      -0.113      -1.153    1.00%       1.490      3.176      3.757
             100.000       4.697      -0.585       7.948    1.00%       4.224      5.287
     Y17                   1.978       0.238      -3.154    1.00%       0.080      1.437      1.905
             100.000       4.474       0.304       8.996    1.00%       2.522      3.678
     Y27                   2.675      -0.398      -1.793    1.00%       1.429      2.346      2.767
             100.000       2.359       0.505       6.703    1.00%       3.195      3.835
     Y37                   2.973      -0.537      -6.675    1.00%       1.256      2.489      3.119
             100.000       6.308       1.343       8.891    1.00%       3.491      4.834
     Y47                   3.774      -0.479      -1.866    1.00%       2.414      3.472      3.892
             100.000       3.028       0.432       7.524    1.00%       4.334      5.127
     Y18                   1.987      -0.157      -4.101    1.00%       0.003      1.496      2.024
             100.000       4.907       0.141       7.272    1.00%       2.644      3.777
     Y28                   2.698       0.248      -1.399    1.00%       1.486      2.138      2.754
             100.000       2.651      -0.091       6.957    1.00%       3.042      4.070
     Y38                   2.855      -0.173      -6.760    1.00%       0.658      2.336      3.027
             100.000       8.902       0.536      11.077    1.00%       3.394      5.175
     Y48                   3.751      -0.050      -2.928    1.00%       2.156      2.896      3.630
             100.000       4.120       0.351       9.398    1.00%       4.358      5.554
     Y19                   2.057      -0.329      -4.065    1.00%       0.461      1.379      2.071
             100.000       5.306      -0.081       7.225    1.00%       2.896      4.055
     Y29                   2.756       0.208      -0.623    1.00%       1.506      2.385      2.717
             100.000       2.179      -0.012       6.814    1.00%       3.071      4.106
     Y39                   3.125       0.056      -3.744    1.00%       0.633      2.645      3.388
             100.000       6.611      -0.077      10.425    1.00%       3.652      4.988
     Y49                   3.725       0.034      -0.997    1.00%       2.283      3.392      3.648
             100.000       3.627       0.260       8.419    1.00%       4.031      5.085
     Y110                  2.169       0.140      -2.072    1.00%       0.315      1.740      2.246
             100.000       3.994      -0.121       8.331    1.00%       2.755      3.605
     Y210                  2.809      -0.141      -0.915    1.00%       1.446      2.512      2.923
             100.000       2.262      -0.386       6.109    1.00%       3.209      3.945
     Y310                  3.262       0.151      -2.466    1.00%       1.383      2.825      3.480
             100.000       6.403       0.333      10.985    1.00%       3.901      5.093
     Y410                  3.721       0.458      -0.980    1.00%       2.164      3.355      3.619
             100.000       3.500       0.820       9.642    1.00%       4.034      5.031


THE MODEL ESTIMATION TERMINATED NORMALLY



MODEL FIT INFORMATION

Number of Free Parameters                       20

Loglikelihood

          H0 Value                       -6844.119
          H1 Value                       -6363.116

Information Criteria

          Akaike (AIC)                   13728.237
          Bayesian (BIC)                 13780.341
          Sample-Size Adjusted BIC       13717.176
            (n* = (n + 2) / 24)

Chi-Square Test of Model Fit

          Value                            962.006
          Degrees of Freedom                   840
          P-Value                           0.0021

RMSEA (Root Mean Square Error Of Approximation)

          Estimate                           0.038
          90 Percent C.I.                    0.024  0.049
          Probability RMSEA <= .05           0.963

CFI/TLI

          CFI                                0.966
          TLI                                0.968

Chi-Square Test of Model Fit for the Baseline Model

          Value                           4345.894
          Degrees of Freedom                   780
          P-Value                           0.0000

SRMR (Standardized Root Mean Square Residual)

          Value                              0.081



MODEL RESULTS

                                                    Two-Tailed
                    Estimate       S.E.  Est./S.E.    P-Value

 CS1      BY
    Y11                1.000      0.000    999.000    999.000
    Y21                0.483      0.021     22.800      0.000
    Y31                1.290      0.046     27.781      0.000
    Y41                0.757      0.029     25.950      0.000

 CS2      BY
    Y12                1.000      0.000    999.000    999.000
    Y22                0.483      0.021     22.800      0.000
    Y32                1.290      0.046     27.781      0.000
    Y42                0.757      0.029     25.950      0.000

 CS3      BY
    Y13                1.000      0.000    999.000    999.000
    Y23                0.483      0.021     22.800      0.000
    Y33                1.290      0.046     27.781      0.000
    Y43                0.757      0.029     25.950      0.000

 CS4      BY
    Y14                1.000      0.000    999.000    999.000
    Y24                0.483      0.021     22.800      0.000
    Y34                1.290      0.046     27.781      0.000
    Y44                0.757      0.029     25.950      0.000

 CS5      BY
    Y15                1.000      0.000    999.000    999.000
    Y25                0.483      0.021     22.800      0.000
    Y35                1.290      0.046     27.781      0.000
    Y45                0.757      0.029     25.950      0.000

 CS6      BY
    Y16                1.000      0.000    999.000    999.000
    Y26                0.483      0.021     22.800      0.000
    Y36                1.290      0.046     27.781      0.000
    Y46                0.757      0.029     25.950      0.000

 CS7      BY
    Y17                1.000      0.000    999.000    999.000
    Y27                0.483      0.021     22.800      0.000
    Y37                1.290      0.046     27.781      0.000
    Y47                0.757      0.029     25.950      0.000

 CS8      BY
    Y18                1.000      0.000    999.000    999.000
    Y28                0.483      0.021     22.800      0.000
    Y38                1.290      0.046     27.781      0.000
    Y48                0.757      0.029     25.950      0.000

 CS9      BY
    Y19                1.000      0.000    999.000    999.000
    Y29                0.483      0.021     22.800      0.000
    Y39                1.290      0.046     27.781      0.000
    Y49                0.757      0.029     25.950      0.000

 CS10     BY
    Y110               1.000      0.000    999.000    999.000
    Y210               0.483      0.021     22.800      0.000
    Y310               1.290      0.046     27.781      0.000
    Y410               0.757      0.029     25.950      0.000

 CT       BY
    Y11                1.000      0.000    999.000    999.000
    Y21                0.672      0.117      5.758      0.000
    Y31                1.202      0.140      8.575      0.000
    Y41                0.756      0.124      6.108      0.000
    Y12                1.000      0.000    999.000    999.000
    Y22                0.672      0.117      5.758      0.000
    Y32                1.202      0.140      8.575      0.000
    Y42                0.756      0.124      6.108      0.000
    Y13                1.000      0.000    999.000    999.000
    Y23                0.672      0.117      5.758      0.000
    Y33                1.202      0.140      8.575      0.000
    Y43                0.756      0.124      6.108      0.000
    Y14                1.000      0.000    999.000    999.000
    Y24                0.672      0.117      5.758      0.000
    Y34                1.202      0.140      8.575      0.000
    Y44                0.756      0.124      6.108      0.000
    Y15                1.000      0.000    999.000    999.000
    Y25                0.672      0.117      5.758      0.000
    Y35                1.202      0.140      8.575      0.000
    Y45                0.756      0.124      6.108      0.000
    Y16                1.000      0.000    999.000    999.000
    Y26                0.672      0.117      5.758      0.000
    Y36                1.202      0.140      8.575      0.000
    Y46                0.756      0.124      6.108      0.000
    Y17                1.000      0.000    999.000    999.000
    Y27                0.672      0.117      5.758      0.000
    Y37                1.202      0.140      8.575      0.000
    Y47                0.756      0.124      6.108      0.000
    Y18                1.000      0.000    999.000    999.000
    Y28                0.672      0.117      5.758      0.000
    Y38                1.202      0.140      8.575      0.000
    Y48                0.756      0.124      6.108      0.000
    Y19                1.000      0.000    999.000    999.000
    Y29                0.672      0.117      5.758      0.000
    Y39                1.202      0.140      8.575      0.000
    Y49                0.756      0.124      6.108      0.000
    Y110               1.000      0.000    999.000    999.000
    Y210               0.672      0.117      5.758      0.000
    Y310               1.202      0.140      8.575      0.000
    Y410               0.756      0.124      6.108      0.000

 UT1      BY
    Y11                1.000      0.000    999.000    999.000
    Y12                1.000      0.000    999.000    999.000
    Y13                1.000      0.000    999.000    999.000
    Y14                1.000      0.000    999.000    999.000
    Y15                1.000      0.000    999.000    999.000
    Y16                1.000      0.000    999.000    999.000
    Y17                1.000      0.000    999.000    999.000
    Y18                1.000      0.000    999.000    999.000
    Y19                1.000      0.000    999.000    999.000
    Y110               1.000      0.000    999.000    999.000

 UT2      BY
    Y21                1.000      0.000    999.000    999.000
    Y22                1.000      0.000    999.000    999.000
    Y23                1.000      0.000    999.000    999.000
    Y24                1.000      0.000    999.000    999.000
    Y25                1.000      0.000    999.000    999.000
    Y26                1.000      0.000    999.000    999.000
    Y27                1.000      0.000    999.000    999.000
    Y28                1.000      0.000    999.000    999.000
    Y29                1.000      0.000    999.000    999.000
    Y210               1.000      0.000    999.000    999.000

 UT3      BY
    Y31                1.000      0.000    999.000    999.000
    Y32                1.000      0.000    999.000    999.000
    Y33                1.000      0.000    999.000    999.000
    Y34                1.000      0.000    999.000    999.000
    Y35                1.000      0.000    999.000    999.000
    Y36                1.000      0.000    999.000    999.000
    Y37                1.000      0.000    999.000    999.000
    Y38                1.000      0.000    999.000    999.000
    Y39                1.000      0.000    999.000    999.000
    Y310               1.000      0.000    999.000    999.000

 UT4      BY
    Y41                1.000      0.000    999.000    999.000
    Y42                1.000      0.000    999.000    999.000
    Y43                1.000      0.000    999.000    999.000
    Y44                1.000      0.000    999.000    999.000
    Y45                1.000      0.000    999.000    999.000
    Y46                1.000      0.000    999.000    999.000
    Y47                1.000      0.000    999.000    999.000
    Y48                1.000      0.000    999.000    999.000
    Y49                1.000      0.000    999.000    999.000
    Y410               1.000      0.000    999.000    999.000

 CS1      WITH
    CS2                0.000      0.000    999.000    999.000
    CS3                0.000      0.000    999.000    999.000
    CS4                0.000      0.000    999.000    999.000
    CS5                0.000      0.000    999.000    999.000
    CS6                0.000      0.000    999.000    999.000
    CS7                0.000      0.000    999.000    999.000
    CS8                0.000      0.000    999.000    999.000
    CS9                0.000      0.000    999.000    999.000
    CS10               0.000      0.000    999.000    999.000
    UT1                0.000      0.000    999.000    999.000
    UT2                0.000      0.000    999.000    999.000
    UT3                0.000      0.000    999.000    999.000
    UT4                0.000      0.000    999.000    999.000
    CT                 0.000      0.000    999.000    999.000

 CS2      WITH
    CS3                0.000      0.000    999.000    999.000
    CS4                0.000      0.000    999.000    999.000
    CS5                0.000      0.000    999.000    999.000
    CS6                0.000      0.000    999.000    999.000
    CS7                0.000      0.000    999.000    999.000
    CS8                0.000      0.000    999.000    999.000
    CS9                0.000      0.000    999.000    999.000
    CS10               0.000      0.000    999.000    999.000
    UT1                0.000      0.000    999.000    999.000
    UT2                0.000      0.000    999.000    999.000
    UT3                0.000      0.000    999.000    999.000
    UT4                0.000      0.000    999.000    999.000
    CT                 0.000      0.000    999.000    999.000

 CS3      WITH
    CS4                0.000      0.000    999.000    999.000
    CS5                0.000      0.000    999.000    999.000
    CS6                0.000      0.000    999.000    999.000
    CS7                0.000      0.000    999.000    999.000
    CS8                0.000      0.000    999.000    999.000
    CS9                0.000      0.000    999.000    999.000
    CS10               0.000      0.000    999.000    999.000
    UT1                0.000      0.000    999.000    999.000
    UT2                0.000      0.000    999.000    999.000
    UT3                0.000      0.000    999.000    999.000
    UT4                0.000      0.000    999.000    999.000
    CT                 0.000      0.000    999.000    999.000

 CS4      WITH
    CS5                0.000      0.000    999.000    999.000
    CS6                0.000      0.000    999.000    999.000
    CS7                0.000      0.000    999.000    999.000
    CS8                0.000      0.000    999.000    999.000
    CS9                0.000      0.000    999.000    999.000
    CS10               0.000      0.000    999.000    999.000
    UT1                0.000      0.000    999.000    999.000
    UT2                0.000      0.000    999.000    999.000
    UT3                0.000      0.000    999.000    999.000
    UT4                0.000      0.000    999.000    999.000
    CT                 0.000      0.000    999.000    999.000

 CS5      WITH
    CS6                0.000      0.000    999.000    999.000
    CS7                0.000      0.000    999.000    999.000
    CS8                0.000      0.000    999.000    999.000
    CS9                0.000      0.000    999.000    999.000
    CS10               0.000      0.000    999.000    999.000
    UT1                0.000      0.000    999.000    999.000
    UT2                0.000      0.000    999.000    999.000
    UT3                0.000      0.000    999.000    999.000
    UT4                0.000      0.000    999.000    999.000
    CT                 0.000      0.000    999.000    999.000

 CS6      WITH
    CS7                0.000      0.000    999.000    999.000
    CS8                0.000      0.000    999.000    999.000
    CS9                0.000      0.000    999.000    999.000
    CS10               0.000      0.000    999.000    999.000
    UT1                0.000      0.000    999.000    999.000
    UT2                0.000      0.000    999.000    999.000
    UT3                0.000      0.000    999.000    999.000
    UT4                0.000      0.000    999.000    999.000
    CT                 0.000      0.000    999.000    999.000

 CS7      WITH
    CS8                0.000      0.000    999.000    999.000
    CS9                0.000      0.000    999.000    999.000
    CS10               0.000      0.000    999.000    999.000
    UT1                0.000      0.000    999.000    999.000
    UT2                0.000      0.000    999.000    999.000
    UT3                0.000      0.000    999.000    999.000
    UT4                0.000      0.000    999.000    999.000
    CT                 0.000      0.000    999.000    999.000

 CS8      WITH
    CS9                0.000      0.000    999.000    999.000
    CS10               0.000      0.000    999.000    999.000
    UT1                0.000      0.000    999.000    999.000
    UT2                0.000      0.000    999.000    999.000
    UT3                0.000      0.000    999.000    999.000
    UT4                0.000      0.000    999.000    999.000
    CT                 0.000      0.000    999.000    999.000

 CS9      WITH
    CS10               0.000      0.000    999.000    999.000
    UT1                0.000      0.000    999.000    999.000
    UT2                0.000      0.000    999.000    999.000
    UT3                0.000      0.000    999.000    999.000
    UT4                0.000      0.000    999.000    999.000
    CT                 0.000      0.000    999.000    999.000

 CS10     WITH
    UT1                0.000      0.000    999.000    999.000
    UT2                0.000      0.000    999.000    999.000
    UT3                0.000      0.000    999.000    999.000
    UT4                0.000      0.000    999.000    999.000
    CT                 0.000      0.000    999.000    999.000

 UT1      WITH
    UT2                0.000      0.000    999.000    999.000
    UT3                0.000      0.000    999.000    999.000
    UT4                0.000      0.000    999.000    999.000
    CT                 0.000      0.000    999.000    999.000

 UT2      WITH
    UT3                0.000      0.000    999.000    999.000
    UT4                0.000      0.000    999.000    999.000
    CT                 0.000      0.000    999.000    999.000

 UT3      WITH
    UT4                0.000      0.000    999.000    999.000
    CT                 0.000      0.000    999.000    999.000

 UT4      WITH
    CT                 0.000      0.000    999.000    999.000

 Intercepts
    Y11                2.049      0.144     14.241      0.000
    Y21                2.718      0.128     21.308      0.000
    Y31                3.109      0.159     19.569      0.000
    Y41                3.708      0.135     27.385      0.000
    Y12                2.049      0.144     14.241      0.000
    Y22                2.718      0.128     21.308      0.000
    Y32                3.109      0.159     19.569      0.000
    Y42                3.708      0.135     27.385      0.000
    Y13                2.049      0.144     14.241      0.000
    Y23                2.718      0.128     21.308      0.000
    Y33                3.109      0.159     19.569      0.000
    Y43                3.708      0.135     27.385      0.000
    Y14                2.049      0.144     14.241      0.000
    Y24                2.718      0.128     21.308      0.000
    Y34                3.109      0.159     19.569      0.000
    Y44                3.708      0.135     27.385      0.000
    Y15                2.049      0.144     14.241      0.000
    Y25                2.718      0.128     21.308      0.000
    Y35                3.109      0.159     19.569      0.000
    Y45                3.708      0.135     27.385      0.000
    Y16                2.049      0.144     14.241      0.000
    Y26                2.718      0.128     21.308      0.000
    Y36                3.109      0.159     19.569      0.000
    Y46                3.708      0.135     27.385      0.000
    Y17                2.049      0.144     14.241      0.000
    Y27                2.718      0.128     21.308      0.000
    Y37                3.109      0.159     19.569      0.000
    Y47                3.708      0.135     27.385      0.000
    Y18                2.049      0.144     14.241      0.000
    Y28                2.718      0.128     21.308      0.000
    Y38                3.109      0.159     19.569      0.000
    Y48                3.708      0.135     27.385      0.000
    Y19                2.049      0.144     14.241      0.000
    Y29                2.718      0.128     21.308      0.000
    Y39                3.109      0.159     19.569      0.000
    Y49                3.708      0.135     27.385      0.000
    Y110               2.049      0.144     14.241      0.000
    Y210               2.718      0.128     21.308      0.000
    Y310               3.109      0.159     19.569      0.000
    Y410               3.708      0.135     27.385      0.000

 Variances
    CS1                2.174      0.149     14.627      0.000
    CS2                2.174      0.149     14.627      0.000
    CS3                2.174      0.149     14.627      0.000
    CS4                2.174      0.149     14.627      0.000
    CS5                2.174      0.149     14.627      0.000
    CS6                2.174      0.149     14.627      0.000
    CS7                2.174      0.149     14.627      0.000
    CS8                2.174      0.149     14.627      0.000
    CS9                2.174      0.149     14.627      0.000
    CS10               2.174      0.149     14.627      0.000
    CT                 1.248      0.298      4.186      0.000
    UT1                0.510      0.134      3.798      0.000
    UT2                0.963      0.158      6.091      0.000
    UT3                0.214      0.154      1.393      0.164
    UT4                0.918      0.155      5.942      0.000

 Residual Variances
    Y11                0.944      0.067     14.141      0.000
    Y21                0.488      0.027     18.159      0.000
    Y31                1.459      0.107     13.605      0.000
    Y41                0.771      0.047     16.364      0.000
    Y12                0.944      0.067     14.141      0.000
    Y22                0.488      0.027     18.159      0.000
    Y32                1.459      0.107     13.605      0.000
    Y42                0.771      0.047     16.364      0.000
    Y13                0.944      0.067     14.141      0.000
    Y23                0.488      0.027     18.159      0.000
    Y33                1.459      0.107     13.605      0.000
    Y43                0.771      0.047     16.364      0.000
    Y14                0.944      0.067     14.141      0.000
    Y24                0.488      0.027     18.159      0.000
    Y34                1.459      0.107     13.605      0.000
    Y44                0.771      0.047     16.364      0.000
    Y15                0.944      0.067     14.141      0.000
    Y25                0.488      0.027     18.159      0.000
    Y35                1.459      0.107     13.605      0.000
    Y45                0.771      0.047     16.364      0.000
    Y16                0.944      0.067     14.141      0.000
    Y26                0.488      0.027     18.159      0.000
    Y36                1.459      0.107     13.605      0.000
    Y46                0.771      0.047     16.364      0.000
    Y17                0.944      0.067     14.141      0.000
    Y27                0.488      0.027     18.159      0.000
    Y37                1.459      0.107     13.605      0.000
    Y47                0.771      0.047     16.364      0.000
    Y18                0.944      0.067     14.141      0.000
    Y28                0.488      0.027     18.159      0.000
    Y38                1.459      0.107     13.605      0.000
    Y48                0.771      0.047     16.364      0.000
    Y19                0.944      0.067     14.141      0.000
    Y29                0.488      0.027     18.159      0.000
    Y39                1.459      0.107     13.605      0.000
    Y49                0.771      0.047     16.364      0.000
    Y110               0.944      0.067     14.141      0.000
    Y210               0.488      0.027     18.159      0.000
    Y310               1.459      0.107     13.605      0.000
    Y410               0.771      0.047     16.364      0.000


QUALITY OF NUMERICAL RESULTS

     Condition Number for the Information Matrix              0.276E-02
       (ratio of smallest to largest eigenvalue)


     Beginning Time:  18:45:46
        Ending Time:  18:45:49
       Elapsed Time:  00:00:03



MUTHEN & MUTHEN
3463 Stoner Ave.
Los Angeles, CA  90066

Tel: (310) 391-9971
Fax: (310) 391-8971
Web: www.StatModel.com
Support: Support@StatModel.com

Copyright (c) 1998-2017 Muthen & Muthen
