Mplus VERSION 8
MUTHEN & MUTHEN
02/15/2019   7:52 PM

INPUT INSTRUCTIONS

  TITLE: Your title goes here
  DATA: FILE = "Mplus_files_Results/cuts_long_trunc_n50_i3_nt90_na0.dat";
  VARIABLE:
  NAMES = subjn time y1 y2 y3;
  MISSING=.;
  USEVAR = y1
  y2
  y3 ;
  CLUSTER = subjn ;

  ANALYSIS:
  TYPE = TWOLEVEL ;
  ESTIMATOR = ML ;
  ITERATIONS = 50000 ;
  H1ITERATIONS = 50000 ;


  MODEL:

  %WITHIN%

  ! common states
  CS BY y1@1
  y2 (lcs2)
  y3 (lcs3) ;

  %BETWEEN%

  ! common trait
  CT BY y1@1
  y2 (lct2)
  y3 (lct3) ;



INPUT READING TERMINATED NORMALLY



Your title goes here

SUMMARY OF ANALYSIS

Number of groups                                                 1
Number of observations                                        4500

Number of dependent variables                                    3
Number of independent variables                                  0
Number of continuous latent variables                            2

Observed dependent variables

  Continuous
   Y1          Y2          Y3

Continuous latent variables
   CS          CT

Variables with special functions

  Cluster variable      SUBJN

Estimator                                                       ML
Information matrix                                        OBSERVED
Maximum number of iterations                                 50000
Convergence criterion                                    0.100D-05
Maximum number of EM iterations                                500
Convergence criteria for the EM algorithm
  Loglikelihood change                                   0.100D-02
  Relative loglikelihood change                          0.100D-05
  Derivative                                             0.100D-03
Minimum variance                                         0.100D-03
Maximum number of steepest descent iterations                   20
Maximum number of iterations for H1                          50000
Convergence criterion for H1                             0.100D-03
Optimization algorithm                                         EMA

Input data file(s)
  Mplus_files_Results/cuts_long_trunc_n50_i3_nt90_na0.dat
Input data format  FREE


SUMMARY OF DATA

     Number of missing data patterns             1
     Number of clusters                         50

     Average cluster size       90.000

     Estimated Intraclass Correlations for the Y Variables

                Intraclass              Intraclass              Intraclass
     Variable  Correlation   Variable  Correlation   Variable  Correlation

     Y1           0.330      Y2           0.626      Y3           0.263



COVARIANCE COVERAGE OF DATA

Minimum covariance coverage value   0.100


     PROPORTION OF DATA PRESENT


           Covariance Coverage
              Y1            Y2            Y3
              ________      ________      ________
 Y1             1.000
 Y2             1.000         1.000
 Y3             1.000         1.000         1.000



UNIVARIATE SAMPLE STATISTICS


     UNIVARIATE HIGHER-ORDER MOMENT DESCRIPTIVE STATISTICS

         Variable/         Mean/     Skewness/   Minimum/ % with                Percentiles
        Sample Size      Variance    Kurtosis    Maximum  Min/Max      20%/60%    40%/80%    Median

     Y1                    1.809       0.394      -5.000    0.02%       0.000      1.000      2.000
            4500.000       3.721       0.023       9.000    0.04%       2.000      3.000
     Y2                    1.866       0.377      -3.000    0.02%       0.000      1.000      2.000
            4500.000       2.436      -0.339       8.000    0.02%       2.000      3.000
     Y3                    2.685       0.264      -5.000    0.09%       0.000      2.000      3.000
            4500.000       5.869      -0.164      13.000    0.02%       3.000      5.000


THE MODEL ESTIMATION TERMINATED NORMALLY



MODEL FIT INFORMATION

Number of Free Parameters                       15

Loglikelihood

          H0 Value                      -22340.107
          H1 Value                      -22340.107

Information Criteria

          Akaike (AIC)                   44710.215
          Bayesian (BIC)                 44806.392
          Sample-Size Adjusted BIC       44758.728
            (n* = (n + 2) / 24)

Chi-Square Test of Model Fit

          Value                              0.000
          Degrees of Freedom                     0
          P-Value                           0.0000

RMSEA (Root Mean Square Error Of Approximation)

          Estimate                           0.000

CFI/TLI

          CFI                                1.000
          TLI                                1.000

Chi-Square Test of Model Fit for the Baseline Model

          Value                           4528.925
          Degrees of Freedom                     6
          P-Value                           0.0000

SRMR (Standardized Root Mean Square Residual)

          Value for Within                   0.000
          Value for Between                  0.000



MODEL RESULTS

                                                    Two-Tailed
                    Estimate       S.E.  Est./S.E.    P-Value

Within Level

 CS       BY
    Y1                 1.000      0.000    999.000    999.000
    Y2                 0.497      0.012     40.476      0.000
    Y3                 1.348      0.031     43.516      0.000

 Variances
    CS                 1.610      0.058     27.753      0.000

 Residual Variances
    Y1                 0.882      0.036     24.723      0.000
    Y2                 0.513      0.013     38.811      0.000
    Y3                 1.400      0.063     22.334      0.000

Between Level

 CT       BY
    Y1                 1.000      0.000    999.000    999.000
    Y2                 0.904      0.187      4.847      0.000
    Y3                 1.339      0.234      5.729      0.000

 Intercepts
    Y1                 1.809      0.159     11.410      0.000
    Y2                 1.866      0.175     10.648      0.000
    Y3                 2.685      0.179     15.042      0.000

 Variances
    CT                 0.797      0.259      3.081      0.002

 Residual Variances
    Y1                 0.432      0.140      3.088      0.002
    Y2                 0.873      0.197      4.423      0.000
    Y3                 0.116      0.196      0.592      0.554


QUALITY OF NUMERICAL RESULTS

     Condition Number for the Information Matrix              0.774E-04
       (ratio of smallest to largest eigenvalue)


     Beginning Time:  19:52:23
        Ending Time:  19:52:23
       Elapsed Time:  00:00:00



MUTHEN & MUTHEN
3463 Stoner Ave.
Los Angeles, CA  90066

Tel: (310) 391-9971
Fax: (310) 391-8971
Web: www.StatModel.com
Support: Support@StatModel.com

Copyright (c) 1998-2017 Muthen & Muthen
