Mplus VERSION 8
MUTHEN & MUTHEN
02/18/2019   5:20 PM

INPUT INSTRUCTIONS

  TITLE: Your title goes here
  DATA: FILE = "Mplus_files_Results/cuts_long_n500_i5_nt30_na0.dat";
  VARIABLE:
  NAMES = subjn time y1 y2 y3 y4 y5;
  MISSING=.;
  USEVAR = y1
  y2
  y3
  y4
  y5 ;
  CLUSTER = subjn ;

  ANALYSIS:
  TYPE = TWOLEVEL ;
  ESTIMATOR = ML ;
  ITERATIONS = 50000 ;
  H1ITERATIONS = 50000 ;


  MODEL:

  %WITHIN%

  ! common states
  CS BY y1@1
  y2 (lcs2)
  y3 (lcs3)
  y4 (lcs4)
  y5 (lcs5) ;

  %BETWEEN%

  ! common trait
  CT BY y1@1
  y2 (lct2)
  y3 (lct3)
  y4 (lct4)
  y5 (lct5) ;



INPUT READING TERMINATED NORMALLY



Your title goes here

SUMMARY OF ANALYSIS

Number of groups                                                 1
Number of observations                                       15000

Number of dependent variables                                    5
Number of independent variables                                  0
Number of continuous latent variables                            2

Observed dependent variables

  Continuous
   Y1          Y2          Y3          Y4          Y5

Continuous latent variables
   CS          CT

Variables with special functions

  Cluster variable      SUBJN

Estimator                                                       ML
Information matrix                                        OBSERVED
Maximum number of iterations                                 50000
Convergence criterion                                    0.100D-05
Maximum number of EM iterations                                500
Convergence criteria for the EM algorithm
  Loglikelihood change                                   0.100D-02
  Relative loglikelihood change                          0.100D-05
  Derivative                                             0.100D-03
Minimum variance                                         0.100D-03
Maximum number of steepest descent iterations                   20
Maximum number of iterations for H1                          50000
Convergence criterion for H1                             0.100D-03
Optimization algorithm                                         EMA

Input data file(s)
  Mplus_files_Results/cuts_long_n500_i5_nt30_na0.dat
Input data format  FREE


SUMMARY OF DATA

     Number of missing data patterns             1
     Number of clusters                        500

     Average cluster size       30.000

     Estimated Intraclass Correlations for the Y Variables

                Intraclass              Intraclass              Intraclass
     Variable  Correlation   Variable  Correlation   Variable  Correlation

     Y1           0.380      Y2           0.666      Y3           0.316
     Y4           0.458      Y5           0.364



COVARIANCE COVERAGE OF DATA

Minimum covariance coverage value   0.100


     PROPORTION OF DATA PRESENT


           Covariance Coverage
              Y1            Y2            Y3            Y4            Y5
              ________      ________      ________      ________      ________
 Y1             1.000
 Y2             1.000         1.000
 Y3             1.000         1.000         1.000
 Y4             1.000         1.000         1.000         1.000
 Y5             1.000         1.000         1.000         1.000         1.000



UNIVARIATE SAMPLE STATISTICS


     UNIVARIATE HIGHER-ORDER MOMENT DESCRIPTIVE STATISTICS

         Variable/         Mean/     Skewness/   Minimum/ % with                Percentiles
        Sample Size      Variance    Kurtosis    Maximum  Min/Max      20%/60%    40%/80%    Median

     Y1                    2.023       0.044      -6.006    0.01%       0.165      1.427      2.012
           15000.000       4.849      -0.018      11.162    0.01%       2.574      3.870
     Y2                    2.559       0.011      -3.367    0.01%       1.059      2.133      2.580
           15000.000       2.996      -0.139       9.851    0.01%       3.019      4.029
     Y3                    3.080       0.023      -6.607    0.01%       0.818      2.390      3.088
           15000.000       7.120      -0.069      13.174    0.01%       3.756      5.335
     Y4                    3.481       0.005      -3.967    0.01%       1.814      2.983      3.483
           15000.000       3.853      -0.014      10.748    0.01%       3.989      5.126
     Y5                    4.062       0.016      -4.847    0.01%       1.997      3.430      4.076
           15000.000       5.817      -0.062      12.614    0.01%       4.689      6.095


THE MODEL ESTIMATION TERMINATED NORMALLY



MODEL FIT INFORMATION

Number of Free Parameters                       25

Loglikelihood

          H0 Value                     -124992.920
          H1 Value                     -124980.272

Information Criteria

          Akaike (AIC)                  250035.840
          Bayesian (BIC)                250226.235
          Sample-Size Adjusted BIC      250146.787
            (n* = (n + 2) / 24)

Chi-Square Test of Model Fit

          Value                             25.296
          Degrees of Freedom                    10
          P-Value                           0.0048

RMSEA (Root Mean Square Error Of Approximation)

          Estimate                           0.010

CFI/TLI

          CFI                                1.000
          TLI                                0.999

Chi-Square Test of Model Fit for the Baseline Model

          Value                          41751.980
          Degrees of Freedom                    20
          P-Value                           0.0000

SRMR (Standardized Root Mean Square Residual)

          Value for Within                   0.001
          Value for Between                  0.017



MODEL RESULTS

                                                    Two-Tailed
                    Estimate       S.E.  Est./S.E.    P-Value

Within Level

 CS       BY
    Y1                 1.000      0.000    999.000    999.000
    Y2                 0.497      0.005     90.946      0.000
    Y3                 1.287      0.011    112.034      0.000
    Y4                 0.803      0.008    105.222      0.000
    Y5                 1.116      0.010    111.314      0.000

 Variances
    CS                 2.012      0.035     57.962      0.000

 Residual Variances
    Y1                 0.992      0.015     65.179      0.000
    Y2                 0.503      0.007     75.574      0.000
    Y3                 1.536      0.024     63.759      0.000
    Y4                 0.790      0.011     69.032      0.000
    Y5                 1.193      0.019     64.426      0.000

Between Level

 CT       BY
    Y1                 1.000      0.000    999.000    999.000
    Y2                 0.858      0.049     17.472      0.000
    Y3                 1.202      0.044     27.134      0.000
    Y4                 0.873      0.045     19.567      0.000
    Y5                 1.094      0.046     24.002      0.000

 Intercepts
    Y1                 2.023      0.062     32.439      0.000
    Y2                 2.559      0.064     40.150      0.000
    Y3                 3.080      0.069     44.360      0.000
    Y4                 3.481      0.061     57.437      0.000
    Y5                 4.062      0.067     60.640      0.000

 Variances
    CT                 1.352      0.121     11.174      0.000

 Residual Variances
    Y1                 0.493      0.042     11.858      0.000
    Y2                 1.004      0.071     14.125      0.000
    Y3                 0.294      0.039      7.535      0.000
    Y4                 0.737      0.054     13.696      0.000
    Y5                 0.503      0.045     11.162      0.000


QUALITY OF NUMERICAL RESULTS

     Condition Number for the Information Matrix              0.100E-02
       (ratio of smallest to largest eigenvalue)


     Beginning Time:  17:20:45
        Ending Time:  17:20:46
       Elapsed Time:  00:00:01



MUTHEN & MUTHEN
3463 Stoner Ave.
Los Angeles, CA  90066

Tel: (310) 391-9971
Fax: (310) 391-8971
Web: www.StatModel.com
Support: Support@StatModel.com

Copyright (c) 1998-2017 Muthen & Muthen
