Mplus VERSION 8
MUTHEN & MUTHEN
02/19/2019  10:33 AM

INPUT INSTRUCTIONS

  TITLE: Your title goes here
  DATA: FILE = "Mplus_files_Results/cuts_long_n100_i3_nt5_na0.1.dat";
  VARIABLE:
  NAMES = subjn time y1 y2 y3;
  MISSING=.;
  USEVAR = y1
  y2
  y3 ;
  CLUSTER = subjn ;

  ANALYSIS:
  TYPE = TWOLEVEL ;
  ESTIMATOR = ML ;
  ITERATIONS = 50000 ;
  H1ITERATIONS = 50000 ;


  MODEL:

  %WITHIN%

  ! common states
  CS BY y1@1
  y2 (lcs2)
  y3 (lcs3) ;

  %BETWEEN%

  ! common trait
  CT BY y1@1
  y2 (lct2)
  y3 (lct3) ;



INPUT READING TERMINATED NORMALLY



Your title goes here

SUMMARY OF ANALYSIS

Number of groups                                                 1
Number of observations                                         500

Number of dependent variables                                    3
Number of independent variables                                  0
Number of continuous latent variables                            2

Observed dependent variables

  Continuous
   Y1          Y2          Y3

Continuous latent variables
   CS          CT

Variables with special functions

  Cluster variable      SUBJN

Estimator                                                       ML
Information matrix                                        OBSERVED
Maximum number of iterations                                 50000
Convergence criterion                                    0.100D-05
Maximum number of EM iterations                                500
Convergence criteria for the EM algorithm
  Loglikelihood change                                   0.100D-02
  Relative loglikelihood change                          0.100D-05
  Derivative                                             0.100D-03
Minimum variance                                         0.100D-03
Maximum number of steepest descent iterations                   20
Maximum number of iterations for H1                          50000
Convergence criterion for H1                             0.100D-03
Optimization algorithm                                         EMA

Input data file(s)
  Mplus_files_Results/cuts_long_n100_i3_nt5_na0.1.dat
Input data format  FREE


SUMMARY OF DATA

     Number of missing data patterns             7
     Number of clusters                        100

     Average cluster size        5.000

     Estimated Intraclass Correlations for the Y Variables

                Intraclass              Intraclass              Intraclass
     Variable  Correlation   Variable  Correlation   Variable  Correlation

     Y1           0.382      Y2           0.564      Y3           0.297



COVARIANCE COVERAGE OF DATA

Minimum covariance coverage value   0.100


     PROPORTION OF DATA PRESENT


           Covariance Coverage
              Y1            Y2            Y3
              ________      ________      ________
 Y1             0.916
 Y2             0.834         0.908
 Y3             0.812         0.802         0.884



UNIVARIATE SAMPLE STATISTICS


     UNIVARIATE HIGHER-ORDER MOMENT DESCRIPTIVE STATISTICS

         Variable/         Mean/     Skewness/   Minimum/ % with                Percentiles
        Sample Size      Variance    Kurtosis    Maximum  Min/Max      20%/60%    40%/80%    Median

     Y1                    2.118       0.156      -4.090    0.22%       0.316      1.625      2.156
             458.000       4.872       0.372       9.535    0.22%       2.577      3.802
     Y2                    2.772       0.251      -1.228    0.22%       1.433      2.358      2.709
             454.000       2.486       0.166       7.917    0.22%       3.151      3.970
     Y3                    3.135       0.030      -6.433    0.23%       0.951      2.506      3.200
             442.000       7.154       0.416      11.230    0.23%       3.750      5.382


THE MODEL ESTIMATION TERMINATED NORMALLY



MODEL FIT INFORMATION

Number of Free Parameters                       15

Loglikelihood

          H0 Value                       -2507.039
          H1 Value                       -2507.039

Information Criteria

          Akaike (AIC)                    5044.077
          Bayesian (BIC)                  5107.296
          Sample-Size Adjusted BIC        5059.686
            (n* = (n + 2) / 24)

Chi-Square Test of Model Fit

          Value                              0.000
          Degrees of Freedom                     0
          P-Value                           1.0000

RMSEA (Root Mean Square Error Of Approximation)

          Estimate                           0.000

CFI/TLI

          CFI                                1.000
          TLI                                1.000

Chi-Square Test of Model Fit for the Baseline Model

          Value                            504.924
          Degrees of Freedom                     6
          P-Value                           0.0000

SRMR (Standardized Root Mean Square Residual)

          Value for Within                   0.000
          Value for Between                  0.000



MODEL RESULTS

                                                    Two-Tailed
                    Estimate       S.E.  Est./S.E.    P-Value

Within Level

 CS       BY
    Y1                 1.000      0.000    999.000    999.000
    Y2                 0.505      0.043     11.697      0.000
    Y3                 1.500      0.122     12.307      0.000

 Variances
    CS                 1.833      0.242      7.563      0.000

 Residual Variances
    Y1                 1.222      0.154      7.948      0.000
    Y2                 0.616      0.056     11.019      0.000
    Y3                 0.835      0.280      2.977      0.003

Between Level

 CT       BY
    Y1                 1.000      0.000    999.000    999.000
    Y2                 0.574      0.111      5.149      0.000
    Y3                 0.993      0.144      6.920      0.000

 Intercepts
    Y1                 2.057      0.159     12.920      0.000
    Y2                 2.781      0.128     21.748      0.000
    Y3                 3.076      0.178     17.305      0.000

 Variances
    CT                 1.710      0.411      4.164      0.000

 Residual Variances
    Y1                 0.179      0.209      0.854      0.393
    Y2                 0.838      0.154      5.439      0.000
    Y3                 0.412      0.224      1.839      0.066


QUALITY OF NUMERICAL RESULTS

     Condition Number for the Information Matrix              0.433E-02
       (ratio of smallest to largest eigenvalue)


     Beginning Time:  10:33:29
        Ending Time:  10:33:29
       Elapsed Time:  00:00:00



MUTHEN & MUTHEN
3463 Stoner Ave.
Los Angeles, CA  90066

Tel: (310) 391-9971
Fax: (310) 391-8971
Web: www.StatModel.com
Support: Support@StatModel.com

Copyright (c) 1998-2017 Muthen & Muthen
