Mplus VERSION 8
MUTHEN & MUTHEN
02/19/2019  10:34 AM

INPUT INSTRUCTIONS

  TITLE: Your title goes here
  DATA: FILE = "Mplus_files_Results/cuts_long_trunc_n500_i3_nt5_na0.1.dat";
  VARIABLE:
  NAMES = subjn time y1 y2 y3;
  MISSING=.;
  USEVAR = y1
  y2
  y3 ;
  CLUSTER = subjn ;

  ANALYSIS:
  TYPE = TWOLEVEL ;
  ESTIMATOR = ML ;
  ITERATIONS = 50000 ;
  H1ITERATIONS = 50000 ;


  MODEL:

  %WITHIN%

  ! common states
  CS BY y1@1
  y2 (lcs2)
  y3 (lcs3) ;

  %BETWEEN%

  ! common trait
  CT BY y1@1
  y2 (lct2)
  y3 (lct3) ;



*** WARNING
  One or more individual-level variables have no variation within a
  cluster for the following clusters.

     Variable   Cluster IDs with no within-cluster variation

      Y1          224 428 439
      Y2          92 104 124 137 143 190 236 267 289 360 408 450 491 497
      Y3          321 363

*** WARNING
  Data set contains cases with missing on all variables.
  These cases were not included in the analysis.
  Number of cases with missing on all variables:  1
   2 WARNING(S) FOUND IN THE INPUT INSTRUCTIONS



Your title goes here

SUMMARY OF ANALYSIS

Number of groups                                                 1
Number of observations                                        2499

Number of dependent variables                                    3
Number of independent variables                                  0
Number of continuous latent variables                            2

Observed dependent variables

  Continuous
   Y1          Y2          Y3

Continuous latent variables
   CS          CT

Variables with special functions

  Cluster variable      SUBJN

Estimator                                                       ML
Information matrix                                        OBSERVED
Maximum number of iterations                                 50000
Convergence criterion                                    0.100D-05
Maximum number of EM iterations                                500
Convergence criteria for the EM algorithm
  Loglikelihood change                                   0.100D-02
  Relative loglikelihood change                          0.100D-05
  Derivative                                             0.100D-03
Minimum variance                                         0.100D-03
Maximum number of steepest descent iterations                   20
Maximum number of iterations for H1                          50000
Convergence criterion for H1                             0.100D-03
Optimization algorithm                                         EMA

Input data file(s)
  Mplus_files_Results/cuts_long_trunc_n500_i3_nt5_na0.1.dat
Input data format  FREE


SUMMARY OF DATA

     Number of missing data patterns             7
     Number of clusters                        500

     Average cluster size        4.998

     Estimated Intraclass Correlations for the Y Variables

                Intraclass              Intraclass              Intraclass
     Variable  Correlation   Variable  Correlation   Variable  Correlation

     Y1           0.362      Y2           0.658      Y3           0.308



COVARIANCE COVERAGE OF DATA

Minimum covariance coverage value   0.100


     PROPORTION OF DATA PRESENT


           Covariance Coverage
              Y1            Y2            Y3
              ________      ________      ________
 Y1             0.893
 Y2             0.801         0.896
 Y3             0.809         0.812         0.906



UNIVARIATE SAMPLE STATISTICS


     UNIVARIATE HIGHER-ORDER MOMENT DESCRIPTIVE STATISTICS

         Variable/         Mean/     Skewness/   Minimum/ % with                Percentiles
        Sample Size      Variance    Kurtosis    Maximum  Min/Max      20%/60%    40%/80%    Median

     Y1                    1.680       0.314      -4.000    0.36%       0.000      1.000      2.000
            2231.000       3.652       0.112       9.000    0.04%       2.000      3.000
     Y2                    2.133       0.252      -4.000    0.04%       1.000      2.000      2.000
            2240.000       2.710      -0.208       8.000    0.04%       3.000      4.000
     Y3                    2.668       0.246      -6.000    0.04%       0.000      2.000      3.000
            2265.000       6.109      -0.049      11.000    0.13%       3.000      5.000


THE MODEL ESTIMATION TERMINATED NORMALLY



MODEL FIT INFORMATION

Number of Free Parameters                       15

Loglikelihood

          H0 Value                      -12140.527
          H1 Value                      -12140.527

Information Criteria

          Akaike (AIC)                   24311.053
          Bayesian (BIC)                 24398.408
          Sample-Size Adjusted BIC       24350.749
            (n* = (n + 2) / 24)

Chi-Square Test of Model Fit

          Value                              0.000
          Degrees of Freedom                     0
          P-Value                           0.0000

RMSEA (Root Mean Square Error Of Approximation)

          Estimate                           0.000

CFI/TLI

          CFI                                1.000
          TLI                                1.000

Chi-Square Test of Model Fit for the Baseline Model

          Value                           2117.656
          Degrees of Freedom                     6
          P-Value                           0.0000

SRMR (Standardized Root Mean Square Residual)

          Value for Within                   0.000
          Value for Between                  0.000



MODEL RESULTS

                                                    Two-Tailed
                    Estimate       S.E.  Est./S.E.    P-Value

Within Level

 CS       BY
    Y1                 1.000      0.000    999.000    999.000
    Y2                 0.508      0.022     23.033      0.000
    Y3                 1.460      0.061     23.864      0.000

 Variances
    CS                 1.394      0.087     16.097      0.000

 Residual Variances
    Y1                 0.936      0.060     15.718      0.000
    Y2                 0.565      0.023     24.358      0.000
    Y3                 1.250      0.115     10.846      0.000

Between Level

 CT       BY
    Y1                 1.000      0.000    999.000    999.000
    Y2                 0.956      0.075     12.707      0.000
    Y3                 1.283      0.082     15.636      0.000

 Intercepts
    Y1                 1.691      0.060     28.003      0.000
    Y2                 2.132      0.063     33.857      0.000
    Y3                 2.687      0.075     36.069      0.000

 Variances
    CT                 0.985      0.120      8.220      0.000

 Residual Variances
    Y1                 0.335      0.062      5.425      0.000
    Y2                 0.879      0.083     10.571      0.000
    Y3                 0.255      0.093      2.747      0.006


QUALITY OF NUMERICAL RESULTS

     Condition Number for the Information Matrix              0.111E-01
       (ratio of smallest to largest eigenvalue)


     Beginning Time:  10:34:19
        Ending Time:  10:34:19
       Elapsed Time:  00:00:00



MUTHEN & MUTHEN
3463 Stoner Ave.
Los Angeles, CA  90066

Tel: (310) 391-9971
Fax: (310) 391-8971
Web: www.StatModel.com
Support: Support@StatModel.com

Copyright (c) 1998-2017 Muthen & Muthen
