Mplus VERSION 8
MUTHEN & MUTHEN
02/15/2019   7:15 PM

INPUT INSTRUCTIONS

  TITLE: Your title goes here
  DATA: FILE = "Mplus_files_Results/cuts_long_n500_i3_nt75_na0.dat";
  VARIABLE:
  NAMES = subjn time y1 y2 y3;
  MISSING=.;
  USEVAR = y1
  y2
  y3 ;
  CLUSTER = subjn ;

  ANALYSIS:
  TYPE = TWOLEVEL ;
  ESTIMATOR = ML ;
  ITERATIONS = 50000 ;
  H1ITERATIONS = 50000 ;


  MODEL:

  %WITHIN%

  ! common states
  CS BY y1@1
  y2 (lcs2)
  y3 (lcs3) ;

  %BETWEEN%

  ! common trait
  CT BY y1@1
  y2 (lct2)
  y3 (lct3) ;



INPUT READING TERMINATED NORMALLY



Your title goes here

SUMMARY OF ANALYSIS

Number of groups                                                 1
Number of observations                                       37500

Number of dependent variables                                    3
Number of independent variables                                  0
Number of continuous latent variables                            2

Observed dependent variables

  Continuous
   Y1          Y2          Y3

Continuous latent variables
   CS          CT

Variables with special functions

  Cluster variable      SUBJN

Estimator                                                       ML
Information matrix                                        OBSERVED
Maximum number of iterations                                 50000
Convergence criterion                                    0.100D-05
Maximum number of EM iterations                                500
Convergence criteria for the EM algorithm
  Loglikelihood change                                   0.100D-02
  Relative loglikelihood change                          0.100D-05
  Derivative                                             0.100D-03
Minimum variance                                         0.100D-03
Maximum number of steepest descent iterations                   20
Maximum number of iterations for H1                          50000
Convergence criterion for H1                             0.100D-03
Optimization algorithm                                         EMA

Input data file(s)
  Mplus_files_Results/cuts_long_n500_i3_nt75_na0.dat
Input data format  FREE


SUMMARY OF DATA

     Number of missing data patterns             1
     Number of clusters                        500

     Average cluster size       75.000

     Estimated Intraclass Correlations for the Y Variables

                Intraclass              Intraclass              Intraclass
     Variable  Correlation   Variable  Correlation   Variable  Correlation

     Y1           0.376      Y2           0.661      Y3           0.318



COVARIANCE COVERAGE OF DATA

Minimum covariance coverage value   0.100


     PROPORTION OF DATA PRESENT


           Covariance Coverage
              Y1            Y2            Y3
              ________      ________      ________
 Y1             1.000
 Y2             1.000         1.000
 Y3             1.000         1.000         1.000



UNIVARIATE SAMPLE STATISTICS


     UNIVARIATE HIGHER-ORDER MOMENT DESCRIPTIVE STATISTICS

         Variable/         Mean/     Skewness/   Minimum/ % with                Percentiles
        Sample Size      Variance    Kurtosis    Maximum  Min/Max      20%/60%    40%/80%    Median

     Y1                    2.039       0.025      -6.694    0.00%       0.190      1.488      2.033
           37500.000       4.867       0.041      10.927    0.00%       2.583      3.891
     Y2                    2.558      -0.002      -4.183    0.00%       1.093      2.128      2.576
           37500.000       2.990      -0.065       9.293    0.00%       3.005      4.006
     Y3                    3.068       0.015      -9.245    0.00%       0.790      2.374      3.064
           37500.000       7.161      -0.040      15.404    0.00%       3.749      5.330


THE MODEL ESTIMATION TERMINATED NORMALLY



MODEL FIT INFORMATION

Number of Free Parameters                       15

Loglikelihood

          H0 Value                     -191934.002
          H1 Value                     -191934.002

Information Criteria

          Akaike (AIC)                  383898.004
          Bayesian (BIC)                384025.985
          Sample-Size Adjusted BIC      383978.315
            (n* = (n + 2) / 24)

Chi-Square Test of Model Fit

          Value                              0.000
          Degrees of Freedom                     0
          P-Value                           1.0000

RMSEA (Root Mean Square Error Of Approximation)

          Estimate                           0.000

CFI/TLI

          CFI                                1.000
          TLI                                1.000

Chi-Square Test of Model Fit for the Baseline Model

          Value                          43202.570
          Degrees of Freedom                     6
          P-Value                           0.0000

SRMR (Standardized Root Mean Square Residual)

          Value for Within                   0.000
          Value for Between                  0.000



MODEL RESULTS

                                                    Two-Tailed
                    Estimate       S.E.  Est./S.E.    P-Value

Within Level

 CS       BY
    Y1                 1.000      0.000    999.000    999.000
    Y2                 0.505      0.004    132.156      0.000
    Y3                 1.287      0.009    140.801      0.000

 Variances
    CS                 2.027      0.024     84.924      0.000

 Residual Variances
    Y1                 1.009      0.013     74.860      0.000
    Y2                 0.496      0.005    106.817      0.000
    Y3                 1.529      0.022     70.294      0.000

Between Level

 CT       BY
    Y1                 1.000      0.000    999.000    999.000
    Y2                 0.793      0.047     16.996      0.000
    Y3                 1.116      0.051     22.045      0.000

 Intercepts
    Y1                 2.039      0.061     33.314      0.000
    Y2                 2.558      0.063     40.545      0.000
    Y3                 3.068      0.068     44.836      0.000

 Variances
    CT                 1.486      0.127     11.695      0.000

 Residual Variances
    Y1                 0.346      0.056      6.137      0.000
    Y2                 1.043      0.074     14.085      0.000
    Y3                 0.425      0.070      6.048      0.000


QUALITY OF NUMERICAL RESULTS

     Condition Number for the Information Matrix              0.419E-03
       (ratio of smallest to largest eigenvalue)


     Beginning Time:  19:15:16
        Ending Time:  19:15:18
       Elapsed Time:  00:00:02



MUTHEN & MUTHEN
3463 Stoner Ave.
Los Angeles, CA  90066

Tel: (310) 391-9971
Fax: (310) 391-8971
Web: www.StatModel.com
Support: Support@StatModel.com

Copyright (c) 1998-2017 Muthen & Muthen
