Mplus VERSION 8
MUTHEN & MUTHEN
02/16/2019   5:32 AM

INPUT INSTRUCTIONS

  TITLE: Your title goes here
  DATA: FILE = "Mplus_files_Results/cuts_long_trunc_n500_i4_nt45_na0.dat";
  VARIABLE:
  NAMES = subjn time y1 y2 y3 y4;
  MISSING=.;
  USEVAR = y1
  y2
  y3
  y4 ;
  CLUSTER = subjn ;

  ANALYSIS:
  TYPE = TWOLEVEL ;
  ESTIMATOR = ML ;
  ITERATIONS = 50000 ;
  H1ITERATIONS = 50000 ;


  MODEL:

  %WITHIN%

  ! common states
  CS BY y1@1
  y2 (lcs2)
  y3 (lcs3)
  y4 (lcs4) ;

  %BETWEEN%

  ! common trait
  CT BY y1@1
  y2 (lct2)
  y3 (lct3)
  y4 (lct4) ;



INPUT READING TERMINATED NORMALLY



Your title goes here

SUMMARY OF ANALYSIS

Number of groups                                                 1
Number of observations                                       22500

Number of dependent variables                                    4
Number of independent variables                                  0
Number of continuous latent variables                            2

Observed dependent variables

  Continuous
   Y1          Y2          Y3          Y4

Continuous latent variables
   CS          CT

Variables with special functions

  Cluster variable      SUBJN

Estimator                                                       ML
Information matrix                                        OBSERVED
Maximum number of iterations                                 50000
Convergence criterion                                    0.100D-05
Maximum number of EM iterations                                500
Convergence criteria for the EM algorithm
  Loglikelihood change                                   0.100D-02
  Relative loglikelihood change                          0.100D-05
  Derivative                                             0.100D-03
Minimum variance                                         0.100D-03
Maximum number of steepest descent iterations                   20
Maximum number of iterations for H1                          50000
Convergence criterion for H1                             0.100D-03
Optimization algorithm                                         EMA

Input data file(s)
  Mplus_files_Results/cuts_long_trunc_n500_i4_nt45_na0.dat
Input data format  FREE


SUMMARY OF DATA

     Number of missing data patterns             1
     Number of clusters                        500

     Average cluster size       45.000

     Estimated Intraclass Correlations for the Y Variables

                Intraclass              Intraclass              Intraclass
     Variable  Correlation   Variable  Correlation   Variable  Correlation

     Y1           0.364      Y2           0.643      Y3           0.304
     Y4           0.461



COVARIANCE COVERAGE OF DATA

Minimum covariance coverage value   0.100


     PROPORTION OF DATA PRESENT


           Covariance Coverage
              Y1            Y2            Y3            Y4
              ________      ________      ________      ________
 Y1             1.000
 Y2             1.000         1.000
 Y3             1.000         1.000         1.000
 Y4             1.000         1.000         1.000         1.000



UNIVARIATE SAMPLE STATISTICS


     UNIVARIATE HIGHER-ORDER MOMENT DESCRIPTIVE STATISTICS

         Variable/         Mean/     Skewness/   Minimum/ % with                Percentiles
        Sample Size      Variance    Kurtosis    Maximum  Min/Max      20%/60%    40%/80%    Median

     Y1                    1.714       0.366      -6.000    0.01%       0.000      1.000      2.000
           22500.000       3.931       0.142      11.000    0.00%       2.000      3.000
     Y2                    2.133       0.300      -4.000    0.01%       1.000      2.000      2.000
           22500.000       2.657      -0.228       9.000    0.00%       3.000      4.000
     Y3                    2.700       0.279      -6.000    0.02%       0.000      2.000      3.000
           22500.000       6.288      -0.066      13.000    0.01%       3.000      5.000
     Y4                    3.012       0.191      -4.000    0.01%       1.000      2.000      3.000
           22500.000       3.681      -0.191      11.000    0.00%       3.000      5.000


THE MODEL ESTIMATION TERMINATED NORMALLY



MODEL FIT INFORMATION

Number of Free Parameters                       20

Loglikelihood

          H0 Value                     -146425.470
          H1 Value                     -146418.979

Information Criteria

          Akaike (AIC)                  292890.939
          Bayesian (BIC)                293051.365
          Sample-Size Adjusted BIC      292987.805
            (n* = (n + 2) / 24)

Chi-Square Test of Model Fit

          Value                             12.981
          Degrees of Freedom                     4
          P-Value                           0.0114

RMSEA (Root Mean Square Error Of Approximation)

          Estimate                           0.010

CFI/TLI

          CFI                                1.000
          TLI                                0.999

Chi-Square Test of Model Fit for the Baseline Model

          Value                          37822.273
          Degrees of Freedom                    12
          P-Value                           0.0000

SRMR (Standardized Root Mean Square Residual)

          Value for Within                   0.000
          Value for Between                  0.016



MODEL RESULTS

                                                    Two-Tailed
                    Estimate       S.E.  Est./S.E.    P-Value

Within Level

 CS       BY
    Y1                 1.000      0.000    999.000    999.000
    Y2                 0.513      0.005     98.042      0.000
    Y3                 1.357      0.011    121.072      0.000
    Y4                 0.848      0.007    113.563      0.000

 Variances
    CS                 1.608      0.024     66.853      0.000

 Residual Variances
    Y1                 0.893      0.012     71.713      0.000
    Y2                 0.526      0.006     90.618      0.000
    Y3                 1.415      0.021     66.503      0.000
    Y4                 0.826      0.010     79.425      0.000

Between Level

 CT       BY
    Y1                 1.000      0.000    999.000    999.000
    Y2                 0.860      0.049     17.395      0.000
    Y3                 1.217      0.046     26.228      0.000
    Y4                 0.959      0.048     20.043      0.000

 Intercepts
    Y1                 1.714      0.055     31.431      0.000
    Y2                 2.133      0.059     36.261      0.000
    Y3                 2.700      0.063     42.586      0.000
    Y4                 3.012      0.059     51.021      0.000

 Variances
    CT                 1.102      0.095     11.609      0.000

 Residual Variances
    Y1                 0.329      0.034      9.698      0.000
    Y2                 0.893      0.064     13.990      0.000
    Y3                 0.281      0.042      6.624      0.000
    Y4                 0.685      0.052     13.194      0.000


QUALITY OF NUMERICAL RESULTS

     Condition Number for the Information Matrix              0.624E-03
       (ratio of smallest to largest eigenvalue)


     Beginning Time:  05:32:19
        Ending Time:  05:32:20
       Elapsed Time:  00:00:01



MUTHEN & MUTHEN
3463 Stoner Ave.
Los Angeles, CA  90066

Tel: (310) 391-9971
Fax: (310) 391-8971
Web: www.StatModel.com
Support: Support@StatModel.com

Copyright (c) 1998-2017 Muthen & Muthen
