Mplus VERSION 8
MUTHEN & MUTHEN
02/18/2019  10:02 PM

INPUT INSTRUCTIONS

  TITLE: Your title goes here
  DATA: FILE = "Mplus_files_Results/cuts_long_trunc_n500_i5_nt75_na0.dat";
  VARIABLE:
  NAMES = subjn time y1 y2 y3 y4 y5;
  MISSING=.;
  USEVAR = y1
  y2
  y3
  y4
  y5 ;
  CLUSTER = subjn ;

  ANALYSIS:
  TYPE = TWOLEVEL ;
  ESTIMATOR = ML ;
  ITERATIONS = 50000 ;
  H1ITERATIONS = 50000 ;


  MODEL:

  %WITHIN%

  ! common states
  CS BY y1@1
  y2 (lcs2)
  y3 (lcs3)
  y4 (lcs4)
  y5 (lcs5) ;

  %BETWEEN%

  ! common trait
  CT BY y1@1
  y2 (lct2)
  y3 (lct3)
  y4 (lct4)
  y5 (lct5) ;



INPUT READING TERMINATED NORMALLY



Your title goes here

SUMMARY OF ANALYSIS

Number of groups                                                 1
Number of observations                                       37500

Number of dependent variables                                    5
Number of independent variables                                  0
Number of continuous latent variables                            2

Observed dependent variables

  Continuous
   Y1          Y2          Y3          Y4          Y5

Continuous latent variables
   CS          CT

Variables with special functions

  Cluster variable      SUBJN

Estimator                                                       ML
Information matrix                                        OBSERVED
Maximum number of iterations                                 50000
Convergence criterion                                    0.100D-05
Maximum number of EM iterations                                500
Convergence criteria for the EM algorithm
  Loglikelihood change                                   0.100D-02
  Relative loglikelihood change                          0.100D-05
  Derivative                                             0.100D-03
Minimum variance                                         0.100D-03
Maximum number of steepest descent iterations                   20
Maximum number of iterations for H1                          50000
Convergence criterion for H1                             0.100D-03
Optimization algorithm                                         EMA

Input data file(s)
  Mplus_files_Results/cuts_long_trunc_n500_i5_nt75_na0.dat
Input data format  FREE


SUMMARY OF DATA

     Number of missing data patterns             1
     Number of clusters                        500

     Average cluster size       75.000

     Estimated Intraclass Correlations for the Y Variables

                Intraclass              Intraclass              Intraclass
     Variable  Correlation   Variable  Correlation   Variable  Correlation

     Y1           0.366      Y2           0.638      Y3           0.305
     Y4           0.448      Y5           0.362



COVARIANCE COVERAGE OF DATA

Minimum covariance coverage value   0.100


     PROPORTION OF DATA PRESENT


           Covariance Coverage
              Y1            Y2            Y3            Y4            Y5
              ________      ________      ________      ________      ________
 Y1             1.000
 Y2             1.000         1.000
 Y3             1.000         1.000         1.000
 Y4             1.000         1.000         1.000         1.000
 Y5             1.000         1.000         1.000         1.000         1.000



UNIVARIATE SAMPLE STATISTICS


     UNIVARIATE HIGHER-ORDER MOMENT DESCRIPTIVE STATISTICS

         Variable/         Mean/     Skewness/   Minimum/ % with                Percentiles
        Sample Size      Variance    Kurtosis    Maximum  Min/Max      20%/60%    40%/80%    Median

     Y1                    1.716       0.348      -6.000    0.01%       0.000      1.000      2.000
           37500.000       3.948       0.180      11.000    0.01%       2.000      3.000
     Y2                    2.131       0.315      -4.000    0.00%       1.000      2.000      2.000
           37500.000       2.672      -0.306       9.000    0.01%       2.000      4.000
     Y3                    2.693       0.289      -8.000    0.00%       0.000      2.000      3.000
           37500.000       6.194      -0.014      14.000    0.00%       3.000      5.000
     Y4                    3.017       0.200      -4.000    0.01%       1.000      2.000      3.000
           37500.000       3.665      -0.267      11.000    0.01%       3.000      5.000
     Y5                    3.607       0.191      -6.000    0.00%       2.000      3.000      4.000
           37500.000       5.468      -0.233      13.000    0.01%       4.000      6.000


THE MODEL ESTIMATION TERMINATED NORMALLY



MODEL FIT INFORMATION

Number of Free Parameters                       25

Loglikelihood

          H0 Value                     -304717.666
          H1 Value                     -304704.743

Information Criteria

          Akaike (AIC)                  609485.333
          Bayesian (BIC)                609698.635
          Sample-Size Adjusted BIC      609619.185
            (n* = (n + 2) / 24)

Chi-Square Test of Model Fit

          Value                             25.847
          Degrees of Freedom                    10
          P-Value                           0.0040

RMSEA (Root Mean Square Error Of Approximation)

          Estimate                           0.007

CFI/TLI

          CFI                                1.000
          TLI                                1.000

Chi-Square Test of Model Fit for the Baseline Model

          Value                          93961.522
          Degrees of Freedom                    20
          P-Value                           0.0000

SRMR (Standardized Root Mean Square Residual)

          Value for Within                   0.001
          Value for Between                  0.016



MODEL RESULTS

                                                    Two-Tailed
                    Estimate       S.E.  Est./S.E.    P-Value

Within Level

 CS       BY
    Y1                 1.000      0.000    999.000    999.000
    Y2                 0.529      0.004    134.129      0.000
    Y3                 1.349      0.008    168.002      0.000
    Y4                 0.861      0.006    154.565      0.000
    Y5                 1.195      0.007    164.810      0.000

 Variances
    CS                 1.593      0.018     88.470      0.000

 Residual Variances
    Y1                 0.910      0.009    105.028      0.000
    Y2                 0.523      0.004    121.204      0.000
    Y3                 1.403      0.014     99.412      0.000
    Y4                 0.841      0.008    111.314      0.000
    Y5                 1.212      0.012    102.786      0.000

Between Level

 CT       BY
    Y1                 1.000      0.000    999.000    999.000
    Y2                 0.892      0.049     18.058      0.000
    Y3                 1.238      0.044     28.318      0.000
    Y4                 0.951      0.047     20.353      0.000
    Y5                 1.187      0.047     25.128      0.000

 Intercepts
    Y1                 1.716      0.054     31.564      0.000
    Y2                 2.131      0.059     36.354      0.000
    Y3                 2.693      0.062     43.150      0.000
    Y4                 3.017      0.058     52.238      0.000
    Y5                 3.607      0.064     56.638      0.000

 Variances
    CT                 1.069      0.092     11.602      0.000

 Residual Variances
    Y1                 0.376      0.031     12.202      0.000
    Y2                 0.855      0.059     14.393      0.000
    Y3                 0.252      0.031      8.148      0.000
    Y4                 0.674      0.048     13.970      0.000
    Y5                 0.476      0.040     11.748      0.000


QUALITY OF NUMERICAL RESULTS

     Condition Number for the Information Matrix              0.200E-03
       (ratio of smallest to largest eigenvalue)


     Beginning Time:  22:02:33
        Ending Time:  22:02:35
       Elapsed Time:  00:00:02



MUTHEN & MUTHEN
3463 Stoner Ave.
Los Angeles, CA  90066

Tel: (310) 391-9971
Fax: (310) 391-8971
Web: www.StatModel.com
Support: Support@StatModel.com

Copyright (c) 1998-2017 Muthen & Muthen
