Mplus VERSION 8
MUTHEN & MUTHEN
02/13/2019   4:12 PM

INPUT INSTRUCTIONS

  TITLE: Your title goes here
  DATA: FILE = "Mplus_files_Results/cuts_long_trunc_n100_i4_nt15_na0.2.dat";
  VARIABLE:
  NAMES = subjn time y1 y2 y3 y4;
  MISSING=.;
  USEVAR = y1
  y2
  y3
  y4 ;
  CLUSTER = subjn ;

  ANALYSIS:
  TYPE = TWOLEVEL ;
  ESTIMATOR = ML ;
  ITERATIONS = 5e+05 ;
  H1ITERATIONS = 5e+05 ;


  MODEL:

  %WITHIN%

  ! common states
  CS BY y1@1
  y2 (lcs2)
  y3 (lcs3)
  y4 (lcs4) ;

  %BETWEEN%

  ! common trait
  CT BY y1@1
  y2 (lct2)
  y3 (lct3)
  y4 (lct4) ;



*** WARNING
  Data set contains cases with missing on all variables.
  These cases were not included in the analysis.
  Number of cases with missing on all variables:  2
   1 WARNING(S) FOUND IN THE INPUT INSTRUCTIONS



Your title goes here

SUMMARY OF ANALYSIS

Number of groups                                                 1
Number of observations                                        1498

Number of dependent variables                                    4
Number of independent variables                                  0
Number of continuous latent variables                            2

Observed dependent variables

  Continuous
   Y1          Y2          Y3          Y4

Continuous latent variables
   CS          CT

Variables with special functions

  Cluster variable      SUBJN

Estimator                                                       ML
Information matrix                                        OBSERVED
Maximum number of iterations                                500000
Convergence criterion                                    0.100D-05
Maximum number of EM iterations                                500
Convergence criteria for the EM algorithm
  Loglikelihood change                                   0.100D-02
  Relative loglikelihood change                          0.100D-05
  Derivative                                             0.100D-03
Minimum variance                                         0.100D-03
Maximum number of steepest descent iterations                   20
Maximum number of iterations for H1                         500000
Convergence criterion for H1                             0.100D-03
Optimization algorithm                                         EMA

Input data file(s)
  Mplus_files_Results/cuts_long_trunc_n100_i4_nt15_na0.2.dat
Input data format  FREE


SUMMARY OF DATA

     Number of missing data patterns            15
     Number of clusters                        100

     Average cluster size       14.980

     Estimated Intraclass Correlations for the Y Variables

                Intraclass              Intraclass              Intraclass
     Variable  Correlation   Variable  Correlation   Variable  Correlation

     Y1           0.331      Y2           0.558      Y3           0.304
     Y4           0.411



COVARIANCE COVERAGE OF DATA

Minimum covariance coverage value   0.100


     PROPORTION OF DATA PRESENT


           Covariance Coverage
              Y1            Y2            Y3            Y4
              ________      ________      ________      ________
 Y1             0.794
 Y2             0.650         0.816
 Y3             0.653         0.673         0.826
 Y4             0.625         0.648         0.644         0.780



UNIVARIATE SAMPLE STATISTICS


     UNIVARIATE HIGHER-ORDER MOMENT DESCRIPTIVE STATISTICS

         Variable/         Mean/     Skewness/   Minimum/ % with                Percentiles
        Sample Size      Variance    Kurtosis    Maximum  Min/Max      20%/60%    40%/80%    Median

     Y1                    1.744       0.289      -5.000    0.17%       0.000      1.000      2.000
            1190.000       3.849       0.072       8.000    0.25%       2.000      3.000
     Y2                    2.272       0.394      -2.000    0.25%       1.000      2.000      2.000
            1223.000       2.398       0.182       8.000    0.08%       3.000      3.000
     Y3                    2.846       0.194      -6.000    0.24%       0.000      2.000      3.000
            1237.000       6.742      -0.081      11.000    0.32%       4.000      5.000
     Y4                    3.263       0.165      -1.000    0.51%       2.000      3.000      3.000
            1169.000       3.523      -0.321       9.000    0.17%       4.000      5.000


THE MODEL ESTIMATION TERMINATED NORMALLY



MODEL FIT INFORMATION

Number of Free Parameters                       20

Loglikelihood

          H0 Value                       -8288.023
          H1 Value                       -8286.787

Information Criteria

          Akaike (AIC)                   16616.045
          Bayesian (BIC)                 16722.283
          Sample-Size Adjusted BIC       16658.749
            (n* = (n + 2) / 24)

Chi-Square Test of Model Fit

          Value                              2.471
          Degrees of Freedom                     4
          P-Value                           0.6499

RMSEA (Root Mean Square Error Of Approximation)

          Estimate                           0.000

CFI/TLI

          CFI                                1.000
          TLI                                1.002

Chi-Square Test of Model Fit for the Baseline Model

          Value                           1927.694
          Degrees of Freedom                    12
          P-Value                           0.0000

SRMR (Standardized Root Mean Square Residual)

          Value for Within                   0.004
          Value for Between                  0.018



MODEL RESULTS

                                                    Two-Tailed
                    Estimate       S.E.  Est./S.E.    P-Value

Within Level

 CS       BY
    Y1                 1.000      0.000    999.000    999.000
    Y2                 0.520      0.024     21.588      0.000
    Y3                 1.388      0.052     26.709      0.000
    Y4                 0.848      0.034     24.841      0.000

 Variances
    CS                 1.742      0.112     15.539      0.000

 Residual Variances
    Y1                 0.835      0.060     13.972      0.000
    Y2                 0.574      0.029     19.851      0.000
    Y3                 1.344      0.105     12.828      0.000
    Y4                 0.838      0.050     16.618      0.000

Between Level

 CT       BY
    Y1                 1.000      0.000    999.000    999.000
    Y2                 0.821      0.126      6.511      0.000
    Y3                 1.378      0.163      8.459      0.000
    Y4                 0.918      0.136      6.751      0.000

 Intercepts
    Y1                 1.758      0.121     14.470      0.000
    Y2                 2.263      0.118     19.125      0.000
    Y3                 2.853      0.155     18.415      0.000
    Y4                 3.248      0.127     25.516      0.000

 Variances
    CT                 0.892      0.210      4.243      0.000

 Residual Variances
    Y1                 0.389      0.098      3.952      0.000
    Y2                 0.718      0.126      5.723      0.000
    Y3                 0.360      0.148      2.429      0.015
    Y4                 0.706      0.128      5.496      0.000


QUALITY OF NUMERICAL RESULTS

     Condition Number for the Information Matrix              0.215E-02
       (ratio of smallest to largest eigenvalue)


     Beginning Time:  16:12:44
        Ending Time:  16:12:45
       Elapsed Time:  00:00:01



MUTHEN & MUTHEN
3463 Stoner Ave.
Los Angeles, CA  90066

Tel: (310) 391-9971
Fax: (310) 391-8971
Web: www.StatModel.com
Support: Support@StatModel.com

Copyright (c) 1998-2017 Muthen & Muthen
