Mplus VERSION 8
MUTHEN & MUTHEN
02/19/2019  10:38 AM

INPUT INSTRUCTIONS

  TITLE: Your title goes here
  DATA: FILE = "Mplus_files_Results/cuts_wide_n100_i3_nt15_na0.1.dat";
  VARIABLE:
  NAMES = subjn y11 y21 y31 y12 y22 y32 y13 y23 y33 y14 y24 y34 y15 y25 y35 y16 y26
       y36 y17 y27 y37 y18 y28 y38 y19 y29 y39 y110 y210 y310 y111 y211 y311 y112 y212
       y312 y113 y213 y313 y114 y214 y314 y115 y215 y315;
  MISSING=.;
  USEVAR = y11
  y21
  y31
  y12
  y22
  y32
  y13
  y23
  y33
  y14
  y24
  y34
  y15
  y25
  y35
  y16
  y26
  y36
  y17
  y27
  y37
  y18
  y28
  y38
  y19
  y29
  y39
  y110
  y210
  y310
  y111
  y211
  y311
  y112
  y212
  y312
  y113
  y213
  y313
  y114
  y214
  y314
  y115
  y215
  y315 ;


  ANALYSIS:
  TYPE = GENERAL ;
  ESTIMATOR = ML ;
  ITERATIONS = 50000 ;
  H1ITERATIONS = 50000 ;


  MODEL:

  ! common states
  CS1 BY y11@1
  y21 (lcs21)
  y31 (lcs31) ;
  CS2 BY y12@1
  y22 (lcs21)
  y32 (lcs31) ;
  CS3 BY y13@1
  y23 (lcs21)
  y33 (lcs31) ;
  CS4 BY y14@1
  y24 (lcs21)
  y34 (lcs31) ;
  CS5 BY y15@1
  y25 (lcs21)
  y35 (lcs31) ;
  CS6 BY y16@1
  y26 (lcs21)
  y36 (lcs31) ;
  CS7 BY y17@1
  y27 (lcs21)
  y37 (lcs31) ;
  CS8 BY y18@1
  y28 (lcs21)
  y38 (lcs31) ;
  CS9 BY y19@1
  y29 (lcs21)
  y39 (lcs31) ;
  CS10 BY y110@1
  y210 (lcs21)
  y310 (lcs31) ;
  CS11 BY y111@1
  y211 (lcs21)
  y311 (lcs31) ;
  CS12 BY y112@1
  y212 (lcs21)
  y312 (lcs31) ;
  CS13 BY y113@1
  y213 (lcs21)
  y313 (lcs31) ;
  CS14 BY y114@1
  y214 (lcs21)
  y314 (lcs31) ;
  CS15 BY y115@1
  y215 (lcs21)
  y315 (lcs31) ;

  ! common trait
  CT BY y11@1
  y21 (lct21)
  y31 (lct31)
  y12@1
  y22 (lct21)
  y32 (lct31)
  y13@1
  y23 (lct21)
  y33 (lct31)
  y14@1
  y24 (lct21)
  y34 (lct31)
  y15@1
  y25 (lct21)
  y35 (lct31)
  y16@1
  y26 (lct21)
  y36 (lct31)
  y17@1
  y27 (lct21)
  y37 (lct31)
  y18@1
  y28 (lct21)
  y38 (lct31)
  y19@1
  y29 (lct21)
  y39 (lct31)
  y110@1
  y210 (lct21)
  y310 (lct31)
  y111@1
  y211 (lct21)
  y311 (lct31)
  y112@1
  y212 (lct21)
  y312 (lct31)
  y113@1
  y213 (lct21)
  y313 (lct31)
  y114@1
  y214 (lct21)
  y314 (lct31)
  y115@1
  y215 (lct21)
  y315 (lct31) ;

  ! unique trait
  UT1 BY y11@1
  y12@1
  y13@1
  y14@1
  y15@1
  y16@1
  y17@1
  y18@1
  y19@1
  y110@1
  y111@1
  y112@1
  y113@1
  y114@1
  y115@1 ;
  UT2 BY y21@1
  y22@1
  y23@1
  y24@1
  y25@1
  y26@1
  y27@1
  y28@1
  y29@1
  y210@1
  y211@1
  y212@1
  y213@1
  y214@1
  y215@1 ;
  UT3 BY y31@1
  y32@1
  y33@1
  y34@1
  y35@1
  y36@1
  y37@1
  y38@1
  y39@1
  y310@1
  y311@1
  y312@1
  y313@1
  y314@1
  y315@1 ;

  ! Intercepts and means
  [y11*] (ins11) ;
  [y21*] (ins21) ;
  [y31*] (ins31) ;
  [y12*] (ins11) ;
  [y22*] (ins21) ;
  [y32*] (ins31) ;
  [y13*] (ins11) ;
  [y23*] (ins21) ;
  [y33*] (ins31) ;
  [y14*] (ins11) ;
  [y24*] (ins21) ;
  [y34*] (ins31) ;
  [y15*] (ins11) ;
  [y25*] (ins21) ;
  [y35*] (ins31) ;
  [y16*] (ins11) ;
  [y26*] (ins21) ;
  [y36*] (ins31) ;
  [y17*] (ins11) ;
  [y27*] (ins21) ;
  [y37*] (ins31) ;
  [y18*] (ins11) ;
  [y28*] (ins21) ;
  [y38*] (ins31) ;
  [y19*] (ins11) ;
  [y29*] (ins21) ;
  [y39*] (ins31) ;
  [y110*] (ins11) ;
  [y210*] (ins21) ;
  [y310*] (ins31) ;
  [y111*] (ins11) ;
  [y211*] (ins21) ;
  [y311*] (ins31) ;
  [y112*] (ins11) ;
  [y212*] (ins21) ;
  [y312*] (ins31) ;
  [y113*] (ins11) ;
  [y213*] (ins21) ;
  [y313*] (ins31) ;
  [y114*] (ins11) ;
  [y214*] (ins21) ;
  [y314*] (ins31) ;
  [y115*] (ins11) ;
  [y215*] (ins21) ;
  [y315*] (ins31) ;




  ! Set 0 covariances
  CS1 WITH CS2@0
  CS3@0
  CS4@0
  CS5@0
  CS6@0
  CS7@0
  CS8@0
  CS9@0
  CS10@0
  CS11@0
  CS12@0
  CS13@0
  CS14@0
  CS15@0
  UT1@0
  UT2@0
  UT3@0
  CT@0 ;
  CS2 WITH CS3@0
  CS4@0
  CS5@0
  CS6@0
  CS7@0
  CS8@0
  CS9@0
  CS10@0
  CS11@0
  CS12@0
  CS13@0
  CS14@0
  CS15@0
  UT1@0
  UT2@0
  UT3@0
  CT@0 ;
  CS3 WITH CS4@0
  CS5@0
  CS6@0
  CS7@0
  CS8@0
  CS9@0
  CS10@0
  CS11@0
  CS12@0
  CS13@0
  CS14@0
  CS15@0
  UT1@0
  UT2@0
  UT3@0
  CT@0 ;
  CS4 WITH CS5@0
  CS6@0
  CS7@0
  CS8@0
  CS9@0
  CS10@0
  CS11@0
  CS12@0
  CS13@0
  CS14@0
  CS15@0
  UT1@0
  UT2@0
  UT3@0
  CT@0 ;
  CS5 WITH CS6@0
  CS7@0
  CS8@0
  CS9@0
  CS10@0
  CS11@0
  CS12@0
  CS13@0
  CS14@0
  CS15@0
  UT1@0
  UT2@0
  UT3@0
  CT@0 ;
  CS6 WITH CS7@0
  CS8@0
  CS9@0
  CS10@0
  CS11@0
  CS12@0
  CS13@0
  CS14@0
  CS15@0
  UT1@0
  UT2@0
  UT3@0
  CT@0 ;
  CS7 WITH CS8@0
  CS9@0
  CS10@0
  CS11@0
  CS12@0
  CS13@0
  CS14@0
  CS15@0
  UT1@0
  UT2@0
  UT3@0
  CT@0 ;
  CS8 WITH CS9@0
  CS10@0
  CS11@0
  CS12@0
  CS13@0
  CS14@0
  CS15@0
  UT1@0
  UT2@0
  UT3@0
  CT@0 ;
  CS9 WITH CS10@0
  CS11@0
  CS12@0
  CS13@0
  CS14@0
  CS15@0
  UT1@0
  UT2@0
  UT3@0
  CT@0 ;
  CS10 WITH CS11@0
  CS12@0
  CS13@0
  CS14@0
  CS15@0
  UT1@0
  UT2@0
  UT3@0
  CT@0 ;
  CS11 WITH CS12@0
  CS13@0
  CS14@0
  CS15@0
  UT1@0
  UT2@0
  UT3@0
  CT@0 ;
  CS12 WITH CS13@0
  CS14@0
  CS15@0
  UT1@0
  UT2@0
  UT3@0
  CT@0 ;
  CS13 WITH CS14@0
  CS15@0
  UT1@0
  UT2@0
  UT3@0
  CT@0 ;
  CS14 WITH CS15@0
  UT1@0
  UT2@0
  UT3@0
  CT@0 ;
  CS15 WITH UT1@0
  UT2@0
  UT3@0
  CT@0 ;
  UT1 WITH UT2@0
  UT3@0
  CT@0 ;
  UT2 WITH UT3@0
  CT@0 ;
  UT3 WITH CT@0 ;

  ! Variance components
  y11 (err11) ;
  y21 (err21) ;
  y31 (err31) ;
  y12 (err11) ;
  y22 (err21) ;
  y32 (err31) ;
  y13 (err11) ;
  y23 (err21) ;
  y33 (err31) ;
  y14 (err11) ;
  y24 (err21) ;
  y34 (err31) ;
  y15 (err11) ;
  y25 (err21) ;
  y35 (err31) ;
  y16 (err11) ;
  y26 (err21) ;
  y36 (err31) ;
  y17 (err11) ;
  y27 (err21) ;
  y37 (err31) ;
  y18 (err11) ;
  y28 (err21) ;
  y38 (err31) ;
  y19 (err11) ;
  y29 (err21) ;
  y39 (err31) ;
  y110 (err11) ;
  y210 (err21) ;
  y310 (err31) ;
  y111 (err11) ;
  y211 (err21) ;
  y311 (err31) ;
  y112 (err11) ;
  y212 (err21) ;
  y312 (err31) ;
  y113 (err11) ;
  y213 (err21) ;
  y313 (err31) ;
  y114 (err11) ;
  y214 (err21) ;
  y314 (err31) ;
  y115 (err11) ;
  y215 (err21) ;
  y315 (err31) ;
  CS1 (cs_var1) ;
  CS2 (cs_var1) ;
  CS3 (cs_var1) ;
  CS4 (cs_var1) ;
  CS5 (cs_var1) ;
  CS6 (cs_var1) ;
  CS7 (cs_var1) ;
  CS8 (cs_var1) ;
  CS9 (cs_var1) ;
  CS10 (cs_var1) ;
  CS11 (cs_var1) ;
  CS12 (cs_var1) ;
  CS13 (cs_var1) ;
  CS14 (cs_var1) ;
  CS15 (cs_var1) ;
  UT1 (ut_var1) ;
  UT2 (ut_var2) ;
  UT3 (ut_var3) ;
  CT (ct_var) ;



INPUT READING TERMINATED NORMALLY



Your title goes here

SUMMARY OF ANALYSIS

Number of groups                                                 1
Number of observations                                         100

Number of dependent variables                                   45
Number of independent variables                                  0
Number of continuous latent variables                           19

Observed dependent variables

  Continuous
   Y11         Y21         Y31         Y12         Y22         Y32
   Y13         Y23         Y33         Y14         Y24         Y34
   Y15         Y25         Y35         Y16         Y26         Y36
   Y17         Y27         Y37         Y18         Y28         Y38
   Y19         Y29         Y39         Y110        Y210        Y310
   Y111        Y211        Y311        Y112        Y212        Y312
   Y113        Y213        Y313        Y114        Y214        Y314
   Y115        Y215        Y315

Continuous latent variables
   CS1         CS2         CS3         CS4         CS5         CS6
   CS7         CS8         CS9         CS10        CS11        CS12
   CS13        CS14        CS15        CT          UT1         UT2
   UT3


Estimator                                                       ML
Information matrix                                        OBSERVED
Maximum number of iterations                                 50000
Convergence criterion                                    0.500D-04
Maximum number of steepest descent iterations                   20
Maximum number of iterations for H1                          50000
Convergence criterion for H1                             0.100D-03

Input data file(s)
  Mplus_files_Results/cuts_wide_n100_i3_nt15_na0.1.dat

Input data format  FREE


SUMMARY OF DATA

     Number of missing data patterns            99


COVARIANCE COVERAGE OF DATA

Minimum covariance coverage value   0.100


     PROPORTION OF DATA PRESENT


           Covariance Coverage
              Y11           Y21           Y31           Y12           Y22
              ________      ________      ________      ________      ________
 Y11            0.900
 Y21            0.850         0.940
 Y31            0.860         0.890         0.950
 Y12            0.750         0.800         0.810         0.850
 Y22            0.850         0.900         0.910         0.820         0.950
 Y32            0.790         0.830         0.830         0.770         0.840
 Y13            0.810         0.850         0.860         0.780         0.850
 Y23            0.830         0.860         0.890         0.780         0.870
 Y33            0.800         0.820         0.840         0.740         0.840
 Y14            0.850         0.890         0.900         0.800         0.900
 Y24            0.770         0.810         0.810         0.760         0.820
 Y34            0.850         0.870         0.890         0.790         0.890
 Y15            0.830         0.890         0.890         0.800         0.890
 Y25            0.770         0.810         0.820         0.740         0.820
 Y35            0.830         0.880         0.870         0.790         0.880
 Y16            0.810         0.860         0.880         0.790         0.870
 Y26            0.830         0.870         0.870         0.770         0.880
 Y36            0.810         0.850         0.860         0.780         0.870
 Y17            0.860         0.880         0.900         0.800         0.890
 Y27            0.800         0.820         0.840         0.750         0.850
 Y37            0.820         0.850         0.860         0.760         0.870
 Y18            0.790         0.820         0.830         0.740         0.840
 Y28            0.820         0.840         0.850         0.790         0.850
 Y38            0.830         0.840         0.860         0.760         0.850
 Y19            0.820         0.850         0.870         0.760         0.860
 Y29            0.810         0.850         0.850         0.760         0.850
 Y39            0.840         0.870         0.880         0.790         0.880
 Y110           0.810         0.840         0.860         0.760         0.850
 Y210           0.830         0.870         0.870         0.780         0.870
 Y310           0.810         0.840         0.870         0.760         0.850
 Y111           0.800         0.850         0.850         0.770         0.860
 Y211           0.840         0.880         0.880         0.810         0.890
 Y311           0.810         0.840         0.850         0.780         0.850
 Y112           0.830         0.870         0.880         0.800         0.880
 Y212           0.840         0.860         0.870         0.780         0.880
 Y312           0.800         0.850         0.860         0.750         0.850
 Y113           0.840         0.870         0.880         0.780         0.880
 Y213           0.840         0.880         0.890         0.790         0.890
 Y313           0.830         0.860         0.870         0.770         0.860
 Y114           0.840         0.850         0.860         0.780         0.870
 Y214           0.820         0.850         0.860         0.780         0.870
 Y314           0.810         0.820         0.840         0.740         0.830
 Y115           0.850         0.880         0.890         0.780         0.880
 Y215           0.820         0.870         0.870         0.800         0.870
 Y315           0.770         0.820         0.820         0.730         0.820


           Covariance Coverage
              Y32           Y13           Y23           Y33           Y14
              ________      ________      ________      ________      ________
 Y32            0.880
 Y13            0.790         0.900
 Y23            0.810         0.830         0.920
 Y33            0.780         0.780         0.830         0.880
 Y14            0.840         0.860         0.870         0.830         0.950
 Y24            0.760         0.780         0.780         0.770         0.820
 Y34            0.830         0.830         0.850         0.840         0.880
 Y15            0.820         0.830         0.850         0.810         0.890
 Y25            0.760         0.770         0.790         0.770         0.830
 Y35            0.810         0.830         0.850         0.820         0.870
 Y16            0.790         0.830         0.830         0.790         0.870
 Y26            0.810         0.830         0.840         0.800         0.870
 Y36            0.810         0.830         0.830         0.790         0.860
 Y17            0.820         0.860         0.880         0.830         0.890
 Y27            0.760         0.800         0.800         0.770         0.840
 Y37            0.780         0.820         0.850         0.820         0.850
 Y18            0.760         0.790         0.800         0.770         0.840
 Y28            0.790         0.820         0.840         0.800         0.860
 Y38            0.810         0.800         0.830         0.780         0.850
 Y19            0.790         0.820         0.850         0.800         0.860
 Y29            0.780         0.800         0.820         0.810         0.850
 Y39            0.810         0.840         0.850         0.820         0.890
 Y110           0.780         0.800         0.830         0.790         0.850
 Y210           0.820         0.820         0.860         0.820         0.870
 Y310           0.790         0.820         0.830         0.780         0.860
 Y111           0.810         0.800         0.820         0.810         0.860
 Y211           0.820         0.830         0.860         0.830         0.880
 Y311           0.780         0.790         0.810         0.790         0.840
 Y112           0.840         0.850         0.850         0.820         0.900
 Y212           0.810         0.820         0.840         0.820         0.870
 Y312           0.780         0.820         0.830         0.790         0.860
 Y113           0.810         0.830         0.860         0.810         0.890
 Y213           0.830         0.840         0.860         0.820         0.900
 Y313           0.800         0.810         0.850         0.800         0.870
 Y114           0.790         0.820         0.830         0.800         0.860
 Y214           0.820         0.820         0.830         0.790         0.860
 Y314           0.780         0.790         0.810         0.760         0.830
 Y115           0.810         0.830         0.870         0.820         0.880
 Y215           0.820         0.840         0.850         0.800         0.870
 Y315           0.760         0.780         0.800         0.780         0.820


           Covariance Coverage
              Y24           Y34           Y15           Y25           Y35
              ________      ________      ________      ________      ________
 Y24            0.860
 Y34            0.790         0.930
 Y15            0.790         0.870         0.930
 Y25            0.740         0.800         0.820         0.870
 Y35            0.800         0.860         0.850         0.790         0.920
 Y16            0.780         0.850         0.850         0.800         0.840
 Y26            0.790         0.850         0.850         0.800         0.840
 Y36            0.780         0.840         0.840         0.810         0.830
 Y17            0.800         0.870         0.870         0.820         0.860
 Y27            0.750         0.830         0.820         0.770         0.800
 Y37            0.770         0.830         0.840         0.790         0.840
 Y18            0.770         0.820         0.810         0.750         0.810
 Y28            0.770         0.840         0.830         0.780         0.820
 Y38            0.770         0.840         0.830         0.780         0.840
 Y19            0.780         0.840         0.850         0.790         0.830
 Y29            0.780         0.840         0.830         0.790         0.840
 Y39            0.790         0.860         0.860         0.820         0.850
 Y110           0.770         0.830         0.850         0.800         0.840
 Y210           0.800         0.860         0.850         0.790         0.850
 Y310           0.760         0.840         0.830         0.770         0.820
 Y111           0.780         0.840         0.830         0.770         0.840
 Y211           0.810         0.860         0.870         0.800         0.860
 Y311           0.750         0.840         0.850         0.800         0.810
 Y112           0.820         0.860         0.860         0.820         0.860
 Y212           0.780         0.860         0.850         0.820         0.840
 Y312           0.760         0.840         0.850         0.780         0.830
 Y113           0.810         0.860         0.870         0.800         0.850
 Y213           0.810         0.880         0.870         0.830         0.860
 Y313           0.810         0.840         0.850         0.790         0.830
 Y114           0.800         0.840         0.840         0.780         0.840
 Y214           0.780         0.860         0.850         0.780         0.830
 Y314           0.740         0.810         0.830         0.760         0.820
 Y115           0.790         0.860         0.870         0.800         0.850
 Y215           0.800         0.850         0.850         0.790         0.850
 Y315           0.740         0.830         0.810         0.770         0.800


           Covariance Coverage
              Y16           Y26           Y36           Y17           Y27
              ________      ________      ________      ________      ________
 Y16            0.910
 Y26            0.830         0.920
 Y36            0.830         0.840         0.910
 Y17            0.850         0.870         0.850         0.940
 Y27            0.810         0.810         0.790         0.820         0.880
 Y37            0.810         0.820         0.810         0.850         0.800
 Y18            0.790         0.820         0.800         0.830         0.770
 Y28            0.810         0.820         0.820         0.860         0.800
 Y38            0.810         0.820         0.810         0.850         0.790
 Y19            0.830         0.840         0.820         0.860         0.800
 Y29            0.820         0.830         0.820         0.840         0.780
 Y39            0.840         0.860         0.840         0.870         0.830
 Y110           0.820         0.820         0.810         0.840         0.780
 Y210           0.830         0.860         0.830         0.870         0.810
 Y310           0.830         0.830         0.810         0.840         0.810
 Y111           0.810         0.830         0.810         0.840         0.800
 Y211           0.840         0.850         0.840         0.880         0.810
 Y311           0.810         0.820         0.830         0.830         0.780
 Y112           0.840         0.850         0.850         0.870         0.810
 Y212           0.840         0.850         0.850         0.860         0.820
 Y312           0.820         0.840         0.820         0.840         0.800
 Y113           0.850         0.850         0.840         0.870         0.820
 Y213           0.850         0.870         0.850         0.890         0.830
 Y313           0.820         0.840         0.820         0.850         0.800
 Y114           0.820         0.850         0.820         0.860         0.810
 Y214           0.830         0.850         0.830         0.850         0.810
 Y314           0.790         0.820         0.790         0.850         0.760
 Y115           0.850         0.860         0.840         0.870         0.810
 Y215           0.840         0.840         0.840         0.860         0.810
 Y315           0.790         0.810         0.790         0.810         0.780


           Covariance Coverage
              Y37           Y18           Y28           Y38           Y19
              ________      ________      ________      ________      ________
 Y37            0.900
 Y18            0.790         0.880
 Y28            0.810         0.780         0.900
 Y38            0.810         0.780         0.810         0.900
 Y19            0.820         0.820         0.810         0.810         0.910
 Y29            0.800         0.800         0.820         0.800         0.830
 Y39            0.840         0.820         0.840         0.840         0.850
 Y110           0.820         0.780         0.800         0.810         0.820
 Y210           0.830         0.810         0.840         0.840         0.830
 Y310           0.810         0.800         0.800         0.800         0.830
 Y111           0.810         0.800         0.810         0.810         0.810
 Y211           0.860         0.820         0.850         0.840         0.840
 Y311           0.800         0.780         0.810         0.800         0.800
 Y112           0.830         0.810         0.840         0.840         0.840
 Y212           0.830         0.810         0.840         0.820         0.830
 Y312           0.810         0.790         0.800         0.800         0.840
 Y113           0.830         0.820         0.850         0.840         0.850
 Y213           0.840         0.830         0.840         0.840         0.870
 Y313           0.820         0.790         0.820         0.820         0.820
 Y114           0.830         0.800         0.820         0.830         0.820
 Y214           0.810         0.810         0.810         0.820         0.820
 Y314           0.800         0.780         0.790         0.800         0.800
 Y115           0.850         0.810         0.830         0.840         0.840
 Y215           0.820         0.810         0.830         0.840         0.830
 Y315           0.780         0.780         0.770         0.770         0.780


           Covariance Coverage
              Y29           Y39           Y110          Y210          Y310
              ________      ________      ________      ________      ________
 Y29            0.900
 Y39            0.840         0.930
 Y110           0.800         0.830         0.900
 Y210           0.850         0.870         0.820         0.920
 Y310           0.810         0.850         0.810         0.830         0.900
 Y111           0.800         0.830         0.810         0.830         0.820
 Y211           0.830         0.870         0.830         0.870         0.830
 Y311           0.810         0.830         0.800         0.820         0.790
 Y112           0.830         0.870         0.850         0.850         0.840
 Y212           0.820         0.870         0.820         0.840         0.830
 Y312           0.820         0.830         0.800         0.830         0.820
 Y113           0.840         0.860         0.830         0.860         0.830
 Y213           0.850         0.880         0.840         0.860         0.850
 Y313           0.820         0.840         0.830         0.850         0.810
 Y114           0.810         0.840         0.810         0.840         0.820
 Y214           0.820         0.850         0.830         0.840         0.840
 Y314           0.790         0.820         0.800         0.810         0.790
 Y115           0.830         0.860         0.840         0.850         0.830
 Y215           0.830         0.850         0.820         0.860         0.820
 Y315           0.780         0.810         0.780         0.800         0.780


           Covariance Coverage
              Y111          Y211          Y311          Y112          Y212
              ________      ________      ________      ________      ________
 Y111           0.900
 Y211           0.840         0.930
 Y311           0.790         0.850         0.890
 Y112           0.840         0.860         0.830         0.930
 Y212           0.820         0.850         0.830         0.850         0.920
 Y312           0.800         0.830         0.800         0.830         0.830
 Y113           0.830         0.860         0.820         0.860         0.860
 Y213           0.850         0.870         0.830         0.880         0.860
 Y313           0.810         0.850         0.810         0.850         0.830
 Y114           0.820         0.860         0.810         0.840         0.830
 Y214           0.830         0.840         0.810         0.850         0.840
 Y314           0.800         0.810         0.780         0.810         0.810
 Y115           0.830         0.880         0.840         0.860         0.850
 Y215           0.830         0.860         0.810         0.850         0.840
 Y315           0.790         0.810         0.780         0.800         0.830


           Covariance Coverage
              Y312          Y113          Y213          Y313          Y114
              ________      ________      ________      ________      ________
 Y312           0.900
 Y113           0.860         0.930
 Y213           0.840         0.870         0.940
 Y313           0.810         0.860         0.870         0.910
 Y114           0.820         0.860         0.860         0.840         0.910
 Y214           0.810         0.840         0.860         0.820         0.820
 Y314           0.780         0.820         0.820         0.790         0.800
 Y115           0.840         0.870         0.870         0.870         0.850
 Y215           0.830         0.850         0.860         0.840         0.830
 Y315           0.810         0.820         0.820         0.800         0.780


           Covariance Coverage
              Y214          Y314          Y115          Y215          Y315
              ________      ________      ________      ________      ________
 Y214           0.910
 Y314           0.820         0.880
 Y115           0.840         0.810         0.930
 Y215           0.830         0.800         0.850         0.920
 Y315           0.810         0.760         0.830         0.800         0.870



UNIVARIATE SAMPLE STATISTICS


     UNIVARIATE HIGHER-ORDER MOMENT DESCRIPTIVE STATISTICS

         Variable/         Mean/     Skewness/   Minimum/ % with                Percentiles
        Sample Size      Variance    Kurtosis    Maximum  Min/Max      20%/60%    40%/80%    Median

     Y11                   2.108      -0.715      -4.291    1.11%       0.520      2.012      2.437
              90.000       4.620       0.511       7.000    1.11%       2.889      3.602
     Y21                   2.730       0.212      -0.835    1.06%       1.282      2.271      2.619
              94.000       2.653      -0.160       7.103    1.06%       3.060      3.938
     Y31                   3.398      -0.061      -2.693    1.05%       0.896      2.940      3.718
              95.000       8.735      -0.437      10.838    1.05%       4.163      5.735
     Y12                   1.655      -0.252      -4.093    1.18%      -0.278      1.278      1.653
              85.000       4.369       0.034       6.939    1.18%       2.143      3.460
     Y22                   2.599       0.422      -0.243    1.05%       1.171      1.976      2.667
              95.000       2.446      -0.283       6.552    1.05%       2.836      3.694
     Y32                   3.013       0.153      -4.030    1.14%       1.147      2.591      3.093
              88.000       6.458       0.841      10.251    1.14%       3.513      4.414
     Y13                   2.056      -0.053      -4.301    1.11%       0.001      1.602      2.114
              90.000       5.026      -0.070       7.858    1.11%       2.502      3.807
     Y23                   2.652       0.025      -0.973    1.09%       1.108      2.123      2.730
              92.000       2.422      -0.607       6.022    1.09%       3.160      3.927
     Y33                   2.939       0.066      -2.786    1.14%       0.409      1.915      3.000
              88.000       7.105      -0.652       8.625    1.14%       3.747      5.112
     Y14                   2.153       0.000      -3.255    1.05%       0.403      1.530      2.290
              95.000       4.386      -0.175       7.215    1.05%       2.700      3.887
     Y24                   2.623       0.040      -0.732    1.16%       1.017      2.300      2.700
              86.000       2.666      -0.377       7.144    1.16%       3.106      3.964
     Y34                   3.129      -0.027      -2.394    1.08%       0.644      2.120      3.338
              93.000       6.931      -0.658       9.377    1.08%       4.030      5.561
     Y15                   2.107       0.199      -2.750    1.08%       0.021      1.527      2.235
              93.000       4.902      -0.054       7.990    1.08%       2.665      3.994
     Y25                   2.868       0.074      -1.069    1.15%       1.643      2.678      2.947
              87.000       2.433       0.468       7.197    1.15%       3.254      3.735
     Y35                   3.065      -0.022      -3.854    1.09%       0.723      2.577      3.177
              92.000       7.624       0.006      10.352    1.09%       3.689      5.121
     Y16                   1.949      -0.165      -4.127    1.10%      -0.290      1.693      2.222
              91.000       5.737       0.203       9.238    1.10%       2.900      3.990
     Y26                   2.619      -0.028      -1.805    1.09%       1.011      2.402      2.659
              92.000       2.467      -0.251       6.224    1.09%       2.854      4.017
     Y36                   2.926      -0.093      -3.796    1.10%       0.338      2.408      3.105
              91.000       7.825       0.100      11.304    1.10%       3.700      5.273
     Y17                   2.397       0.277      -3.563    1.06%       0.660      1.809      2.078
              94.000       4.319       0.737       8.613    1.06%       2.476      4.144
     Y27                   2.734       0.312      -0.555    1.14%       1.371      2.156      2.693
              88.000       2.541      -0.245       6.807    1.14%       2.999      3.939
     Y37                   3.423       0.148      -3.206    1.11%       1.070      2.645      3.411
              90.000       7.287       0.131      10.777    1.11%       4.227      5.477
     Y18                   2.062      -0.119      -3.065    1.14%       0.261      1.446      2.137
              88.000       3.771      -0.097       6.480    1.14%       2.653      3.740
     Y28                   2.847       0.163      -0.696    1.11%       1.396      2.432      2.945
              90.000       2.481      -0.149       7.110    1.11%       3.143      3.956
     Y38                   3.483      -0.495      -4.726    1.11%       1.370      2.981      3.351
              90.000       6.057       0.585       8.396    1.11%       4.223      5.630
     Y19                   2.012      -0.103      -3.398    1.10%       0.133      1.567      2.142
              91.000       4.097      -0.032       6.499    1.10%       2.610      3.690
     Y29                   2.776       0.570      -0.584    1.11%       1.019      2.427      2.699
              90.000       2.805       0.098       7.188    1.11%       3.039      3.921
     Y39                   3.313       0.153      -2.162    1.08%       1.069      2.942      3.428
              93.000       5.714       0.448      10.798    1.08%       4.039      4.764
     Y110                  2.264      -0.303      -3.825    1.11%       0.185      1.822      2.424
              90.000       4.809      -0.261       6.819    1.11%       2.956      4.083
     Y210                  2.766      -0.720      -1.675    1.09%       1.731      2.432      3.005
              92.000       2.267       0.562       5.712    1.09%       3.233      3.988
     Y310                  2.981      -0.278      -4.585    1.11%       0.753      2.328      3.209
              90.000       7.251      -0.114       8.531    1.11%       3.738      4.913
     Y111                  2.355      -0.273      -4.481    1.11%       0.570      1.951      2.623
              90.000       5.865      -0.070       7.814    1.11%       3.268      4.388
     Y211                  2.770      -0.294      -0.821    1.08%       1.548      2.619      2.973
              93.000       2.012      -0.318       5.525    1.08%       3.255      3.731
     Y311                  3.140      -0.108      -3.256    1.12%       0.935      2.280      3.224
              89.000       7.138      -0.556       8.686    1.12%       3.812      5.576
     Y112                  1.940       0.344      -2.263    1.08%       0.321      1.164      1.847
              93.000       4.100       0.162       8.289    1.08%       2.180      3.543
     Y212                  2.726       0.581       0.151    1.09%       1.543      2.259      2.527
              92.000       2.088       0.505       7.186    1.09%       2.934      4.014
     Y312                  3.134       0.358      -2.124    1.11%       0.719      2.313      2.938
              90.000       6.639      -0.167      10.883    1.11%       3.491      5.346
     Y113                  2.013      -0.003      -3.051    1.08%       0.276      1.492      2.069
              93.000       5.035       0.099       8.868    1.08%       2.554      3.972
     Y213                  2.683       0.370      -1.450    1.06%       1.036      2.155      2.734
              94.000       3.343       0.387       8.453    1.06%       3.161      3.946
     Y313                  3.232      -0.489      -5.285    1.10%       0.942      2.747      3.398
              91.000       7.013       0.386       8.453    1.10%       3.979      5.466
     Y114                  2.083      -0.089      -3.674    1.10%       0.303      1.707      1.934
              91.000       4.996       0.005       6.887    1.10%       2.492      3.996
     Y214                  2.657       0.152      -0.441    1.10%       1.103      2.005      2.685
              91.000       2.684      -0.509       7.002    1.10%       3.037      4.042
     Y314                  3.499       0.050      -3.177    1.14%       1.132      2.410      3.269
              88.000       9.241      -0.343      10.252    1.14%       4.134      5.986
     Y115                  1.867       0.065      -1.874    1.08%       0.184      0.969      1.775
              93.000       3.650      -0.946       6.032    1.08%       2.297      3.834
     Y215                  2.612       0.076      -1.286    1.09%       0.961      2.407      2.871
              92.000       2.684      -0.314       6.722    1.09%       3.070      4.041
     Y315                  2.848      -0.003      -3.414    1.15%       0.327      1.499      3.097
              87.000       7.485      -0.958       8.204    1.15%       3.965      5.187


THE MODEL ESTIMATION TERMINATED NORMALLY



MODEL FIT INFORMATION

Number of Free Parameters                       15

Loglikelihood

          H0 Value                       -7280.115
          H1 Value                       -6390.796

Information Criteria

          Akaike (AIC)                   14590.230
          Bayesian (BIC)                 14629.307
          Sample-Size Adjusted BIC       14581.933
            (n* = (n + 2) / 24)

Chi-Square Test of Model Fit

          Value                           1778.637
          Degrees of Freedom                  1065
          P-Value                           0.0000

RMSEA (Root Mean Square Error Of Approximation)

          Estimate                           0.082
          90 Percent C.I.                    0.075  0.088
          Probability RMSEA <= .05           0.000

CFI/TLI

          CFI                                0.815
          TLI                                0.828

Chi-Square Test of Model Fit for the Baseline Model

          Value                           4845.544
          Degrees of Freedom                   990
          P-Value                           0.0000

SRMR (Standardized Root Mean Square Residual)

          Value                              0.098



MODEL RESULTS

                                                    Two-Tailed
                    Estimate       S.E.  Est./S.E.    P-Value

 CS1      BY
    Y11                1.000      0.000    999.000    999.000
    Y21                0.536      0.022     24.472      0.000
    Y31                1.339      0.052     25.558      0.000

 CS2      BY
    Y12                1.000      0.000    999.000    999.000
    Y22                0.536      0.022     24.472      0.000
    Y32                1.339      0.052     25.558      0.000

 CS3      BY
    Y13                1.000      0.000    999.000    999.000
    Y23                0.536      0.022     24.472      0.000
    Y33                1.339      0.052     25.558      0.000

 CS4      BY
    Y14                1.000      0.000    999.000    999.000
    Y24                0.536      0.022     24.472      0.000
    Y34                1.339      0.052     25.558      0.000

 CS5      BY
    Y15                1.000      0.000    999.000    999.000
    Y25                0.536      0.022     24.472      0.000
    Y35                1.339      0.052     25.558      0.000

 CS6      BY
    Y16                1.000      0.000    999.000    999.000
    Y26                0.536      0.022     24.472      0.000
    Y36                1.339      0.052     25.558      0.000

 CS7      BY
    Y17                1.000      0.000    999.000    999.000
    Y27                0.536      0.022     24.472      0.000
    Y37                1.339      0.052     25.558      0.000

 CS8      BY
    Y18                1.000      0.000    999.000    999.000
    Y28                0.536      0.022     24.472      0.000
    Y38                1.339      0.052     25.558      0.000

 CS9      BY
    Y19                1.000      0.000    999.000    999.000
    Y29                0.536      0.022     24.472      0.000
    Y39                1.339      0.052     25.558      0.000

 CS10     BY
    Y110               1.000      0.000    999.000    999.000
    Y210               0.536      0.022     24.472      0.000
    Y310               1.339      0.052     25.558      0.000

 CS11     BY
    Y111               1.000      0.000    999.000    999.000
    Y211               0.536      0.022     24.472      0.000
    Y311               1.339      0.052     25.558      0.000

 CS12     BY
    Y112               1.000      0.000    999.000    999.000
    Y212               0.536      0.022     24.472      0.000
    Y312               1.339      0.052     25.558      0.000

 CS13     BY
    Y113               1.000      0.000    999.000    999.000
    Y213               0.536      0.022     24.472      0.000
    Y313               1.339      0.052     25.558      0.000

 CS14     BY
    Y114               1.000      0.000    999.000    999.000
    Y214               0.536      0.022     24.472      0.000
    Y314               1.339      0.052     25.558      0.000

 CS15     BY
    Y115               1.000      0.000    999.000    999.000
    Y215               0.536      0.022     24.472      0.000
    Y315               1.339      0.052     25.558      0.000

 CT       BY
    Y11                1.000      0.000    999.000    999.000
    Y21                0.676      0.122      5.542      0.000
    Y31                1.200      0.176      6.812      0.000
    Y12                1.000      0.000    999.000    999.000
    Y22                0.676      0.122      5.542      0.000
    Y32                1.200      0.176      6.812      0.000
    Y13                1.000      0.000    999.000    999.000
    Y23                0.676      0.122      5.542      0.000
    Y33                1.200      0.176      6.812      0.000
    Y14                1.000      0.000    999.000    999.000
    Y24                0.676      0.122      5.542      0.000
    Y34                1.200      0.176      6.812      0.000
    Y15                1.000      0.000    999.000    999.000
    Y25                0.676      0.122      5.542      0.000
    Y35                1.200      0.176      6.812      0.000
    Y16                1.000      0.000    999.000    999.000
    Y26                0.676      0.122      5.542      0.000
    Y36                1.200      0.176      6.812      0.000
    Y17                1.000      0.000    999.000    999.000
    Y27                0.676      0.122      5.542      0.000
    Y37                1.200      0.176      6.812      0.000
    Y18                1.000      0.000    999.000    999.000
    Y28                0.676      0.122      5.542      0.000
    Y38                1.200      0.176      6.812      0.000
    Y19                1.000      0.000    999.000    999.000
    Y29                0.676      0.122      5.542      0.000
    Y39                1.200      0.176      6.812      0.000
    Y110               1.000      0.000    999.000    999.000
    Y210               0.676      0.122      5.542      0.000
    Y310               1.200      0.176      6.812      0.000
    Y111               1.000      0.000    999.000    999.000
    Y211               0.676      0.122      5.542      0.000
    Y311               1.200      0.176      6.812      0.000
    Y112               1.000      0.000    999.000    999.000
    Y212               0.676      0.122      5.542      0.000
    Y312               1.200      0.176      6.812      0.000
    Y113               1.000      0.000    999.000    999.000
    Y213               0.676      0.122      5.542      0.000
    Y313               1.200      0.176      6.812      0.000
    Y114               1.000      0.000    999.000    999.000
    Y214               0.676      0.122      5.542      0.000
    Y314               1.200      0.176      6.812      0.000
    Y115               1.000      0.000    999.000    999.000
    Y215               0.676      0.122      5.542      0.000
    Y315               1.200      0.176      6.812      0.000

 UT1      BY
    Y11                1.000      0.000    999.000    999.000
    Y12                1.000      0.000    999.000    999.000
    Y13                1.000      0.000    999.000    999.000
    Y14                1.000      0.000    999.000    999.000
    Y15                1.000      0.000    999.000    999.000
    Y16                1.000      0.000    999.000    999.000
    Y17                1.000      0.000    999.000    999.000
    Y18                1.000      0.000    999.000    999.000
    Y19                1.000      0.000    999.000    999.000
    Y110               1.000      0.000    999.000    999.000
    Y111               1.000      0.000    999.000    999.000
    Y112               1.000      0.000    999.000    999.000
    Y113               1.000      0.000    999.000    999.000
    Y114               1.000      0.000    999.000    999.000
    Y115               1.000      0.000    999.000    999.000

 UT2      BY
    Y21                1.000      0.000    999.000    999.000
    Y22                1.000      0.000    999.000    999.000
    Y23                1.000      0.000    999.000    999.000
    Y24                1.000      0.000    999.000    999.000
    Y25                1.000      0.000    999.000    999.000
    Y26                1.000      0.000    999.000    999.000
    Y27                1.000      0.000    999.000    999.000
    Y28                1.000      0.000    999.000    999.000
    Y29                1.000      0.000    999.000    999.000
    Y210               1.000      0.000    999.000    999.000
    Y211               1.000      0.000    999.000    999.000
    Y212               1.000      0.000    999.000    999.000
    Y213               1.000      0.000    999.000    999.000
    Y214               1.000      0.000    999.000    999.000
    Y215               1.000      0.000    999.000    999.000

 UT3      BY
    Y31                1.000      0.000    999.000    999.000
    Y32                1.000      0.000    999.000    999.000
    Y33                1.000      0.000    999.000    999.000
    Y34                1.000      0.000    999.000    999.000
    Y35                1.000      0.000    999.000    999.000
    Y36                1.000      0.000    999.000    999.000
    Y37                1.000      0.000    999.000    999.000
    Y38                1.000      0.000    999.000    999.000
    Y39                1.000      0.000    999.000    999.000
    Y310               1.000      0.000    999.000    999.000
    Y311               1.000      0.000    999.000    999.000
    Y312               1.000      0.000    999.000    999.000
    Y313               1.000      0.000    999.000    999.000
    Y314               1.000      0.000    999.000    999.000
    Y315               1.000      0.000    999.000    999.000

 CS1      WITH
    CS2                0.000      0.000    999.000    999.000
    CS3                0.000      0.000    999.000    999.000
    CS4                0.000      0.000    999.000    999.000
    CS5                0.000      0.000    999.000    999.000
    CS6                0.000      0.000    999.000    999.000
    CS7                0.000      0.000    999.000    999.000
    CS8                0.000      0.000    999.000    999.000
    CS9                0.000      0.000    999.000    999.000
    CS10               0.000      0.000    999.000    999.000
    CS11               0.000      0.000    999.000    999.000
    CS12               0.000      0.000    999.000    999.000
    CS13               0.000      0.000    999.000    999.000
    CS14               0.000      0.000    999.000    999.000
    CS15               0.000      0.000    999.000    999.000
    UT1                0.000      0.000    999.000    999.000
    UT2                0.000      0.000    999.000    999.000
    UT3                0.000      0.000    999.000    999.000
    CT                 0.000      0.000    999.000    999.000

 CS2      WITH
    CS3                0.000      0.000    999.000    999.000
    CS4                0.000      0.000    999.000    999.000
    CS5                0.000      0.000    999.000    999.000
    CS6                0.000      0.000    999.000    999.000
    CS7                0.000      0.000    999.000    999.000
    CS8                0.000      0.000    999.000    999.000
    CS9                0.000      0.000    999.000    999.000
    CS10               0.000      0.000    999.000    999.000
    CS11               0.000      0.000    999.000    999.000
    CS12               0.000      0.000    999.000    999.000
    CS13               0.000      0.000    999.000    999.000
    CS14               0.000      0.000    999.000    999.000
    CS15               0.000      0.000    999.000    999.000
    UT1                0.000      0.000    999.000    999.000
    UT2                0.000      0.000    999.000    999.000
    UT3                0.000      0.000    999.000    999.000
    CT                 0.000      0.000    999.000    999.000

 CS3      WITH
    CS4                0.000      0.000    999.000    999.000
    CS5                0.000      0.000    999.000    999.000
    CS6                0.000      0.000    999.000    999.000
    CS7                0.000      0.000    999.000    999.000
    CS8                0.000      0.000    999.000    999.000
    CS9                0.000      0.000    999.000    999.000
    CS10               0.000      0.000    999.000    999.000
    CS11               0.000      0.000    999.000    999.000
    CS12               0.000      0.000    999.000    999.000
    CS13               0.000      0.000    999.000    999.000
    CS14               0.000      0.000    999.000    999.000
    CS15               0.000      0.000    999.000    999.000
    UT1                0.000      0.000    999.000    999.000
    UT2                0.000      0.000    999.000    999.000
    UT3                0.000      0.000    999.000    999.000
    CT                 0.000      0.000    999.000    999.000

 CS4      WITH
    CS5                0.000      0.000    999.000    999.000
    CS6                0.000      0.000    999.000    999.000
    CS7                0.000      0.000    999.000    999.000
    CS8                0.000      0.000    999.000    999.000
    CS9                0.000      0.000    999.000    999.000
    CS10               0.000      0.000    999.000    999.000
    CS11               0.000      0.000    999.000    999.000
    CS12               0.000      0.000    999.000    999.000
    CS13               0.000      0.000    999.000    999.000
    CS14               0.000      0.000    999.000    999.000
    CS15               0.000      0.000    999.000    999.000
    UT1                0.000      0.000    999.000    999.000
    UT2                0.000      0.000    999.000    999.000
    UT3                0.000      0.000    999.000    999.000
    CT                 0.000      0.000    999.000    999.000

 CS5      WITH
    CS6                0.000      0.000    999.000    999.000
    CS7                0.000      0.000    999.000    999.000
    CS8                0.000      0.000    999.000    999.000
    CS9                0.000      0.000    999.000    999.000
    CS10               0.000      0.000    999.000    999.000
    CS11               0.000      0.000    999.000    999.000
    CS12               0.000      0.000    999.000    999.000
    CS13               0.000      0.000    999.000    999.000
    CS14               0.000      0.000    999.000    999.000
    CS15               0.000      0.000    999.000    999.000
    UT1                0.000      0.000    999.000    999.000
    UT2                0.000      0.000    999.000    999.000
    UT3                0.000      0.000    999.000    999.000
    CT                 0.000      0.000    999.000    999.000

 CS6      WITH
    CS7                0.000      0.000    999.000    999.000
    CS8                0.000      0.000    999.000    999.000
    CS9                0.000      0.000    999.000    999.000
    CS10               0.000      0.000    999.000    999.000
    CS11               0.000      0.000    999.000    999.000
    CS12               0.000      0.000    999.000    999.000
    CS13               0.000      0.000    999.000    999.000
    CS14               0.000      0.000    999.000    999.000
    CS15               0.000      0.000    999.000    999.000
    UT1                0.000      0.000    999.000    999.000
    UT2                0.000      0.000    999.000    999.000
    UT3                0.000      0.000    999.000    999.000
    CT                 0.000      0.000    999.000    999.000

 CS7      WITH
    CS8                0.000      0.000    999.000    999.000
    CS9                0.000      0.000    999.000    999.000
    CS10               0.000      0.000    999.000    999.000
    CS11               0.000      0.000    999.000    999.000
    CS12               0.000      0.000    999.000    999.000
    CS13               0.000      0.000    999.000    999.000
    CS14               0.000      0.000    999.000    999.000
    CS15               0.000      0.000    999.000    999.000
    UT1                0.000      0.000    999.000    999.000
    UT2                0.000      0.000    999.000    999.000
    UT3                0.000      0.000    999.000    999.000
    CT                 0.000      0.000    999.000    999.000

 CS8      WITH
    CS9                0.000      0.000    999.000    999.000
    CS10               0.000      0.000    999.000    999.000
    CS11               0.000      0.000    999.000    999.000
    CS12               0.000      0.000    999.000    999.000
    CS13               0.000      0.000    999.000    999.000
    CS14               0.000      0.000    999.000    999.000
    CS15               0.000      0.000    999.000    999.000
    UT1                0.000      0.000    999.000    999.000
    UT2                0.000      0.000    999.000    999.000
    UT3                0.000      0.000    999.000    999.000
    CT                 0.000      0.000    999.000    999.000

 CS9      WITH
    CS10               0.000      0.000    999.000    999.000
    CS11               0.000      0.000    999.000    999.000
    CS12               0.000      0.000    999.000    999.000
    CS13               0.000      0.000    999.000    999.000
    CS14               0.000      0.000    999.000    999.000
    CS15               0.000      0.000    999.000    999.000
    UT1                0.000      0.000    999.000    999.000
    UT2                0.000      0.000    999.000    999.000
    UT3                0.000      0.000    999.000    999.000
    CT                 0.000      0.000    999.000    999.000

 CS10     WITH
    CS11               0.000      0.000    999.000    999.000
    CS12               0.000      0.000    999.000    999.000
    CS13               0.000      0.000    999.000    999.000
    CS14               0.000      0.000    999.000    999.000
    CS15               0.000      0.000    999.000    999.000
    UT1                0.000      0.000    999.000    999.000
    UT2                0.000      0.000    999.000    999.000
    UT3                0.000      0.000    999.000    999.000
    CT                 0.000      0.000    999.000    999.000

 CS11     WITH
    CS12               0.000      0.000    999.000    999.000
    CS13               0.000      0.000    999.000    999.000
    CS14               0.000      0.000    999.000    999.000
    CS15               0.000      0.000    999.000    999.000
    UT1                0.000      0.000    999.000    999.000
    UT2                0.000      0.000    999.000    999.000
    UT3                0.000      0.000    999.000    999.000
    CT                 0.000      0.000    999.000    999.000

 CS12     WITH
    CS13               0.000      0.000    999.000    999.000
    CS14               0.000      0.000    999.000    999.000
    CS15               0.000      0.000    999.000    999.000
    UT1                0.000      0.000    999.000    999.000
    UT2                0.000      0.000    999.000    999.000
    UT3                0.000      0.000    999.000    999.000
    CT                 0.000      0.000    999.000    999.000

 CS13     WITH
    CS14               0.000      0.000    999.000    999.000
    CS15               0.000      0.000    999.000    999.000
    UT1                0.000      0.000    999.000    999.000
    UT2                0.000      0.000    999.000    999.000
    UT3                0.000      0.000    999.000    999.000
    CT                 0.000      0.000    999.000    999.000

 CS14     WITH
    CS15               0.000      0.000    999.000    999.000
    UT1                0.000      0.000    999.000    999.000
    UT2                0.000      0.000    999.000    999.000
    UT3                0.000      0.000    999.000    999.000
    CT                 0.000      0.000    999.000    999.000

 CS15     WITH
    UT1                0.000      0.000    999.000    999.000
    UT2                0.000      0.000    999.000    999.000
    UT3                0.000      0.000    999.000    999.000
    CT                 0.000      0.000    999.000    999.000

 UT1      WITH
    UT2                0.000      0.000    999.000    999.000
    UT3                0.000      0.000    999.000    999.000
    CT                 0.000      0.000    999.000    999.000

 UT2      WITH
    UT3                0.000      0.000    999.000    999.000
    CT                 0.000      0.000    999.000    999.000

 UT3      WITH
    CT                 0.000      0.000    999.000    999.000

 Intercepts
    Y11                2.069      0.136     15.216      0.000
    Y21                2.717      0.125     21.727      0.000
    Y31                3.179      0.157     20.218      0.000
    Y12                2.069      0.136     15.216      0.000
    Y22                2.717      0.125     21.727      0.000
    Y32                3.179      0.157     20.218      0.000
    Y13                2.069      0.136     15.216      0.000
    Y23                2.717      0.125     21.727      0.000
    Y33                3.179      0.157     20.218      0.000
    Y14                2.069      0.136     15.216      0.000
    Y24                2.717      0.125     21.727      0.000
    Y34                3.179      0.157     20.218      0.000
    Y15                2.069      0.136     15.216      0.000
    Y25                2.717      0.125     21.727      0.000
    Y35                3.179      0.157     20.218      0.000
    Y16                2.069      0.136     15.216      0.000
    Y26                2.717      0.125     21.727      0.000
    Y36                3.179      0.157     20.218      0.000
    Y17                2.069      0.136     15.216      0.000
    Y27                2.717      0.125     21.727      0.000
    Y37                3.179      0.157     20.218      0.000
    Y18                2.069      0.136     15.216      0.000
    Y28                2.717      0.125     21.727      0.000
    Y38                3.179      0.157     20.218      0.000
    Y19                2.069      0.136     15.216      0.000
    Y29                2.717      0.125     21.727      0.000
    Y39                3.179      0.157     20.218      0.000
    Y110               2.069      0.136     15.216      0.000
    Y210               2.717      0.125     21.727      0.000
    Y310               3.179      0.157     20.218      0.000
    Y111               2.069      0.136     15.216      0.000
    Y211               2.717      0.125     21.727      0.000
    Y311               3.179      0.157     20.218      0.000
    Y112               2.069      0.136     15.216      0.000
    Y212               2.717      0.125     21.727      0.000
    Y312               3.179      0.157     20.218      0.000
    Y113               2.069      0.136     15.216      0.000
    Y213               2.717      0.125     21.727      0.000
    Y313               3.179      0.157     20.218      0.000
    Y114               2.069      0.136     15.216      0.000
    Y214               2.717      0.125     21.727      0.000
    Y314               3.179      0.157     20.218      0.000
    Y115               2.069      0.136     15.216      0.000
    Y215               2.717      0.125     21.727      0.000
    Y315               3.179      0.157     20.218      0.000

 Variances
    CS1                1.985      0.128     15.562      0.000
    CS2                1.985      0.128     15.562      0.000
    CS3                1.985      0.128     15.562      0.000
    CS4                1.985      0.128     15.562      0.000
    CS5                1.985      0.128     15.562      0.000
    CS6                1.985      0.128     15.562      0.000
    CS7                1.985      0.128     15.562      0.000
    CS8                1.985      0.128     15.562      0.000
    CS9                1.985      0.128     15.562      0.000
    CS10               1.985      0.128     15.562      0.000
    CS11               1.985      0.128     15.562      0.000
    CS12               1.985      0.128     15.562      0.000
    CS13               1.985      0.128     15.562      0.000
    CS14               1.985      0.128     15.562      0.000
    CS15               1.985      0.128     15.562      0.000
    CT                 1.189      0.289      4.112      0.000
    UT1                0.448      0.164      2.737      0.006
    UT2                0.946      0.155      6.123      0.000
    UT3                0.403      0.222      1.811      0.070

 Residual Variances
    Y11                1.036      0.074     13.971      0.000
    Y21                0.475      0.026     18.378      0.000
    Y31                1.532      0.125     12.268      0.000
    Y12                1.036      0.074     13.971      0.000
    Y22                0.475      0.026     18.378      0.000
    Y32                1.532      0.125     12.268      0.000
    Y13                1.036      0.074     13.971      0.000
    Y23                0.475      0.026     18.378      0.000
    Y33                1.532      0.125     12.268      0.000
    Y14                1.036      0.074     13.971      0.000
    Y24                0.475      0.026     18.378      0.000
    Y34                1.532      0.125     12.268      0.000
    Y15                1.036      0.074     13.971      0.000
    Y25                0.475      0.026     18.378      0.000
    Y35                1.532      0.125     12.268      0.000
    Y16                1.036      0.074     13.971      0.000
    Y26                0.475      0.026     18.378      0.000
    Y36                1.532      0.125     12.268      0.000
    Y17                1.036      0.074     13.971      0.000
    Y27                0.475      0.026     18.378      0.000
    Y37                1.532      0.125     12.268      0.000
    Y18                1.036      0.074     13.971      0.000
    Y28                0.475      0.026     18.378      0.000
    Y38                1.532      0.125     12.268      0.000
    Y19                1.036      0.074     13.971      0.000
    Y29                0.475      0.026     18.378      0.000
    Y39                1.532      0.125     12.268      0.000
    Y110               1.036      0.074     13.971      0.000
    Y210               0.475      0.026     18.378      0.000
    Y310               1.532      0.125     12.268      0.000
    Y111               1.036      0.074     13.971      0.000
    Y211               0.475      0.026     18.378      0.000
    Y311               1.532      0.125     12.268      0.000
    Y112               1.036      0.074     13.971      0.000
    Y212               0.475      0.026     18.378      0.000
    Y312               1.532      0.125     12.268      0.000
    Y113               1.036      0.074     13.971      0.000
    Y213               0.475      0.026     18.378      0.000
    Y313               1.532      0.125     12.268      0.000
    Y114               1.036      0.074     13.971      0.000
    Y214               0.475      0.026     18.378      0.000
    Y314               1.532      0.125     12.268      0.000
    Y115               1.036      0.074     13.971      0.000
    Y215               0.475      0.026     18.378      0.000
    Y315               1.532      0.125     12.268      0.000


QUALITY OF NUMERICAL RESULTS

     Condition Number for the Information Matrix              0.186E-02
       (ratio of smallest to largest eigenvalue)


     Beginning Time:  10:38:40
        Ending Time:  10:38:54
       Elapsed Time:  00:00:14



MUTHEN & MUTHEN
3463 Stoner Ave.
Los Angeles, CA  90066

Tel: (310) 391-9971
Fax: (310) 391-8971
Web: www.StatModel.com
Support: Support@StatModel.com

Copyright (c) 1998-2017 Muthen & Muthen
