Mplus VERSION 8
MUTHEN & MUTHEN
02/15/2019   2:44 PM

INPUT INSTRUCTIONS

  TITLE: Your title goes here
  DATA: FILE = "Mplus_files_Results/cuts_wide_n50_i3_nt15_na0.dat";
  VARIABLE:
  NAMES = subjn y11 y21 y31 y12 y22 y32 y13 y23 y33 y14 y24 y34 y15 y25 y35 y16 y26
       y36 y17 y27 y37 y18 y28 y38 y19 y29 y39 y110 y210 y310 y111 y211 y311 y112 y212
       y312 y113 y213 y313 y114 y214 y314 y115 y215 y315;
  MISSING=.;
  USEVAR = y11
  y21
  y31
  y12
  y22
  y32
  y13
  y23
  y33
  y14
  y24
  y34
  y15
  y25
  y35
  y16
  y26
  y36
  y17
  y27
  y37
  y18
  y28
  y38
  y19
  y29
  y39
  y110
  y210
  y310
  y111
  y211
  y311
  y112
  y212
  y312
  y113
  y213
  y313
  y114
  y214
  y314
  y115
  y215
  y315 ;


  ANALYSIS:
  TYPE = GENERAL ;
  ESTIMATOR = ML ;
  ITERATIONS = 50000 ;
  H1ITERATIONS = 50000 ;


  MODEL:

  ! common states
  CS1 BY y11@1
  y21 (lcs21)
  y31 (lcs31) ;
  CS2 BY y12@1
  y22 (lcs21)
  y32 (lcs31) ;
  CS3 BY y13@1
  y23 (lcs21)
  y33 (lcs31) ;
  CS4 BY y14@1
  y24 (lcs21)
  y34 (lcs31) ;
  CS5 BY y15@1
  y25 (lcs21)
  y35 (lcs31) ;
  CS6 BY y16@1
  y26 (lcs21)
  y36 (lcs31) ;
  CS7 BY y17@1
  y27 (lcs21)
  y37 (lcs31) ;
  CS8 BY y18@1
  y28 (lcs21)
  y38 (lcs31) ;
  CS9 BY y19@1
  y29 (lcs21)
  y39 (lcs31) ;
  CS10 BY y110@1
  y210 (lcs21)
  y310 (lcs31) ;
  CS11 BY y111@1
  y211 (lcs21)
  y311 (lcs31) ;
  CS12 BY y112@1
  y212 (lcs21)
  y312 (lcs31) ;
  CS13 BY y113@1
  y213 (lcs21)
  y313 (lcs31) ;
  CS14 BY y114@1
  y214 (lcs21)
  y314 (lcs31) ;
  CS15 BY y115@1
  y215 (lcs21)
  y315 (lcs31) ;

  ! common trait
  CT BY y11@1
  y21 (lct21)
  y31 (lct31)
  y12@1
  y22 (lct21)
  y32 (lct31)
  y13@1
  y23 (lct21)
  y33 (lct31)
  y14@1
  y24 (lct21)
  y34 (lct31)
  y15@1
  y25 (lct21)
  y35 (lct31)
  y16@1
  y26 (lct21)
  y36 (lct31)
  y17@1
  y27 (lct21)
  y37 (lct31)
  y18@1
  y28 (lct21)
  y38 (lct31)
  y19@1
  y29 (lct21)
  y39 (lct31)
  y110@1
  y210 (lct21)
  y310 (lct31)
  y111@1
  y211 (lct21)
  y311 (lct31)
  y112@1
  y212 (lct21)
  y312 (lct31)
  y113@1
  y213 (lct21)
  y313 (lct31)
  y114@1
  y214 (lct21)
  y314 (lct31)
  y115@1
  y215 (lct21)
  y315 (lct31) ;

  ! unique trait
  UT1 BY y11@1
  y12@1
  y13@1
  y14@1
  y15@1
  y16@1
  y17@1
  y18@1
  y19@1
  y110@1
  y111@1
  y112@1
  y113@1
  y114@1
  y115@1 ;
  UT2 BY y21@1
  y22@1
  y23@1
  y24@1
  y25@1
  y26@1
  y27@1
  y28@1
  y29@1
  y210@1
  y211@1
  y212@1
  y213@1
  y214@1
  y215@1 ;
  UT3 BY y31@1
  y32@1
  y33@1
  y34@1
  y35@1
  y36@1
  y37@1
  y38@1
  y39@1
  y310@1
  y311@1
  y312@1
  y313@1
  y314@1
  y315@1 ;

  ! Intercepts and means
  [y11*] (ins11) ;
  [y21*] (ins21) ;
  [y31*] (ins31) ;
  [y12*] (ins11) ;
  [y22*] (ins21) ;
  [y32*] (ins31) ;
  [y13*] (ins11) ;
  [y23*] (ins21) ;
  [y33*] (ins31) ;
  [y14*] (ins11) ;
  [y24*] (ins21) ;
  [y34*] (ins31) ;
  [y15*] (ins11) ;
  [y25*] (ins21) ;
  [y35*] (ins31) ;
  [y16*] (ins11) ;
  [y26*] (ins21) ;
  [y36*] (ins31) ;
  [y17*] (ins11) ;
  [y27*] (ins21) ;
  [y37*] (ins31) ;
  [y18*] (ins11) ;
  [y28*] (ins21) ;
  [y38*] (ins31) ;
  [y19*] (ins11) ;
  [y29*] (ins21) ;
  [y39*] (ins31) ;
  [y110*] (ins11) ;
  [y210*] (ins21) ;
  [y310*] (ins31) ;
  [y111*] (ins11) ;
  [y211*] (ins21) ;
  [y311*] (ins31) ;
  [y112*] (ins11) ;
  [y212*] (ins21) ;
  [y312*] (ins31) ;
  [y113*] (ins11) ;
  [y213*] (ins21) ;
  [y313*] (ins31) ;
  [y114*] (ins11) ;
  [y214*] (ins21) ;
  [y314*] (ins31) ;
  [y115*] (ins11) ;
  [y215*] (ins21) ;
  [y315*] (ins31) ;




  ! Set 0 covariances
  CS1 WITH CS2@0
  CS3@0
  CS4@0
  CS5@0
  CS6@0
  CS7@0
  CS8@0
  CS9@0
  CS10@0
  CS11@0
  CS12@0
  CS13@0
  CS14@0
  CS15@0
  UT1@0
  UT2@0
  UT3@0
  CT@0 ;
  CS2 WITH CS3@0
  CS4@0
  CS5@0
  CS6@0
  CS7@0
  CS8@0
  CS9@0
  CS10@0
  CS11@0
  CS12@0
  CS13@0
  CS14@0
  CS15@0
  UT1@0
  UT2@0
  UT3@0
  CT@0 ;
  CS3 WITH CS4@0
  CS5@0
  CS6@0
  CS7@0
  CS8@0
  CS9@0
  CS10@0
  CS11@0
  CS12@0
  CS13@0
  CS14@0
  CS15@0
  UT1@0
  UT2@0
  UT3@0
  CT@0 ;
  CS4 WITH CS5@0
  CS6@0
  CS7@0
  CS8@0
  CS9@0
  CS10@0
  CS11@0
  CS12@0
  CS13@0
  CS14@0
  CS15@0
  UT1@0
  UT2@0
  UT3@0
  CT@0 ;
  CS5 WITH CS6@0
  CS7@0
  CS8@0
  CS9@0
  CS10@0
  CS11@0
  CS12@0
  CS13@0
  CS14@0
  CS15@0
  UT1@0
  UT2@0
  UT3@0
  CT@0 ;
  CS6 WITH CS7@0
  CS8@0
  CS9@0
  CS10@0
  CS11@0
  CS12@0
  CS13@0
  CS14@0
  CS15@0
  UT1@0
  UT2@0
  UT3@0
  CT@0 ;
  CS7 WITH CS8@0
  CS9@0
  CS10@0
  CS11@0
  CS12@0
  CS13@0
  CS14@0
  CS15@0
  UT1@0
  UT2@0
  UT3@0
  CT@0 ;
  CS8 WITH CS9@0
  CS10@0
  CS11@0
  CS12@0
  CS13@0
  CS14@0
  CS15@0
  UT1@0
  UT2@0
  UT3@0
  CT@0 ;
  CS9 WITH CS10@0
  CS11@0
  CS12@0
  CS13@0
  CS14@0
  CS15@0
  UT1@0
  UT2@0
  UT3@0
  CT@0 ;
  CS10 WITH CS11@0
  CS12@0
  CS13@0
  CS14@0
  CS15@0
  UT1@0
  UT2@0
  UT3@0
  CT@0 ;
  CS11 WITH CS12@0
  CS13@0
  CS14@0
  CS15@0
  UT1@0
  UT2@0
  UT3@0
  CT@0 ;
  CS12 WITH CS13@0
  CS14@0
  CS15@0
  UT1@0
  UT2@0
  UT3@0
  CT@0 ;
  CS13 WITH CS14@0
  CS15@0
  UT1@0
  UT2@0
  UT3@0
  CT@0 ;
  CS14 WITH CS15@0
  UT1@0
  UT2@0
  UT3@0
  CT@0 ;
  CS15 WITH UT1@0
  UT2@0
  UT3@0
  CT@0 ;
  UT1 WITH UT2@0
  UT3@0
  CT@0 ;
  UT2 WITH UT3@0
  CT@0 ;
  UT3 WITH CT@0 ;

  ! Variance components
  y11 (err11) ;
  y21 (err21) ;
  y31 (err31) ;
  y12 (err11) ;
  y22 (err21) ;
  y32 (err31) ;
  y13 (err11) ;
  y23 (err21) ;
  y33 (err31) ;
  y14 (err11) ;
  y24 (err21) ;
  y34 (err31) ;
  y15 (err11) ;
  y25 (err21) ;
  y35 (err31) ;
  y16 (err11) ;
  y26 (err21) ;
  y36 (err31) ;
  y17 (err11) ;
  y27 (err21) ;
  y37 (err31) ;
  y18 (err11) ;
  y28 (err21) ;
  y38 (err31) ;
  y19 (err11) ;
  y29 (err21) ;
  y39 (err31) ;
  y110 (err11) ;
  y210 (err21) ;
  y310 (err31) ;
  y111 (err11) ;
  y211 (err21) ;
  y311 (err31) ;
  y112 (err11) ;
  y212 (err21) ;
  y312 (err31) ;
  y113 (err11) ;
  y213 (err21) ;
  y313 (err31) ;
  y114 (err11) ;
  y214 (err21) ;
  y314 (err31) ;
  y115 (err11) ;
  y215 (err21) ;
  y315 (err31) ;
  CS1 (cs_var1) ;
  CS2 (cs_var1) ;
  CS3 (cs_var1) ;
  CS4 (cs_var1) ;
  CS5 (cs_var1) ;
  CS6 (cs_var1) ;
  CS7 (cs_var1) ;
  CS8 (cs_var1) ;
  CS9 (cs_var1) ;
  CS10 (cs_var1) ;
  CS11 (cs_var1) ;
  CS12 (cs_var1) ;
  CS13 (cs_var1) ;
  CS14 (cs_var1) ;
  CS15 (cs_var1) ;
  UT1 (ut_var1) ;
  UT2 (ut_var2) ;
  UT3 (ut_var3) ;
  CT (ct_var) ;



INPUT READING TERMINATED NORMALLY



Your title goes here

SUMMARY OF ANALYSIS

Number of groups                                                 1
Number of observations                                          50

Number of dependent variables                                   45
Number of independent variables                                  0
Number of continuous latent variables                           19

Observed dependent variables

  Continuous
   Y11         Y21         Y31         Y12         Y22         Y32
   Y13         Y23         Y33         Y14         Y24         Y34
   Y15         Y25         Y35         Y16         Y26         Y36
   Y17         Y27         Y37         Y18         Y28         Y38
   Y19         Y29         Y39         Y110        Y210        Y310
   Y111        Y211        Y311        Y112        Y212        Y312
   Y113        Y213        Y313        Y114        Y214        Y314
   Y115        Y215        Y315

Continuous latent variables
   CS1         CS2         CS3         CS4         CS5         CS6
   CS7         CS8         CS9         CS10        CS11        CS12
   CS13        CS14        CS15        CT          UT1         UT2
   UT3


Estimator                                                       ML
Information matrix                                        OBSERVED
Maximum number of iterations                                 50000
Convergence criterion                                    0.500D-04
Maximum number of steepest descent iterations                   20
Maximum number of iterations for H1                          50000
Convergence criterion for H1                             0.100D-03

Input data file(s)
  Mplus_files_Results/cuts_wide_n50_i3_nt15_na0.dat

Input data format  FREE


SUMMARY OF DATA

     Number of missing data patterns             1


COVARIANCE COVERAGE OF DATA

Minimum covariance coverage value   0.100


     PROPORTION OF DATA PRESENT


           Covariance Coverage
              Y11           Y21           Y31           Y12           Y22
              ________      ________      ________      ________      ________
 Y11            1.000
 Y21            1.000         1.000
 Y31            1.000         1.000         1.000
 Y12            1.000         1.000         1.000         1.000
 Y22            1.000         1.000         1.000         1.000         1.000
 Y32            1.000         1.000         1.000         1.000         1.000
 Y13            1.000         1.000         1.000         1.000         1.000
 Y23            1.000         1.000         1.000         1.000         1.000
 Y33            1.000         1.000         1.000         1.000         1.000
 Y14            1.000         1.000         1.000         1.000         1.000
 Y24            1.000         1.000         1.000         1.000         1.000
 Y34            1.000         1.000         1.000         1.000         1.000
 Y15            1.000         1.000         1.000         1.000         1.000
 Y25            1.000         1.000         1.000         1.000         1.000
 Y35            1.000         1.000         1.000         1.000         1.000
 Y16            1.000         1.000         1.000         1.000         1.000
 Y26            1.000         1.000         1.000         1.000         1.000
 Y36            1.000         1.000         1.000         1.000         1.000
 Y17            1.000         1.000         1.000         1.000         1.000
 Y27            1.000         1.000         1.000         1.000         1.000
 Y37            1.000         1.000         1.000         1.000         1.000
 Y18            1.000         1.000         1.000         1.000         1.000
 Y28            1.000         1.000         1.000         1.000         1.000
 Y38            1.000         1.000         1.000         1.000         1.000
 Y19            1.000         1.000         1.000         1.000         1.000
 Y29            1.000         1.000         1.000         1.000         1.000
 Y39            1.000         1.000         1.000         1.000         1.000
 Y110           1.000         1.000         1.000         1.000         1.000
 Y210           1.000         1.000         1.000         1.000         1.000
 Y310           1.000         1.000         1.000         1.000         1.000
 Y111           1.000         1.000         1.000         1.000         1.000
 Y211           1.000         1.000         1.000         1.000         1.000
 Y311           1.000         1.000         1.000         1.000         1.000
 Y112           1.000         1.000         1.000         1.000         1.000
 Y212           1.000         1.000         1.000         1.000         1.000
 Y312           1.000         1.000         1.000         1.000         1.000
 Y113           1.000         1.000         1.000         1.000         1.000
 Y213           1.000         1.000         1.000         1.000         1.000
 Y313           1.000         1.000         1.000         1.000         1.000
 Y114           1.000         1.000         1.000         1.000         1.000
 Y214           1.000         1.000         1.000         1.000         1.000
 Y314           1.000         1.000         1.000         1.000         1.000
 Y115           1.000         1.000         1.000         1.000         1.000
 Y215           1.000         1.000         1.000         1.000         1.000
 Y315           1.000         1.000         1.000         1.000         1.000


           Covariance Coverage
              Y32           Y13           Y23           Y33           Y14
              ________      ________      ________      ________      ________
 Y32            1.000
 Y13            1.000         1.000
 Y23            1.000         1.000         1.000
 Y33            1.000         1.000         1.000         1.000
 Y14            1.000         1.000         1.000         1.000         1.000
 Y24            1.000         1.000         1.000         1.000         1.000
 Y34            1.000         1.000         1.000         1.000         1.000
 Y15            1.000         1.000         1.000         1.000         1.000
 Y25            1.000         1.000         1.000         1.000         1.000
 Y35            1.000         1.000         1.000         1.000         1.000
 Y16            1.000         1.000         1.000         1.000         1.000
 Y26            1.000         1.000         1.000         1.000         1.000
 Y36            1.000         1.000         1.000         1.000         1.000
 Y17            1.000         1.000         1.000         1.000         1.000
 Y27            1.000         1.000         1.000         1.000         1.000
 Y37            1.000         1.000         1.000         1.000         1.000
 Y18            1.000         1.000         1.000         1.000         1.000
 Y28            1.000         1.000         1.000         1.000         1.000
 Y38            1.000         1.000         1.000         1.000         1.000
 Y19            1.000         1.000         1.000         1.000         1.000
 Y29            1.000         1.000         1.000         1.000         1.000
 Y39            1.000         1.000         1.000         1.000         1.000
 Y110           1.000         1.000         1.000         1.000         1.000
 Y210           1.000         1.000         1.000         1.000         1.000
 Y310           1.000         1.000         1.000         1.000         1.000
 Y111           1.000         1.000         1.000         1.000         1.000
 Y211           1.000         1.000         1.000         1.000         1.000
 Y311           1.000         1.000         1.000         1.000         1.000
 Y112           1.000         1.000         1.000         1.000         1.000
 Y212           1.000         1.000         1.000         1.000         1.000
 Y312           1.000         1.000         1.000         1.000         1.000
 Y113           1.000         1.000         1.000         1.000         1.000
 Y213           1.000         1.000         1.000         1.000         1.000
 Y313           1.000         1.000         1.000         1.000         1.000
 Y114           1.000         1.000         1.000         1.000         1.000
 Y214           1.000         1.000         1.000         1.000         1.000
 Y314           1.000         1.000         1.000         1.000         1.000
 Y115           1.000         1.000         1.000         1.000         1.000
 Y215           1.000         1.000         1.000         1.000         1.000
 Y315           1.000         1.000         1.000         1.000         1.000


           Covariance Coverage
              Y24           Y34           Y15           Y25           Y35
              ________      ________      ________      ________      ________
 Y24            1.000
 Y34            1.000         1.000
 Y15            1.000         1.000         1.000
 Y25            1.000         1.000         1.000         1.000
 Y35            1.000         1.000         1.000         1.000         1.000
 Y16            1.000         1.000         1.000         1.000         1.000
 Y26            1.000         1.000         1.000         1.000         1.000
 Y36            1.000         1.000         1.000         1.000         1.000
 Y17            1.000         1.000         1.000         1.000         1.000
 Y27            1.000         1.000         1.000         1.000         1.000
 Y37            1.000         1.000         1.000         1.000         1.000
 Y18            1.000         1.000         1.000         1.000         1.000
 Y28            1.000         1.000         1.000         1.000         1.000
 Y38            1.000         1.000         1.000         1.000         1.000
 Y19            1.000         1.000         1.000         1.000         1.000
 Y29            1.000         1.000         1.000         1.000         1.000
 Y39            1.000         1.000         1.000         1.000         1.000
 Y110           1.000         1.000         1.000         1.000         1.000
 Y210           1.000         1.000         1.000         1.000         1.000
 Y310           1.000         1.000         1.000         1.000         1.000
 Y111           1.000         1.000         1.000         1.000         1.000
 Y211           1.000         1.000         1.000         1.000         1.000
 Y311           1.000         1.000         1.000         1.000         1.000
 Y112           1.000         1.000         1.000         1.000         1.000
 Y212           1.000         1.000         1.000         1.000         1.000
 Y312           1.000         1.000         1.000         1.000         1.000
 Y113           1.000         1.000         1.000         1.000         1.000
 Y213           1.000         1.000         1.000         1.000         1.000
 Y313           1.000         1.000         1.000         1.000         1.000
 Y114           1.000         1.000         1.000         1.000         1.000
 Y214           1.000         1.000         1.000         1.000         1.000
 Y314           1.000         1.000         1.000         1.000         1.000
 Y115           1.000         1.000         1.000         1.000         1.000
 Y215           1.000         1.000         1.000         1.000         1.000
 Y315           1.000         1.000         1.000         1.000         1.000


           Covariance Coverage
              Y16           Y26           Y36           Y17           Y27
              ________      ________      ________      ________      ________
 Y16            1.000
 Y26            1.000         1.000
 Y36            1.000         1.000         1.000
 Y17            1.000         1.000         1.000         1.000
 Y27            1.000         1.000         1.000         1.000         1.000
 Y37            1.000         1.000         1.000         1.000         1.000
 Y18            1.000         1.000         1.000         1.000         1.000
 Y28            1.000         1.000         1.000         1.000         1.000
 Y38            1.000         1.000         1.000         1.000         1.000
 Y19            1.000         1.000         1.000         1.000         1.000
 Y29            1.000         1.000         1.000         1.000         1.000
 Y39            1.000         1.000         1.000         1.000         1.000
 Y110           1.000         1.000         1.000         1.000         1.000
 Y210           1.000         1.000         1.000         1.000         1.000
 Y310           1.000         1.000         1.000         1.000         1.000
 Y111           1.000         1.000         1.000         1.000         1.000
 Y211           1.000         1.000         1.000         1.000         1.000
 Y311           1.000         1.000         1.000         1.000         1.000
 Y112           1.000         1.000         1.000         1.000         1.000
 Y212           1.000         1.000         1.000         1.000         1.000
 Y312           1.000         1.000         1.000         1.000         1.000
 Y113           1.000         1.000         1.000         1.000         1.000
 Y213           1.000         1.000         1.000         1.000         1.000
 Y313           1.000         1.000         1.000         1.000         1.000
 Y114           1.000         1.000         1.000         1.000         1.000
 Y214           1.000         1.000         1.000         1.000         1.000
 Y314           1.000         1.000         1.000         1.000         1.000
 Y115           1.000         1.000         1.000         1.000         1.000
 Y215           1.000         1.000         1.000         1.000         1.000
 Y315           1.000         1.000         1.000         1.000         1.000


           Covariance Coverage
              Y37           Y18           Y28           Y38           Y19
              ________      ________      ________      ________      ________
 Y37            1.000
 Y18            1.000         1.000
 Y28            1.000         1.000         1.000
 Y38            1.000         1.000         1.000         1.000
 Y19            1.000         1.000         1.000         1.000         1.000
 Y29            1.000         1.000         1.000         1.000         1.000
 Y39            1.000         1.000         1.000         1.000         1.000
 Y110           1.000         1.000         1.000         1.000         1.000
 Y210           1.000         1.000         1.000         1.000         1.000
 Y310           1.000         1.000         1.000         1.000         1.000
 Y111           1.000         1.000         1.000         1.000         1.000
 Y211           1.000         1.000         1.000         1.000         1.000
 Y311           1.000         1.000         1.000         1.000         1.000
 Y112           1.000         1.000         1.000         1.000         1.000
 Y212           1.000         1.000         1.000         1.000         1.000
 Y312           1.000         1.000         1.000         1.000         1.000
 Y113           1.000         1.000         1.000         1.000         1.000
 Y213           1.000         1.000         1.000         1.000         1.000
 Y313           1.000         1.000         1.000         1.000         1.000
 Y114           1.000         1.000         1.000         1.000         1.000
 Y214           1.000         1.000         1.000         1.000         1.000
 Y314           1.000         1.000         1.000         1.000         1.000
 Y115           1.000         1.000         1.000         1.000         1.000
 Y215           1.000         1.000         1.000         1.000         1.000
 Y315           1.000         1.000         1.000         1.000         1.000


           Covariance Coverage
              Y29           Y39           Y110          Y210          Y310
              ________      ________      ________      ________      ________
 Y29            1.000
 Y39            1.000         1.000
 Y110           1.000         1.000         1.000
 Y210           1.000         1.000         1.000         1.000
 Y310           1.000         1.000         1.000         1.000         1.000
 Y111           1.000         1.000         1.000         1.000         1.000
 Y211           1.000         1.000         1.000         1.000         1.000
 Y311           1.000         1.000         1.000         1.000         1.000
 Y112           1.000         1.000         1.000         1.000         1.000
 Y212           1.000         1.000         1.000         1.000         1.000
 Y312           1.000         1.000         1.000         1.000         1.000
 Y113           1.000         1.000         1.000         1.000         1.000
 Y213           1.000         1.000         1.000         1.000         1.000
 Y313           1.000         1.000         1.000         1.000         1.000
 Y114           1.000         1.000         1.000         1.000         1.000
 Y214           1.000         1.000         1.000         1.000         1.000
 Y314           1.000         1.000         1.000         1.000         1.000
 Y115           1.000         1.000         1.000         1.000         1.000
 Y215           1.000         1.000         1.000         1.000         1.000
 Y315           1.000         1.000         1.000         1.000         1.000


           Covariance Coverage
              Y111          Y211          Y311          Y112          Y212
              ________      ________      ________      ________      ________
 Y111           1.000
 Y211           1.000         1.000
 Y311           1.000         1.000         1.000
 Y112           1.000         1.000         1.000         1.000
 Y212           1.000         1.000         1.000         1.000         1.000
 Y312           1.000         1.000         1.000         1.000         1.000
 Y113           1.000         1.000         1.000         1.000         1.000
 Y213           1.000         1.000         1.000         1.000         1.000
 Y313           1.000         1.000         1.000         1.000         1.000
 Y114           1.000         1.000         1.000         1.000         1.000
 Y214           1.000         1.000         1.000         1.000         1.000
 Y314           1.000         1.000         1.000         1.000         1.000
 Y115           1.000         1.000         1.000         1.000         1.000
 Y215           1.000         1.000         1.000         1.000         1.000
 Y315           1.000         1.000         1.000         1.000         1.000


           Covariance Coverage
              Y312          Y113          Y213          Y313          Y114
              ________      ________      ________      ________      ________
 Y312           1.000
 Y113           1.000         1.000
 Y213           1.000         1.000         1.000
 Y313           1.000         1.000         1.000         1.000
 Y114           1.000         1.000         1.000         1.000         1.000
 Y214           1.000         1.000         1.000         1.000         1.000
 Y314           1.000         1.000         1.000         1.000         1.000
 Y115           1.000         1.000         1.000         1.000         1.000
 Y215           1.000         1.000         1.000         1.000         1.000
 Y315           1.000         1.000         1.000         1.000         1.000


           Covariance Coverage
              Y214          Y314          Y115          Y215          Y315
              ________      ________      ________      ________      ________
 Y214           1.000
 Y314           1.000         1.000
 Y115           1.000         1.000         1.000
 Y215           1.000         1.000         1.000         1.000
 Y315           1.000         1.000         1.000         1.000         1.000



UNIVARIATE SAMPLE STATISTICS


     UNIVARIATE HIGHER-ORDER MOMENT DESCRIPTIVE STATISTICS

         Variable/         Mean/     Skewness/   Minimum/ % with                Percentiles
        Sample Size      Variance    Kurtosis    Maximum  Min/Max      20%/60%    40%/80%    Median

     Y11                   2.414       0.095      -3.038    2.00%       0.424      1.917      2.182
              50.000       6.172      -0.025       8.949    2.00%       2.794      4.306
     Y21                   2.455      -0.175      -2.189    2.00%       0.784      2.077      2.531
              50.000       2.839       0.030       6.293    2.00%       2.920      3.929
     Y31                   3.507      -0.184      -4.991    2.00%       0.453      2.502      3.636
              50.000      11.650      -0.352      10.659    2.00%       4.667      6.354
     Y12                   2.221       0.104      -2.791    2.00%       0.211      1.777      2.574
              50.000       4.457      -0.152       7.218    2.00%       2.773      3.746
     Y22                   2.185       0.422      -1.562    2.00%       0.687      1.836      2.014
              50.000       2.531       0.321       6.381    2.00%       2.318      3.367
     Y32                   3.184       0.071      -1.900    2.00%       1.117      2.451      3.441
              50.000       5.615      -0.185       9.179    2.00%       3.906      4.523
     Y13                   2.072       0.272      -2.310    2.00%       0.051      1.419      2.126
              50.000       4.811      -0.092       7.663    2.00%       2.478      3.808
     Y23                   2.341      -0.234      -1.287    2.00%       0.613      1.822      2.220
              50.000       2.844      -0.880       5.163    2.00%       3.085      3.986
     Y33                   2.897      -0.212      -2.197    2.00%       0.348      2.359      3.157
              50.000       6.270      -0.731       8.201    2.00%       3.912      5.272
     Y14                   2.126       0.259      -1.824    2.00%      -0.128      1.598      2.207
              50.000       5.051      -0.795       7.089    2.00%       2.535      4.248
     Y24                   2.491      -0.071      -1.227    2.00%       1.027      2.321      2.673
              50.000       2.622      -0.361       6.201    2.00%       2.885      3.627
     Y34                   3.460       0.228      -2.509    2.00%       1.314      2.689      3.140
              50.000       6.723      -0.046      10.163    2.00%       4.147      5.440
     Y15                   1.985       0.043      -1.442    2.00%      -0.445      1.214      1.844
              50.000       4.115      -1.070       5.929    2.00%       2.665      3.989
     Y25                   2.268       0.484      -0.843    2.00%       0.765      1.839      2.248
              50.000       2.370       0.498       6.982    2.00%       2.675      3.265
     Y35                   2.907       0.198      -1.614    2.00%       0.854      2.235      2.792
              50.000       5.159      -0.280       7.942    2.00%       3.525      4.481
     Y16                   2.440      -0.430      -5.195    2.00%       0.941      1.618      2.433
              50.000       5.033       1.296       7.178    2.00%       2.694      4.259
     Y26                   2.279      -0.112      -1.460    2.00%       0.475      1.985      2.286
              50.000       2.923      -0.395       5.992    2.00%       2.812      3.743
     Y36                   3.546      -0.260      -3.513    2.00%       1.269      2.807      3.466
              50.000       6.995       0.216       8.814    2.00%       4.193      5.511
     Y17                   1.811       0.361      -2.598    2.00%      -0.287      1.220      1.610
              50.000       5.046       0.118       8.153    2.00%       2.132      3.532
     Y27                   2.266      -0.212      -1.351    2.00%       0.731      1.736      2.533
              50.000       2.663      -0.584       5.652    2.00%       2.785      3.736
     Y37                   3.042       0.192      -3.280    2.00%       0.350      2.222      3.006
              50.000       8.147      -0.145       9.714    2.00%       3.473      5.186
     Y18                   2.147      -0.115      -2.464    2.00%      -0.462      1.266      2.249
              50.000       5.697      -1.005       6.940    2.00%       3.131      4.543
     Y28                   2.236      -0.389      -1.392    2.00%       0.190      2.103      2.317
              50.000       3.051      -0.669       5.247    2.00%       2.822      3.877
     Y38                   2.955      -0.013      -3.725    2.00%       0.291      2.154      3.228
              50.000       7.452      -0.282       9.130    2.00%       3.762      5.327
     Y19                   2.223       0.043      -2.412    2.00%       0.545      1.742      2.027
              50.000       4.626       0.118       7.901    2.00%       2.630      3.632
     Y29                   2.355       0.147      -1.077    2.00%       1.232      2.059      2.447
              50.000       2.411       0.089       6.247    2.00%       2.645      3.633
     Y39                   3.161       0.301      -2.754    2.00%       0.945      2.495      3.122
              50.000       6.500       0.707      10.244    2.00%       3.375      4.842
     Y110                  2.437       0.426      -2.053    2.00%       0.814      1.677      2.276
              50.000       3.992       0.097       7.565    2.00%       2.588      3.821
     Y210                  2.469      -0.315      -2.254    2.00%       0.984      2.105      2.491
              50.000       3.068      -0.009       6.119    2.00%       2.794      3.765
     Y310                  3.213       0.141      -2.435    2.00%       0.564      2.518      3.194
              50.000       8.379      -0.141      10.232    2.00%       3.739      5.882
     Y111                  2.128      -0.524      -2.600    2.00%       0.456      1.601      2.364
              50.000       4.409      -0.534       5.569    2.00%       3.030      4.137
     Y211                  1.966       0.159      -1.606    2.00%       0.382      1.093      1.609
              50.000       3.101      -0.919       5.466    2.00%       2.217      3.792
     Y311                  2.944      -0.224      -2.684    2.00%       0.343      2.217      2.795
              50.000       7.283      -0.914       7.066    2.00%       3.526      5.874
     Y112                  2.280       0.024      -3.306    2.00%      -0.098      1.754      2.140
              50.000       5.611      -0.497       7.935    2.00%       2.834      4.589
     Y212                  2.383       0.058      -1.188    2.00%       1.030      1.757      2.401
              50.000       2.749      -0.408       6.349    2.00%       2.779      3.811
     Y312                  2.939      -0.378      -3.398    2.00%       0.675      2.424      2.771
              50.000       6.333      -0.343       7.322    2.00%       3.372      5.455
     Y113                  2.583       0.334      -1.892    2.00%       0.613      1.839      2.433
              50.000       4.354      -0.273       7.922    2.00%       2.942      4.138
     Y213                  2.119       0.380      -1.665    2.00%       0.440      1.493      2.049
              50.000       2.908      -0.044       6.175    2.00%       2.424      3.160
     Y313                  3.102      -0.040      -2.316    2.00%       1.157      2.486      3.198
              50.000       6.264      -0.445       7.785    2.00%       3.423      5.160
     Y114                  2.146       0.299      -1.779    2.00%       0.436      1.254      1.794
              50.000       4.296      -0.574       7.140    2.00%       2.527      4.301
     Y214                  2.085      -0.140      -1.455    2.00%       0.932      1.650      2.023
              50.000       1.964      -0.343       5.250    2.00%       2.418      3.390
     Y314                  2.808      -0.043      -1.415    2.00%       0.736      2.388      3.037
              50.000       4.919      -0.846       7.734    2.00%       3.555      4.702
     Y115                  2.245       0.317      -2.015    2.00%      -0.347      1.055      1.741
              50.000       5.901      -0.934       7.424    2.00%       2.763      4.311
     Y215                  2.332      -0.380      -2.308    2.00%       0.865      1.753      2.014
              50.000       2.712      -0.234       5.309    2.00%       2.926      3.908
     Y315                  3.283      -0.051      -3.568    2.00%       0.820      2.716      3.247
              50.000       8.141      -0.527       9.206    2.00%       3.738      5.695


THE MODEL ESTIMATION TERMINATED NORMALLY



MODEL FIT INFORMATION

Number of Free Parameters                       15

Loglikelihood

          H0 Value                       -3934.891
          H1 Value                       -3059.745

Information Criteria

          Akaike (AIC)                    7899.782
          Bayesian (BIC)                  7928.462
          Sample-Size Adjusted BIC        7881.380
            (n* = (n + 2) / 24)

Chi-Square Test of Model Fit

          Value                           1750.292
          Degrees of Freedom                  1065
          P-Value                           0.0000

RMSEA (Root Mean Square Error Of Approximation)

          Estimate                           0.113
          90 Percent C.I.                    0.104  0.123
          Probability RMSEA <= .05           0.000

CFI/TLI

          CFI                                0.742
          TLI                                0.760

Chi-Square Test of Model Fit for the Baseline Model

          Value                           3645.032
          Degrees of Freedom                   990
          P-Value                           0.0000

SRMR (Standardized Root Mean Square Residual)

          Value                              0.119



MODEL RESULTS

                                                    Two-Tailed
                    Estimate       S.E.  Est./S.E.    P-Value

 CS1      BY
    Y11                1.000      0.000    999.000    999.000
    Y21                0.478      0.025     19.147      0.000
    Y31                1.285      0.062     20.832      0.000

 CS2      BY
    Y12                1.000      0.000    999.000    999.000
    Y22                0.478      0.025     19.147      0.000
    Y32                1.285      0.062     20.832      0.000

 CS3      BY
    Y13                1.000      0.000    999.000    999.000
    Y23                0.478      0.025     19.147      0.000
    Y33                1.285      0.062     20.832      0.000

 CS4      BY
    Y14                1.000      0.000    999.000    999.000
    Y24                0.478      0.025     19.147      0.000
    Y34                1.285      0.062     20.832      0.000

 CS5      BY
    Y15                1.000      0.000    999.000    999.000
    Y25                0.478      0.025     19.147      0.000
    Y35                1.285      0.062     20.832      0.000

 CS6      BY
    Y16                1.000      0.000    999.000    999.000
    Y26                0.478      0.025     19.147      0.000
    Y36                1.285      0.062     20.832      0.000

 CS7      BY
    Y17                1.000      0.000    999.000    999.000
    Y27                0.478      0.025     19.147      0.000
    Y37                1.285      0.062     20.832      0.000

 CS8      BY
    Y18                1.000      0.000    999.000    999.000
    Y28                0.478      0.025     19.147      0.000
    Y38                1.285      0.062     20.832      0.000

 CS9      BY
    Y19                1.000      0.000    999.000    999.000
    Y29                0.478      0.025     19.147      0.000
    Y39                1.285      0.062     20.832      0.000

 CS10     BY
    Y110               1.000      0.000    999.000    999.000
    Y210               0.478      0.025     19.147      0.000
    Y310               1.285      0.062     20.832      0.000

 CS11     BY
    Y111               1.000      0.000    999.000    999.000
    Y211               0.478      0.025     19.147      0.000
    Y311               1.285      0.062     20.832      0.000

 CS12     BY
    Y112               1.000      0.000    999.000    999.000
    Y212               0.478      0.025     19.147      0.000
    Y312               1.285      0.062     20.832      0.000

 CS13     BY
    Y113               1.000      0.000    999.000    999.000
    Y213               0.478      0.025     19.147      0.000
    Y313               1.285      0.062     20.832      0.000

 CS14     BY
    Y114               1.000      0.000    999.000    999.000
    Y214               0.478      0.025     19.147      0.000
    Y314               1.285      0.062     20.832      0.000

 CS15     BY
    Y115               1.000      0.000    999.000    999.000
    Y215               0.478      0.025     19.147      0.000
    Y315               1.285      0.062     20.832      0.000

 CT       BY
    Y11                1.000      0.000    999.000    999.000
    Y21                0.743      0.161      4.605      0.000
    Y31                1.146      0.190      6.039      0.000
    Y12                1.000      0.000    999.000    999.000
    Y22                0.743      0.161      4.605      0.000
    Y32                1.146      0.190      6.039      0.000
    Y13                1.000      0.000    999.000    999.000
    Y23                0.743      0.161      4.605      0.000
    Y33                1.146      0.190      6.039      0.000
    Y14                1.000      0.000    999.000    999.000
    Y24                0.743      0.161      4.605      0.000
    Y34                1.146      0.190      6.039      0.000
    Y15                1.000      0.000    999.000    999.000
    Y25                0.743      0.161      4.605      0.000
    Y35                1.146      0.190      6.039      0.000
    Y16                1.000      0.000    999.000    999.000
    Y26                0.743      0.161      4.605      0.000
    Y36                1.146      0.190      6.039      0.000
    Y17                1.000      0.000    999.000    999.000
    Y27                0.743      0.161      4.605      0.000
    Y37                1.146      0.190      6.039      0.000
    Y18                1.000      0.000    999.000    999.000
    Y28                0.743      0.161      4.605      0.000
    Y38                1.146      0.190      6.039      0.000
    Y19                1.000      0.000    999.000    999.000
    Y29                0.743      0.161      4.605      0.000
    Y39                1.146      0.190      6.039      0.000
    Y110               1.000      0.000    999.000    999.000
    Y210               0.743      0.161      4.605      0.000
    Y310               1.146      0.190      6.039      0.000
    Y111               1.000      0.000    999.000    999.000
    Y211               0.743      0.161      4.605      0.000
    Y311               1.146      0.190      6.039      0.000
    Y112               1.000      0.000    999.000    999.000
    Y212               0.743      0.161      4.605      0.000
    Y312               1.146      0.190      6.039      0.000
    Y113               1.000      0.000    999.000    999.000
    Y213               0.743      0.161      4.605      0.000
    Y313               1.146      0.190      6.039      0.000
    Y114               1.000      0.000    999.000    999.000
    Y214               0.743      0.161      4.605      0.000
    Y314               1.146      0.190      6.039      0.000
    Y115               1.000      0.000    999.000    999.000
    Y215               0.743      0.161      4.605      0.000
    Y315               1.146      0.190      6.039      0.000

 UT1      BY
    Y11                1.000      0.000    999.000    999.000
    Y12                1.000      0.000    999.000    999.000
    Y13                1.000      0.000    999.000    999.000
    Y14                1.000      0.000    999.000    999.000
    Y15                1.000      0.000    999.000    999.000
    Y16                1.000      0.000    999.000    999.000
    Y17                1.000      0.000    999.000    999.000
    Y18                1.000      0.000    999.000    999.000
    Y19                1.000      0.000    999.000    999.000
    Y110               1.000      0.000    999.000    999.000
    Y111               1.000      0.000    999.000    999.000
    Y112               1.000      0.000    999.000    999.000
    Y113               1.000      0.000    999.000    999.000
    Y114               1.000      0.000    999.000    999.000
    Y115               1.000      0.000    999.000    999.000

 UT2      BY
    Y21                1.000      0.000    999.000    999.000
    Y22                1.000      0.000    999.000    999.000
    Y23                1.000      0.000    999.000    999.000
    Y24                1.000      0.000    999.000    999.000
    Y25                1.000      0.000    999.000    999.000
    Y26                1.000      0.000    999.000    999.000
    Y27                1.000      0.000    999.000    999.000
    Y28                1.000      0.000    999.000    999.000
    Y29                1.000      0.000    999.000    999.000
    Y210               1.000      0.000    999.000    999.000
    Y211               1.000      0.000    999.000    999.000
    Y212               1.000      0.000    999.000    999.000
    Y213               1.000      0.000    999.000    999.000
    Y214               1.000      0.000    999.000    999.000
    Y215               1.000      0.000    999.000    999.000

 UT3      BY
    Y31                1.000      0.000    999.000    999.000
    Y32                1.000      0.000    999.000    999.000
    Y33                1.000      0.000    999.000    999.000
    Y34                1.000      0.000    999.000    999.000
    Y35                1.000      0.000    999.000    999.000
    Y36                1.000      0.000    999.000    999.000
    Y37                1.000      0.000    999.000    999.000
    Y38                1.000      0.000    999.000    999.000
    Y39                1.000      0.000    999.000    999.000
    Y310               1.000      0.000    999.000    999.000
    Y311               1.000      0.000    999.000    999.000
    Y312               1.000      0.000    999.000    999.000
    Y313               1.000      0.000    999.000    999.000
    Y314               1.000      0.000    999.000    999.000
    Y315               1.000      0.000    999.000    999.000

 CS1      WITH
    CS2                0.000      0.000    999.000    999.000
    CS3                0.000      0.000    999.000    999.000
    CS4                0.000      0.000    999.000    999.000
    CS5                0.000      0.000    999.000    999.000
    CS6                0.000      0.000    999.000    999.000
    CS7                0.000      0.000    999.000    999.000
    CS8                0.000      0.000    999.000    999.000
    CS9                0.000      0.000    999.000    999.000
    CS10               0.000      0.000    999.000    999.000
    CS11               0.000      0.000    999.000    999.000
    CS12               0.000      0.000    999.000    999.000
    CS13               0.000      0.000    999.000    999.000
    CS14               0.000      0.000    999.000    999.000
    CS15               0.000      0.000    999.000    999.000
    UT1                0.000      0.000    999.000    999.000
    UT2                0.000      0.000    999.000    999.000
    UT3                0.000      0.000    999.000    999.000
    CT                 0.000      0.000    999.000    999.000

 CS2      WITH
    CS3                0.000      0.000    999.000    999.000
    CS4                0.000      0.000    999.000    999.000
    CS5                0.000      0.000    999.000    999.000
    CS6                0.000      0.000    999.000    999.000
    CS7                0.000      0.000    999.000    999.000
    CS8                0.000      0.000    999.000    999.000
    CS9                0.000      0.000    999.000    999.000
    CS10               0.000      0.000    999.000    999.000
    CS11               0.000      0.000    999.000    999.000
    CS12               0.000      0.000    999.000    999.000
    CS13               0.000      0.000    999.000    999.000
    CS14               0.000      0.000    999.000    999.000
    CS15               0.000      0.000    999.000    999.000
    UT1                0.000      0.000    999.000    999.000
    UT2                0.000      0.000    999.000    999.000
    UT3                0.000      0.000    999.000    999.000
    CT                 0.000      0.000    999.000    999.000

 CS3      WITH
    CS4                0.000      0.000    999.000    999.000
    CS5                0.000      0.000    999.000    999.000
    CS6                0.000      0.000    999.000    999.000
    CS7                0.000      0.000    999.000    999.000
    CS8                0.000      0.000    999.000    999.000
    CS9                0.000      0.000    999.000    999.000
    CS10               0.000      0.000    999.000    999.000
    CS11               0.000      0.000    999.000    999.000
    CS12               0.000      0.000    999.000    999.000
    CS13               0.000      0.000    999.000    999.000
    CS14               0.000      0.000    999.000    999.000
    CS15               0.000      0.000    999.000    999.000
    UT1                0.000      0.000    999.000    999.000
    UT2                0.000      0.000    999.000    999.000
    UT3                0.000      0.000    999.000    999.000
    CT                 0.000      0.000    999.000    999.000

 CS4      WITH
    CS5                0.000      0.000    999.000    999.000
    CS6                0.000      0.000    999.000    999.000
    CS7                0.000      0.000    999.000    999.000
    CS8                0.000      0.000    999.000    999.000
    CS9                0.000      0.000    999.000    999.000
    CS10               0.000      0.000    999.000    999.000
    CS11               0.000      0.000    999.000    999.000
    CS12               0.000      0.000    999.000    999.000
    CS13               0.000      0.000    999.000    999.000
    CS14               0.000      0.000    999.000    999.000
    CS15               0.000      0.000    999.000    999.000
    UT1                0.000      0.000    999.000    999.000
    UT2                0.000      0.000    999.000    999.000
    UT3                0.000      0.000    999.000    999.000
    CT                 0.000      0.000    999.000    999.000

 CS5      WITH
    CS6                0.000      0.000    999.000    999.000
    CS7                0.000      0.000    999.000    999.000
    CS8                0.000      0.000    999.000    999.000
    CS9                0.000      0.000    999.000    999.000
    CS10               0.000      0.000    999.000    999.000
    CS11               0.000      0.000    999.000    999.000
    CS12               0.000      0.000    999.000    999.000
    CS13               0.000      0.000    999.000    999.000
    CS14               0.000      0.000    999.000    999.000
    CS15               0.000      0.000    999.000    999.000
    UT1                0.000      0.000    999.000    999.000
    UT2                0.000      0.000    999.000    999.000
    UT3                0.000      0.000    999.000    999.000
    CT                 0.000      0.000    999.000    999.000

 CS6      WITH
    CS7                0.000      0.000    999.000    999.000
    CS8                0.000      0.000    999.000    999.000
    CS9                0.000      0.000    999.000    999.000
    CS10               0.000      0.000    999.000    999.000
    CS11               0.000      0.000    999.000    999.000
    CS12               0.000      0.000    999.000    999.000
    CS13               0.000      0.000    999.000    999.000
    CS14               0.000      0.000    999.000    999.000
    CS15               0.000      0.000    999.000    999.000
    UT1                0.000      0.000    999.000    999.000
    UT2                0.000      0.000    999.000    999.000
    UT3                0.000      0.000    999.000    999.000
    CT                 0.000      0.000    999.000    999.000

 CS7      WITH
    CS8                0.000      0.000    999.000    999.000
    CS9                0.000      0.000    999.000    999.000
    CS10               0.000      0.000    999.000    999.000
    CS11               0.000      0.000    999.000    999.000
    CS12               0.000      0.000    999.000    999.000
    CS13               0.000      0.000    999.000    999.000
    CS14               0.000      0.000    999.000    999.000
    CS15               0.000      0.000    999.000    999.000
    UT1                0.000      0.000    999.000    999.000
    UT2                0.000      0.000    999.000    999.000
    UT3                0.000      0.000    999.000    999.000
    CT                 0.000      0.000    999.000    999.000

 CS8      WITH
    CS9                0.000      0.000    999.000    999.000
    CS10               0.000      0.000    999.000    999.000
    CS11               0.000      0.000    999.000    999.000
    CS12               0.000      0.000    999.000    999.000
    CS13               0.000      0.000    999.000    999.000
    CS14               0.000      0.000    999.000    999.000
    CS15               0.000      0.000    999.000    999.000
    UT1                0.000      0.000    999.000    999.000
    UT2                0.000      0.000    999.000    999.000
    UT3                0.000      0.000    999.000    999.000
    CT                 0.000      0.000    999.000    999.000

 CS9      WITH
    CS10               0.000      0.000    999.000    999.000
    CS11               0.000      0.000    999.000    999.000
    CS12               0.000      0.000    999.000    999.000
    CS13               0.000      0.000    999.000    999.000
    CS14               0.000      0.000    999.000    999.000
    CS15               0.000      0.000    999.000    999.000
    UT1                0.000      0.000    999.000    999.000
    UT2                0.000      0.000    999.000    999.000
    UT3                0.000      0.000    999.000    999.000
    CT                 0.000      0.000    999.000    999.000

 CS10     WITH
    CS11               0.000      0.000    999.000    999.000
    CS12               0.000      0.000    999.000    999.000
    CS13               0.000      0.000    999.000    999.000
    CS14               0.000      0.000    999.000    999.000
    CS15               0.000      0.000    999.000    999.000
    UT1                0.000      0.000    999.000    999.000
    UT2                0.000      0.000    999.000    999.000
    UT3                0.000      0.000    999.000    999.000
    CT                 0.000      0.000    999.000    999.000

 CS11     WITH
    CS12               0.000      0.000    999.000    999.000
    CS13               0.000      0.000    999.000    999.000
    CS14               0.000      0.000    999.000    999.000
    CS15               0.000      0.000    999.000    999.000
    UT1                0.000      0.000    999.000    999.000
    UT2                0.000      0.000    999.000    999.000
    UT3                0.000      0.000    999.000    999.000
    CT                 0.000      0.000    999.000    999.000

 CS12     WITH
    CS13               0.000      0.000    999.000    999.000
    CS14               0.000      0.000    999.000    999.000
    CS15               0.000      0.000    999.000    999.000
    UT1                0.000      0.000    999.000    999.000
    UT2                0.000      0.000    999.000    999.000
    UT3                0.000      0.000    999.000    999.000
    CT                 0.000      0.000    999.000    999.000

 CS13     WITH
    CS14               0.000      0.000    999.000    999.000
    CS15               0.000      0.000    999.000    999.000
    UT1                0.000      0.000    999.000    999.000
    UT2                0.000      0.000    999.000    999.000
    UT3                0.000      0.000    999.000    999.000
    CT                 0.000      0.000    999.000    999.000

 CS14     WITH
    CS15               0.000      0.000    999.000    999.000
    UT1                0.000      0.000    999.000    999.000
    UT2                0.000      0.000    999.000    999.000
    UT3                0.000      0.000    999.000    999.000
    CT                 0.000      0.000    999.000    999.000

 CS15     WITH
    UT1                0.000      0.000    999.000    999.000
    UT2                0.000      0.000    999.000    999.000
    UT3                0.000      0.000    999.000    999.000
    CT                 0.000      0.000    999.000    999.000

 UT1      WITH
    UT2                0.000      0.000    999.000    999.000
    UT3                0.000      0.000    999.000    999.000
    CT                 0.000      0.000    999.000    999.000

 UT2      WITH
    UT3                0.000      0.000    999.000    999.000
    CT                 0.000      0.000    999.000    999.000

 UT3      WITH
    CT                 0.000      0.000    999.000    999.000

 Intercepts
    Y11                2.217      0.202     10.966      0.000
    Y21                2.282      0.191     11.919      0.000
    Y31                3.130      0.214     14.630      0.000
    Y12                2.217      0.202     10.966      0.000
    Y22                2.282      0.191     11.919      0.000
    Y32                3.130      0.214     14.630      0.000
    Y13                2.217      0.202     10.966      0.000
    Y23                2.282      0.191     11.919      0.000
    Y33                3.130      0.214     14.630      0.000
    Y14                2.217      0.202     10.966      0.000
    Y24                2.282      0.191     11.919      0.000
    Y34                3.130      0.214     14.630      0.000
    Y15                2.217      0.202     10.966      0.000
    Y25                2.282      0.191     11.919      0.000
    Y35                3.130      0.214     14.630      0.000
    Y16                2.217      0.202     10.966      0.000
    Y26                2.282      0.191     11.919      0.000
    Y36                3.130      0.214     14.630      0.000
    Y17                2.217      0.202     10.966      0.000
    Y27                2.282      0.191     11.919      0.000
    Y37                3.130      0.214     14.630      0.000
    Y18                2.217      0.202     10.966      0.000
    Y28                2.282      0.191     11.919      0.000
    Y38                3.130      0.214     14.630      0.000
    Y19                2.217      0.202     10.966      0.000
    Y29                2.282      0.191     11.919      0.000
    Y39                3.130      0.214     14.630      0.000
    Y110               2.217      0.202     10.966      0.000
    Y210               2.282      0.191     11.919      0.000
    Y310               3.130      0.214     14.630      0.000
    Y111               2.217      0.202     10.966      0.000
    Y211               2.282      0.191     11.919      0.000
    Y311               3.130      0.214     14.630      0.000
    Y112               2.217      0.202     10.966      0.000
    Y212               2.282      0.191     11.919      0.000
    Y312               3.130      0.214     14.630      0.000
    Y113               2.217      0.202     10.966      0.000
    Y213               2.282      0.191     11.919      0.000
    Y313               3.130      0.214     14.630      0.000
    Y114               2.217      0.202     10.966      0.000
    Y214               2.282      0.191     11.919      0.000
    Y314               3.130      0.214     14.630      0.000
    Y115               2.217      0.202     10.966      0.000
    Y215               2.282      0.191     11.919      0.000
    Y315               3.130      0.214     14.630      0.000

 Variances
    CS1                2.197      0.178     12.332      0.000
    CS2                2.197      0.178     12.332      0.000
    CS3                2.197      0.178     12.332      0.000
    CS4                2.197      0.178     12.332      0.000
    CS5                2.197      0.178     12.332      0.000
    CS6                2.197      0.178     12.332      0.000
    CS7                2.197      0.178     12.332      0.000
    CS8                2.197      0.178     12.332      0.000
    CS9                2.197      0.178     12.332      0.000
    CS10               2.197      0.178     12.332      0.000
    CS11               2.197      0.178     12.332      0.000
    CS12               2.197      0.178     12.332      0.000
    CS13               2.197      0.178     12.332      0.000
    CS14               2.197      0.178     12.332      0.000
    CS15               2.197      0.178     12.332      0.000
    CT                 1.351      0.430      3.142      0.002
    UT1                0.486      0.208      2.339      0.019
    UT2                1.021      0.235      4.351      0.000
    UT3                0.169      0.240      0.703      0.482

 Residual Variances
    Y11                0.907      0.094      9.608      0.000
    Y21                0.467      0.031     15.018      0.000
    Y31                1.536      0.157      9.791      0.000
    Y12                0.907      0.094      9.608      0.000
    Y22                0.467      0.031     15.018      0.000
    Y32                1.536      0.157      9.791      0.000
    Y13                0.907      0.094      9.608      0.000
    Y23                0.467      0.031     15.018      0.000
    Y33                1.536      0.157      9.791      0.000
    Y14                0.907      0.094      9.608      0.000
    Y24                0.467      0.031     15.018      0.000
    Y34                1.536      0.157      9.791      0.000
    Y15                0.907      0.094      9.608      0.000
    Y25                0.467      0.031     15.018      0.000
    Y35                1.536      0.157      9.791      0.000
    Y16                0.907      0.094      9.608      0.000
    Y26                0.467      0.031     15.018      0.000
    Y36                1.536      0.157      9.791      0.000
    Y17                0.907      0.094      9.608      0.000
    Y27                0.467      0.031     15.018      0.000
    Y37                1.536      0.157      9.791      0.000
    Y18                0.907      0.094      9.608      0.000
    Y28                0.467      0.031     15.018      0.000
    Y38                1.536      0.157      9.791      0.000
    Y19                0.907      0.094      9.608      0.000
    Y29                0.467      0.031     15.018      0.000
    Y39                1.536      0.157      9.791      0.000
    Y110               0.907      0.094      9.608      0.000
    Y210               0.467      0.031     15.018      0.000
    Y310               1.536      0.157      9.791      0.000
    Y111               0.907      0.094      9.608      0.000
    Y211               0.467      0.031     15.018      0.000
    Y311               1.536      0.157      9.791      0.000
    Y112               0.907      0.094      9.608      0.000
    Y212               0.467      0.031     15.018      0.000
    Y312               1.536      0.157      9.791      0.000
    Y113               0.907      0.094      9.608      0.000
    Y213               0.467      0.031     15.018      0.000
    Y313               1.536      0.157      9.791      0.000
    Y114               0.907      0.094      9.608      0.000
    Y214               0.467      0.031     15.018      0.000
    Y314               1.536      0.157      9.791      0.000
    Y115               0.907      0.094      9.608      0.000
    Y215               0.467      0.031     15.018      0.000
    Y315               1.536      0.157      9.791      0.000


QUALITY OF NUMERICAL RESULTS

     Condition Number for the Information Matrix              0.168E-02
       (ratio of smallest to largest eigenvalue)


     Beginning Time:  14:44:08
        Ending Time:  14:44:10
       Elapsed Time:  00:00:02



MUTHEN & MUTHEN
3463 Stoner Ave.
Los Angeles, CA  90066

Tel: (310) 391-9971
Fax: (310) 391-8971
Web: www.StatModel.com
Support: Support@StatModel.com

Copyright (c) 1998-2017 Muthen & Muthen
