Mplus VERSION 8
MUTHEN & MUTHEN
02/15/2019   2:45 PM

INPUT INSTRUCTIONS

  TITLE: Your title goes here
  DATA: FILE = "Mplus_files_Results/cuts_wide_trunc_n100_i3_nt15_na0.dat";
  VARIABLE:
  NAMES = subjn y11 y21 y31 y12 y22 y32 y13 y23 y33 y14 y24 y34 y15 y25 y35 y16 y26
       y36 y17 y27 y37 y18 y28 y38 y19 y29 y39 y110 y210 y310 y111 y211 y311 y112 y212
       y312 y113 y213 y313 y114 y214 y314 y115 y215 y315;
  MISSING=.;
  USEVAR = y11
  y21
  y31
  y12
  y22
  y32
  y13
  y23
  y33
  y14
  y24
  y34
  y15
  y25
  y35
  y16
  y26
  y36
  y17
  y27
  y37
  y18
  y28
  y38
  y19
  y29
  y39
  y110
  y210
  y310
  y111
  y211
  y311
  y112
  y212
  y312
  y113
  y213
  y313
  y114
  y214
  y314
  y115
  y215
  y315 ;


  ANALYSIS:
  TYPE = GENERAL ;
  ESTIMATOR = ML ;
  ITERATIONS = 50000 ;
  H1ITERATIONS = 50000 ;


  MODEL:

  ! common states
  CS1 BY y11@1
  y21 (lcs21)
  y31 (lcs31) ;
  CS2 BY y12@1
  y22 (lcs21)
  y32 (lcs31) ;
  CS3 BY y13@1
  y23 (lcs21)
  y33 (lcs31) ;
  CS4 BY y14@1
  y24 (lcs21)
  y34 (lcs31) ;
  CS5 BY y15@1
  y25 (lcs21)
  y35 (lcs31) ;
  CS6 BY y16@1
  y26 (lcs21)
  y36 (lcs31) ;
  CS7 BY y17@1
  y27 (lcs21)
  y37 (lcs31) ;
  CS8 BY y18@1
  y28 (lcs21)
  y38 (lcs31) ;
  CS9 BY y19@1
  y29 (lcs21)
  y39 (lcs31) ;
  CS10 BY y110@1
  y210 (lcs21)
  y310 (lcs31) ;
  CS11 BY y111@1
  y211 (lcs21)
  y311 (lcs31) ;
  CS12 BY y112@1
  y212 (lcs21)
  y312 (lcs31) ;
  CS13 BY y113@1
  y213 (lcs21)
  y313 (lcs31) ;
  CS14 BY y114@1
  y214 (lcs21)
  y314 (lcs31) ;
  CS15 BY y115@1
  y215 (lcs21)
  y315 (lcs31) ;

  ! common trait
  CT BY y11@1
  y21 (lct21)
  y31 (lct31)
  y12@1
  y22 (lct21)
  y32 (lct31)
  y13@1
  y23 (lct21)
  y33 (lct31)
  y14@1
  y24 (lct21)
  y34 (lct31)
  y15@1
  y25 (lct21)
  y35 (lct31)
  y16@1
  y26 (lct21)
  y36 (lct31)
  y17@1
  y27 (lct21)
  y37 (lct31)
  y18@1
  y28 (lct21)
  y38 (lct31)
  y19@1
  y29 (lct21)
  y39 (lct31)
  y110@1
  y210 (lct21)
  y310 (lct31)
  y111@1
  y211 (lct21)
  y311 (lct31)
  y112@1
  y212 (lct21)
  y312 (lct31)
  y113@1
  y213 (lct21)
  y313 (lct31)
  y114@1
  y214 (lct21)
  y314 (lct31)
  y115@1
  y215 (lct21)
  y315 (lct31) ;

  ! unique trait
  UT1 BY y11@1
  y12@1
  y13@1
  y14@1
  y15@1
  y16@1
  y17@1
  y18@1
  y19@1
  y110@1
  y111@1
  y112@1
  y113@1
  y114@1
  y115@1 ;
  UT2 BY y21@1
  y22@1
  y23@1
  y24@1
  y25@1
  y26@1
  y27@1
  y28@1
  y29@1
  y210@1
  y211@1
  y212@1
  y213@1
  y214@1
  y215@1 ;
  UT3 BY y31@1
  y32@1
  y33@1
  y34@1
  y35@1
  y36@1
  y37@1
  y38@1
  y39@1
  y310@1
  y311@1
  y312@1
  y313@1
  y314@1
  y315@1 ;

  ! Intercepts and means
  [y11*] (ins11) ;
  [y21*] (ins21) ;
  [y31*] (ins31) ;
  [y12*] (ins11) ;
  [y22*] (ins21) ;
  [y32*] (ins31) ;
  [y13*] (ins11) ;
  [y23*] (ins21) ;
  [y33*] (ins31) ;
  [y14*] (ins11) ;
  [y24*] (ins21) ;
  [y34*] (ins31) ;
  [y15*] (ins11) ;
  [y25*] (ins21) ;
  [y35*] (ins31) ;
  [y16*] (ins11) ;
  [y26*] (ins21) ;
  [y36*] (ins31) ;
  [y17*] (ins11) ;
  [y27*] (ins21) ;
  [y37*] (ins31) ;
  [y18*] (ins11) ;
  [y28*] (ins21) ;
  [y38*] (ins31) ;
  [y19*] (ins11) ;
  [y29*] (ins21) ;
  [y39*] (ins31) ;
  [y110*] (ins11) ;
  [y210*] (ins21) ;
  [y310*] (ins31) ;
  [y111*] (ins11) ;
  [y211*] (ins21) ;
  [y311*] (ins31) ;
  [y112*] (ins11) ;
  [y212*] (ins21) ;
  [y312*] (ins31) ;
  [y113*] (ins11) ;
  [y213*] (ins21) ;
  [y313*] (ins31) ;
  [y114*] (ins11) ;
  [y214*] (ins21) ;
  [y314*] (ins31) ;
  [y115*] (ins11) ;
  [y215*] (ins21) ;
  [y315*] (ins31) ;




  ! Set 0 covariances
  CS1 WITH CS2@0
  CS3@0
  CS4@0
  CS5@0
  CS6@0
  CS7@0
  CS8@0
  CS9@0
  CS10@0
  CS11@0
  CS12@0
  CS13@0
  CS14@0
  CS15@0
  UT1@0
  UT2@0
  UT3@0
  CT@0 ;
  CS2 WITH CS3@0
  CS4@0
  CS5@0
  CS6@0
  CS7@0
  CS8@0
  CS9@0
  CS10@0
  CS11@0
  CS12@0
  CS13@0
  CS14@0
  CS15@0
  UT1@0
  UT2@0
  UT3@0
  CT@0 ;
  CS3 WITH CS4@0
  CS5@0
  CS6@0
  CS7@0
  CS8@0
  CS9@0
  CS10@0
  CS11@0
  CS12@0
  CS13@0
  CS14@0
  CS15@0
  UT1@0
  UT2@0
  UT3@0
  CT@0 ;
  CS4 WITH CS5@0
  CS6@0
  CS7@0
  CS8@0
  CS9@0
  CS10@0
  CS11@0
  CS12@0
  CS13@0
  CS14@0
  CS15@0
  UT1@0
  UT2@0
  UT3@0
  CT@0 ;
  CS5 WITH CS6@0
  CS7@0
  CS8@0
  CS9@0
  CS10@0
  CS11@0
  CS12@0
  CS13@0
  CS14@0
  CS15@0
  UT1@0
  UT2@0
  UT3@0
  CT@0 ;
  CS6 WITH CS7@0
  CS8@0
  CS9@0
  CS10@0
  CS11@0
  CS12@0
  CS13@0
  CS14@0
  CS15@0
  UT1@0
  UT2@0
  UT3@0
  CT@0 ;
  CS7 WITH CS8@0
  CS9@0
  CS10@0
  CS11@0
  CS12@0
  CS13@0
  CS14@0
  CS15@0
  UT1@0
  UT2@0
  UT3@0
  CT@0 ;
  CS8 WITH CS9@0
  CS10@0
  CS11@0
  CS12@0
  CS13@0
  CS14@0
  CS15@0
  UT1@0
  UT2@0
  UT3@0
  CT@0 ;
  CS9 WITH CS10@0
  CS11@0
  CS12@0
  CS13@0
  CS14@0
  CS15@0
  UT1@0
  UT2@0
  UT3@0
  CT@0 ;
  CS10 WITH CS11@0
  CS12@0
  CS13@0
  CS14@0
  CS15@0
  UT1@0
  UT2@0
  UT3@0
  CT@0 ;
  CS11 WITH CS12@0
  CS13@0
  CS14@0
  CS15@0
  UT1@0
  UT2@0
  UT3@0
  CT@0 ;
  CS12 WITH CS13@0
  CS14@0
  CS15@0
  UT1@0
  UT2@0
  UT3@0
  CT@0 ;
  CS13 WITH CS14@0
  CS15@0
  UT1@0
  UT2@0
  UT3@0
  CT@0 ;
  CS14 WITH CS15@0
  UT1@0
  UT2@0
  UT3@0
  CT@0 ;
  CS15 WITH UT1@0
  UT2@0
  UT3@0
  CT@0 ;
  UT1 WITH UT2@0
  UT3@0
  CT@0 ;
  UT2 WITH UT3@0
  CT@0 ;
  UT3 WITH CT@0 ;

  ! Variance components
  y11 (err11) ;
  y21 (err21) ;
  y31 (err31) ;
  y12 (err11) ;
  y22 (err21) ;
  y32 (err31) ;
  y13 (err11) ;
  y23 (err21) ;
  y33 (err31) ;
  y14 (err11) ;
  y24 (err21) ;
  y34 (err31) ;
  y15 (err11) ;
  y25 (err21) ;
  y35 (err31) ;
  y16 (err11) ;
  y26 (err21) ;
  y36 (err31) ;
  y17 (err11) ;
  y27 (err21) ;
  y37 (err31) ;
  y18 (err11) ;
  y28 (err21) ;
  y38 (err31) ;
  y19 (err11) ;
  y29 (err21) ;
  y39 (err31) ;
  y110 (err11) ;
  y210 (err21) ;
  y310 (err31) ;
  y111 (err11) ;
  y211 (err21) ;
  y311 (err31) ;
  y112 (err11) ;
  y212 (err21) ;
  y312 (err31) ;
  y113 (err11) ;
  y213 (err21) ;
  y313 (err31) ;
  y114 (err11) ;
  y214 (err21) ;
  y314 (err31) ;
  y115 (err11) ;
  y215 (err21) ;
  y315 (err31) ;
  CS1 (cs_var1) ;
  CS2 (cs_var1) ;
  CS3 (cs_var1) ;
  CS4 (cs_var1) ;
  CS5 (cs_var1) ;
  CS6 (cs_var1) ;
  CS7 (cs_var1) ;
  CS8 (cs_var1) ;
  CS9 (cs_var1) ;
  CS10 (cs_var1) ;
  CS11 (cs_var1) ;
  CS12 (cs_var1) ;
  CS13 (cs_var1) ;
  CS14 (cs_var1) ;
  CS15 (cs_var1) ;
  UT1 (ut_var1) ;
  UT2 (ut_var2) ;
  UT3 (ut_var3) ;
  CT (ct_var) ;



INPUT READING TERMINATED NORMALLY



Your title goes here

SUMMARY OF ANALYSIS

Number of groups                                                 1
Number of observations                                         100

Number of dependent variables                                   45
Number of independent variables                                  0
Number of continuous latent variables                           19

Observed dependent variables

  Continuous
   Y11         Y21         Y31         Y12         Y22         Y32
   Y13         Y23         Y33         Y14         Y24         Y34
   Y15         Y25         Y35         Y16         Y26         Y36
   Y17         Y27         Y37         Y18         Y28         Y38
   Y19         Y29         Y39         Y110        Y210        Y310
   Y111        Y211        Y311        Y112        Y212        Y312
   Y113        Y213        Y313        Y114        Y214        Y314
   Y115        Y215        Y315

Continuous latent variables
   CS1         CS2         CS3         CS4         CS5         CS6
   CS7         CS8         CS9         CS10        CS11        CS12
   CS13        CS14        CS15        CT          UT1         UT2
   UT3


Estimator                                                       ML
Information matrix                                        OBSERVED
Maximum number of iterations                                 50000
Convergence criterion                                    0.500D-04
Maximum number of steepest descent iterations                   20
Maximum number of iterations for H1                          50000
Convergence criterion for H1                             0.100D-03

Input data file(s)
  Mplus_files_Results/cuts_wide_trunc_n100_i3_nt15_na0.dat

Input data format  FREE


SUMMARY OF DATA

     Number of missing data patterns             1


COVARIANCE COVERAGE OF DATA

Minimum covariance coverage value   0.100


     PROPORTION OF DATA PRESENT


           Covariance Coverage
              Y11           Y21           Y31           Y12           Y22
              ________      ________      ________      ________      ________
 Y11            1.000
 Y21            1.000         1.000
 Y31            1.000         1.000         1.000
 Y12            1.000         1.000         1.000         1.000
 Y22            1.000         1.000         1.000         1.000         1.000
 Y32            1.000         1.000         1.000         1.000         1.000
 Y13            1.000         1.000         1.000         1.000         1.000
 Y23            1.000         1.000         1.000         1.000         1.000
 Y33            1.000         1.000         1.000         1.000         1.000
 Y14            1.000         1.000         1.000         1.000         1.000
 Y24            1.000         1.000         1.000         1.000         1.000
 Y34            1.000         1.000         1.000         1.000         1.000
 Y15            1.000         1.000         1.000         1.000         1.000
 Y25            1.000         1.000         1.000         1.000         1.000
 Y35            1.000         1.000         1.000         1.000         1.000
 Y16            1.000         1.000         1.000         1.000         1.000
 Y26            1.000         1.000         1.000         1.000         1.000
 Y36            1.000         1.000         1.000         1.000         1.000
 Y17            1.000         1.000         1.000         1.000         1.000
 Y27            1.000         1.000         1.000         1.000         1.000
 Y37            1.000         1.000         1.000         1.000         1.000
 Y18            1.000         1.000         1.000         1.000         1.000
 Y28            1.000         1.000         1.000         1.000         1.000
 Y38            1.000         1.000         1.000         1.000         1.000
 Y19            1.000         1.000         1.000         1.000         1.000
 Y29            1.000         1.000         1.000         1.000         1.000
 Y39            1.000         1.000         1.000         1.000         1.000
 Y110           1.000         1.000         1.000         1.000         1.000
 Y210           1.000         1.000         1.000         1.000         1.000
 Y310           1.000         1.000         1.000         1.000         1.000
 Y111           1.000         1.000         1.000         1.000         1.000
 Y211           1.000         1.000         1.000         1.000         1.000
 Y311           1.000         1.000         1.000         1.000         1.000
 Y112           1.000         1.000         1.000         1.000         1.000
 Y212           1.000         1.000         1.000         1.000         1.000
 Y312           1.000         1.000         1.000         1.000         1.000
 Y113           1.000         1.000         1.000         1.000         1.000
 Y213           1.000         1.000         1.000         1.000         1.000
 Y313           1.000         1.000         1.000         1.000         1.000
 Y114           1.000         1.000         1.000         1.000         1.000
 Y214           1.000         1.000         1.000         1.000         1.000
 Y314           1.000         1.000         1.000         1.000         1.000
 Y115           1.000         1.000         1.000         1.000         1.000
 Y215           1.000         1.000         1.000         1.000         1.000
 Y315           1.000         1.000         1.000         1.000         1.000


           Covariance Coverage
              Y32           Y13           Y23           Y33           Y14
              ________      ________      ________      ________      ________
 Y32            1.000
 Y13            1.000         1.000
 Y23            1.000         1.000         1.000
 Y33            1.000         1.000         1.000         1.000
 Y14            1.000         1.000         1.000         1.000         1.000
 Y24            1.000         1.000         1.000         1.000         1.000
 Y34            1.000         1.000         1.000         1.000         1.000
 Y15            1.000         1.000         1.000         1.000         1.000
 Y25            1.000         1.000         1.000         1.000         1.000
 Y35            1.000         1.000         1.000         1.000         1.000
 Y16            1.000         1.000         1.000         1.000         1.000
 Y26            1.000         1.000         1.000         1.000         1.000
 Y36            1.000         1.000         1.000         1.000         1.000
 Y17            1.000         1.000         1.000         1.000         1.000
 Y27            1.000         1.000         1.000         1.000         1.000
 Y37            1.000         1.000         1.000         1.000         1.000
 Y18            1.000         1.000         1.000         1.000         1.000
 Y28            1.000         1.000         1.000         1.000         1.000
 Y38            1.000         1.000         1.000         1.000         1.000
 Y19            1.000         1.000         1.000         1.000         1.000
 Y29            1.000         1.000         1.000         1.000         1.000
 Y39            1.000         1.000         1.000         1.000         1.000
 Y110           1.000         1.000         1.000         1.000         1.000
 Y210           1.000         1.000         1.000         1.000         1.000
 Y310           1.000         1.000         1.000         1.000         1.000
 Y111           1.000         1.000         1.000         1.000         1.000
 Y211           1.000         1.000         1.000         1.000         1.000
 Y311           1.000         1.000         1.000         1.000         1.000
 Y112           1.000         1.000         1.000         1.000         1.000
 Y212           1.000         1.000         1.000         1.000         1.000
 Y312           1.000         1.000         1.000         1.000         1.000
 Y113           1.000         1.000         1.000         1.000         1.000
 Y213           1.000         1.000         1.000         1.000         1.000
 Y313           1.000         1.000         1.000         1.000         1.000
 Y114           1.000         1.000         1.000         1.000         1.000
 Y214           1.000         1.000         1.000         1.000         1.000
 Y314           1.000         1.000         1.000         1.000         1.000
 Y115           1.000         1.000         1.000         1.000         1.000
 Y215           1.000         1.000         1.000         1.000         1.000
 Y315           1.000         1.000         1.000         1.000         1.000


           Covariance Coverage
              Y24           Y34           Y15           Y25           Y35
              ________      ________      ________      ________      ________
 Y24            1.000
 Y34            1.000         1.000
 Y15            1.000         1.000         1.000
 Y25            1.000         1.000         1.000         1.000
 Y35            1.000         1.000         1.000         1.000         1.000
 Y16            1.000         1.000         1.000         1.000         1.000
 Y26            1.000         1.000         1.000         1.000         1.000
 Y36            1.000         1.000         1.000         1.000         1.000
 Y17            1.000         1.000         1.000         1.000         1.000
 Y27            1.000         1.000         1.000         1.000         1.000
 Y37            1.000         1.000         1.000         1.000         1.000
 Y18            1.000         1.000         1.000         1.000         1.000
 Y28            1.000         1.000         1.000         1.000         1.000
 Y38            1.000         1.000         1.000         1.000         1.000
 Y19            1.000         1.000         1.000         1.000         1.000
 Y29            1.000         1.000         1.000         1.000         1.000
 Y39            1.000         1.000         1.000         1.000         1.000
 Y110           1.000         1.000         1.000         1.000         1.000
 Y210           1.000         1.000         1.000         1.000         1.000
 Y310           1.000         1.000         1.000         1.000         1.000
 Y111           1.000         1.000         1.000         1.000         1.000
 Y211           1.000         1.000         1.000         1.000         1.000
 Y311           1.000         1.000         1.000         1.000         1.000
 Y112           1.000         1.000         1.000         1.000         1.000
 Y212           1.000         1.000         1.000         1.000         1.000
 Y312           1.000         1.000         1.000         1.000         1.000
 Y113           1.000         1.000         1.000         1.000         1.000
 Y213           1.000         1.000         1.000         1.000         1.000
 Y313           1.000         1.000         1.000         1.000         1.000
 Y114           1.000         1.000         1.000         1.000         1.000
 Y214           1.000         1.000         1.000         1.000         1.000
 Y314           1.000         1.000         1.000         1.000         1.000
 Y115           1.000         1.000         1.000         1.000         1.000
 Y215           1.000         1.000         1.000         1.000         1.000
 Y315           1.000         1.000         1.000         1.000         1.000


           Covariance Coverage
              Y16           Y26           Y36           Y17           Y27
              ________      ________      ________      ________      ________
 Y16            1.000
 Y26            1.000         1.000
 Y36            1.000         1.000         1.000
 Y17            1.000         1.000         1.000         1.000
 Y27            1.000         1.000         1.000         1.000         1.000
 Y37            1.000         1.000         1.000         1.000         1.000
 Y18            1.000         1.000         1.000         1.000         1.000
 Y28            1.000         1.000         1.000         1.000         1.000
 Y38            1.000         1.000         1.000         1.000         1.000
 Y19            1.000         1.000         1.000         1.000         1.000
 Y29            1.000         1.000         1.000         1.000         1.000
 Y39            1.000         1.000         1.000         1.000         1.000
 Y110           1.000         1.000         1.000         1.000         1.000
 Y210           1.000         1.000         1.000         1.000         1.000
 Y310           1.000         1.000         1.000         1.000         1.000
 Y111           1.000         1.000         1.000         1.000         1.000
 Y211           1.000         1.000         1.000         1.000         1.000
 Y311           1.000         1.000         1.000         1.000         1.000
 Y112           1.000         1.000         1.000         1.000         1.000
 Y212           1.000         1.000         1.000         1.000         1.000
 Y312           1.000         1.000         1.000         1.000         1.000
 Y113           1.000         1.000         1.000         1.000         1.000
 Y213           1.000         1.000         1.000         1.000         1.000
 Y313           1.000         1.000         1.000         1.000         1.000
 Y114           1.000         1.000         1.000         1.000         1.000
 Y214           1.000         1.000         1.000         1.000         1.000
 Y314           1.000         1.000         1.000         1.000         1.000
 Y115           1.000         1.000         1.000         1.000         1.000
 Y215           1.000         1.000         1.000         1.000         1.000
 Y315           1.000         1.000         1.000         1.000         1.000


           Covariance Coverage
              Y37           Y18           Y28           Y38           Y19
              ________      ________      ________      ________      ________
 Y37            1.000
 Y18            1.000         1.000
 Y28            1.000         1.000         1.000
 Y38            1.000         1.000         1.000         1.000
 Y19            1.000         1.000         1.000         1.000         1.000
 Y29            1.000         1.000         1.000         1.000         1.000
 Y39            1.000         1.000         1.000         1.000         1.000
 Y110           1.000         1.000         1.000         1.000         1.000
 Y210           1.000         1.000         1.000         1.000         1.000
 Y310           1.000         1.000         1.000         1.000         1.000
 Y111           1.000         1.000         1.000         1.000         1.000
 Y211           1.000         1.000         1.000         1.000         1.000
 Y311           1.000         1.000         1.000         1.000         1.000
 Y112           1.000         1.000         1.000         1.000         1.000
 Y212           1.000         1.000         1.000         1.000         1.000
 Y312           1.000         1.000         1.000         1.000         1.000
 Y113           1.000         1.000         1.000         1.000         1.000
 Y213           1.000         1.000         1.000         1.000         1.000
 Y313           1.000         1.000         1.000         1.000         1.000
 Y114           1.000         1.000         1.000         1.000         1.000
 Y214           1.000         1.000         1.000         1.000         1.000
 Y314           1.000         1.000         1.000         1.000         1.000
 Y115           1.000         1.000         1.000         1.000         1.000
 Y215           1.000         1.000         1.000         1.000         1.000
 Y315           1.000         1.000         1.000         1.000         1.000


           Covariance Coverage
              Y29           Y39           Y110          Y210          Y310
              ________      ________      ________      ________      ________
 Y29            1.000
 Y39            1.000         1.000
 Y110           1.000         1.000         1.000
 Y210           1.000         1.000         1.000         1.000
 Y310           1.000         1.000         1.000         1.000         1.000
 Y111           1.000         1.000         1.000         1.000         1.000
 Y211           1.000         1.000         1.000         1.000         1.000
 Y311           1.000         1.000         1.000         1.000         1.000
 Y112           1.000         1.000         1.000         1.000         1.000
 Y212           1.000         1.000         1.000         1.000         1.000
 Y312           1.000         1.000         1.000         1.000         1.000
 Y113           1.000         1.000         1.000         1.000         1.000
 Y213           1.000         1.000         1.000         1.000         1.000
 Y313           1.000         1.000         1.000         1.000         1.000
 Y114           1.000         1.000         1.000         1.000         1.000
 Y214           1.000         1.000         1.000         1.000         1.000
 Y314           1.000         1.000         1.000         1.000         1.000
 Y115           1.000         1.000         1.000         1.000         1.000
 Y215           1.000         1.000         1.000         1.000         1.000
 Y315           1.000         1.000         1.000         1.000         1.000


           Covariance Coverage
              Y111          Y211          Y311          Y112          Y212
              ________      ________      ________      ________      ________
 Y111           1.000
 Y211           1.000         1.000
 Y311           1.000         1.000         1.000
 Y112           1.000         1.000         1.000         1.000
 Y212           1.000         1.000         1.000         1.000         1.000
 Y312           1.000         1.000         1.000         1.000         1.000
 Y113           1.000         1.000         1.000         1.000         1.000
 Y213           1.000         1.000         1.000         1.000         1.000
 Y313           1.000         1.000         1.000         1.000         1.000
 Y114           1.000         1.000         1.000         1.000         1.000
 Y214           1.000         1.000         1.000         1.000         1.000
 Y314           1.000         1.000         1.000         1.000         1.000
 Y115           1.000         1.000         1.000         1.000         1.000
 Y215           1.000         1.000         1.000         1.000         1.000
 Y315           1.000         1.000         1.000         1.000         1.000


           Covariance Coverage
              Y312          Y113          Y213          Y313          Y114
              ________      ________      ________      ________      ________
 Y312           1.000
 Y113           1.000         1.000
 Y213           1.000         1.000         1.000
 Y313           1.000         1.000         1.000         1.000
 Y114           1.000         1.000         1.000         1.000         1.000
 Y214           1.000         1.000         1.000         1.000         1.000
 Y314           1.000         1.000         1.000         1.000         1.000
 Y115           1.000         1.000         1.000         1.000         1.000
 Y215           1.000         1.000         1.000         1.000         1.000
 Y315           1.000         1.000         1.000         1.000         1.000


           Covariance Coverage
              Y214          Y314          Y115          Y215          Y315
              ________      ________      ________      ________      ________
 Y214           1.000
 Y314           1.000         1.000
 Y115           1.000         1.000         1.000
 Y215           1.000         1.000         1.000         1.000
 Y315           1.000         1.000         1.000         1.000         1.000



UNIVARIATE SAMPLE STATISTICS


     UNIVARIATE HIGHER-ORDER MOMENT DESCRIPTIVE STATISTICS

         Variable/         Mean/     Skewness/   Minimum/ % with                Percentiles
        Sample Size      Variance    Kurtosis    Maximum  Min/Max      20%/60%    40%/80%    Median

     Y11                   1.720      -0.358      -4.000    1.00%       0.000      1.000      2.000
             100.000       3.542       0.492       7.000    1.00%       2.000      3.000
     Y21                   2.290       0.433       0.000   16.00%       1.000      2.000      2.000
             100.000       2.426      -0.006       7.000    1.00%       3.000      3.000
     Y31                   3.070       0.185      -2.000    4.00%       0.000      2.000      3.000
             100.000       7.405      -0.514      10.000    1.00%       4.000      5.000
     Y12                   1.430       0.199      -4.000    1.00%       0.000      1.000      1.000
             100.000       3.465       0.415       7.000    1.00%       2.000      3.000
     Y22                   2.110       0.587       0.000   15.00%       1.000      2.000      2.000
             100.000       2.338      -0.179       6.000    3.00%       2.000      3.000
     Y32                   2.530       0.331      -4.000    1.00%       1.000      2.000      3.000
             100.000       6.049       0.910      10.000    2.00%       3.000      4.000
     Y13                   1.830       0.167      -4.000    1.00%       0.000      1.000      2.000
             100.000       4.041      -0.011       7.000    1.00%       2.000      3.000
     Y23                   2.230       0.274       0.000   17.00%       1.000      2.000      2.000
             100.000       2.357      -0.490       6.000    3.00%       3.000      4.000
     Y33                   2.660       0.261      -2.000    3.00%       0.000      2.000      3.000
             100.000       6.004      -0.674       8.000    3.00%       3.000      5.000
     Y14                   1.780       0.355      -3.000    1.00%       0.000      1.000      2.000
             100.000       3.552      -0.119       7.000    1.00%       2.000      3.000
     Y24                   2.360       0.173       0.000   14.00%       1.000      2.000      2.000
             100.000       2.250      -0.320       7.000    1.00%       3.000      4.000
     Y34                   2.860       0.146      -2.000    2.00%       0.000      2.000      3.000
             100.000       6.420      -0.865       9.000    1.00%       4.000      5.000
     Y15                   1.700       0.423      -2.000    3.00%       0.000      1.000      2.000
             100.000       3.830      -0.226       7.000    2.00%       2.000      3.000
     Y25                   2.350       0.083      -2.000    1.00%       1.000      2.000      2.000
             100.000       2.447       0.478       7.000    1.00%       3.000      3.000
     Y35                   2.760       0.248      -3.000    1.00%       0.000      2.000      3.000
             100.000       6.462      -0.120      10.000    1.00%       3.000      5.000
     Y16                   1.640       0.172      -4.000    1.00%       0.000      1.000      2.000
             100.000       4.570       0.600       9.000    1.00%       2.000      3.000
     Y26                   2.120       0.152      -1.000    1.00%       1.000      2.000      2.000
             100.000       2.246      -0.640       6.000    1.00%       2.000      4.000
     Y36                   2.560       0.244      -3.000    2.00%       0.000      2.000      3.000
             100.000       6.386       0.205      11.000    1.00%       3.000      5.000
     Y17                   1.870       0.569      -3.000    2.00%       0.000      1.000      1.500
             100.000       3.813       0.508       8.000    1.00%       2.000      4.000
     Y27                   2.310       0.437       0.000   10.00%       1.000      2.000      2.000
             100.000       2.194      -0.338       6.000    3.00%       3.000      4.000
     Y37                   3.060       0.335      -3.000    1.00%       1.000      2.000      3.000
             100.000       6.496      -0.057      10.000    1.00%       4.000      5.000
     Y18                   1.700       0.203      -3.000    2.00%       0.000      1.000      2.000
             100.000       3.190       0.025       6.000    3.00%       2.000      3.000
     Y28                   2.280       0.335       0.000   16.00%       1.000      2.000      2.000
             100.000       2.362      -0.145       7.000    1.00%       3.000      3.000
     Y38                   3.130      -0.200      -4.000    1.00%       1.000      2.000      3.000
             100.000       5.413      -0.008       8.000    2.00%       4.000      5.000
     Y19                   1.720       0.421      -3.000    1.00%       0.000      1.000      2.000
             100.000       3.462       0.246       7.000    1.00%       2.000      3.000
     Y29                   2.270       0.572       0.000   16.00%       1.000      2.000      2.000
             100.000       2.657      -0.013       7.000    1.00%       3.000      3.000
     Y39                   2.980       0.254      -2.000    2.00%       1.000      3.000      3.000
             100.000       5.100       0.222      10.000    1.00%       4.000      5.000
     Y110                  1.860       0.053      -3.000    1.00%       0.000      1.000      2.000
             100.000       3.860      -0.516       6.000    4.00%       2.000      4.000
     Y210                  2.370      -0.204      -1.000    3.00%       1.000      2.000      2.500
             100.000       1.993      -0.130       6.000    1.00%       3.000      3.000
     Y310                  2.670      -0.018      -4.000    1.00%       0.000      2.000      3.000
             100.000       6.201      -0.255       8.000    3.00%       3.000      4.000
     Y111                  1.890      -0.023      -4.000    1.00%       0.000      1.000      2.000
             100.000       4.718      -0.166       7.000    3.00%       3.000      4.000
     Y211                  2.330      -0.092       0.000   14.00%       1.000      2.000      2.000
             100.000       1.941      -0.702       5.000    6.00%       3.000      3.000
     Y311                  2.820       0.131      -3.000    1.00%       0.000      2.000      3.000
             100.000       6.048      -0.600       8.000    3.00%       3.000      5.000
     Y112                  1.630       0.546      -2.000    4.00%       0.000      1.000      1.000
             100.000       3.473       0.340       8.000    1.00%       2.000      3.000
     Y212                  2.240       0.619       0.000   12.00%       1.000      2.000      2.000
             100.000       2.162       0.734       7.000    2.00%       2.000      3.000
     Y312                  2.670       0.495      -2.000    2.00%       0.000      2.000      2.000
             100.000       5.761      -0.163      10.000    1.00%       3.000      5.000
     Y113                  1.620       0.307      -3.000    1.00%       0.000      1.000      2.000
             100.000       3.836       0.112       8.000    1.00%       2.000      3.000
     Y213                  2.180       0.683      -1.000    2.00%       1.000      2.000      2.000
             100.000       2.968       0.669       8.000    1.00%       3.000      3.000
     Y313                  2.710      -0.232      -5.000    1.00%       0.000      2.000      3.000
             100.000       6.466       0.024       8.000    2.00%       3.000      5.000
     Y114                  1.860       0.377      -3.000    2.00%       0.000      1.000      1.500
             100.000       4.360       0.100       8.000    1.00%       2.000      4.000
     Y214                  2.170       0.385       0.000   17.00%       1.000      2.000      2.000
             100.000       2.421      -0.406       7.000    1.00%       2.000      4.000
     Y314                  2.930       0.179      -5.000    1.00%       0.000      2.000      3.000
             100.000       8.465      -0.127      10.000    1.00%       4.000      5.000
     Y115                  1.530       0.489      -1.000    6.00%       0.000      0.000      1.000
             100.000       2.969      -0.896       6.000    1.00%       2.000      3.000
     Y215                  2.170       0.286      -1.000    1.00%       0.000      2.000      2.000
             100.000       2.781      -0.721       6.000    3.00%       3.000      4.000
     Y315                  2.440       0.120      -3.000    2.00%       0.000      1.000      3.000
             100.000       6.426      -0.861       8.000    1.00%       3.000      5.000


THE MODEL ESTIMATION TERMINATED NORMALLY



MODEL FIT INFORMATION

Number of Free Parameters                       15

Loglikelihood

          H0 Value                       -7819.968
          H1 Value                       -7202.184

Information Criteria

          Akaike (AIC)                   15669.936
          Bayesian (BIC)                 15709.014
          Sample-Size Adjusted BIC       15661.640
            (n* = (n + 2) / 24)

Chi-Square Test of Model Fit

          Value                           1235.567
          Degrees of Freedom                  1065
          P-Value                           0.0002

RMSEA (Root Mean Square Error Of Approximation)

          Estimate                           0.040
          90 Percent C.I.                    0.029  0.050
          Probability RMSEA <= .05           0.957

CFI/TLI

          CFI                                0.950
          TLI                                0.953

Chi-Square Test of Model Fit for the Baseline Model

          Value                           4393.816
          Degrees of Freedom                   990
          P-Value                           0.0000

SRMR (Standardized Root Mean Square Residual)

          Value                              0.088



MODEL RESULTS

                                                    Two-Tailed
                    Estimate       S.E.  Est./S.E.    P-Value

 CS1      BY
    Y11                1.000      0.000    999.000    999.000
    Y21                0.579      0.024     24.266      0.000
    Y31                1.377      0.054     25.342      0.000

 CS2      BY
    Y12                1.000      0.000    999.000    999.000
    Y22                0.579      0.024     24.266      0.000
    Y32                1.377      0.054     25.342      0.000

 CS3      BY
    Y13                1.000      0.000    999.000    999.000
    Y23                0.579      0.024     24.266      0.000
    Y33                1.377      0.054     25.342      0.000

 CS4      BY
    Y14                1.000      0.000    999.000    999.000
    Y24                0.579      0.024     24.266      0.000
    Y34                1.377      0.054     25.342      0.000

 CS5      BY
    Y15                1.000      0.000    999.000    999.000
    Y25                0.579      0.024     24.266      0.000
    Y35                1.377      0.054     25.342      0.000

 CS6      BY
    Y16                1.000      0.000    999.000    999.000
    Y26                0.579      0.024     24.266      0.000
    Y36                1.377      0.054     25.342      0.000

 CS7      BY
    Y17                1.000      0.000    999.000    999.000
    Y27                0.579      0.024     24.266      0.000
    Y37                1.377      0.054     25.342      0.000

 CS8      BY
    Y18                1.000      0.000    999.000    999.000
    Y28                0.579      0.024     24.266      0.000
    Y38                1.377      0.054     25.342      0.000

 CS9      BY
    Y19                1.000      0.000    999.000    999.000
    Y29                0.579      0.024     24.266      0.000
    Y39                1.377      0.054     25.342      0.000

 CS10     BY
    Y110               1.000      0.000    999.000    999.000
    Y210               0.579      0.024     24.266      0.000
    Y310               1.377      0.054     25.342      0.000

 CS11     BY
    Y111               1.000      0.000    999.000    999.000
    Y211               0.579      0.024     24.266      0.000
    Y311               1.377      0.054     25.342      0.000

 CS12     BY
    Y112               1.000      0.000    999.000    999.000
    Y212               0.579      0.024     24.266      0.000
    Y312               1.377      0.054     25.342      0.000

 CS13     BY
    Y113               1.000      0.000    999.000    999.000
    Y213               0.579      0.024     24.266      0.000
    Y313               1.377      0.054     25.342      0.000

 CS14     BY
    Y114               1.000      0.000    999.000    999.000
    Y214               0.579      0.024     24.266      0.000
    Y314               1.377      0.054     25.342      0.000

 CS15     BY
    Y115               1.000      0.000    999.000    999.000
    Y215               0.579      0.024     24.266      0.000
    Y315               1.377      0.054     25.342      0.000

 CT       BY
    Y11                1.000      0.000    999.000    999.000
    Y21                0.713      0.130      5.478      0.000
    Y31                1.253      0.187      6.716      0.000
    Y12                1.000      0.000    999.000    999.000
    Y22                0.713      0.130      5.478      0.000
    Y32                1.253      0.187      6.716      0.000
    Y13                1.000      0.000    999.000    999.000
    Y23                0.713      0.130      5.478      0.000
    Y33                1.253      0.187      6.716      0.000
    Y14                1.000      0.000    999.000    999.000
    Y24                0.713      0.130      5.478      0.000
    Y34                1.253      0.187      6.716      0.000
    Y15                1.000      0.000    999.000    999.000
    Y25                0.713      0.130      5.478      0.000
    Y35                1.253      0.187      6.716      0.000
    Y16                1.000      0.000    999.000    999.000
    Y26                0.713      0.130      5.478      0.000
    Y36                1.253      0.187      6.716      0.000
    Y17                1.000      0.000    999.000    999.000
    Y27                0.713      0.130      5.478      0.000
    Y37                1.253      0.187      6.716      0.000
    Y18                1.000      0.000    999.000    999.000
    Y28                0.713      0.130      5.478      0.000
    Y38                1.253      0.187      6.716      0.000
    Y19                1.000      0.000    999.000    999.000
    Y29                0.713      0.130      5.478      0.000
    Y39                1.253      0.187      6.716      0.000
    Y110               1.000      0.000    999.000    999.000
    Y210               0.713      0.130      5.478      0.000
    Y310               1.253      0.187      6.716      0.000
    Y111               1.000      0.000    999.000    999.000
    Y211               0.713      0.130      5.478      0.000
    Y311               1.253      0.187      6.716      0.000
    Y112               1.000      0.000    999.000    999.000
    Y212               0.713      0.130      5.478      0.000
    Y312               1.253      0.187      6.716      0.000
    Y113               1.000      0.000    999.000    999.000
    Y213               0.713      0.130      5.478      0.000
    Y313               1.253      0.187      6.716      0.000
    Y114               1.000      0.000    999.000    999.000
    Y214               0.713      0.130      5.478      0.000
    Y314               1.253      0.187      6.716      0.000
    Y115               1.000      0.000    999.000    999.000
    Y215               0.713      0.130      5.478      0.000
    Y315               1.253      0.187      6.716      0.000

 UT1      BY
    Y11                1.000      0.000    999.000    999.000
    Y12                1.000      0.000    999.000    999.000
    Y13                1.000      0.000    999.000    999.000
    Y14                1.000      0.000    999.000    999.000
    Y15                1.000      0.000    999.000    999.000
    Y16                1.000      0.000    999.000    999.000
    Y17                1.000      0.000    999.000    999.000
    Y18                1.000      0.000    999.000    999.000
    Y19                1.000      0.000    999.000    999.000
    Y110               1.000      0.000    999.000    999.000
    Y111               1.000      0.000    999.000    999.000
    Y112               1.000      0.000    999.000    999.000
    Y113               1.000      0.000    999.000    999.000
    Y114               1.000      0.000    999.000    999.000
    Y115               1.000      0.000    999.000    999.000

 UT2      BY
    Y21                1.000      0.000    999.000    999.000
    Y22                1.000      0.000    999.000    999.000
    Y23                1.000      0.000    999.000    999.000
    Y24                1.000      0.000    999.000    999.000
    Y25                1.000      0.000    999.000    999.000
    Y26                1.000      0.000    999.000    999.000
    Y27                1.000      0.000    999.000    999.000
    Y28                1.000      0.000    999.000    999.000
    Y29                1.000      0.000    999.000    999.000
    Y210               1.000      0.000    999.000    999.000
    Y211               1.000      0.000    999.000    999.000
    Y212               1.000      0.000    999.000    999.000
    Y213               1.000      0.000    999.000    999.000
    Y214               1.000      0.000    999.000    999.000
    Y215               1.000      0.000    999.000    999.000

 UT3      BY
    Y31                1.000      0.000    999.000    999.000
    Y32                1.000      0.000    999.000    999.000
    Y33                1.000      0.000    999.000    999.000
    Y34                1.000      0.000    999.000    999.000
    Y35                1.000      0.000    999.000    999.000
    Y36                1.000      0.000    999.000    999.000
    Y37                1.000      0.000    999.000    999.000
    Y38                1.000      0.000    999.000    999.000
    Y39                1.000      0.000    999.000    999.000
    Y310               1.000      0.000    999.000    999.000
    Y311               1.000      0.000    999.000    999.000
    Y312               1.000      0.000    999.000    999.000
    Y313               1.000      0.000    999.000    999.000
    Y314               1.000      0.000    999.000    999.000
    Y315               1.000      0.000    999.000    999.000

 CS1      WITH
    CS2                0.000      0.000    999.000    999.000
    CS3                0.000      0.000    999.000    999.000
    CS4                0.000      0.000    999.000    999.000
    CS5                0.000      0.000    999.000    999.000
    CS6                0.000      0.000    999.000    999.000
    CS7                0.000      0.000    999.000    999.000
    CS8                0.000      0.000    999.000    999.000
    CS9                0.000      0.000    999.000    999.000
    CS10               0.000      0.000    999.000    999.000
    CS11               0.000      0.000    999.000    999.000
    CS12               0.000      0.000    999.000    999.000
    CS13               0.000      0.000    999.000    999.000
    CS14               0.000      0.000    999.000    999.000
    CS15               0.000      0.000    999.000    999.000
    UT1                0.000      0.000    999.000    999.000
    UT2                0.000      0.000    999.000    999.000
    UT3                0.000      0.000    999.000    999.000
    CT                 0.000      0.000    999.000    999.000

 CS2      WITH
    CS3                0.000      0.000    999.000    999.000
    CS4                0.000      0.000    999.000    999.000
    CS5                0.000      0.000    999.000    999.000
    CS6                0.000      0.000    999.000    999.000
    CS7                0.000      0.000    999.000    999.000
    CS8                0.000      0.000    999.000    999.000
    CS9                0.000      0.000    999.000    999.000
    CS10               0.000      0.000    999.000    999.000
    CS11               0.000      0.000    999.000    999.000
    CS12               0.000      0.000    999.000    999.000
    CS13               0.000      0.000    999.000    999.000
    CS14               0.000      0.000    999.000    999.000
    CS15               0.000      0.000    999.000    999.000
    UT1                0.000      0.000    999.000    999.000
    UT2                0.000      0.000    999.000    999.000
    UT3                0.000      0.000    999.000    999.000
    CT                 0.000      0.000    999.000    999.000

 CS3      WITH
    CS4                0.000      0.000    999.000    999.000
    CS5                0.000      0.000    999.000    999.000
    CS6                0.000      0.000    999.000    999.000
    CS7                0.000      0.000    999.000    999.000
    CS8                0.000      0.000    999.000    999.000
    CS9                0.000      0.000    999.000    999.000
    CS10               0.000      0.000    999.000    999.000
    CS11               0.000      0.000    999.000    999.000
    CS12               0.000      0.000    999.000    999.000
    CS13               0.000      0.000    999.000    999.000
    CS14               0.000      0.000    999.000    999.000
    CS15               0.000      0.000    999.000    999.000
    UT1                0.000      0.000    999.000    999.000
    UT2                0.000      0.000    999.000    999.000
    UT3                0.000      0.000    999.000    999.000
    CT                 0.000      0.000    999.000    999.000

 CS4      WITH
    CS5                0.000      0.000    999.000    999.000
    CS6                0.000      0.000    999.000    999.000
    CS7                0.000      0.000    999.000    999.000
    CS8                0.000      0.000    999.000    999.000
    CS9                0.000      0.000    999.000    999.000
    CS10               0.000      0.000    999.000    999.000
    CS11               0.000      0.000    999.000    999.000
    CS12               0.000      0.000    999.000    999.000
    CS13               0.000      0.000    999.000    999.000
    CS14               0.000      0.000    999.000    999.000
    CS15               0.000      0.000    999.000    999.000
    UT1                0.000      0.000    999.000    999.000
    UT2                0.000      0.000    999.000    999.000
    UT3                0.000      0.000    999.000    999.000
    CT                 0.000      0.000    999.000    999.000

 CS5      WITH
    CS6                0.000      0.000    999.000    999.000
    CS7                0.000      0.000    999.000    999.000
    CS8                0.000      0.000    999.000    999.000
    CS9                0.000      0.000    999.000    999.000
    CS10               0.000      0.000    999.000    999.000
    CS11               0.000      0.000    999.000    999.000
    CS12               0.000      0.000    999.000    999.000
    CS13               0.000      0.000    999.000    999.000
    CS14               0.000      0.000    999.000    999.000
    CS15               0.000      0.000    999.000    999.000
    UT1                0.000      0.000    999.000    999.000
    UT2                0.000      0.000    999.000    999.000
    UT3                0.000      0.000    999.000    999.000
    CT                 0.000      0.000    999.000    999.000

 CS6      WITH
    CS7                0.000      0.000    999.000    999.000
    CS8                0.000      0.000    999.000    999.000
    CS9                0.000      0.000    999.000    999.000
    CS10               0.000      0.000    999.000    999.000
    CS11               0.000      0.000    999.000    999.000
    CS12               0.000      0.000    999.000    999.000
    CS13               0.000      0.000    999.000    999.000
    CS14               0.000      0.000    999.000    999.000
    CS15               0.000      0.000    999.000    999.000
    UT1                0.000      0.000    999.000    999.000
    UT2                0.000      0.000    999.000    999.000
    UT3                0.000      0.000    999.000    999.000
    CT                 0.000      0.000    999.000    999.000

 CS7      WITH
    CS8                0.000      0.000    999.000    999.000
    CS9                0.000      0.000    999.000    999.000
    CS10               0.000      0.000    999.000    999.000
    CS11               0.000      0.000    999.000    999.000
    CS12               0.000      0.000    999.000    999.000
    CS13               0.000      0.000    999.000    999.000
    CS14               0.000      0.000    999.000    999.000
    CS15               0.000      0.000    999.000    999.000
    UT1                0.000      0.000    999.000    999.000
    UT2                0.000      0.000    999.000    999.000
    UT3                0.000      0.000    999.000    999.000
    CT                 0.000      0.000    999.000    999.000

 CS8      WITH
    CS9                0.000      0.000    999.000    999.000
    CS10               0.000      0.000    999.000    999.000
    CS11               0.000      0.000    999.000    999.000
    CS12               0.000      0.000    999.000    999.000
    CS13               0.000      0.000    999.000    999.000
    CS14               0.000      0.000    999.000    999.000
    CS15               0.000      0.000    999.000    999.000
    UT1                0.000      0.000    999.000    999.000
    UT2                0.000      0.000    999.000    999.000
    UT3                0.000      0.000    999.000    999.000
    CT                 0.000      0.000    999.000    999.000

 CS9      WITH
    CS10               0.000      0.000    999.000    999.000
    CS11               0.000      0.000    999.000    999.000
    CS12               0.000      0.000    999.000    999.000
    CS13               0.000      0.000    999.000    999.000
    CS14               0.000      0.000    999.000    999.000
    CS15               0.000      0.000    999.000    999.000
    UT1                0.000      0.000    999.000    999.000
    UT2                0.000      0.000    999.000    999.000
    UT3                0.000      0.000    999.000    999.000
    CT                 0.000      0.000    999.000    999.000

 CS10     WITH
    CS11               0.000      0.000    999.000    999.000
    CS12               0.000      0.000    999.000    999.000
    CS13               0.000      0.000    999.000    999.000
    CS14               0.000      0.000    999.000    999.000
    CS15               0.000      0.000    999.000    999.000
    UT1                0.000      0.000    999.000    999.000
    UT2                0.000      0.000    999.000    999.000
    UT3                0.000      0.000    999.000    999.000
    CT                 0.000      0.000    999.000    999.000

 CS11     WITH
    CS12               0.000      0.000    999.000    999.000
    CS13               0.000      0.000    999.000    999.000
    CS14               0.000      0.000    999.000    999.000
    CS15               0.000      0.000    999.000    999.000
    UT1                0.000      0.000    999.000    999.000
    UT2                0.000      0.000    999.000    999.000
    UT3                0.000      0.000    999.000    999.000
    CT                 0.000      0.000    999.000    999.000

 CS12     WITH
    CS13               0.000      0.000    999.000    999.000
    CS14               0.000      0.000    999.000    999.000
    CS15               0.000      0.000    999.000    999.000
    UT1                0.000      0.000    999.000    999.000
    UT2                0.000      0.000    999.000    999.000
    UT3                0.000      0.000    999.000    999.000
    CT                 0.000      0.000    999.000    999.000

 CS13     WITH
    CS14               0.000      0.000    999.000    999.000
    CS15               0.000      0.000    999.000    999.000
    UT1                0.000      0.000    999.000    999.000
    UT2                0.000      0.000    999.000    999.000
    UT3                0.000      0.000    999.000    999.000
    CT                 0.000      0.000    999.000    999.000

 CS14     WITH
    CS15               0.000      0.000    999.000    999.000
    UT1                0.000      0.000    999.000    999.000
    UT2                0.000      0.000    999.000    999.000
    UT3                0.000      0.000    999.000    999.000
    CT                 0.000      0.000    999.000    999.000

 CS15     WITH
    UT1                0.000      0.000    999.000    999.000
    UT2                0.000      0.000    999.000    999.000
    UT3                0.000      0.000    999.000    999.000
    CT                 0.000      0.000    999.000    999.000

 UT1      WITH
    UT2                0.000      0.000    999.000    999.000
    UT3                0.000      0.000    999.000    999.000
    CT                 0.000      0.000    999.000    999.000

 UT2      WITH
    UT3                0.000      0.000    999.000    999.000
    CT                 0.000      0.000    999.000    999.000

 UT3      WITH
    CT                 0.000      0.000    999.000    999.000

 Intercepts
    Y11                1.719      0.121     14.207      0.000
    Y21                2.252      0.118     19.100      0.000
    Y31                2.790      0.145     19.244      0.000
    Y12                1.719      0.121     14.207      0.000
    Y22                2.252      0.118     19.100      0.000
    Y32                2.790      0.145     19.244      0.000
    Y13                1.719      0.121     14.207      0.000
    Y23                2.252      0.118     19.100      0.000
    Y33                2.790      0.145     19.244      0.000
    Y14                1.719      0.121     14.207      0.000
    Y24                2.252      0.118     19.100      0.000
    Y34                2.790      0.145     19.244      0.000
    Y15                1.719      0.121     14.207      0.000
    Y25                2.252      0.118     19.100      0.000
    Y35                2.790      0.145     19.244      0.000
    Y16                1.719      0.121     14.207      0.000
    Y26                2.252      0.118     19.100      0.000
    Y36                2.790      0.145     19.244      0.000
    Y17                1.719      0.121     14.207      0.000
    Y27                2.252      0.118     19.100      0.000
    Y37                2.790      0.145     19.244      0.000
    Y18                1.719      0.121     14.207      0.000
    Y28                2.252      0.118     19.100      0.000
    Y38                2.790      0.145     19.244      0.000
    Y19                1.719      0.121     14.207      0.000
    Y29                2.252      0.118     19.100      0.000
    Y39                2.790      0.145     19.244      0.000
    Y110               1.719      0.121     14.207      0.000
    Y210               2.252      0.118     19.100      0.000
    Y310               2.790      0.145     19.244      0.000
    Y111               1.719      0.121     14.207      0.000
    Y211               2.252      0.118     19.100      0.000
    Y311               2.790      0.145     19.244      0.000
    Y112               1.719      0.121     14.207      0.000
    Y212               2.252      0.118     19.100      0.000
    Y312               2.790      0.145     19.244      0.000
    Y113               1.719      0.121     14.207      0.000
    Y213               2.252      0.118     19.100      0.000
    Y313               2.790      0.145     19.244      0.000
    Y114               1.719      0.121     14.207      0.000
    Y214               2.252      0.118     19.100      0.000
    Y314               2.790      0.145     19.244      0.000
    Y115               1.719      0.121     14.207      0.000
    Y215               2.252      0.118     19.100      0.000
    Y315               2.790      0.145     19.244      0.000

 Variances
    CS1                1.587      0.101     15.701      0.000
    CS2                1.587      0.101     15.701      0.000
    CS3                1.587      0.101     15.701      0.000
    CS4                1.587      0.101     15.701      0.000
    CS5                1.587      0.101     15.701      0.000
    CS6                1.587      0.101     15.701      0.000
    CS7                1.587      0.101     15.701      0.000
    CS8                1.587      0.101     15.701      0.000
    CS9                1.587      0.101     15.701      0.000
    CS10               1.587      0.101     15.701      0.000
    CS11               1.587      0.101     15.701      0.000
    CS12               1.587      0.101     15.701      0.000
    CS13               1.587      0.101     15.701      0.000
    CS14               1.587      0.101     15.701      0.000
    CS15               1.587      0.101     15.701      0.000
    CT                 0.933      0.229      4.070      0.000
    UT1                0.364      0.131      2.789      0.005
    UT2                0.846      0.138      6.122      0.000
    UT3                0.332      0.193      1.723      0.085

 Residual Variances
    Y11                0.911      0.061     15.029      0.000
    Y21                0.525      0.026     20.233      0.000
    Y31                1.575      0.112     14.088      0.000
    Y12                0.911      0.061     15.029      0.000
    Y22                0.525      0.026     20.233      0.000
    Y32                1.575      0.112     14.088      0.000
    Y13                0.911      0.061     15.029      0.000
    Y23                0.525      0.026     20.233      0.000
    Y33                1.575      0.112     14.088      0.000
    Y14                0.911      0.061     15.029      0.000
    Y24                0.525      0.026     20.233      0.000
    Y34                1.575      0.112     14.088      0.000
    Y15                0.911      0.061     15.029      0.000
    Y25                0.525      0.026     20.233      0.000
    Y35                1.575      0.112     14.088      0.000
    Y16                0.911      0.061     15.029      0.000
    Y26                0.525      0.026     20.233      0.000
    Y36                1.575      0.112     14.088      0.000
    Y17                0.911      0.061     15.029      0.000
    Y27                0.525      0.026     20.233      0.000
    Y37                1.575      0.112     14.088      0.000
    Y18                0.911      0.061     15.029      0.000
    Y28                0.525      0.026     20.233      0.000
    Y38                1.575      0.112     14.088      0.000
    Y19                0.911      0.061     15.029      0.000
    Y29                0.525      0.026     20.233      0.000
    Y39                1.575      0.112     14.088      0.000
    Y110               0.911      0.061     15.029      0.000
    Y210               0.525      0.026     20.233      0.000
    Y310               1.575      0.112     14.088      0.000
    Y111               0.911      0.061     15.029      0.000
    Y211               0.525      0.026     20.233      0.000
    Y311               1.575      0.112     14.088      0.000
    Y112               0.911      0.061     15.029      0.000
    Y212               0.525      0.026     20.233      0.000
    Y312               1.575      0.112     14.088      0.000
    Y113               0.911      0.061     15.029      0.000
    Y213               0.525      0.026     20.233      0.000
    Y313               1.575      0.112     14.088      0.000
    Y114               0.911      0.061     15.029      0.000
    Y214               0.525      0.026     20.233      0.000
    Y314               1.575      0.112     14.088      0.000
    Y115               0.911      0.061     15.029      0.000
    Y215               0.525      0.026     20.233      0.000
    Y315               1.575      0.112     14.088      0.000


QUALITY OF NUMERICAL RESULTS

     Condition Number for the Information Matrix              0.294E-02
       (ratio of smallest to largest eigenvalue)


     Beginning Time:  14:45:01
        Ending Time:  14:45:03
       Elapsed Time:  00:00:02



MUTHEN & MUTHEN
3463 Stoner Ave.
Los Angeles, CA  90066

Tel: (310) 391-9971
Fax: (310) 391-8971
Web: www.StatModel.com
Support: Support@StatModel.com

Copyright (c) 1998-2017 Muthen & Muthen
