Mplus VERSION 8
MUTHEN & MUTHEN
02/19/2019  12:21 AM

INPUT INSTRUCTIONS

  TITLE: Your title goes here
  DATA: FILE = "Mplus_files_Results/cuts_long_trunc_n500_i5_nt90_na0.dat";
  VARIABLE:
  NAMES = subjn time y1 y2 y3 y4 y5;
  MISSING=.;
  USEVAR = y1
  y2
  y3
  y4
  y5 ;
  CLUSTER = subjn ;

  ANALYSIS:
  TYPE = TWOLEVEL ;
  ESTIMATOR = ML ;
  ITERATIONS = 50000 ;
  H1ITERATIONS = 50000 ;


  MODEL:

  %WITHIN%

  ! common states
  CS BY y1@1
  y2 (lcs2)
  y3 (lcs3)
  y4 (lcs4)
  y5 (lcs5) ;

  %BETWEEN%

  ! common trait
  CT BY y1@1
  y2 (lct2)
  y3 (lct3)
  y4 (lct4)
  y5 (lct5) ;



INPUT READING TERMINATED NORMALLY



Your title goes here

SUMMARY OF ANALYSIS

Number of groups                                                 1
Number of observations                                       45000

Number of dependent variables                                    5
Number of independent variables                                  0
Number of continuous latent variables                            2

Observed dependent variables

  Continuous
   Y1          Y2          Y3          Y4          Y5

Continuous latent variables
   CS          CT

Variables with special functions

  Cluster variable      SUBJN

Estimator                                                       ML
Information matrix                                        OBSERVED
Maximum number of iterations                                 50000
Convergence criterion                                    0.100D-05
Maximum number of EM iterations                                500
Convergence criteria for the EM algorithm
  Loglikelihood change                                   0.100D-02
  Relative loglikelihood change                          0.100D-05
  Derivative                                             0.100D-03
Minimum variance                                         0.100D-03
Maximum number of steepest descent iterations                   20
Maximum number of iterations for H1                          50000
Convergence criterion for H1                             0.100D-03
Optimization algorithm                                         EMA

Input data file(s)
  Mplus_files_Results/cuts_long_trunc_n500_i5_nt90_na0.dat
Input data format  FREE


SUMMARY OF DATA

     Number of missing data patterns             1
     Number of clusters                        500

     Average cluster size       90.000

     Estimated Intraclass Correlations for the Y Variables

                Intraclass              Intraclass              Intraclass
     Variable  Correlation   Variable  Correlation   Variable  Correlation

     Y1           0.367      Y2           0.645      Y3           0.306
     Y4           0.456      Y5           0.363



COVARIANCE COVERAGE OF DATA

Minimum covariance coverage value   0.100


     PROPORTION OF DATA PRESENT


           Covariance Coverage
              Y1            Y2            Y3            Y4            Y5
              ________      ________      ________      ________      ________
 Y1             1.000
 Y2             1.000         1.000
 Y3             1.000         1.000         1.000
 Y4             1.000         1.000         1.000         1.000
 Y5             1.000         1.000         1.000         1.000         1.000



UNIVARIATE SAMPLE STATISTICS


     UNIVARIATE HIGHER-ORDER MOMENT DESCRIPTIVE STATISTICS

         Variable/         Mean/     Skewness/   Minimum/ % with                Percentiles
        Sample Size      Variance    Kurtosis    Maximum  Min/Max      20%/60%    40%/80%    Median

     Y1                    1.718       0.368      -7.000    0.01%       0.000      1.000      2.000
           45000.000       3.911       0.187      10.000    0.01%       2.000      3.000
     Y2                    2.130       0.310      -4.000    0.00%       1.000      2.000      2.000
           45000.000       2.677      -0.259       9.000    0.00%       3.000      4.000
     Y3                    2.707       0.276      -8.000    0.00%       0.000      2.000      3.000
           45000.000       6.204      -0.051      14.000    0.00%       3.000      5.000
     Y4                    3.021       0.208      -4.000    0.02%       1.000      2.000      3.000
           45000.000       3.705      -0.195      12.000    0.00%       3.000      5.000
     Y5                    3.594       0.211      -5.000    0.01%       2.000      3.000      4.000
           45000.000       5.399      -0.202      14.000    0.00%       4.000      6.000


THE MODEL ESTIMATION TERMINATED NORMALLY



MODEL FIT INFORMATION

Number of Free Parameters                       25

Loglikelihood

          H0 Value                     -364735.487
          H1 Value                     -364722.992

Information Criteria

          Akaike (AIC)                  729520.973
          Bayesian (BIC)                729738.834
          Sample-Size Adjusted BIC      729659.383
            (n* = (n + 2) / 24)

Chi-Square Test of Model Fit

          Value                             24.989
          Degrees of Freedom                    10
          P-Value                           0.0054

RMSEA (Root Mean Square Error Of Approximation)

          Estimate                           0.006

CFI/TLI

          CFI                                1.000
          TLI                                1.000

Chi-Square Test of Model Fit for the Baseline Model

          Value                         110862.738
          Degrees of Freedom                    20
          P-Value                           0.0000

SRMR (Standardized Root Mean Square Residual)

          Value for Within                   0.001
          Value for Between                  0.016



MODEL RESULTS

                                                    Two-Tailed
                    Estimate       S.E.  Est./S.E.    P-Value

Within Level

 CS       BY
    Y1                 1.000      0.000    999.000    999.000
    Y2                 0.517      0.004    143.122      0.000
    Y3                 1.359      0.007    183.099      0.000
    Y4                 0.868      0.005    168.994      0.000
    Y5                 1.192      0.007    179.135      0.000

 Variances
    CS                 1.568      0.016     96.631      0.000

 Residual Variances
    Y1                 0.906      0.008    115.042      0.000
    Y2                 0.530      0.004    133.838      0.000
    Y3                 1.410      0.013    108.644      0.000
    Y4                 0.836      0.007    121.501      0.000
    Y5                 1.210      0.011    112.842      0.000

Between Level

 CT       BY
    Y1                 1.000      0.000    999.000    999.000
    Y2                 0.904      0.050     18.246      0.000
    Y3                 1.249      0.043     28.811      0.000
    Y4                 0.970      0.047     20.558      0.000
    Y5                 1.183      0.047     25.203      0.000

 Intercepts
    Y1                 1.718      0.054     31.750      0.000
    Y2                 2.130      0.059     36.129      0.000
    Y3                 2.707      0.062     43.378      0.000
    Y4                 3.021      0.058     51.644      0.000
    Y5                 3.594      0.063     56.825      0.000

 Variances
    CT                 1.063      0.091     11.659      0.000

 Residual Variances
    Y1                 0.374      0.030     12.357      0.000
    Y2                 0.858      0.060     14.405      0.000
    Y3                 0.242      0.030      8.018      0.000
    Y4                 0.688      0.049     14.033      0.000
    Y5                 0.474      0.040     11.883      0.000


QUALITY OF NUMERICAL RESULTS

     Condition Number for the Information Matrix              0.132E-03
       (ratio of smallest to largest eigenvalue)


     Beginning Time:  00:21:59
        Ending Time:  00:22:02
       Elapsed Time:  00:00:03



MUTHEN & MUTHEN
3463 Stoner Ave.
Los Angeles, CA  90066

Tel: (310) 391-9971
Fax: (310) 391-8971
Web: www.StatModel.com
Support: Support@StatModel.com

Copyright (c) 1998-2017 Muthen & Muthen
