Mplus VERSION 8
MUTHEN & MUTHEN
02/16/2019   4:23 AM

INPUT INSTRUCTIONS

  TITLE: Your title goes here
  DATA: FILE = "Mplus_files_Results/cuts_long_n50_i4_nt15_na0.dat";
  VARIABLE:
  NAMES = subjn time y1 y2 y3 y4;
  MISSING=.;
  USEVAR = y1
  y2
  y3
  y4 ;
  CLUSTER = subjn ;

  ANALYSIS:
  TYPE = TWOLEVEL ;
  ESTIMATOR = ML ;
  ITERATIONS = 50000 ;
  H1ITERATIONS = 50000 ;


  MODEL:

  %WITHIN%

  ! common states
  CS BY y1@1
  y2 (lcs2)
  y3 (lcs3)
  y4 (lcs4) ;

  %BETWEEN%

  ! common trait
  CT BY y1@1
  y2 (lct2)
  y3 (lct3)
  y4 (lct4) ;



INPUT READING TERMINATED NORMALLY



Your title goes here

SUMMARY OF ANALYSIS

Number of groups                                                 1
Number of observations                                         750

Number of dependent variables                                    4
Number of independent variables                                  0
Number of continuous latent variables                            2

Observed dependent variables

  Continuous
   Y1          Y2          Y3          Y4

Continuous latent variables
   CS          CT

Variables with special functions

  Cluster variable      SUBJN

Estimator                                                       ML
Information matrix                                        OBSERVED
Maximum number of iterations                                 50000
Convergence criterion                                    0.100D-05
Maximum number of EM iterations                                500
Convergence criteria for the EM algorithm
  Loglikelihood change                                   0.100D-02
  Relative loglikelihood change                          0.100D-05
  Derivative                                             0.100D-03
Minimum variance                                         0.100D-03
Maximum number of steepest descent iterations                   20
Maximum number of iterations for H1                          50000
Convergence criterion for H1                             0.100D-03
Optimization algorithm                                         EMA

Input data file(s)
  Mplus_files_Results/cuts_long_n50_i4_nt15_na0.dat
Input data format  FREE


SUMMARY OF DATA

     Number of missing data patterns             1
     Number of clusters                         50

     Average cluster size       15.000

     Estimated Intraclass Correlations for the Y Variables

                Intraclass              Intraclass              Intraclass
     Variable  Correlation   Variable  Correlation   Variable  Correlation

     Y1           0.375      Y2           0.672      Y3           0.314
     Y4           0.403



COVARIANCE COVERAGE OF DATA

Minimum covariance coverage value   0.100


     PROPORTION OF DATA PRESENT


           Covariance Coverage
              Y1            Y2            Y3            Y4
              ________      ________      ________      ________
 Y1             1.000
 Y2             1.000         1.000
 Y3             1.000         1.000         1.000
 Y4             1.000         1.000         1.000         1.000



UNIVARIATE SAMPLE STATISTICS


     UNIVARIATE HIGHER-ORDER MOMENT DESCRIPTIVE STATISTICS

         Variable/         Mean/     Skewness/   Minimum/ % with                Percentiles
        Sample Size      Variance    Kurtosis    Maximum  Min/Max      20%/60%    40%/80%    Median

     Y1                    2.213      -0.009      -4.057    0.13%       0.234      1.602      2.220
             750.000       5.045      -0.195       9.107    0.13%       2.874      4.143
     Y2                    2.283      -0.049      -2.535    0.13%       0.822      1.831      2.319
             750.000       2.873      -0.332       7.913    0.13%       2.792      3.729
     Y3                    3.112      -0.077      -5.242    0.13%       0.817      2.394      3.125
             750.000       7.483      -0.352       9.934    0.13%       3.840      5.533
     Y4                    3.565       0.014      -2.086    0.13%       1.958      3.119      3.573
             750.000       3.589       0.092       9.960    0.13%       3.994      5.161


THE MODEL ESTIMATION TERMINATED NORMALLY

     WARNING:  THE RESIDUAL COVARIANCE MATRIX (THETA) IS NOT POSITIVE DEFINITE.
     THIS COULD INDICATE A NEGATIVE VARIANCE/RESIDUAL VARIANCE FOR AN OBSERVED
     VARIABLE, A CORRELATION GREATER OR EQUAL TO ONE BETWEEN TWO OBSERVED
     VARIABLES, OR A LINEAR DEPENDENCY AMONG MORE THAN TWO OBSERVED VARIABLES.
     CHECK THE RESULTS SECTION FOR MORE INFORMATION.



MODEL FIT INFORMATION

Number of Free Parameters                       20

Loglikelihood

          H0 Value                       -5060.541
          H1 Value                       -5060.387

Information Criteria

          Akaike (AIC)                   10161.082
          Bayesian (BIC)                 10253.484
          Sample-Size Adjusted BIC       10189.976
            (n* = (n + 2) / 24)

Chi-Square Test of Model Fit

          Value                              0.309
          Degrees of Freedom                     4
          P-Value                           0.9892

RMSEA (Root Mean Square Error Of Approximation)

          Estimate                           0.000

CFI/TLI

          CFI                                1.000
          TLI                                1.007

Chi-Square Test of Model Fit for the Baseline Model

          Value                           1519.822
          Degrees of Freedom                    12
          P-Value                           0.0000

SRMR (Standardized Root Mean Square Residual)

          Value for Within                   0.001
          Value for Between                  0.010



MODEL RESULTS

                                                    Two-Tailed
                    Estimate       S.E.  Est./S.E.    P-Value

Within Level

 CS       BY
    Y1                 1.000      0.000    999.000    999.000
    Y2                 0.461      0.023     20.121      0.000
    Y3                 1.283      0.051     24.967      0.000
    Y4                 0.774      0.034     23.090      0.000

 Variances
    CS                 2.226      0.171     13.047      0.000

 Residual Variances
    Y1                 0.925      0.075     12.328      0.000
    Y2                 0.470      0.029     16.138      0.000
    Y3                 1.472      0.121     12.121      0.000
    Y4                 0.808      0.056     14.391      0.000

Between Level

 CT       BY
    Y1                 1.000      0.000    999.000    999.000
    Y2                 0.869      0.179      4.848      0.000
    Y3                 1.413      0.202      7.001      0.000
    Y4                 0.840      0.151      5.555      0.000

 Intercepts
    Y1                 2.213      0.205     10.791      0.000
    Y2                 2.283      0.200     11.436      0.000
    Y3                 3.112      0.232     13.415      0.000
    Y4                 3.565      0.178     20.023      0.000

 Variances
    CT                 1.185      0.401      2.960      0.003

 Residual Variances
    Y1                 0.708      0.182      3.886      0.000
    Y2                 1.035      0.227      4.563      0.000
    Y3                -0.021      0.177     -0.116      0.907
    Y4                 0.606      0.147      4.107      0.000


QUALITY OF NUMERICAL RESULTS

     Condition Number for the Information Matrix              0.307E-03
       (ratio of smallest to largest eigenvalue)


     Beginning Time:  04:23:13
        Ending Time:  04:23:13
       Elapsed Time:  00:00:00



MUTHEN & MUTHEN
3463 Stoner Ave.
Los Angeles, CA  90066

Tel: (310) 391-9971
Fax: (310) 391-8971
Web: www.StatModel.com
Support: Support@StatModel.com

Copyright (c) 1998-2017 Muthen & Muthen
