Mplus VERSION 8
MUTHEN & MUTHEN
02/18/2019   5:14 PM

INPUT INSTRUCTIONS

  TITLE: Your title goes here
  DATA: FILE = "Mplus_files_Results/cuts_long_trunc_n100_i5_nt30_na0.dat";
  VARIABLE:
  NAMES = subjn time y1 y2 y3 y4 y5;
  MISSING=.;
  USEVAR = y1
  y2
  y3
  y4
  y5 ;
  CLUSTER = subjn ;

  ANALYSIS:
  TYPE = TWOLEVEL ;
  ESTIMATOR = ML ;
  ITERATIONS = 50000 ;
  H1ITERATIONS = 50000 ;


  MODEL:

  %WITHIN%

  ! common states
  CS BY y1@1
  y2 (lcs2)
  y3 (lcs3)
  y4 (lcs4)
  y5 (lcs5) ;

  %BETWEEN%

  ! common trait
  CT BY y1@1
  y2 (lct2)
  y3 (lct3)
  y4 (lct4)
  y5 (lct5) ;



INPUT READING TERMINATED NORMALLY



Your title goes here

SUMMARY OF ANALYSIS

Number of groups                                                 1
Number of observations                                        3000

Number of dependent variables                                    5
Number of independent variables                                  0
Number of continuous latent variables                            2

Observed dependent variables

  Continuous
   Y1          Y2          Y3          Y4          Y5

Continuous latent variables
   CS          CT

Variables with special functions

  Cluster variable      SUBJN

Estimator                                                       ML
Information matrix                                        OBSERVED
Maximum number of iterations                                 50000
Convergence criterion                                    0.100D-05
Maximum number of EM iterations                                500
Convergence criteria for the EM algorithm
  Loglikelihood change                                   0.100D-02
  Relative loglikelihood change                          0.100D-05
  Derivative                                             0.100D-03
Minimum variance                                         0.100D-03
Maximum number of steepest descent iterations                   20
Maximum number of iterations for H1                          50000
Convergence criterion for H1                             0.100D-03
Optimization algorithm                                         EMA

Input data file(s)
  Mplus_files_Results/cuts_long_trunc_n100_i5_nt30_na0.dat
Input data format  FREE


SUMMARY OF DATA

     Number of missing data patterns             1
     Number of clusters                        100

     Average cluster size       30.000

     Estimated Intraclass Correlations for the Y Variables

                Intraclass              Intraclass              Intraclass
     Variable  Correlation   Variable  Correlation   Variable  Correlation

     Y1           0.321      Y2           0.549      Y3           0.271
     Y4           0.396      Y5           0.314



COVARIANCE COVERAGE OF DATA

Minimum covariance coverage value   0.100


     PROPORTION OF DATA PRESENT


           Covariance Coverage
              Y1            Y2            Y3            Y4            Y5
              ________      ________      ________      ________      ________
 Y1             1.000
 Y2             1.000         1.000
 Y3             1.000         1.000         1.000
 Y4             1.000         1.000         1.000         1.000
 Y5             1.000         1.000         1.000         1.000         1.000



UNIVARIATE SAMPLE STATISTICS


     UNIVARIATE HIGHER-ORDER MOMENT DESCRIPTIVE STATISTICS

         Variable/         Mean/     Skewness/   Minimum/ % with                Percentiles
        Sample Size      Variance    Kurtosis    Maximum  Min/Max      20%/60%    40%/80%    Median

     Y1                    1.698       0.220      -6.000    0.03%       0.000      1.000      2.000
            3000.000       3.667       0.073       8.000    0.10%       2.000      3.000
     Y2                    2.253       0.368      -2.000    0.03%       1.000      2.000      2.000
            3000.000       2.292       0.015       8.000    0.10%       3.000      3.000
     Y3                    2.736       0.222      -5.000    0.07%       0.000      2.000      3.000
            3000.000       5.962      -0.135      12.000    0.03%       3.000      5.000
     Y4                    3.252       0.080      -2.000    0.10%       2.000      3.000      3.000
            3000.000       3.357      -0.393       9.000    0.13%       4.000      5.000
     Y5                    3.595       0.199      -3.000    0.13%       2.000      3.000      4.000
            3000.000       5.037      -0.110      13.000    0.03%       4.000      5.000


THE MODEL ESTIMATION TERMINATED NORMALLY



MODEL FIT INFORMATION

Number of Free Parameters                       25

Loglikelihood

          H0 Value                      -24827.209
          H1 Value                      -24817.019

Information Criteria

          Akaike (AIC)                   49704.418
          Bayesian (BIC)                 49854.577
          Sample-Size Adjusted BIC       49775.142
            (n* = (n + 2) / 24)

Chi-Square Test of Model Fit

          Value                             20.380
          Degrees of Freedom                    10
          P-Value                           0.0259

RMSEA (Root Mean Square Error Of Approximation)

          Estimate                           0.019

CFI/TLI

          CFI                                0.999
          TLI                                0.997

Chi-Square Test of Model Fit for the Baseline Model

          Value                           7473.167
          Degrees of Freedom                    20
          P-Value                           0.0000

SRMR (Standardized Root Mean Square Residual)

          Value for Within                   0.006
          Value for Between                  0.032



MODEL RESULTS

                                                    Two-Tailed
                    Estimate       S.E.  Est./S.E.    P-Value

Within Level

 CS       BY
    Y1                 1.000      0.000    999.000    999.000
    Y2                 0.562      0.015     37.396      0.000
    Y3                 1.378      0.030     46.278      0.000
    Y4                 0.886      0.021     42.946      0.000
    Y5                 1.201      0.027     44.804      0.000

 Variances
    CS                 1.539      0.063     24.243      0.000

 Residual Variances
    Y1                 0.949      0.032     29.963      0.000
    Y2                 0.547      0.016     33.671      0.000
    Y3                 1.425      0.051     27.737      0.000
    Y4                 0.820      0.027     30.717      0.000
    Y5                 1.235      0.043     28.973      0.000

Between Level

 CT       BY
    Y1                 1.000      0.000    999.000    999.000
    Y2                 0.769      0.121      6.334      0.000
    Y3                 1.252      0.122     10.264      0.000
    Y4                 0.872      0.126      6.903      0.000
    Y5                 1.237      0.124      9.957      0.000

 Intercepts
    Y1                 1.698      0.112     15.122      0.000
    Y2                 2.253      0.114     19.808      0.000
    Y3                 2.736      0.133     20.622      0.000
    Y4                 3.252      0.118     27.541      0.000
    Y5                 3.595      0.130     27.590      0.000

 Variances
    CT                 0.819      0.175      4.672      0.000

 Residual Variances
    Y1                 0.359      0.071      5.092      0.000
    Y2                 0.774      0.120      6.471      0.000
    Y3                 0.332      0.086      3.846      0.000
    Y4                 0.703      0.114      6.174      0.000
    Y5                 0.329      0.085      3.859      0.000


QUALITY OF NUMERICAL RESULTS

     Condition Number for the Information Matrix              0.123E-02
       (ratio of smallest to largest eigenvalue)


     Beginning Time:  17:14:26
        Ending Time:  17:14:26
       Elapsed Time:  00:00:00



MUTHEN & MUTHEN
3463 Stoner Ave.
Los Angeles, CA  90066

Tel: (310) 391-9971
Fax: (310) 391-8971
Web: www.StatModel.com
Support: Support@StatModel.com

Copyright (c) 1998-2017 Muthen & Muthen
