Mplus VERSION 8
MUTHEN & MUTHEN
02/06/2019   7:24 PM

INPUT INSTRUCTIONS

  TITLE: Your title goes here
  DATA: FILE = "Mplus_files_Results/cuts_trunc_n100_i4_nt50.dat";
  VARIABLE:
  NAMES = subjn time y1 y2 y3 y4;
  MISSING=.;
  USEVAR = y1
  y2
  y3
  y4 ;
  CLUSTER = subjn ;

  ANALYSIS:
  TYPE = TWOLEVEL ;
  ESTIMATOR = ML ;
  ITERATIONS = 5e+05 ;
  H1ITERATIONS = 5e+05 ;


  MODEL:

  %WITHIN%

  ! common states
  CS BY y1@1
  y2 (lcs2)
  y3 (lcs3)
  y4 (lcs4) ;

  %BETWEEN%

  ! common trait
  CT BY y1@1
  y2 (lct2)
  y3 (lct3)
  y4 (lct4) ;



INPUT READING TERMINATED NORMALLY



Your title goes here

SUMMARY OF ANALYSIS

Number of groups                                                 1
Number of observations                                        5000

Number of dependent variables                                    4
Number of independent variables                                  0
Number of continuous latent variables                            2

Observed dependent variables

  Continuous
   Y1          Y2          Y3          Y4

Continuous latent variables
   CS          CT

Variables with special functions

  Cluster variable      SUBJN

Estimator                                                       ML
Information matrix                                        OBSERVED
Maximum number of iterations                                500000
Convergence criterion                                    0.100D-05
Maximum number of EM iterations                                500
Convergence criteria for the EM algorithm
  Loglikelihood change                                   0.100D-02
  Relative loglikelihood change                          0.100D-05
  Derivative                                             0.100D-03
Minimum variance                                         0.100D-03
Maximum number of steepest descent iterations                   20
Maximum number of iterations for H1                         500000
Convergence criterion for H1                             0.100D-03
Optimization algorithm                                         EMA

Input data file(s)
  Mplus_files_Results/cuts_trunc_n100_i4_nt50.dat
Input data format  FREE


SUMMARY OF DATA

     Number of missing data patterns             1
     Number of clusters                        100

     Average cluster size       50.000

     Estimated Intraclass Correlations for the Y Variables

                Intraclass              Intraclass              Intraclass
     Variable  Correlation   Variable  Correlation   Variable  Correlation

     Y1           0.313      Y2           0.559      Y3           0.276
     Y4           0.382



COVARIANCE COVERAGE OF DATA

Minimum covariance coverage value   0.100


     PROPORTION OF DATA PRESENT


           Covariance Coverage
              Y1            Y2            Y3            Y4
              ________      ________      ________      ________
 Y1             1.000
 Y2             1.000         1.000
 Y3             1.000         1.000         1.000
 Y4             1.000         1.000         1.000         1.000



UNIVARIATE SAMPLE STATISTICS


     UNIVARIATE HIGHER-ORDER MOMENT DESCRIPTIVE STATISTICS

         Variable/         Mean/     Skewness/   Minimum/ % with                Percentiles
        Sample Size      Variance    Kurtosis    Maximum  Min/Max      20%/60%    40%/80%    Median

     Y1                    1.687       0.337      -5.000    0.02%       0.000      1.000      2.000
            5000.000       3.584       0.066       9.000    0.04%       2.000      3.000
     Y2                    2.256       0.417      -2.000    0.04%       1.000      2.000      2.000
            5000.000       2.306      -0.031       8.000    0.10%       3.000      3.000
     Y3                    2.688       0.259      -5.000    0.10%       0.000      2.000      3.000
            5000.000       5.871      -0.143      12.000    0.02%       3.000      5.000
     Y4                    3.210       0.135      -2.000    0.12%       2.000      3.000      3.000
            5000.000       3.378      -0.289      10.000    0.02%       4.000      5.000


THE MODEL ESTIMATION TERMINATED NORMALLY



MODEL FIT INFORMATION

Number of Free Parameters                       20

Loglikelihood

          H0 Value                      -32744.615
          H1 Value                      -32741.566

Information Criteria

          Akaike (AIC)                   65529.230
          Bayesian (BIC)                 65659.574
          Sample-Size Adjusted BIC       65596.021
            (n* = (n + 2) / 24)

Chi-Square Test of Model Fit

          Value                              6.098
          Degrees of Freedom                     4
          P-Value                           0.1919

RMSEA (Root Mean Square Error Of Approximation)

          Estimate                           0.010

CFI/TLI

          CFI                                1.000
          TLI                                0.999

Chi-Square Test of Model Fit for the Baseline Model

          Value                           8152.327
          Degrees of Freedom                    12
          P-Value                           0.0000

SRMR (Standardized Root Mean Square Residual)

          Value for Within                   0.003
          Value for Between                  0.025



MODEL RESULTS

                                                    Two-Tailed
                    Estimate       S.E.  Est./S.E.    P-Value

Within Level

 CS       BY
    Y1                 1.000      0.000    999.000    999.000
    Y2                 0.543      0.012     45.350      0.000
    Y3                 1.348      0.024     55.221      0.000
    Y4                 0.909      0.017     53.136      0.000

 Variances
    CS                 1.531      0.050     30.744      0.000

 Residual Variances
    Y1                 0.930      0.027     34.799      0.000
    Y2                 0.566      0.013     42.564      0.000
    Y3                 1.466      0.045     32.567      0.000
    Y4                 0.822      0.023     35.743      0.000

Between Level

 CT       BY
    Y1                 1.000      0.000    999.000    999.000
    Y2                 0.735      0.125      5.890      0.000
    Y3                 1.356      0.145      9.374      0.000
    Y4                 0.823      0.126      6.536      0.000

 Intercepts
    Y1                 1.687      0.108     15.569      0.000
    Y2                 2.256      0.114     19.718      0.000
    Y3                 2.688      0.131     20.585      0.000
    Y4                 3.210      0.115     27.791      0.000

 Variances
    CT                 0.785      0.169      4.641      0.000

 Residual Variances
    Y1                 0.340      0.079      4.318      0.000
    Y2                 0.865      0.135      6.427      0.000
    Y3                 0.177      0.113      1.567      0.117
    Y4                 0.760      0.118      6.445      0.000


QUALITY OF NUMERICAL RESULTS

     Condition Number for the Information Matrix              0.557E-03
       (ratio of smallest to largest eigenvalue)


     Beginning Time:  19:24:55
        Ending Time:  19:24:56
       Elapsed Time:  00:00:01



MUTHEN & MUTHEN
3463 Stoner Ave.
Los Angeles, CA  90066

Tel: (310) 391-9971
Fax: (310) 391-8971
Web: www.StatModel.com
Support: Support@StatModel.com

Copyright (c) 1998-2017 Muthen & Muthen
