Mplus VERSION 8
MUTHEN & MUTHEN
02/18/2019   4:55 PM

INPUT INSTRUCTIONS

  TITLE: Your title goes here
  DATA: FILE = "Mplus_files_Results/cuts_long_trunc_n50_i5_nt15_na0.dat";
  VARIABLE:
  NAMES = subjn time y1 y2 y3 y4 y5;
  MISSING=.;
  USEVAR = y1
  y2
  y3
  y4
  y5 ;
  CLUSTER = subjn ;

  ANALYSIS:
  TYPE = TWOLEVEL ;
  ESTIMATOR = ML ;
  ITERATIONS = 50000 ;
  H1ITERATIONS = 50000 ;


  MODEL:

  %WITHIN%

  ! common states
  CS BY y1@1
  y2 (lcs2)
  y3 (lcs3)
  y4 (lcs4)
  y5 (lcs5) ;

  %BETWEEN%

  ! common trait
  CT BY y1@1
  y2 (lct2)
  y3 (lct3)
  y4 (lct4)
  y5 (lct5) ;



INPUT READING TERMINATED NORMALLY



Your title goes here

SUMMARY OF ANALYSIS

Number of groups                                                 1
Number of observations                                         750

Number of dependent variables                                    5
Number of independent variables                                  0
Number of continuous latent variables                            2

Observed dependent variables

  Continuous
   Y1          Y2          Y3          Y4          Y5

Continuous latent variables
   CS          CT

Variables with special functions

  Cluster variable      SUBJN

Estimator                                                       ML
Information matrix                                        OBSERVED
Maximum number of iterations                                 50000
Convergence criterion                                    0.100D-05
Maximum number of EM iterations                                500
Convergence criteria for the EM algorithm
  Loglikelihood change                                   0.100D-02
  Relative loglikelihood change                          0.100D-05
  Derivative                                             0.100D-03
Minimum variance                                         0.100D-03
Maximum number of steepest descent iterations                   20
Maximum number of iterations for H1                          50000
Convergence criterion for H1                             0.100D-03
Optimization algorithm                                         EMA

Input data file(s)
  Mplus_files_Results/cuts_long_trunc_n50_i5_nt15_na0.dat
Input data format  FREE


SUMMARY OF DATA

     Number of missing data patterns             1
     Number of clusters                         50

     Average cluster size       15.000

     Estimated Intraclass Correlations for the Y Variables

                Intraclass              Intraclass              Intraclass
     Variable  Correlation   Variable  Correlation   Variable  Correlation

     Y1           0.345      Y2           0.637      Y3           0.298
     Y4           0.415      Y5           0.365



COVARIANCE COVERAGE OF DATA

Minimum covariance coverage value   0.100


     PROPORTION OF DATA PRESENT


           Covariance Coverage
              Y1            Y2            Y3            Y4            Y5
              ________      ________      ________      ________      ________
 Y1             1.000
 Y2             1.000         1.000
 Y3             1.000         1.000         1.000
 Y4             1.000         1.000         1.000         1.000
 Y5             1.000         1.000         1.000         1.000         1.000



UNIVARIATE SAMPLE STATISTICS


     UNIVARIATE HIGHER-ORDER MOMENT DESCRIPTIVE STATISTICS

         Variable/         Mean/     Skewness/   Minimum/ % with                Percentiles
        Sample Size      Variance    Kurtosis    Maximum  Min/Max      20%/60%    40%/80%    Median

     Y1                    1.851       0.285      -4.000    0.13%       0.000      1.000      2.000
             750.000       3.991       0.011      10.000    0.13%       2.000      4.000
     Y2                    1.897       0.319      -3.000    0.13%       0.000      1.000      2.000
             750.000       2.519      -0.494       7.000    0.13%       2.000      3.000
     Y3                    2.715       0.197      -4.000    0.80%       0.000      2.000      3.000
             750.000       6.385      -0.084      11.000    0.13%       3.000      5.000
     Y4                    3.088       0.221      -2.000    0.13%       1.000      3.000      3.000
             750.000       3.528      -0.111      10.000    0.13%       4.000      5.000
     Y5                    3.764       0.022      -3.000    0.40%       2.000      3.000      4.000
             750.000       5.444      -0.186      11.000    0.13%       4.000      6.000


THE MODEL ESTIMATION TERMINATED NORMALLY



MODEL FIT INFORMATION

Number of Free Parameters                       25

Loglikelihood

          H0 Value                       -6207.627
          H1 Value                       -6204.292

Information Criteria

          Akaike (AIC)                   12465.253
          Bayesian (BIC)                 12580.755
          Sample-Size Adjusted BIC       12501.370
            (n* = (n + 2) / 24)

Chi-Square Test of Model Fit

          Value                              6.669
          Degrees of Freedom                    10
          P-Value                           0.7563

RMSEA (Root Mean Square Error Of Approximation)

          Estimate                           0.000

CFI/TLI

          CFI                                1.000
          TLI                                1.003

Chi-Square Test of Model Fit for the Baseline Model

          Value                           2096.610
          Degrees of Freedom                    20
          P-Value                           0.0000

SRMR (Standardized Root Mean Square Residual)

          Value for Within                   0.004
          Value for Between                  0.027



MODEL RESULTS

                                                    Two-Tailed
                    Estimate       S.E.  Est./S.E.    P-Value

Within Level

 CS       BY
    Y1                 1.000      0.000    999.000    999.000
    Y2                 0.489      0.026     19.067      0.000
    Y3                 1.340      0.054     25.048      0.000
    Y4                 0.846      0.037     22.786      0.000
    Y5                 1.147      0.047     24.264      0.000

 Variances
    CS                 1.756      0.138     12.770      0.000

 Residual Variances
    Y1                 0.856      0.060     14.202      0.000
    Y2                 0.496      0.029     16.886      0.000
    Y3                 1.328      0.098     13.504      0.000
    Y4                 0.806      0.053     15.315      0.000
    Y5                 1.147      0.080     14.310      0.000

Between Level

 CT       BY
    Y1                 1.000      0.000    999.000    999.000
    Y2                 0.889      0.163      5.453      0.000
    Y3                 1.316      0.156      8.451      0.000
    Y4                 0.944      0.153      6.161      0.000
    Y5                 1.272      0.158      8.036      0.000

 Intercepts
    Y1                 1.851      0.177     10.463      0.000
    Y2                 1.897      0.182     10.399      0.000
    Y3                 2.715      0.210     12.939      0.000
    Y4                 3.088      0.178     17.310      0.000
    Y5                 3.764      0.211     17.878      0.000

 Variances
    CT                 1.023      0.306      3.346      0.001

 Residual Variances
    Y1                 0.367      0.104      3.528      0.000
    Y2                 0.794      0.180      4.403      0.000
    Y3                 0.131      0.094      1.396      0.163
    Y4                 0.542      0.133      4.073      0.000
    Y5                 0.332      0.114      2.910      0.004


QUALITY OF NUMERICAL RESULTS

     Condition Number for the Information Matrix              0.642E-03
       (ratio of smallest to largest eigenvalue)


     Beginning Time:  16:55:26
        Ending Time:  16:55:27
       Elapsed Time:  00:00:01



MUTHEN & MUTHEN
3463 Stoner Ave.
Los Angeles, CA  90066

Tel: (310) 391-9971
Fax: (310) 391-8971
Web: www.StatModel.com
Support: Support@StatModel.com

Copyright (c) 1998-2017 Muthen & Muthen
