Mplus VERSION 8
MUTHEN & MUTHEN
02/16/2019  11:03 AM

INPUT INSTRUCTIONS

  TITLE: Your title goes here
  DATA: FILE = "Mplus_files_Results/cuts_long_trunc_n500_i4_nt75_na0.dat";
  VARIABLE:
  NAMES = subjn time y1 y2 y3 y4;
  MISSING=.;
  USEVAR = y1
  y2
  y3
  y4 ;
  CLUSTER = subjn ;

  ANALYSIS:
  TYPE = TWOLEVEL ;
  ESTIMATOR = ML ;
  ITERATIONS = 50000 ;
  H1ITERATIONS = 50000 ;


  MODEL:

  %WITHIN%

  ! common states
  CS BY y1@1
  y2 (lcs2)
  y3 (lcs3)
  y4 (lcs4) ;

  %BETWEEN%

  ! common trait
  CT BY y1@1
  y2 (lct2)
  y3 (lct3)
  y4 (lct4) ;



INPUT READING TERMINATED NORMALLY



Your title goes here

SUMMARY OF ANALYSIS

Number of groups                                                 1
Number of observations                                       37500

Number of dependent variables                                    4
Number of independent variables                                  0
Number of continuous latent variables                            2

Observed dependent variables

  Continuous
   Y1          Y2          Y3          Y4

Continuous latent variables
   CS          CT

Variables with special functions

  Cluster variable      SUBJN

Estimator                                                       ML
Information matrix                                        OBSERVED
Maximum number of iterations                                 50000
Convergence criterion                                    0.100D-05
Maximum number of EM iterations                                500
Convergence criteria for the EM algorithm
  Loglikelihood change                                   0.100D-02
  Relative loglikelihood change                          0.100D-05
  Derivative                                             0.100D-03
Minimum variance                                         0.100D-03
Maximum number of steepest descent iterations                   20
Maximum number of iterations for H1                          50000
Convergence criterion for H1                             0.100D-03
Optimization algorithm                                         EMA

Input data file(s)
  Mplus_files_Results/cuts_long_trunc_n500_i4_nt75_na0.dat
Input data format  FREE


SUMMARY OF DATA

     Number of missing data patterns             1
     Number of clusters                        500

     Average cluster size       75.000

     Estimated Intraclass Correlations for the Y Variables

                Intraclass              Intraclass              Intraclass
     Variable  Correlation   Variable  Correlation   Variable  Correlation

     Y1           0.366      Y2           0.639      Y3           0.309
     Y4           0.448



COVARIANCE COVERAGE OF DATA

Minimum covariance coverage value   0.100


     PROPORTION OF DATA PRESENT


           Covariance Coverage
              Y1            Y2            Y3            Y4
              ________      ________      ________      ________
 Y1             1.000
 Y2             1.000         1.000
 Y3             1.000         1.000         1.000
 Y4             1.000         1.000         1.000         1.000



UNIVARIATE SAMPLE STATISTICS


     UNIVARIATE HIGHER-ORDER MOMENT DESCRIPTIVE STATISTICS

         Variable/         Mean/     Skewness/   Minimum/ % with                Percentiles
        Sample Size      Variance    Kurtosis    Maximum  Min/Max      20%/60%    40%/80%    Median

     Y1                    1.718       0.347      -7.000    0.00%       0.000      1.000      2.000
           37500.000       3.941       0.166      11.000    0.00%       2.000      3.000
     Y2                    2.131       0.314      -3.000    0.05%       1.000      2.000      2.000
           37500.000       2.675      -0.262       9.000    0.01%       2.000      4.000
     Y3                    2.697       0.283      -9.000    0.00%       0.000      2.000      3.000
           37500.000       6.224       0.004      14.000    0.00%       3.000      5.000
     Y4                    3.016       0.200      -5.000    0.00%       1.000      2.000      3.000
           37500.000       3.685      -0.185      12.000    0.00%       3.000      5.000


THE MODEL ESTIMATION TERMINATED NORMALLY



MODEL FIT INFORMATION

Number of Free Parameters                       20

Loglikelihood

          H0 Value                     -242644.861
          H1 Value                     -242635.454

Information Criteria

          Akaike (AIC)                  485329.723
          Bayesian (BIC)                485500.364
          Sample-Size Adjusted BIC      485436.804
            (n* = (n + 2) / 24)

Chi-Square Test of Model Fit

          Value                             18.814
          Degrees of Freedom                     4
          P-Value                           0.0009

RMSEA (Root Mean Square Error Of Approximation)

          Estimate                           0.010

CFI/TLI

          CFI                                1.000
          TLI                                0.999

Chi-Square Test of Model Fit for the Baseline Model

          Value                          62909.480
          Degrees of Freedom                    12
          P-Value                           0.0000

SRMR (Standardized Root Mean Square Residual)

          Value for Within                   0.002
          Value for Between                  0.018



MODEL RESULTS

                                                    Two-Tailed
                    Estimate       S.E.  Est./S.E.    P-Value

Within Level

 CS       BY
    Y1                 1.000      0.000    999.000    999.000
    Y2                 0.526      0.004    128.348      0.000
    Y3                 1.350      0.009    155.676      0.000
    Y4                 0.868      0.006    146.953      0.000

 Variances
    CS                 1.589      0.018     86.051      0.000

 Residual Variances
    Y1                 0.908      0.010     94.079      0.000
    Y2                 0.525      0.005    116.696      0.000
    Y3                 1.405      0.016     86.890      0.000
    Y4                 0.839      0.008    102.316      0.000

Between Level

 CT       BY
    Y1                 1.000      0.000    999.000    999.000
    Y2                 0.857      0.050     17.157      0.000
    Y3                 1.234      0.047     26.316      0.000
    Y4                 0.952      0.047     20.149      0.000

 Intercepts
    Y1                 1.718      0.054     31.595      0.000
    Y2                 2.131      0.059     36.287      0.000
    Y3                 2.697      0.063     42.862      0.000
    Y4                 3.016      0.058     52.074      0.000

 Variances
    CT                 1.087      0.094     11.577      0.000

 Residual Variances
    Y1                 0.358      0.034     10.413      0.000
    Y2                 0.913      0.065     14.153      0.000
    Y3                 0.267      0.042      6.403      0.000
    Y4                 0.665      0.050     13.363      0.000


QUALITY OF NUMERICAL RESULTS

     Condition Number for the Information Matrix              0.256E-03
       (ratio of smallest to largest eigenvalue)


     Beginning Time:  11:03:02
        Ending Time:  11:03:04
       Elapsed Time:  00:00:02



MUTHEN & MUTHEN
3463 Stoner Ave.
Los Angeles, CA  90066

Tel: (310) 391-9971
Fax: (310) 391-8971
Web: www.StatModel.com
Support: Support@StatModel.com

Copyright (c) 1998-2017 Muthen & Muthen
