Mplus VERSION 8
MUTHEN & MUTHEN
02/16/2019   4:24 AM

INPUT INSTRUCTIONS

  TITLE: Your title goes here
  DATA: FILE = "Mplus_files_Results/cuts_wide_trunc_n100_i4_nt15_na0.dat";
  VARIABLE:
  NAMES = subjn y11 y21 y31 y41 y12 y22 y32 y42 y13 y23 y33 y43 y14 y24 y34 y44 y15
       y25 y35 y45 y16 y26 y36 y46 y17 y27 y37 y47 y18 y28 y38 y48 y19 y29 y39 y49
       y110 y210 y310 y410 y111 y211 y311 y411 y112 y212 y312 y412 y113 y213 y313 y413
       y114 y214 y314 y414 y115 y215 y315 y415;
  MISSING=.;
  USEVAR = y11
  y21
  y31
  y41
  y12
  y22
  y32
  y42
  y13
  y23
  y33
  y43
  y14
  y24
  y34
  y44
  y15
  y25
  y35
  y45
  y16
  y26
  y36
  y46
  y17
  y27
  y37
  y47
  y18
  y28
  y38
  y48
  y19
  y29
  y39
  y49
  y110
  y210
  y310
  y410
  y111
  y211
  y311
  y411
  y112
  y212
  y312
  y412
  y113
  y213
  y313
  y413
  y114
  y214
  y314
  y414
  y115
  y215
  y315
  y415 ;


  ANALYSIS:
  TYPE = GENERAL ;
  ESTIMATOR = ML ;
  ITERATIONS = 50000 ;
  H1ITERATIONS = 50000 ;


  MODEL:

  ! common states
  CS1 BY y11@1
  y21 (lcs21)
  y31 (lcs31)
  y41 (lcs41) ;
  CS2 BY y12@1
  y22 (lcs21)
  y32 (lcs31)
  y42 (lcs41) ;
  CS3 BY y13@1
  y23 (lcs21)
  y33 (lcs31)
  y43 (lcs41) ;
  CS4 BY y14@1
  y24 (lcs21)
  y34 (lcs31)
  y44 (lcs41) ;
  CS5 BY y15@1
  y25 (lcs21)
  y35 (lcs31)
  y45 (lcs41) ;
  CS6 BY y16@1
  y26 (lcs21)
  y36 (lcs31)
  y46 (lcs41) ;
  CS7 BY y17@1
  y27 (lcs21)
  y37 (lcs31)
  y47 (lcs41) ;
  CS8 BY y18@1
  y28 (lcs21)
  y38 (lcs31)
  y48 (lcs41) ;
  CS9 BY y19@1
  y29 (lcs21)
  y39 (lcs31)
  y49 (lcs41) ;
  CS10 BY y110@1
  y210 (lcs21)
  y310 (lcs31)
  y410 (lcs41) ;
  CS11 BY y111@1
  y211 (lcs21)
  y311 (lcs31)
  y411 (lcs41) ;
  CS12 BY y112@1
  y212 (lcs21)
  y312 (lcs31)
  y412 (lcs41) ;
  CS13 BY y113@1
  y213 (lcs21)
  y313 (lcs31)
  y413 (lcs41) ;
  CS14 BY y114@1
  y214 (lcs21)
  y314 (lcs31)
  y414 (lcs41) ;
  CS15 BY y115@1
  y215 (lcs21)
  y315 (lcs31)
  y415 (lcs41) ;

  ! common trait
  CT BY y11@1
  y21 (lct21)
  y31 (lct31)
  y41 (lct41)
  y12@1
  y22 (lct21)
  y32 (lct31)
  y42 (lct41)
  y13@1
  y23 (lct21)
  y33 (lct31)
  y43 (lct41)
  y14@1
  y24 (lct21)
  y34 (lct31)
  y44 (lct41)
  y15@1
  y25 (lct21)
  y35 (lct31)
  y45 (lct41)
  y16@1
  y26 (lct21)
  y36 (lct31)
  y46 (lct41)
  y17@1
  y27 (lct21)
  y37 (lct31)
  y47 (lct41)
  y18@1
  y28 (lct21)
  y38 (lct31)
  y48 (lct41)
  y19@1
  y29 (lct21)
  y39 (lct31)
  y49 (lct41)
  y110@1
  y210 (lct21)
  y310 (lct31)
  y410 (lct41)
  y111@1
  y211 (lct21)
  y311 (lct31)
  y411 (lct41)
  y112@1
  y212 (lct21)
  y312 (lct31)
  y412 (lct41)
  y113@1
  y213 (lct21)
  y313 (lct31)
  y413 (lct41)
  y114@1
  y214 (lct21)
  y314 (lct31)
  y414 (lct41)
  y115@1
  y215 (lct21)
  y315 (lct31)
  y415 (lct41) ;

  ! unique trait
  UT1 BY y11@1
  y12@1
  y13@1
  y14@1
  y15@1
  y16@1
  y17@1
  y18@1
  y19@1
  y110@1
  y111@1
  y112@1
  y113@1
  y114@1
  y115@1 ;
  UT2 BY y21@1
  y22@1
  y23@1
  y24@1
  y25@1
  y26@1
  y27@1
  y28@1
  y29@1
  y210@1
  y211@1
  y212@1
  y213@1
  y214@1
  y215@1 ;
  UT3 BY y31@1
  y32@1
  y33@1
  y34@1
  y35@1
  y36@1
  y37@1
  y38@1
  y39@1
  y310@1
  y311@1
  y312@1
  y313@1
  y314@1
  y315@1 ;
  UT4 BY y41@1
  y42@1
  y43@1
  y44@1
  y45@1
  y46@1
  y47@1
  y48@1
  y49@1
  y410@1
  y411@1
  y412@1
  y413@1
  y414@1
  y415@1 ;

  ! Intercepts and means
  [y11*] (ins11) ;
  [y21*] (ins21) ;
  [y31*] (ins31) ;
  [y41*] (ins41) ;
  [y12*] (ins11) ;
  [y22*] (ins21) ;
  [y32*] (ins31) ;
  [y42*] (ins41) ;
  [y13*] (ins11) ;
  [y23*] (ins21) ;
  [y33*] (ins31) ;
  [y43*] (ins41) ;
  [y14*] (ins11) ;
  [y24*] (ins21) ;
  [y34*] (ins31) ;
  [y44*] (ins41) ;
  [y15*] (ins11) ;
  [y25*] (ins21) ;
  [y35*] (ins31) ;
  [y45*] (ins41) ;
  [y16*] (ins11) ;
  [y26*] (ins21) ;
  [y36*] (ins31) ;
  [y46*] (ins41) ;
  [y17*] (ins11) ;
  [y27*] (ins21) ;
  [y37*] (ins31) ;
  [y47*] (ins41) ;
  [y18*] (ins11) ;
  [y28*] (ins21) ;
  [y38*] (ins31) ;
  [y48*] (ins41) ;
  [y19*] (ins11) ;
  [y29*] (ins21) ;
  [y39*] (ins31) ;
  [y49*] (ins41) ;
  [y110*] (ins11) ;
  [y210*] (ins21) ;
  [y310*] (ins31) ;
  [y410*] (ins41) ;
  [y111*] (ins11) ;
  [y211*] (ins21) ;
  [y311*] (ins31) ;
  [y411*] (ins41) ;
  [y112*] (ins11) ;
  [y212*] (ins21) ;
  [y312*] (ins31) ;
  [y412*] (ins41) ;
  [y113*] (ins11) ;
  [y213*] (ins21) ;
  [y313*] (ins31) ;
  [y413*] (ins41) ;
  [y114*] (ins11) ;
  [y214*] (ins21) ;
  [y314*] (ins31) ;
  [y414*] (ins41) ;
  [y115*] (ins11) ;
  [y215*] (ins21) ;
  [y315*] (ins31) ;
  [y415*] (ins41) ;




  ! Set 0 covariances
  CS1 WITH CS2@0
  CS3@0
  CS4@0
  CS5@0
  CS6@0
  CS7@0
  CS8@0
  CS9@0
  CS10@0
  CS11@0
  CS12@0
  CS13@0
  CS14@0
  CS15@0
  UT1@0
  UT2@0
  UT3@0
  UT4@0
  CT@0 ;
  CS2 WITH CS3@0
  CS4@0
  CS5@0
  CS6@0
  CS7@0
  CS8@0
  CS9@0
  CS10@0
  CS11@0
  CS12@0
  CS13@0
  CS14@0
  CS15@0
  UT1@0
  UT2@0
  UT3@0
  UT4@0
  CT@0 ;
  CS3 WITH CS4@0
  CS5@0
  CS6@0
  CS7@0
  CS8@0
  CS9@0
  CS10@0
  CS11@0
  CS12@0
  CS13@0
  CS14@0
  CS15@0
  UT1@0
  UT2@0
  UT3@0
  UT4@0
  CT@0 ;
  CS4 WITH CS5@0
  CS6@0
  CS7@0
  CS8@0
  CS9@0
  CS10@0
  CS11@0
  CS12@0
  CS13@0
  CS14@0
  CS15@0
  UT1@0
  UT2@0
  UT3@0
  UT4@0
  CT@0 ;
  CS5 WITH CS6@0
  CS7@0
  CS8@0
  CS9@0
  CS10@0
  CS11@0
  CS12@0
  CS13@0
  CS14@0
  CS15@0
  UT1@0
  UT2@0
  UT3@0
  UT4@0
  CT@0 ;
  CS6 WITH CS7@0
  CS8@0
  CS9@0
  CS10@0
  CS11@0
  CS12@0
  CS13@0
  CS14@0
  CS15@0
  UT1@0
  UT2@0
  UT3@0
  UT4@0
  CT@0 ;
  CS7 WITH CS8@0
  CS9@0
  CS10@0
  CS11@0
  CS12@0
  CS13@0
  CS14@0
  CS15@0
  UT1@0
  UT2@0
  UT3@0
  UT4@0
  CT@0 ;
  CS8 WITH CS9@0
  CS10@0
  CS11@0
  CS12@0
  CS13@0
  CS14@0
  CS15@0
  UT1@0
  UT2@0
  UT3@0
  UT4@0
  CT@0 ;
  CS9 WITH CS10@0
  CS11@0
  CS12@0
  CS13@0
  CS14@0
  CS15@0
  UT1@0
  UT2@0
  UT3@0
  UT4@0
  CT@0 ;
  CS10 WITH CS11@0
  CS12@0
  CS13@0
  CS14@0
  CS15@0
  UT1@0
  UT2@0
  UT3@0
  UT4@0
  CT@0 ;
  CS11 WITH CS12@0
  CS13@0
  CS14@0
  CS15@0
  UT1@0
  UT2@0
  UT3@0
  UT4@0
  CT@0 ;
  CS12 WITH CS13@0
  CS14@0
  CS15@0
  UT1@0
  UT2@0
  UT3@0
  UT4@0
  CT@0 ;
  CS13 WITH CS14@0
  CS15@0
  UT1@0
  UT2@0
  UT3@0
  UT4@0
  CT@0 ;
  CS14 WITH CS15@0
  UT1@0
  UT2@0
  UT3@0
  UT4@0
  CT@0 ;
  CS15 WITH UT1@0
  UT2@0
  UT3@0
  UT4@0
  CT@0 ;
  UT1 WITH UT2@0
  UT3@0
  UT4@0
  CT@0 ;
  UT2 WITH UT3@0
  UT4@0
  CT@0 ;
  UT3 WITH UT4@0
  CT@0 ;
  UT4 WITH CT@0 ;

  ! Variance components
  y11 (err11) ;
  y21 (err21) ;
  y31 (err31) ;
  y41 (err41) ;
  y12 (err11) ;
  y22 (err21) ;
  y32 (err31) ;
  y42 (err41) ;
  y13 (err11) ;
  y23 (err21) ;
  y33 (err31) ;
  y43 (err41) ;
  y14 (err11) ;
  y24 (err21) ;
  y34 (err31) ;
  y44 (err41) ;
  y15 (err11) ;
  y25 (err21) ;
  y35 (err31) ;
  y45 (err41) ;
  y16 (err11) ;
  y26 (err21) ;
  y36 (err31) ;
  y46 (err41) ;
  y17 (err11) ;
  y27 (err21) ;
  y37 (err31) ;
  y47 (err41) ;
  y18 (err11) ;
  y28 (err21) ;
  y38 (err31) ;
  y48 (err41) ;
  y19 (err11) ;
  y29 (err21) ;
  y39 (err31) ;
  y49 (err41) ;
  y110 (err11) ;
  y210 (err21) ;
  y310 (err31) ;
  y410 (err41) ;
  y111 (err11) ;
  y211 (err21) ;
  y311 (err31) ;
  y411 (err41) ;
  y112 (err11) ;
  y212 (err21) ;
  y312 (err31) ;
  y412 (err41) ;
  y113 (err11) ;
  y213 (err21) ;
  y313 (err31) ;
  y413 (err41) ;
  y114 (err11) ;
  y214 (err21) ;
  y314 (err31) ;
  y414 (err41) ;
  y115 (err11) ;
  y215 (err21) ;
  y315 (err31) ;
  y415 (err41) ;
  CS1 (cs_var1) ;
  CS2 (cs_var1) ;
  CS3 (cs_var1) ;
  CS4 (cs_var1) ;
  CS5 (cs_var1) ;
  CS6 (cs_var1) ;
  CS7 (cs_var1) ;
  CS8 (cs_var1) ;
  CS9 (cs_var1) ;
  CS10 (cs_var1) ;
  CS11 (cs_var1) ;
  CS12 (cs_var1) ;
  CS13 (cs_var1) ;
  CS14 (cs_var1) ;
  CS15 (cs_var1) ;
  UT1 (ut_var1) ;
  UT2 (ut_var2) ;
  UT3 (ut_var3) ;
  UT4 (ut_var4) ;
  CT (ct_var) ;



INPUT READING TERMINATED NORMALLY



Your title goes here

SUMMARY OF ANALYSIS

Number of groups                                                 1
Number of observations                                         100

Number of dependent variables                                   60
Number of independent variables                                  0
Number of continuous latent variables                           20

Observed dependent variables

  Continuous
   Y11         Y21         Y31         Y41         Y12         Y22
   Y32         Y42         Y13         Y23         Y33         Y43
   Y14         Y24         Y34         Y44         Y15         Y25
   Y35         Y45         Y16         Y26         Y36         Y46
   Y17         Y27         Y37         Y47         Y18         Y28
   Y38         Y48         Y19         Y29         Y39         Y49
   Y110        Y210        Y310        Y410        Y111        Y211
   Y311        Y411        Y112        Y212        Y312        Y412
   Y113        Y213        Y313        Y413        Y114        Y214
   Y314        Y414        Y115        Y215        Y315        Y415

Continuous latent variables
   CS1         CS2         CS3         CS4         CS5         CS6
   CS7         CS8         CS9         CS10        CS11        CS12
   CS13        CS14        CS15        CT          UT1         UT2
   UT3         UT4


Estimator                                                       ML
Information matrix                                        OBSERVED
Maximum number of iterations                                 50000
Convergence criterion                                    0.500D-04
Maximum number of steepest descent iterations                   20
Maximum number of iterations for H1                          50000
Convergence criterion for H1                             0.100D-03

Input data file(s)
  Mplus_files_Results/cuts_wide_trunc_n100_i4_nt15_na0.dat

Input data format  FREE


SUMMARY OF DATA

     Number of missing data patterns             1


COVARIANCE COVERAGE OF DATA

Minimum covariance coverage value   0.100


     PROPORTION OF DATA PRESENT


           Covariance Coverage
              Y11           Y21           Y31           Y41           Y12
              ________      ________      ________      ________      ________
 Y11            1.000
 Y21            1.000         1.000
 Y31            1.000         1.000         1.000
 Y41            1.000         1.000         1.000         1.000
 Y12            1.000         1.000         1.000         1.000         1.000
 Y22            1.000         1.000         1.000         1.000         1.000
 Y32            1.000         1.000         1.000         1.000         1.000
 Y42            1.000         1.000         1.000         1.000         1.000
 Y13            1.000         1.000         1.000         1.000         1.000
 Y23            1.000         1.000         1.000         1.000         1.000
 Y33            1.000         1.000         1.000         1.000         1.000
 Y43            1.000         1.000         1.000         1.000         1.000
 Y14            1.000         1.000         1.000         1.000         1.000
 Y24            1.000         1.000         1.000         1.000         1.000
 Y34            1.000         1.000         1.000         1.000         1.000
 Y44            1.000         1.000         1.000         1.000         1.000
 Y15            1.000         1.000         1.000         1.000         1.000
 Y25            1.000         1.000         1.000         1.000         1.000
 Y35            1.000         1.000         1.000         1.000         1.000
 Y45            1.000         1.000         1.000         1.000         1.000
 Y16            1.000         1.000         1.000         1.000         1.000
 Y26            1.000         1.000         1.000         1.000         1.000
 Y36            1.000         1.000         1.000         1.000         1.000
 Y46            1.000         1.000         1.000         1.000         1.000
 Y17            1.000         1.000         1.000         1.000         1.000
 Y27            1.000         1.000         1.000         1.000         1.000
 Y37            1.000         1.000         1.000         1.000         1.000
 Y47            1.000         1.000         1.000         1.000         1.000
 Y18            1.000         1.000         1.000         1.000         1.000
 Y28            1.000         1.000         1.000         1.000         1.000
 Y38            1.000         1.000         1.000         1.000         1.000
 Y48            1.000         1.000         1.000         1.000         1.000
 Y19            1.000         1.000         1.000         1.000         1.000
 Y29            1.000         1.000         1.000         1.000         1.000
 Y39            1.000         1.000         1.000         1.000         1.000
 Y49            1.000         1.000         1.000         1.000         1.000
 Y110           1.000         1.000         1.000         1.000         1.000
 Y210           1.000         1.000         1.000         1.000         1.000
 Y310           1.000         1.000         1.000         1.000         1.000
 Y410           1.000         1.000         1.000         1.000         1.000
 Y111           1.000         1.000         1.000         1.000         1.000
 Y211           1.000         1.000         1.000         1.000         1.000
 Y311           1.000         1.000         1.000         1.000         1.000
 Y411           1.000         1.000         1.000         1.000         1.000
 Y112           1.000         1.000         1.000         1.000         1.000
 Y212           1.000         1.000         1.000         1.000         1.000
 Y312           1.000         1.000         1.000         1.000         1.000
 Y412           1.000         1.000         1.000         1.000         1.000
 Y113           1.000         1.000         1.000         1.000         1.000
 Y213           1.000         1.000         1.000         1.000         1.000
 Y313           1.000         1.000         1.000         1.000         1.000
 Y413           1.000         1.000         1.000         1.000         1.000
 Y114           1.000         1.000         1.000         1.000         1.000
 Y214           1.000         1.000         1.000         1.000         1.000
 Y314           1.000         1.000         1.000         1.000         1.000
 Y414           1.000         1.000         1.000         1.000         1.000
 Y115           1.000         1.000         1.000         1.000         1.000
 Y215           1.000         1.000         1.000         1.000         1.000
 Y315           1.000         1.000         1.000         1.000         1.000
 Y415           1.000         1.000         1.000         1.000         1.000


           Covariance Coverage
              Y22           Y32           Y42           Y13           Y23
              ________      ________      ________      ________      ________
 Y22            1.000
 Y32            1.000         1.000
 Y42            1.000         1.000         1.000
 Y13            1.000         1.000         1.000         1.000
 Y23            1.000         1.000         1.000         1.000         1.000
 Y33            1.000         1.000         1.000         1.000         1.000
 Y43            1.000         1.000         1.000         1.000         1.000
 Y14            1.000         1.000         1.000         1.000         1.000
 Y24            1.000         1.000         1.000         1.000         1.000
 Y34            1.000         1.000         1.000         1.000         1.000
 Y44            1.000         1.000         1.000         1.000         1.000
 Y15            1.000         1.000         1.000         1.000         1.000
 Y25            1.000         1.000         1.000         1.000         1.000
 Y35            1.000         1.000         1.000         1.000         1.000
 Y45            1.000         1.000         1.000         1.000         1.000
 Y16            1.000         1.000         1.000         1.000         1.000
 Y26            1.000         1.000         1.000         1.000         1.000
 Y36            1.000         1.000         1.000         1.000         1.000
 Y46            1.000         1.000         1.000         1.000         1.000
 Y17            1.000         1.000         1.000         1.000         1.000
 Y27            1.000         1.000         1.000         1.000         1.000
 Y37            1.000         1.000         1.000         1.000         1.000
 Y47            1.000         1.000         1.000         1.000         1.000
 Y18            1.000         1.000         1.000         1.000         1.000
 Y28            1.000         1.000         1.000         1.000         1.000
 Y38            1.000         1.000         1.000         1.000         1.000
 Y48            1.000         1.000         1.000         1.000         1.000
 Y19            1.000         1.000         1.000         1.000         1.000
 Y29            1.000         1.000         1.000         1.000         1.000
 Y39            1.000         1.000         1.000         1.000         1.000
 Y49            1.000         1.000         1.000         1.000         1.000
 Y110           1.000         1.000         1.000         1.000         1.000
 Y210           1.000         1.000         1.000         1.000         1.000
 Y310           1.000         1.000         1.000         1.000         1.000
 Y410           1.000         1.000         1.000         1.000         1.000
 Y111           1.000         1.000         1.000         1.000         1.000
 Y211           1.000         1.000         1.000         1.000         1.000
 Y311           1.000         1.000         1.000         1.000         1.000
 Y411           1.000         1.000         1.000         1.000         1.000
 Y112           1.000         1.000         1.000         1.000         1.000
 Y212           1.000         1.000         1.000         1.000         1.000
 Y312           1.000         1.000         1.000         1.000         1.000
 Y412           1.000         1.000         1.000         1.000         1.000
 Y113           1.000         1.000         1.000         1.000         1.000
 Y213           1.000         1.000         1.000         1.000         1.000
 Y313           1.000         1.000         1.000         1.000         1.000
 Y413           1.000         1.000         1.000         1.000         1.000
 Y114           1.000         1.000         1.000         1.000         1.000
 Y214           1.000         1.000         1.000         1.000         1.000
 Y314           1.000         1.000         1.000         1.000         1.000
 Y414           1.000         1.000         1.000         1.000         1.000
 Y115           1.000         1.000         1.000         1.000         1.000
 Y215           1.000         1.000         1.000         1.000         1.000
 Y315           1.000         1.000         1.000         1.000         1.000
 Y415           1.000         1.000         1.000         1.000         1.000


           Covariance Coverage
              Y33           Y43           Y14           Y24           Y34
              ________      ________      ________      ________      ________
 Y33            1.000
 Y43            1.000         1.000
 Y14            1.000         1.000         1.000
 Y24            1.000         1.000         1.000         1.000
 Y34            1.000         1.000         1.000         1.000         1.000
 Y44            1.000         1.000         1.000         1.000         1.000
 Y15            1.000         1.000         1.000         1.000         1.000
 Y25            1.000         1.000         1.000         1.000         1.000
 Y35            1.000         1.000         1.000         1.000         1.000
 Y45            1.000         1.000         1.000         1.000         1.000
 Y16            1.000         1.000         1.000         1.000         1.000
 Y26            1.000         1.000         1.000         1.000         1.000
 Y36            1.000         1.000         1.000         1.000         1.000
 Y46            1.000         1.000         1.000         1.000         1.000
 Y17            1.000         1.000         1.000         1.000         1.000
 Y27            1.000         1.000         1.000         1.000         1.000
 Y37            1.000         1.000         1.000         1.000         1.000
 Y47            1.000         1.000         1.000         1.000         1.000
 Y18            1.000         1.000         1.000         1.000         1.000
 Y28            1.000         1.000         1.000         1.000         1.000
 Y38            1.000         1.000         1.000         1.000         1.000
 Y48            1.000         1.000         1.000         1.000         1.000
 Y19            1.000         1.000         1.000         1.000         1.000
 Y29            1.000         1.000         1.000         1.000         1.000
 Y39            1.000         1.000         1.000         1.000         1.000
 Y49            1.000         1.000         1.000         1.000         1.000
 Y110           1.000         1.000         1.000         1.000         1.000
 Y210           1.000         1.000         1.000         1.000         1.000
 Y310           1.000         1.000         1.000         1.000         1.000
 Y410           1.000         1.000         1.000         1.000         1.000
 Y111           1.000         1.000         1.000         1.000         1.000
 Y211           1.000         1.000         1.000         1.000         1.000
 Y311           1.000         1.000         1.000         1.000         1.000
 Y411           1.000         1.000         1.000         1.000         1.000
 Y112           1.000         1.000         1.000         1.000         1.000
 Y212           1.000         1.000         1.000         1.000         1.000
 Y312           1.000         1.000         1.000         1.000         1.000
 Y412           1.000         1.000         1.000         1.000         1.000
 Y113           1.000         1.000         1.000         1.000         1.000
 Y213           1.000         1.000         1.000         1.000         1.000
 Y313           1.000         1.000         1.000         1.000         1.000
 Y413           1.000         1.000         1.000         1.000         1.000
 Y114           1.000         1.000         1.000         1.000         1.000
 Y214           1.000         1.000         1.000         1.000         1.000
 Y314           1.000         1.000         1.000         1.000         1.000
 Y414           1.000         1.000         1.000         1.000         1.000
 Y115           1.000         1.000         1.000         1.000         1.000
 Y215           1.000         1.000         1.000         1.000         1.000
 Y315           1.000         1.000         1.000         1.000         1.000
 Y415           1.000         1.000         1.000         1.000         1.000


           Covariance Coverage
              Y44           Y15           Y25           Y35           Y45
              ________      ________      ________      ________      ________
 Y44            1.000
 Y15            1.000         1.000
 Y25            1.000         1.000         1.000
 Y35            1.000         1.000         1.000         1.000
 Y45            1.000         1.000         1.000         1.000         1.000
 Y16            1.000         1.000         1.000         1.000         1.000
 Y26            1.000         1.000         1.000         1.000         1.000
 Y36            1.000         1.000         1.000         1.000         1.000
 Y46            1.000         1.000         1.000         1.000         1.000
 Y17            1.000         1.000         1.000         1.000         1.000
 Y27            1.000         1.000         1.000         1.000         1.000
 Y37            1.000         1.000         1.000         1.000         1.000
 Y47            1.000         1.000         1.000         1.000         1.000
 Y18            1.000         1.000         1.000         1.000         1.000
 Y28            1.000         1.000         1.000         1.000         1.000
 Y38            1.000         1.000         1.000         1.000         1.000
 Y48            1.000         1.000         1.000         1.000         1.000
 Y19            1.000         1.000         1.000         1.000         1.000
 Y29            1.000         1.000         1.000         1.000         1.000
 Y39            1.000         1.000         1.000         1.000         1.000
 Y49            1.000         1.000         1.000         1.000         1.000
 Y110           1.000         1.000         1.000         1.000         1.000
 Y210           1.000         1.000         1.000         1.000         1.000
 Y310           1.000         1.000         1.000         1.000         1.000
 Y410           1.000         1.000         1.000         1.000         1.000
 Y111           1.000         1.000         1.000         1.000         1.000
 Y211           1.000         1.000         1.000         1.000         1.000
 Y311           1.000         1.000         1.000         1.000         1.000
 Y411           1.000         1.000         1.000         1.000         1.000
 Y112           1.000         1.000         1.000         1.000         1.000
 Y212           1.000         1.000         1.000         1.000         1.000
 Y312           1.000         1.000         1.000         1.000         1.000
 Y412           1.000         1.000         1.000         1.000         1.000
 Y113           1.000         1.000         1.000         1.000         1.000
 Y213           1.000         1.000         1.000         1.000         1.000
 Y313           1.000         1.000         1.000         1.000         1.000
 Y413           1.000         1.000         1.000         1.000         1.000
 Y114           1.000         1.000         1.000         1.000         1.000
 Y214           1.000         1.000         1.000         1.000         1.000
 Y314           1.000         1.000         1.000         1.000         1.000
 Y414           1.000         1.000         1.000         1.000         1.000
 Y115           1.000         1.000         1.000         1.000         1.000
 Y215           1.000         1.000         1.000         1.000         1.000
 Y315           1.000         1.000         1.000         1.000         1.000
 Y415           1.000         1.000         1.000         1.000         1.000


           Covariance Coverage
              Y16           Y26           Y36           Y46           Y17
              ________      ________      ________      ________      ________
 Y16            1.000
 Y26            1.000         1.000
 Y36            1.000         1.000         1.000
 Y46            1.000         1.000         1.000         1.000
 Y17            1.000         1.000         1.000         1.000         1.000
 Y27            1.000         1.000         1.000         1.000         1.000
 Y37            1.000         1.000         1.000         1.000         1.000
 Y47            1.000         1.000         1.000         1.000         1.000
 Y18            1.000         1.000         1.000         1.000         1.000
 Y28            1.000         1.000         1.000         1.000         1.000
 Y38            1.000         1.000         1.000         1.000         1.000
 Y48            1.000         1.000         1.000         1.000         1.000
 Y19            1.000         1.000         1.000         1.000         1.000
 Y29            1.000         1.000         1.000         1.000         1.000
 Y39            1.000         1.000         1.000         1.000         1.000
 Y49            1.000         1.000         1.000         1.000         1.000
 Y110           1.000         1.000         1.000         1.000         1.000
 Y210           1.000         1.000         1.000         1.000         1.000
 Y310           1.000         1.000         1.000         1.000         1.000
 Y410           1.000         1.000         1.000         1.000         1.000
 Y111           1.000         1.000         1.000         1.000         1.000
 Y211           1.000         1.000         1.000         1.000         1.000
 Y311           1.000         1.000         1.000         1.000         1.000
 Y411           1.000         1.000         1.000         1.000         1.000
 Y112           1.000         1.000         1.000         1.000         1.000
 Y212           1.000         1.000         1.000         1.000         1.000
 Y312           1.000         1.000         1.000         1.000         1.000
 Y412           1.000         1.000         1.000         1.000         1.000
 Y113           1.000         1.000         1.000         1.000         1.000
 Y213           1.000         1.000         1.000         1.000         1.000
 Y313           1.000         1.000         1.000         1.000         1.000
 Y413           1.000         1.000         1.000         1.000         1.000
 Y114           1.000         1.000         1.000         1.000         1.000
 Y214           1.000         1.000         1.000         1.000         1.000
 Y314           1.000         1.000         1.000         1.000         1.000
 Y414           1.000         1.000         1.000         1.000         1.000
 Y115           1.000         1.000         1.000         1.000         1.000
 Y215           1.000         1.000         1.000         1.000         1.000
 Y315           1.000         1.000         1.000         1.000         1.000
 Y415           1.000         1.000         1.000         1.000         1.000


           Covariance Coverage
              Y27           Y37           Y47           Y18           Y28
              ________      ________      ________      ________      ________
 Y27            1.000
 Y37            1.000         1.000
 Y47            1.000         1.000         1.000
 Y18            1.000         1.000         1.000         1.000
 Y28            1.000         1.000         1.000         1.000         1.000
 Y38            1.000         1.000         1.000         1.000         1.000
 Y48            1.000         1.000         1.000         1.000         1.000
 Y19            1.000         1.000         1.000         1.000         1.000
 Y29            1.000         1.000         1.000         1.000         1.000
 Y39            1.000         1.000         1.000         1.000         1.000
 Y49            1.000         1.000         1.000         1.000         1.000
 Y110           1.000         1.000         1.000         1.000         1.000
 Y210           1.000         1.000         1.000         1.000         1.000
 Y310           1.000         1.000         1.000         1.000         1.000
 Y410           1.000         1.000         1.000         1.000         1.000
 Y111           1.000         1.000         1.000         1.000         1.000
 Y211           1.000         1.000         1.000         1.000         1.000
 Y311           1.000         1.000         1.000         1.000         1.000
 Y411           1.000         1.000         1.000         1.000         1.000
 Y112           1.000         1.000         1.000         1.000         1.000
 Y212           1.000         1.000         1.000         1.000         1.000
 Y312           1.000         1.000         1.000         1.000         1.000
 Y412           1.000         1.000         1.000         1.000         1.000
 Y113           1.000         1.000         1.000         1.000         1.000
 Y213           1.000         1.000         1.000         1.000         1.000
 Y313           1.000         1.000         1.000         1.000         1.000
 Y413           1.000         1.000         1.000         1.000         1.000
 Y114           1.000         1.000         1.000         1.000         1.000
 Y214           1.000         1.000         1.000         1.000         1.000
 Y314           1.000         1.000         1.000         1.000         1.000
 Y414           1.000         1.000         1.000         1.000         1.000
 Y115           1.000         1.000         1.000         1.000         1.000
 Y215           1.000         1.000         1.000         1.000         1.000
 Y315           1.000         1.000         1.000         1.000         1.000
 Y415           1.000         1.000         1.000         1.000         1.000


           Covariance Coverage
              Y38           Y48           Y19           Y29           Y39
              ________      ________      ________      ________      ________
 Y38            1.000
 Y48            1.000         1.000
 Y19            1.000         1.000         1.000
 Y29            1.000         1.000         1.000         1.000
 Y39            1.000         1.000         1.000         1.000         1.000
 Y49            1.000         1.000         1.000         1.000         1.000
 Y110           1.000         1.000         1.000         1.000         1.000
 Y210           1.000         1.000         1.000         1.000         1.000
 Y310           1.000         1.000         1.000         1.000         1.000
 Y410           1.000         1.000         1.000         1.000         1.000
 Y111           1.000         1.000         1.000         1.000         1.000
 Y211           1.000         1.000         1.000         1.000         1.000
 Y311           1.000         1.000         1.000         1.000         1.000
 Y411           1.000         1.000         1.000         1.000         1.000
 Y112           1.000         1.000         1.000         1.000         1.000
 Y212           1.000         1.000         1.000         1.000         1.000
 Y312           1.000         1.000         1.000         1.000         1.000
 Y412           1.000         1.000         1.000         1.000         1.000
 Y113           1.000         1.000         1.000         1.000         1.000
 Y213           1.000         1.000         1.000         1.000         1.000
 Y313           1.000         1.000         1.000         1.000         1.000
 Y413           1.000         1.000         1.000         1.000         1.000
 Y114           1.000         1.000         1.000         1.000         1.000
 Y214           1.000         1.000         1.000         1.000         1.000
 Y314           1.000         1.000         1.000         1.000         1.000
 Y414           1.000         1.000         1.000         1.000         1.000
 Y115           1.000         1.000         1.000         1.000         1.000
 Y215           1.000         1.000         1.000         1.000         1.000
 Y315           1.000         1.000         1.000         1.000         1.000
 Y415           1.000         1.000         1.000         1.000         1.000


           Covariance Coverage
              Y49           Y110          Y210          Y310          Y410
              ________      ________      ________      ________      ________
 Y49            1.000
 Y110           1.000         1.000
 Y210           1.000         1.000         1.000
 Y310           1.000         1.000         1.000         1.000
 Y410           1.000         1.000         1.000         1.000         1.000
 Y111           1.000         1.000         1.000         1.000         1.000
 Y211           1.000         1.000         1.000         1.000         1.000
 Y311           1.000         1.000         1.000         1.000         1.000
 Y411           1.000         1.000         1.000         1.000         1.000
 Y112           1.000         1.000         1.000         1.000         1.000
 Y212           1.000         1.000         1.000         1.000         1.000
 Y312           1.000         1.000         1.000         1.000         1.000
 Y412           1.000         1.000         1.000         1.000         1.000
 Y113           1.000         1.000         1.000         1.000         1.000
 Y213           1.000         1.000         1.000         1.000         1.000
 Y313           1.000         1.000         1.000         1.000         1.000
 Y413           1.000         1.000         1.000         1.000         1.000
 Y114           1.000         1.000         1.000         1.000         1.000
 Y214           1.000         1.000         1.000         1.000         1.000
 Y314           1.000         1.000         1.000         1.000         1.000
 Y414           1.000         1.000         1.000         1.000         1.000
 Y115           1.000         1.000         1.000         1.000         1.000
 Y215           1.000         1.000         1.000         1.000         1.000
 Y315           1.000         1.000         1.000         1.000         1.000
 Y415           1.000         1.000         1.000         1.000         1.000


           Covariance Coverage
              Y111          Y211          Y311          Y411          Y112
              ________      ________      ________      ________      ________
 Y111           1.000
 Y211           1.000         1.000
 Y311           1.000         1.000         1.000
 Y411           1.000         1.000         1.000         1.000
 Y112           1.000         1.000         1.000         1.000         1.000
 Y212           1.000         1.000         1.000         1.000         1.000
 Y312           1.000         1.000         1.000         1.000         1.000
 Y412           1.000         1.000         1.000         1.000         1.000
 Y113           1.000         1.000         1.000         1.000         1.000
 Y213           1.000         1.000         1.000         1.000         1.000
 Y313           1.000         1.000         1.000         1.000         1.000
 Y413           1.000         1.000         1.000         1.000         1.000
 Y114           1.000         1.000         1.000         1.000         1.000
 Y214           1.000         1.000         1.000         1.000         1.000
 Y314           1.000         1.000         1.000         1.000         1.000
 Y414           1.000         1.000         1.000         1.000         1.000
 Y115           1.000         1.000         1.000         1.000         1.000
 Y215           1.000         1.000         1.000         1.000         1.000
 Y315           1.000         1.000         1.000         1.000         1.000
 Y415           1.000         1.000         1.000         1.000         1.000


           Covariance Coverage
              Y212          Y312          Y412          Y113          Y213
              ________      ________      ________      ________      ________
 Y212           1.000
 Y312           1.000         1.000
 Y412           1.000         1.000         1.000
 Y113           1.000         1.000         1.000         1.000
 Y213           1.000         1.000         1.000         1.000         1.000
 Y313           1.000         1.000         1.000         1.000         1.000
 Y413           1.000         1.000         1.000         1.000         1.000
 Y114           1.000         1.000         1.000         1.000         1.000
 Y214           1.000         1.000         1.000         1.000         1.000
 Y314           1.000         1.000         1.000         1.000         1.000
 Y414           1.000         1.000         1.000         1.000         1.000
 Y115           1.000         1.000         1.000         1.000         1.000
 Y215           1.000         1.000         1.000         1.000         1.000
 Y315           1.000         1.000         1.000         1.000         1.000
 Y415           1.000         1.000         1.000         1.000         1.000


           Covariance Coverage
              Y313          Y413          Y114          Y214          Y314
              ________      ________      ________      ________      ________
 Y313           1.000
 Y413           1.000         1.000
 Y114           1.000         1.000         1.000
 Y214           1.000         1.000         1.000         1.000
 Y314           1.000         1.000         1.000         1.000         1.000
 Y414           1.000         1.000         1.000         1.000         1.000
 Y115           1.000         1.000         1.000         1.000         1.000
 Y215           1.000         1.000         1.000         1.000         1.000
 Y315           1.000         1.000         1.000         1.000         1.000
 Y415           1.000         1.000         1.000         1.000         1.000


           Covariance Coverage
              Y414          Y115          Y215          Y315          Y415
              ________      ________      ________      ________      ________
 Y414           1.000
 Y115           1.000         1.000
 Y215           1.000         1.000         1.000
 Y315           1.000         1.000         1.000         1.000
 Y415           1.000         1.000         1.000         1.000         1.000



UNIVARIATE SAMPLE STATISTICS


     UNIVARIATE HIGHER-ORDER MOMENT DESCRIPTIVE STATISTICS

         Variable/         Mean/     Skewness/   Minimum/ % with                Percentiles
        Sample Size      Variance    Kurtosis    Maximum  Min/Max      20%/60%    40%/80%    Median

     Y11                   1.960       0.147      -5.000    1.00%       0.000      1.000      2.000
             100.000       5.298       0.130       7.000    5.00%       2.000      4.000
     Y21                   2.260       0.404       0.000   17.00%       1.000      2.000      2.000
             100.000       2.532      -0.400       6.000    4.00%       2.000      4.000
     Y31                   3.010       0.467      -2.000    1.00%       1.000      2.000      2.000
             100.000       6.790      -0.765       9.000    2.00%       3.000      5.000
     Y41                   3.310       0.307      -1.000    2.00%       2.000      3.000      3.000
             100.000       4.154      -0.013       9.000    1.00%       4.000      5.000
     Y12                   1.580       0.582      -3.000    1.00%       0.000      1.000      1.000
             100.000       3.184       0.054       6.000    4.00%       2.000      3.000
     Y22                   2.260       0.208      -1.000    1.00%       1.000      2.000      2.000
             100.000       2.012      -0.293       6.000    1.00%       3.000      3.000
     Y32                   2.760       0.321      -2.000    1.00%       0.000      1.000      3.000
             100.000       5.962      -0.690       9.000    1.00%       4.000      5.000
     Y42                   2.970       0.476       0.000    5.00%       1.000      2.000      3.000
             100.000       2.829      -0.006       8.000    1.00%       3.000      4.000
     Y13                   1.720       0.259      -3.000    3.00%       0.000      1.000      2.000
             100.000       3.882       0.164       7.000    2.00%       2.000      4.000
     Y23                   2.270       0.248      -2.000    2.00%       1.000      2.000      2.000
             100.000       2.717       0.809       7.000    1.00%       2.000      3.000
     Y33                   2.870       0.126      -3.000    1.00%       1.000      2.000      3.000
             100.000       6.633      -0.665       8.000    4.00%       3.000      5.000
     Y43                   3.300       0.043      -1.000    1.00%       2.000      3.000      3.000
             100.000       3.930      -0.495       8.000    2.00%       4.000      5.000
     Y14                   1.800       0.185      -4.000    1.00%       0.000      1.000      2.000
             100.000       3.900      -0.077       6.000    5.00%       2.000      3.000
     Y24                   2.170       0.646       0.000   12.00%       1.000      2.000      2.000
             100.000       2.041       0.561       7.000    1.00%       2.000      3.000
     Y34                   2.800      -0.374      -6.000    1.00%       1.000      2.000      3.000
             100.000       6.880       0.770       9.000    1.00%       4.000      5.000
     Y44                   3.290       0.078      -1.000    1.00%       2.000      3.000      3.000
             100.000       3.786      -0.398       8.000    2.00%       4.000      5.000
     Y15                   1.580       0.121      -3.000    1.00%       0.000      1.000      1.000
             100.000       3.664      -0.708       6.000    1.00%       2.000      3.000
     Y25                   2.220       0.383      -1.000    1.00%       1.000      2.000      2.000
             100.000       2.792      -0.493       6.000    5.00%       3.000      4.000
     Y35                   2.640       0.099      -4.000    1.00%       0.000      2.000      3.000
             100.000       7.330      -0.566       9.000    2.00%       4.000      5.000
     Y45                   3.220       0.286      -1.000    1.00%       1.000      3.000      3.000
             100.000       4.252      -0.543       8.000    3.00%       4.000      5.000
     Y16                   1.820       0.241      -3.000    1.00%       0.000      1.000      2.000
             100.000       3.648      -0.540       6.000    4.00%       2.000      4.000
     Y26                   2.270       0.538      -1.000    1.00%       1.000      2.000      2.000
             100.000       2.557       0.226       7.000    2.00%       2.000      4.000
     Y36                   3.080       0.687      -2.000    1.00%       1.000      2.000      2.000
             100.000       6.594      -0.039      11.000    1.00%       3.000      5.000
     Y46                   3.210      -0.232      -1.000    1.00%       2.000      3.000      4.000
             100.000       2.946      -0.585       7.000    1.00%       4.000      5.000
     Y17                   1.490       0.159      -4.000    1.00%       0.000      0.000      1.000
             100.000       4.430      -0.101       7.000    1.00%       2.000      4.000
     Y27                   2.150       0.419       0.000   21.00%       0.000      2.000      2.000
             100.000       2.628      -0.337       7.000    1.00%       3.000      3.000
     Y37                   2.600       0.186      -6.000    1.00%       0.000      2.000      2.000
             100.000       8.240       0.656      11.000    2.00%       3.000      5.000
     Y47                   3.080       0.172       0.000   10.00%       1.000      2.000      3.000
             100.000       3.714      -0.855       7.000    4.00%       4.000      5.000
     Y18                   1.700       0.234      -3.000    1.00%       0.000      1.000      2.000
             100.000       3.410      -0.497       6.000    1.00%       2.000      3.000
     Y28                   2.270       0.031       0.000    8.00%       1.000      2.000      2.000
             100.000       1.497      -0.534       5.000    3.00%       3.000      3.000
     Y38                   2.540       0.128      -3.000    1.00%       0.000      2.000      3.000
             100.000       5.628      -0.470       8.000    2.00%       3.000      4.000
     Y48                   3.250      -0.200       0.000   11.00%       2.000      3.000      4.000
             100.000       3.188      -0.643       7.000    2.00%       4.000      5.000
     Y19                   1.880       0.187      -4.000    1.00%       0.000      1.000      2.000
             100.000       4.046      -0.009       7.000    2.00%       2.000      4.000
     Y29                   2.270       0.099      -1.000    1.00%       1.000      2.000      2.000
             100.000       2.437      -0.664       6.000    2.00%       3.000      4.000
     Y39                   2.930       0.253      -2.000    4.00%       0.000      2.000      3.000
             100.000       6.865      -0.614      10.000    1.00%       4.000      5.000
     Y49                   3.260      -0.098      -1.000    1.00%       1.000      3.000      3.000
             100.000       3.412      -0.519       7.000    5.00%       4.000      5.000
     Y110                  1.710       0.538      -3.000    1.00%       0.000      1.000      1.000
             100.000       3.646       0.430       8.000    1.00%       2.000      3.000
     Y210                  2.390       0.427      -1.000    1.00%       1.000      2.000      2.000
             100.000       2.518       0.345       7.000    2.00%       3.000      4.000
     Y310                  2.860       0.463      -2.000    2.00%       1.000      2.000      3.000
             100.000       5.780       0.095      10.000    1.00%       3.000      5.000
     Y410                  3.380       0.331       0.000    6.00%       2.000      3.000      3.000
             100.000       3.696      -0.212       9.000    1.00%       4.000      5.000
     Y111                  1.640       0.163      -5.000    1.00%       0.000      1.000      1.000
             100.000       4.410       0.296       6.000    7.00%       2.000      3.000
     Y211                  2.100       0.492      -2.000    1.00%       1.000      2.000      2.000
             100.000       2.690       0.912       7.000    2.00%       2.000      3.000
     Y311                  2.470       0.035      -6.000    1.00%       0.000      2.000      2.000
             100.000       7.489       0.269      10.000    1.00%       3.000      5.000
     Y411                  3.240       0.028      -1.000    1.00%       1.000      3.000      3.000
             100.000       4.082      -0.797       7.000    6.00%       4.000      5.000
     Y112                  1.950       0.380      -2.000    3.00%       0.000      1.000      2.000
             100.000       3.848      -0.071       8.000    1.00%       3.000      3.000
     Y212                  2.340       0.258      -1.000    2.00%       1.000      2.000      2.000
             100.000       2.444      -0.251       6.000    4.00%       3.000      4.000
     Y312                  3.060       0.025      -4.000    1.00%       1.000      2.000      3.000
             100.000       7.476      -0.561       9.000    1.00%       4.000      6.000
     Y412                  3.420      -0.169       0.000    7.00%       2.000      3.000      3.000
             100.000       3.104      -0.725       7.000    2.00%       4.000      5.000
     Y113                  1.700       0.415      -2.000    1.00%       0.000      1.000      1.000
             100.000       3.410      -0.493       7.000    1.00%       2.000      3.000
     Y213                  2.280       0.493      -1.000    1.00%       1.000      2.000      2.000
             100.000       2.222      -0.054       6.000    3.00%       2.000      3.000
     Y313                  2.950       0.479      -2.000    1.00%       1.000      2.000      2.500
             100.000       6.027      -0.366       9.000    3.00%       3.000      5.000
     Y413                  3.400       0.087       0.000    8.00%       2.000      3.000      3.000
             100.000       3.420      -0.344       8.000    2.00%       4.000      5.000
     Y114                  1.700       0.002      -3.000    2.00%       0.000      1.000      1.000
             100.000       3.450      -0.489       5.000    8.00%       2.000      4.000
     Y214                  2.350       0.245      -1.000    1.00%       1.000      2.000      2.000
             100.000       2.507      -0.365       7.000    1.00%       3.000      4.000
     Y314                  2.860       0.009      -2.000    2.00%       1.000      2.000      3.000
             100.000       4.980      -0.735       8.000    1.00%       4.000      5.000
     Y414                  3.010       0.107      -1.000    1.00%       2.000      3.000      3.000
             100.000       2.890      -0.214       7.000    3.00%       3.000      4.000
     Y115                  1.830       0.416      -3.000    1.00%       0.000      1.000      2.000
             100.000       3.821       0.502       8.000    1.00%       2.000      4.000
     Y215                  2.270       0.816       0.000    9.00%       1.000      2.000      2.000
             100.000       2.017       1.571       8.000    1.00%       2.000      3.000
     Y315                  2.650       0.212      -4.000    1.00%       0.000      2.000      3.000
             100.000       5.587       0.551      11.000    1.00%       3.000      5.000
     Y415                  3.310       0.293       0.000    8.00%       2.000      3.000      3.000
             100.000       3.414       0.055       8.000    3.00%       4.000      5.000


THE MODEL ESTIMATION TERMINATED NORMALLY



MODEL FIT INFORMATION

Number of Free Parameters                       20

Loglikelihood

          H0 Value                      -10092.587
          H1 Value                       -8912.593

Information Criteria

          Akaike (AIC)                   20225.174
          Bayesian (BIC)                 20277.278
          Sample-Size Adjusted BIC       20214.113
            (n* = (n + 2) / 24)

Chi-Square Test of Model Fit

          Value                           2359.987
          Degrees of Freedom                  1870
          P-Value                           0.0000

RMSEA (Root Mean Square Error Of Approximation)

          Estimate                           0.051
          90 Percent C.I.                    0.044  0.057
          Probability RMSEA <= .05           0.378

CFI/TLI

          CFI                                0.909
          TLI                                0.914

Chi-Square Test of Model Fit for the Baseline Model

          Value                           7181.305
          Degrees of Freedom                  1770
          P-Value                           0.0000

SRMR (Standardized Root Mean Square Residual)

          Value                              0.088



MODEL RESULTS

                                                    Two-Tailed
                    Estimate       S.E.  Est./S.E.    P-Value

 CS1      BY
    Y11                1.000      0.000    999.000    999.000
    Y21                0.536      0.021     25.583      0.000
    Y31                1.395      0.044     31.809      0.000
    Y41                0.860      0.029     29.692      0.000

 CS2      BY
    Y12                1.000      0.000    999.000    999.000
    Y22                0.536      0.021     25.583      0.000
    Y32                1.395      0.044     31.809      0.000
    Y42                0.860      0.029     29.692      0.000

 CS3      BY
    Y13                1.000      0.000    999.000    999.000
    Y23                0.536      0.021     25.583      0.000
    Y33                1.395      0.044     31.809      0.000
    Y43                0.860      0.029     29.692      0.000

 CS4      BY
    Y14                1.000      0.000    999.000    999.000
    Y24                0.536      0.021     25.583      0.000
    Y34                1.395      0.044     31.809      0.000
    Y44                0.860      0.029     29.692      0.000

 CS5      BY
    Y15                1.000      0.000    999.000    999.000
    Y25                0.536      0.021     25.583      0.000
    Y35                1.395      0.044     31.809      0.000
    Y45                0.860      0.029     29.692      0.000

 CS6      BY
    Y16                1.000      0.000    999.000    999.000
    Y26                0.536      0.021     25.583      0.000
    Y36                1.395      0.044     31.809      0.000
    Y46                0.860      0.029     29.692      0.000

 CS7      BY
    Y17                1.000      0.000    999.000    999.000
    Y27                0.536      0.021     25.583      0.000
    Y37                1.395      0.044     31.809      0.000
    Y47                0.860      0.029     29.692      0.000

 CS8      BY
    Y18                1.000      0.000    999.000    999.000
    Y28                0.536      0.021     25.583      0.000
    Y38                1.395      0.044     31.809      0.000
    Y48                0.860      0.029     29.692      0.000

 CS9      BY
    Y19                1.000      0.000    999.000    999.000
    Y29                0.536      0.021     25.583      0.000
    Y39                1.395      0.044     31.809      0.000
    Y49                0.860      0.029     29.692      0.000

 CS10     BY
    Y110               1.000      0.000    999.000    999.000
    Y210               0.536      0.021     25.583      0.000
    Y310               1.395      0.044     31.809      0.000
    Y410               0.860      0.029     29.692      0.000

 CS11     BY
    Y111               1.000      0.000    999.000    999.000
    Y211               0.536      0.021     25.583      0.000
    Y311               1.395      0.044     31.809      0.000
    Y411               0.860      0.029     29.692      0.000

 CS12     BY
    Y112               1.000      0.000    999.000    999.000
    Y212               0.536      0.021     25.583      0.000
    Y312               1.395      0.044     31.809      0.000
    Y412               0.860      0.029     29.692      0.000

 CS13     BY
    Y113               1.000      0.000    999.000    999.000
    Y213               0.536      0.021     25.583      0.000
    Y313               1.395      0.044     31.809      0.000
    Y413               0.860      0.029     29.692      0.000

 CS14     BY
    Y114               1.000      0.000    999.000    999.000
    Y214               0.536      0.021     25.583      0.000
    Y314               1.395      0.044     31.809      0.000
    Y414               0.860      0.029     29.692      0.000

 CS15     BY
    Y115               1.000      0.000    999.000    999.000
    Y215               0.536      0.021     25.583      0.000
    Y315               1.395      0.044     31.809      0.000
    Y415               0.860      0.029     29.692      0.000

 CT       BY
    Y11                1.000      0.000    999.000    999.000
    Y21                0.818      0.124      6.606      0.000
    Y31                1.367      0.154      8.901      0.000
    Y41                0.915      0.131      7.007      0.000
    Y12                1.000      0.000    999.000    999.000
    Y22                0.818      0.124      6.606      0.000
    Y32                1.367      0.154      8.901      0.000
    Y42                0.915      0.131      7.007      0.000
    Y13                1.000      0.000    999.000    999.000
    Y23                0.818      0.124      6.606      0.000
    Y33                1.367      0.154      8.901      0.000
    Y43                0.915      0.131      7.007      0.000
    Y14                1.000      0.000    999.000    999.000
    Y24                0.818      0.124      6.606      0.000
    Y34                1.367      0.154      8.901      0.000
    Y44                0.915      0.131      7.007      0.000
    Y15                1.000      0.000    999.000    999.000
    Y25                0.818      0.124      6.606      0.000
    Y35                1.367      0.154      8.901      0.000
    Y45                0.915      0.131      7.007      0.000
    Y16                1.000      0.000    999.000    999.000
    Y26                0.818      0.124      6.606      0.000
    Y36                1.367      0.154      8.901      0.000
    Y46                0.915      0.131      7.007      0.000
    Y17                1.000      0.000    999.000    999.000
    Y27                0.818      0.124      6.606      0.000
    Y37                1.367      0.154      8.901      0.000
    Y47                0.915      0.131      7.007      0.000
    Y18                1.000      0.000    999.000    999.000
    Y28                0.818      0.124      6.606      0.000
    Y38                1.367      0.154      8.901      0.000
    Y48                0.915      0.131      7.007      0.000
    Y19                1.000      0.000    999.000    999.000
    Y29                0.818      0.124      6.606      0.000
    Y39                1.367      0.154      8.901      0.000
    Y49                0.915      0.131      7.007      0.000
    Y110               1.000      0.000    999.000    999.000
    Y210               0.818      0.124      6.606      0.000
    Y310               1.367      0.154      8.901      0.000
    Y410               0.915      0.131      7.007      0.000
    Y111               1.000      0.000    999.000    999.000
    Y211               0.818      0.124      6.606      0.000
    Y311               1.367      0.154      8.901      0.000
    Y411               0.915      0.131      7.007      0.000
    Y112               1.000      0.000    999.000    999.000
    Y212               0.818      0.124      6.606      0.000
    Y312               1.367      0.154      8.901      0.000
    Y412               0.915      0.131      7.007      0.000
    Y113               1.000      0.000    999.000    999.000
    Y213               0.818      0.124      6.606      0.000
    Y313               1.367      0.154      8.901      0.000
    Y413               0.915      0.131      7.007      0.000
    Y114               1.000      0.000    999.000    999.000
    Y214               0.818      0.124      6.606      0.000
    Y314               1.367      0.154      8.901      0.000
    Y414               0.915      0.131      7.007      0.000
    Y115               1.000      0.000    999.000    999.000
    Y215               0.818      0.124      6.606      0.000
    Y315               1.367      0.154      8.901      0.000
    Y415               0.915      0.131      7.007      0.000

 UT1      BY
    Y11                1.000      0.000    999.000    999.000
    Y12                1.000      0.000    999.000    999.000
    Y13                1.000      0.000    999.000    999.000
    Y14                1.000      0.000    999.000    999.000
    Y15                1.000      0.000    999.000    999.000
    Y16                1.000      0.000    999.000    999.000
    Y17                1.000      0.000    999.000    999.000
    Y18                1.000      0.000    999.000    999.000
    Y19                1.000      0.000    999.000    999.000
    Y110               1.000      0.000    999.000    999.000
    Y111               1.000      0.000    999.000    999.000
    Y112               1.000      0.000    999.000    999.000
    Y113               1.000      0.000    999.000    999.000
    Y114               1.000      0.000    999.000    999.000
    Y115               1.000      0.000    999.000    999.000

 UT2      BY
    Y21                1.000      0.000    999.000    999.000
    Y22                1.000      0.000    999.000    999.000
    Y23                1.000      0.000    999.000    999.000
    Y24                1.000      0.000    999.000    999.000
    Y25                1.000      0.000    999.000    999.000
    Y26                1.000      0.000    999.000    999.000
    Y27                1.000      0.000    999.000    999.000
    Y28                1.000      0.000    999.000    999.000
    Y29                1.000      0.000    999.000    999.000
    Y210               1.000      0.000    999.000    999.000
    Y211               1.000      0.000    999.000    999.000
    Y212               1.000      0.000    999.000    999.000
    Y213               1.000      0.000    999.000    999.000
    Y214               1.000      0.000    999.000    999.000
    Y215               1.000      0.000    999.000    999.000

 UT3      BY
    Y31                1.000      0.000    999.000    999.000
    Y32                1.000      0.000    999.000    999.000
    Y33                1.000      0.000    999.000    999.000
    Y34                1.000      0.000    999.000    999.000
    Y35                1.000      0.000    999.000    999.000
    Y36                1.000      0.000    999.000    999.000
    Y37                1.000      0.000    999.000    999.000
    Y38                1.000      0.000    999.000    999.000
    Y39                1.000      0.000    999.000    999.000
    Y310               1.000      0.000    999.000    999.000
    Y311               1.000      0.000    999.000    999.000
    Y312               1.000      0.000    999.000    999.000
    Y313               1.000      0.000    999.000    999.000
    Y314               1.000      0.000    999.000    999.000
    Y315               1.000      0.000    999.000    999.000

 UT4      BY
    Y41                1.000      0.000    999.000    999.000
    Y42                1.000      0.000    999.000    999.000
    Y43                1.000      0.000    999.000    999.000
    Y44                1.000      0.000    999.000    999.000
    Y45                1.000      0.000    999.000    999.000
    Y46                1.000      0.000    999.000    999.000
    Y47                1.000      0.000    999.000    999.000
    Y48                1.000      0.000    999.000    999.000
    Y49                1.000      0.000    999.000    999.000
    Y410               1.000      0.000    999.000    999.000
    Y411               1.000      0.000    999.000    999.000
    Y412               1.000      0.000    999.000    999.000
    Y413               1.000      0.000    999.000    999.000
    Y414               1.000      0.000    999.000    999.000
    Y415               1.000      0.000    999.000    999.000

 CS1      WITH
    CS2                0.000      0.000    999.000    999.000
    CS3                0.000      0.000    999.000    999.000
    CS4                0.000      0.000    999.000    999.000
    CS5                0.000      0.000    999.000    999.000
    CS6                0.000      0.000    999.000    999.000
    CS7                0.000      0.000    999.000    999.000
    CS8                0.000      0.000    999.000    999.000
    CS9                0.000      0.000    999.000    999.000
    CS10               0.000      0.000    999.000    999.000
    CS11               0.000      0.000    999.000    999.000
    CS12               0.000      0.000    999.000    999.000
    CS13               0.000      0.000    999.000    999.000
    CS14               0.000      0.000    999.000    999.000
    CS15               0.000      0.000    999.000    999.000
    UT1                0.000      0.000    999.000    999.000
    UT2                0.000      0.000    999.000    999.000
    UT3                0.000      0.000    999.000    999.000
    UT4                0.000      0.000    999.000    999.000
    CT                 0.000      0.000    999.000    999.000

 CS2      WITH
    CS3                0.000      0.000    999.000    999.000
    CS4                0.000      0.000    999.000    999.000
    CS5                0.000      0.000    999.000    999.000
    CS6                0.000      0.000    999.000    999.000
    CS7                0.000      0.000    999.000    999.000
    CS8                0.000      0.000    999.000    999.000
    CS9                0.000      0.000    999.000    999.000
    CS10               0.000      0.000    999.000    999.000
    CS11               0.000      0.000    999.000    999.000
    CS12               0.000      0.000    999.000    999.000
    CS13               0.000      0.000    999.000    999.000
    CS14               0.000      0.000    999.000    999.000
    CS15               0.000      0.000    999.000    999.000
    UT1                0.000      0.000    999.000    999.000
    UT2                0.000      0.000    999.000    999.000
    UT3                0.000      0.000    999.000    999.000
    UT4                0.000      0.000    999.000    999.000
    CT                 0.000      0.000    999.000    999.000

 CS3      WITH
    CS4                0.000      0.000    999.000    999.000
    CS5                0.000      0.000    999.000    999.000
    CS6                0.000      0.000    999.000    999.000
    CS7                0.000      0.000    999.000    999.000
    CS8                0.000      0.000    999.000    999.000
    CS9                0.000      0.000    999.000    999.000
    CS10               0.000      0.000    999.000    999.000
    CS11               0.000      0.000    999.000    999.000
    CS12               0.000      0.000    999.000    999.000
    CS13               0.000      0.000    999.000    999.000
    CS14               0.000      0.000    999.000    999.000
    CS15               0.000      0.000    999.000    999.000
    UT1                0.000      0.000    999.000    999.000
    UT2                0.000      0.000    999.000    999.000
    UT3                0.000      0.000    999.000    999.000
    UT4                0.000      0.000    999.000    999.000
    CT                 0.000      0.000    999.000    999.000

 CS4      WITH
    CS5                0.000      0.000    999.000    999.000
    CS6                0.000      0.000    999.000    999.000
    CS7                0.000      0.000    999.000    999.000
    CS8                0.000      0.000    999.000    999.000
    CS9                0.000      0.000    999.000    999.000
    CS10               0.000      0.000    999.000    999.000
    CS11               0.000      0.000    999.000    999.000
    CS12               0.000      0.000    999.000    999.000
    CS13               0.000      0.000    999.000    999.000
    CS14               0.000      0.000    999.000    999.000
    CS15               0.000      0.000    999.000    999.000
    UT1                0.000      0.000    999.000    999.000
    UT2                0.000      0.000    999.000    999.000
    UT3                0.000      0.000    999.000    999.000
    UT4                0.000      0.000    999.000    999.000
    CT                 0.000      0.000    999.000    999.000

 CS5      WITH
    CS6                0.000      0.000    999.000    999.000
    CS7                0.000      0.000    999.000    999.000
    CS8                0.000      0.000    999.000    999.000
    CS9                0.000      0.000    999.000    999.000
    CS10               0.000      0.000    999.000    999.000
    CS11               0.000      0.000    999.000    999.000
    CS12               0.000      0.000    999.000    999.000
    CS13               0.000      0.000    999.000    999.000
    CS14               0.000      0.000    999.000    999.000
    CS15               0.000      0.000    999.000    999.000
    UT1                0.000      0.000    999.000    999.000
    UT2                0.000      0.000    999.000    999.000
    UT3                0.000      0.000    999.000    999.000
    UT4                0.000      0.000    999.000    999.000
    CT                 0.000      0.000    999.000    999.000

 CS6      WITH
    CS7                0.000      0.000    999.000    999.000
    CS8                0.000      0.000    999.000    999.000
    CS9                0.000      0.000    999.000    999.000
    CS10               0.000      0.000    999.000    999.000
    CS11               0.000      0.000    999.000    999.000
    CS12               0.000      0.000    999.000    999.000
    CS13               0.000      0.000    999.000    999.000
    CS14               0.000      0.000    999.000    999.000
    CS15               0.000      0.000    999.000    999.000
    UT1                0.000      0.000    999.000    999.000
    UT2                0.000      0.000    999.000    999.000
    UT3                0.000      0.000    999.000    999.000
    UT4                0.000      0.000    999.000    999.000
    CT                 0.000      0.000    999.000    999.000

 CS7      WITH
    CS8                0.000      0.000    999.000    999.000
    CS9                0.000      0.000    999.000    999.000
    CS10               0.000      0.000    999.000    999.000
    CS11               0.000      0.000    999.000    999.000
    CS12               0.000      0.000    999.000    999.000
    CS13               0.000      0.000    999.000    999.000
    CS14               0.000      0.000    999.000    999.000
    CS15               0.000      0.000    999.000    999.000
    UT1                0.000      0.000    999.000    999.000
    UT2                0.000      0.000    999.000    999.000
    UT3                0.000      0.000    999.000    999.000
    UT4                0.000      0.000    999.000    999.000
    CT                 0.000      0.000    999.000    999.000

 CS8      WITH
    CS9                0.000      0.000    999.000    999.000
    CS10               0.000      0.000    999.000    999.000
    CS11               0.000      0.000    999.000    999.000
    CS12               0.000      0.000    999.000    999.000
    CS13               0.000      0.000    999.000    999.000
    CS14               0.000      0.000    999.000    999.000
    CS15               0.000      0.000    999.000    999.000
    UT1                0.000      0.000    999.000    999.000
    UT2                0.000      0.000    999.000    999.000
    UT3                0.000      0.000    999.000    999.000
    UT4                0.000      0.000    999.000    999.000
    CT                 0.000      0.000    999.000    999.000

 CS9      WITH
    CS10               0.000      0.000    999.000    999.000
    CS11               0.000      0.000    999.000    999.000
    CS12               0.000      0.000    999.000    999.000
    CS13               0.000      0.000    999.000    999.000
    CS14               0.000      0.000    999.000    999.000
    CS15               0.000      0.000    999.000    999.000
    UT1                0.000      0.000    999.000    999.000
    UT2                0.000      0.000    999.000    999.000
    UT3                0.000      0.000    999.000    999.000
    UT4                0.000      0.000    999.000    999.000
    CT                 0.000      0.000    999.000    999.000

 CS10     WITH
    CS11               0.000      0.000    999.000    999.000
    CS12               0.000      0.000    999.000    999.000
    CS13               0.000      0.000    999.000    999.000
    CS14               0.000      0.000    999.000    999.000
    CS15               0.000      0.000    999.000    999.000
    UT1                0.000      0.000    999.000    999.000
    UT2                0.000      0.000    999.000    999.000
    UT3                0.000      0.000    999.000    999.000
    UT4                0.000      0.000    999.000    999.000
    CT                 0.000      0.000    999.000    999.000

 CS11     WITH
    CS12               0.000      0.000    999.000    999.000
    CS13               0.000      0.000    999.000    999.000
    CS14               0.000      0.000    999.000    999.000
    CS15               0.000      0.000    999.000    999.000
    UT1                0.000      0.000    999.000    999.000
    UT2                0.000      0.000    999.000    999.000
    UT3                0.000      0.000    999.000    999.000
    UT4                0.000      0.000    999.000    999.000
    CT                 0.000      0.000    999.000    999.000

 CS12     WITH
    CS13               0.000      0.000    999.000    999.000
    CS14               0.000      0.000    999.000    999.000
    CS15               0.000      0.000    999.000    999.000
    UT1                0.000      0.000    999.000    999.000
    UT2                0.000      0.000    999.000    999.000
    UT3                0.000      0.000    999.000    999.000
    UT4                0.000      0.000    999.000    999.000
    CT                 0.000      0.000    999.000    999.000

 CS13     WITH
    CS14               0.000      0.000    999.000    999.000
    CS15               0.000      0.000    999.000    999.000
    UT1                0.000      0.000    999.000    999.000
    UT2                0.000      0.000    999.000    999.000
    UT3                0.000      0.000    999.000    999.000
    UT4                0.000      0.000    999.000    999.000
    CT                 0.000      0.000    999.000    999.000

 CS14     WITH
    CS15               0.000      0.000    999.000    999.000
    UT1                0.000      0.000    999.000    999.000
    UT2                0.000      0.000    999.000    999.000
    UT3                0.000      0.000    999.000    999.000
    UT4                0.000      0.000    999.000    999.000
    CT                 0.000      0.000    999.000    999.000

 CS15     WITH
    UT1                0.000      0.000    999.000    999.000
    UT2                0.000      0.000    999.000    999.000
    UT3                0.000      0.000    999.000    999.000
    UT4                0.000      0.000    999.000    999.000
    CT                 0.000      0.000    999.000    999.000

 UT1      WITH
    UT2                0.000      0.000    999.000    999.000
    UT3                0.000      0.000    999.000    999.000
    UT4                0.000      0.000    999.000    999.000
    CT                 0.000      0.000    999.000    999.000

 UT2      WITH
    UT3                0.000      0.000    999.000    999.000
    UT4                0.000      0.000    999.000    999.000
    CT                 0.000      0.000    999.000    999.000

 UT3      WITH
    UT4                0.000      0.000    999.000    999.000
    CT                 0.000      0.000    999.000    999.000

 UT4      WITH
    CT                 0.000      0.000    999.000    999.000

 Intercepts
    Y11                1.737      0.123     14.182      0.000
    Y21                2.258      0.119     19.033      0.000
    Y31                2.805      0.151     18.524      0.000
    Y41                3.243      0.126     25.736      0.000
    Y12                1.737      0.123     14.182      0.000
    Y22                2.258      0.119     19.033      0.000
    Y32                2.805      0.151     18.524      0.000
    Y42                3.243      0.126     25.736      0.000
    Y13                1.737      0.123     14.182      0.000
    Y23                2.258      0.119     19.033      0.000
    Y33                2.805      0.151     18.524      0.000
    Y43                3.243      0.126     25.736      0.000
    Y14                1.737      0.123     14.182      0.000
    Y24                2.258      0.119     19.033      0.000
    Y34                2.805      0.151     18.524      0.000
    Y44                3.243      0.126     25.736      0.000
    Y15                1.737      0.123     14.182      0.000
    Y25                2.258      0.119     19.033      0.000
    Y35                2.805      0.151     18.524      0.000
    Y45                3.243      0.126     25.736      0.000
    Y16                1.737      0.123     14.182      0.000
    Y26                2.258      0.119     19.033      0.000
    Y36                2.805      0.151     18.524      0.000
    Y46                3.243      0.126     25.736      0.000
    Y17                1.737      0.123     14.182      0.000
    Y27                2.258      0.119     19.033      0.000
    Y37                2.805      0.151     18.524      0.000
    Y47                3.243      0.126     25.736      0.000
    Y18                1.737      0.123     14.182      0.000
    Y28                2.258      0.119     19.033      0.000
    Y38                2.805      0.151     18.524      0.000
    Y48                3.243      0.126     25.736      0.000
    Y19                1.737      0.123     14.182      0.000
    Y29                2.258      0.119     19.033      0.000
    Y39                2.805      0.151     18.524      0.000
    Y49                3.243      0.126     25.736      0.000
    Y110               1.737      0.123     14.182      0.000
    Y210               2.258      0.119     19.033      0.000
    Y310               2.805      0.151     18.524      0.000
    Y410               3.243      0.126     25.736      0.000
    Y111               1.737      0.123     14.182      0.000
    Y211               2.258      0.119     19.033      0.000
    Y311               2.805      0.151     18.524      0.000
    Y411               3.243      0.126     25.736      0.000
    Y112               1.737      0.123     14.182      0.000
    Y212               2.258      0.119     19.033      0.000
    Y312               2.805      0.151     18.524      0.000
    Y412               3.243      0.126     25.736      0.000
    Y113               1.737      0.123     14.182      0.000
    Y213               2.258      0.119     19.033      0.000
    Y313               2.805      0.151     18.524      0.000
    Y413               3.243      0.126     25.736      0.000
    Y114               1.737      0.123     14.182      0.000
    Y214               2.258      0.119     19.033      0.000
    Y314               2.805      0.151     18.524      0.000
    Y414               3.243      0.126     25.736      0.000
    Y115               1.737      0.123     14.182      0.000
    Y215               2.258      0.119     19.033      0.000
    Y315               2.805      0.151     18.524      0.000
    Y415               3.243      0.126     25.736      0.000

 Variances
    CS1                1.668      0.097     17.140      0.000
    CS2                1.668      0.097     17.140      0.000
    CS3                1.668      0.097     17.140      0.000
    CS4                1.668      0.097     17.140      0.000
    CS5                1.668      0.097     17.140      0.000
    CS6                1.668      0.097     17.140      0.000
    CS7                1.668      0.097     17.140      0.000
    CS8                1.668      0.097     17.140      0.000
    CS9                1.668      0.097     17.140      0.000
    CS10               1.668      0.097     17.140      0.000
    CS11               1.668      0.097     17.140      0.000
    CS12               1.668      0.097     17.140      0.000
    CS13               1.668      0.097     17.140      0.000
    CS14               1.668      0.097     17.140      0.000
    CS15               1.668      0.097     17.140      0.000
    CT                 0.907      0.212      4.287      0.000
    UT1                0.423      0.097      4.350      0.000
    UT2                0.731      0.124      5.888      0.000
    UT3                0.291      0.133      2.187      0.029
    UT4                0.690      0.121      5.681      0.000

 Residual Variances
    Y11                0.892      0.049     18.273      0.000
    Y21                0.563      0.025     22.931      0.000
    Y31                1.352      0.084     16.063      0.000
    Y41                0.853      0.042     20.298      0.000
    Y12                0.892      0.049     18.273      0.000
    Y22                0.563      0.025     22.931      0.000
    Y32                1.352      0.084     16.063      0.000
    Y42                0.853      0.042     20.298      0.000
    Y13                0.892      0.049     18.273      0.000
    Y23                0.563      0.025     22.931      0.000
    Y33                1.352      0.084     16.063      0.000
    Y43                0.853      0.042     20.298      0.000
    Y14                0.892      0.049     18.273      0.000
    Y24                0.563      0.025     22.931      0.000
    Y34                1.352      0.084     16.063      0.000
    Y44                0.853      0.042     20.298      0.000
    Y15                0.892      0.049     18.273      0.000
    Y25                0.563      0.025     22.931      0.000
    Y35                1.352      0.084     16.063      0.000
    Y45                0.853      0.042     20.298      0.000
    Y16                0.892      0.049     18.273      0.000
    Y26                0.563      0.025     22.931      0.000
    Y36                1.352      0.084     16.063      0.000
    Y46                0.853      0.042     20.298      0.000
    Y17                0.892      0.049     18.273      0.000
    Y27                0.563      0.025     22.931      0.000
    Y37                1.352      0.084     16.063      0.000
    Y47                0.853      0.042     20.298      0.000
    Y18                0.892      0.049     18.273      0.000
    Y28                0.563      0.025     22.931      0.000
    Y38                1.352      0.084     16.063      0.000
    Y48                0.853      0.042     20.298      0.000
    Y19                0.892      0.049     18.273      0.000
    Y29                0.563      0.025     22.931      0.000
    Y39                1.352      0.084     16.063      0.000
    Y49                0.853      0.042     20.298      0.000
    Y110               0.892      0.049     18.273      0.000
    Y210               0.563      0.025     22.931      0.000
    Y310               1.352      0.084     16.063      0.000
    Y410               0.853      0.042     20.298      0.000
    Y111               0.892      0.049     18.273      0.000
    Y211               0.563      0.025     22.931      0.000
    Y311               1.352      0.084     16.063      0.000
    Y411               0.853      0.042     20.298      0.000
    Y112               0.892      0.049     18.273      0.000
    Y212               0.563      0.025     22.931      0.000
    Y312               1.352      0.084     16.063      0.000
    Y412               0.853      0.042     20.298      0.000
    Y113               0.892      0.049     18.273      0.000
    Y213               0.563      0.025     22.931      0.000
    Y313               1.352      0.084     16.063      0.000
    Y413               0.853      0.042     20.298      0.000
    Y114               0.892      0.049     18.273      0.000
    Y214               0.563      0.025     22.931      0.000
    Y314               1.352      0.084     16.063      0.000
    Y414               0.853      0.042     20.298      0.000
    Y115               0.892      0.049     18.273      0.000
    Y215               0.563      0.025     22.931      0.000
    Y315               1.352      0.084     16.063      0.000
    Y415               0.853      0.042     20.298      0.000


QUALITY OF NUMERICAL RESULTS

     Condition Number for the Information Matrix              0.410E-02
       (ratio of smallest to largest eigenvalue)


     Beginning Time:  04:24:41
        Ending Time:  04:24:44
       Elapsed Time:  00:00:03



MUTHEN & MUTHEN
3463 Stoner Ave.
Los Angeles, CA  90066

Tel: (310) 391-9971
Fax: (310) 391-8971
Web: www.StatModel.com
Support: Support@StatModel.com

Copyright (c) 1998-2017 Muthen & Muthen
