Mplus VERSION 8
MUTHEN & MUTHEN
02/14/2019   7:02 PM

INPUT INSTRUCTIONS

  TITLE: Your title goes here
  DATA: FILE = "Mplus_files_Results/cuts_long_trunc_n200_i3_nt45_na0.2.dat";
  VARIABLE:
  NAMES = subjn time y1 y2 y3;
  MISSING=.;
  USEVAR = y1
  y2
  y3 ;
  CLUSTER = subjn ;

  ANALYSIS:
  TYPE = TWOLEVEL ;
  ESTIMATOR = ML ;
  ITERATIONS = 50000 ;
  H1ITERATIONS = 50000 ;


  MODEL:

  %WITHIN%

  ! common states
  CS BY y1@1
  y2 (lcs2)
  y3 (lcs3) ;

  %BETWEEN%

  ! common trait
  CT BY y1@1
  y2 (lct2)
  y3 (lct3) ;



*** WARNING
  Data set contains cases with missing on all variables.
  These cases were not included in the analysis.
  Number of cases with missing on all variables:  75
   1 WARNING(S) FOUND IN THE INPUT INSTRUCTIONS



Your title goes here

SUMMARY OF ANALYSIS

Number of groups                                                 1
Number of observations                                        8925

Number of dependent variables                                    3
Number of independent variables                                  0
Number of continuous latent variables                            2

Observed dependent variables

  Continuous
   Y1          Y2          Y3

Continuous latent variables
   CS          CT

Variables with special functions

  Cluster variable      SUBJN

Estimator                                                       ML
Information matrix                                        OBSERVED
Maximum number of iterations                                 50000
Convergence criterion                                    0.100D-05
Maximum number of EM iterations                                500
Convergence criteria for the EM algorithm
  Loglikelihood change                                   0.100D-02
  Relative loglikelihood change                          0.100D-05
  Derivative                                             0.100D-03
Minimum variance                                         0.100D-03
Maximum number of steepest descent iterations                   20
Maximum number of iterations for H1                          50000
Convergence criterion for H1                             0.100D-03
Optimization algorithm                                         EMA

Input data file(s)
  Mplus_files_Results/cuts_long_trunc_n200_i3_nt45_na0.2.dat
Input data format  FREE


SUMMARY OF DATA

     Number of missing data patterns             7
     Number of clusters                        200

     Average cluster size       44.625

     Estimated Intraclass Correlations for the Y Variables

                Intraclass              Intraclass              Intraclass
     Variable  Correlation   Variable  Correlation   Variable  Correlation

     Y1           0.367      Y2           0.602      Y3           0.322



COVARIANCE COVERAGE OF DATA

Minimum covariance coverage value   0.100


     PROPORTION OF DATA PRESENT


           Covariance Coverage
              Y1            Y2            Y3
              ________      ________      ________
 Y1             0.804
 Y2             0.640         0.805
 Y3             0.640         0.643         0.805



UNIVARIATE SAMPLE STATISTICS


     UNIVARIATE HIGHER-ORDER MOMENT DESCRIPTIVE STATISTICS

         Variable/         Mean/     Skewness/   Minimum/ % with                Percentiles
        Sample Size      Variance    Kurtosis    Maximum  Min/Max      20%/60%    40%/80%    Median

     Y1                    1.701       0.393      -6.000    0.01%       0.000      1.000      2.000
            7178.000       3.954       0.333      11.000    0.01%       2.000      3.000
     Y2                    2.075       0.417      -2.000    0.22%       1.000      2.000      2.000
            7185.000       2.457       0.045       9.000    0.01%       2.000      3.000
     Y3                    2.584       0.293      -6.000    0.04%       0.000      2.000      2.000
            7185.000       6.128       0.109      13.000    0.06%       3.000      5.000


THE MODEL ESTIMATION TERMINATED NORMALLY



MODEL FIT INFORMATION

Number of Free Parameters                       15

Loglikelihood

          H0 Value                      -36850.409
          H1 Value                      -36850.409

Information Criteria

          Akaike (AIC)                   73730.818
          Bayesian (BIC)                 73837.268
          Sample-Size Adjusted BIC       73789.600
            (n* = (n + 2) / 24)

Chi-Square Test of Model Fit

          Value                              0.000
          Degrees of Freedom                     0
          P-Value                           0.0000

RMSEA (Root Mean Square Error Of Approximation)

          Estimate                           0.000

CFI/TLI

          CFI                                1.000
          TLI                                1.000

Chi-Square Test of Model Fit for the Baseline Model

          Value                           6089.409
          Degrees of Freedom                     6
          P-Value                           0.0000

SRMR (Standardized Root Mean Square Residual)

          Value for Within                   0.000
          Value for Between                  0.000



MODEL RESULTS

                                                    Two-Tailed
                    Estimate       S.E.  Est./S.E.    P-Value

Within Level

 CS       BY
    Y1                 1.000      0.000    999.000    999.000
    Y2                 0.528      0.011     46.369      0.000
    Y3                 1.353      0.029     47.431      0.000

 Variances
    CS                 1.563      0.048     32.694      0.000

 Residual Variances
    Y1                 0.929      0.033     28.442      0.000
    Y2                 0.544      0.012     44.605      0.000
    Y3                 1.317      0.057     23.184      0.000

Between Level

 CT       BY
    Y1                 1.000      0.000    999.000    999.000
    Y2                 0.825      0.081     10.213      0.000
    Y3                 1.398      0.112     12.513      0.000

 Intercepts
    Y1                 1.696      0.087     19.528      0.000
    Y2                 2.075      0.087     23.932      0.000
    Y3                 2.588      0.102     25.326      0.000

 Variances
    CT                 0.978      0.154      6.354      0.000

 Residual Variances
    Y1                 0.467      0.077      6.042      0.000
    Y2                 0.812      0.092      8.790      0.000
    Y3                 0.071      0.116      0.610      0.542


QUALITY OF NUMERICAL RESULTS

     Condition Number for the Information Matrix              0.101E-02
       (ratio of smallest to largest eigenvalue)


     Beginning Time:  19:02:29
        Ending Time:  19:02:30
       Elapsed Time:  00:00:01



MUTHEN & MUTHEN
3463 Stoner Ave.
Los Angeles, CA  90066

Tel: (310) 391-9971
Fax: (310) 391-8971
Web: www.StatModel.com
Support: Support@StatModel.com

Copyright (c) 1998-2017 Muthen & Muthen
