Mplus VERSION 8
MUTHEN & MUTHEN
02/18/2019   5:04 PM

INPUT INSTRUCTIONS

  TITLE: Your title goes here
  DATA: FILE = "Mplus_files_Results/cuts_long_n50_i5_nt30_na0.dat";
  VARIABLE:
  NAMES = subjn time y1 y2 y3 y4 y5;
  MISSING=.;
  USEVAR = y1
  y2
  y3
  y4
  y5 ;
  CLUSTER = subjn ;

  ANALYSIS:
  TYPE = TWOLEVEL ;
  ESTIMATOR = ML ;
  ITERATIONS = 50000 ;
  H1ITERATIONS = 50000 ;


  MODEL:

  %WITHIN%

  ! common states
  CS BY y1@1
  y2 (lcs2)
  y3 (lcs3)
  y4 (lcs4)
  y5 (lcs5) ;

  %BETWEEN%

  ! common trait
  CT BY y1@1
  y2 (lct2)
  y3 (lct3)
  y4 (lct4)
  y5 (lct5) ;



INPUT READING TERMINATED NORMALLY



Your title goes here

SUMMARY OF ANALYSIS

Number of groups                                                 1
Number of observations                                        1500

Number of dependent variables                                    5
Number of independent variables                                  0
Number of continuous latent variables                            2

Observed dependent variables

  Continuous
   Y1          Y2          Y3          Y4          Y5

Continuous latent variables
   CS          CT

Variables with special functions

  Cluster variable      SUBJN

Estimator                                                       ML
Information matrix                                        OBSERVED
Maximum number of iterations                                 50000
Convergence criterion                                    0.100D-05
Maximum number of EM iterations                                500
Convergence criteria for the EM algorithm
  Loglikelihood change                                   0.100D-02
  Relative loglikelihood change                          0.100D-05
  Derivative                                             0.100D-03
Minimum variance                                         0.100D-03
Maximum number of steepest descent iterations                   20
Maximum number of iterations for H1                          50000
Convergence criterion for H1                             0.100D-03
Optimization algorithm                                         EMA

Input data file(s)
  Mplus_files_Results/cuts_long_n50_i5_nt30_na0.dat
Input data format  FREE


SUMMARY OF DATA

     Number of missing data patterns             1
     Number of clusters                         50

     Average cluster size       30.000

     Estimated Intraclass Correlations for the Y Variables

                Intraclass              Intraclass              Intraclass
     Variable  Correlation   Variable  Correlation   Variable  Correlation

     Y1           0.346      Y2           0.645      Y3           0.262
     Y4           0.378      Y5           0.365



COVARIANCE COVERAGE OF DATA

Minimum covariance coverage value   0.100


     PROPORTION OF DATA PRESENT


           Covariance Coverage
              Y1            Y2            Y3            Y4            Y5
              ________      ________      ________      ________      ________
 Y1             1.000
 Y2             1.000         1.000
 Y3             1.000         1.000         1.000
 Y4             1.000         1.000         1.000         1.000
 Y5             1.000         1.000         1.000         1.000         1.000



UNIVARIATE SAMPLE STATISTICS


     UNIVARIATE HIGHER-ORDER MOMENT DESCRIPTIVE STATISTICS

         Variable/         Mean/     Skewness/   Minimum/ % with                Percentiles
        Sample Size      Variance    Kurtosis    Maximum  Min/Max      20%/60%    40%/80%    Median

     Y1                    2.163       0.130      -4.656    0.07%       0.343      1.545      2.077
            1500.000       4.632      -0.110       9.690    0.07%       2.648      3.959
     Y2                    2.291      -0.033      -2.882    0.07%       0.732      1.879      2.275
            1500.000       2.948      -0.391       7.064    0.07%       2.781      3.835
     Y3                    3.122       0.014      -7.281    0.07%       0.790      2.435      3.134
            1500.000       6.973      -0.044      11.765    0.07%       3.778      5.348
     Y4                    3.553      -0.077      -2.474    0.07%       2.004      3.126      3.541
            1500.000       3.312      -0.028       9.166    0.07%       4.011      5.082
     Y5                    4.256      -0.070      -3.631    0.07%       2.214      3.760      4.311
            1500.000       5.556       0.048      13.006    0.07%       4.840      6.273


THE MODEL ESTIMATION TERMINATED NORMALLY



MODEL FIT INFORMATION

Number of Free Parameters                       25

Loglikelihood

          H0 Value                      -12508.528
          H1 Value                      -12502.271

Information Criteria

          Akaike (AIC)                   25067.056
          Bayesian (BIC)                 25199.886
          Sample-Size Adjusted BIC       25120.468
            (n* = (n + 2) / 24)

Chi-Square Test of Model Fit

          Value                             12.514
          Degrees of Freedom                    10
          P-Value                           0.2521

RMSEA (Root Mean Square Error Of Approximation)

          Estimate                           0.013

CFI/TLI

          CFI                                0.999
          TLI                                0.999

Chi-Square Test of Model Fit for the Baseline Model

          Value                           4200.433
          Degrees of Freedom                    20
          P-Value                           0.0000

SRMR (Standardized Root Mean Square Residual)

          Value for Within                   0.008
          Value for Between                  0.017



MODEL RESULTS

                                                    Two-Tailed
                    Estimate       S.E.  Est./S.E.    P-Value

Within Level

 CS       BY
    Y1                 1.000      0.000    999.000    999.000
    Y2                 0.510      0.017     30.075      0.000
    Y3                 1.301      0.036     36.188      0.000
    Y4                 0.781      0.023     33.858      0.000
    Y5                 1.032      0.030     34.673      0.000

 Variances
    CS                 2.098      0.112     18.797      0.000

 Residual Variances
    Y1                 0.930      0.047     19.844      0.000
    Y2                 0.502      0.021     23.591      0.000
    Y3                 1.592      0.080     19.894      0.000
    Y4                 0.778      0.036     21.833      0.000
    Y5                 1.293      0.060     21.555      0.000

Between Level

 CT       BY
    Y1                 1.000      0.000    999.000    999.000
    Y2                 0.924      0.186      4.981      0.000
    Y3                 1.321      0.168      7.858      0.000
    Y4                 0.773      0.150      5.151      0.000
    Y5                 1.236      0.175      7.042      0.000

 Intercepts
    Y1                 2.163      0.185     11.701      0.000
    Y2                 2.291      0.197     11.651      0.000
    Y3                 3.122      0.200     15.603      0.000
    Y4                 3.553      0.163     21.858      0.000
    Y5                 4.256      0.207     20.557      0.000

 Variances
    CT                 1.025      0.324      3.161      0.002

 Residual Variances
    Y1                 0.582      0.138      4.221      0.000
    Y2                 1.023      0.217      4.709      0.000
    Y3                 0.041      0.087      0.466      0.641
    Y4                 0.640      0.139      4.617      0.000
    Y5                 0.461      0.131      3.527      0.000


QUALITY OF NUMERICAL RESULTS

     Condition Number for the Information Matrix              0.363E-03
       (ratio of smallest to largest eigenvalue)


     Beginning Time:  17:04:52
        Ending Time:  17:04:52
       Elapsed Time:  00:00:00



MUTHEN & MUTHEN
3463 Stoner Ave.
Los Angeles, CA  90066

Tel: (310) 391-9971
Fax: (310) 391-8971
Web: www.StatModel.com
Support: Support@StatModel.com

Copyright (c) 1998-2017 Muthen & Muthen
