Mplus VERSION 8
MUTHEN & MUTHEN
02/13/2019   4:08 PM

INPUT INSTRUCTIONS

  TITLE: Your title goes here
  DATA: FILE = "Mplus_files_Results/cuts_wide_n100_i4_nt15_na0.2.dat";
  VARIABLE:
  NAMES = subjn y11 y21 y31 y41 y12 y22 y32 y42 y13 y23 y33 y43 y14 y24 y34 y44 y15
       y25 y35 y45 y16 y26 y36 y46 y17 y27 y37 y47 y18 y28 y38 y48 y19 y29 y39 y49
       y110 y210 y310 y410 y111 y211 y311 y411 y112 y212 y312 y412 y113 y213 y313 y413
       y114 y214 y314 y414 y115 y215 y315 y415;
  MISSING=.;
  USEVAR = y11
  y21
  y31
  y41
  y12
  y22
  y32
  y42
  y13
  y23
  y33
  y43
  y14
  y24
  y34
  y44
  y15
  y25
  y35
  y45
  y16
  y26
  y36
  y46
  y17
  y27
  y37
  y47
  y18
  y28
  y38
  y48
  y19
  y29
  y39
  y49
  y110
  y210
  y310
  y410
  y111
  y211
  y311
  y411
  y112
  y212
  y312
  y412
  y113
  y213
  y313
  y413
  y114
  y214
  y314
  y414
  y115
  y215
  y315
  y415 ;


  ANALYSIS:
  TYPE = GENERAL ;
  ESTIMATOR = ML ;
  ITERATIONS = 5e+05 ;
  H1ITERATIONS = 5e+05 ;


  MODEL:

  ! common states
  CS1 BY y11@1
  y21 (lcs21)
  y31 (lcs31)
  y41 (lcs41) ;
  CS2 BY y12@1
  y22 (lcs21)
  y32 (lcs31)
  y42 (lcs41) ;
  CS3 BY y13@1
  y23 (lcs21)
  y33 (lcs31)
  y43 (lcs41) ;
  CS4 BY y14@1
  y24 (lcs21)
  y34 (lcs31)
  y44 (lcs41) ;
  CS5 BY y15@1
  y25 (lcs21)
  y35 (lcs31)
  y45 (lcs41) ;
  CS6 BY y16@1
  y26 (lcs21)
  y36 (lcs31)
  y46 (lcs41) ;
  CS7 BY y17@1
  y27 (lcs21)
  y37 (lcs31)
  y47 (lcs41) ;
  CS8 BY y18@1
  y28 (lcs21)
  y38 (lcs31)
  y48 (lcs41) ;
  CS9 BY y19@1
  y29 (lcs21)
  y39 (lcs31)
  y49 (lcs41) ;
  CS10 BY y110@1
  y210 (lcs21)
  y310 (lcs31)
  y410 (lcs41) ;
  CS11 BY y111@1
  y211 (lcs21)
  y311 (lcs31)
  y411 (lcs41) ;
  CS12 BY y112@1
  y212 (lcs21)
  y312 (lcs31)
  y412 (lcs41) ;
  CS13 BY y113@1
  y213 (lcs21)
  y313 (lcs31)
  y413 (lcs41) ;
  CS14 BY y114@1
  y214 (lcs21)
  y314 (lcs31)
  y414 (lcs41) ;
  CS15 BY y115@1
  y215 (lcs21)
  y315 (lcs31)
  y415 (lcs41) ;

  ! common trait
  CT BY y11@1
  y21 (lct21)
  y31 (lct31)
  y41 (lct41)
  y12@1
  y22 (lct21)
  y32 (lct31)
  y42 (lct41)
  y13@1
  y23 (lct21)
  y33 (lct31)
  y43 (lct41)
  y14@1
  y24 (lct21)
  y34 (lct31)
  y44 (lct41)
  y15@1
  y25 (lct21)
  y35 (lct31)
  y45 (lct41)
  y16@1
  y26 (lct21)
  y36 (lct31)
  y46 (lct41)
  y17@1
  y27 (lct21)
  y37 (lct31)
  y47 (lct41)
  y18@1
  y28 (lct21)
  y38 (lct31)
  y48 (lct41)
  y19@1
  y29 (lct21)
  y39 (lct31)
  y49 (lct41)
  y110@1
  y210 (lct21)
  y310 (lct31)
  y410 (lct41)
  y111@1
  y211 (lct21)
  y311 (lct31)
  y411 (lct41)
  y112@1
  y212 (lct21)
  y312 (lct31)
  y412 (lct41)
  y113@1
  y213 (lct21)
  y313 (lct31)
  y413 (lct41)
  y114@1
  y214 (lct21)
  y314 (lct31)
  y414 (lct41)
  y115@1
  y215 (lct21)
  y315 (lct31)
  y415 (lct41) ;

  ! unique trait
  UT1 BY y11@1
  y12@1
  y13@1
  y14@1
  y15@1
  y16@1
  y17@1
  y18@1
  y19@1
  y110@1
  y111@1
  y112@1
  y113@1
  y114@1
  y115@1 ;
  UT2 BY y21@1
  y22@1
  y23@1
  y24@1
  y25@1
  y26@1
  y27@1
  y28@1
  y29@1
  y210@1
  y211@1
  y212@1
  y213@1
  y214@1
  y215@1 ;
  UT3 BY y31@1
  y32@1
  y33@1
  y34@1
  y35@1
  y36@1
  y37@1
  y38@1
  y39@1
  y310@1
  y311@1
  y312@1
  y313@1
  y314@1
  y315@1 ;
  UT4 BY y41@1
  y42@1
  y43@1
  y44@1
  y45@1
  y46@1
  y47@1
  y48@1
  y49@1
  y410@1
  y411@1
  y412@1
  y413@1
  y414@1
  y415@1 ;

  ! Intercepts and means
  [y11*] (ins11) ;
  [y21*] (ins21) ;
  [y31*] (ins31) ;
  [y41*] (ins41) ;
  [y12*] (ins11) ;
  [y22*] (ins21) ;
  [y32*] (ins31) ;
  [y42*] (ins41) ;
  [y13*] (ins11) ;
  [y23*] (ins21) ;
  [y33*] (ins31) ;
  [y43*] (ins41) ;
  [y14*] (ins11) ;
  [y24*] (ins21) ;
  [y34*] (ins31) ;
  [y44*] (ins41) ;
  [y15*] (ins11) ;
  [y25*] (ins21) ;
  [y35*] (ins31) ;
  [y45*] (ins41) ;
  [y16*] (ins11) ;
  [y26*] (ins21) ;
  [y36*] (ins31) ;
  [y46*] (ins41) ;
  [y17*] (ins11) ;
  [y27*] (ins21) ;
  [y37*] (ins31) ;
  [y47*] (ins41) ;
  [y18*] (ins11) ;
  [y28*] (ins21) ;
  [y38*] (ins31) ;
  [y48*] (ins41) ;
  [y19*] (ins11) ;
  [y29*] (ins21) ;
  [y39*] (ins31) ;
  [y49*] (ins41) ;
  [y110*] (ins11) ;
  [y210*] (ins21) ;
  [y310*] (ins31) ;
  [y410*] (ins41) ;
  [y111*] (ins11) ;
  [y211*] (ins21) ;
  [y311*] (ins31) ;
  [y411*] (ins41) ;
  [y112*] (ins11) ;
  [y212*] (ins21) ;
  [y312*] (ins31) ;
  [y412*] (ins41) ;
  [y113*] (ins11) ;
  [y213*] (ins21) ;
  [y313*] (ins31) ;
  [y413*] (ins41) ;
  [y114*] (ins11) ;
  [y214*] (ins21) ;
  [y314*] (ins31) ;
  [y414*] (ins41) ;
  [y115*] (ins11) ;
  [y215*] (ins21) ;
  [y315*] (ins31) ;
  [y415*] (ins41) ;




  ! Set 0 covariances
  CS1 WITH CS2@0
  CS3@0
  CS4@0
  CS5@0
  CS6@0
  CS7@0
  CS8@0
  CS9@0
  CS10@0
  CS11@0
  CS12@0
  CS13@0
  CS14@0
  CS15@0
  UT1@0
  UT2@0
  UT3@0
  UT4@0
  CT@0 ;
  CS2 WITH CS3@0
  CS4@0
  CS5@0
  CS6@0
  CS7@0
  CS8@0
  CS9@0
  CS10@0
  CS11@0
  CS12@0
  CS13@0
  CS14@0
  CS15@0
  UT1@0
  UT2@0
  UT3@0
  UT4@0
  CT@0 ;
  CS3 WITH CS4@0
  CS5@0
  CS6@0
  CS7@0
  CS8@0
  CS9@0
  CS10@0
  CS11@0
  CS12@0
  CS13@0
  CS14@0
  CS15@0
  UT1@0
  UT2@0
  UT3@0
  UT4@0
  CT@0 ;
  CS4 WITH CS5@0
  CS6@0
  CS7@0
  CS8@0
  CS9@0
  CS10@0
  CS11@0
  CS12@0
  CS13@0
  CS14@0
  CS15@0
  UT1@0
  UT2@0
  UT3@0
  UT4@0
  CT@0 ;
  CS5 WITH CS6@0
  CS7@0
  CS8@0
  CS9@0
  CS10@0
  CS11@0
  CS12@0
  CS13@0
  CS14@0
  CS15@0
  UT1@0
  UT2@0
  UT3@0
  UT4@0
  CT@0 ;
  CS6 WITH CS7@0
  CS8@0
  CS9@0
  CS10@0
  CS11@0
  CS12@0
  CS13@0
  CS14@0
  CS15@0
  UT1@0
  UT2@0
  UT3@0
  UT4@0
  CT@0 ;
  CS7 WITH CS8@0
  CS9@0
  CS10@0
  CS11@0
  CS12@0
  CS13@0
  CS14@0
  CS15@0
  UT1@0
  UT2@0
  UT3@0
  UT4@0
  CT@0 ;
  CS8 WITH CS9@0
  CS10@0
  CS11@0
  CS12@0
  CS13@0
  CS14@0
  CS15@0
  UT1@0
  UT2@0
  UT3@0
  UT4@0
  CT@0 ;
  CS9 WITH CS10@0
  CS11@0
  CS12@0
  CS13@0
  CS14@0
  CS15@0
  UT1@0
  UT2@0
  UT3@0
  UT4@0
  CT@0 ;
  CS10 WITH CS11@0
  CS12@0
  CS13@0
  CS14@0
  CS15@0
  UT1@0
  UT2@0
  UT3@0
  UT4@0
  CT@0 ;
  CS11 WITH CS12@0
  CS13@0
  CS14@0
  CS15@0
  UT1@0
  UT2@0
  UT3@0
  UT4@0
  CT@0 ;
  CS12 WITH CS13@0
  CS14@0
  CS15@0
  UT1@0
  UT2@0
  UT3@0
  UT4@0
  CT@0 ;
  CS13 WITH CS14@0
  CS15@0
  UT1@0
  UT2@0
  UT3@0
  UT4@0
  CT@0 ;
  CS14 WITH CS15@0
  UT1@0
  UT2@0
  UT3@0
  UT4@0
  CT@0 ;
  CS15 WITH UT1@0
  UT2@0
  UT3@0
  UT4@0
  CT@0 ;
  UT1 WITH UT2@0
  UT3@0
  UT4@0
  CT@0 ;
  UT2 WITH UT3@0
  UT4@0
  CT@0 ;
  UT3 WITH UT4@0
  CT@0 ;
  UT4 WITH CT@0 ;

  ! Variance components
  y11 (err11) ;
  y21 (err21) ;
  y31 (err31) ;
  y41 (err41) ;
  y12 (err11) ;
  y22 (err21) ;
  y32 (err31) ;
  y42 (err41) ;
  y13 (err11) ;
  y23 (err21) ;
  y33 (err31) ;
  y43 (err41) ;
  y14 (err11) ;
  y24 (err21) ;
  y34 (err31) ;
  y44 (err41) ;
  y15 (err11) ;
  y25 (err21) ;
  y35 (err31) ;
  y45 (err41) ;
  y16 (err11) ;
  y26 (err21) ;
  y36 (err31) ;
  y46 (err41) ;
  y17 (err11) ;
  y27 (err21) ;
  y37 (err31) ;
  y47 (err41) ;
  y18 (err11) ;
  y28 (err21) ;
  y38 (err31) ;
  y48 (err41) ;
  y19 (err11) ;
  y29 (err21) ;
  y39 (err31) ;
  y49 (err41) ;
  y110 (err11) ;
  y210 (err21) ;
  y310 (err31) ;
  y410 (err41) ;
  y111 (err11) ;
  y211 (err21) ;
  y311 (err31) ;
  y411 (err41) ;
  y112 (err11) ;
  y212 (err21) ;
  y312 (err31) ;
  y412 (err41) ;
  y113 (err11) ;
  y213 (err21) ;
  y313 (err31) ;
  y413 (err41) ;
  y114 (err11) ;
  y214 (err21) ;
  y314 (err31) ;
  y414 (err41) ;
  y115 (err11) ;
  y215 (err21) ;
  y315 (err31) ;
  y415 (err41) ;
  CS1 (cs_var1) ;
  CS2 (cs_var1) ;
  CS3 (cs_var1) ;
  CS4 (cs_var1) ;
  CS5 (cs_var1) ;
  CS6 (cs_var1) ;
  CS7 (cs_var1) ;
  CS8 (cs_var1) ;
  CS9 (cs_var1) ;
  CS10 (cs_var1) ;
  CS11 (cs_var1) ;
  CS12 (cs_var1) ;
  CS13 (cs_var1) ;
  CS14 (cs_var1) ;
  CS15 (cs_var1) ;
  UT1 (ut_var1) ;
  UT2 (ut_var2) ;
  UT3 (ut_var3) ;
  UT4 (ut_var4) ;
  CT (ct_var) ;



INPUT READING TERMINATED NORMALLY



Your title goes here

SUMMARY OF ANALYSIS

Number of groups                                                 1
Number of observations                                         100

Number of dependent variables                                   60
Number of independent variables                                  0
Number of continuous latent variables                           20

Observed dependent variables

  Continuous
   Y11         Y21         Y31         Y41         Y12         Y22
   Y32         Y42         Y13         Y23         Y33         Y43
   Y14         Y24         Y34         Y44         Y15         Y25
   Y35         Y45         Y16         Y26         Y36         Y46
   Y17         Y27         Y37         Y47         Y18         Y28
   Y38         Y48         Y19         Y29         Y39         Y49
   Y110        Y210        Y310        Y410        Y111        Y211
   Y311        Y411        Y112        Y212        Y312        Y412
   Y113        Y213        Y313        Y413        Y114        Y214
   Y314        Y414        Y115        Y215        Y315        Y415

Continuous latent variables
   CS1         CS2         CS3         CS4         CS5         CS6
   CS7         CS8         CS9         CS10        CS11        CS12
   CS13        CS14        CS15        CT          UT1         UT2
   UT3         UT4


Estimator                                                       ML
Information matrix                                        OBSERVED
Maximum number of iterations                                500000
Convergence criterion                                    0.500D-04
Maximum number of steepest descent iterations                   20
Maximum number of iterations for H1                         500000
Convergence criterion for H1                             0.100D-03

Input data file(s)
  Mplus_files_Results/cuts_wide_n100_i4_nt15_na0.2.dat

Input data format  FREE


SUMMARY OF DATA

     Number of missing data patterns           100


COVARIANCE COVERAGE OF DATA

Minimum covariance coverage value   0.100


     PROPORTION OF DATA PRESENT


           Covariance Coverage
              Y11           Y21           Y31           Y41           Y12
              ________      ________      ________      ________      ________
 Y11            0.790
 Y21            0.590         0.770
 Y31            0.630         0.610         0.790
 Y41            0.630         0.640         0.630         0.800
 Y12            0.600         0.570         0.640         0.620         0.770
 Y22            0.630         0.630         0.640         0.660         0.660
 Y32            0.680         0.640         0.670         0.650         0.640
 Y42            0.610         0.620         0.610         0.620         0.620
 Y13            0.660         0.570         0.610         0.630         0.600
 Y23            0.650         0.650         0.680         0.660         0.630
 Y33            0.660         0.650         0.670         0.650         0.640
 Y43            0.610         0.590         0.650         0.650         0.640
 Y14            0.640         0.610         0.660         0.650         0.650
 Y24            0.680         0.660         0.650         0.690         0.630
 Y34            0.660         0.660         0.680         0.680         0.670
 Y44            0.630         0.630         0.660         0.630         0.610
 Y15            0.640         0.640         0.650         0.660         0.630
 Y25            0.620         0.620         0.610         0.660         0.600
 Y35            0.640         0.610         0.620         0.650         0.630
 Y45            0.590         0.610         0.610         0.620         0.570
 Y16            0.680         0.650         0.640         0.660         0.610
 Y26            0.580         0.600         0.590         0.600         0.600
 Y36            0.600         0.570         0.590         0.620         0.580
 Y46            0.570         0.540         0.590         0.570         0.570
 Y17            0.650         0.590         0.620         0.640         0.620
 Y27            0.650         0.630         0.660         0.680         0.630
 Y37            0.660         0.620         0.640         0.670         0.670
 Y47            0.610         0.590         0.600         0.630         0.600
 Y18            0.620         0.620         0.610         0.630         0.610
 Y28            0.640         0.620         0.620         0.650         0.600
 Y38            0.680         0.650         0.670         0.680         0.650
 Y48            0.650         0.650         0.680         0.680         0.630
 Y19            0.560         0.530         0.580         0.580         0.560
 Y29            0.680         0.640         0.690         0.690         0.710
 Y39            0.650         0.620         0.640         0.630         0.620
 Y49            0.600         0.580         0.600         0.630         0.630
 Y110           0.610         0.550         0.620         0.620         0.610
 Y210           0.600         0.590         0.620         0.600         0.570
 Y310           0.580         0.600         0.570         0.610         0.590
 Y410           0.670         0.620         0.640         0.660         0.640
 Y111           0.690         0.640         0.680         0.700         0.690
 Y211           0.640         0.590         0.620         0.630         0.590
 Y311           0.650         0.660         0.640         0.690         0.680
 Y411           0.600         0.540         0.600         0.600         0.590
 Y112           0.610         0.600         0.590         0.600         0.610
 Y212           0.690         0.650         0.690         0.690         0.680
 Y312           0.660         0.660         0.700         0.680         0.650
 Y412           0.630         0.600         0.630         0.590         0.580
 Y113           0.610         0.600         0.620         0.620         0.580
 Y213           0.660         0.620         0.650         0.650         0.640
 Y313           0.720         0.660         0.700         0.730         0.680
 Y413           0.610         0.600         0.610         0.600         0.590
 Y114           0.610         0.590         0.630         0.650         0.610
 Y214           0.680         0.620         0.670         0.660         0.640
 Y314           0.660         0.650         0.660         0.660         0.650
 Y414           0.580         0.580         0.600         0.580         0.560
 Y115           0.660         0.670         0.680         0.700         0.660
 Y215           0.660         0.640         0.690         0.700         0.680
 Y315           0.610         0.610         0.620         0.630         0.610
 Y415           0.620         0.610         0.620         0.630         0.630


           Covariance Coverage
              Y22           Y32           Y42           Y13           Y23
              ________      ________      ________      ________      ________
 Y22            0.810
 Y32            0.670         0.850
 Y42            0.640         0.660         0.790
 Y13            0.620         0.660         0.620         0.780
 Y23            0.660         0.690         0.640         0.660         0.820
 Y33            0.680         0.720         0.650         0.660         0.680
 Y43            0.650         0.670         0.600         0.650         0.660
 Y14            0.670         0.700         0.680         0.620         0.670
 Y24            0.660         0.720         0.660         0.650         0.680
 Y34            0.720         0.730         0.670         0.680         0.710
 Y44            0.610         0.710         0.600         0.620         0.650
 Y15            0.640         0.710         0.650         0.640         0.670
 Y25            0.630         0.660         0.620         0.610         0.630
 Y35            0.650         0.660         0.630         0.670         0.640
 Y45            0.620         0.660         0.610         0.590         0.620
 Y16            0.650         0.670         0.630         0.640         0.660
 Y26            0.620         0.620         0.560         0.550         0.600
 Y36            0.610         0.660         0.590         0.590         0.650
 Y46            0.580         0.580         0.550         0.540         0.580
 Y17            0.660         0.680         0.610         0.630         0.660
 Y27            0.670         0.700         0.650         0.700         0.710
 Y37            0.680         0.700         0.670         0.660         0.670
 Y47            0.630         0.630         0.610         0.590         0.650
 Y18            0.630         0.650         0.640         0.620         0.620
 Y28            0.650         0.670         0.600         0.630         0.650
 Y38            0.680         0.690         0.660         0.660         0.670
 Y48            0.670         0.720         0.680         0.660         0.710
 Y19            0.600         0.610         0.590         0.580         0.620
 Y29            0.710         0.730         0.690         0.680         0.690
 Y39            0.650         0.700         0.690         0.670         0.660
 Y49            0.630         0.620         0.610         0.610         0.640
 Y110           0.630         0.650         0.590         0.580         0.610
 Y210           0.630         0.670         0.600         0.570         0.630
 Y310           0.630         0.670         0.620         0.620         0.630
 Y410           0.680         0.730         0.670         0.640         0.670
 Y111           0.710         0.720         0.690         0.680         0.700
 Y211           0.650         0.670         0.620         0.630         0.640
 Y311           0.690         0.700         0.660         0.640         0.690
 Y411           0.600         0.620         0.590         0.570         0.600
 Y112           0.620         0.640         0.650         0.590         0.600
 Y212           0.720         0.740         0.700         0.680         0.720
 Y312           0.680         0.720         0.660         0.670         0.720
 Y412           0.620         0.650         0.580         0.610         0.640
 Y113           0.590         0.670         0.590         0.560         0.620
 Y213           0.660         0.720         0.640         0.640         0.660
 Y313           0.700         0.750         0.690         0.710         0.710
 Y413           0.620         0.640         0.600         0.620         0.630
 Y114           0.640         0.660         0.570         0.600         0.640
 Y214           0.680         0.730         0.660         0.670         0.700
 Y314           0.690         0.720         0.670         0.670         0.660
 Y414           0.600         0.670         0.580         0.570         0.610
 Y115           0.690         0.730         0.680         0.650         0.700
 Y215           0.700         0.730         0.670         0.680         0.710
 Y315           0.610         0.670         0.590         0.610         0.630
 Y415           0.670         0.680         0.630         0.600         0.660


           Covariance Coverage
              Y33           Y43           Y14           Y24           Y34
              ________      ________      ________      ________      ________
 Y33            0.840
 Y43            0.680         0.790
 Y14            0.680         0.630         0.820
 Y24            0.700         0.640         0.680         0.840
 Y34            0.710         0.680         0.690         0.720         0.860
 Y44            0.640         0.630         0.670         0.690         0.670
 Y15            0.690         0.640         0.690         0.670         0.720
 Y25            0.620         0.600         0.670         0.680         0.660
 Y35            0.660         0.630         0.670         0.690         0.690
 Y45            0.650         0.610         0.640         0.620         0.640
 Y16            0.710         0.630         0.670         0.700         0.690
 Y26            0.610         0.590         0.570         0.630         0.630
 Y36            0.650         0.620         0.620         0.660         0.640
 Y46            0.580         0.550         0.620         0.600         0.620
 Y17            0.680         0.630         0.620         0.650         0.670
 Y27            0.710         0.680         0.690         0.710         0.720
 Y37            0.680         0.700         0.680         0.720         0.740
 Y47            0.650         0.600         0.610         0.680         0.690
 Y18            0.680         0.620         0.630         0.640         0.650
 Y28            0.640         0.630         0.630         0.670         0.680
 Y38            0.710         0.640         0.680         0.680         0.710
 Y48            0.700         0.670         0.710         0.740         0.740
 Y19            0.610         0.570         0.620         0.600         0.630
 Y29            0.750         0.700         0.730         0.720         0.740
 Y39            0.710         0.630         0.680         0.690         0.700
 Y49            0.620         0.600         0.660         0.650         0.650
 Y110           0.640         0.610         0.620         0.640         0.650
 Y210           0.670         0.620         0.630         0.680         0.670
 Y310           0.670         0.650         0.630         0.670         0.680
 Y410           0.690         0.640         0.670         0.690         0.720
 Y111           0.730         0.680         0.700         0.740         0.740
 Y211           0.680         0.640         0.660         0.670         0.680
 Y311           0.700         0.670         0.690         0.710         0.730
 Y411           0.620         0.550         0.650         0.620         0.620
 Y112           0.630         0.600         0.660         0.640         0.640
 Y212           0.720         0.690         0.740         0.730         0.740
 Y312           0.700         0.680         0.670         0.700         0.760
 Y412           0.650         0.620         0.610         0.650         0.670
 Y113           0.650         0.590         0.650         0.650         0.620
 Y213           0.700         0.660         0.690         0.710         0.710
 Y313           0.730         0.690         0.710         0.770         0.760
 Y413           0.650         0.580         0.650         0.650         0.660
 Y114           0.660         0.610         0.640         0.680         0.670
 Y214           0.720         0.660         0.680         0.710         0.730
 Y314           0.730         0.670         0.670         0.720         0.720
 Y414           0.660         0.610         0.610         0.620         0.650
 Y115           0.720         0.650         0.710         0.750         0.740
 Y215           0.720         0.690         0.720         0.730         0.750
 Y315           0.680         0.630         0.640         0.690         0.680
 Y415           0.680         0.620         0.670         0.690         0.710


           Covariance Coverage
              Y44           Y15           Y25           Y35           Y45
              ________      ________      ________      ________      ________
 Y44            0.790
 Y15            0.640         0.820
 Y25            0.640         0.640         0.780
 Y35            0.650         0.670         0.650         0.800
 Y45            0.600         0.670         0.610         0.630         0.770
 Y16            0.650         0.680         0.640         0.680         0.650
 Y26            0.580         0.590         0.600         0.570         0.560
 Y36            0.620         0.600         0.580         0.600         0.600
 Y46            0.540         0.600         0.600         0.570         0.540
 Y17            0.580         0.670         0.590         0.620         0.620
 Y27            0.670         0.700         0.650         0.670         0.640
 Y37            0.650         0.690         0.630         0.690         0.600
 Y47            0.580         0.620         0.580         0.610         0.560
 Y18            0.590         0.610         0.590         0.600         0.600
 Y28            0.640         0.650         0.640         0.640         0.610
 Y38            0.650         0.680         0.670         0.690         0.630
 Y48            0.660         0.680         0.690         0.700         0.640
 Y19            0.560         0.600         0.570         0.610         0.550
 Y29            0.680         0.710         0.670         0.720         0.670
 Y39            0.640         0.660         0.630         0.650         0.640
 Y49            0.600         0.620         0.620         0.640         0.570
 Y110           0.580         0.600         0.590         0.590         0.570
 Y210           0.600         0.650         0.610         0.630         0.640
 Y310           0.590         0.660         0.620         0.630         0.610
 Y410           0.650         0.690         0.640         0.650         0.670
 Y111           0.670         0.690         0.700         0.690         0.670
 Y211           0.640         0.660         0.630         0.660         0.650
 Y311           0.650         0.680         0.640         0.660         0.630
 Y411           0.590         0.600         0.590         0.600         0.580
 Y112           0.590         0.620         0.600         0.640         0.600
 Y212           0.690         0.690         0.700         0.690         0.650
 Y312           0.670         0.710         0.640         0.690         0.660
 Y412           0.630         0.630         0.570         0.590         0.600
 Y113           0.600         0.620         0.600         0.620         0.590
 Y213           0.660         0.680         0.650         0.690         0.660
 Y313           0.700         0.730         0.690         0.700         0.680
 Y413           0.610         0.600         0.580         0.630         0.580
 Y114           0.620         0.610         0.600         0.660         0.590
 Y214           0.660         0.680         0.670         0.680         0.630
 Y314           0.660         0.700         0.650         0.670         0.660
 Y414           0.590         0.620         0.600         0.600         0.560
 Y115           0.680         0.720         0.670         0.700         0.690
 Y215           0.670         0.710         0.660         0.700         0.660
 Y315           0.620         0.660         0.640         0.620         0.610
 Y415           0.630         0.660         0.620         0.650         0.600


           Covariance Coverage
              Y16           Y26           Y36           Y46           Y17
              ________      ________      ________      ________      ________
 Y16            0.820
 Y26            0.600         0.740
 Y36            0.600         0.570         0.770
 Y46            0.610         0.560         0.540         0.720
 Y17            0.650         0.590         0.610         0.550         0.790
 Y27            0.700         0.590         0.650         0.620         0.660
 Y37            0.680         0.620         0.610         0.590         0.670
 Y47            0.630         0.560         0.580         0.540         0.590
 Y18            0.650         0.590         0.610         0.550         0.620
 Y28            0.680         0.580         0.620         0.590         0.620
 Y38            0.700         0.600         0.610         0.610         0.650
 Y48            0.700         0.620         0.660         0.600         0.650
 Y19            0.580         0.510         0.550         0.540         0.560
 Y29            0.720         0.640         0.660         0.650         0.670
 Y39            0.690         0.580         0.620         0.580         0.650
 Y49            0.640         0.560         0.560         0.570         0.600
 Y110           0.630         0.600         0.580         0.560         0.630
 Y210           0.630         0.570         0.600         0.550         0.630
 Y310           0.650         0.580         0.610         0.540         0.610
 Y410           0.670         0.610         0.650         0.580         0.670
 Y111           0.710         0.630         0.680         0.640         0.690
 Y211           0.680         0.590         0.620         0.570         0.670
 Y311           0.670         0.630         0.670         0.580         0.660
 Y411           0.610         0.550         0.530         0.540         0.570
 Y112           0.620         0.550         0.570         0.580         0.600
 Y212           0.690         0.670         0.670         0.640         0.670
 Y312           0.700         0.620         0.630         0.610         0.670
 Y412           0.630         0.560         0.600         0.520         0.610
 Y113           0.630         0.560         0.580         0.570         0.600
 Y213           0.670         0.620         0.650         0.580         0.670
 Y313           0.730         0.650         0.660         0.630         0.680
 Y413           0.620         0.550         0.590         0.530         0.600
 Y114           0.630         0.580         0.640         0.560         0.610
 Y214           0.690         0.620         0.650         0.620         0.650
 Y314           0.690         0.610         0.630         0.590         0.680
 Y414           0.630         0.580         0.580         0.550         0.600
 Y115           0.720         0.640         0.680         0.640         0.670
 Y215           0.680         0.620         0.680         0.620         0.710
 Y315           0.650         0.580         0.610         0.560         0.650
 Y415           0.690         0.600         0.600         0.570         0.600


           Covariance Coverage
              Y27           Y37           Y47           Y18           Y28
              ________      ________      ________      ________      ________
 Y27            0.840
 Y37            0.700         0.830
 Y47            0.640         0.640         0.770
 Y18            0.640         0.640         0.590         0.780
 Y28            0.670         0.650         0.610         0.620         0.790
 Y38            0.690         0.690         0.630         0.660         0.650
 Y48            0.720         0.700         0.660         0.640         0.680
 Y19            0.630         0.610         0.580         0.570         0.550
 Y29            0.730         0.740         0.670         0.670         0.680
 Y39            0.700         0.690         0.620         0.660         0.640
 Y49            0.650         0.650         0.590         0.570         0.600
 Y110           0.630         0.650         0.620         0.580         0.590
 Y210           0.660         0.630         0.590         0.590         0.590
 Y310           0.640         0.660         0.620         0.590         0.630
 Y410           0.690         0.670         0.650         0.670         0.650
 Y111           0.740         0.720         0.680         0.690         0.690
 Y211           0.690         0.640         0.610         0.620         0.640
 Y311           0.700         0.680         0.670         0.670         0.670
 Y411           0.580         0.620         0.560         0.570         0.570
 Y112           0.640         0.640         0.610         0.610         0.590
 Y212           0.710         0.710         0.680         0.660         0.660
 Y312           0.710         0.730         0.660         0.650         0.690
 Y412           0.630         0.640         0.590         0.580         0.600
 Y113           0.630         0.630         0.570         0.570         0.600
 Y213           0.690         0.710         0.600         0.630         0.640
 Y313           0.740         0.730         0.700         0.670         0.700
 Y413           0.650         0.630         0.600         0.630         0.570
 Y114           0.660         0.660         0.600         0.590         0.600
 Y214           0.730         0.700         0.640         0.650         0.650
 Y314           0.700         0.700         0.660         0.690         0.650
 Y414           0.640         0.620         0.600         0.590         0.570
 Y115           0.730         0.700         0.660         0.650         0.690
 Y215           0.740         0.740         0.680         0.650         0.690
 Y315           0.680         0.660         0.600         0.630         0.640
 Y415           0.680         0.680         0.630         0.620         0.620


           Covariance Coverage
              Y38           Y48           Y19           Y29           Y39
              ________      ________      ________      ________      ________
 Y38            0.830
 Y48            0.710         0.850
 Y19            0.590         0.640         0.730
 Y29            0.710         0.730         0.640         0.870
 Y39            0.670         0.690         0.590         0.720         0.820
 Y49            0.650         0.660         0.570         0.690         0.620
 Y110           0.640         0.640         0.540         0.650         0.620
 Y210           0.620         0.680         0.570         0.670         0.630
 Y310           0.630         0.680         0.550         0.670         0.650
 Y410           0.670         0.700         0.600         0.710         0.690
 Y111           0.720         0.730         0.640         0.760         0.730
 Y211           0.670         0.680         0.570         0.710         0.660
 Y311           0.670         0.710         0.600         0.730         0.690
 Y411           0.580         0.610         0.560         0.650         0.600
 Y112           0.650         0.660         0.610         0.670         0.610
 Y212           0.730         0.740         0.620         0.760         0.720
 Y312           0.710         0.720         0.630         0.750         0.680
 Y412           0.640         0.650         0.560         0.650         0.630
 Y113           0.620         0.690         0.550         0.680         0.620
 Y213           0.700         0.730         0.600         0.720         0.670
 Y313           0.730         0.750         0.650         0.750         0.720
 Y413           0.650         0.670         0.600         0.650         0.620
 Y114           0.650         0.670         0.580         0.680         0.620
 Y214           0.710         0.700         0.620         0.730         0.690
 Y314           0.690         0.720         0.630         0.740         0.700
 Y414           0.610         0.640         0.580         0.660         0.630
 Y115           0.690         0.740         0.630         0.740         0.690
 Y215           0.690         0.750         0.630         0.750         0.690
 Y315           0.630         0.680         0.570         0.680         0.660
 Y415           0.670         0.680         0.610         0.690         0.660


           Covariance Coverage
              Y49           Y110          Y210          Y310          Y410
              ________      ________      ________      ________      ________
 Y49            0.760
 Y110           0.580         0.760
 Y210           0.550         0.580         0.770
 Y310           0.590         0.620         0.620         0.780
 Y410           0.640         0.610         0.660         0.640         0.830
 Y111           0.650         0.680         0.680         0.680         0.740
 Y211           0.600         0.600         0.630         0.600         0.690
 Y311           0.660         0.620         0.640         0.660         0.720
 Y411           0.570         0.570         0.530         0.570         0.630
 Y112           0.600         0.600         0.590         0.590         0.630
 Y212           0.670         0.660         0.640         0.670         0.710
 Y312           0.640         0.630         0.640         0.670         0.690
 Y412           0.600         0.590         0.570         0.610         0.650
 Y113           0.600         0.570         0.620         0.590         0.630
 Y213           0.630         0.620         0.660         0.640         0.680
 Y313           0.690         0.680         0.680         0.690         0.740
 Y413           0.610         0.580         0.590         0.590         0.630
 Y114           0.600         0.590         0.620         0.600         0.660
 Y214           0.640         0.650         0.660         0.630         0.690
 Y314           0.630         0.640         0.630         0.660         0.720
 Y414           0.590         0.600         0.580         0.630         0.630
 Y115           0.640         0.640         0.680         0.670         0.700
 Y215           0.670         0.650         0.680         0.670         0.720
 Y315           0.580         0.630         0.630         0.670         0.650
 Y415           0.610         0.620         0.620         0.660         0.670


           Covariance Coverage
              Y111          Y211          Y311          Y411          Y112
              ________      ________      ________      ________      ________
 Y111           0.870
 Y211           0.700         0.800
 Y311           0.730         0.660         0.840
 Y411           0.630         0.600         0.590         0.730
 Y112           0.660         0.600         0.630         0.570         0.770
 Y212           0.750         0.710         0.740         0.640         0.680
 Y312           0.720         0.680         0.690         0.660         0.640
 Y412           0.660         0.610         0.630         0.560         0.610
 Y113           0.640         0.590         0.630         0.590         0.600
 Y213           0.710         0.660         0.690         0.600         0.630
 Y313           0.780         0.710         0.740         0.650         0.690
 Y413           0.650         0.610         0.630         0.560         0.610
 Y114           0.720         0.620         0.670         0.580         0.580
 Y214           0.740         0.670         0.680         0.600         0.650
 Y314           0.740         0.680         0.690         0.620         0.660
 Y414           0.660         0.600         0.630         0.540         0.570
 Y115           0.730         0.670         0.720         0.640         0.670
 Y215           0.760         0.680         0.740         0.630         0.650
 Y315           0.710         0.640         0.670         0.580         0.600
 Y415           0.720         0.660         0.680         0.590         0.600


           Covariance Coverage
              Y212          Y312          Y412          Y113          Y213
              ________      ________      ________      ________      ________
 Y212           0.870
 Y312           0.720         0.850
 Y412           0.670         0.680         0.770
 Y113           0.650         0.650         0.580         0.760
 Y213           0.720         0.690         0.630         0.630         0.830
 Y313           0.770         0.740         0.700         0.670         0.710
 Y413           0.660         0.630         0.570         0.580         0.630
 Y114           0.680         0.650         0.580         0.640         0.670
 Y214           0.730         0.710         0.660         0.640         0.690
 Y314           0.720         0.700         0.660         0.640         0.700
 Y414           0.650         0.640         0.580         0.570         0.630
 Y115           0.750         0.730         0.660         0.670         0.720
 Y215           0.740         0.730         0.660         0.680         0.720
 Y315           0.660         0.670         0.600         0.600         0.670
 Y415           0.700         0.660         0.600         0.580         0.650


           Covariance Coverage
              Y313          Y413          Y114          Y214          Y314
              ________      ________      ________      ________      ________
 Y313           0.880
 Y413           0.670         0.760
 Y114           0.690         0.610         0.780
 Y214           0.750         0.650         0.650         0.840
 Y314           0.740         0.660         0.650         0.710         0.840
 Y414           0.650         0.600         0.590         0.660         0.640
 Y115           0.770         0.640         0.690         0.710         0.700
 Y215           0.760         0.660         0.690         0.730         0.730
 Y315           0.690         0.600         0.610         0.630         0.690
 Y415           0.710         0.610         0.670         0.680         0.680


           Covariance Coverage
              Y414          Y115          Y215          Y315          Y415
              ________      ________      ________      ________      ________
 Y414           0.760
 Y115           0.650         0.860
 Y215           0.650         0.750         0.860
 Y315           0.610         0.660         0.690         0.790
 Y415           0.600         0.690         0.670         0.650         0.800



UNIVARIATE SAMPLE STATISTICS


     UNIVARIATE HIGHER-ORDER MOMENT DESCRIPTIVE STATISTICS

         Variable/         Mean/     Skewness/   Minimum/ % with                Percentiles
        Sample Size      Variance    Kurtosis    Maximum  Min/Max      20%/60%    40%/80%    Median

     Y11                   2.215      -0.189      -5.328    1.27%      -0.284      2.000      2.643
              79.000       6.433      -0.026       7.552    1.27%       2.991      4.232
     Y21                   2.845       0.110      -0.431    1.30%       1.560      2.417      2.862
              77.000       2.565      -0.263       6.761    1.30%       3.069      4.358
     Y31                   3.409       0.266      -2.880    1.27%       0.900      2.038      2.851
              79.000       8.506      -0.807       9.539    1.27%       3.813      6.086
     Y41                   3.812       0.200      -1.302    1.25%       2.250      3.182      3.592
              80.000       4.458       0.317       9.196    1.25%       4.044      5.032
     Y12                   1.775       0.122      -3.244    1.30%      -0.341      1.188      1.626
              77.000       4.175      -0.321       6.554    1.30%       2.132      3.540
     Y22                   2.699      -0.062      -1.101    1.23%       1.444      2.443      2.746
              81.000       2.138       0.225       6.164    1.23%       3.115      3.687
     Y32                   3.093       0.123      -2.601    1.18%       0.527      1.960      3.232
              85.000       7.396      -0.625       9.198    1.18%       4.143      5.308
     Y42                   3.585       0.608       0.340    1.27%       1.999      2.980      3.544
              79.000       2.779       0.335       8.524    1.27%       3.857      4.665
     Y13                   2.101      -0.059      -3.812    1.28%       0.301      1.342      2.146
              78.000       4.778      -0.036       7.196    1.28%       2.574      4.305
     Y23                   2.666      -0.354      -2.349    1.22%       1.832      2.470      2.666
              82.000       2.907       1.822       7.446    1.22%       2.918      3.563
     Y33                   3.340      -0.143      -3.545    1.19%       1.408      2.595      3.462
              84.000       7.303      -0.086       8.807    1.19%       3.736      5.994
     Y43                   3.706       0.035      -0.865    1.27%       1.910      3.161      3.670
              79.000       4.066      -0.451       8.339    1.27%       4.220      5.311
     Y14                   2.255       0.074      -2.507    1.22%       0.547      1.433      2.070
              82.000       4.508      -0.619       6.374    1.22%       2.758      4.049
     Y24                   2.654       0.181      -0.822    1.19%       1.611      2.437      2.647
              84.000       2.086       0.788       7.247    1.19%       2.803      3.551
     Y34                   3.107      -0.731      -6.876    1.16%       1.429      2.525      3.090
              86.000       8.227       1.035       8.881    1.16%       4.052      5.636
     Y44                   3.794      -0.186      -1.299    1.27%       2.309      3.325      3.804
              79.000       4.306       0.007       8.526    1.27%       4.304      5.470
     Y15                   1.746      -0.114      -3.413    1.22%      -0.433      1.067      1.769
              82.000       4.743      -0.798       6.349    1.22%       2.575      3.798
     Y25                   2.578       0.375      -0.465    1.28%       0.988      1.887      2.364
              78.000       2.930      -0.562       6.411    1.28%       2.921      3.936
     Y35                   2.837      -0.065      -4.280    1.25%       0.052      1.864      2.937
              80.000       8.920      -0.538       9.690    1.25%       3.812      5.332
     Y45                   3.766       0.259      -0.173    1.30%       1.700      3.062      3.484
              77.000       4.205      -0.603       8.825    1.30%       4.015      5.734
     Y16                   2.291       0.103      -1.948    1.22%       0.099      1.582      2.258
              82.000       4.172      -0.755       6.821    1.22%       2.836      4.332
     Y26                   2.844       0.341      -1.240    1.35%       1.326      2.237      2.689
              74.000       2.988       0.307       7.914    1.35%       3.130      4.288
     Y36                   3.609       0.505      -2.423    1.30%       1.209      2.218      2.946
              77.000       7.694      -0.266      11.111    1.30%       4.140      6.149
     Y46                   3.727      -0.162      -1.051    1.39%       2.037      3.351      3.975
              72.000       2.822      -0.147       7.437    1.39%       4.183      5.162
     Y17                   1.728      -0.026      -4.052    1.27%      -0.183      0.932      1.604
              79.000       5.946      -0.270       7.030    1.27%       2.274      4.027
     Y27                   2.601       0.157      -0.521    1.19%       0.961      2.107      2.786
              84.000       2.791      -0.387       7.127    1.19%       3.034      3.787
     Y37                   2.866       0.016      -6.366    1.20%       0.841      1.962      2.574
              83.000       9.258       0.828      11.404    1.20%       3.404      5.317
     Y47                   3.658       0.150       0.009    1.30%       1.389      3.008      3.679
              77.000       4.074      -0.802       7.946    1.30%       4.190      5.578
     Y18                   1.826      -0.109      -3.637    1.28%       0.049      1.451      1.978
              78.000       4.384      -0.217       6.340    1.28%       2.473      3.623
     Y28                   2.813      -0.182      -0.783    1.27%       1.592      2.515      2.826
              79.000       1.757       0.070       5.872    1.27%       3.105      3.927
     Y38                   2.836      -0.108      -3.226    1.20%       0.244      2.225      3.231
              83.000       7.044      -0.534       8.863    1.20%       3.692      4.650
     Y48                   3.802      -0.436      -0.673    1.18%       2.386      3.553      4.125
              85.000       3.138      -0.069       7.240    1.18%       4.426      5.250
     Y19                   2.306       0.098      -1.826    1.37%       0.297      1.844      2.433
              73.000       4.526      -0.682       7.321    1.37%       2.838      4.218
     Y29                   2.846       0.058      -0.384    1.15%       1.390      2.436      2.893
              87.000       2.382      -0.556       6.490    1.15%       3.374      4.168
     Y39                   3.455      -0.060      -2.738    1.22%       0.515      2.588      3.555
              82.000       7.923      -0.612      10.071    1.22%       4.281      6.000
     Y49                   3.551      -0.076      -1.066    1.32%       1.845      3.181      3.510
              76.000       3.364      -0.282       7.458    1.32%       3.957      5.059
     Y110                  2.079       0.316      -3.020    1.32%       0.485      1.427      1.736
              76.000       4.197       0.615       8.507    1.32%       2.148      3.764
     Y210                  2.767       0.466      -0.841    1.30%       1.334      2.304      2.713
              77.000       2.486       0.988       7.721    1.30%       3.015      3.947
     Y310                  3.240       0.280      -2.872    1.28%       1.317      2.595      3.128
              78.000       6.255       0.493      10.920    1.28%       3.805      4.841
     Y410                  3.914       0.112      -0.864    1.20%       2.234      3.382      3.960
              83.000       4.203       0.098       9.590    1.20%       4.217      5.394
     Y111                  2.019      -0.151      -5.195    1.15%      -0.216      1.388      2.231
              87.000       5.373       0.122       6.876    1.15%       2.538      3.876
     Y211                  2.577       0.026      -2.102    1.25%       1.054      2.479      2.646
              80.000       3.400       0.841       7.269    1.25%       2.903      3.723
     Y311                  3.166      -0.245      -6.463    1.19%       0.834      2.255      3.009
              84.000       8.753       0.660      10.911    1.19%       4.099      5.155
     Y411                  3.869      -0.021      -0.371    1.37%       2.187      3.173      3.914
              73.000       4.023      -0.686       7.790    1.37%       4.461      5.645
     Y112                  2.191       0.172      -2.567    1.30%       0.153      1.712      2.359
              77.000       4.529      -0.058       8.195    1.30%       2.786      3.779
     Y212                  2.893      -0.055      -1.651    1.15%       1.485      2.436      2.837
              87.000       2.776       0.229       6.919    1.15%       3.269      4.173
     Y312                  3.298      -0.221      -4.321    1.18%       0.844      2.601      3.257
              85.000       8.118      -0.388       9.501    1.18%       4.433      5.889
     Y412                  3.802      -0.206      -0.279    1.30%       2.043      3.178      3.828
              77.000       3.581      -0.687       7.886    1.30%       4.500      5.504
     Y113                  2.184       0.127      -2.023    1.32%       0.170      1.573      2.035
              76.000       4.098      -0.491       7.213    1.32%       2.829      3.900
     Y213                  2.579       0.139      -1.943    1.20%       1.500      2.286      2.483
              83.000       2.276       0.548       6.176    1.20%       2.650      3.859
     Y313                  3.311       0.201      -2.097    1.14%       1.237      2.773      3.136
              88.000       6.764      -0.393       9.322    1.14%       3.727      5.640
     Y413                  3.762       0.086      -0.310    1.32%       2.213      3.174      3.631
              76.000       2.867      -0.261       8.171    1.32%       4.151      5.189
     Y114                  2.073      -0.296      -3.103    1.28%       0.511      1.557      1.920
              78.000       3.943      -0.179       5.758    1.28%       2.507      3.791
     Y214                  2.849       0.063      -1.218    1.19%       1.318      2.481      2.755
              84.000       2.826      -0.195       7.363    1.19%       3.188      4.335
     Y314                  3.347      -0.068      -2.228    1.19%       1.137      2.331      3.546
              84.000       5.425      -0.743       8.471    1.19%       4.078      5.530
     Y414                  3.558      -0.148      -1.193    1.32%       2.100      3.175      3.648
              76.000       2.979      -0.010       7.772    1.32%       4.110      4.796
     Y115                  2.232       0.012      -3.533    1.16%       0.469      1.684      2.358
              86.000       4.991       0.286       8.648    1.16%       2.785      4.006
     Y215                  2.766       0.620      -0.382    1.16%       1.576      2.401      2.748
              86.000       1.955       1.840       8.282    1.16%       2.937      3.936
     Y315                  3.394       0.077      -2.481    1.27%       1.354      3.111      3.490
              79.000       5.730       0.412      11.269    1.27%       4.015      5.328
     Y415                  3.800       0.137      -0.750    1.25%       2.151      3.452      3.728
              80.000       3.585       0.372       8.508    1.25%       4.295      5.011


THE MODEL ESTIMATION TERMINATED NORMALLY



MODEL FIT INFORMATION

Number of Free Parameters                       20

Loglikelihood

          H0 Value                       -8370.593
          H1 Value                       -4799.740

Information Criteria

          Akaike (AIC)                   16781.187
          Bayesian (BIC)                 16833.290
          Sample-Size Adjusted BIC       16770.125
            (n* = (n + 2) / 24)

Chi-Square Test of Model Fit

          Value                           7141.706
          Degrees of Freedom                  1870
          P-Value                           0.0000

RMSEA (Root Mean Square Error Of Approximation)

          Estimate                           0.168
          90 Percent C.I.                    0.164  0.172
          Probability RMSEA <= .05           0.000

CFI/TLI

          CFI                                0.430
          TLI                                0.461

Chi-Square Test of Model Fit for the Baseline Model

          Value                          11019.448
          Degrees of Freedom                  1770
          P-Value                           0.0000

SRMR (Standardized Root Mean Square Residual)

          Value                              0.113



MODEL RESULTS

                                                    Two-Tailed
                    Estimate       S.E.  Est./S.E.    P-Value

 CS1      BY
    Y11                1.000      0.000    999.000    999.000
    Y21                0.513      0.021     24.456      0.000
    Y31                1.338      0.046     29.318      0.000
    Y41                0.795      0.029     27.364      0.000

 CS2      BY
    Y12                1.000      0.000    999.000    999.000
    Y22                0.513      0.021     24.456      0.000
    Y32                1.338      0.046     29.318      0.000
    Y42                0.795      0.029     27.364      0.000

 CS3      BY
    Y13                1.000      0.000    999.000    999.000
    Y23                0.513      0.021     24.456      0.000
    Y33                1.338      0.046     29.318      0.000
    Y43                0.795      0.029     27.364      0.000

 CS4      BY
    Y14                1.000      0.000    999.000    999.000
    Y24                0.513      0.021     24.456      0.000
    Y34                1.338      0.046     29.318      0.000
    Y44                0.795      0.029     27.364      0.000

 CS5      BY
    Y15                1.000      0.000    999.000    999.000
    Y25                0.513      0.021     24.456      0.000
    Y35                1.338      0.046     29.318      0.000
    Y45                0.795      0.029     27.364      0.000

 CS6      BY
    Y16                1.000      0.000    999.000    999.000
    Y26                0.513      0.021     24.456      0.000
    Y36                1.338      0.046     29.318      0.000
    Y46                0.795      0.029     27.364      0.000

 CS7      BY
    Y17                1.000      0.000    999.000    999.000
    Y27                0.513      0.021     24.456      0.000
    Y37                1.338      0.046     29.318      0.000
    Y47                0.795      0.029     27.364      0.000

 CS8      BY
    Y18                1.000      0.000    999.000    999.000
    Y28                0.513      0.021     24.456      0.000
    Y38                1.338      0.046     29.318      0.000
    Y48                0.795      0.029     27.364      0.000

 CS9      BY
    Y19                1.000      0.000    999.000    999.000
    Y29                0.513      0.021     24.456      0.000
    Y39                1.338      0.046     29.318      0.000
    Y49                0.795      0.029     27.364      0.000

 CS10     BY
    Y110               1.000      0.000    999.000    999.000
    Y210               0.513      0.021     24.456      0.000
    Y310               1.338      0.046     29.318      0.000
    Y410               0.795      0.029     27.364      0.000

 CS11     BY
    Y111               1.000      0.000    999.000    999.000
    Y211               0.513      0.021     24.456      0.000
    Y311               1.338      0.046     29.318      0.000
    Y411               0.795      0.029     27.364      0.000

 CS12     BY
    Y112               1.000      0.000    999.000    999.000
    Y212               0.513      0.021     24.456      0.000
    Y312               1.338      0.046     29.318      0.000
    Y412               0.795      0.029     27.364      0.000

 CS13     BY
    Y113               1.000      0.000    999.000    999.000
    Y213               0.513      0.021     24.456      0.000
    Y313               1.338      0.046     29.318      0.000
    Y413               0.795      0.029     27.364      0.000

 CS14     BY
    Y114               1.000      0.000    999.000    999.000
    Y214               0.513      0.021     24.456      0.000
    Y314               1.338      0.046     29.318      0.000
    Y414               0.795      0.029     27.364      0.000

 CS15     BY
    Y115               1.000      0.000    999.000    999.000
    Y215               0.513      0.021     24.456      0.000
    Y315               1.338      0.046     29.318      0.000
    Y415               0.795      0.029     27.364      0.000

 CT       BY
    Y11                1.000      0.000    999.000    999.000
    Y21                0.728      0.119      6.120      0.000
    Y31                1.325      0.160      8.274      0.000
    Y41                0.862      0.126      6.844      0.000
    Y12                1.000      0.000    999.000    999.000
    Y22                0.728      0.119      6.120      0.000
    Y32                1.325      0.160      8.274      0.000
    Y42                0.862      0.126      6.844      0.000
    Y13                1.000      0.000    999.000    999.000
    Y23                0.728      0.119      6.120      0.000
    Y33                1.325      0.160      8.274      0.000
    Y43                0.862      0.126      6.844      0.000
    Y14                1.000      0.000    999.000    999.000
    Y24                0.728      0.119      6.120      0.000
    Y34                1.325      0.160      8.274      0.000
    Y44                0.862      0.126      6.844      0.000
    Y15                1.000      0.000    999.000    999.000
    Y25                0.728      0.119      6.120      0.000
    Y35                1.325      0.160      8.274      0.000
    Y45                0.862      0.126      6.844      0.000
    Y16                1.000      0.000    999.000    999.000
    Y26                0.728      0.119      6.120      0.000
    Y36                1.325      0.160      8.274      0.000
    Y46                0.862      0.126      6.844      0.000
    Y17                1.000      0.000    999.000    999.000
    Y27                0.728      0.119      6.120      0.000
    Y37                1.325      0.160      8.274      0.000
    Y47                0.862      0.126      6.844      0.000
    Y18                1.000      0.000    999.000    999.000
    Y28                0.728      0.119      6.120      0.000
    Y38                1.325      0.160      8.274      0.000
    Y48                0.862      0.126      6.844      0.000
    Y19                1.000      0.000    999.000    999.000
    Y29                0.728      0.119      6.120      0.000
    Y39                1.325      0.160      8.274      0.000
    Y49                0.862      0.126      6.844      0.000
    Y110               1.000      0.000    999.000    999.000
    Y210               0.728      0.119      6.120      0.000
    Y310               1.325      0.160      8.274      0.000
    Y410               0.862      0.126      6.844      0.000
    Y111               1.000      0.000    999.000    999.000
    Y211               0.728      0.119      6.120      0.000
    Y311               1.325      0.160      8.274      0.000
    Y411               0.862      0.126      6.844      0.000
    Y112               1.000      0.000    999.000    999.000
    Y212               0.728      0.119      6.120      0.000
    Y312               1.325      0.160      8.274      0.000
    Y412               0.862      0.126      6.844      0.000
    Y113               1.000      0.000    999.000    999.000
    Y213               0.728      0.119      6.120      0.000
    Y313               1.325      0.160      8.274      0.000
    Y413               0.862      0.126      6.844      0.000
    Y114               1.000      0.000    999.000    999.000
    Y214               0.728      0.119      6.120      0.000
    Y314               1.325      0.160      8.274      0.000
    Y414               0.862      0.126      6.844      0.000
    Y115               1.000      0.000    999.000    999.000
    Y215               0.728      0.119      6.120      0.000
    Y315               1.325      0.160      8.274      0.000
    Y415               0.862      0.126      6.844      0.000

 UT1      BY
    Y11                1.000      0.000    999.000    999.000
    Y12                1.000      0.000    999.000    999.000
    Y13                1.000      0.000    999.000    999.000
    Y14                1.000      0.000    999.000    999.000
    Y15                1.000      0.000    999.000    999.000
    Y16                1.000      0.000    999.000    999.000
    Y17                1.000      0.000    999.000    999.000
    Y18                1.000      0.000    999.000    999.000
    Y19                1.000      0.000    999.000    999.000
    Y110               1.000      0.000    999.000    999.000
    Y111               1.000      0.000    999.000    999.000
    Y112               1.000      0.000    999.000    999.000
    Y113               1.000      0.000    999.000    999.000
    Y114               1.000      0.000    999.000    999.000
    Y115               1.000      0.000    999.000    999.000

 UT2      BY
    Y21                1.000      0.000    999.000    999.000
    Y22                1.000      0.000    999.000    999.000
    Y23                1.000      0.000    999.000    999.000
    Y24                1.000      0.000    999.000    999.000
    Y25                1.000      0.000    999.000    999.000
    Y26                1.000      0.000    999.000    999.000
    Y27                1.000      0.000    999.000    999.000
    Y28                1.000      0.000    999.000    999.000
    Y29                1.000      0.000    999.000    999.000
    Y210               1.000      0.000    999.000    999.000
    Y211               1.000      0.000    999.000    999.000
    Y212               1.000      0.000    999.000    999.000
    Y213               1.000      0.000    999.000    999.000
    Y214               1.000      0.000    999.000    999.000
    Y215               1.000      0.000    999.000    999.000

 UT3      BY
    Y31                1.000      0.000    999.000    999.000
    Y32                1.000      0.000    999.000    999.000
    Y33                1.000      0.000    999.000    999.000
    Y34                1.000      0.000    999.000    999.000
    Y35                1.000      0.000    999.000    999.000
    Y36                1.000      0.000    999.000    999.000
    Y37                1.000      0.000    999.000    999.000
    Y38                1.000      0.000    999.000    999.000
    Y39                1.000      0.000    999.000    999.000
    Y310               1.000      0.000    999.000    999.000
    Y311               1.000      0.000    999.000    999.000
    Y312               1.000      0.000    999.000    999.000
    Y313               1.000      0.000    999.000    999.000
    Y314               1.000      0.000    999.000    999.000
    Y315               1.000      0.000    999.000    999.000

 UT4      BY
    Y41                1.000      0.000    999.000    999.000
    Y42                1.000      0.000    999.000    999.000
    Y43                1.000      0.000    999.000    999.000
    Y44                1.000      0.000    999.000    999.000
    Y45                1.000      0.000    999.000    999.000
    Y46                1.000      0.000    999.000    999.000
    Y47                1.000      0.000    999.000    999.000
    Y48                1.000      0.000    999.000    999.000
    Y49                1.000      0.000    999.000    999.000
    Y410               1.000      0.000    999.000    999.000
    Y411               1.000      0.000    999.000    999.000
    Y412               1.000      0.000    999.000    999.000
    Y413               1.000      0.000    999.000    999.000
    Y414               1.000      0.000    999.000    999.000
    Y415               1.000      0.000    999.000    999.000

 CS1      WITH
    CS2                0.000      0.000    999.000    999.000
    CS3                0.000      0.000    999.000    999.000
    CS4                0.000      0.000    999.000    999.000
    CS5                0.000      0.000    999.000    999.000
    CS6                0.000      0.000    999.000    999.000
    CS7                0.000      0.000    999.000    999.000
    CS8                0.000      0.000    999.000    999.000
    CS9                0.000      0.000    999.000    999.000
    CS10               0.000      0.000    999.000    999.000
    CS11               0.000      0.000    999.000    999.000
    CS12               0.000      0.000    999.000    999.000
    CS13               0.000      0.000    999.000    999.000
    CS14               0.000      0.000    999.000    999.000
    CS15               0.000      0.000    999.000    999.000
    UT1                0.000      0.000    999.000    999.000
    UT2                0.000      0.000    999.000    999.000
    UT3                0.000      0.000    999.000    999.000
    UT4                0.000      0.000    999.000    999.000
    CT                 0.000      0.000    999.000    999.000

 CS2      WITH
    CS3                0.000      0.000    999.000    999.000
    CS4                0.000      0.000    999.000    999.000
    CS5                0.000      0.000    999.000    999.000
    CS6                0.000      0.000    999.000    999.000
    CS7                0.000      0.000    999.000    999.000
    CS8                0.000      0.000    999.000    999.000
    CS9                0.000      0.000    999.000    999.000
    CS10               0.000      0.000    999.000    999.000
    CS11               0.000      0.000    999.000    999.000
    CS12               0.000      0.000    999.000    999.000
    CS13               0.000      0.000    999.000    999.000
    CS14               0.000      0.000    999.000    999.000
    CS15               0.000      0.000    999.000    999.000
    UT1                0.000      0.000    999.000    999.000
    UT2                0.000      0.000    999.000    999.000
    UT3                0.000      0.000    999.000    999.000
    UT4                0.000      0.000    999.000    999.000
    CT                 0.000      0.000    999.000    999.000

 CS3      WITH
    CS4                0.000      0.000    999.000    999.000
    CS5                0.000      0.000    999.000    999.000
    CS6                0.000      0.000    999.000    999.000
    CS7                0.000      0.000    999.000    999.000
    CS8                0.000      0.000    999.000    999.000
    CS9                0.000      0.000    999.000    999.000
    CS10               0.000      0.000    999.000    999.000
    CS11               0.000      0.000    999.000    999.000
    CS12               0.000      0.000    999.000    999.000
    CS13               0.000      0.000    999.000    999.000
    CS14               0.000      0.000    999.000    999.000
    CS15               0.000      0.000    999.000    999.000
    UT1                0.000      0.000    999.000    999.000
    UT2                0.000      0.000    999.000    999.000
    UT3                0.000      0.000    999.000    999.000
    UT4                0.000      0.000    999.000    999.000
    CT                 0.000      0.000    999.000    999.000

 CS4      WITH
    CS5                0.000      0.000    999.000    999.000
    CS6                0.000      0.000    999.000    999.000
    CS7                0.000      0.000    999.000    999.000
    CS8                0.000      0.000    999.000    999.000
    CS9                0.000      0.000    999.000    999.000
    CS10               0.000      0.000    999.000    999.000
    CS11               0.000      0.000    999.000    999.000
    CS12               0.000      0.000    999.000    999.000
    CS13               0.000      0.000    999.000    999.000
    CS14               0.000      0.000    999.000    999.000
    CS15               0.000      0.000    999.000    999.000
    UT1                0.000      0.000    999.000    999.000
    UT2                0.000      0.000    999.000    999.000
    UT3                0.000      0.000    999.000    999.000
    UT4                0.000      0.000    999.000    999.000
    CT                 0.000      0.000    999.000    999.000

 CS5      WITH
    CS6                0.000      0.000    999.000    999.000
    CS7                0.000      0.000    999.000    999.000
    CS8                0.000      0.000    999.000    999.000
    CS9                0.000      0.000    999.000    999.000
    CS10               0.000      0.000    999.000    999.000
    CS11               0.000      0.000    999.000    999.000
    CS12               0.000      0.000    999.000    999.000
    CS13               0.000      0.000    999.000    999.000
    CS14               0.000      0.000    999.000    999.000
    CS15               0.000      0.000    999.000    999.000
    UT1                0.000      0.000    999.000    999.000
    UT2                0.000      0.000    999.000    999.000
    UT3                0.000      0.000    999.000    999.000
    UT4                0.000      0.000    999.000    999.000
    CT                 0.000      0.000    999.000    999.000

 CS6      WITH
    CS7                0.000      0.000    999.000    999.000
    CS8                0.000      0.000    999.000    999.000
    CS9                0.000      0.000    999.000    999.000
    CS10               0.000      0.000    999.000    999.000
    CS11               0.000      0.000    999.000    999.000
    CS12               0.000      0.000    999.000    999.000
    CS13               0.000      0.000    999.000    999.000
    CS14               0.000      0.000    999.000    999.000
    CS15               0.000      0.000    999.000    999.000
    UT1                0.000      0.000    999.000    999.000
    UT2                0.000      0.000    999.000    999.000
    UT3                0.000      0.000    999.000    999.000
    UT4                0.000      0.000    999.000    999.000
    CT                 0.000      0.000    999.000    999.000

 CS7      WITH
    CS8                0.000      0.000    999.000    999.000
    CS9                0.000      0.000    999.000    999.000
    CS10               0.000      0.000    999.000    999.000
    CS11               0.000      0.000    999.000    999.000
    CS12               0.000      0.000    999.000    999.000
    CS13               0.000      0.000    999.000    999.000
    CS14               0.000      0.000    999.000    999.000
    CS15               0.000      0.000    999.000    999.000
    UT1                0.000      0.000    999.000    999.000
    UT2                0.000      0.000    999.000    999.000
    UT3                0.000      0.000    999.000    999.000
    UT4                0.000      0.000    999.000    999.000
    CT                 0.000      0.000    999.000    999.000

 CS8      WITH
    CS9                0.000      0.000    999.000    999.000
    CS10               0.000      0.000    999.000    999.000
    CS11               0.000      0.000    999.000    999.000
    CS12               0.000      0.000    999.000    999.000
    CS13               0.000      0.000    999.000    999.000
    CS14               0.000      0.000    999.000    999.000
    CS15               0.000      0.000    999.000    999.000
    UT1                0.000      0.000    999.000    999.000
    UT2                0.000      0.000    999.000    999.000
    UT3                0.000      0.000    999.000    999.000
    UT4                0.000      0.000    999.000    999.000
    CT                 0.000      0.000    999.000    999.000

 CS9      WITH
    CS10               0.000      0.000    999.000    999.000
    CS11               0.000      0.000    999.000    999.000
    CS12               0.000      0.000    999.000    999.000
    CS13               0.000      0.000    999.000    999.000
    CS14               0.000      0.000    999.000    999.000
    CS15               0.000      0.000    999.000    999.000
    UT1                0.000      0.000    999.000    999.000
    UT2                0.000      0.000    999.000    999.000
    UT3                0.000      0.000    999.000    999.000
    UT4                0.000      0.000    999.000    999.000
    CT                 0.000      0.000    999.000    999.000

 CS10     WITH
    CS11               0.000      0.000    999.000    999.000
    CS12               0.000      0.000    999.000    999.000
    CS13               0.000      0.000    999.000    999.000
    CS14               0.000      0.000    999.000    999.000
    CS15               0.000      0.000    999.000    999.000
    UT1                0.000      0.000    999.000    999.000
    UT2                0.000      0.000    999.000    999.000
    UT3                0.000      0.000    999.000    999.000
    UT4                0.000      0.000    999.000    999.000
    CT                 0.000      0.000    999.000    999.000

 CS11     WITH
    CS12               0.000      0.000    999.000    999.000
    CS13               0.000      0.000    999.000    999.000
    CS14               0.000      0.000    999.000    999.000
    CS15               0.000      0.000    999.000    999.000
    UT1                0.000      0.000    999.000    999.000
    UT2                0.000      0.000    999.000    999.000
    UT3                0.000      0.000    999.000    999.000
    UT4                0.000      0.000    999.000    999.000
    CT                 0.000      0.000    999.000    999.000

 CS12     WITH
    CS13               0.000      0.000    999.000    999.000
    CS14               0.000      0.000    999.000    999.000
    CS15               0.000      0.000    999.000    999.000
    UT1                0.000      0.000    999.000    999.000
    UT2                0.000      0.000    999.000    999.000
    UT3                0.000      0.000    999.000    999.000
    UT4                0.000      0.000    999.000    999.000
    CT                 0.000      0.000    999.000    999.000

 CS13     WITH
    CS14               0.000      0.000    999.000    999.000
    CS15               0.000      0.000    999.000    999.000
    UT1                0.000      0.000    999.000    999.000
    UT2                0.000      0.000    999.000    999.000
    UT3                0.000      0.000    999.000    999.000
    UT4                0.000      0.000    999.000    999.000
    CT                 0.000      0.000    999.000    999.000

 CS14     WITH
    CS15               0.000      0.000    999.000    999.000
    UT1                0.000      0.000    999.000    999.000
    UT2                0.000      0.000    999.000    999.000
    UT3                0.000      0.000    999.000    999.000
    UT4                0.000      0.000    999.000    999.000
    CT                 0.000      0.000    999.000    999.000

 CS15     WITH
    UT1                0.000      0.000    999.000    999.000
    UT2                0.000      0.000    999.000    999.000
    UT3                0.000      0.000    999.000    999.000
    UT4                0.000      0.000    999.000    999.000
    CT                 0.000      0.000    999.000    999.000

 UT1      WITH
    UT2                0.000      0.000    999.000    999.000
    UT3                0.000      0.000    999.000    999.000
    UT4                0.000      0.000    999.000    999.000
    CT                 0.000      0.000    999.000    999.000

 UT2      WITH
    UT3                0.000      0.000    999.000    999.000
    UT4                0.000      0.000    999.000    999.000
    CT                 0.000      0.000    999.000    999.000

 UT3      WITH
    UT4                0.000      0.000    999.000    999.000
    CT                 0.000      0.000    999.000    999.000

 UT4      WITH
    CT                 0.000      0.000    999.000    999.000

 Intercepts
    Y11                2.084      0.141     14.823      0.000
    Y21                2.722      0.123     22.045      0.000
    Y31                3.226      0.165     19.504      0.000
    Y41                3.722      0.132     28.291      0.000
    Y12                2.084      0.141     14.823      0.000
    Y22                2.722      0.123     22.045      0.000
    Y32                3.226      0.165     19.504      0.000
    Y42                3.722      0.132     28.291      0.000
    Y13                2.084      0.141     14.823      0.000
    Y23                2.722      0.123     22.045      0.000
    Y33                3.226      0.165     19.504      0.000
    Y43                3.722      0.132     28.291      0.000
    Y14                2.084      0.141     14.823      0.000
    Y24                2.722      0.123     22.045      0.000
    Y34                3.226      0.165     19.504      0.000
    Y44                3.722      0.132     28.291      0.000
    Y15                2.084      0.141     14.823      0.000
    Y25                2.722      0.123     22.045      0.000
    Y35                3.226      0.165     19.504      0.000
    Y45                3.722      0.132     28.291      0.000
    Y16                2.084      0.141     14.823      0.000
    Y26                2.722      0.123     22.045      0.000
    Y36                3.226      0.165     19.504      0.000
    Y46                3.722      0.132     28.291      0.000
    Y17                2.084      0.141     14.823      0.000
    Y27                2.722      0.123     22.045      0.000
    Y37                3.226      0.165     19.504      0.000
    Y47                3.722      0.132     28.291      0.000
    Y18                2.084      0.141     14.823      0.000
    Y28                2.722      0.123     22.045      0.000
    Y38                3.226      0.165     19.504      0.000
    Y48                3.722      0.132     28.291      0.000
    Y19                2.084      0.141     14.823      0.000
    Y29                2.722      0.123     22.045      0.000
    Y39                3.226      0.165     19.504      0.000
    Y49                3.722      0.132     28.291      0.000
    Y110               2.084      0.141     14.823      0.000
    Y210               2.722      0.123     22.045      0.000
    Y310               3.226      0.165     19.504      0.000
    Y410               3.722      0.132     28.291      0.000
    Y111               2.084      0.141     14.823      0.000
    Y211               2.722      0.123     22.045      0.000
    Y311               3.226      0.165     19.504      0.000
    Y411               3.722      0.132     28.291      0.000
    Y112               2.084      0.141     14.823      0.000
    Y212               2.722      0.123     22.045      0.000
    Y312               3.226      0.165     19.504      0.000
    Y412               3.722      0.132     28.291      0.000
    Y113               2.084      0.141     14.823      0.000
    Y213               2.722      0.123     22.045      0.000
    Y313               3.226      0.165     19.504      0.000
    Y413               3.722      0.132     28.291      0.000
    Y114               2.084      0.141     14.823      0.000
    Y214               2.722      0.123     22.045      0.000
    Y314               3.226      0.165     19.504      0.000
    Y414               3.722      0.132     28.291      0.000
    Y115               2.084      0.141     14.823      0.000
    Y215               2.722      0.123     22.045      0.000
    Y315               3.226      0.165     19.504      0.000
    Y415               3.722      0.132     28.291      0.000

 Variances
    CS1                2.142      0.130     16.482      0.000
    CS2                2.142      0.130     16.482      0.000
    CS3                2.142      0.130     16.482      0.000
    CS4                2.142      0.130     16.482      0.000
    CS5                2.142      0.130     16.482      0.000
    CS6                2.142      0.130     16.482      0.000
    CS7                2.142      0.130     16.482      0.000
    CS8                2.142      0.130     16.482      0.000
    CS9                2.142      0.130     16.482      0.000
    CS10               2.142      0.130     16.482      0.000
    CS11               2.142      0.130     16.482      0.000
    CS12               2.142      0.130     16.482      0.000
    CS13               2.142      0.130     16.482      0.000
    CS14               2.142      0.130     16.482      0.000
    CS15               2.142      0.130     16.482      0.000
    CT                 1.135      0.277      4.095      0.000
    UT1                0.614      0.136      4.500      0.000
    UT2                0.841      0.141      5.955      0.000
    UT3                0.358      0.168      2.126      0.034
    UT4                0.724      0.132      5.477      0.000

 Residual Variances
    Y11                0.890      0.063     14.026      0.000
    Y21                0.522      0.027     19.363      0.000
    Y31                1.430      0.106     13.511      0.000
    Y41                0.768      0.047     16.505      0.000
    Y12                0.890      0.063     14.026      0.000
    Y22                0.522      0.027     19.363      0.000
    Y32                1.430      0.106     13.511      0.000
    Y42                0.768      0.047     16.505      0.000
    Y13                0.890      0.063     14.026      0.000
    Y23                0.522      0.027     19.363      0.000
    Y33                1.430      0.106     13.511      0.000
    Y43                0.768      0.047     16.505      0.000
    Y14                0.890      0.063     14.026      0.000
    Y24                0.522      0.027     19.363      0.000
    Y34                1.430      0.106     13.511      0.000
    Y44                0.768      0.047     16.505      0.000
    Y15                0.890      0.063     14.026      0.000
    Y25                0.522      0.027     19.363      0.000
    Y35                1.430      0.106     13.511      0.000
    Y45                0.768      0.047     16.505      0.000
    Y16                0.890      0.063     14.026      0.000
    Y26                0.522      0.027     19.363      0.000
    Y36                1.430      0.106     13.511      0.000
    Y46                0.768      0.047     16.505      0.000
    Y17                0.890      0.063     14.026      0.000
    Y27                0.522      0.027     19.363      0.000
    Y37                1.430      0.106     13.511      0.000
    Y47                0.768      0.047     16.505      0.000
    Y18                0.890      0.063     14.026      0.000
    Y28                0.522      0.027     19.363      0.000
    Y38                1.430      0.106     13.511      0.000
    Y48                0.768      0.047     16.505      0.000
    Y19                0.890      0.063     14.026      0.000
    Y29                0.522      0.027     19.363      0.000
    Y39                1.430      0.106     13.511      0.000
    Y49                0.768      0.047     16.505      0.000
    Y110               0.890      0.063     14.026      0.000
    Y210               0.522      0.027     19.363      0.000
    Y310               1.430      0.106     13.511      0.000
    Y410               0.768      0.047     16.505      0.000
    Y111               0.890      0.063     14.026      0.000
    Y211               0.522      0.027     19.363      0.000
    Y311               1.430      0.106     13.511      0.000
    Y411               0.768      0.047     16.505      0.000
    Y112               0.890      0.063     14.026      0.000
    Y212               0.522      0.027     19.363      0.000
    Y312               1.430      0.106     13.511      0.000
    Y412               0.768      0.047     16.505      0.000
    Y113               0.890      0.063     14.026      0.000
    Y213               0.522      0.027     19.363      0.000
    Y313               1.430      0.106     13.511      0.000
    Y413               0.768      0.047     16.505      0.000
    Y114               0.890      0.063     14.026      0.000
    Y214               0.522      0.027     19.363      0.000
    Y314               1.430      0.106     13.511      0.000
    Y414               0.768      0.047     16.505      0.000
    Y115               0.890      0.063     14.026      0.000
    Y215               0.522      0.027     19.363      0.000
    Y315               1.430      0.106     13.511      0.000
    Y415               0.768      0.047     16.505      0.000


QUALITY OF NUMERICAL RESULTS

     Condition Number for the Information Matrix              0.266E-02
       (ratio of smallest to largest eigenvalue)


     Beginning Time:  16:08:05
        Ending Time:  16:12:43
       Elapsed Time:  00:04:38



MUTHEN & MUTHEN
3463 Stoner Ave.
Los Angeles, CA  90066

Tel: (310) 391-9971
Fax: (310) 391-8971
Web: www.StatModel.com
Support: Support@StatModel.com

Copyright (c) 1998-2017 Muthen & Muthen
