Mplus VERSION 8
MUTHEN & MUTHEN
02/18/2019   5:46 PM

INPUT INSTRUCTIONS

  TITLE: Your title goes here
  DATA: FILE = "Mplus_files_Results/cuts_long_trunc_n50_i5_nt45_na0.dat";
  VARIABLE:
  NAMES = subjn time y1 y2 y3 y4 y5;
  MISSING=.;
  USEVAR = y1
  y2
  y3
  y4
  y5 ;
  CLUSTER = subjn ;

  ANALYSIS:
  TYPE = TWOLEVEL ;
  ESTIMATOR = ML ;
  ITERATIONS = 50000 ;
  H1ITERATIONS = 50000 ;


  MODEL:

  %WITHIN%

  ! common states
  CS BY y1@1
  y2 (lcs2)
  y3 (lcs3)
  y4 (lcs4)
  y5 (lcs5) ;

  %BETWEEN%

  ! common trait
  CT BY y1@1
  y2 (lct2)
  y3 (lct3)
  y4 (lct4)
  y5 (lct5) ;



INPUT READING TERMINATED NORMALLY



Your title goes here

SUMMARY OF ANALYSIS

Number of groups                                                 1
Number of observations                                        2250

Number of dependent variables                                    5
Number of independent variables                                  0
Number of continuous latent variables                            2

Observed dependent variables

  Continuous
   Y1          Y2          Y3          Y4          Y5

Continuous latent variables
   CS          CT

Variables with special functions

  Cluster variable      SUBJN

Estimator                                                       ML
Information matrix                                        OBSERVED
Maximum number of iterations                                 50000
Convergence criterion                                    0.100D-05
Maximum number of EM iterations                                500
Convergence criteria for the EM algorithm
  Loglikelihood change                                   0.100D-02
  Relative loglikelihood change                          0.100D-05
  Derivative                                             0.100D-03
Minimum variance                                         0.100D-03
Maximum number of steepest descent iterations                   20
Maximum number of iterations for H1                          50000
Convergence criterion for H1                             0.100D-03
Optimization algorithm                                         EMA

Input data file(s)
  Mplus_files_Results/cuts_long_trunc_n50_i5_nt45_na0.dat
Input data format  FREE


SUMMARY OF DATA

     Number of missing data patterns             1
     Number of clusters                         50

     Average cluster size       45.000

     Estimated Intraclass Correlations for the Y Variables

                Intraclass              Intraclass              Intraclass
     Variable  Correlation   Variable  Correlation   Variable  Correlation

     Y1           0.347      Y2           0.627      Y3           0.282
     Y4           0.390      Y5           0.350



COVARIANCE COVERAGE OF DATA

Minimum covariance coverage value   0.100


     PROPORTION OF DATA PRESENT


           Covariance Coverage
              Y1            Y2            Y3            Y4            Y5
              ________      ________      ________      ________      ________
 Y1             1.000
 Y2             1.000         1.000
 Y3             1.000         1.000         1.000
 Y4             1.000         1.000         1.000         1.000
 Y5             1.000         1.000         1.000         1.000         1.000



UNIVARIATE SAMPLE STATISTICS


     UNIVARIATE HIGHER-ORDER MOMENT DESCRIPTIVE STATISTICS

         Variable/         Mean/     Skewness/   Minimum/ % with                Percentiles
        Sample Size      Variance    Kurtosis    Maximum  Min/Max      20%/60%    40%/80%    Median

     Y1                    1.814       0.385      -4.000    0.13%       0.000      1.000      2.000
            2250.000       3.858      -0.047       9.000    0.04%       2.000      4.000
     Y2                    1.870       0.346      -2.000    0.53%       0.000      1.000      2.000
            2250.000       2.469      -0.305       7.000    0.18%       2.000      3.000
     Y3                    2.708       0.236      -5.000    0.13%       0.000      2.000      3.000
            2250.000       6.278      -0.132      11.000    0.13%       3.000      5.000
     Y4                    3.076       0.172      -2.000    0.13%       1.000      3.000      3.000
            2250.000       3.360      -0.207      10.000    0.04%       4.000      5.000
     Y5                    3.756       0.103      -4.000    0.04%       2.000      3.000      4.000
            2250.000       5.356      -0.062      12.000    0.09%       4.000      6.000


THE MODEL ESTIMATION TERMINATED NORMALLY



MODEL FIT INFORMATION

Number of Free Parameters                       25

Loglikelihood

          H0 Value                      -18460.083
          H1 Value                      -18457.097

Information Criteria

          Akaike (AIC)                   36970.165
          Bayesian (BIC)                 37113.132
          Sample-Size Adjusted BIC       37033.703
            (n* = (n + 2) / 24)

Chi-Square Test of Model Fit

          Value                              5.971
          Degrees of Freedom                    10
          P-Value                           0.8177

RMSEA (Root Mean Square Error Of Approximation)

          Estimate                           0.000

CFI/TLI

          CFI                                1.000
          TLI                                1.001

Chi-Square Test of Model Fit for the Baseline Model

          Value                           5569.295
          Degrees of Freedom                    20
          P-Value                           0.0000

SRMR (Standardized Root Mean Square Residual)

          Value for Within                   0.005
          Value for Between                  0.014



MODEL RESULTS

                                                    Two-Tailed
                    Estimate       S.E.  Est./S.E.    P-Value

Within Level

 CS       BY
    Y1                 1.000      0.000    999.000    999.000
    Y2                 0.498      0.016     31.514      0.000
    Y3                 1.370      0.034     40.816      0.000
    Y4                 0.867      0.023     37.915      0.000
    Y5                 1.183      0.029     40.135      0.000

 Variances
    CS                 1.609      0.074     21.620      0.000

 Residual Variances
    Y1                 0.909      0.036     25.427      0.000
    Y2                 0.521      0.017     29.862      0.000
    Y3                 1.489      0.061     24.265      0.000
    Y4                 0.843      0.031     26.920      0.000
    Y5                 1.226      0.049     25.089      0.000

Between Level

 CT       BY
    Y1                 1.000      0.000    999.000    999.000
    Y2                 0.881      0.169      5.209      0.000
    Y3                 1.331      0.159      8.387      0.000
    Y4                 0.860      0.153      5.624      0.000
    Y5                 1.241      0.165      7.500      0.000

 Intercepts
    Y1                 1.814      0.167     10.856      0.000
    Y2                 1.870      0.177     10.557      0.000
    Y3                 2.708      0.193     14.006      0.000
    Y4                 3.076      0.165     18.693      0.000
    Y5                 3.756      0.198     19.008      0.000

 Variances
    CT                 0.925      0.271      3.412      0.001

 Residual Variances
    Y1                 0.415      0.104      3.996      0.000
    Y2                 0.830      0.178      4.653      0.000
    Y3                 0.130      0.089      1.464      0.143
    Y4                 0.625      0.137      4.545      0.000
    Y5                 0.450      0.124      3.623      0.000


QUALITY OF NUMERICAL RESULTS

     Condition Number for the Information Matrix              0.150E-03
       (ratio of smallest to largest eigenvalue)


     Beginning Time:  17:46:09
        Ending Time:  17:46:09
       Elapsed Time:  00:00:00



MUTHEN & MUTHEN
3463 Stoner Ave.
Los Angeles, CA  90066

Tel: (310) 391-9971
Fax: (310) 391-8971
Web: www.StatModel.com
Support: Support@StatModel.com

Copyright (c) 1998-2017 Muthen & Muthen
