Mplus VERSION 8
MUTHEN & MUTHEN
02/18/2019   4:46 PM

INPUT INSTRUCTIONS

  TITLE: Your title goes here
  DATA: FILE = "Mplus_files_Results/cuts_wide_n50_i5_nt5_na0.dat";
  VARIABLE:
  NAMES = subjn y11 y21 y31 y41 y51 y12 y22 y32 y42 y52 y13 y23 y33 y43 y53 y14 y24
       y34 y44 y54 y15 y25 y35 y45 y55;
  MISSING=.;
  USEVAR = y11
  y21
  y31
  y41
  y51
  y12
  y22
  y32
  y42
  y52
  y13
  y23
  y33
  y43
  y53
  y14
  y24
  y34
  y44
  y54
  y15
  y25
  y35
  y45
  y55 ;


  ANALYSIS:
  TYPE = GENERAL ;
  ESTIMATOR = ML ;
  ITERATIONS = 50000 ;
  H1ITERATIONS = 50000 ;


  MODEL:

  ! common states
  CS1 BY y11@1
  y21 (lcs21)
  y31 (lcs31)
  y41 (lcs41)
  y51 (lcs51) ;
  CS2 BY y12@1
  y22 (lcs21)
  y32 (lcs31)
  y42 (lcs41)
  y52 (lcs51) ;
  CS3 BY y13@1
  y23 (lcs21)
  y33 (lcs31)
  y43 (lcs41)
  y53 (lcs51) ;
  CS4 BY y14@1
  y24 (lcs21)
  y34 (lcs31)
  y44 (lcs41)
  y54 (lcs51) ;
  CS5 BY y15@1
  y25 (lcs21)
  y35 (lcs31)
  y45 (lcs41)
  y55 (lcs51) ;

  ! common trait
  CT BY y11@1
  y21 (lct21)
  y31 (lct31)
  y41 (lct41)
  y51 (lct51)
  y12@1
  y22 (lct21)
  y32 (lct31)
  y42 (lct41)
  y52 (lct51)
  y13@1
  y23 (lct21)
  y33 (lct31)
  y43 (lct41)
  y53 (lct51)
  y14@1
  y24 (lct21)
  y34 (lct31)
  y44 (lct41)
  y54 (lct51)
  y15@1
  y25 (lct21)
  y35 (lct31)
  y45 (lct41)
  y55 (lct51) ;

  ! unique trait
  UT1 BY y11@1
  y12@1
  y13@1
  y14@1
  y15@1 ;
  UT2 BY y21@1
  y22@1
  y23@1
  y24@1
  y25@1 ;
  UT3 BY y31@1
  y32@1
  y33@1
  y34@1
  y35@1 ;
  UT4 BY y41@1
  y42@1
  y43@1
  y44@1
  y45@1 ;
  UT5 BY y51@1
  y52@1
  y53@1
  y54@1
  y55@1 ;

  ! Intercepts and means
  [y11*] (ins11) ;
  [y21*] (ins21) ;
  [y31*] (ins31) ;
  [y41*] (ins41) ;
  [y51*] (ins51) ;
  [y12*] (ins11) ;
  [y22*] (ins21) ;
  [y32*] (ins31) ;
  [y42*] (ins41) ;
  [y52*] (ins51) ;
  [y13*] (ins11) ;
  [y23*] (ins21) ;
  [y33*] (ins31) ;
  [y43*] (ins41) ;
  [y53*] (ins51) ;
  [y14*] (ins11) ;
  [y24*] (ins21) ;
  [y34*] (ins31) ;
  [y44*] (ins41) ;
  [y54*] (ins51) ;
  [y15*] (ins11) ;
  [y25*] (ins21) ;
  [y35*] (ins31) ;
  [y45*] (ins41) ;
  [y55*] (ins51) ;




  ! Set 0 covariances
  CS1 WITH CS2@0
  CS3@0
  CS4@0
  CS5@0
  UT1@0
  UT2@0
  UT3@0
  UT4@0
  UT5@0
  CT@0 ;
  CS2 WITH CS3@0
  CS4@0
  CS5@0
  UT1@0
  UT2@0
  UT3@0
  UT4@0
  UT5@0
  CT@0 ;
  CS3 WITH CS4@0
  CS5@0
  UT1@0
  UT2@0
  UT3@0
  UT4@0
  UT5@0
  CT@0 ;
  CS4 WITH CS5@0
  UT1@0
  UT2@0
  UT3@0
  UT4@0
  UT5@0
  CT@0 ;
  CS5 WITH UT1@0
  UT2@0
  UT3@0
  UT4@0
  UT5@0
  CT@0 ;
  UT1 WITH UT2@0
  UT3@0
  UT4@0
  UT5@0
  CT@0 ;
  UT2 WITH UT3@0
  UT4@0
  UT5@0
  CT@0 ;
  UT3 WITH UT4@0
  UT5@0
  CT@0 ;
  UT4 WITH UT5@0
  CT@0 ;
  UT5 WITH CT@0 ;

  ! Variance components
  y11 (err11) ;
  y21 (err21) ;
  y31 (err31) ;
  y41 (err41) ;
  y51 (err51) ;
  y12 (err11) ;
  y22 (err21) ;
  y32 (err31) ;
  y42 (err41) ;
  y52 (err51) ;
  y13 (err11) ;
  y23 (err21) ;
  y33 (err31) ;
  y43 (err41) ;
  y53 (err51) ;
  y14 (err11) ;
  y24 (err21) ;
  y34 (err31) ;
  y44 (err41) ;
  y54 (err51) ;
  y15 (err11) ;
  y25 (err21) ;
  y35 (err31) ;
  y45 (err41) ;
  y55 (err51) ;
  CS1 (cs_var1) ;
  CS2 (cs_var1) ;
  CS3 (cs_var1) ;
  CS4 (cs_var1) ;
  CS5 (cs_var1) ;
  UT1 (ut_var1) ;
  UT2 (ut_var2) ;
  UT3 (ut_var3) ;
  UT4 (ut_var4) ;
  UT5 (ut_var5) ;
  CT (ct_var) ;



INPUT READING TERMINATED NORMALLY



Your title goes here

SUMMARY OF ANALYSIS

Number of groups                                                 1
Number of observations                                          50

Number of dependent variables                                   25
Number of independent variables                                  0
Number of continuous latent variables                           11

Observed dependent variables

  Continuous
   Y11         Y21         Y31         Y41         Y51         Y12
   Y22         Y32         Y42         Y52         Y13         Y23
   Y33         Y43         Y53         Y14         Y24         Y34
   Y44         Y54         Y15         Y25         Y35         Y45
   Y55

Continuous latent variables
   CS1         CS2         CS3         CS4         CS5         CT
   UT1         UT2         UT3         UT4         UT5


Estimator                                                       ML
Information matrix                                        OBSERVED
Maximum number of iterations                                 50000
Convergence criterion                                    0.500D-04
Maximum number of steepest descent iterations                   20
Maximum number of iterations for H1                          50000
Convergence criterion for H1                             0.100D-03

Input data file(s)
  Mplus_files_Results/cuts_wide_n50_i5_nt5_na0.dat

Input data format  FREE


SUMMARY OF DATA

     Number of missing data patterns             1


COVARIANCE COVERAGE OF DATA

Minimum covariance coverage value   0.100


     PROPORTION OF DATA PRESENT


           Covariance Coverage
              Y11           Y21           Y31           Y41           Y51
              ________      ________      ________      ________      ________
 Y11            1.000
 Y21            1.000         1.000
 Y31            1.000         1.000         1.000
 Y41            1.000         1.000         1.000         1.000
 Y51            1.000         1.000         1.000         1.000         1.000
 Y12            1.000         1.000         1.000         1.000         1.000
 Y22            1.000         1.000         1.000         1.000         1.000
 Y32            1.000         1.000         1.000         1.000         1.000
 Y42            1.000         1.000         1.000         1.000         1.000
 Y52            1.000         1.000         1.000         1.000         1.000
 Y13            1.000         1.000         1.000         1.000         1.000
 Y23            1.000         1.000         1.000         1.000         1.000
 Y33            1.000         1.000         1.000         1.000         1.000
 Y43            1.000         1.000         1.000         1.000         1.000
 Y53            1.000         1.000         1.000         1.000         1.000
 Y14            1.000         1.000         1.000         1.000         1.000
 Y24            1.000         1.000         1.000         1.000         1.000
 Y34            1.000         1.000         1.000         1.000         1.000
 Y44            1.000         1.000         1.000         1.000         1.000
 Y54            1.000         1.000         1.000         1.000         1.000
 Y15            1.000         1.000         1.000         1.000         1.000
 Y25            1.000         1.000         1.000         1.000         1.000
 Y35            1.000         1.000         1.000         1.000         1.000
 Y45            1.000         1.000         1.000         1.000         1.000
 Y55            1.000         1.000         1.000         1.000         1.000


           Covariance Coverage
              Y12           Y22           Y32           Y42           Y52
              ________      ________      ________      ________      ________
 Y12            1.000
 Y22            1.000         1.000
 Y32            1.000         1.000         1.000
 Y42            1.000         1.000         1.000         1.000
 Y52            1.000         1.000         1.000         1.000         1.000
 Y13            1.000         1.000         1.000         1.000         1.000
 Y23            1.000         1.000         1.000         1.000         1.000
 Y33            1.000         1.000         1.000         1.000         1.000
 Y43            1.000         1.000         1.000         1.000         1.000
 Y53            1.000         1.000         1.000         1.000         1.000
 Y14            1.000         1.000         1.000         1.000         1.000
 Y24            1.000         1.000         1.000         1.000         1.000
 Y34            1.000         1.000         1.000         1.000         1.000
 Y44            1.000         1.000         1.000         1.000         1.000
 Y54            1.000         1.000         1.000         1.000         1.000
 Y15            1.000         1.000         1.000         1.000         1.000
 Y25            1.000         1.000         1.000         1.000         1.000
 Y35            1.000         1.000         1.000         1.000         1.000
 Y45            1.000         1.000         1.000         1.000         1.000
 Y55            1.000         1.000         1.000         1.000         1.000


           Covariance Coverage
              Y13           Y23           Y33           Y43           Y53
              ________      ________      ________      ________      ________
 Y13            1.000
 Y23            1.000         1.000
 Y33            1.000         1.000         1.000
 Y43            1.000         1.000         1.000         1.000
 Y53            1.000         1.000         1.000         1.000         1.000
 Y14            1.000         1.000         1.000         1.000         1.000
 Y24            1.000         1.000         1.000         1.000         1.000
 Y34            1.000         1.000         1.000         1.000         1.000
 Y44            1.000         1.000         1.000         1.000         1.000
 Y54            1.000         1.000         1.000         1.000         1.000
 Y15            1.000         1.000         1.000         1.000         1.000
 Y25            1.000         1.000         1.000         1.000         1.000
 Y35            1.000         1.000         1.000         1.000         1.000
 Y45            1.000         1.000         1.000         1.000         1.000
 Y55            1.000         1.000         1.000         1.000         1.000


           Covariance Coverage
              Y14           Y24           Y34           Y44           Y54
              ________      ________      ________      ________      ________
 Y14            1.000
 Y24            1.000         1.000
 Y34            1.000         1.000         1.000
 Y44            1.000         1.000         1.000         1.000
 Y54            1.000         1.000         1.000         1.000         1.000
 Y15            1.000         1.000         1.000         1.000         1.000
 Y25            1.000         1.000         1.000         1.000         1.000
 Y35            1.000         1.000         1.000         1.000         1.000
 Y45            1.000         1.000         1.000         1.000         1.000
 Y55            1.000         1.000         1.000         1.000         1.000


           Covariance Coverage
              Y15           Y25           Y35           Y45           Y55
              ________      ________      ________      ________      ________
 Y15            1.000
 Y25            1.000         1.000
 Y35            1.000         1.000         1.000
 Y45            1.000         1.000         1.000         1.000
 Y55            1.000         1.000         1.000         1.000         1.000



UNIVARIATE SAMPLE STATISTICS


     UNIVARIATE HIGHER-ORDER MOMENT DESCRIPTIVE STATISTICS

         Variable/         Mean/     Skewness/   Minimum/ % with                Percentiles
        Sample Size      Variance    Kurtosis    Maximum  Min/Max      20%/60%    40%/80%    Median

     Y11                   2.200      -0.301      -3.101    2.00%      -1.112      1.957      2.669
              50.000       7.283      -0.793       7.510    2.00%       3.014      4.511
     Y21                   2.399      -0.232      -1.658    2.00%       0.974      1.597      2.695
              50.000       2.663      -0.657       5.515    2.00%       3.173      3.843
     Y31                   3.539      -0.340      -4.237    2.00%       1.114      2.846      3.575
              50.000       8.946       0.168       9.680    2.00%       4.217      5.841
     Y41                   3.826      -0.342      -2.415    2.00%       1.742      3.369      4.186
              50.000       4.818       0.126       8.992    2.00%       4.522      5.375
     Y51                   4.110      -0.444      -2.571    2.00%       1.806      3.203      4.912
              50.000       6.957      -0.601       8.547    2.00%       5.342      6.435
     Y12                   2.274       0.099      -1.455    2.00%       0.626      1.541      2.052
              50.000       3.951      -0.879       6.063    2.00%       2.565      4.148
     Y22                   2.147      -0.274      -2.610    2.00%       0.636      1.646      1.950
              50.000       2.706      -0.017       5.461    2.00%       2.598      3.743
     Y32                   2.863      -0.529      -2.840    2.00%       0.991      2.512      3.156
              50.000       5.767      -0.267       7.392    2.00%       3.845      4.909
     Y42                   3.450      -0.243      -1.048    2.00%       1.894      2.913      3.694
              50.000       3.461      -0.300       7.416    2.00%       4.182      4.779
     Y52                   4.329      -0.310      -0.192    2.00%       2.318      3.547      4.567
              50.000       4.498      -0.796       8.122    2.00%       5.008      6.364
     Y13                   2.164       0.073      -1.143    2.00%       0.118      1.324      1.979
              50.000       3.867      -1.023       6.140    2.00%       2.806      3.911
     Y23                   2.288      -0.085      -1.298    2.00%       0.486      2.173      2.371
              50.000       3.216      -0.394       5.958    2.00%       2.684      3.541
     Y33                   3.512      -0.169      -1.005    2.00%       0.870      2.942      3.602
              50.000       5.400      -0.773       8.022    2.00%       4.515      5.466
     Y43                   3.609      -0.205      -0.499    2.00%       2.322      3.055      3.469
              50.000       3.035      -0.267       6.971    2.00%       3.770      5.115
     Y53                   4.278       0.233      -0.435    2.00%       2.462      3.468      4.011
              50.000       4.576      -0.180       9.563    2.00%       4.742      5.536
     Y14                   2.030      -0.094      -2.143    2.00%       0.308      1.429      2.027
              50.000       3.378      -0.501       5.554    2.00%       2.420      3.657
     Y24                   2.395      -0.201      -0.916    2.00%       1.003      2.200      2.657
              50.000       2.225      -0.597       5.423    2.00%       2.786      3.581
     Y34                   2.788       0.083      -3.196    2.00%       0.938      1.974      2.882
              50.000       5.713      -0.032       8.443    2.00%       3.239      4.557
     Y44                   3.800       0.098       0.104    2.00%       1.847      3.492      3.838
              50.000       3.387      -0.338       7.722    2.00%       4.037      4.975
     Y54                   4.457      -0.545      -1.663    2.00%       2.508      3.956      4.471
              50.000       5.796       0.174       9.045    2.00%       5.069      6.517
     Y15                   2.097      -0.049      -2.068    2.00%       0.116      1.677      2.244
              50.000       4.098      -0.746       6.298    2.00%       2.526      3.950
     Y25                   2.514       0.030      -0.897    2.00%       0.984      1.870      2.697
              50.000       2.774      -0.289       6.427    2.00%       3.129      3.860
     Y35                   2.993      -0.235      -3.676    2.00%       0.823      2.250      3.141
              50.000       5.473       0.059       7.879    2.00%       3.657      5.031
     Y45                   3.407       0.098      -0.183    2.00%       2.041      3.029      3.252
              50.000       2.674      -0.140       7.389    2.00%       3.804      4.753
     Y55                   4.302       0.184       0.683    2.00%       2.615      3.315      4.736
              50.000       3.435      -0.365       9.141    2.00%       4.927      5.653


THE MODEL ESTIMATION TERMINATED NORMALLY



MODEL FIT INFORMATION

Number of Free Parameters                       25

Loglikelihood

          H0 Value                       -2184.121
          H1 Value                       -1976.045

Information Criteria

          Akaike (AIC)                    4418.242
          Bayesian (BIC)                  4466.043
          Sample-Size Adjusted BIC        4387.572
            (n* = (n + 2) / 24)

Chi-Square Test of Model Fit

          Value                            416.153
          Degrees of Freedom                   325
          P-Value                           0.0005

RMSEA (Root Mean Square Error Of Approximation)

          Estimate                           0.075
          90 Percent C.I.                    0.051  0.095
          Probability RMSEA <= .05           0.042

CFI/TLI

          CFI                                0.915
          TLI                                0.921

Chi-Square Test of Model Fit for the Baseline Model

          Value                           1368.155
          Degrees of Freedom                   300
          P-Value                           0.0000

SRMR (Standardized Root Mean Square Residual)

          Value                              0.113



MODEL RESULTS

                                                    Two-Tailed
                    Estimate       S.E.  Est./S.E.    P-Value

 CS1      BY
    Y11                1.000      0.000    999.000    999.000
    Y21                0.462      0.045     10.263      0.000
    Y31                1.247      0.091     13.707      0.000
    Y41                0.775      0.060     12.947      0.000
    Y51                1.009      0.075     13.412      0.000

 CS2      BY
    Y12                1.000      0.000    999.000    999.000
    Y22                0.462      0.045     10.263      0.000
    Y32                1.247      0.091     13.707      0.000
    Y42                0.775      0.060     12.947      0.000
    Y52                1.009      0.075     13.412      0.000

 CS3      BY
    Y13                1.000      0.000    999.000    999.000
    Y23                0.462      0.045     10.263      0.000
    Y33                1.247      0.091     13.707      0.000
    Y43                0.775      0.060     12.947      0.000
    Y53                1.009      0.075     13.412      0.000

 CS4      BY
    Y14                1.000      0.000    999.000    999.000
    Y24                0.462      0.045     10.263      0.000
    Y34                1.247      0.091     13.707      0.000
    Y44                0.775      0.060     12.947      0.000
    Y54                1.009      0.075     13.412      0.000

 CS5      BY
    Y15                1.000      0.000    999.000    999.000
    Y25                0.462      0.045     10.263      0.000
    Y35                1.247      0.091     13.707      0.000
    Y45                0.775      0.060     12.947      0.000
    Y55                1.009      0.075     13.412      0.000

 CT       BY
    Y11                1.000      0.000    999.000    999.000
    Y21                0.935      0.257      3.635      0.000
    Y31                1.221      0.225      5.415      0.000
    Y41                0.941      0.217      4.346      0.000
    Y51                1.087      0.219      4.963      0.000
    Y12                1.000      0.000    999.000    999.000
    Y22                0.935      0.257      3.635      0.000
    Y32                1.221      0.225      5.415      0.000
    Y42                0.941      0.217      4.346      0.000
    Y52                1.087      0.219      4.963      0.000
    Y13                1.000      0.000    999.000    999.000
    Y23                0.935      0.257      3.635      0.000
    Y33                1.221      0.225      5.415      0.000
    Y43                0.941      0.217      4.346      0.000
    Y53                1.087      0.219      4.963      0.000
    Y14                1.000      0.000    999.000    999.000
    Y24                0.935      0.257      3.635      0.000
    Y34                1.221      0.225      5.415      0.000
    Y44                0.941      0.217      4.346      0.000
    Y54                1.087      0.219      4.963      0.000
    Y15                1.000      0.000    999.000    999.000
    Y25                0.935      0.257      3.635      0.000
    Y35                1.221      0.225      5.415      0.000
    Y45                0.941      0.217      4.346      0.000
    Y55                1.087      0.219      4.963      0.000

 UT1      BY
    Y11                1.000      0.000    999.000    999.000
    Y12                1.000      0.000    999.000    999.000
    Y13                1.000      0.000    999.000    999.000
    Y14                1.000      0.000    999.000    999.000
    Y15                1.000      0.000    999.000    999.000

 UT2      BY
    Y21                1.000      0.000    999.000    999.000
    Y22                1.000      0.000    999.000    999.000
    Y23                1.000      0.000    999.000    999.000
    Y24                1.000      0.000    999.000    999.000
    Y25                1.000      0.000    999.000    999.000

 UT3      BY
    Y31                1.000      0.000    999.000    999.000
    Y32                1.000      0.000    999.000    999.000
    Y33                1.000      0.000    999.000    999.000
    Y34                1.000      0.000    999.000    999.000
    Y35                1.000      0.000    999.000    999.000

 UT4      BY
    Y41                1.000      0.000    999.000    999.000
    Y42                1.000      0.000    999.000    999.000
    Y43                1.000      0.000    999.000    999.000
    Y44                1.000      0.000    999.000    999.000
    Y45                1.000      0.000    999.000    999.000

 UT5      BY
    Y51                1.000      0.000    999.000    999.000
    Y52                1.000      0.000    999.000    999.000
    Y53                1.000      0.000    999.000    999.000
    Y54                1.000      0.000    999.000    999.000
    Y55                1.000      0.000    999.000    999.000

 CS1      WITH
    CS2                0.000      0.000    999.000    999.000
    CS3                0.000      0.000    999.000    999.000
    CS4                0.000      0.000    999.000    999.000
    CS5                0.000      0.000    999.000    999.000
    UT1                0.000      0.000    999.000    999.000
    UT2                0.000      0.000    999.000    999.000
    UT3                0.000      0.000    999.000    999.000
    UT4                0.000      0.000    999.000    999.000
    UT5                0.000      0.000    999.000    999.000
    CT                 0.000      0.000    999.000    999.000

 CS2      WITH
    CS3                0.000      0.000    999.000    999.000
    CS4                0.000      0.000    999.000    999.000
    CS5                0.000      0.000    999.000    999.000
    UT1                0.000      0.000    999.000    999.000
    UT2                0.000      0.000    999.000    999.000
    UT3                0.000      0.000    999.000    999.000
    UT4                0.000      0.000    999.000    999.000
    UT5                0.000      0.000    999.000    999.000
    CT                 0.000      0.000    999.000    999.000

 CS3      WITH
    CS4                0.000      0.000    999.000    999.000
    CS5                0.000      0.000    999.000    999.000
    UT1                0.000      0.000    999.000    999.000
    UT2                0.000      0.000    999.000    999.000
    UT3                0.000      0.000    999.000    999.000
    UT4                0.000      0.000    999.000    999.000
    UT5                0.000      0.000    999.000    999.000
    CT                 0.000      0.000    999.000    999.000

 CS4      WITH
    CS5                0.000      0.000    999.000    999.000
    UT1                0.000      0.000    999.000    999.000
    UT2                0.000      0.000    999.000    999.000
    UT3                0.000      0.000    999.000    999.000
    UT4                0.000      0.000    999.000    999.000
    UT5                0.000      0.000    999.000    999.000
    CT                 0.000      0.000    999.000    999.000

 CS5      WITH
    UT1                0.000      0.000    999.000    999.000
    UT2                0.000      0.000    999.000    999.000
    UT3                0.000      0.000    999.000    999.000
    UT4                0.000      0.000    999.000    999.000
    UT5                0.000      0.000    999.000    999.000
    CT                 0.000      0.000    999.000    999.000

 UT1      WITH
    UT2                0.000      0.000    999.000    999.000
    UT3                0.000      0.000    999.000    999.000
    UT4                0.000      0.000    999.000    999.000
    UT5                0.000      0.000    999.000    999.000
    CT                 0.000      0.000    999.000    999.000

 UT2      WITH
    UT3                0.000      0.000    999.000    999.000
    UT4                0.000      0.000    999.000    999.000
    UT5                0.000      0.000    999.000    999.000
    CT                 0.000      0.000    999.000    999.000

 UT3      WITH
    UT4                0.000      0.000    999.000    999.000
    UT5                0.000      0.000    999.000    999.000
    CT                 0.000      0.000    999.000    999.000

 UT4      WITH
    UT5                0.000      0.000    999.000    999.000
    CT                 0.000      0.000    999.000    999.000

 UT5      WITH
    CT                 0.000      0.000    999.000    999.000

 Intercepts
    Y11                2.153      0.207     10.409      0.000
    Y21                2.349      0.196     12.009      0.000
    Y31                3.139      0.221     14.212      0.000
    Y41                3.618      0.193     18.707      0.000
    Y51                4.295      0.216     19.849      0.000
    Y12                2.153      0.207     10.409      0.000
    Y22                2.349      0.196     12.009      0.000
    Y32                3.139      0.221     14.212      0.000
    Y42                3.618      0.193     18.707      0.000
    Y52                4.295      0.216     19.849      0.000
    Y13                2.153      0.207     10.409      0.000
    Y23                2.349      0.196     12.009      0.000
    Y33                3.139      0.221     14.212      0.000
    Y43                3.618      0.193     18.707      0.000
    Y53                4.295      0.216     19.849      0.000
    Y14                2.153      0.207     10.409      0.000
    Y24                2.349      0.196     12.009      0.000
    Y34                3.139      0.221     14.212      0.000
    Y44                3.618      0.193     18.707      0.000
    Y54                4.295      0.216     19.849      0.000
    Y15                2.153      0.207     10.409      0.000
    Y25                2.349      0.196     12.009      0.000
    Y35                3.139      0.221     14.212      0.000
    Y45                3.618      0.193     18.707      0.000
    Y55                4.295      0.216     19.849      0.000

 Variances
    CS1                2.130      0.295      7.219      0.000
    CS2                2.130      0.295      7.219      0.000
    CS3                2.130      0.295      7.219      0.000
    CS4                2.130      0.295      7.219      0.000
    CS5                2.130      0.295      7.219      0.000
    CT                 0.964      0.417      2.311      0.021
    UT1                0.588      0.182      3.228      0.001
    UT2                0.866      0.237      3.646      0.000
    UT3                0.020      0.149      0.137      0.891
    UT4                0.609      0.177      3.446      0.001
    UT5                0.521      0.198      2.635      0.008

 Residual Variances
    Y11                0.801      0.116      6.925      0.000
    Y21                0.566      0.062      9.079      0.000
    Y31                1.597      0.213      7.505      0.000
    Y41                0.756      0.094      8.006      0.000
    Y51                1.234      0.156      7.906      0.000
    Y12                0.801      0.116      6.925      0.000
    Y22                0.566      0.062      9.079      0.000
    Y32                1.597      0.213      7.505      0.000
    Y42                0.756      0.094      8.006      0.000
    Y52                1.234      0.156      7.906      0.000
    Y13                0.801      0.116      6.925      0.000
    Y23                0.566      0.062      9.079      0.000
    Y33                1.597      0.213      7.505      0.000
    Y43                0.756      0.094      8.006      0.000
    Y53                1.234      0.156      7.906      0.000
    Y14                0.801      0.116      6.925      0.000
    Y24                0.566      0.062      9.079      0.000
    Y34                1.597      0.213      7.505      0.000
    Y44                0.756      0.094      8.006      0.000
    Y54                1.234      0.156      7.906      0.000
    Y15                0.801      0.116      6.925      0.000
    Y25                0.566      0.062      9.079      0.000
    Y35                1.597      0.213      7.505      0.000
    Y45                0.756      0.094      8.006      0.000
    Y55                1.234      0.156      7.906      0.000


QUALITY OF NUMERICAL RESULTS

     Condition Number for the Information Matrix              0.543E-02
       (ratio of smallest to largest eigenvalue)


     Beginning Time:  16:46:31
        Ending Time:  16:46:33
       Elapsed Time:  00:00:02



MUTHEN & MUTHEN
3463 Stoner Ave.
Los Angeles, CA  90066

Tel: (310) 391-9971
Fax: (310) 391-8971
Web: www.StatModel.com
Support: Support@StatModel.com

Copyright (c) 1998-2017 Muthen & Muthen
