Mplus VERSION 8
MUTHEN & MUTHEN
02/19/2019  12:21 AM

INPUT INSTRUCTIONS

  TITLE: Your title goes here
  DATA: FILE = "Mplus_files_Results/cuts_long_n500_i5_nt90_na0.dat";
  VARIABLE:
  NAMES = subjn time y1 y2 y3 y4 y5;
  MISSING=.;
  USEVAR = y1
  y2
  y3
  y4
  y5 ;
  CLUSTER = subjn ;

  ANALYSIS:
  TYPE = TWOLEVEL ;
  ESTIMATOR = ML ;
  ITERATIONS = 50000 ;
  H1ITERATIONS = 50000 ;


  MODEL:

  %WITHIN%

  ! common states
  CS BY y1@1
  y2 (lcs2)
  y3 (lcs3)
  y4 (lcs4)
  y5 (lcs5) ;

  %BETWEEN%

  ! common trait
  CT BY y1@1
  y2 (lct2)
  y3 (lct3)
  y4 (lct4)
  y5 (lct5) ;



INPUT READING TERMINATED NORMALLY



Your title goes here

SUMMARY OF ANALYSIS

Number of groups                                                 1
Number of observations                                       45000

Number of dependent variables                                    5
Number of independent variables                                  0
Number of continuous latent variables                            2

Observed dependent variables

  Continuous
   Y1          Y2          Y3          Y4          Y5

Continuous latent variables
   CS          CT

Variables with special functions

  Cluster variable      SUBJN

Estimator                                                       ML
Information matrix                                        OBSERVED
Maximum number of iterations                                 50000
Convergence criterion                                    0.100D-05
Maximum number of EM iterations                                500
Convergence criteria for the EM algorithm
  Loglikelihood change                                   0.100D-02
  Relative loglikelihood change                          0.100D-05
  Derivative                                             0.100D-03
Minimum variance                                         0.100D-03
Maximum number of steepest descent iterations                   20
Maximum number of iterations for H1                          50000
Convergence criterion for H1                             0.100D-03
Optimization algorithm                                         EMA

Input data file(s)
  Mplus_files_Results/cuts_long_n500_i5_nt90_na0.dat
Input data format  FREE


SUMMARY OF DATA

     Number of missing data patterns             1
     Number of clusters                        500

     Average cluster size       90.000

     Estimated Intraclass Correlations for the Y Variables

                Intraclass              Intraclass              Intraclass
     Variable  Correlation   Variable  Correlation   Variable  Correlation

     Y1           0.378      Y2           0.669      Y3           0.311
     Y4           0.468      Y5           0.370



COVARIANCE COVERAGE OF DATA

Minimum covariance coverage value   0.100


     PROPORTION OF DATA PRESENT


           Covariance Coverage
              Y1            Y2            Y3            Y4            Y5
              ________      ________      ________      ________      ________
 Y1             1.000
 Y2             1.000         1.000
 Y3             1.000         1.000         1.000
 Y4             1.000         1.000         1.000         1.000
 Y5             1.000         1.000         1.000         1.000         1.000



UNIVARIATE SAMPLE STATISTICS


     UNIVARIATE HIGHER-ORDER MOMENT DESCRIPTIVE STATISTICS

         Variable/         Mean/     Skewness/   Minimum/ % with                Percentiles
        Sample Size      Variance    Kurtosis    Maximum  Min/Max      20%/60%    40%/80%    Median

     Y1                    2.042       0.031      -7.578    0.00%       0.210      1.481      2.025
           45000.000       4.827       0.039      10.708    0.00%       2.571      3.879
     Y2                    2.560       0.004      -4.122    0.00%       1.088      2.125      2.575
           45000.000       3.015      -0.073       9.555    0.00%       3.005      4.014
     Y3                    3.083       0.017      -8.172    0.00%       0.834      2.401      3.086
           45000.000       7.104      -0.010      14.772    0.00%       3.751      5.314
     Y4                    3.482       0.008      -4.963    0.00%       1.832      2.977      3.474
           45000.000       3.922       0.048      12.038    0.00%       3.975      5.141
     Y5                    4.049       0.031      -5.945    0.00%       2.007      3.442      4.062
           45000.000       5.730      -0.002      14.046    0.00%       4.664      6.055


THE MODEL ESTIMATION TERMINATED NORMALLY



MODEL FIT INFORMATION

Number of Free Parameters                       25

Loglikelihood

          H0 Value                     -368745.226
          H1 Value                     -368733.109

Information Criteria

          Akaike (AIC)                  737540.451
          Bayesian (BIC)                737758.312
          Sample-Size Adjusted BIC      737678.862
            (n* = (n + 2) / 24)

Chi-Square Test of Model Fit

          Value                             24.233
          Degrees of Freedom                    10
          P-Value                           0.0070

RMSEA (Root Mean Square Error Of Approximation)

          Estimate                           0.006

CFI/TLI

          CFI                                1.000
          TLI                                1.000

Chi-Square Test of Model Fit for the Baseline Model

          Value                         123503.177
          Degrees of Freedom                    20
          P-Value                           0.0000

SRMR (Standardized Root Mean Square Residual)

          Value for Within                   0.001
          Value for Between                  0.016



MODEL RESULTS

                                                    Two-Tailed
                    Estimate       S.E.  Est./S.E.    P-Value

Within Level

 CS       BY
    Y1                 1.000      0.000    999.000    999.000
    Y2                 0.498      0.003    159.271      0.000
    Y3                 1.299      0.007    196.641      0.000
    Y4                 0.801      0.004    182.587      0.000
    Y5                 1.096      0.006    192.101      0.000

 Variances
    CS                 2.005      0.020    101.204      0.000

 Residual Variances
    Y1                 0.999      0.009    114.171      0.000
    Y2                 0.501      0.004    132.135      0.000
    Y3                 1.512      0.014    110.110      0.000
    Y4                 0.802      0.007    121.386      0.000
    Y5                 1.203      0.011    114.252      0.000

Between Level

 CT       BY
    Y1                 1.000      0.000    999.000    999.000
    Y2                 0.867      0.047     18.298      0.000
    Y3                 1.195      0.041     29.074      0.000
    Y4                 0.898      0.043     20.679      0.000
    Y5                 1.090      0.043     25.290      0.000

 Intercepts
    Y1                 2.042      0.061     33.524      0.000
    Y2                 2.560      0.064     40.190      0.000
    Y3                 3.083      0.067     45.831      0.000
    Y4                 3.482      0.061     57.138      0.000
    Y5                 4.049      0.066     61.604      0.000

 Variances
    CT                 1.352      0.116     11.699      0.000

 Residual Variances
    Y1                 0.470      0.038     12.386      0.000
    Y2                 1.003      0.069     14.440      0.000
    Y3                 0.277      0.035      7.998      0.000
    Y4                 0.744      0.053     14.058      0.000
    Y5                 0.514      0.043     11.961      0.000


QUALITY OF NUMERICAL RESULTS

     Condition Number for the Information Matrix              0.375E-03
       (ratio of smallest to largest eigenvalue)


     Beginning Time:  00:21:37
        Ending Time:  00:21:40
       Elapsed Time:  00:00:03



MUTHEN & MUTHEN
3463 Stoner Ave.
Los Angeles, CA  90066

Tel: (310) 391-9971
Fax: (310) 391-8971
Web: www.StatModel.com
Support: Support@StatModel.com

Copyright (c) 1998-2017 Muthen & Muthen
