Mplus VERSION 8
MUTHEN & MUTHEN
02/19/2019   2:06 AM

INPUT INSTRUCTIONS

  TITLE: Your title goes here
  DATA: FILE = "Mplus_files_Results/cuts_long_n50_i5_nt120_na0.dat";
  VARIABLE:
  NAMES = subjn time y1 y2 y3 y4 y5;
  MISSING=.;
  USEVAR = y1
  y2
  y3
  y4
  y5 ;
  CLUSTER = subjn ;

  ANALYSIS:
  TYPE = TWOLEVEL ;
  ESTIMATOR = ML ;
  ITERATIONS = 50000 ;
  H1ITERATIONS = 50000 ;


  MODEL:

  %WITHIN%

  ! common states
  CS BY y1@1
  y2 (lcs2)
  y3 (lcs3)
  y4 (lcs4)
  y5 (lcs5) ;

  %BETWEEN%

  ! common trait
  CT BY y1@1
  y2 (lct2)
  y3 (lct3)
  y4 (lct4)
  y5 (lct5) ;



INPUT READING TERMINATED NORMALLY



Your title goes here

SUMMARY OF ANALYSIS

Number of groups                                                 1
Number of observations                                        6000

Number of dependent variables                                    5
Number of independent variables                                  0
Number of continuous latent variables                            2

Observed dependent variables

  Continuous
   Y1          Y2          Y3          Y4          Y5

Continuous latent variables
   CS          CT

Variables with special functions

  Cluster variable      SUBJN

Estimator                                                       ML
Information matrix                                        OBSERVED
Maximum number of iterations                                 50000
Convergence criterion                                    0.100D-05
Maximum number of EM iterations                                500
Convergence criteria for the EM algorithm
  Loglikelihood change                                   0.100D-02
  Relative loglikelihood change                          0.100D-05
  Derivative                                             0.100D-03
Minimum variance                                         0.100D-03
Maximum number of steepest descent iterations                   20
Maximum number of iterations for H1                          50000
Convergence criterion for H1                             0.100D-03
Optimization algorithm                                         EMA

Input data file(s)
  Mplus_files_Results/cuts_long_n50_i5_nt120_na0.dat
Input data format  FREE


SUMMARY OF DATA

     Number of missing data patterns             1
     Number of clusters                         50

     Average cluster size      120.000

     Estimated Intraclass Correlations for the Y Variables

                Intraclass              Intraclass              Intraclass
     Variable  Correlation   Variable  Correlation   Variable  Correlation

     Y1           0.346      Y2           0.649      Y3           0.263
     Y4           0.406      Y5           0.356



COVARIANCE COVERAGE OF DATA

Minimum covariance coverage value   0.100


     PROPORTION OF DATA PRESENT


           Covariance Coverage
              Y1            Y2            Y3            Y4            Y5
              ________      ________      ________      ________      ________
 Y1             1.000
 Y2             1.000         1.000
 Y3             1.000         1.000         1.000
 Y4             1.000         1.000         1.000         1.000
 Y5             1.000         1.000         1.000         1.000         1.000



UNIVARIATE SAMPLE STATISTICS


     UNIVARIATE HIGHER-ORDER MOMENT DESCRIPTIVE STATISTICS

         Variable/         Mean/     Skewness/   Minimum/ % with                Percentiles
        Sample Size      Variance    Kurtosis    Maximum  Min/Max      20%/60%    40%/80%    Median

     Y1                    2.147       0.011      -5.723    0.02%       0.304      1.607      2.152
            6000.000       4.694      -0.047       9.737    0.02%       2.726      3.988
     Y2                    2.272      -0.009      -4.257    0.02%       0.798      1.839      2.279
            6000.000       2.807      -0.260       7.563    0.02%       2.745      3.729
     Y3                    3.059       0.027      -6.460    0.02%       0.869      2.376      3.040
            6000.000       6.665      -0.048      12.750    0.02%       3.726      5.238
     Y4                    3.527       0.031      -2.360    0.02%       1.957      3.061      3.530
            6000.000       3.400      -0.110       9.410    0.02%       4.016      5.072
     Y5                    4.213      -0.080      -5.684    0.02%       2.266      3.653      4.245
            6000.000       5.506       0.033      12.127    0.02%       4.823      6.202


THE MODEL ESTIMATION TERMINATED NORMALLY



MODEL FIT INFORMATION

Number of Free Parameters                       25

Loglikelihood

          H0 Value                      -48983.868
          H1 Value                      -48977.982

Information Criteria

          Akaike (AIC)                   98017.736
          Bayesian (BIC)                 98185.224
          Sample-Size Adjusted BIC       98105.781
            (n* = (n + 2) / 24)

Chi-Square Test of Model Fit

          Value                             11.772
          Degrees of Freedom                    10
          P-Value                           0.3006

RMSEA (Root Mean Square Error Of Approximation)

          Estimate                           0.005

CFI/TLI

          CFI                                1.000
          TLI                                1.000

Chi-Square Test of Model Fit for the Baseline Model

          Value                          16284.441
          Degrees of Freedom                    20
          P-Value                           0.0000

SRMR (Standardized Root Mean Square Residual)

          Value for Within                   0.004
          Value for Between                  0.015



MODEL RESULTS

                                                    Two-Tailed
                    Estimate       S.E.  Est./S.E.    P-Value

Within Level

 CS       BY
    Y1                 1.000      0.000    999.000    999.000
    Y2                 0.487      0.008     57.686      0.000
    Y3                 1.283      0.018     71.392      0.000
    Y4                 0.773      0.012     65.583      0.000
    Y5                 1.086      0.015     70.588      0.000

 Variances
    CS                 2.042      0.055     36.881      0.000

 Residual Variances
    Y1                 1.029      0.025     41.754      0.000
    Y2                 0.500      0.010     48.393      0.000
    Y3                 1.551      0.038     40.593      0.000
    Y4                 0.802      0.018     44.829      0.000
    Y5                 1.137      0.028     40.842      0.000

Between Level

 CT       BY
    Y1                 1.000      0.000    999.000    999.000
    Y2                 0.835      0.171      4.872      0.000
    Y3                 1.216      0.149      8.180      0.000
    Y4                 0.802      0.146      5.512      0.000
    Y5                 1.173      0.157      7.463      0.000

 Intercepts
    Y1                 2.147      0.182     11.822      0.000
    Y2                 2.272      0.191     11.878      0.000
    Y3                 3.059      0.189     16.143      0.000
    Y4                 3.527      0.167     21.109      0.000
    Y5                 4.213      0.200     21.118      0.000

 Variances
    CT                 1.084      0.319      3.402      0.001

 Residual Variances
    Y1                 0.540      0.130      4.166      0.000
    Y2                 1.067      0.224      4.756      0.000
    Y3                 0.152      0.090      1.683      0.092
    Y4                 0.681      0.147      4.643      0.000
    Y5                 0.468      0.128      3.650      0.000


QUALITY OF NUMERICAL RESULTS

     Condition Number for the Information Matrix              0.910E-04
       (ratio of smallest to largest eigenvalue)


     Beginning Time:  02:06:07
        Ending Time:  02:06:08
       Elapsed Time:  00:00:01



MUTHEN & MUTHEN
3463 Stoner Ave.
Los Angeles, CA  90066

Tel: (310) 391-9971
Fax: (310) 391-8971
Web: www.StatModel.com
Support: Support@StatModel.com

Copyright (c) 1998-2017 Muthen & Muthen
