Mplus VERSION 8
MUTHEN & MUTHEN
02/16/2019   4:45 AM

INPUT INSTRUCTIONS

  TITLE: Your title goes here
  DATA: FILE = "Mplus_files_Results/cuts_long_trunc_n500_i4_nt30_na0.dat";
  VARIABLE:
  NAMES = subjn time y1 y2 y3 y4;
  MISSING=.;
  USEVAR = y1
  y2
  y3
  y4 ;
  CLUSTER = subjn ;

  ANALYSIS:
  TYPE = TWOLEVEL ;
  ESTIMATOR = ML ;
  ITERATIONS = 50000 ;
  H1ITERATIONS = 50000 ;


  MODEL:

  %WITHIN%

  ! common states
  CS BY y1@1
  y2 (lcs2)
  y3 (lcs3)
  y4 (lcs4) ;

  %BETWEEN%

  ! common trait
  CT BY y1@1
  y2 (lct2)
  y3 (lct3)
  y4 (lct4) ;



INPUT READING TERMINATED NORMALLY



Your title goes here

SUMMARY OF ANALYSIS

Number of groups                                                 1
Number of observations                                       15000

Number of dependent variables                                    4
Number of independent variables                                  0
Number of continuous latent variables                            2

Observed dependent variables

  Continuous
   Y1          Y2          Y3          Y4

Continuous latent variables
   CS          CT

Variables with special functions

  Cluster variable      SUBJN

Estimator                                                       ML
Information matrix                                        OBSERVED
Maximum number of iterations                                 50000
Convergence criterion                                    0.100D-05
Maximum number of EM iterations                                500
Convergence criteria for the EM algorithm
  Loglikelihood change                                   0.100D-02
  Relative loglikelihood change                          0.100D-05
  Derivative                                             0.100D-03
Minimum variance                                         0.100D-03
Maximum number of steepest descent iterations                   20
Maximum number of iterations for H1                          50000
Convergence criterion for H1                             0.100D-03
Optimization algorithm                                         EMA

Input data file(s)
  Mplus_files_Results/cuts_long_trunc_n500_i4_nt30_na0.dat
Input data format  FREE


SUMMARY OF DATA

     Number of missing data patterns             1
     Number of clusters                        500

     Average cluster size       30.000

     Estimated Intraclass Correlations for the Y Variables

                Intraclass              Intraclass              Intraclass
     Variable  Correlation   Variable  Correlation   Variable  Correlation

     Y1           0.365      Y2           0.643      Y3           0.307
     Y4           0.451



COVARIANCE COVERAGE OF DATA

Minimum covariance coverage value   0.100


     PROPORTION OF DATA PRESENT


           Covariance Coverage
              Y1            Y2            Y3            Y4
              ________      ________      ________      ________
 Y1             1.000
 Y2             1.000         1.000
 Y3             1.000         1.000         1.000
 Y4             1.000         1.000         1.000         1.000



UNIVARIATE SAMPLE STATISTICS


     UNIVARIATE HIGHER-ORDER MOMENT DESCRIPTIVE STATISTICS

         Variable/         Mean/     Skewness/   Minimum/ % with                Percentiles
        Sample Size      Variance    Kurtosis    Maximum  Min/Max      20%/60%    40%/80%    Median

     Y1                    1.701       0.394      -5.000    0.07%       0.000      1.000      2.000
           15000.000       3.860       0.245      10.000    0.04%       2.000      3.000
     Y2                    2.133       0.316      -3.000    0.03%       1.000      2.000      2.000
           15000.000       2.686      -0.235       9.000    0.01%       2.000      4.000
     Y3                    2.702       0.261      -8.000    0.01%       0.000      2.000      3.000
           15000.000       6.156      -0.064      12.000    0.02%       3.000      5.000
     Y4                    3.025       0.208      -3.000    0.06%       1.000      2.000      3.000
           15000.000       3.674      -0.170      11.000    0.01%       3.000      5.000


THE MODEL ESTIMATION TERMINATED NORMALLY



MODEL FIT INFORMATION

Number of Free Parameters                       20

Loglikelihood

          H0 Value                      -98375.951
          H1 Value                      -98371.396

Information Criteria

          Akaike (AIC)                  196791.902
          Bayesian (BIC)                196944.218
          Sample-Size Adjusted BIC      196880.660
            (n* = (n + 2) / 24)

Chi-Square Test of Model Fit

          Value                              9.110
          Degrees of Freedom                     4
          P-Value                           0.0584

RMSEA (Root Mean Square Error Of Approximation)

          Estimate                           0.009

CFI/TLI

          CFI                                1.000
          TLI                                0.999

Chi-Square Test of Model Fit for the Baseline Model

          Value                          25042.729
          Degrees of Freedom                    12
          P-Value                           0.0000

SRMR (Standardized Root Mean Square Residual)

          Value for Within                   0.000
          Value for Between                  0.015



MODEL RESULTS

                                                    Two-Tailed
                    Estimate       S.E.  Est./S.E.    P-Value

Within Level

 CS       BY
    Y1                 1.000      0.000    999.000    999.000
    Y2                 0.527      0.007     78.924      0.000
    Y3                 1.357      0.014     96.224      0.000
    Y4                 0.882      0.010     91.863      0.000

 Variances
    CS                 1.543      0.029     53.379      0.000

 Residual Variances
    Y1                 0.909      0.015     59.393      0.000
    Y2                 0.530      0.007     73.261      0.000
    Y3                 1.421      0.026     54.856      0.000
    Y4                 0.815      0.013     62.956      0.000

Between Level

 CT       BY
    Y1                 1.000      0.000    999.000    999.000
    Y2                 0.903      0.053     17.140      0.000
    Y3                 1.253      0.050     25.026      0.000
    Y4                 0.974      0.050     19.322      0.000

 Intercepts
    Y1                 1.701      0.055     31.170      0.000
    Y2                 2.133      0.059     35.959      0.000
    Y3                 2.702      0.064     42.374      0.000
    Y4                 3.025      0.059     51.491      0.000

 Variances
    CT                 1.043      0.094     11.070      0.000

 Residual Variances
    Y1                 0.365      0.036     10.261      0.000
    Y2                 0.877      0.064     13.718      0.000
    Y3                 0.256      0.043      5.888      0.000
    Y4                 0.671      0.052     12.969      0.000


QUALITY OF NUMERICAL RESULTS

     Condition Number for the Information Matrix              0.133E-02
       (ratio of smallest to largest eigenvalue)


     Beginning Time:  04:45:45
        Ending Time:  04:45:46
       Elapsed Time:  00:00:01



MUTHEN & MUTHEN
3463 Stoner Ave.
Los Angeles, CA  90066

Tel: (310) 391-9971
Fax: (310) 391-8971
Web: www.StatModel.com
Support: Support@StatModel.com

Copyright (c) 1998-2017 Muthen & Muthen
