Mplus VERSION 8
MUTHEN & MUTHEN
02/16/2019   4:20 AM

INPUT INSTRUCTIONS

  TITLE: Your title goes here
  DATA: FILE = "Mplus_files_Results/cuts_long_n100_i4_nt5_na0.dat";
  VARIABLE:
  NAMES = subjn time y1 y2 y3 y4;
  MISSING=.;
  USEVAR = y1
  y2
  y3
  y4 ;
  CLUSTER = subjn ;

  ANALYSIS:
  TYPE = TWOLEVEL ;
  ESTIMATOR = ML ;
  ITERATIONS = 50000 ;
  H1ITERATIONS = 50000 ;


  MODEL:

  %WITHIN%

  ! common states
  CS BY y1@1
  y2 (lcs2)
  y3 (lcs3)
  y4 (lcs4) ;

  %BETWEEN%

  ! common trait
  CT BY y1@1
  y2 (lct2)
  y3 (lct3)
  y4 (lct4) ;



INPUT READING TERMINATED NORMALLY



Your title goes here

SUMMARY OF ANALYSIS

Number of groups                                                 1
Number of observations                                         500

Number of dependent variables                                    4
Number of independent variables                                  0
Number of continuous latent variables                            2

Observed dependent variables

  Continuous
   Y1          Y2          Y3          Y4

Continuous latent variables
   CS          CT

Variables with special functions

  Cluster variable      SUBJN

Estimator                                                       ML
Information matrix                                        OBSERVED
Maximum number of iterations                                 50000
Convergence criterion                                    0.100D-05
Maximum number of EM iterations                                500
Convergence criteria for the EM algorithm
  Loglikelihood change                                   0.100D-02
  Relative loglikelihood change                          0.100D-05
  Derivative                                             0.100D-03
Minimum variance                                         0.100D-03
Maximum number of steepest descent iterations                   20
Maximum number of iterations for H1                          50000
Convergence criterion for H1                             0.100D-03
Optimization algorithm                                         EMA

Input data file(s)
  Mplus_files_Results/cuts_long_n100_i4_nt5_na0.dat
Input data format  FREE


SUMMARY OF DATA

     Number of missing data patterns             1
     Number of clusters                        100

     Average cluster size        5.000

     Estimated Intraclass Correlations for the Y Variables

                Intraclass              Intraclass              Intraclass
     Variable  Correlation   Variable  Correlation   Variable  Correlation

     Y1           0.396      Y2           0.519      Y3           0.330
     Y4           0.448



COVARIANCE COVERAGE OF DATA

Minimum covariance coverage value   0.100


     PROPORTION OF DATA PRESENT


           Covariance Coverage
              Y1            Y2            Y3            Y4
              ________      ________      ________      ________
 Y1             1.000
 Y2             1.000         1.000
 Y3             1.000         1.000         1.000
 Y4             1.000         1.000         1.000         1.000



UNIVARIATE SAMPLE STATISTICS


     UNIVARIATE HIGHER-ORDER MOMENT DESCRIPTIVE STATISTICS

         Variable/         Mean/     Skewness/   Minimum/ % with                Percentiles
        Sample Size      Variance    Kurtosis    Maximum  Min/Max      20%/60%    40%/80%    Median

     Y1                    2.058       0.151      -4.472    0.20%       0.163      1.495      2.000
             500.000       5.040       0.005       9.685    0.20%       2.579      3.984
     Y2                    2.749       0.157      -1.773    0.20%       1.372      2.327      2.738
             500.000       2.539       0.305       8.320    0.20%       3.080      4.076
     Y3                    3.030       0.064      -3.976    0.20%       0.922      2.441      2.915
             500.000       6.890      -0.109      11.620    0.20%       3.616      5.238
     Y4                    3.713       0.030      -1.402    0.20%       1.981      3.236      3.709
             500.000       3.847      -0.212       9.344    0.20%       4.223      5.249


THE MODEL ESTIMATION TERMINATED NORMALLY



MODEL FIT INFORMATION

Number of Free Parameters                       20

Loglikelihood

          H0 Value                       -3556.039
          H1 Value                       -3546.558

Information Criteria

          Akaike (AIC)                    7152.079
          Bayesian (BIC)                  7236.371
          Sample-Size Adjusted BIC        7172.889
            (n* = (n + 2) / 24)

Chi-Square Test of Model Fit

          Value                             18.963
          Degrees of Freedom                     4
          P-Value                           0.0008

RMSEA (Root Mean Square Error Of Approximation)

          Estimate                           0.086

CFI/TLI

          CFI                                0.985
          TLI                                0.954

Chi-Square Test of Model Fit for the Baseline Model

          Value                            997.769
          Degrees of Freedom                    12
          P-Value                           0.0000

SRMR (Standardized Root Mean Square Residual)

          Value for Within                   0.024
          Value for Between                  0.016



MODEL RESULTS

                                                    Two-Tailed
                    Estimate       S.E.  Est./S.E.    P-Value

Within Level

 CS       BY
    Y1                 1.000      0.000    999.000    999.000
    Y2                 0.542      0.037     14.606      0.000
    Y3                 1.226      0.068     18.109      0.000
    Y4                 0.802      0.046     17.449      0.000

 Variances
    CS                 2.102      0.218      9.661      0.000

 Residual Variances
    Y1                 0.942      0.100      9.462      0.000
    Y2                 0.602      0.051     11.910      0.000
    Y3                 1.455      0.154      9.442      0.000
    Y4                 0.772      0.075     10.305      0.000

Between Level

 CT       BY
    Y1                 1.000      0.000    999.000    999.000
    Y2                 0.575      0.108      5.300      0.000
    Y3                 1.175      0.144      8.184      0.000
    Y4                 0.758      0.123      6.163      0.000

 Intercepts
    Y1                 2.058      0.161     12.744      0.000
    Y2                 2.749      0.125     21.981      0.000
    Y3                 3.030      0.179     16.950      0.000
    Y4                 3.713      0.147     25.343      0.000

 Variances
    CT                 1.484      0.378      3.923      0.000

 Residual Variances
    Y1                 0.513      0.157      3.262      0.001
    Y2                 0.830      0.146      5.679      0.000
    Y3                 0.223      0.181      1.233      0.218
    Y4                 0.868      0.165      5.272      0.000


QUALITY OF NUMERICAL RESULTS

     Condition Number for the Information Matrix              0.271E-02
       (ratio of smallest to largest eigenvalue)


     Beginning Time:  04:20:54
        Ending Time:  04:20:54
       Elapsed Time:  00:00:00



MUTHEN & MUTHEN
3463 Stoner Ave.
Los Angeles, CA  90066

Tel: (310) 391-9971
Fax: (310) 391-8971
Web: www.StatModel.com
Support: Support@StatModel.com

Copyright (c) 1998-2017 Muthen & Muthen
