Mplus VERSION 8
MUTHEN & MUTHEN
02/06/2019   8:14 PM

INPUT INSTRUCTIONS

  TITLE: Your title goes here
  DATA: FILE = "Mplus_files_Results/cuts_long_n100_i4_nt70.dat";
  VARIABLE:
  NAMES = subjn time y1 y2 y3 y4;
  MISSING=.;
  USEVAR = y1
  y2
  y3
  y4 ;
  CLUSTER = subjn ;

  ANALYSIS:
  TYPE = TWOLEVEL ;
  ESTIMATOR = ML ;
  ITERATIONS = 5e+05 ;
  H1ITERATIONS = 5e+05 ;


  MODEL:

  %WITHIN%

  ! common states
  CS BY y1@1
  y2 (lcs2)
  y3 (lcs3)
  y4 (lcs4) ;

  %BETWEEN%

  ! common trait
  CT BY y1@1
  y2 (lct2)
  y3 (lct3)
  y4 (lct4) ;



INPUT READING TERMINATED NORMALLY



Your title goes here

SUMMARY OF ANALYSIS

Number of groups                                                 1
Number of observations                                        7000

Number of dependent variables                                    4
Number of independent variables                                  0
Number of continuous latent variables                            2

Observed dependent variables

  Continuous
   Y1          Y2          Y3          Y4

Continuous latent variables
   CS          CT

Variables with special functions

  Cluster variable      SUBJN

Estimator                                                       ML
Information matrix                                        OBSERVED
Maximum number of iterations                                500000
Convergence criterion                                    0.100D-05
Maximum number of EM iterations                                500
Convergence criteria for the EM algorithm
  Loglikelihood change                                   0.100D-02
  Relative loglikelihood change                          0.100D-05
  Derivative                                             0.100D-03
Minimum variance                                         0.100D-03
Maximum number of steepest descent iterations                   20
Maximum number of iterations for H1                         500000
Convergence criterion for H1                             0.100D-03
Optimization algorithm                                         EMA

Input data file(s)
  Mplus_files_Results/cuts_long_n100_i4_nt70.dat
Input data format  FREE


SUMMARY OF DATA

     Number of missing data patterns             1
     Number of clusters                        100

     Average cluster size       70.000

     Estimated Intraclass Correlations for the Y Variables

                Intraclass              Intraclass              Intraclass
     Variable  Correlation   Variable  Correlation   Variable  Correlation

     Y1           0.351      Y2           0.595      Y3           0.301
     Y4           0.410



COVARIANCE COVERAGE OF DATA

Minimum covariance coverage value   0.100


     PROPORTION OF DATA PRESENT


           Covariance Coverage
              Y1            Y2            Y3            Y4
              ________      ________      ________      ________
 Y1             1.000
 Y2             1.000         1.000
 Y3             1.000         1.000         1.000
 Y4             1.000         1.000         1.000         1.000



UNIVARIATE SAMPLE STATISTICS


     UNIVARIATE HIGHER-ORDER MOMENT DESCRIPTIVE STATISTICS

         Variable/         Mean/     Skewness/   Minimum/ % with                Percentiles
        Sample Size      Variance    Kurtosis    Maximum  Min/Max      20%/60%    40%/80%    Median

     Y1                    2.035      -0.052      -7.081    0.01%       0.189      1.539      2.104
            7000.000       4.678       0.031      10.199    0.01%       2.647      3.829
     Y2                    2.696       0.132      -2.962    0.01%       1.359      2.277      2.666
            7000.000       2.477       0.098       8.847    0.01%       3.085      3.987
     Y3                    3.103      -0.003      -5.989    0.01%       0.938      2.435      3.117
            7000.000       6.963       0.033      12.203    0.01%       3.769      5.315
     Y4                    3.697      -0.028      -4.531    0.01%       2.098      3.240      3.713
            7000.000       3.502      -0.095      10.459    0.01%       4.191      5.313


THE MODEL ESTIMATION TERMINATED NORMALLY



MODEL FIT INFORMATION

Number of Free Parameters                       20

Loglikelihood

          H0 Value                      -45965.349
          H1 Value                      -45962.374

Information Criteria

          Akaike (AIC)                   91970.698
          Bayesian (BIC)                 92107.771
          Sample-Size Adjusted BIC       92044.216
            (n* = (n + 2) / 24)

Chi-Square Test of Model Fit

          Value                              5.950
          Degrees of Freedom                     4
          P-Value                           0.2029

RMSEA (Root Mean Square Error Of Approximation)

          Estimate                           0.008

CFI/TLI

          CFI                                1.000
          TLI                                1.000

Chi-Square Test of Model Fit for the Baseline Model

          Value                          13053.934
          Degrees of Freedom                    12
          P-Value                           0.0000

SRMR (Standardized Root Mean Square Residual)

          Value for Within                   0.004
          Value for Between                  0.009



MODEL RESULTS

                                                    Two-Tailed
                    Estimate       S.E.  Est./S.E.    P-Value

Within Level

 CS       BY
    Y1                 1.000      0.000    999.000    999.000
    Y2                 0.498      0.008     60.226      0.000
    Y3                 1.306      0.018     73.238      0.000
    Y4                 0.791      0.012     67.826      0.000

 Variances
    CS                 2.009      0.052     38.731      0.000

 Residual Variances
    Y1                 1.029      0.025     41.034      0.000
    Y2                 0.503      0.010     49.943      0.000
    Y3                 1.444      0.039     37.247      0.000
    Y4                 0.807      0.018     44.593      0.000

Between Level

 CT       BY
    Y1                 1.000      0.000    999.000    999.000
    Y2                 0.694      0.105      6.582      0.000
    Y3                 1.271      0.124     10.275      0.000
    Y4                 0.726      0.104      7.010      0.000

 Intercepts
    Y1                 2.035      0.130     15.683      0.000
    Y2                 2.696      0.122     22.088      0.000
    Y3                 3.103      0.147     21.101      0.000
    Y4                 3.697      0.121     30.534      0.000

 Variances
    CT                 1.166      0.241      4.840      0.000

 Residual Variances
    Y1                 0.474      0.105      4.523      0.000
    Y2                 0.913      0.140      6.540      0.000
    Y3                 0.210      0.128      1.639      0.101
    Y4                 0.821      0.126      6.495      0.000


QUALITY OF NUMERICAL RESULTS

     Condition Number for the Information Matrix              0.303E-03
       (ratio of smallest to largest eigenvalue)


     Beginning Time:  20:14:12
        Ending Time:  20:14:12
       Elapsed Time:  00:00:00



MUTHEN & MUTHEN
3463 Stoner Ave.
Los Angeles, CA  90066

Tel: (310) 391-9971
Fax: (310) 391-8971
Web: www.StatModel.com
Support: Support@StatModel.com

Copyright (c) 1998-2017 Muthen & Muthen
