Mplus VERSION 8
MUTHEN & MUTHEN
02/15/2019   2:44 PM

INPUT INSTRUCTIONS

  TITLE: Your title goes here
  DATA: FILE = "Mplus_files_Results/cuts_wide_n100_i3_nt15_na0.dat";
  VARIABLE:
  NAMES = subjn y11 y21 y31 y12 y22 y32 y13 y23 y33 y14 y24 y34 y15 y25 y35 y16 y26
       y36 y17 y27 y37 y18 y28 y38 y19 y29 y39 y110 y210 y310 y111 y211 y311 y112 y212
       y312 y113 y213 y313 y114 y214 y314 y115 y215 y315;
  MISSING=.;
  USEVAR = y11
  y21
  y31
  y12
  y22
  y32
  y13
  y23
  y33
  y14
  y24
  y34
  y15
  y25
  y35
  y16
  y26
  y36
  y17
  y27
  y37
  y18
  y28
  y38
  y19
  y29
  y39
  y110
  y210
  y310
  y111
  y211
  y311
  y112
  y212
  y312
  y113
  y213
  y313
  y114
  y214
  y314
  y115
  y215
  y315 ;


  ANALYSIS:
  TYPE = GENERAL ;
  ESTIMATOR = ML ;
  ITERATIONS = 50000 ;
  H1ITERATIONS = 50000 ;


  MODEL:

  ! common states
  CS1 BY y11@1
  y21 (lcs21)
  y31 (lcs31) ;
  CS2 BY y12@1
  y22 (lcs21)
  y32 (lcs31) ;
  CS3 BY y13@1
  y23 (lcs21)
  y33 (lcs31) ;
  CS4 BY y14@1
  y24 (lcs21)
  y34 (lcs31) ;
  CS5 BY y15@1
  y25 (lcs21)
  y35 (lcs31) ;
  CS6 BY y16@1
  y26 (lcs21)
  y36 (lcs31) ;
  CS7 BY y17@1
  y27 (lcs21)
  y37 (lcs31) ;
  CS8 BY y18@1
  y28 (lcs21)
  y38 (lcs31) ;
  CS9 BY y19@1
  y29 (lcs21)
  y39 (lcs31) ;
  CS10 BY y110@1
  y210 (lcs21)
  y310 (lcs31) ;
  CS11 BY y111@1
  y211 (lcs21)
  y311 (lcs31) ;
  CS12 BY y112@1
  y212 (lcs21)
  y312 (lcs31) ;
  CS13 BY y113@1
  y213 (lcs21)
  y313 (lcs31) ;
  CS14 BY y114@1
  y214 (lcs21)
  y314 (lcs31) ;
  CS15 BY y115@1
  y215 (lcs21)
  y315 (lcs31) ;

  ! common trait
  CT BY y11@1
  y21 (lct21)
  y31 (lct31)
  y12@1
  y22 (lct21)
  y32 (lct31)
  y13@1
  y23 (lct21)
  y33 (lct31)
  y14@1
  y24 (lct21)
  y34 (lct31)
  y15@1
  y25 (lct21)
  y35 (lct31)
  y16@1
  y26 (lct21)
  y36 (lct31)
  y17@1
  y27 (lct21)
  y37 (lct31)
  y18@1
  y28 (lct21)
  y38 (lct31)
  y19@1
  y29 (lct21)
  y39 (lct31)
  y110@1
  y210 (lct21)
  y310 (lct31)
  y111@1
  y211 (lct21)
  y311 (lct31)
  y112@1
  y212 (lct21)
  y312 (lct31)
  y113@1
  y213 (lct21)
  y313 (lct31)
  y114@1
  y214 (lct21)
  y314 (lct31)
  y115@1
  y215 (lct21)
  y315 (lct31) ;

  ! unique trait
  UT1 BY y11@1
  y12@1
  y13@1
  y14@1
  y15@1
  y16@1
  y17@1
  y18@1
  y19@1
  y110@1
  y111@1
  y112@1
  y113@1
  y114@1
  y115@1 ;
  UT2 BY y21@1
  y22@1
  y23@1
  y24@1
  y25@1
  y26@1
  y27@1
  y28@1
  y29@1
  y210@1
  y211@1
  y212@1
  y213@1
  y214@1
  y215@1 ;
  UT3 BY y31@1
  y32@1
  y33@1
  y34@1
  y35@1
  y36@1
  y37@1
  y38@1
  y39@1
  y310@1
  y311@1
  y312@1
  y313@1
  y314@1
  y315@1 ;

  ! Intercepts and means
  [y11*] (ins11) ;
  [y21*] (ins21) ;
  [y31*] (ins31) ;
  [y12*] (ins11) ;
  [y22*] (ins21) ;
  [y32*] (ins31) ;
  [y13*] (ins11) ;
  [y23*] (ins21) ;
  [y33*] (ins31) ;
  [y14*] (ins11) ;
  [y24*] (ins21) ;
  [y34*] (ins31) ;
  [y15*] (ins11) ;
  [y25*] (ins21) ;
  [y35*] (ins31) ;
  [y16*] (ins11) ;
  [y26*] (ins21) ;
  [y36*] (ins31) ;
  [y17*] (ins11) ;
  [y27*] (ins21) ;
  [y37*] (ins31) ;
  [y18*] (ins11) ;
  [y28*] (ins21) ;
  [y38*] (ins31) ;
  [y19*] (ins11) ;
  [y29*] (ins21) ;
  [y39*] (ins31) ;
  [y110*] (ins11) ;
  [y210*] (ins21) ;
  [y310*] (ins31) ;
  [y111*] (ins11) ;
  [y211*] (ins21) ;
  [y311*] (ins31) ;
  [y112*] (ins11) ;
  [y212*] (ins21) ;
  [y312*] (ins31) ;
  [y113*] (ins11) ;
  [y213*] (ins21) ;
  [y313*] (ins31) ;
  [y114*] (ins11) ;
  [y214*] (ins21) ;
  [y314*] (ins31) ;
  [y115*] (ins11) ;
  [y215*] (ins21) ;
  [y315*] (ins31) ;




  ! Set 0 covariances
  CS1 WITH CS2@0
  CS3@0
  CS4@0
  CS5@0
  CS6@0
  CS7@0
  CS8@0
  CS9@0
  CS10@0
  CS11@0
  CS12@0
  CS13@0
  CS14@0
  CS15@0
  UT1@0
  UT2@0
  UT3@0
  CT@0 ;
  CS2 WITH CS3@0
  CS4@0
  CS5@0
  CS6@0
  CS7@0
  CS8@0
  CS9@0
  CS10@0
  CS11@0
  CS12@0
  CS13@0
  CS14@0
  CS15@0
  UT1@0
  UT2@0
  UT3@0
  CT@0 ;
  CS3 WITH CS4@0
  CS5@0
  CS6@0
  CS7@0
  CS8@0
  CS9@0
  CS10@0
  CS11@0
  CS12@0
  CS13@0
  CS14@0
  CS15@0
  UT1@0
  UT2@0
  UT3@0
  CT@0 ;
  CS4 WITH CS5@0
  CS6@0
  CS7@0
  CS8@0
  CS9@0
  CS10@0
  CS11@0
  CS12@0
  CS13@0
  CS14@0
  CS15@0
  UT1@0
  UT2@0
  UT3@0
  CT@0 ;
  CS5 WITH CS6@0
  CS7@0
  CS8@0
  CS9@0
  CS10@0
  CS11@0
  CS12@0
  CS13@0
  CS14@0
  CS15@0
  UT1@0
  UT2@0
  UT3@0
  CT@0 ;
  CS6 WITH CS7@0
  CS8@0
  CS9@0
  CS10@0
  CS11@0
  CS12@0
  CS13@0
  CS14@0
  CS15@0
  UT1@0
  UT2@0
  UT3@0
  CT@0 ;
  CS7 WITH CS8@0
  CS9@0
  CS10@0
  CS11@0
  CS12@0
  CS13@0
  CS14@0
  CS15@0
  UT1@0
  UT2@0
  UT3@0
  CT@0 ;
  CS8 WITH CS9@0
  CS10@0
  CS11@0
  CS12@0
  CS13@0
  CS14@0
  CS15@0
  UT1@0
  UT2@0
  UT3@0
  CT@0 ;
  CS9 WITH CS10@0
  CS11@0
  CS12@0
  CS13@0
  CS14@0
  CS15@0
  UT1@0
  UT2@0
  UT3@0
  CT@0 ;
  CS10 WITH CS11@0
  CS12@0
  CS13@0
  CS14@0
  CS15@0
  UT1@0
  UT2@0
  UT3@0
  CT@0 ;
  CS11 WITH CS12@0
  CS13@0
  CS14@0
  CS15@0
  UT1@0
  UT2@0
  UT3@0
  CT@0 ;
  CS12 WITH CS13@0
  CS14@0
  CS15@0
  UT1@0
  UT2@0
  UT3@0
  CT@0 ;
  CS13 WITH CS14@0
  CS15@0
  UT1@0
  UT2@0
  UT3@0
  CT@0 ;
  CS14 WITH CS15@0
  UT1@0
  UT2@0
  UT3@0
  CT@0 ;
  CS15 WITH UT1@0
  UT2@0
  UT3@0
  CT@0 ;
  UT1 WITH UT2@0
  UT3@0
  CT@0 ;
  UT2 WITH UT3@0
  CT@0 ;
  UT3 WITH CT@0 ;

  ! Variance components
  y11 (err11) ;
  y21 (err21) ;
  y31 (err31) ;
  y12 (err11) ;
  y22 (err21) ;
  y32 (err31) ;
  y13 (err11) ;
  y23 (err21) ;
  y33 (err31) ;
  y14 (err11) ;
  y24 (err21) ;
  y34 (err31) ;
  y15 (err11) ;
  y25 (err21) ;
  y35 (err31) ;
  y16 (err11) ;
  y26 (err21) ;
  y36 (err31) ;
  y17 (err11) ;
  y27 (err21) ;
  y37 (err31) ;
  y18 (err11) ;
  y28 (err21) ;
  y38 (err31) ;
  y19 (err11) ;
  y29 (err21) ;
  y39 (err31) ;
  y110 (err11) ;
  y210 (err21) ;
  y310 (err31) ;
  y111 (err11) ;
  y211 (err21) ;
  y311 (err31) ;
  y112 (err11) ;
  y212 (err21) ;
  y312 (err31) ;
  y113 (err11) ;
  y213 (err21) ;
  y313 (err31) ;
  y114 (err11) ;
  y214 (err21) ;
  y314 (err31) ;
  y115 (err11) ;
  y215 (err21) ;
  y315 (err31) ;
  CS1 (cs_var1) ;
  CS2 (cs_var1) ;
  CS3 (cs_var1) ;
  CS4 (cs_var1) ;
  CS5 (cs_var1) ;
  CS6 (cs_var1) ;
  CS7 (cs_var1) ;
  CS8 (cs_var1) ;
  CS9 (cs_var1) ;
  CS10 (cs_var1) ;
  CS11 (cs_var1) ;
  CS12 (cs_var1) ;
  CS13 (cs_var1) ;
  CS14 (cs_var1) ;
  CS15 (cs_var1) ;
  UT1 (ut_var1) ;
  UT2 (ut_var2) ;
  UT3 (ut_var3) ;
  CT (ct_var) ;



INPUT READING TERMINATED NORMALLY



Your title goes here

SUMMARY OF ANALYSIS

Number of groups                                                 1
Number of observations                                         100

Number of dependent variables                                   45
Number of independent variables                                  0
Number of continuous latent variables                           19

Observed dependent variables

  Continuous
   Y11         Y21         Y31         Y12         Y22         Y32
   Y13         Y23         Y33         Y14         Y24         Y34
   Y15         Y25         Y35         Y16         Y26         Y36
   Y17         Y27         Y37         Y18         Y28         Y38
   Y19         Y29         Y39         Y110        Y210        Y310
   Y111        Y211        Y311        Y112        Y212        Y312
   Y113        Y213        Y313        Y114        Y214        Y314
   Y115        Y215        Y315

Continuous latent variables
   CS1         CS2         CS3         CS4         CS5         CS6
   CS7         CS8         CS9         CS10        CS11        CS12
   CS13        CS14        CS15        CT          UT1         UT2
   UT3


Estimator                                                       ML
Information matrix                                        OBSERVED
Maximum number of iterations                                 50000
Convergence criterion                                    0.500D-04
Maximum number of steepest descent iterations                   20
Maximum number of iterations for H1                          50000
Convergence criterion for H1                             0.100D-03

Input data file(s)
  Mplus_files_Results/cuts_wide_n100_i3_nt15_na0.dat

Input data format  FREE


SUMMARY OF DATA

     Number of missing data patterns             1


COVARIANCE COVERAGE OF DATA

Minimum covariance coverage value   0.100


     PROPORTION OF DATA PRESENT


           Covariance Coverage
              Y11           Y21           Y31           Y12           Y22
              ________      ________      ________      ________      ________
 Y11            1.000
 Y21            1.000         1.000
 Y31            1.000         1.000         1.000
 Y12            1.000         1.000         1.000         1.000
 Y22            1.000         1.000         1.000         1.000         1.000
 Y32            1.000         1.000         1.000         1.000         1.000
 Y13            1.000         1.000         1.000         1.000         1.000
 Y23            1.000         1.000         1.000         1.000         1.000
 Y33            1.000         1.000         1.000         1.000         1.000
 Y14            1.000         1.000         1.000         1.000         1.000
 Y24            1.000         1.000         1.000         1.000         1.000
 Y34            1.000         1.000         1.000         1.000         1.000
 Y15            1.000         1.000         1.000         1.000         1.000
 Y25            1.000         1.000         1.000         1.000         1.000
 Y35            1.000         1.000         1.000         1.000         1.000
 Y16            1.000         1.000         1.000         1.000         1.000
 Y26            1.000         1.000         1.000         1.000         1.000
 Y36            1.000         1.000         1.000         1.000         1.000
 Y17            1.000         1.000         1.000         1.000         1.000
 Y27            1.000         1.000         1.000         1.000         1.000
 Y37            1.000         1.000         1.000         1.000         1.000
 Y18            1.000         1.000         1.000         1.000         1.000
 Y28            1.000         1.000         1.000         1.000         1.000
 Y38            1.000         1.000         1.000         1.000         1.000
 Y19            1.000         1.000         1.000         1.000         1.000
 Y29            1.000         1.000         1.000         1.000         1.000
 Y39            1.000         1.000         1.000         1.000         1.000
 Y110           1.000         1.000         1.000         1.000         1.000
 Y210           1.000         1.000         1.000         1.000         1.000
 Y310           1.000         1.000         1.000         1.000         1.000
 Y111           1.000         1.000         1.000         1.000         1.000
 Y211           1.000         1.000         1.000         1.000         1.000
 Y311           1.000         1.000         1.000         1.000         1.000
 Y112           1.000         1.000         1.000         1.000         1.000
 Y212           1.000         1.000         1.000         1.000         1.000
 Y312           1.000         1.000         1.000         1.000         1.000
 Y113           1.000         1.000         1.000         1.000         1.000
 Y213           1.000         1.000         1.000         1.000         1.000
 Y313           1.000         1.000         1.000         1.000         1.000
 Y114           1.000         1.000         1.000         1.000         1.000
 Y214           1.000         1.000         1.000         1.000         1.000
 Y314           1.000         1.000         1.000         1.000         1.000
 Y115           1.000         1.000         1.000         1.000         1.000
 Y215           1.000         1.000         1.000         1.000         1.000
 Y315           1.000         1.000         1.000         1.000         1.000


           Covariance Coverage
              Y32           Y13           Y23           Y33           Y14
              ________      ________      ________      ________      ________
 Y32            1.000
 Y13            1.000         1.000
 Y23            1.000         1.000         1.000
 Y33            1.000         1.000         1.000         1.000
 Y14            1.000         1.000         1.000         1.000         1.000
 Y24            1.000         1.000         1.000         1.000         1.000
 Y34            1.000         1.000         1.000         1.000         1.000
 Y15            1.000         1.000         1.000         1.000         1.000
 Y25            1.000         1.000         1.000         1.000         1.000
 Y35            1.000         1.000         1.000         1.000         1.000
 Y16            1.000         1.000         1.000         1.000         1.000
 Y26            1.000         1.000         1.000         1.000         1.000
 Y36            1.000         1.000         1.000         1.000         1.000
 Y17            1.000         1.000         1.000         1.000         1.000
 Y27            1.000         1.000         1.000         1.000         1.000
 Y37            1.000         1.000         1.000         1.000         1.000
 Y18            1.000         1.000         1.000         1.000         1.000
 Y28            1.000         1.000         1.000         1.000         1.000
 Y38            1.000         1.000         1.000         1.000         1.000
 Y19            1.000         1.000         1.000         1.000         1.000
 Y29            1.000         1.000         1.000         1.000         1.000
 Y39            1.000         1.000         1.000         1.000         1.000
 Y110           1.000         1.000         1.000         1.000         1.000
 Y210           1.000         1.000         1.000         1.000         1.000
 Y310           1.000         1.000         1.000         1.000         1.000
 Y111           1.000         1.000         1.000         1.000         1.000
 Y211           1.000         1.000         1.000         1.000         1.000
 Y311           1.000         1.000         1.000         1.000         1.000
 Y112           1.000         1.000         1.000         1.000         1.000
 Y212           1.000         1.000         1.000         1.000         1.000
 Y312           1.000         1.000         1.000         1.000         1.000
 Y113           1.000         1.000         1.000         1.000         1.000
 Y213           1.000         1.000         1.000         1.000         1.000
 Y313           1.000         1.000         1.000         1.000         1.000
 Y114           1.000         1.000         1.000         1.000         1.000
 Y214           1.000         1.000         1.000         1.000         1.000
 Y314           1.000         1.000         1.000         1.000         1.000
 Y115           1.000         1.000         1.000         1.000         1.000
 Y215           1.000         1.000         1.000         1.000         1.000
 Y315           1.000         1.000         1.000         1.000         1.000


           Covariance Coverage
              Y24           Y34           Y15           Y25           Y35
              ________      ________      ________      ________      ________
 Y24            1.000
 Y34            1.000         1.000
 Y15            1.000         1.000         1.000
 Y25            1.000         1.000         1.000         1.000
 Y35            1.000         1.000         1.000         1.000         1.000
 Y16            1.000         1.000         1.000         1.000         1.000
 Y26            1.000         1.000         1.000         1.000         1.000
 Y36            1.000         1.000         1.000         1.000         1.000
 Y17            1.000         1.000         1.000         1.000         1.000
 Y27            1.000         1.000         1.000         1.000         1.000
 Y37            1.000         1.000         1.000         1.000         1.000
 Y18            1.000         1.000         1.000         1.000         1.000
 Y28            1.000         1.000         1.000         1.000         1.000
 Y38            1.000         1.000         1.000         1.000         1.000
 Y19            1.000         1.000         1.000         1.000         1.000
 Y29            1.000         1.000         1.000         1.000         1.000
 Y39            1.000         1.000         1.000         1.000         1.000
 Y110           1.000         1.000         1.000         1.000         1.000
 Y210           1.000         1.000         1.000         1.000         1.000
 Y310           1.000         1.000         1.000         1.000         1.000
 Y111           1.000         1.000         1.000         1.000         1.000
 Y211           1.000         1.000         1.000         1.000         1.000
 Y311           1.000         1.000         1.000         1.000         1.000
 Y112           1.000         1.000         1.000         1.000         1.000
 Y212           1.000         1.000         1.000         1.000         1.000
 Y312           1.000         1.000         1.000         1.000         1.000
 Y113           1.000         1.000         1.000         1.000         1.000
 Y213           1.000         1.000         1.000         1.000         1.000
 Y313           1.000         1.000         1.000         1.000         1.000
 Y114           1.000         1.000         1.000         1.000         1.000
 Y214           1.000         1.000         1.000         1.000         1.000
 Y314           1.000         1.000         1.000         1.000         1.000
 Y115           1.000         1.000         1.000         1.000         1.000
 Y215           1.000         1.000         1.000         1.000         1.000
 Y315           1.000         1.000         1.000         1.000         1.000


           Covariance Coverage
              Y16           Y26           Y36           Y17           Y27
              ________      ________      ________      ________      ________
 Y16            1.000
 Y26            1.000         1.000
 Y36            1.000         1.000         1.000
 Y17            1.000         1.000         1.000         1.000
 Y27            1.000         1.000         1.000         1.000         1.000
 Y37            1.000         1.000         1.000         1.000         1.000
 Y18            1.000         1.000         1.000         1.000         1.000
 Y28            1.000         1.000         1.000         1.000         1.000
 Y38            1.000         1.000         1.000         1.000         1.000
 Y19            1.000         1.000         1.000         1.000         1.000
 Y29            1.000         1.000         1.000         1.000         1.000
 Y39            1.000         1.000         1.000         1.000         1.000
 Y110           1.000         1.000         1.000         1.000         1.000
 Y210           1.000         1.000         1.000         1.000         1.000
 Y310           1.000         1.000         1.000         1.000         1.000
 Y111           1.000         1.000         1.000         1.000         1.000
 Y211           1.000         1.000         1.000         1.000         1.000
 Y311           1.000         1.000         1.000         1.000         1.000
 Y112           1.000         1.000         1.000         1.000         1.000
 Y212           1.000         1.000         1.000         1.000         1.000
 Y312           1.000         1.000         1.000         1.000         1.000
 Y113           1.000         1.000         1.000         1.000         1.000
 Y213           1.000         1.000         1.000         1.000         1.000
 Y313           1.000         1.000         1.000         1.000         1.000
 Y114           1.000         1.000         1.000         1.000         1.000
 Y214           1.000         1.000         1.000         1.000         1.000
 Y314           1.000         1.000         1.000         1.000         1.000
 Y115           1.000         1.000         1.000         1.000         1.000
 Y215           1.000         1.000         1.000         1.000         1.000
 Y315           1.000         1.000         1.000         1.000         1.000


           Covariance Coverage
              Y37           Y18           Y28           Y38           Y19
              ________      ________      ________      ________      ________
 Y37            1.000
 Y18            1.000         1.000
 Y28            1.000         1.000         1.000
 Y38            1.000         1.000         1.000         1.000
 Y19            1.000         1.000         1.000         1.000         1.000
 Y29            1.000         1.000         1.000         1.000         1.000
 Y39            1.000         1.000         1.000         1.000         1.000
 Y110           1.000         1.000         1.000         1.000         1.000
 Y210           1.000         1.000         1.000         1.000         1.000
 Y310           1.000         1.000         1.000         1.000         1.000
 Y111           1.000         1.000         1.000         1.000         1.000
 Y211           1.000         1.000         1.000         1.000         1.000
 Y311           1.000         1.000         1.000         1.000         1.000
 Y112           1.000         1.000         1.000         1.000         1.000
 Y212           1.000         1.000         1.000         1.000         1.000
 Y312           1.000         1.000         1.000         1.000         1.000
 Y113           1.000         1.000         1.000         1.000         1.000
 Y213           1.000         1.000         1.000         1.000         1.000
 Y313           1.000         1.000         1.000         1.000         1.000
 Y114           1.000         1.000         1.000         1.000         1.000
 Y214           1.000         1.000         1.000         1.000         1.000
 Y314           1.000         1.000         1.000         1.000         1.000
 Y115           1.000         1.000         1.000         1.000         1.000
 Y215           1.000         1.000         1.000         1.000         1.000
 Y315           1.000         1.000         1.000         1.000         1.000


           Covariance Coverage
              Y29           Y39           Y110          Y210          Y310
              ________      ________      ________      ________      ________
 Y29            1.000
 Y39            1.000         1.000
 Y110           1.000         1.000         1.000
 Y210           1.000         1.000         1.000         1.000
 Y310           1.000         1.000         1.000         1.000         1.000
 Y111           1.000         1.000         1.000         1.000         1.000
 Y211           1.000         1.000         1.000         1.000         1.000
 Y311           1.000         1.000         1.000         1.000         1.000
 Y112           1.000         1.000         1.000         1.000         1.000
 Y212           1.000         1.000         1.000         1.000         1.000
 Y312           1.000         1.000         1.000         1.000         1.000
 Y113           1.000         1.000         1.000         1.000         1.000
 Y213           1.000         1.000         1.000         1.000         1.000
 Y313           1.000         1.000         1.000         1.000         1.000
 Y114           1.000         1.000         1.000         1.000         1.000
 Y214           1.000         1.000         1.000         1.000         1.000
 Y314           1.000         1.000         1.000         1.000         1.000
 Y115           1.000         1.000         1.000         1.000         1.000
 Y215           1.000         1.000         1.000         1.000         1.000
 Y315           1.000         1.000         1.000         1.000         1.000


           Covariance Coverage
              Y111          Y211          Y311          Y112          Y212
              ________      ________      ________      ________      ________
 Y111           1.000
 Y211           1.000         1.000
 Y311           1.000         1.000         1.000
 Y112           1.000         1.000         1.000         1.000
 Y212           1.000         1.000         1.000         1.000         1.000
 Y312           1.000         1.000         1.000         1.000         1.000
 Y113           1.000         1.000         1.000         1.000         1.000
 Y213           1.000         1.000         1.000         1.000         1.000
 Y313           1.000         1.000         1.000         1.000         1.000
 Y114           1.000         1.000         1.000         1.000         1.000
 Y214           1.000         1.000         1.000         1.000         1.000
 Y314           1.000         1.000         1.000         1.000         1.000
 Y115           1.000         1.000         1.000         1.000         1.000
 Y215           1.000         1.000         1.000         1.000         1.000
 Y315           1.000         1.000         1.000         1.000         1.000


           Covariance Coverage
              Y312          Y113          Y213          Y313          Y114
              ________      ________      ________      ________      ________
 Y312           1.000
 Y113           1.000         1.000
 Y213           1.000         1.000         1.000
 Y313           1.000         1.000         1.000         1.000
 Y114           1.000         1.000         1.000         1.000         1.000
 Y214           1.000         1.000         1.000         1.000         1.000
 Y314           1.000         1.000         1.000         1.000         1.000
 Y115           1.000         1.000         1.000         1.000         1.000
 Y215           1.000         1.000         1.000         1.000         1.000
 Y315           1.000         1.000         1.000         1.000         1.000


           Covariance Coverage
              Y214          Y314          Y115          Y215          Y315
              ________      ________      ________      ________      ________
 Y214           1.000
 Y314           1.000         1.000
 Y115           1.000         1.000         1.000
 Y215           1.000         1.000         1.000         1.000
 Y315           1.000         1.000         1.000         1.000         1.000



UNIVARIATE SAMPLE STATISTICS


     UNIVARIATE HIGHER-ORDER MOMENT DESCRIPTIVE STATISTICS

         Variable/         Mean/     Skewness/   Minimum/ % with                Percentiles
        Sample Size      Variance    Kurtosis    Maximum  Min/Max      20%/60%    40%/80%    Median

     Y11                   2.042      -0.653      -4.291    1.00%       0.520      1.839      2.366
             100.000       4.453       0.436       7.000    1.00%       2.767      3.586
     Y21                   2.712       0.218      -0.835    1.00%       1.282      2.271      2.619
             100.000       2.554      -0.073       7.103    1.00%       3.065      3.938
     Y31                   3.436      -0.064      -2.693    1.00%       0.956      2.940      3.579
             100.000       8.517      -0.383      10.838    1.00%       4.163      5.735
     Y12                   1.720      -0.085      -4.093    1.00%      -0.107      1.291      1.813
             100.000       4.340       0.327       7.565    1.00%       2.147      3.453
     Y22                   2.598       0.433      -0.243    1.00%       1.246      2.012      2.657
             100.000       2.331      -0.157       6.552    1.00%       2.836      3.692
     Y32                   2.890       0.041      -4.030    1.00%       1.112      2.577      3.093
             100.000       6.543       0.837      10.251    1.00%       3.461      4.414
     Y13                   2.091      -0.083      -4.301    1.00%      -0.052      1.657      2.172
             100.000       5.285      -0.190       7.858    1.00%       2.636      3.959
     Y23                   2.720       0.054      -0.973    1.00%       1.181      2.123      2.730
             100.000       2.477      -0.601       6.148    1.00%       3.229      4.111
     Y33                   3.032       0.028      -2.786    1.00%       0.603      2.283      3.028
             100.000       6.695      -0.568       8.625    1.00%       3.747      5.112
     Y14                   2.149       0.023      -3.255    1.00%       0.380      1.453      2.286
             100.000       4.402      -0.251       7.215    1.00%       2.700      3.887
     Y24                   2.775      -0.082      -0.732    1.00%       1.251      2.479      2.915
             100.000       2.589      -0.370       7.144    1.00%       3.414      4.088
     Y34                   3.204      -0.089      -2.394    1.00%       0.480      2.147      3.389
             100.000       7.335      -0.802       9.377    1.00%       4.105      5.756
     Y15                   2.025       0.253      -2.750    1.00%       0.021      1.493      2.101
             100.000       4.830      -0.070       7.990    1.00%       2.381      3.994
     Y25                   2.791      -0.225      -2.205    1.00%       1.637      2.571      2.937
             100.000       2.702       0.814       7.197    1.00%       3.254      3.734
     Y35                   3.063       0.002      -3.854    1.00%       0.723      2.463      3.147
             100.000       7.580      -0.064      10.352    1.00%       3.608      5.121
     Y16                   1.931      -0.152      -4.127    1.00%      -0.290      1.697      2.181
             100.000       5.722       0.114       9.238    1.00%       2.886      3.751
     Y26                   2.614      -0.062      -1.805    1.00%       1.011      2.402      2.659
             100.000       2.515      -0.332       6.224    1.00%       2.934      4.017
     Y36                   2.904      -0.125      -3.796    1.00%       0.338      2.408      3.140
             100.000       7.673       0.063      11.304    1.00%       3.700      5.118
     Y17                   2.345       0.339      -3.563    1.00%       0.661      1.686      2.018
             100.000       4.144       0.856       8.613    1.00%       2.445      4.112
     Y27                   2.791       0.264      -0.555    1.00%       1.371      2.398      2.765
             100.000       2.484      -0.261       6.807    1.00%       3.139      4.011
     Y37                   3.432       0.121      -3.206    1.00%       1.220      2.645      3.242
             100.000       7.167       0.095      10.777    1.00%       4.181      5.542
     Y18                   2.103      -0.103      -3.065    1.00%       0.307      1.478      2.179
             100.000       3.677      -0.114       6.480    1.00%       2.653      3.814
     Y28                   2.753       0.214      -0.696    1.00%       1.224      2.365      2.851
             100.000       2.489      -0.233       7.110    1.00%       3.096      3.910
     Y38                   3.536      -0.451      -4.726    1.00%       1.370      2.982      3.401
             100.000       6.105       0.441       8.396    1.00%       4.223      5.730
     Y19                   2.033      -0.025      -3.398    1.00%       0.133      1.593      2.144
             100.000       4.301      -0.014       7.216    1.00%       2.673      3.721
     Y29                   2.784       0.570      -0.584    1.00%       1.310      2.427      2.706
             100.000       2.704       0.109       7.188    1.00%       3.004      3.921
     Y39                   3.394       0.085      -2.162    1.00%       1.166      3.231      3.494
             100.000       5.497       0.488      10.798    1.00%       4.039      5.124
     Y110                  2.215      -0.313      -3.825    1.00%       0.134      1.777      2.424
             100.000       4.728      -0.299       6.819    1.00%       2.960      4.035
     Y210                  2.809      -0.535      -1.675    1.00%       1.746      2.404      3.005
             100.000       2.327       0.598       6.364    1.00%       3.233      3.988
     Y310                  3.059      -0.231      -4.585    1.00%       0.883      2.328      3.230
             100.000       7.183      -0.090       8.531    1.00%       3.771      4.966
     Y111                  2.226      -0.299      -4.481    1.00%       0.441      1.657      2.313
             100.000       5.960      -0.018       7.814    1.00%       3.026      4.315
     Y211                  2.761      -0.285      -0.821    1.00%       1.475      2.619      2.960
             100.000       1.986      -0.372       5.525    1.00%       3.255      3.928
     Y311                  3.213      -0.108      -3.256    1.00%       0.982      2.280      3.237
             100.000       6.807      -0.475       8.686    1.00%       3.812      5.576
     Y112                  1.996       0.290      -2.263    1.00%       0.349      1.320      1.967
             100.000       3.956       0.161       8.289    1.00%       2.180      3.566
     Y212                  2.736       0.559       0.151    1.00%       1.551      2.259      2.561
             100.000       2.016       0.507       7.186    1.00%       2.999      3.958
     Y312                  3.106       0.283      -2.397    1.00%       0.947      2.405      2.923
             100.000       6.526      -0.092      10.883    1.00%       3.491      5.346
     Y113                  1.969       0.030      -3.051    1.00%       0.151      1.485      2.046
             100.000       4.877       0.125       8.868    1.00%       2.482      3.972
     Y213                  2.669       0.358      -1.450    1.00%       1.036      2.155      2.734
             100.000       3.255       0.412       8.453    1.00%       3.190      3.885
     Y313                  3.143      -0.504      -5.285    1.00%       0.882      2.747      3.387
             100.000       7.198       0.297       8.453    1.00%       3.926      5.407
     Y114                  2.222       0.001      -3.674    1.00%       0.333      1.735      2.000
             100.000       5.271       0.028       8.165    1.00%       2.499      4.307
     Y214                  2.642       0.167      -0.441    1.00%       1.157      2.198      2.613
             100.000       2.555      -0.431       7.002    1.00%       2.925      4.029
     Y314                  3.300      -0.060      -5.399    1.00%       0.896      2.372      3.133
             100.000       9.485      -0.024      10.252    1.00%       4.079      5.892
     Y115                  1.838       0.090      -1.874    1.00%       0.055      0.969      1.727
             100.000       3.652      -0.967       6.032    1.00%       2.274      3.834
     Y215                  2.650       0.146      -1.286    1.00%       0.961      2.345      2.871
             100.000       2.816      -0.376       6.722    1.00%       3.082      4.048
     Y315                  2.779      -0.104      -3.993    1.00%       0.366      1.499      3.055
             100.000       7.654      -0.782       8.204    1.00%       3.776      5.187


THE MODEL ESTIMATION TERMINATED NORMALLY



MODEL FIT INFORMATION

Number of Free Parameters                       15

Loglikelihood

          H0 Value                       -7941.800
          H1 Value                       -7357.862

Information Criteria

          Akaike (AIC)                   15913.600
          Bayesian (BIC)                 15952.677
          Sample-Size Adjusted BIC       15905.303
            (n* = (n + 2) / 24)

Chi-Square Test of Model Fit

          Value                           1167.875
          Degrees of Freedom                  1065
          P-Value                           0.0148

RMSEA (Root Mean Square Error Of Approximation)

          Estimate                           0.031
          90 Percent C.I.                    0.015  0.042
          Probability RMSEA <= .05           0.999

CFI/TLI

          CFI                                0.972
          TLI                                0.974

Chi-Square Test of Model Fit for the Baseline Model

          Value                           4665.858
          Degrees of Freedom                   990
          P-Value                           0.0000

SRMR (Standardized Root Mean Square Residual)

          Value                              0.087



MODEL RESULTS

                                                    Two-Tailed
                    Estimate       S.E.  Est./S.E.    P-Value

 CS1      BY
    Y11                1.000      0.000    999.000    999.000
    Y21                0.535      0.020     27.035      0.000
    Y31                1.345      0.047     28.629      0.000

 CS2      BY
    Y12                1.000      0.000    999.000    999.000
    Y22                0.535      0.020     27.035      0.000
    Y32                1.345      0.047     28.629      0.000

 CS3      BY
    Y13                1.000      0.000    999.000    999.000
    Y23                0.535      0.020     27.035      0.000
    Y33                1.345      0.047     28.629      0.000

 CS4      BY
    Y14                1.000      0.000    999.000    999.000
    Y24                0.535      0.020     27.035      0.000
    Y34                1.345      0.047     28.629      0.000

 CS5      BY
    Y15                1.000      0.000    999.000    999.000
    Y25                0.535      0.020     27.035      0.000
    Y35                1.345      0.047     28.629      0.000

 CS6      BY
    Y16                1.000      0.000    999.000    999.000
    Y26                0.535      0.020     27.035      0.000
    Y36                1.345      0.047     28.629      0.000

 CS7      BY
    Y17                1.000      0.000    999.000    999.000
    Y27                0.535      0.020     27.035      0.000
    Y37                1.345      0.047     28.629      0.000

 CS8      BY
    Y18                1.000      0.000    999.000    999.000
    Y28                0.535      0.020     27.035      0.000
    Y38                1.345      0.047     28.629      0.000

 CS9      BY
    Y19                1.000      0.000    999.000    999.000
    Y29                0.535      0.020     27.035      0.000
    Y39                1.345      0.047     28.629      0.000

 CS10     BY
    Y110               1.000      0.000    999.000    999.000
    Y210               0.535      0.020     27.035      0.000
    Y310               1.345      0.047     28.629      0.000

 CS11     BY
    Y111               1.000      0.000    999.000    999.000
    Y211               0.535      0.020     27.035      0.000
    Y311               1.345      0.047     28.629      0.000

 CS12     BY
    Y112               1.000      0.000    999.000    999.000
    Y212               0.535      0.020     27.035      0.000
    Y312               1.345      0.047     28.629      0.000

 CS13     BY
    Y113               1.000      0.000    999.000    999.000
    Y213               0.535      0.020     27.035      0.000
    Y313               1.345      0.047     28.629      0.000

 CS14     BY
    Y114               1.000      0.000    999.000    999.000
    Y214               0.535      0.020     27.035      0.000
    Y314               1.345      0.047     28.629      0.000

 CS15     BY
    Y115               1.000      0.000    999.000    999.000
    Y215               0.535      0.020     27.035      0.000
    Y315               1.345      0.047     28.629      0.000

 CT       BY
    Y11                1.000      0.000    999.000    999.000
    Y21                0.672      0.120      5.604      0.000
    Y31                1.170      0.169      6.929      0.000
    Y12                1.000      0.000    999.000    999.000
    Y22                0.672      0.120      5.604      0.000
    Y32                1.170      0.169      6.929      0.000
    Y13                1.000      0.000    999.000    999.000
    Y23                0.672      0.120      5.604      0.000
    Y33                1.170      0.169      6.929      0.000
    Y14                1.000      0.000    999.000    999.000
    Y24                0.672      0.120      5.604      0.000
    Y34                1.170      0.169      6.929      0.000
    Y15                1.000      0.000    999.000    999.000
    Y25                0.672      0.120      5.604      0.000
    Y35                1.170      0.169      6.929      0.000
    Y16                1.000      0.000    999.000    999.000
    Y26                0.672      0.120      5.604      0.000
    Y36                1.170      0.169      6.929      0.000
    Y17                1.000      0.000    999.000    999.000
    Y27                0.672      0.120      5.604      0.000
    Y37                1.170      0.169      6.929      0.000
    Y18                1.000      0.000    999.000    999.000
    Y28                0.672      0.120      5.604      0.000
    Y38                1.170      0.169      6.929      0.000
    Y19                1.000      0.000    999.000    999.000
    Y29                0.672      0.120      5.604      0.000
    Y39                1.170      0.169      6.929      0.000
    Y110               1.000      0.000    999.000    999.000
    Y210               0.672      0.120      5.604      0.000
    Y310               1.170      0.169      6.929      0.000
    Y111               1.000      0.000    999.000    999.000
    Y211               0.672      0.120      5.604      0.000
    Y311               1.170      0.169      6.929      0.000
    Y112               1.000      0.000    999.000    999.000
    Y212               0.672      0.120      5.604      0.000
    Y312               1.170      0.169      6.929      0.000
    Y113               1.000      0.000    999.000    999.000
    Y213               0.672      0.120      5.604      0.000
    Y313               1.170      0.169      6.929      0.000
    Y114               1.000      0.000    999.000    999.000
    Y214               0.672      0.120      5.604      0.000
    Y314               1.170      0.169      6.929      0.000
    Y115               1.000      0.000    999.000    999.000
    Y215               0.672      0.120      5.604      0.000
    Y315               1.170      0.169      6.929      0.000

 UT1      BY
    Y11                1.000      0.000    999.000    999.000
    Y12                1.000      0.000    999.000    999.000
    Y13                1.000      0.000    999.000    999.000
    Y14                1.000      0.000    999.000    999.000
    Y15                1.000      0.000    999.000    999.000
    Y16                1.000      0.000    999.000    999.000
    Y17                1.000      0.000    999.000    999.000
    Y18                1.000      0.000    999.000    999.000
    Y19                1.000      0.000    999.000    999.000
    Y110               1.000      0.000    999.000    999.000
    Y111               1.000      0.000    999.000    999.000
    Y112               1.000      0.000    999.000    999.000
    Y113               1.000      0.000    999.000    999.000
    Y114               1.000      0.000    999.000    999.000
    Y115               1.000      0.000    999.000    999.000

 UT2      BY
    Y21                1.000      0.000    999.000    999.000
    Y22                1.000      0.000    999.000    999.000
    Y23                1.000      0.000    999.000    999.000
    Y24                1.000      0.000    999.000    999.000
    Y25                1.000      0.000    999.000    999.000
    Y26                1.000      0.000    999.000    999.000
    Y27                1.000      0.000    999.000    999.000
    Y28                1.000      0.000    999.000    999.000
    Y29                1.000      0.000    999.000    999.000
    Y210               1.000      0.000    999.000    999.000
    Y211               1.000      0.000    999.000    999.000
    Y212               1.000      0.000    999.000    999.000
    Y213               1.000      0.000    999.000    999.000
    Y214               1.000      0.000    999.000    999.000
    Y215               1.000      0.000    999.000    999.000

 UT3      BY
    Y31                1.000      0.000    999.000    999.000
    Y32                1.000      0.000    999.000    999.000
    Y33                1.000      0.000    999.000    999.000
    Y34                1.000      0.000    999.000    999.000
    Y35                1.000      0.000    999.000    999.000
    Y36                1.000      0.000    999.000    999.000
    Y37                1.000      0.000    999.000    999.000
    Y38                1.000      0.000    999.000    999.000
    Y39                1.000      0.000    999.000    999.000
    Y310               1.000      0.000    999.000    999.000
    Y311               1.000      0.000    999.000    999.000
    Y312               1.000      0.000    999.000    999.000
    Y313               1.000      0.000    999.000    999.000
    Y314               1.000      0.000    999.000    999.000
    Y315               1.000      0.000    999.000    999.000

 CS1      WITH
    CS2                0.000      0.000    999.000    999.000
    CS3                0.000      0.000    999.000    999.000
    CS4                0.000      0.000    999.000    999.000
    CS5                0.000      0.000    999.000    999.000
    CS6                0.000      0.000    999.000    999.000
    CS7                0.000      0.000    999.000    999.000
    CS8                0.000      0.000    999.000    999.000
    CS9                0.000      0.000    999.000    999.000
    CS10               0.000      0.000    999.000    999.000
    CS11               0.000      0.000    999.000    999.000
    CS12               0.000      0.000    999.000    999.000
    CS13               0.000      0.000    999.000    999.000
    CS14               0.000      0.000    999.000    999.000
    CS15               0.000      0.000    999.000    999.000
    UT1                0.000      0.000    999.000    999.000
    UT2                0.000      0.000    999.000    999.000
    UT3                0.000      0.000    999.000    999.000
    CT                 0.000      0.000    999.000    999.000

 CS2      WITH
    CS3                0.000      0.000    999.000    999.000
    CS4                0.000      0.000    999.000    999.000
    CS5                0.000      0.000    999.000    999.000
    CS6                0.000      0.000    999.000    999.000
    CS7                0.000      0.000    999.000    999.000
    CS8                0.000      0.000    999.000    999.000
    CS9                0.000      0.000    999.000    999.000
    CS10               0.000      0.000    999.000    999.000
    CS11               0.000      0.000    999.000    999.000
    CS12               0.000      0.000    999.000    999.000
    CS13               0.000      0.000    999.000    999.000
    CS14               0.000      0.000    999.000    999.000
    CS15               0.000      0.000    999.000    999.000
    UT1                0.000      0.000    999.000    999.000
    UT2                0.000      0.000    999.000    999.000
    UT3                0.000      0.000    999.000    999.000
    CT                 0.000      0.000    999.000    999.000

 CS3      WITH
    CS4                0.000      0.000    999.000    999.000
    CS5                0.000      0.000    999.000    999.000
    CS6                0.000      0.000    999.000    999.000
    CS7                0.000      0.000    999.000    999.000
    CS8                0.000      0.000    999.000    999.000
    CS9                0.000      0.000    999.000    999.000
    CS10               0.000      0.000    999.000    999.000
    CS11               0.000      0.000    999.000    999.000
    CS12               0.000      0.000    999.000    999.000
    CS13               0.000      0.000    999.000    999.000
    CS14               0.000      0.000    999.000    999.000
    CS15               0.000      0.000    999.000    999.000
    UT1                0.000      0.000    999.000    999.000
    UT2                0.000      0.000    999.000    999.000
    UT3                0.000      0.000    999.000    999.000
    CT                 0.000      0.000    999.000    999.000

 CS4      WITH
    CS5                0.000      0.000    999.000    999.000
    CS6                0.000      0.000    999.000    999.000
    CS7                0.000      0.000    999.000    999.000
    CS8                0.000      0.000    999.000    999.000
    CS9                0.000      0.000    999.000    999.000
    CS10               0.000      0.000    999.000    999.000
    CS11               0.000      0.000    999.000    999.000
    CS12               0.000      0.000    999.000    999.000
    CS13               0.000      0.000    999.000    999.000
    CS14               0.000      0.000    999.000    999.000
    CS15               0.000      0.000    999.000    999.000
    UT1                0.000      0.000    999.000    999.000
    UT2                0.000      0.000    999.000    999.000
    UT3                0.000      0.000    999.000    999.000
    CT                 0.000      0.000    999.000    999.000

 CS5      WITH
    CS6                0.000      0.000    999.000    999.000
    CS7                0.000      0.000    999.000    999.000
    CS8                0.000      0.000    999.000    999.000
    CS9                0.000      0.000    999.000    999.000
    CS10               0.000      0.000    999.000    999.000
    CS11               0.000      0.000    999.000    999.000
    CS12               0.000      0.000    999.000    999.000
    CS13               0.000      0.000    999.000    999.000
    CS14               0.000      0.000    999.000    999.000
    CS15               0.000      0.000    999.000    999.000
    UT1                0.000      0.000    999.000    999.000
    UT2                0.000      0.000    999.000    999.000
    UT3                0.000      0.000    999.000    999.000
    CT                 0.000      0.000    999.000    999.000

 CS6      WITH
    CS7                0.000      0.000    999.000    999.000
    CS8                0.000      0.000    999.000    999.000
    CS9                0.000      0.000    999.000    999.000
    CS10               0.000      0.000    999.000    999.000
    CS11               0.000      0.000    999.000    999.000
    CS12               0.000      0.000    999.000    999.000
    CS13               0.000      0.000    999.000    999.000
    CS14               0.000      0.000    999.000    999.000
    CS15               0.000      0.000    999.000    999.000
    UT1                0.000      0.000    999.000    999.000
    UT2                0.000      0.000    999.000    999.000
    UT3                0.000      0.000    999.000    999.000
    CT                 0.000      0.000    999.000    999.000

 CS7      WITH
    CS8                0.000      0.000    999.000    999.000
    CS9                0.000      0.000    999.000    999.000
    CS10               0.000      0.000    999.000    999.000
    CS11               0.000      0.000    999.000    999.000
    CS12               0.000      0.000    999.000    999.000
    CS13               0.000      0.000    999.000    999.000
    CS14               0.000      0.000    999.000    999.000
    CS15               0.000      0.000    999.000    999.000
    UT1                0.000      0.000    999.000    999.000
    UT2                0.000      0.000    999.000    999.000
    UT3                0.000      0.000    999.000    999.000
    CT                 0.000      0.000    999.000    999.000

 CS8      WITH
    CS9                0.000      0.000    999.000    999.000
    CS10               0.000      0.000    999.000    999.000
    CS11               0.000      0.000    999.000    999.000
    CS12               0.000      0.000    999.000    999.000
    CS13               0.000      0.000    999.000    999.000
    CS14               0.000      0.000    999.000    999.000
    CS15               0.000      0.000    999.000    999.000
    UT1                0.000      0.000    999.000    999.000
    UT2                0.000      0.000    999.000    999.000
    UT3                0.000      0.000    999.000    999.000
    CT                 0.000      0.000    999.000    999.000

 CS9      WITH
    CS10               0.000      0.000    999.000    999.000
    CS11               0.000      0.000    999.000    999.000
    CS12               0.000      0.000    999.000    999.000
    CS13               0.000      0.000    999.000    999.000
    CS14               0.000      0.000    999.000    999.000
    CS15               0.000      0.000    999.000    999.000
    UT1                0.000      0.000    999.000    999.000
    UT2                0.000      0.000    999.000    999.000
    UT3                0.000      0.000    999.000    999.000
    CT                 0.000      0.000    999.000    999.000

 CS10     WITH
    CS11               0.000      0.000    999.000    999.000
    CS12               0.000      0.000    999.000    999.000
    CS13               0.000      0.000    999.000    999.000
    CS14               0.000      0.000    999.000    999.000
    CS15               0.000      0.000    999.000    999.000
    UT1                0.000      0.000    999.000    999.000
    UT2                0.000      0.000    999.000    999.000
    UT3                0.000      0.000    999.000    999.000
    CT                 0.000      0.000    999.000    999.000

 CS11     WITH
    CS12               0.000      0.000    999.000    999.000
    CS13               0.000      0.000    999.000    999.000
    CS14               0.000      0.000    999.000    999.000
    CS15               0.000      0.000    999.000    999.000
    UT1                0.000      0.000    999.000    999.000
    UT2                0.000      0.000    999.000    999.000
    UT3                0.000      0.000    999.000    999.000
    CT                 0.000      0.000    999.000    999.000

 CS12     WITH
    CS13               0.000      0.000    999.000    999.000
    CS14               0.000      0.000    999.000    999.000
    CS15               0.000      0.000    999.000    999.000
    UT1                0.000      0.000    999.000    999.000
    UT2                0.000      0.000    999.000    999.000
    UT3                0.000      0.000    999.000    999.000
    CT                 0.000      0.000    999.000    999.000

 CS13     WITH
    CS14               0.000      0.000    999.000    999.000
    CS15               0.000      0.000    999.000    999.000
    UT1                0.000      0.000    999.000    999.000
    UT2                0.000      0.000    999.000    999.000
    UT3                0.000      0.000    999.000    999.000
    CT                 0.000      0.000    999.000    999.000

 CS14     WITH
    CS15               0.000      0.000    999.000    999.000
    UT1                0.000      0.000    999.000    999.000
    UT2                0.000      0.000    999.000    999.000
    UT3                0.000      0.000    999.000    999.000
    CT                 0.000      0.000    999.000    999.000

 CS15     WITH
    UT1                0.000      0.000    999.000    999.000
    UT2                0.000      0.000    999.000    999.000
    UT3                0.000      0.000    999.000    999.000
    CT                 0.000      0.000    999.000    999.000

 UT1      WITH
    UT2                0.000      0.000    999.000    999.000
    UT3                0.000      0.000    999.000    999.000
    CT                 0.000      0.000    999.000    999.000

 UT2      WITH
    UT3                0.000      0.000    999.000    999.000
    CT                 0.000      0.000    999.000    999.000

 UT3      WITH
    CT                 0.000      0.000    999.000    999.000

 Intercepts
    Y11                2.060      0.136     15.141      0.000
    Y21                2.720      0.124     21.943      0.000
    Y31                3.166      0.155     20.419      0.000
    Y12                2.060      0.136     15.141      0.000
    Y22                2.720      0.124     21.943      0.000
    Y32                3.166      0.155     20.419      0.000
    Y13                2.060      0.136     15.141      0.000
    Y23                2.720      0.124     21.943      0.000
    Y33                3.166      0.155     20.419      0.000
    Y14                2.060      0.136     15.141      0.000
    Y24                2.720      0.124     21.943      0.000
    Y34                3.166      0.155     20.419      0.000
    Y15                2.060      0.136     15.141      0.000
    Y25                2.720      0.124     21.943      0.000
    Y35                3.166      0.155     20.419      0.000
    Y16                2.060      0.136     15.141      0.000
    Y26                2.720      0.124     21.943      0.000
    Y36                3.166      0.155     20.419      0.000
    Y17                2.060      0.136     15.141      0.000
    Y27                2.720      0.124     21.943      0.000
    Y37                3.166      0.155     20.419      0.000
    Y18                2.060      0.136     15.141      0.000
    Y28                2.720      0.124     21.943      0.000
    Y38                3.166      0.155     20.419      0.000
    Y19                2.060      0.136     15.141      0.000
    Y29                2.720      0.124     21.943      0.000
    Y39                3.166      0.155     20.419      0.000
    Y110               2.060      0.136     15.141      0.000
    Y210               2.720      0.124     21.943      0.000
    Y310               3.166      0.155     20.419      0.000
    Y111               2.060      0.136     15.141      0.000
    Y211               2.720      0.124     21.943      0.000
    Y311               3.166      0.155     20.419      0.000
    Y112               2.060      0.136     15.141      0.000
    Y212               2.720      0.124     21.943      0.000
    Y312               3.166      0.155     20.419      0.000
    Y113               2.060      0.136     15.141      0.000
    Y213               2.720      0.124     21.943      0.000
    Y313               3.166      0.155     20.419      0.000
    Y114               2.060      0.136     15.141      0.000
    Y214               2.720      0.124     21.943      0.000
    Y314               3.166      0.155     20.419      0.000
    Y115               2.060      0.136     15.141      0.000
    Y215               2.720      0.124     21.943      0.000
    Y315               3.166      0.155     20.419      0.000

 Variances
    CS1                2.009      0.120     16.741      0.000
    CS2                2.009      0.120     16.741      0.000
    CS3                2.009      0.120     16.741      0.000
    CS4                2.009      0.120     16.741      0.000
    CS5                2.009      0.120     16.741      0.000
    CS6                2.009      0.120     16.741      0.000
    CS7                2.009      0.120     16.741      0.000
    CS8                2.009      0.120     16.741      0.000
    CS9                2.009      0.120     16.741      0.000
    CS10               2.009      0.120     16.741      0.000
    CS11               2.009      0.120     16.741      0.000
    CS12               2.009      0.120     16.741      0.000
    CS13               2.009      0.120     16.741      0.000
    CS14               2.009      0.120     16.741      0.000
    CS15               2.009      0.120     16.741      0.000
    CT                 1.206      0.290      4.161      0.000
    UT1                0.444      0.161      2.756      0.006
    UT2                0.922      0.150      6.131      0.000
    UT3                0.409      0.211      1.938      0.053

 Residual Variances
    Y11                1.005      0.066     15.307      0.000
    Y21                0.484      0.024     20.284      0.000
    Y31                1.552      0.113     13.708      0.000
    Y12                1.005      0.066     15.307      0.000
    Y22                0.484      0.024     20.284      0.000
    Y32                1.552      0.113     13.708      0.000
    Y13                1.005      0.066     15.307      0.000
    Y23                0.484      0.024     20.284      0.000
    Y33                1.552      0.113     13.708      0.000
    Y14                1.005      0.066     15.307      0.000
    Y24                0.484      0.024     20.284      0.000
    Y34                1.552      0.113     13.708      0.000
    Y15                1.005      0.066     15.307      0.000
    Y25                0.484      0.024     20.284      0.000
    Y35                1.552      0.113     13.708      0.000
    Y16                1.005      0.066     15.307      0.000
    Y26                0.484      0.024     20.284      0.000
    Y36                1.552      0.113     13.708      0.000
    Y17                1.005      0.066     15.307      0.000
    Y27                0.484      0.024     20.284      0.000
    Y37                1.552      0.113     13.708      0.000
    Y18                1.005      0.066     15.307      0.000
    Y28                0.484      0.024     20.284      0.000
    Y38                1.552      0.113     13.708      0.000
    Y19                1.005      0.066     15.307      0.000
    Y29                0.484      0.024     20.284      0.000
    Y39                1.552      0.113     13.708      0.000
    Y110               1.005      0.066     15.307      0.000
    Y210               0.484      0.024     20.284      0.000
    Y310               1.552      0.113     13.708      0.000
    Y111               1.005      0.066     15.307      0.000
    Y211               0.484      0.024     20.284      0.000
    Y311               1.552      0.113     13.708      0.000
    Y112               1.005      0.066     15.307      0.000
    Y212               0.484      0.024     20.284      0.000
    Y312               1.552      0.113     13.708      0.000
    Y113               1.005      0.066     15.307      0.000
    Y213               0.484      0.024     20.284      0.000
    Y313               1.552      0.113     13.708      0.000
    Y114               1.005      0.066     15.307      0.000
    Y214               0.484      0.024     20.284      0.000
    Y314               1.552      0.113     13.708      0.000
    Y115               1.005      0.066     15.307      0.000
    Y215               0.484      0.024     20.284      0.000
    Y315               1.552      0.113     13.708      0.000


QUALITY OF NUMERICAL RESULTS

     Condition Number for the Information Matrix              0.173E-02
       (ratio of smallest to largest eigenvalue)


     Beginning Time:  14:44:57
        Ending Time:  14:44:59
       Elapsed Time:  00:00:02



MUTHEN & MUTHEN
3463 Stoner Ave.
Los Angeles, CA  90066

Tel: (310) 391-9971
Fax: (310) 391-8971
Web: www.StatModel.com
Support: Support@StatModel.com

Copyright (c) 1998-2017 Muthen & Muthen
