Mplus VERSION 8
MUTHEN & MUTHEN
02/19/2019  10:33 AM

INPUT INSTRUCTIONS

  TITLE: Your title goes here
  DATA: FILE = "Mplus_files_Results/cuts_wide_n100_i3_nt5_na0.1.dat";
  VARIABLE:
  NAMES = subjn y11 y21 y31 y12 y22 y32 y13 y23 y33 y14 y24 y34 y15 y25 y35;
  MISSING=.;
  USEVAR = y11
  y21
  y31
  y12
  y22
  y32
  y13
  y23
  y33
  y14
  y24
  y34
  y15
  y25
  y35 ;


  ANALYSIS:
  TYPE = GENERAL ;
  ESTIMATOR = ML ;
  ITERATIONS = 50000 ;
  H1ITERATIONS = 50000 ;


  MODEL:

  ! common states
  CS1 BY y11@1
  y21 (lcs21)
  y31 (lcs31) ;
  CS2 BY y12@1
  y22 (lcs21)
  y32 (lcs31) ;
  CS3 BY y13@1
  y23 (lcs21)
  y33 (lcs31) ;
  CS4 BY y14@1
  y24 (lcs21)
  y34 (lcs31) ;
  CS5 BY y15@1
  y25 (lcs21)
  y35 (lcs31) ;

  ! common trait
  CT BY y11@1
  y21 (lct21)
  y31 (lct31)
  y12@1
  y22 (lct21)
  y32 (lct31)
  y13@1
  y23 (lct21)
  y33 (lct31)
  y14@1
  y24 (lct21)
  y34 (lct31)
  y15@1
  y25 (lct21)
  y35 (lct31) ;

  ! unique trait
  UT1 BY y11@1
  y12@1
  y13@1
  y14@1
  y15@1 ;
  UT2 BY y21@1
  y22@1
  y23@1
  y24@1
  y25@1 ;
  UT3 BY y31@1
  y32@1
  y33@1
  y34@1
  y35@1 ;

  ! Intercepts and means
  [y11*] (ins11) ;
  [y21*] (ins21) ;
  [y31*] (ins31) ;
  [y12*] (ins11) ;
  [y22*] (ins21) ;
  [y32*] (ins31) ;
  [y13*] (ins11) ;
  [y23*] (ins21) ;
  [y33*] (ins31) ;
  [y14*] (ins11) ;
  [y24*] (ins21) ;
  [y34*] (ins31) ;
  [y15*] (ins11) ;
  [y25*] (ins21) ;
  [y35*] (ins31) ;




  ! Set 0 covariances
  CS1 WITH CS2@0
  CS3@0
  CS4@0
  CS5@0
  UT1@0
  UT2@0
  UT3@0
  CT@0 ;
  CS2 WITH CS3@0
  CS4@0
  CS5@0
  UT1@0
  UT2@0
  UT3@0
  CT@0 ;
  CS3 WITH CS4@0
  CS5@0
  UT1@0
  UT2@0
  UT3@0
  CT@0 ;
  CS4 WITH CS5@0
  UT1@0
  UT2@0
  UT3@0
  CT@0 ;
  CS5 WITH UT1@0
  UT2@0
  UT3@0
  CT@0 ;
  UT1 WITH UT2@0
  UT3@0
  CT@0 ;
  UT2 WITH UT3@0
  CT@0 ;
  UT3 WITH CT@0 ;

  ! Variance components
  y11 (err11) ;
  y21 (err21) ;
  y31 (err31) ;
  y12 (err11) ;
  y22 (err21) ;
  y32 (err31) ;
  y13 (err11) ;
  y23 (err21) ;
  y33 (err31) ;
  y14 (err11) ;
  y24 (err21) ;
  y34 (err31) ;
  y15 (err11) ;
  y25 (err21) ;
  y35 (err31) ;
  CS1 (cs_var1) ;
  CS2 (cs_var1) ;
  CS3 (cs_var1) ;
  CS4 (cs_var1) ;
  CS5 (cs_var1) ;
  UT1 (ut_var1) ;
  UT2 (ut_var2) ;
  UT3 (ut_var3) ;
  CT (ct_var) ;



INPUT READING TERMINATED NORMALLY



Your title goes here

SUMMARY OF ANALYSIS

Number of groups                                                 1
Number of observations                                         100

Number of dependent variables                                   15
Number of independent variables                                  0
Number of continuous latent variables                            9

Observed dependent variables

  Continuous
   Y11         Y21         Y31         Y12         Y22         Y32
   Y13         Y23         Y33         Y14         Y24         Y34
   Y15         Y25         Y35

Continuous latent variables
   CS1         CS2         CS3         CS4         CS5         CT
   UT1         UT2         UT3


Estimator                                                       ML
Information matrix                                        OBSERVED
Maximum number of iterations                                 50000
Convergence criterion                                    0.500D-04
Maximum number of steepest descent iterations                   20
Maximum number of iterations for H1                          50000
Convergence criterion for H1                             0.100D-03

Input data file(s)
  Mplus_files_Results/cuts_wide_n100_i3_nt5_na0.1.dat

Input data format  FREE


SUMMARY OF DATA

     Number of missing data patterns            52


COVARIANCE COVERAGE OF DATA

Minimum covariance coverage value   0.100


     PROPORTION OF DATA PRESENT


           Covariance Coverage
              Y11           Y21           Y31           Y12           Y22
              ________      ________      ________      ________      ________
 Y11            0.870
 Y21            0.750         0.860
 Y31            0.760         0.750         0.860
 Y12            0.820         0.800         0.810         0.940
 Y22            0.780         0.790         0.780         0.850         0.900
 Y32            0.790         0.770         0.770         0.840         0.800
 Y13            0.770         0.750         0.750         0.840         0.800
 Y23            0.810         0.810         0.800         0.860         0.840
 Y33            0.790         0.780         0.770         0.870         0.820
 Y14            0.810         0.790         0.790         0.880         0.820
 Y24            0.780         0.780         0.780         0.860         0.810
 Y34            0.790         0.780         0.780         0.850         0.820
 Y15            0.830         0.850         0.830         0.900         0.860
 Y25            0.820         0.810         0.810         0.900         0.850
 Y35            0.750         0.740         0.740         0.790         0.780


           Covariance Coverage
              Y32           Y13           Y23           Y33           Y14
              ________      ________      ________      ________      ________
 Y32            0.900
 Y13            0.810         0.890
 Y23            0.830         0.820         0.920
 Y33            0.820         0.810         0.830         0.910
 Y14            0.830         0.830         0.850         0.850         0.920
 Y24            0.810         0.820         0.830         0.830         0.840
 Y34            0.820         0.810         0.830         0.820         0.840
 Y15            0.870         0.850         0.880         0.870         0.880
 Y25            0.850         0.840         0.870         0.870         0.880
 Y35            0.750         0.750         0.770         0.780         0.800


           Covariance Coverage
              Y24           Y34           Y15           Y25           Y35
              ________      ________      ________      ________      ________
 Y24            0.910
 Y34            0.830         0.910
 Y15            0.870         0.870         0.960
 Y25            0.860         0.860         0.910         0.950
 Y35            0.770         0.750         0.810         0.800         0.840



UNIVARIATE SAMPLE STATISTICS


     UNIVARIATE HIGHER-ORDER MOMENT DESCRIPTIVE STATISTICS

         Variable/         Mean/     Skewness/   Minimum/ % with                Percentiles
        Sample Size      Variance    Kurtosis    Maximum  Min/Max      20%/60%    40%/80%    Median

     Y11                   2.257      -0.218      -2.828    1.15%       0.004      1.670      2.393
              87.000       5.272      -0.824       7.006    1.15%       3.035      4.474
     Y21                   2.696       0.000      -0.979    1.16%       1.157      2.353      3.054
              86.000       2.475      -0.278       6.809    1.16%       3.199      3.862
     Y31                   3.030       0.031      -3.974    1.16%      -0.012      2.280      3.383
              86.000       8.489      -0.416      10.757    1.16%       3.896      5.402
     Y12                   2.004       0.514      -3.045    1.06%       0.375      1.296      2.014
              94.000       4.168       0.884       8.761    1.06%       2.248      3.331
     Y22                   2.811       0.349      -0.834    1.11%       1.512      2.455      2.714
              90.000       2.507       0.724       7.917    1.11%       3.129      3.830
     Y32                   3.340       0.635      -1.468    1.11%       1.559      2.516      3.198
              90.000       5.747       0.925      11.230    1.11%       3.779      5.218
     Y13                   2.177       0.061      -3.246    1.12%       0.205      1.613      2.250
              89.000       4.399      -0.233       8.289    1.12%       2.864      4.020
     Y23                   2.773       0.163      -0.656    1.09%       1.310      2.304      2.709
              92.000       2.507      -0.360       6.968    1.09%       3.195      4.235
     Y33                   3.118       0.259      -2.135    1.10%       1.066      2.405      3.032
              91.000       6.238      -0.090       9.458    1.10%       3.403      5.382
     Y14                   1.985       0.476      -4.090    1.09%       0.366      1.487      1.953
              92.000       5.813       1.485       9.535    1.09%       2.408      3.240
     Y24                   2.831       0.003      -1.228    1.10%       1.675      2.409      2.767
              91.000       2.196       0.369       7.217    1.10%       3.082      4.101
     Y34                   3.087      -0.380      -6.433    1.10%       0.612      2.502      3.291
              91.000       9.106       0.910      10.799    1.10%       3.787      5.651
     Y15                   2.175      -0.070      -3.908    1.04%       0.504      1.844      2.371
              96.000       4.681       0.244       7.554    1.04%       2.691      3.767
     Y25                   2.748       0.627      -0.460    1.05%       1.284      2.306      2.509
              95.000       2.722       0.307       7.277    1.05%       3.035      3.779
     Y35                   3.091       0.087      -1.814    1.19%       0.798      2.585      3.169
              84.000       6.110      -0.188       9.798    1.19%       3.792      4.757


THE MODEL ESTIMATION TERMINATED NORMALLY



MODEL FIT INFORMATION

Number of Free Parameters                       15

Loglikelihood

          H0 Value                       -2507.039
          H1 Value                       -2444.063

Information Criteria

          Akaike (AIC)                    5044.077
          Bayesian (BIC)                  5083.155
          Sample-Size Adjusted BIC        5035.781
            (n* = (n + 2) / 24)

Chi-Square Test of Model Fit

          Value                            125.952
          Degrees of Freedom                   120
          P-Value                           0.3369

RMSEA (Root Mean Square Error Of Approximation)

          Estimate                           0.022
          90 Percent C.I.                    0.000  0.055
          Probability RMSEA <= .05           0.903

CFI/TLI

          CFI                                0.993
          TLI                                0.994

Chi-Square Test of Model Fit for the Baseline Model

          Value                            947.981
          Degrees of Freedom                   105
          P-Value                           0.0000

SRMR (Standardized Root Mean Square Residual)

          Value                              0.088



MODEL RESULTS

                                                    Two-Tailed
                    Estimate       S.E.  Est./S.E.    P-Value

 CS1      BY
    Y11                1.000      0.000    999.000    999.000
    Y21                0.505      0.044     11.601      0.000
    Y31                1.500      0.123     12.154      0.000

 CS2      BY
    Y12                1.000      0.000    999.000    999.000
    Y22                0.505      0.044     11.601      0.000
    Y32                1.500      0.123     12.154      0.000

 CS3      BY
    Y13                1.000      0.000    999.000    999.000
    Y23                0.505      0.044     11.601      0.000
    Y33                1.500      0.123     12.154      0.000

 CS4      BY
    Y14                1.000      0.000    999.000    999.000
    Y24                0.505      0.044     11.601      0.000
    Y34                1.500      0.123     12.154      0.000

 CS5      BY
    Y15                1.000      0.000    999.000    999.000
    Y25                0.505      0.044     11.601      0.000
    Y35                1.500      0.123     12.154      0.000

 CT       BY
    Y11                1.000      0.000    999.000    999.000
    Y21                0.574      0.111      5.148      0.000
    Y31                0.993      0.144      6.913      0.000
    Y12                1.000      0.000    999.000    999.000
    Y22                0.574      0.111      5.148      0.000
    Y32                0.993      0.144      6.913      0.000
    Y13                1.000      0.000    999.000    999.000
    Y23                0.574      0.111      5.148      0.000
    Y33                0.993      0.144      6.913      0.000
    Y14                1.000      0.000    999.000    999.000
    Y24                0.574      0.111      5.148      0.000
    Y34                0.993      0.144      6.913      0.000
    Y15                1.000      0.000    999.000    999.000
    Y25                0.574      0.111      5.148      0.000
    Y35                0.993      0.144      6.913      0.000

 UT1      BY
    Y11                1.000      0.000    999.000    999.000
    Y12                1.000      0.000    999.000    999.000
    Y13                1.000      0.000    999.000    999.000
    Y14                1.000      0.000    999.000    999.000
    Y15                1.000      0.000    999.000    999.000

 UT2      BY
    Y21                1.000      0.000    999.000    999.000
    Y22                1.000      0.000    999.000    999.000
    Y23                1.000      0.000    999.000    999.000
    Y24                1.000      0.000    999.000    999.000
    Y25                1.000      0.000    999.000    999.000

 UT3      BY
    Y31                1.000      0.000    999.000    999.000
    Y32                1.000      0.000    999.000    999.000
    Y33                1.000      0.000    999.000    999.000
    Y34                1.000      0.000    999.000    999.000
    Y35                1.000      0.000    999.000    999.000

 CS1      WITH
    CS2                0.000      0.000    999.000    999.000
    CS3                0.000      0.000    999.000    999.000
    CS4                0.000      0.000    999.000    999.000
    CS5                0.000      0.000    999.000    999.000
    UT1                0.000      0.000    999.000    999.000
    UT2                0.000      0.000    999.000    999.000
    UT3                0.000      0.000    999.000    999.000
    CT                 0.000      0.000    999.000    999.000

 CS2      WITH
    CS3                0.000      0.000    999.000    999.000
    CS4                0.000      0.000    999.000    999.000
    CS5                0.000      0.000    999.000    999.000
    UT1                0.000      0.000    999.000    999.000
    UT2                0.000      0.000    999.000    999.000
    UT3                0.000      0.000    999.000    999.000
    CT                 0.000      0.000    999.000    999.000

 CS3      WITH
    CS4                0.000      0.000    999.000    999.000
    CS5                0.000      0.000    999.000    999.000
    UT1                0.000      0.000    999.000    999.000
    UT2                0.000      0.000    999.000    999.000
    UT3                0.000      0.000    999.000    999.000
    CT                 0.000      0.000    999.000    999.000

 CS4      WITH
    CS5                0.000      0.000    999.000    999.000
    UT1                0.000      0.000    999.000    999.000
    UT2                0.000      0.000    999.000    999.000
    UT3                0.000      0.000    999.000    999.000
    CT                 0.000      0.000    999.000    999.000

 CS5      WITH
    UT1                0.000      0.000    999.000    999.000
    UT2                0.000      0.000    999.000    999.000
    UT3                0.000      0.000    999.000    999.000
    CT                 0.000      0.000    999.000    999.000

 UT1      WITH
    UT2                0.000      0.000    999.000    999.000
    UT3                0.000      0.000    999.000    999.000
    CT                 0.000      0.000    999.000    999.000

 UT2      WITH
    UT3                0.000      0.000    999.000    999.000
    CT                 0.000      0.000    999.000    999.000

 UT3      WITH
    CT                 0.000      0.000    999.000    999.000

 Intercepts
    Y11                2.057      0.159     12.920      0.000
    Y21                2.781      0.128     21.749      0.000
    Y31                3.076      0.178     17.307      0.000
    Y12                2.057      0.159     12.920      0.000
    Y22                2.781      0.128     21.749      0.000
    Y32                3.076      0.178     17.307      0.000
    Y13                2.057      0.159     12.920      0.000
    Y23                2.781      0.128     21.749      0.000
    Y33                3.076      0.178     17.307      0.000
    Y14                2.057      0.159     12.920      0.000
    Y24                2.781      0.128     21.749      0.000
    Y34                3.076      0.178     17.307      0.000
    Y15                2.057      0.159     12.920      0.000
    Y25                2.781      0.128     21.749      0.000
    Y35                3.076      0.178     17.307      0.000

 Variances
    CS1                1.833      0.244      7.517      0.000
    CS2                1.833      0.244      7.517      0.000
    CS3                1.833      0.244      7.517      0.000
    CS4                1.833      0.244      7.517      0.000
    CS5                1.833      0.244      7.517      0.000
    CT                 1.711      0.411      4.164      0.000
    UT1                0.178      0.209      0.851      0.395
    UT2                0.838      0.154      5.440      0.000
    UT3                0.412      0.224      1.837      0.066

 Residual Variances
    Y11                1.222      0.155      7.882      0.000
    Y21                0.616      0.056     10.980      0.000
    Y31                0.835      0.284      2.943      0.003
    Y12                1.222      0.155      7.882      0.000
    Y22                0.616      0.056     10.980      0.000
    Y32                0.835      0.284      2.943      0.003
    Y13                1.222      0.155      7.882      0.000
    Y23                0.616      0.056     10.980      0.000
    Y33                0.835      0.284      2.943      0.003
    Y14                1.222      0.155      7.882      0.000
    Y24                0.616      0.056     10.980      0.000
    Y34                0.835      0.284      2.943      0.003
    Y15                1.222      0.155      7.882      0.000
    Y25                0.616      0.056     10.980      0.000
    Y35                0.835      0.284      2.943      0.003


QUALITY OF NUMERICAL RESULTS

     Condition Number for the Information Matrix              0.550E-02
       (ratio of smallest to largest eigenvalue)


     Beginning Time:  10:33:30
        Ending Time:  10:33:30
       Elapsed Time:  00:00:00



MUTHEN & MUTHEN
3463 Stoner Ave.
Los Angeles, CA  90066

Tel: (310) 391-9971
Fax: (310) 391-8971
Web: www.StatModel.com
Support: Support@StatModel.com

Copyright (c) 1998-2017 Muthen & Muthen
