Mplus VERSION 8
MUTHEN & MUTHEN
02/16/2019   4:20 AM

INPUT INSTRUCTIONS

  TITLE: Your title goes here
  DATA: FILE = "Mplus_files_Results/cuts_long_trunc_n50_i4_nt5_na0.dat";
  VARIABLE:
  NAMES = subjn time y1 y2 y3 y4;
  MISSING=.;
  USEVAR = y1
  y2
  y3
  y4 ;
  CLUSTER = subjn ;

  ANALYSIS:
  TYPE = TWOLEVEL ;
  ESTIMATOR = ML ;
  ITERATIONS = 50000 ;
  H1ITERATIONS = 50000 ;


  MODEL:

  %WITHIN%

  ! common states
  CS BY y1@1
  y2 (lcs2)
  y3 (lcs3)
  y4 (lcs4) ;

  %BETWEEN%

  ! common trait
  CT BY y1@1
  y2 (lct2)
  y3 (lct3)
  y4 (lct4) ;



*** WARNING
  One or more individual-level variables have no variation within a
  cluster for the following clusters.

     Variable   Cluster IDs with no within-cluster variation

      Y1          26

   1 WARNING(S) FOUND IN THE INPUT INSTRUCTIONS



Your title goes here

SUMMARY OF ANALYSIS

Number of groups                                                 1
Number of observations                                         250

Number of dependent variables                                    4
Number of independent variables                                  0
Number of continuous latent variables                            2

Observed dependent variables

  Continuous
   Y1          Y2          Y3          Y4

Continuous latent variables
   CS          CT

Variables with special functions

  Cluster variable      SUBJN

Estimator                                                       ML
Information matrix                                        OBSERVED
Maximum number of iterations                                 50000
Convergence criterion                                    0.100D-05
Maximum number of EM iterations                                500
Convergence criteria for the EM algorithm
  Loglikelihood change                                   0.100D-02
  Relative loglikelihood change                          0.100D-05
  Derivative                                             0.100D-03
Minimum variance                                         0.100D-03
Maximum number of steepest descent iterations                   20
Maximum number of iterations for H1                          50000
Convergence criterion for H1                             0.100D-03
Optimization algorithm                                         EMA

Input data file(s)
  Mplus_files_Results/cuts_long_trunc_n50_i4_nt5_na0.dat
Input data format  FREE


SUMMARY OF DATA

     Number of missing data patterns             1
     Number of clusters                         50

     Average cluster size        5.000

     Estimated Intraclass Correlations for the Y Variables

                Intraclass              Intraclass              Intraclass
     Variable  Correlation   Variable  Correlation   Variable  Correlation

     Y1           0.406      Y2           0.620      Y3           0.306
     Y4           0.461



COVARIANCE COVERAGE OF DATA

Minimum covariance coverage value   0.100


     PROPORTION OF DATA PRESENT


           Covariance Coverage
              Y1            Y2            Y3            Y4
              ________      ________      ________      ________
 Y1             1.000
 Y2             1.000         1.000
 Y3             1.000         1.000         1.000
 Y4             1.000         1.000         1.000         1.000



UNIVARIATE SAMPLE STATISTICS


     UNIVARIATE HIGHER-ORDER MOMENT DESCRIPTIVE STATISTICS

         Variable/         Mean/     Skewness/   Minimum/ % with                Percentiles
        Sample Size      Variance    Kurtosis    Maximum  Min/Max      20%/60%    40%/80%    Median

     Y1                    1.856       0.237      -3.000    0.80%       0.000      1.000      2.000
             250.000       3.931      -0.428       7.000    0.80%       2.000      4.000
     Y2                    1.968       0.231      -2.000    0.40%       0.000      1.000      2.000
             250.000       2.479      -0.495       7.000    0.40%       2.000      3.000
     Y3                    2.848      -0.109      -5.000    0.80%       0.000      2.000      3.000
             250.000       6.521       0.011       9.000    0.40%       3.000      5.000
     Y4                    3.188      -0.164      -3.000    0.40%       1.000      3.000      3.000
             250.000       3.497      -0.193       8.000    0.80%       4.000      5.000


THE MODEL ESTIMATION TERMINATED NORMALLY



MODEL FIT INFORMATION

Number of Free Parameters                       20

Loglikelihood

          H0 Value                       -1730.354
          H1 Value                       -1729.613

Information Criteria

          Akaike (AIC)                    3500.708
          Bayesian (BIC)                  3571.137
          Sample-Size Adjusted BIC        3507.735
            (n* = (n + 2) / 24)

Chi-Square Test of Model Fit

          Value                              1.482
          Degrees of Freedom                     4
          P-Value                           0.8299

RMSEA (Root Mean Square Error Of Approximation)

          Estimate                           0.000

CFI/TLI

          CFI                                1.000
          TLI                                1.018

Chi-Square Test of Model Fit for the Baseline Model

          Value                            438.193
          Degrees of Freedom                    12
          P-Value                           0.0000

SRMR (Standardized Root Mean Square Residual)

          Value for Within                   0.011
          Value for Between                  0.002



MODEL RESULTS

                                                    Two-Tailed
                    Estimate       S.E.  Est./S.E.    P-Value

Within Level

 CS       BY
    Y1                 1.000      0.000    999.000    999.000
    Y2                 0.509      0.058      8.845      0.000
    Y3                 1.439      0.123     11.652      0.000
    Y4                 0.903      0.081     11.111      0.000

 Variances
    CS                 1.473      0.234      6.305      0.000

 Residual Variances
    Y1                 0.863      0.122      7.058      0.000
    Y2                 0.560      0.063      8.851      0.000
    Y3                 1.476      0.228      6.475      0.000
    Y4                 0.685      0.099      6.945      0.000

Between Level

 CT       BY
    Y1                 1.000      0.000    999.000    999.000
    Y2                 0.783      0.205      3.810      0.000
    Y3                 1.387      0.244      5.687      0.000
    Y4                 0.932      0.205      4.541      0.000

 Intercepts
    Y1                 1.856      0.203      9.139      0.000
    Y2                 1.968      0.186     10.593      0.000
    Y3                 2.848      0.241     11.826      0.000
    Y4                 3.188      0.199     15.982      0.000

 Variances
    CT                 1.030      0.402      2.562      0.010

 Residual Variances
    Y1                 0.565      0.188      3.013      0.003
    Y2                 0.906      0.227      4.000      0.000
    Y3                 0.014      0.221      0.064      0.949
    Y4                 0.718      0.201      3.575      0.000


QUALITY OF NUMERICAL RESULTS

     Condition Number for the Information Matrix              0.293E-02
       (ratio of smallest to largest eigenvalue)


     Beginning Time:  04:20:24
        Ending Time:  04:20:25
       Elapsed Time:  00:00:01



MUTHEN & MUTHEN
3463 Stoner Ave.
Los Angeles, CA  90066

Tel: (310) 391-9971
Fax: (310) 391-8971
Web: www.StatModel.com
Support: Support@StatModel.com

Copyright (c) 1998-2017 Muthen & Muthen
