Mplus VERSION 8
MUTHEN & MUTHEN
02/19/2019  11:10 AM

INPUT INSTRUCTIONS

  TITLE: Your title goes here
  DATA: FILE = "Mplus_files_Results/cuts_long_n100_i3_nt30_na0.1.dat";
  VARIABLE:
  NAMES = subjn time y1 y2 y3;
  MISSING=.;
  USEVAR = y1
  y2
  y3 ;
  CLUSTER = subjn ;

  ANALYSIS:
  TYPE = TWOLEVEL ;
  ESTIMATOR = ML ;
  ITERATIONS = 50000 ;
  H1ITERATIONS = 50000 ;


  MODEL:

  %WITHIN%

  ! common states
  CS BY y1@1
  y2 (lcs2)
  y3 (lcs3) ;

  %BETWEEN%

  ! common trait
  CT BY y1@1
  y2 (lct2)
  y3 (lct3) ;



*** WARNING
  Data set contains cases with missing on all variables.
  These cases were not included in the analysis.
  Number of cases with missing on all variables:  8
   1 WARNING(S) FOUND IN THE INPUT INSTRUCTIONS



Your title goes here

SUMMARY OF ANALYSIS

Number of groups                                                 1
Number of observations                                        2992

Number of dependent variables                                    3
Number of independent variables                                  0
Number of continuous latent variables                            2

Observed dependent variables

  Continuous
   Y1          Y2          Y3

Continuous latent variables
   CS          CT

Variables with special functions

  Cluster variable      SUBJN

Estimator                                                       ML
Information matrix                                        OBSERVED
Maximum number of iterations                                 50000
Convergence criterion                                    0.100D-05
Maximum number of EM iterations                                500
Convergence criteria for the EM algorithm
  Loglikelihood change                                   0.100D-02
  Relative loglikelihood change                          0.100D-05
  Derivative                                             0.100D-03
Minimum variance                                         0.100D-03
Maximum number of steepest descent iterations                   20
Maximum number of iterations for H1                          50000
Convergence criterion for H1                             0.100D-03
Optimization algorithm                                         EMA

Input data file(s)
  Mplus_files_Results/cuts_long_n100_i3_nt30_na0.1.dat
Input data format  FREE


SUMMARY OF DATA

     Number of missing data patterns             7
     Number of clusters                        100

     Average cluster size       29.920

     Estimated Intraclass Correlations for the Y Variables

                Intraclass              Intraclass              Intraclass
     Variable  Correlation   Variable  Correlation   Variable  Correlation

     Y1           0.354      Y2           0.592      Y3           0.305



COVARIANCE COVERAGE OF DATA

Minimum covariance coverage value   0.100


     PROPORTION OF DATA PRESENT


           Covariance Coverage
              Y1            Y2            Y3
              ________      ________      ________
 Y1             0.893
 Y2             0.807         0.906
 Y3             0.808         0.818         0.904



UNIVARIATE SAMPLE STATISTICS


     UNIVARIATE HIGHER-ORDER MOMENT DESCRIPTIVE STATISTICS

         Variable/         Mean/     Skewness/   Minimum/ % with                Percentiles
        Sample Size      Variance    Kurtosis    Maximum  Min/Max      20%/60%    40%/80%    Median

     Y1                    2.032      -0.014      -5.721    0.04%       0.135      1.479      2.017
            2672.000       4.791      -0.086       9.508    0.04%       2.563      3.943
     Y2                    2.703       0.198      -2.628    0.04%       1.376      2.279      2.668
            2711.000       2.535       0.234       8.749    0.04%       3.069      3.975
     Y3                    3.114       0.065      -5.711    0.04%       0.848      2.376      3.085
            2705.000       7.054      -0.056      12.534    0.04%       3.790      5.362


THE MODEL ESTIMATION TERMINATED NORMALLY



MODEL FIT INFORMATION

Number of Free Parameters                       15

Loglikelihood

          H0 Value                      -14167.881
          H1 Value                      -14167.881

Information Criteria

          Akaike (AIC)                   28365.762
          Bayesian (BIC)                 28455.817
          Sample-Size Adjusted BIC       28408.157
            (n* = (n + 2) / 24)

Chi-Square Test of Model Fit

          Value                              0.000
          Degrees of Freedom                     0
          P-Value                           0.0000

RMSEA (Root Mean Square Error Of Approximation)

          Estimate                           0.000

CFI/TLI

          CFI                                1.000
          TLI                                1.000

Chi-Square Test of Model Fit for the Baseline Model

          Value                           2916.358
          Degrees of Freedom                     6
          P-Value                           0.0000

SRMR (Standardized Root Mean Square Residual)

          Value for Within                   0.000
          Value for Between                  0.000



MODEL RESULTS

                                                    Two-Tailed
                    Estimate       S.E.  Est./S.E.    P-Value

Within Level

 CS       BY
    Y1                 1.000      0.000    999.000    999.000
    Y2                 0.513      0.015     33.552      0.000
    Y3                 1.323      0.038     35.068      0.000

 Variances
    CS                 1.998      0.092     21.826      0.000

 Residual Variances
    Y1                 1.085      0.055     19.716      0.000
    Y2                 0.512      0.019     27.466      0.000
    Y3                 1.378      0.089     15.506      0.000

Between Level

 CT       BY
    Y1                 1.000      0.000    999.000    999.000
    Y2                 0.727      0.108      6.744      0.000
    Y3                 1.223      0.146      8.404      0.000

 Intercepts
    Y1                 2.037      0.134     15.182      0.000
    Y2                 2.713      0.124     21.827      0.000
    Y3                 3.122      0.152     20.507      0.000

 Variances
    CT                 1.234      0.270      4.568      0.000

 Residual Variances
    Y1                 0.456      0.136      3.361      0.001
    Y2                 0.856      0.139      6.173      0.000
    Y3                 0.301      0.181      1.666      0.096


QUALITY OF NUMERICAL RESULTS

     Condition Number for the Information Matrix              0.103E-02
       (ratio of smallest to largest eigenvalue)


     Beginning Time:  11:10:28
        Ending Time:  11:10:29
       Elapsed Time:  00:00:01



MUTHEN & MUTHEN
3463 Stoner Ave.
Los Angeles, CA  90066

Tel: (310) 391-9971
Fax: (310) 391-8971
Web: www.StatModel.com
Support: Support@StatModel.com

Copyright (c) 1998-2017 Muthen & Muthen
