Mplus VERSION 8
MUTHEN & MUTHEN
02/19/2019  10:32 AM

INPUT INSTRUCTIONS

  TITLE: Your title goes here
  DATA: FILE = "Mplus_files_Results/cuts_wide_trunc_n50_i3_nt5_na0.1.dat";
  VARIABLE:
  NAMES = subjn y11 y21 y31 y12 y22 y32 y13 y23 y33 y14 y24 y34 y15 y25 y35;
  MISSING=.;
  USEVAR = y11
  y21
  y31
  y12
  y22
  y32
  y13
  y23
  y33
  y14
  y24
  y34
  y15
  y25
  y35 ;


  ANALYSIS:
  TYPE = GENERAL ;
  ESTIMATOR = ML ;
  ITERATIONS = 50000 ;
  H1ITERATIONS = 50000 ;


  MODEL:

  ! common states
  CS1 BY y11@1
  y21 (lcs21)
  y31 (lcs31) ;
  CS2 BY y12@1
  y22 (lcs21)
  y32 (lcs31) ;
  CS3 BY y13@1
  y23 (lcs21)
  y33 (lcs31) ;
  CS4 BY y14@1
  y24 (lcs21)
  y34 (lcs31) ;
  CS5 BY y15@1
  y25 (lcs21)
  y35 (lcs31) ;

  ! common trait
  CT BY y11@1
  y21 (lct21)
  y31 (lct31)
  y12@1
  y22 (lct21)
  y32 (lct31)
  y13@1
  y23 (lct21)
  y33 (lct31)
  y14@1
  y24 (lct21)
  y34 (lct31)
  y15@1
  y25 (lct21)
  y35 (lct31) ;

  ! unique trait
  UT1 BY y11@1
  y12@1
  y13@1
  y14@1
  y15@1 ;
  UT2 BY y21@1
  y22@1
  y23@1
  y24@1
  y25@1 ;
  UT3 BY y31@1
  y32@1
  y33@1
  y34@1
  y35@1 ;

  ! Intercepts and means
  [y11*] (ins11) ;
  [y21*] (ins21) ;
  [y31*] (ins31) ;
  [y12*] (ins11) ;
  [y22*] (ins21) ;
  [y32*] (ins31) ;
  [y13*] (ins11) ;
  [y23*] (ins21) ;
  [y33*] (ins31) ;
  [y14*] (ins11) ;
  [y24*] (ins21) ;
  [y34*] (ins31) ;
  [y15*] (ins11) ;
  [y25*] (ins21) ;
  [y35*] (ins31) ;




  ! Set 0 covariances
  CS1 WITH CS2@0
  CS3@0
  CS4@0
  CS5@0
  UT1@0
  UT2@0
  UT3@0
  CT@0 ;
  CS2 WITH CS3@0
  CS4@0
  CS5@0
  UT1@0
  UT2@0
  UT3@0
  CT@0 ;
  CS3 WITH CS4@0
  CS5@0
  UT1@0
  UT2@0
  UT3@0
  CT@0 ;
  CS4 WITH CS5@0
  UT1@0
  UT2@0
  UT3@0
  CT@0 ;
  CS5 WITH UT1@0
  UT2@0
  UT3@0
  CT@0 ;
  UT1 WITH UT2@0
  UT3@0
  CT@0 ;
  UT2 WITH UT3@0
  CT@0 ;
  UT3 WITH CT@0 ;

  ! Variance components
  y11 (err11) ;
  y21 (err21) ;
  y31 (err31) ;
  y12 (err11) ;
  y22 (err21) ;
  y32 (err31) ;
  y13 (err11) ;
  y23 (err21) ;
  y33 (err31) ;
  y14 (err11) ;
  y24 (err21) ;
  y34 (err31) ;
  y15 (err11) ;
  y25 (err21) ;
  y35 (err31) ;
  CS1 (cs_var1) ;
  CS2 (cs_var1) ;
  CS3 (cs_var1) ;
  CS4 (cs_var1) ;
  CS5 (cs_var1) ;
  UT1 (ut_var1) ;
  UT2 (ut_var2) ;
  UT3 (ut_var3) ;
  CT (ct_var) ;



INPUT READING TERMINATED NORMALLY



Your title goes here

SUMMARY OF ANALYSIS

Number of groups                                                 1
Number of observations                                          50

Number of dependent variables                                   15
Number of independent variables                                  0
Number of continuous latent variables                            9

Observed dependent variables

  Continuous
   Y11         Y21         Y31         Y12         Y22         Y32
   Y13         Y23         Y33         Y14         Y24         Y34
   Y15         Y25         Y35

Continuous latent variables
   CS1         CS2         CS3         CS4         CS5         CT
   UT1         UT2         UT3


Estimator                                                       ML
Information matrix                                        OBSERVED
Maximum number of iterations                                 50000
Convergence criterion                                    0.500D-04
Maximum number of steepest descent iterations                   20
Maximum number of iterations for H1                          50000
Convergence criterion for H1                             0.100D-03

Input data file(s)
  Mplus_files_Results/cuts_wide_trunc_n50_i3_nt5_na0.1.dat

Input data format  FREE


SUMMARY OF DATA

     Number of missing data patterns            33


COVARIANCE COVERAGE OF DATA

Minimum covariance coverage value   0.100


     PROPORTION OF DATA PRESENT


           Covariance Coverage
              Y11           Y21           Y31           Y12           Y22
              ________      ________      ________      ________      ________
 Y11            0.920
 Y21            0.760         0.820
 Y31            0.740         0.700         0.820
 Y12            0.840         0.740         0.760         0.920
 Y22            0.900         0.800         0.820         0.920         0.980
 Y32            0.800         0.740         0.720         0.820         0.860
 Y13            0.880         0.780         0.780         0.860         0.920
 Y23            0.740         0.640         0.660         0.740         0.800
 Y33            0.820         0.700         0.720         0.820         0.860
 Y14            0.860         0.760         0.780         0.860         0.920
 Y24            0.860         0.780         0.760         0.860         0.920
 Y34            0.920         0.800         0.800         0.900         0.960
 Y15            0.820         0.700         0.740         0.820         0.880
 Y25            0.780         0.720         0.720         0.780         0.840
 Y35            0.860         0.740         0.740         0.840         0.900


           Covariance Coverage
              Y32           Y13           Y23           Y33           Y14
              ________      ________      ________      ________      ________
 Y32            0.880
 Y13            0.820         0.940
 Y23            0.700         0.760         0.820
 Y33            0.760         0.820         0.740         0.880
 Y14            0.820         0.880         0.780         0.820         0.940
 Y24            0.820         0.880         0.780         0.820         0.880
 Y34            0.860         0.920         0.800         0.860         0.920
 Y15            0.760         0.820         0.740         0.800         0.820
 Y25            0.740         0.800         0.720         0.740         0.820
 Y35            0.800         0.860         0.760         0.820         0.860


           Covariance Coverage
              Y24           Y34           Y15           Y25           Y35
              ________      ________      ________      ________      ________
 Y24            0.940
 Y34            0.920         0.980
 Y15            0.840         0.860         0.880
 Y25            0.800         0.840         0.760         0.860
 Y35            0.860         0.900         0.820         0.820         0.920



UNIVARIATE SAMPLE STATISTICS


     UNIVARIATE HIGHER-ORDER MOMENT DESCRIPTIVE STATISTICS

         Variable/         Mean/     Skewness/   Minimum/ % with                Percentiles
        Sample Size      Variance    Kurtosis    Maximum  Min/Max      20%/60%    40%/80%    Median

     Y11                   1.826       0.241      -2.000    2.17%       0.000      1.000      2.000
              46.000       3.970      -0.755       6.000    4.35%       2.000      4.000
     Y21                   2.049       0.414       0.000   19.51%       0.000      1.000      2.000
              41.000       2.583      -1.001       5.000    9.76%       2.000      4.000
     Y31                   3.220       0.360      -2.000    2.44%       1.000      2.000      3.000
              41.000       7.098      -0.328      10.000    2.44%       4.000      5.000
     Y12                   1.674       0.179      -2.000    2.17%       0.000      1.000      1.000
              46.000       2.481      -0.358       5.000    4.35%       2.000      3.000
     Y22                   1.735       0.389       0.000   26.53%       0.000      1.000      2.000
              49.000       1.991      -0.794       5.000    2.04%       2.000      3.000
     Y32                   2.614       0.365      -1.000    4.55%       0.000      2.000      2.000
              44.000       5.328      -0.830       8.000    2.27%       3.000      5.000
     Y13                   1.809       0.180      -2.000    2.13%       0.000      1.000      2.000
              47.000       3.346      -0.796       6.000    2.13%       2.000      4.000
     Y23                   1.902       0.288       0.000   17.07%       1.000      1.000      2.000
              41.000       1.893      -0.947       5.000    2.44%       2.000      3.000
     Y33                   3.045      -0.115      -2.000    4.55%       1.000      3.000      3.000
              44.000       5.134      -0.284       7.000   11.36%       3.000      5.000
     Y14                   1.809       0.385      -1.000   10.64%       0.000      1.000      2.000
              47.000       3.644      -0.822       6.000    2.13%       2.000      4.000
     Y24                   1.915       0.074      -1.000    4.26%       0.000      1.000      2.000
              47.000       2.418      -0.928       5.000    4.26%       2.000      3.000
     Y34                   2.408       0.057      -2.000    4.08%       0.000      2.000      3.000
              49.000       5.140      -0.847       7.000    4.08%       3.000      4.000
     Y15                   1.773       0.248      -2.000    6.82%       0.000      1.000      2.000
              44.000       3.403       0.485       7.000    2.27%       2.000      3.000
     Y25                   2.093      -0.070       0.000   20.93%       0.000      2.000      2.000
              43.000       2.084      -1.112       5.000    2.33%       3.000      3.000
     Y35                   2.783       0.434      -1.000    2.17%       1.000      1.000      2.000
              46.000       5.344      -0.911       8.000    2.17%       3.000      5.000


THE MODEL ESTIMATION TERMINATED NORMALLY



MODEL FIT INFORMATION

Number of Free Parameters                       15

Loglikelihood

          H0 Value                       -1206.725
          H1 Value                       -1148.366

Information Criteria

          Akaike (AIC)                    2443.449
          Bayesian (BIC)                  2472.130
          Sample-Size Adjusted BIC        2425.047
            (n* = (n + 2) / 24)

Chi-Square Test of Model Fit

          Value                            116.718
          Degrees of Freedom                   120
          P-Value                           0.5678

RMSEA (Root Mean Square Error Of Approximation)

          Estimate                           0.000
          90 Percent C.I.                    0.000  0.066
          Probability RMSEA <= .05           0.856

CFI/TLI

          CFI                                1.000
          TLI                                1.008

Chi-Square Test of Model Fit for the Baseline Model

          Value                            450.624
          Degrees of Freedom                   105
          P-Value                           0.0000

SRMR (Standardized Root Mean Square Residual)

          Value                              0.121



MODEL RESULTS

                                                    Two-Tailed
                    Estimate       S.E.  Est./S.E.    P-Value

 CS1      BY
    Y11                1.000      0.000    999.000    999.000
    Y21                0.564      0.076      7.416      0.000
    Y31                1.582      0.211      7.511      0.000

 CS2      BY
    Y12                1.000      0.000    999.000    999.000
    Y22                0.564      0.076      7.416      0.000
    Y32                1.582      0.211      7.511      0.000

 CS3      BY
    Y13                1.000      0.000    999.000    999.000
    Y23                0.564      0.076      7.416      0.000
    Y33                1.582      0.211      7.511      0.000

 CS4      BY
    Y14                1.000      0.000    999.000    999.000
    Y24                0.564      0.076      7.416      0.000
    Y34                1.582      0.211      7.511      0.000

 CS5      BY
    Y15                1.000      0.000    999.000    999.000
    Y25                0.564      0.076      7.416      0.000
    Y35                1.582      0.211      7.511      0.000

 CT       BY
    Y11                1.000      0.000    999.000    999.000
    Y21                0.957      0.370      2.589      0.010
    Y31                1.668      0.635      2.627      0.009
    Y12                1.000      0.000    999.000    999.000
    Y22                0.957      0.370      2.589      0.010
    Y32                1.668      0.635      2.627      0.009
    Y13                1.000      0.000    999.000    999.000
    Y23                0.957      0.370      2.589      0.010
    Y33                1.668      0.635      2.627      0.009
    Y14                1.000      0.000    999.000    999.000
    Y24                0.957      0.370      2.589      0.010
    Y34                1.668      0.635      2.627      0.009
    Y15                1.000      0.000    999.000    999.000
    Y25                0.957      0.370      2.589      0.010
    Y35                1.668      0.635      2.627      0.009

 UT1      BY
    Y11                1.000      0.000    999.000    999.000
    Y12                1.000      0.000    999.000    999.000
    Y13                1.000      0.000    999.000    999.000
    Y14                1.000      0.000    999.000    999.000
    Y15                1.000      0.000    999.000    999.000

 UT2      BY
    Y21                1.000      0.000    999.000    999.000
    Y22                1.000      0.000    999.000    999.000
    Y23                1.000      0.000    999.000    999.000
    Y24                1.000      0.000    999.000    999.000
    Y25                1.000      0.000    999.000    999.000

 UT3      BY
    Y31                1.000      0.000    999.000    999.000
    Y32                1.000      0.000    999.000    999.000
    Y33                1.000      0.000    999.000    999.000
    Y34                1.000      0.000    999.000    999.000
    Y35                1.000      0.000    999.000    999.000

 CS1      WITH
    CS2                0.000      0.000    999.000    999.000
    CS3                0.000      0.000    999.000    999.000
    CS4                0.000      0.000    999.000    999.000
    CS5                0.000      0.000    999.000    999.000
    UT1                0.000      0.000    999.000    999.000
    UT2                0.000      0.000    999.000    999.000
    UT3                0.000      0.000    999.000    999.000
    CT                 0.000      0.000    999.000    999.000

 CS2      WITH
    CS3                0.000      0.000    999.000    999.000
    CS4                0.000      0.000    999.000    999.000
    CS5                0.000      0.000    999.000    999.000
    UT1                0.000      0.000    999.000    999.000
    UT2                0.000      0.000    999.000    999.000
    UT3                0.000      0.000    999.000    999.000
    CT                 0.000      0.000    999.000    999.000

 CS3      WITH
    CS4                0.000      0.000    999.000    999.000
    CS5                0.000      0.000    999.000    999.000
    UT1                0.000      0.000    999.000    999.000
    UT2                0.000      0.000    999.000    999.000
    UT3                0.000      0.000    999.000    999.000
    CT                 0.000      0.000    999.000    999.000

 CS4      WITH
    CS5                0.000      0.000    999.000    999.000
    UT1                0.000      0.000    999.000    999.000
    UT2                0.000      0.000    999.000    999.000
    UT3                0.000      0.000    999.000    999.000
    CT                 0.000      0.000    999.000    999.000

 CS5      WITH
    UT1                0.000      0.000    999.000    999.000
    UT2                0.000      0.000    999.000    999.000
    UT3                0.000      0.000    999.000    999.000
    CT                 0.000      0.000    999.000    999.000

 UT1      WITH
    UT2                0.000      0.000    999.000    999.000
    UT3                0.000      0.000    999.000    999.000
    CT                 0.000      0.000    999.000    999.000

 UT2      WITH
    UT3                0.000      0.000    999.000    999.000
    CT                 0.000      0.000    999.000    999.000

 UT3      WITH
    CT                 0.000      0.000    999.000    999.000

 Intercepts
    Y11                1.804      0.175     10.318      0.000
    Y21                1.967      0.175     11.246      0.000
    Y31                2.786      0.218     12.772      0.000
    Y12                1.804      0.175     10.318      0.000
    Y22                1.967      0.175     11.246      0.000
    Y32                2.786      0.218     12.772      0.000
    Y13                1.804      0.175     10.318      0.000
    Y23                1.967      0.175     11.246      0.000
    Y33                2.786      0.218     12.772      0.000
    Y14                1.804      0.175     10.318      0.000
    Y24                1.967      0.175     11.246      0.000
    Y34                2.786      0.218     12.772      0.000
    Y15                1.804      0.175     10.318      0.000
    Y25                1.967      0.175     11.246      0.000
    Y35                2.786      0.218     12.772      0.000

 Variances
    CS1                1.205      0.250      4.823      0.000
    CS2                1.205      0.250      4.823      0.000
    CS3                1.205      0.250      4.823      0.000
    CS4                1.205      0.250      4.823      0.000
    CS5                1.205      0.250      4.823      0.000
    CT                 0.479      0.295      1.625      0.104
    UT1                0.556      0.230      2.415      0.016
    UT2                0.904      0.253      3.568      0.000
    UT3                0.148      0.447      0.332      0.740

 Residual Variances
    Y11                1.121      0.182      6.154      0.000
    Y21                0.459      0.066      6.921      0.000
    Y31                1.178      0.367      3.210      0.001
    Y12                1.121      0.182      6.154      0.000
    Y22                0.459      0.066      6.921      0.000
    Y32                1.178      0.367      3.210      0.001
    Y13                1.121      0.182      6.154      0.000
    Y23                0.459      0.066      6.921      0.000
    Y33                1.178      0.367      3.210      0.001
    Y14                1.121      0.182      6.154      0.000
    Y24                0.459      0.066      6.921      0.000
    Y34                1.178      0.367      3.210      0.001
    Y15                1.121      0.182      6.154      0.000
    Y25                0.459      0.066      6.921      0.000
    Y35                1.178      0.367      3.210      0.001


QUALITY OF NUMERICAL RESULTS

     Condition Number for the Information Matrix              0.400E-02
       (ratio of smallest to largest eigenvalue)


     Beginning Time:  10:32:38
        Ending Time:  10:32:38
       Elapsed Time:  00:00:00



MUTHEN & MUTHEN
3463 Stoner Ave.
Los Angeles, CA  90066

Tel: (310) 391-9971
Fax: (310) 391-8971
Web: www.StatModel.com
Support: Support@StatModel.com

Copyright (c) 1998-2017 Muthen & Muthen
