Mplus VERSION 8
MUTHEN & MUTHEN
02/15/2019   2:50 PM

INPUT INSTRUCTIONS

  TITLE: Your title goes here
  DATA: FILE = "Mplus_files_Results/cuts_long_trunc_n50_i3_nt30_na0.dat";
  VARIABLE:
  NAMES = subjn time y1 y2 y3;
  MISSING=.;
  USEVAR = y1
  y2
  y3 ;
  CLUSTER = subjn ;

  ANALYSIS:
  TYPE = TWOLEVEL ;
  ESTIMATOR = ML ;
  ITERATIONS = 50000 ;
  H1ITERATIONS = 50000 ;


  MODEL:

  %WITHIN%

  ! common states
  CS BY y1@1
  y2 (lcs2)
  y3 (lcs3) ;

  %BETWEEN%

  ! common trait
  CT BY y1@1
  y2 (lct2)
  y3 (lct3) ;



INPUT READING TERMINATED NORMALLY



Your title goes here

SUMMARY OF ANALYSIS

Number of groups                                                 1
Number of observations                                        1500

Number of dependent variables                                    3
Number of independent variables                                  0
Number of continuous latent variables                            2

Observed dependent variables

  Continuous
   Y1          Y2          Y3

Continuous latent variables
   CS          CT

Variables with special functions

  Cluster variable      SUBJN

Estimator                                                       ML
Information matrix                                        OBSERVED
Maximum number of iterations                                 50000
Convergence criterion                                    0.100D-05
Maximum number of EM iterations                                500
Convergence criteria for the EM algorithm
  Loglikelihood change                                   0.100D-02
  Relative loglikelihood change                          0.100D-05
  Derivative                                             0.100D-03
Minimum variance                                         0.100D-03
Maximum number of steepest descent iterations                   20
Maximum number of iterations for H1                          50000
Convergence criterion for H1                             0.100D-03
Optimization algorithm                                         EMA

Input data file(s)
  Mplus_files_Results/cuts_long_trunc_n50_i3_nt30_na0.dat
Input data format  FREE


SUMMARY OF DATA

     Number of missing data patterns             1
     Number of clusters                         50

     Average cluster size       30.000

     Estimated Intraclass Correlations for the Y Variables

                Intraclass              Intraclass              Intraclass
     Variable  Correlation   Variable  Correlation   Variable  Correlation

     Y1           0.336      Y2           0.610      Y3           0.267



COVARIANCE COVERAGE OF DATA

Minimum covariance coverage value   0.100


     PROPORTION OF DATA PRESENT


           Covariance Coverage
              Y1            Y2            Y3
              ________      ________      ________
 Y1             1.000
 Y2             1.000         1.000
 Y3             1.000         1.000         1.000



UNIVARIATE SAMPLE STATISTICS


     UNIVARIATE HIGHER-ORDER MOMENT DESCRIPTIVE STATISTICS

         Variable/         Mean/     Skewness/   Minimum/ % with                Percentiles
        Sample Size      Variance    Kurtosis    Maximum  Min/Max      20%/60%    40%/80%    Median

     Y1                    1.816       0.412      -4.000    0.27%       0.000      1.000      2.000
            1500.000       3.754      -0.012       9.000    0.13%       2.000      3.000
     Y2                    1.897       0.302      -2.000    0.60%       0.000      1.000      2.000
            1500.000       2.471      -0.326       7.000    0.07%       2.000      3.000
     Y3                    2.749       0.279      -5.000    0.07%       0.000      2.000      3.000
            1500.000       6.075      -0.155      12.000    0.07%       3.000      5.000


THE MODEL ESTIMATION TERMINATED NORMALLY



MODEL FIT INFORMATION

Number of Free Parameters                       15

Loglikelihood

          H0 Value                       -7601.765
          H1 Value                       -7601.765

Information Criteria

          Akaike (AIC)                   15233.530
          Bayesian (BIC)                 15313.229
          Sample-Size Adjusted BIC       15265.578
            (n* = (n + 2) / 24)

Chi-Square Test of Model Fit

          Value                              0.000
          Degrees of Freedom                     0
          P-Value                           0.0000

RMSEA (Root Mean Square Error Of Approximation)

          Estimate                           0.000

CFI/TLI

          CFI                                1.000
          TLI                                1.000

Chi-Square Test of Model Fit for the Baseline Model

          Value                           1577.831
          Degrees of Freedom                     6
          P-Value                           0.0000

SRMR (Standardized Root Mean Square Residual)

          Value for Within                   0.000
          Value for Between                  0.000



MODEL RESULTS

                                                    Two-Tailed
                    Estimate       S.E.  Est./S.E.    P-Value

Within Level

 CS       BY
    Y1                 1.000      0.000    999.000    999.000
    Y2                 0.544      0.022     24.251      0.000
    Y3                 1.413      0.055     25.615      0.000

 Variances
    CS                 1.548      0.098     15.713      0.000

 Residual Variances
    Y1                 0.946      0.060     15.790      0.000
    Y2                 0.504      0.024     21.349      0.000
    Y3                 1.364      0.109     12.469      0.000

Between Level

 CT       BY
    Y1                 1.000      0.000    999.000    999.000
    Y2                 0.851      0.185      4.608      0.000
    Y3                 1.319      0.234      5.648      0.000

 Intercepts
    Y1                 1.816      0.164     11.080      0.000
    Y2                 1.897      0.176     10.810      0.000
    Y3                 2.749      0.188     14.607      0.000

 Variances
    CT                 0.855      0.280      3.052      0.002

 Residual Variances
    Y1                 0.405      0.148      2.727      0.006
    Y2                 0.888      0.202      4.399      0.000
    Y3                 0.133      0.213      0.626      0.531


QUALITY OF NUMERICAL RESULTS

     Condition Number for the Information Matrix              0.612E-03
       (ratio of smallest to largest eigenvalue)


     Beginning Time:  14:50:32
        Ending Time:  14:50:32
       Elapsed Time:  00:00:00



MUTHEN & MUTHEN
3463 Stoner Ave.
Los Angeles, CA  90066

Tel: (310) 391-9971
Fax: (310) 391-8971
Web: www.StatModel.com
Support: Support@StatModel.com

Copyright (c) 1998-2017 Muthen & Muthen
