Mplus VERSION 8
MUTHEN & MUTHEN
02/18/2019   5:38 PM

INPUT INSTRUCTIONS

  TITLE: Your title goes here
  DATA: FILE = "Mplus_files_Results/cuts_long_n50_i5_nt45_na0.dat";
  VARIABLE:
  NAMES = subjn time y1 y2 y3 y4 y5;
  MISSING=.;
  USEVAR = y1
  y2
  y3
  y4
  y5 ;
  CLUSTER = subjn ;

  ANALYSIS:
  TYPE = TWOLEVEL ;
  ESTIMATOR = ML ;
  ITERATIONS = 50000 ;
  H1ITERATIONS = 50000 ;


  MODEL:

  %WITHIN%

  ! common states
  CS BY y1@1
  y2 (lcs2)
  y3 (lcs3)
  y4 (lcs4)
  y5 (lcs5) ;

  %BETWEEN%

  ! common trait
  CT BY y1@1
  y2 (lct2)
  y3 (lct3)
  y4 (lct4)
  y5 (lct5) ;



INPUT READING TERMINATED NORMALLY



Your title goes here

SUMMARY OF ANALYSIS

Number of groups                                                 1
Number of observations                                        2250

Number of dependent variables                                    5
Number of independent variables                                  0
Number of continuous latent variables                            2

Observed dependent variables

  Continuous
   Y1          Y2          Y3          Y4          Y5

Continuous latent variables
   CS          CT

Variables with special functions

  Cluster variable      SUBJN

Estimator                                                       ML
Information matrix                                        OBSERVED
Maximum number of iterations                                 50000
Convergence criterion                                    0.100D-05
Maximum number of EM iterations                                500
Convergence criteria for the EM algorithm
  Loglikelihood change                                   0.100D-02
  Relative loglikelihood change                          0.100D-05
  Derivative                                             0.100D-03
Minimum variance                                         0.100D-03
Maximum number of steepest descent iterations                   20
Maximum number of iterations for H1                          50000
Convergence criterion for H1                             0.100D-03
Optimization algorithm                                         EMA

Input data file(s)
  Mplus_files_Results/cuts_long_n50_i5_nt45_na0.dat
Input data format  FREE


SUMMARY OF DATA

     Number of missing data patterns             1
     Number of clusters                         50

     Average cluster size       45.000

     Estimated Intraclass Correlations for the Y Variables

                Intraclass              Intraclass              Intraclass
     Variable  Correlation   Variable  Correlation   Variable  Correlation

     Y1           0.353      Y2           0.651      Y3           0.289
     Y4           0.405      Y5           0.363



COVARIANCE COVERAGE OF DATA

Minimum covariance coverage value   0.100


     PROPORTION OF DATA PRESENT


           Covariance Coverage
              Y1            Y2            Y3            Y4            Y5
              ________      ________      ________      ________      ________
 Y1             1.000
 Y2             1.000         1.000
 Y3             1.000         1.000         1.000
 Y4             1.000         1.000         1.000         1.000
 Y5             1.000         1.000         1.000         1.000         1.000



UNIVARIATE SAMPLE STATISTICS


     UNIVARIATE HIGHER-ORDER MOMENT DESCRIPTIVE STATISTICS

         Variable/         Mean/     Skewness/   Minimum/ % with                Percentiles
        Sample Size      Variance    Kurtosis    Maximum  Min/Max      20%/60%    40%/80%    Median

     Y1                    2.149       0.048      -4.661    0.04%       0.240      1.604      2.130
            2250.000       4.714      -0.125       9.045    0.04%       2.662      4.004
     Y2                    2.285      -0.024      -2.945    0.04%       0.854      1.830      2.342
            2250.000       2.894      -0.172       7.396    0.04%       2.738      3.756
     Y3                    3.086      -0.017      -5.688    0.04%       0.795      2.453      3.064
            2250.000       7.197      -0.038      11.610    0.04%       3.704      5.366
     Y4                    3.547      -0.004      -2.481    0.04%       1.980      3.089      3.575
            2250.000       3.495       0.052      10.146    0.04%       4.054      5.070
     Y5                    4.213      -0.041      -4.162    0.04%       2.237      3.659      4.256
            2250.000       5.668       0.227      12.973    0.04%       4.808      6.221


THE MODEL ESTIMATION TERMINATED NORMALLY



MODEL FIT INFORMATION

Number of Free Parameters                       25

Loglikelihood

          H0 Value                      -18649.870
          H1 Value                      -18646.113

Information Criteria

          Akaike (AIC)                   37349.739
          Bayesian (BIC)                 37492.706
          Sample-Size Adjusted BIC       37413.277
            (n* = (n + 2) / 24)

Chi-Square Test of Model Fit

          Value                              7.513
          Degrees of Freedom                    10
          P-Value                           0.6763

RMSEA (Root Mean Square Error Of Approximation)

          Estimate                           0.000

CFI/TLI

          CFI                                1.000
          TLI                                1.001

Chi-Square Test of Model Fit for the Baseline Model

          Value                           6246.533
          Degrees of Freedom                    20
          P-Value                           0.0000

SRMR (Standardized Root Mean Square Residual)

          Value for Within                   0.005
          Value for Between                  0.016



MODEL RESULTS

                                                    Two-Tailed
                    Estimate       S.E.  Est./S.E.    P-Value

Within Level

 CS       BY
    Y1                 1.000      0.000    999.000    999.000
    Y2                 0.497      0.014     35.212      0.000
    Y3                 1.322      0.030     43.765      0.000
    Y4                 0.801      0.020     40.990      0.000
    Y5                 1.093      0.025     42.948      0.000

 Variances
    CS                 2.029      0.090     22.469      0.000

 Residual Variances
    Y1                 1.020      0.040     25.547      0.000
    Y2                 0.511      0.017     29.458      0.000
    Y3                 1.575      0.064     24.523      0.000
    Y4                 0.778      0.029     26.767      0.000
    Y5                 1.188      0.047     25.309      0.000

Between Level

 CT       BY
    Y1                 1.000      0.000    999.000    999.000
    Y2                 0.905      0.167      5.419      0.000
    Y3                 1.304      0.157      8.325      0.000
    Y4                 0.813      0.144      5.660      0.000
    Y5                 1.170      0.157      7.439      0.000

 Intercepts
    Y1                 2.149      0.186     11.540      0.000
    Y2                 2.285      0.195     11.705      0.000
    Y3                 3.086      0.209     14.736      0.000
    Y4                 3.547      0.171     20.755      0.000
    Y5                 4.213      0.207     20.394      0.000

 Variances
    CT                 1.136      0.336      3.384      0.001

 Residual Variances
    Y1                 0.530      0.131      4.051      0.000
    Y2                 0.952      0.205      4.633      0.000
    Y3                 0.147      0.102      1.440      0.150
    Y4                 0.663      0.145      4.564      0.000
    Y5                 0.498      0.136      3.657      0.000


QUALITY OF NUMERICAL RESULTS

     Condition Number for the Information Matrix              0.197E-03
       (ratio of smallest to largest eigenvalue)


     Beginning Time:  17:38:59
        Ending Time:  17:38:59
       Elapsed Time:  00:00:00



MUTHEN & MUTHEN
3463 Stoner Ave.
Los Angeles, CA  90066

Tel: (310) 391-9971
Fax: (310) 391-8971
Web: www.StatModel.com
Support: Support@StatModel.com

Copyright (c) 1998-2017 Muthen & Muthen
