Mplus VERSION 8
MUTHEN & MUTHEN
02/19/2019  10:36 AM

INPUT INSTRUCTIONS

  TITLE: Your title goes here
  DATA: FILE = "Mplus_files_Results/cuts_wide_trunc_n50_i3_nt15_na0.1.dat";
  VARIABLE:
  NAMES = subjn y11 y21 y31 y12 y22 y32 y13 y23 y33 y14 y24 y34 y15 y25 y35 y16 y26
       y36 y17 y27 y37 y18 y28 y38 y19 y29 y39 y110 y210 y310 y111 y211 y311 y112 y212
       y312 y113 y213 y313 y114 y214 y314 y115 y215 y315;
  MISSING=.;
  USEVAR = y11
  y21
  y31
  y12
  y22
  y32
  y13
  y23
  y33
  y14
  y24
  y34
  y15
  y25
  y35
  y16
  y26
  y36
  y17
  y27
  y37
  y18
  y28
  y38
  y19
  y29
  y39
  y110
  y210
  y310
  y111
  y211
  y311
  y112
  y212
  y312
  y113
  y213
  y313
  y114
  y214
  y314
  y115
  y215
  y315 ;


  ANALYSIS:
  TYPE = GENERAL ;
  ESTIMATOR = ML ;
  ITERATIONS = 50000 ;
  H1ITERATIONS = 50000 ;


  MODEL:

  ! common states
  CS1 BY y11@1
  y21 (lcs21)
  y31 (lcs31) ;
  CS2 BY y12@1
  y22 (lcs21)
  y32 (lcs31) ;
  CS3 BY y13@1
  y23 (lcs21)
  y33 (lcs31) ;
  CS4 BY y14@1
  y24 (lcs21)
  y34 (lcs31) ;
  CS5 BY y15@1
  y25 (lcs21)
  y35 (lcs31) ;
  CS6 BY y16@1
  y26 (lcs21)
  y36 (lcs31) ;
  CS7 BY y17@1
  y27 (lcs21)
  y37 (lcs31) ;
  CS8 BY y18@1
  y28 (lcs21)
  y38 (lcs31) ;
  CS9 BY y19@1
  y29 (lcs21)
  y39 (lcs31) ;
  CS10 BY y110@1
  y210 (lcs21)
  y310 (lcs31) ;
  CS11 BY y111@1
  y211 (lcs21)
  y311 (lcs31) ;
  CS12 BY y112@1
  y212 (lcs21)
  y312 (lcs31) ;
  CS13 BY y113@1
  y213 (lcs21)
  y313 (lcs31) ;
  CS14 BY y114@1
  y214 (lcs21)
  y314 (lcs31) ;
  CS15 BY y115@1
  y215 (lcs21)
  y315 (lcs31) ;

  ! common trait
  CT BY y11@1
  y21 (lct21)
  y31 (lct31)
  y12@1
  y22 (lct21)
  y32 (lct31)
  y13@1
  y23 (lct21)
  y33 (lct31)
  y14@1
  y24 (lct21)
  y34 (lct31)
  y15@1
  y25 (lct21)
  y35 (lct31)
  y16@1
  y26 (lct21)
  y36 (lct31)
  y17@1
  y27 (lct21)
  y37 (lct31)
  y18@1
  y28 (lct21)
  y38 (lct31)
  y19@1
  y29 (lct21)
  y39 (lct31)
  y110@1
  y210 (lct21)
  y310 (lct31)
  y111@1
  y211 (lct21)
  y311 (lct31)
  y112@1
  y212 (lct21)
  y312 (lct31)
  y113@1
  y213 (lct21)
  y313 (lct31)
  y114@1
  y214 (lct21)
  y314 (lct31)
  y115@1
  y215 (lct21)
  y315 (lct31) ;

  ! unique trait
  UT1 BY y11@1
  y12@1
  y13@1
  y14@1
  y15@1
  y16@1
  y17@1
  y18@1
  y19@1
  y110@1
  y111@1
  y112@1
  y113@1
  y114@1
  y115@1 ;
  UT2 BY y21@1
  y22@1
  y23@1
  y24@1
  y25@1
  y26@1
  y27@1
  y28@1
  y29@1
  y210@1
  y211@1
  y212@1
  y213@1
  y214@1
  y215@1 ;
  UT3 BY y31@1
  y32@1
  y33@1
  y34@1
  y35@1
  y36@1
  y37@1
  y38@1
  y39@1
  y310@1
  y311@1
  y312@1
  y313@1
  y314@1
  y315@1 ;

  ! Intercepts and means
  [y11*] (ins11) ;
  [y21*] (ins21) ;
  [y31*] (ins31) ;
  [y12*] (ins11) ;
  [y22*] (ins21) ;
  [y32*] (ins31) ;
  [y13*] (ins11) ;
  [y23*] (ins21) ;
  [y33*] (ins31) ;
  [y14*] (ins11) ;
  [y24*] (ins21) ;
  [y34*] (ins31) ;
  [y15*] (ins11) ;
  [y25*] (ins21) ;
  [y35*] (ins31) ;
  [y16*] (ins11) ;
  [y26*] (ins21) ;
  [y36*] (ins31) ;
  [y17*] (ins11) ;
  [y27*] (ins21) ;
  [y37*] (ins31) ;
  [y18*] (ins11) ;
  [y28*] (ins21) ;
  [y38*] (ins31) ;
  [y19*] (ins11) ;
  [y29*] (ins21) ;
  [y39*] (ins31) ;
  [y110*] (ins11) ;
  [y210*] (ins21) ;
  [y310*] (ins31) ;
  [y111*] (ins11) ;
  [y211*] (ins21) ;
  [y311*] (ins31) ;
  [y112*] (ins11) ;
  [y212*] (ins21) ;
  [y312*] (ins31) ;
  [y113*] (ins11) ;
  [y213*] (ins21) ;
  [y313*] (ins31) ;
  [y114*] (ins11) ;
  [y214*] (ins21) ;
  [y314*] (ins31) ;
  [y115*] (ins11) ;
  [y215*] (ins21) ;
  [y315*] (ins31) ;




  ! Set 0 covariances
  CS1 WITH CS2@0
  CS3@0
  CS4@0
  CS5@0
  CS6@0
  CS7@0
  CS8@0
  CS9@0
  CS10@0
  CS11@0
  CS12@0
  CS13@0
  CS14@0
  CS15@0
  UT1@0
  UT2@0
  UT3@0
  CT@0 ;
  CS2 WITH CS3@0
  CS4@0
  CS5@0
  CS6@0
  CS7@0
  CS8@0
  CS9@0
  CS10@0
  CS11@0
  CS12@0
  CS13@0
  CS14@0
  CS15@0
  UT1@0
  UT2@0
  UT3@0
  CT@0 ;
  CS3 WITH CS4@0
  CS5@0
  CS6@0
  CS7@0
  CS8@0
  CS9@0
  CS10@0
  CS11@0
  CS12@0
  CS13@0
  CS14@0
  CS15@0
  UT1@0
  UT2@0
  UT3@0
  CT@0 ;
  CS4 WITH CS5@0
  CS6@0
  CS7@0
  CS8@0
  CS9@0
  CS10@0
  CS11@0
  CS12@0
  CS13@0
  CS14@0
  CS15@0
  UT1@0
  UT2@0
  UT3@0
  CT@0 ;
  CS5 WITH CS6@0
  CS7@0
  CS8@0
  CS9@0
  CS10@0
  CS11@0
  CS12@0
  CS13@0
  CS14@0
  CS15@0
  UT1@0
  UT2@0
  UT3@0
  CT@0 ;
  CS6 WITH CS7@0
  CS8@0
  CS9@0
  CS10@0
  CS11@0
  CS12@0
  CS13@0
  CS14@0
  CS15@0
  UT1@0
  UT2@0
  UT3@0
  CT@0 ;
  CS7 WITH CS8@0
  CS9@0
  CS10@0
  CS11@0
  CS12@0
  CS13@0
  CS14@0
  CS15@0
  UT1@0
  UT2@0
  UT3@0
  CT@0 ;
  CS8 WITH CS9@0
  CS10@0
  CS11@0
  CS12@0
  CS13@0
  CS14@0
  CS15@0
  UT1@0
  UT2@0
  UT3@0
  CT@0 ;
  CS9 WITH CS10@0
  CS11@0
  CS12@0
  CS13@0
  CS14@0
  CS15@0
  UT1@0
  UT2@0
  UT3@0
  CT@0 ;
  CS10 WITH CS11@0
  CS12@0
  CS13@0
  CS14@0
  CS15@0
  UT1@0
  UT2@0
  UT3@0
  CT@0 ;
  CS11 WITH CS12@0
  CS13@0
  CS14@0
  CS15@0
  UT1@0
  UT2@0
  UT3@0
  CT@0 ;
  CS12 WITH CS13@0
  CS14@0
  CS15@0
  UT1@0
  UT2@0
  UT3@0
  CT@0 ;
  CS13 WITH CS14@0
  CS15@0
  UT1@0
  UT2@0
  UT3@0
  CT@0 ;
  CS14 WITH CS15@0
  UT1@0
  UT2@0
  UT3@0
  CT@0 ;
  CS15 WITH UT1@0
  UT2@0
  UT3@0
  CT@0 ;
  UT1 WITH UT2@0
  UT3@0
  CT@0 ;
  UT2 WITH UT3@0
  CT@0 ;
  UT3 WITH CT@0 ;

  ! Variance components
  y11 (err11) ;
  y21 (err21) ;
  y31 (err31) ;
  y12 (err11) ;
  y22 (err21) ;
  y32 (err31) ;
  y13 (err11) ;
  y23 (err21) ;
  y33 (err31) ;
  y14 (err11) ;
  y24 (err21) ;
  y34 (err31) ;
  y15 (err11) ;
  y25 (err21) ;
  y35 (err31) ;
  y16 (err11) ;
  y26 (err21) ;
  y36 (err31) ;
  y17 (err11) ;
  y27 (err21) ;
  y37 (err31) ;
  y18 (err11) ;
  y28 (err21) ;
  y38 (err31) ;
  y19 (err11) ;
  y29 (err21) ;
  y39 (err31) ;
  y110 (err11) ;
  y210 (err21) ;
  y310 (err31) ;
  y111 (err11) ;
  y211 (err21) ;
  y311 (err31) ;
  y112 (err11) ;
  y212 (err21) ;
  y312 (err31) ;
  y113 (err11) ;
  y213 (err21) ;
  y313 (err31) ;
  y114 (err11) ;
  y214 (err21) ;
  y314 (err31) ;
  y115 (err11) ;
  y215 (err21) ;
  y315 (err31) ;
  CS1 (cs_var1) ;
  CS2 (cs_var1) ;
  CS3 (cs_var1) ;
  CS4 (cs_var1) ;
  CS5 (cs_var1) ;
  CS6 (cs_var1) ;
  CS7 (cs_var1) ;
  CS8 (cs_var1) ;
  CS9 (cs_var1) ;
  CS10 (cs_var1) ;
  CS11 (cs_var1) ;
  CS12 (cs_var1) ;
  CS13 (cs_var1) ;
  CS14 (cs_var1) ;
  CS15 (cs_var1) ;
  UT1 (ut_var1) ;
  UT2 (ut_var2) ;
  UT3 (ut_var3) ;
  CT (ct_var) ;



INPUT READING TERMINATED NORMALLY



Your title goes here

SUMMARY OF ANALYSIS

Number of groups                                                 1
Number of observations                                          50

Number of dependent variables                                   45
Number of independent variables                                  0
Number of continuous latent variables                           19

Observed dependent variables

  Continuous
   Y11         Y21         Y31         Y12         Y22         Y32
   Y13         Y23         Y33         Y14         Y24         Y34
   Y15         Y25         Y35         Y16         Y26         Y36
   Y17         Y27         Y37         Y18         Y28         Y38
   Y19         Y29         Y39         Y110        Y210        Y310
   Y111        Y211        Y311        Y112        Y212        Y312
   Y113        Y213        Y313        Y114        Y214        Y314
   Y115        Y215        Y315

Continuous latent variables
   CS1         CS2         CS3         CS4         CS5         CS6
   CS7         CS8         CS9         CS10        CS11        CS12
   CS13        CS14        CS15        CT          UT1         UT2
   UT3


Estimator                                                       ML
Information matrix                                        OBSERVED
Maximum number of iterations                                 50000
Convergence criterion                                    0.500D-04
Maximum number of steepest descent iterations                   20
Maximum number of iterations for H1                          50000
Convergence criterion for H1                             0.100D-03

Input data file(s)
  Mplus_files_Results/cuts_wide_trunc_n50_i3_nt15_na0.1.dat

Input data format  FREE


SUMMARY OF DATA

     Number of missing data patterns            50


COVARIANCE COVERAGE OF DATA

Minimum covariance coverage value   0.100


     PROPORTION OF DATA PRESENT


           Covariance Coverage
              Y11           Y21           Y31           Y12           Y22
              ________      ________      ________      ________      ________
 Y11            0.880
 Y21            0.820         0.940
 Y31            0.760         0.800         0.860
 Y12            0.820         0.880         0.800         0.940
 Y22            0.780         0.800         0.760         0.820         0.860
 Y32            0.820         0.880         0.820         0.880         0.820
 Y13            0.800         0.860         0.780         0.860         0.780
 Y23            0.800         0.840         0.760         0.840         0.780
 Y33            0.820         0.880         0.840         0.900         0.820
 Y14            0.820         0.880         0.800         0.880         0.820
 Y24            0.780         0.840         0.800         0.860         0.800
 Y34            0.760         0.820         0.740         0.820         0.760
 Y15            0.800         0.860         0.780         0.860         0.780
 Y25            0.860         0.920         0.840         0.920         0.840
 Y35            0.740         0.800         0.720         0.800         0.720
 Y16            0.800         0.860         0.780         0.860         0.780
 Y26            0.800         0.860         0.800         0.860         0.800
 Y36            0.700         0.780         0.700         0.760         0.720
 Y17            0.800         0.880         0.780         0.860         0.780
 Y27            0.760         0.820         0.740         0.820         0.760
 Y37            0.720         0.780         0.720         0.820         0.740
 Y18            0.740         0.780         0.720         0.780         0.720
 Y28            0.800         0.820         0.740         0.820         0.800
 Y38            0.800         0.860         0.780         0.880         0.780
 Y19            0.860         0.900         0.840         0.900         0.840
 Y29            0.760         0.840         0.740         0.820         0.740
 Y39            0.840         0.900         0.800         0.880         0.820
 Y110           0.760         0.840         0.760         0.820         0.740
 Y210           0.820         0.860         0.780         0.900         0.820
 Y310           0.820         0.840         0.780         0.840         0.800
 Y111           0.800         0.880         0.780         0.860         0.780
 Y211           0.820         0.880         0.800         0.880         0.800
 Y311           0.800         0.840         0.800         0.840         0.780
 Y112           0.820         0.860         0.780         0.860         0.800
 Y212           0.820         0.860         0.780         0.860         0.820
 Y312           0.780         0.840         0.780         0.840         0.780
 Y113           0.740         0.800         0.740         0.780         0.740
 Y213           0.820         0.860         0.780         0.860         0.800
 Y313           0.840         0.900         0.840         0.920         0.820
 Y114           0.800         0.800         0.720         0.840         0.760
 Y214           0.860         0.920         0.840         0.920         0.840
 Y314           0.780         0.840         0.780         0.840         0.760
 Y115           0.800         0.900         0.780         0.860         0.780
 Y215           0.800         0.840         0.760         0.840         0.760
 Y315           0.860         0.900         0.820         0.900         0.820


           Covariance Coverage
              Y32           Y13           Y23           Y33           Y14
              ________      ________      ________      ________      ________
 Y32            0.940
 Y13            0.880         0.920
 Y23            0.840         0.820         0.900
 Y33            0.900         0.860         0.840         0.940
 Y14            0.900         0.880         0.840         0.880         0.940
 Y24            0.840         0.820         0.800         0.860         0.840
 Y34            0.820         0.820         0.820         0.820         0.820
 Y15            0.860         0.880         0.820         0.860         0.880
 Y25            0.920         0.900         0.900         0.920         0.920
 Y35            0.800         0.800         0.780         0.800         0.820
 Y16            0.860         0.840         0.820         0.860         0.860
 Y26            0.860         0.840         0.840         0.860         0.880
 Y36            0.760         0.740         0.760         0.760         0.760
 Y17            0.880         0.860         0.840         0.860         0.860
 Y27            0.840         0.820         0.820         0.820         0.840
 Y37            0.780         0.780         0.760         0.780         0.780
 Y18            0.780         0.780         0.760         0.780         0.780
 Y28            0.840         0.800         0.800         0.820         0.840
 Y38            0.860         0.860         0.820         0.860         0.900
 Y19            0.900         0.880         0.880         0.900         0.900
 Y29            0.820         0.800         0.820         0.820         0.820
 Y39            0.880         0.860         0.860         0.880         0.880
 Y110           0.820         0.800         0.780         0.820         0.820
 Y210           0.860         0.860         0.840         0.880         0.860
 Y310           0.840         0.820         0.840         0.840         0.840
 Y111           0.860         0.860         0.820         0.860         0.880
 Y211           0.880         0.900         0.860         0.880         0.880
 Y311           0.840         0.840         0.800         0.840         0.840
 Y112           0.860         0.840         0.820         0.860         0.860
 Y212           0.860         0.840         0.820         0.860         0.860
 Y312           0.860         0.840         0.820         0.860         0.840
 Y113           0.800         0.760         0.780         0.820         0.780
 Y213           0.860         0.860         0.840         0.860         0.900
 Y313           0.900         0.880         0.860         0.900         0.900
 Y114           0.800         0.780         0.800         0.820         0.800
 Y214           0.940         0.920         0.880         0.920         0.920
 Y314           0.840         0.840         0.800         0.840         0.860
 Y115           0.860         0.840         0.820         0.860         0.860
 Y215           0.820         0.800         0.780         0.820         0.820
 Y315           0.900         0.880         0.860         0.900         0.900


           Covariance Coverage
              Y24           Y34           Y15           Y25           Y35
              ________      ________      ________      ________      ________
 Y24            0.900
 Y34            0.780         0.880
 Y15            0.820         0.800         0.920
 Y25            0.880         0.880         0.900         0.980
 Y35            0.800         0.780         0.800         0.840         0.860
 Y16            0.820         0.800         0.860         0.900         0.800
 Y26            0.840         0.820         0.840         0.900         0.820
 Y36            0.760         0.740         0.740         0.820         0.700
 Y17            0.820         0.840         0.840         0.920         0.780
 Y27            0.780         0.800         0.800         0.880         0.780
 Y37            0.800         0.740         0.760         0.820         0.760
 Y18            0.760         0.720         0.780         0.820         0.720
 Y28            0.780         0.780         0.800         0.860         0.740
 Y38            0.820         0.820         0.860         0.900         0.800
 Y19            0.860         0.840         0.880         0.940         0.820
 Y29            0.780         0.760         0.820         0.860         0.760
 Y39            0.840         0.820         0.860         0.920         0.800
 Y110           0.780         0.760         0.820         0.860         0.760
 Y210           0.840         0.820         0.840         0.900         0.800
 Y310           0.820         0.800         0.820         0.880         0.780
 Y111           0.840         0.800         0.860         0.900         0.800
 Y211           0.840         0.840         0.880         0.920         0.820
 Y311           0.800         0.780         0.840         0.880         0.760
 Y112           0.820         0.820         0.840         0.900         0.780
 Y212           0.820         0.820         0.860         0.900         0.780
 Y312           0.800         0.820         0.820         0.880         0.780
 Y113           0.740         0.740         0.760         0.820         0.700
 Y213           0.820         0.800         0.860         0.900         0.820
 Y313           0.860         0.840         0.880         0.940         0.820
 Y114           0.780         0.740         0.780         0.840         0.720
 Y214           0.880         0.860         0.900         0.960         0.840
 Y314           0.800         0.780         0.860         0.880         0.760
 Y115           0.820         0.800         0.840         0.900         0.780
 Y215           0.780         0.780         0.800         0.860         0.740
 Y315           0.880         0.840         0.880         0.940         0.840


           Covariance Coverage
              Y16           Y26           Y36           Y17           Y27
              ________      ________      ________      ________      ________
 Y16            0.920
 Y26            0.840         0.920
 Y36            0.760         0.760         0.820
 Y17            0.840         0.840         0.760         0.920
 Y27            0.800         0.840         0.720         0.840         0.880
 Y37            0.760         0.780         0.720         0.760         0.740
 Y18            0.780         0.760         0.680         0.760         0.720
 Y28            0.800         0.800         0.700         0.820         0.780
 Y38            0.840         0.860         0.740         0.840         0.820
 Y19            0.880         0.880         0.800         0.880         0.840
 Y29            0.800         0.800         0.740         0.820         0.760
 Y39            0.860         0.860         0.760         0.860         0.820
 Y110           0.820         0.800         0.720         0.800         0.760
 Y210           0.840         0.840         0.740         0.840         0.800
 Y310           0.820         0.860         0.740         0.820         0.800
 Y111           0.840         0.840         0.740         0.840         0.800
 Y211           0.860         0.860         0.780         0.860         0.820
 Y311           0.820         0.820         0.720         0.820         0.780
 Y112           0.840         0.840         0.760         0.840         0.800
 Y212           0.860         0.840         0.760         0.840         0.820
 Y312           0.820         0.820         0.760         0.820         0.780
 Y113           0.760         0.780         0.720         0.760         0.720
 Y213           0.860         0.860         0.740         0.840         0.820
 Y313           0.880         0.880         0.780         0.880         0.840
 Y114           0.780         0.780         0.700         0.780         0.740
 Y214           0.900         0.900         0.800         0.920         0.880
 Y314           0.860         0.820         0.720         0.820         0.780
 Y115           0.840         0.840         0.740         0.860         0.820
 Y215           0.800         0.800         0.700         0.820         0.780
 Y315           0.880         0.880         0.780         0.880         0.840


           Covariance Coverage
              Y37           Y18           Y28           Y38           Y19
              ________      ________      ________      ________      ________
 Y37            0.840
 Y18            0.720         0.840
 Y28            0.740         0.740         0.880
 Y38            0.780         0.760         0.800         0.920
 Y19            0.820         0.840         0.840         0.880         0.960
 Y29            0.740         0.760         0.780         0.800         0.860
 Y39            0.780         0.780         0.840         0.860         0.900
 Y110           0.720         0.760         0.780         0.800         0.840
 Y210           0.800         0.760         0.820         0.840         0.880
 Y310           0.760         0.740         0.820         0.820         0.860
 Y111           0.780         0.780         0.800         0.860         0.880
 Y211           0.820         0.820         0.820         0.860         0.920
 Y311           0.740         0.820         0.800         0.820         0.880
 Y112           0.760         0.780         0.800         0.840         0.880
 Y212           0.780         0.760         0.820         0.840         0.880
 Y312           0.780         0.760         0.780         0.820         0.880
 Y113           0.700         0.700         0.740         0.760         0.820
 Y213           0.760         0.760         0.820         0.880         0.880
 Y313           0.820         0.800         0.840         0.900         0.920
 Y114           0.740         0.720         0.780         0.780         0.840
 Y214           0.820         0.820         0.860         0.900         0.940
 Y314           0.740         0.760         0.780         0.840         0.860
 Y115           0.760         0.780         0.800         0.840         0.880
 Y215           0.740         0.740         0.760         0.820         0.860
 Y315           0.820         0.820         0.860         0.880         0.920


           Covariance Coverage
              Y29           Y39           Y110          Y210          Y310
              ________      ________      ________      ________      ________
 Y29            0.880
 Y39            0.820         0.940
 Y110           0.800         0.840         0.880
 Y210           0.800         0.880         0.800         0.920
 Y310           0.780         0.860         0.780         0.840         0.900
 Y111           0.800         0.880         0.800         0.840         0.820
 Y211           0.840         0.880         0.820         0.880         0.840
 Y311           0.800         0.840         0.820         0.820         0.800
 Y112           0.800         0.860         0.800         0.840         0.840
 Y212           0.800         0.860         0.800         0.840         0.820
 Y312           0.800         0.860         0.800         0.840         0.800
 Y113           0.740         0.800         0.740         0.780         0.760
 Y213           0.800         0.880         0.800         0.860         0.840
 Y313           0.840         0.900         0.840         0.880         0.860
 Y114           0.760         0.820         0.740         0.840         0.820
 Y214           0.860         0.920         0.860         0.900         0.880
 Y314           0.780         0.860         0.820         0.820         0.800
 Y115           0.820         0.880         0.800         0.840         0.820
 Y215           0.780         0.820         0.760         0.820         0.780
 Y315           0.840         0.900         0.840         0.880         0.880


           Covariance Coverage
              Y111          Y211          Y311          Y112          Y212
              ________      ________      ________      ________      ________
 Y111           0.920
 Y211           0.860         0.940
 Y311           0.820         0.860         0.900
 Y112           0.840         0.860         0.820         0.920
 Y212           0.840         0.860         0.820         0.860         0.920
 Y312           0.820         0.880         0.800         0.840         0.840
 Y113           0.780         0.800         0.740         0.780         0.780
 Y213           0.860         0.860         0.820         0.840         0.840
 Y313           0.880         0.900         0.860         0.880         0.880
 Y114           0.780         0.820         0.760         0.800         0.800
 Y214           0.900         0.920         0.880         0.900         0.900
 Y314           0.840         0.840         0.800         0.820         0.840
 Y115           0.860         0.860         0.840         0.840         0.840
 Y215           0.800         0.820         0.800         0.820         0.800
 Y315           0.900         0.900         0.860         0.880         0.880


           Covariance Coverage
              Y312          Y113          Y213          Y313          Y114
              ________      ________      ________      ________      ________
 Y312           0.900
 Y113           0.800         0.840
 Y213           0.820         0.780         0.920
 Y313           0.860         0.800         0.880         0.960
 Y114           0.780         0.740         0.800         0.820         0.860
 Y214           0.880         0.820         0.900         0.940         0.840
 Y314           0.820         0.740         0.840         0.880         0.760
 Y115           0.820         0.760         0.840         0.880         0.780
 Y215           0.780         0.720         0.800         0.840         0.760
 Y315           0.860         0.800         0.880         0.920         0.840


           Covariance Coverage
              Y214          Y314          Y115          Y215          Y315
              ________      ________      ________      ________      ________
 Y214           0.980
 Y314           0.880         0.900
 Y115           0.900         0.820         0.920
 Y215           0.860         0.780         0.840         0.880
 Y315           0.940         0.860         0.880         0.840         0.960



UNIVARIATE SAMPLE STATISTICS


     UNIVARIATE HIGHER-ORDER MOMENT DESCRIPTIVE STATISTICS

         Variable/         Mean/     Skewness/   Minimum/ % with                Percentiles
        Sample Size      Variance    Kurtosis    Maximum  Min/Max      20%/60%    40%/80%    Median

     Y11                   2.000       0.261      -3.000    2.27%       0.000      1.000      2.000
              44.000       5.091      -0.068       8.000    2.27%       2.000      4.000
     Y21                   1.979       0.155      -2.000    2.13%       0.000      2.000      2.000
              47.000       2.617      -0.149       6.000    2.13%       2.000      3.000
     Y31                   2.791       0.217      -4.000    2.33%       0.000      1.000      3.000
              43.000      10.491      -0.563      10.000    2.33%       3.000      6.000
     Y12                   1.894       0.606      -2.000    2.13%       0.000      1.000      2.000
              47.000       3.670       0.328       7.000    4.26%       2.000      3.000
     Y22                   1.744       0.737      -1.000    2.33%       0.000      1.000      2.000
              43.000       2.376       0.227       6.000    2.33%       2.000      3.000
     Y32                   2.702       0.544      -1.000    4.26%       0.000      2.000      3.000
              47.000       4.890       0.083       9.000    2.13%       3.000      4.000
     Y13                   1.739       0.673      -2.000    4.35%       0.000      1.000      1.500
              46.000       4.193       0.114       7.000    2.17%       2.000      3.000
     Y23                   2.022      -0.036      -1.000    4.44%       0.000      1.000      2.000
              45.000       2.644      -1.095       5.000    4.44%       3.000      4.000
     Y33                   2.511       0.018      -2.000    4.26%       0.000      2.000      3.000
              47.000       5.271      -0.653       8.000    2.13%       3.000      5.000
     Y14                   1.872       0.634      -1.000    6.38%       0.000      1.000      2.000
              47.000       3.941      -0.339       7.000    2.13%       2.000      4.000
     Y24                   2.067       0.386      -1.000    2.22%       1.000      2.000      2.000
              45.000       2.418      -0.199       6.000    2.22%       2.000      3.000
     Y34                   3.091       0.509      -2.000    2.27%       1.000      2.000      3.000
              44.000       6.674      -0.069      10.000    2.27%       4.000      5.000
     Y15                   1.522       0.428      -1.000    8.70%       0.000      1.000      1.000
              46.000       2.945      -0.855       5.000    6.52%       2.000      3.000
     Y25                   1.878       0.665       0.000   20.41%       0.000      1.000      2.000
              49.000       2.189      -0.010       6.000    2.04%       2.000      3.000
     Y35                   2.279       0.471      -1.000    4.65%       0.000      1.000      2.000
              43.000       4.713      -0.777       7.000    4.65%       3.000      4.000
     Y16                   1.913      -0.158      -5.000    2.17%       0.000      1.000      1.500
              46.000       4.340       1.473       7.000    2.17%       2.000      4.000
     Y26                   1.870       0.257      -1.000    2.17%       0.000      1.000      2.000
              46.000       2.331      -0.747       5.000    6.52%       2.000      3.000
     Y36                   3.122      -0.127      -3.000    4.88%       1.000      2.000      3.000
              41.000       6.595       0.144       8.000    9.76%       4.000      5.000
     Y17                   1.304       0.421      -2.000    4.35%       0.000      1.000      1.000
              46.000       3.342      -0.314       6.000    2.17%       2.000      3.000
     Y27                   1.841       0.273      -1.000    2.27%       0.000      1.000      2.000
              44.000       2.225      -0.734       5.000    4.55%       2.000      3.000
     Y37                   2.667       0.388      -3.000    2.38%       0.000      1.000      3.000
              42.000       7.651      -0.249       9.000    4.76%       3.000      5.000
     Y18                   1.762       0.102      -2.000    2.38%       0.000      1.000      1.500
              42.000       4.467      -1.229       6.000    2.38%       3.000      4.000
     Y28                   1.977       0.038      -1.000    4.55%       0.000      2.000      2.000
              44.000       2.340      -0.580       5.000    6.82%       2.000      3.000
     Y38                   2.652      -0.074      -3.000    2.17%       0.000      2.000      3.000
              46.000       5.401      -0.325       8.000    2.17%       3.000      5.000
     Y19                   1.812       0.391      -2.000    4.17%       0.000      1.000      1.000
              48.000       3.902      -0.086       7.000    2.08%       2.000      3.000
     Y29                   1.841       0.054      -1.000    2.27%       1.000      2.000      2.000
              44.000       1.725      -0.457       5.000    2.27%       2.000      3.000
     Y39                   2.809       0.552      -2.000    2.13%       0.000      2.000      3.000
              47.000       5.644       0.940      10.000    2.13%       3.000      4.000
     Y110                  2.045       0.556      -2.000    2.27%       0.000      1.000      2.000
              44.000       3.589       0.081       7.000    2.27%       2.000      3.000
     Y210                  2.109      -0.007      -2.000    2.17%       0.000      2.000      2.000
              46.000       2.836      -0.204       6.000    2.17%       2.000      3.000
     Y310                  3.089       0.320      -2.000    2.22%       0.000      2.000      3.000
              45.000       7.014      -0.154      10.000    2.22%       4.000      6.000
     Y111                  1.761      -0.187      -2.000    6.52%       0.000      1.000      2.000
              46.000       3.617      -0.954       5.000    4.35%       3.000      4.000
     Y211                  1.553       0.480      -1.000    4.26%       0.000      1.000      1.000
              47.000       2.800      -1.008       5.000    4.26%       2.000      3.000
     Y311                  2.711       0.003      -2.000    4.44%       0.000      2.000      2.000
              45.000       5.894      -1.070       7.000    2.22%       3.000      5.000
     Y112                  2.065       0.140      -3.000    2.17%       0.000      1.000      2.000
              46.000       4.191      -0.424       7.000    2.17%       2.000      4.000
     Y212                  1.978       0.323      -1.000    2.17%       0.000      1.000      2.000
              46.000       2.369      -0.423       6.000    2.17%       2.000      3.000
     Y312                  2.489      -0.044      -3.000    2.22%       0.000      2.000      2.000
              45.000       5.761      -0.623       7.000    2.22%       2.000      5.000
     Y113                  1.976       0.777      -1.000    2.38%       0.000      1.000      2.000
              42.000       3.499       0.031       7.000    2.38%       2.000      3.000
     Y213                  1.739       0.931      -1.000    2.17%       0.000      1.000      1.000
              46.000       2.758       0.277       6.000    4.35%       2.000      3.000
     Y313                  2.667       0.250      -2.000    2.08%       1.000      2.000      2.500
              48.000       5.681      -0.784       7.000    8.33%       3.000      5.000
     Y114                  1.907       0.751      -1.000    2.33%       0.000      1.000      1.000
              43.000       3.805      -0.275       7.000    2.33%       2.000      4.000
     Y214                  1.673       0.301      -1.000    2.04%       0.000      1.000      1.000
              49.000       1.771      -0.597       5.000    2.04%       2.000      3.000
     Y314                  2.444       0.202      -1.000    4.44%       0.000      1.000      3.000
              45.000       4.514      -1.016       7.000    2.22%       3.000      4.000
     Y115                  1.870       0.566      -2.000    2.17%       0.000      1.000      1.000
              46.000       4.418      -0.597       7.000    2.17%       2.000      4.000
     Y215                  2.000       0.038      -1.000    2.27%       0.000      1.000      2.000
              44.000       2.364      -1.161       5.000    2.27%       2.000      4.000
     Y315                  2.833       0.333      -3.000    2.08%       0.000      2.000      2.500
              48.000       7.347      -0.512       9.000    2.08%       3.000      5.000


THE MODEL ESTIMATION TERMINATED NORMALLY



MODEL FIT INFORMATION

Number of Free Parameters                       15

Loglikelihood

          H0 Value                       -3534.705
          H1 Value                       -1376.463

Information Criteria

          Akaike (AIC)                    7099.409
          Bayesian (BIC)                  7128.089
          Sample-Size Adjusted BIC        7081.007
            (n* = (n + 2) / 24)

Chi-Square Test of Model Fit

          Value                           4316.482
          Degrees of Freedom                  1065
          P-Value                           0.0000

RMSEA (Root Mean Square Error Of Approximation)

          Estimate                           0.247
          90 Percent C.I.                    0.239  0.255
          Probability RMSEA <= .05           0.000

CFI/TLI

          CFI                                0.319
          TLI                                0.367

Chi-Square Test of Model Fit for the Baseline Model

          Value                           5767.337
          Degrees of Freedom                   990
          P-Value                           0.0000

SRMR (Standardized Root Mean Square Residual)

          Value                              0.139



MODEL RESULTS

                                                    Two-Tailed
                    Estimate       S.E.  Est./S.E.    P-Value

 CS1      BY
    Y11                1.000      0.000    999.000    999.000
    Y21                0.499      0.034     14.815      0.000
    Y31                1.355      0.087     15.485      0.000

 CS2      BY
    Y12                1.000      0.000    999.000    999.000
    Y22                0.499      0.034     14.815      0.000
    Y32                1.355      0.087     15.485      0.000

 CS3      BY
    Y13                1.000      0.000    999.000    999.000
    Y23                0.499      0.034     14.815      0.000
    Y33                1.355      0.087     15.485      0.000

 CS4      BY
    Y14                1.000      0.000    999.000    999.000
    Y24                0.499      0.034     14.815      0.000
    Y34                1.355      0.087     15.485      0.000

 CS5      BY
    Y15                1.000      0.000    999.000    999.000
    Y25                0.499      0.034     14.815      0.000
    Y35                1.355      0.087     15.485      0.000

 CS6      BY
    Y16                1.000      0.000    999.000    999.000
    Y26                0.499      0.034     14.815      0.000
    Y36                1.355      0.087     15.485      0.000

 CS7      BY
    Y17                1.000      0.000    999.000    999.000
    Y27                0.499      0.034     14.815      0.000
    Y37                1.355      0.087     15.485      0.000

 CS8      BY
    Y18                1.000      0.000    999.000    999.000
    Y28                0.499      0.034     14.815      0.000
    Y38                1.355      0.087     15.485      0.000

 CS9      BY
    Y19                1.000      0.000    999.000    999.000
    Y29                0.499      0.034     14.815      0.000
    Y39                1.355      0.087     15.485      0.000

 CS10     BY
    Y110               1.000      0.000    999.000    999.000
    Y210               0.499      0.034     14.815      0.000
    Y310               1.355      0.087     15.485      0.000

 CS11     BY
    Y111               1.000      0.000    999.000    999.000
    Y211               0.499      0.034     14.815      0.000
    Y311               1.355      0.087     15.485      0.000

 CS12     BY
    Y112               1.000      0.000    999.000    999.000
    Y212               0.499      0.034     14.815      0.000
    Y312               1.355      0.087     15.485      0.000

 CS13     BY
    Y113               1.000      0.000    999.000    999.000
    Y213               0.499      0.034     14.815      0.000
    Y313               1.355      0.087     15.485      0.000

 CS14     BY
    Y114               1.000      0.000    999.000    999.000
    Y214               0.499      0.034     14.815      0.000
    Y314               1.355      0.087     15.485      0.000

 CS15     BY
    Y115               1.000      0.000    999.000    999.000
    Y215               0.499      0.034     14.815      0.000
    Y315               1.355      0.087     15.485      0.000

 CT       BY
    Y11                1.000      0.000    999.000    999.000
    Y21                0.729      0.172      4.247      0.000
    Y31                1.242      0.225      5.519      0.000
    Y12                1.000      0.000    999.000    999.000
    Y22                0.729      0.172      4.247      0.000
    Y32                1.242      0.225      5.519      0.000
    Y13                1.000      0.000    999.000    999.000
    Y23                0.729      0.172      4.247      0.000
    Y33                1.242      0.225      5.519      0.000
    Y14                1.000      0.000    999.000    999.000
    Y24                0.729      0.172      4.247      0.000
    Y34                1.242      0.225      5.519      0.000
    Y15                1.000      0.000    999.000    999.000
    Y25                0.729      0.172      4.247      0.000
    Y35                1.242      0.225      5.519      0.000
    Y16                1.000      0.000    999.000    999.000
    Y26                0.729      0.172      4.247      0.000
    Y36                1.242      0.225      5.519      0.000
    Y17                1.000      0.000    999.000    999.000
    Y27                0.729      0.172      4.247      0.000
    Y37                1.242      0.225      5.519      0.000
    Y18                1.000      0.000    999.000    999.000
    Y28                0.729      0.172      4.247      0.000
    Y38                1.242      0.225      5.519      0.000
    Y19                1.000      0.000    999.000    999.000
    Y29                0.729      0.172      4.247      0.000
    Y39                1.242      0.225      5.519      0.000
    Y110               1.000      0.000    999.000    999.000
    Y210               0.729      0.172      4.247      0.000
    Y310               1.242      0.225      5.519      0.000
    Y111               1.000      0.000    999.000    999.000
    Y211               0.729      0.172      4.247      0.000
    Y311               1.242      0.225      5.519      0.000
    Y112               1.000      0.000    999.000    999.000
    Y212               0.729      0.172      4.247      0.000
    Y312               1.242      0.225      5.519      0.000
    Y113               1.000      0.000    999.000    999.000
    Y213               0.729      0.172      4.247      0.000
    Y313               1.242      0.225      5.519      0.000
    Y114               1.000      0.000    999.000    999.000
    Y214               0.729      0.172      4.247      0.000
    Y314               1.242      0.225      5.519      0.000
    Y115               1.000      0.000    999.000    999.000
    Y215               0.729      0.172      4.247      0.000
    Y315               1.242      0.225      5.519      0.000

 UT1      BY
    Y11                1.000      0.000    999.000    999.000
    Y12                1.000      0.000    999.000    999.000
    Y13                1.000      0.000    999.000    999.000
    Y14                1.000      0.000    999.000    999.000
    Y15                1.000      0.000    999.000    999.000
    Y16                1.000      0.000    999.000    999.000
    Y17                1.000      0.000    999.000    999.000
    Y18                1.000      0.000    999.000    999.000
    Y19                1.000      0.000    999.000    999.000
    Y110               1.000      0.000    999.000    999.000
    Y111               1.000      0.000    999.000    999.000
    Y112               1.000      0.000    999.000    999.000
    Y113               1.000      0.000    999.000    999.000
    Y114               1.000      0.000    999.000    999.000
    Y115               1.000      0.000    999.000    999.000

 UT2      BY
    Y21                1.000      0.000    999.000    999.000
    Y22                1.000      0.000    999.000    999.000
    Y23                1.000      0.000    999.000    999.000
    Y24                1.000      0.000    999.000    999.000
    Y25                1.000      0.000    999.000    999.000
    Y26                1.000      0.000    999.000    999.000
    Y27                1.000      0.000    999.000    999.000
    Y28                1.000      0.000    999.000    999.000
    Y29                1.000      0.000    999.000    999.000
    Y210               1.000      0.000    999.000    999.000
    Y211               1.000      0.000    999.000    999.000
    Y212               1.000      0.000    999.000    999.000
    Y213               1.000      0.000    999.000    999.000
    Y214               1.000      0.000    999.000    999.000
    Y215               1.000      0.000    999.000    999.000

 UT3      BY
    Y31                1.000      0.000    999.000    999.000
    Y32                1.000      0.000    999.000    999.000
    Y33                1.000      0.000    999.000    999.000
    Y34                1.000      0.000    999.000    999.000
    Y35                1.000      0.000    999.000    999.000
    Y36                1.000      0.000    999.000    999.000
    Y37                1.000      0.000    999.000    999.000
    Y38                1.000      0.000    999.000    999.000
    Y39                1.000      0.000    999.000    999.000
    Y310               1.000      0.000    999.000    999.000
    Y311               1.000      0.000    999.000    999.000
    Y312               1.000      0.000    999.000    999.000
    Y313               1.000      0.000    999.000    999.000
    Y314               1.000      0.000    999.000    999.000
    Y315               1.000      0.000    999.000    999.000

 CS1      WITH
    CS2                0.000      0.000    999.000    999.000
    CS3                0.000      0.000    999.000    999.000
    CS4                0.000      0.000    999.000    999.000
    CS5                0.000      0.000    999.000    999.000
    CS6                0.000      0.000    999.000    999.000
    CS7                0.000      0.000    999.000    999.000
    CS8                0.000      0.000    999.000    999.000
    CS9                0.000      0.000    999.000    999.000
    CS10               0.000      0.000    999.000    999.000
    CS11               0.000      0.000    999.000    999.000
    CS12               0.000      0.000    999.000    999.000
    CS13               0.000      0.000    999.000    999.000
    CS14               0.000      0.000    999.000    999.000
    CS15               0.000      0.000    999.000    999.000
    UT1                0.000      0.000    999.000    999.000
    UT2                0.000      0.000    999.000    999.000
    UT3                0.000      0.000    999.000    999.000
    CT                 0.000      0.000    999.000    999.000

 CS2      WITH
    CS3                0.000      0.000    999.000    999.000
    CS4                0.000      0.000    999.000    999.000
    CS5                0.000      0.000    999.000    999.000
    CS6                0.000      0.000    999.000    999.000
    CS7                0.000      0.000    999.000    999.000
    CS8                0.000      0.000    999.000    999.000
    CS9                0.000      0.000    999.000    999.000
    CS10               0.000      0.000    999.000    999.000
    CS11               0.000      0.000    999.000    999.000
    CS12               0.000      0.000    999.000    999.000
    CS13               0.000      0.000    999.000    999.000
    CS14               0.000      0.000    999.000    999.000
    CS15               0.000      0.000    999.000    999.000
    UT1                0.000      0.000    999.000    999.000
    UT2                0.000      0.000    999.000    999.000
    UT3                0.000      0.000    999.000    999.000
    CT                 0.000      0.000    999.000    999.000

 CS3      WITH
    CS4                0.000      0.000    999.000    999.000
    CS5                0.000      0.000    999.000    999.000
    CS6                0.000      0.000    999.000    999.000
    CS7                0.000      0.000    999.000    999.000
    CS8                0.000      0.000    999.000    999.000
    CS9                0.000      0.000    999.000    999.000
    CS10               0.000      0.000    999.000    999.000
    CS11               0.000      0.000    999.000    999.000
    CS12               0.000      0.000    999.000    999.000
    CS13               0.000      0.000    999.000    999.000
    CS14               0.000      0.000    999.000    999.000
    CS15               0.000      0.000    999.000    999.000
    UT1                0.000      0.000    999.000    999.000
    UT2                0.000      0.000    999.000    999.000
    UT3                0.000      0.000    999.000    999.000
    CT                 0.000      0.000    999.000    999.000

 CS4      WITH
    CS5                0.000      0.000    999.000    999.000
    CS6                0.000      0.000    999.000    999.000
    CS7                0.000      0.000    999.000    999.000
    CS8                0.000      0.000    999.000    999.000
    CS9                0.000      0.000    999.000    999.000
    CS10               0.000      0.000    999.000    999.000
    CS11               0.000      0.000    999.000    999.000
    CS12               0.000      0.000    999.000    999.000
    CS13               0.000      0.000    999.000    999.000
    CS14               0.000      0.000    999.000    999.000
    CS15               0.000      0.000    999.000    999.000
    UT1                0.000      0.000    999.000    999.000
    UT2                0.000      0.000    999.000    999.000
    UT3                0.000      0.000    999.000    999.000
    CT                 0.000      0.000    999.000    999.000

 CS5      WITH
    CS6                0.000      0.000    999.000    999.000
    CS7                0.000      0.000    999.000    999.000
    CS8                0.000      0.000    999.000    999.000
    CS9                0.000      0.000    999.000    999.000
    CS10               0.000      0.000    999.000    999.000
    CS11               0.000      0.000    999.000    999.000
    CS12               0.000      0.000    999.000    999.000
    CS13               0.000      0.000    999.000    999.000
    CS14               0.000      0.000    999.000    999.000
    CS15               0.000      0.000    999.000    999.000
    UT1                0.000      0.000    999.000    999.000
    UT2                0.000      0.000    999.000    999.000
    UT3                0.000      0.000    999.000    999.000
    CT                 0.000      0.000    999.000    999.000

 CS6      WITH
    CS7                0.000      0.000    999.000    999.000
    CS8                0.000      0.000    999.000    999.000
    CS9                0.000      0.000    999.000    999.000
    CS10               0.000      0.000    999.000    999.000
    CS11               0.000      0.000    999.000    999.000
    CS12               0.000      0.000    999.000    999.000
    CS13               0.000      0.000    999.000    999.000
    CS14               0.000      0.000    999.000    999.000
    CS15               0.000      0.000    999.000    999.000
    UT1                0.000      0.000    999.000    999.000
    UT2                0.000      0.000    999.000    999.000
    UT3                0.000      0.000    999.000    999.000
    CT                 0.000      0.000    999.000    999.000

 CS7      WITH
    CS8                0.000      0.000    999.000    999.000
    CS9                0.000      0.000    999.000    999.000
    CS10               0.000      0.000    999.000    999.000
    CS11               0.000      0.000    999.000    999.000
    CS12               0.000      0.000    999.000    999.000
    CS13               0.000      0.000    999.000    999.000
    CS14               0.000      0.000    999.000    999.000
    CS15               0.000      0.000    999.000    999.000
    UT1                0.000      0.000    999.000    999.000
    UT2                0.000      0.000    999.000    999.000
    UT3                0.000      0.000    999.000    999.000
    CT                 0.000      0.000    999.000    999.000

 CS8      WITH
    CS9                0.000      0.000    999.000    999.000
    CS10               0.000      0.000    999.000    999.000
    CS11               0.000      0.000    999.000    999.000
    CS12               0.000      0.000    999.000    999.000
    CS13               0.000      0.000    999.000    999.000
    CS14               0.000      0.000    999.000    999.000
    CS15               0.000      0.000    999.000    999.000
    UT1                0.000      0.000    999.000    999.000
    UT2                0.000      0.000    999.000    999.000
    UT3                0.000      0.000    999.000    999.000
    CT                 0.000      0.000    999.000    999.000

 CS9      WITH
    CS10               0.000      0.000    999.000    999.000
    CS11               0.000      0.000    999.000    999.000
    CS12               0.000      0.000    999.000    999.000
    CS13               0.000      0.000    999.000    999.000
    CS14               0.000      0.000    999.000    999.000
    CS15               0.000      0.000    999.000    999.000
    UT1                0.000      0.000    999.000    999.000
    UT2                0.000      0.000    999.000    999.000
    UT3                0.000      0.000    999.000    999.000
    CT                 0.000      0.000    999.000    999.000

 CS10     WITH
    CS11               0.000      0.000    999.000    999.000
    CS12               0.000      0.000    999.000    999.000
    CS13               0.000      0.000    999.000    999.000
    CS14               0.000      0.000    999.000    999.000
    CS15               0.000      0.000    999.000    999.000
    UT1                0.000      0.000    999.000    999.000
    UT2                0.000      0.000    999.000    999.000
    UT3                0.000      0.000    999.000    999.000
    CT                 0.000      0.000    999.000    999.000

 CS11     WITH
    CS12               0.000      0.000    999.000    999.000
    CS13               0.000      0.000    999.000    999.000
    CS14               0.000      0.000    999.000    999.000
    CS15               0.000      0.000    999.000    999.000
    UT1                0.000      0.000    999.000    999.000
    UT2                0.000      0.000    999.000    999.000
    UT3                0.000      0.000    999.000    999.000
    CT                 0.000      0.000    999.000    999.000

 CS12     WITH
    CS13               0.000      0.000    999.000    999.000
    CS14               0.000      0.000    999.000    999.000
    CS15               0.000      0.000    999.000    999.000
    UT1                0.000      0.000    999.000    999.000
    UT2                0.000      0.000    999.000    999.000
    UT3                0.000      0.000    999.000    999.000
    CT                 0.000      0.000    999.000    999.000

 CS13     WITH
    CS14               0.000      0.000    999.000    999.000
    CS15               0.000      0.000    999.000    999.000
    UT1                0.000      0.000    999.000    999.000
    UT2                0.000      0.000    999.000    999.000
    UT3                0.000      0.000    999.000    999.000
    CT                 0.000      0.000    999.000    999.000

 CS14     WITH
    CS15               0.000      0.000    999.000    999.000
    UT1                0.000      0.000    999.000    999.000
    UT2                0.000      0.000    999.000    999.000
    UT3                0.000      0.000    999.000    999.000
    CT                 0.000      0.000    999.000    999.000

 CS15     WITH
    UT1                0.000      0.000    999.000    999.000
    UT2                0.000      0.000    999.000    999.000
    UT3                0.000      0.000    999.000    999.000
    CT                 0.000      0.000    999.000    999.000

 UT1      WITH
    UT2                0.000      0.000    999.000    999.000
    UT3                0.000      0.000    999.000    999.000
    CT                 0.000      0.000    999.000    999.000

 UT2      WITH
    UT3                0.000      0.000    999.000    999.000
    CT                 0.000      0.000    999.000    999.000

 UT3      WITH
    CT                 0.000      0.000    999.000    999.000

 Intercepts
    Y11                1.835      0.179     10.262      0.000
    Y21                1.865      0.175     10.668      0.000
    Y31                2.746      0.205     13.390      0.000
    Y12                1.835      0.179     10.262      0.000
    Y22                1.865      0.175     10.668      0.000
    Y32                2.746      0.205     13.390      0.000
    Y13                1.835      0.179     10.262      0.000
    Y23                1.865      0.175     10.668      0.000
    Y33                2.746      0.205     13.390      0.000
    Y14                1.835      0.179     10.262      0.000
    Y24                1.865      0.175     10.668      0.000
    Y34                2.746      0.205     13.390      0.000
    Y15                1.835      0.179     10.262      0.000
    Y25                1.865      0.175     10.668      0.000
    Y35                2.746      0.205     13.390      0.000
    Y16                1.835      0.179     10.262      0.000
    Y26                1.865      0.175     10.668      0.000
    Y36                2.746      0.205     13.390      0.000
    Y17                1.835      0.179     10.262      0.000
    Y27                1.865      0.175     10.668      0.000
    Y37                2.746      0.205     13.390      0.000
    Y18                1.835      0.179     10.262      0.000
    Y28                1.865      0.175     10.668      0.000
    Y38                2.746      0.205     13.390      0.000
    Y19                1.835      0.179     10.262      0.000
    Y29                1.865      0.175     10.668      0.000
    Y39                2.746      0.205     13.390      0.000
    Y110               1.835      0.179     10.262      0.000
    Y210               1.865      0.175     10.668      0.000
    Y310               2.746      0.205     13.390      0.000
    Y111               1.835      0.179     10.262      0.000
    Y211               1.865      0.175     10.668      0.000
    Y311               2.746      0.205     13.390      0.000
    Y112               1.835      0.179     10.262      0.000
    Y212               1.865      0.175     10.668      0.000
    Y312               2.746      0.205     13.390      0.000
    Y113               1.835      0.179     10.262      0.000
    Y213               1.865      0.175     10.668      0.000
    Y313               2.746      0.205     13.390      0.000
    Y114               1.835      0.179     10.262      0.000
    Y214               1.865      0.175     10.668      0.000
    Y314               2.746      0.205     13.390      0.000
    Y115               1.835      0.179     10.262      0.000
    Y215               1.865      0.175     10.668      0.000
    Y315               2.746      0.205     13.390      0.000

 Variances
    CS1                1.650      0.162     10.162      0.000
    CS2                1.650      0.162     10.162      0.000
    CS3                1.650      0.162     10.162      0.000
    CS4                1.650      0.162     10.162      0.000
    CS5                1.650      0.162     10.162      0.000
    CS6                1.650      0.162     10.162      0.000
    CS7                1.650      0.162     10.162      0.000
    CS8                1.650      0.162     10.162      0.000
    CS9                1.650      0.162     10.162      0.000
    CS10               1.650      0.162     10.162      0.000
    CS11               1.650      0.162     10.162      0.000
    CS12               1.650      0.162     10.162      0.000
    CS13               1.650      0.162     10.162      0.000
    CS14               1.650      0.162     10.162      0.000
    CS15               1.650      0.162     10.162      0.000
    CT                 1.047      0.343      3.055      0.002
    UT1                0.369      0.179      2.067      0.039
    UT2                0.907      0.207      4.374      0.000
    UT3                0.173      0.247      0.702      0.483

 Residual Variances
    Y11                0.936      0.104      8.976      0.000
    Y21                0.489      0.035     13.890      0.000
    Y31                1.437      0.180      7.970      0.000
    Y12                0.936      0.104      8.976      0.000
    Y22                0.489      0.035     13.890      0.000
    Y32                1.437      0.180      7.970      0.000
    Y13                0.936      0.104      8.976      0.000
    Y23                0.489      0.035     13.890      0.000
    Y33                1.437      0.180      7.970      0.000
    Y14                0.936      0.104      8.976      0.000
    Y24                0.489      0.035     13.890      0.000
    Y34                1.437      0.180      7.970      0.000
    Y15                0.936      0.104      8.976      0.000
    Y25                0.489      0.035     13.890      0.000
    Y35                1.437      0.180      7.970      0.000
    Y16                0.936      0.104      8.976      0.000
    Y26                0.489      0.035     13.890      0.000
    Y36                1.437      0.180      7.970      0.000
    Y17                0.936      0.104      8.976      0.000
    Y27                0.489      0.035     13.890      0.000
    Y37                1.437      0.180      7.970      0.000
    Y18                0.936      0.104      8.976      0.000
    Y28                0.489      0.035     13.890      0.000
    Y38                1.437      0.180      7.970      0.000
    Y19                0.936      0.104      8.976      0.000
    Y29                0.489      0.035     13.890      0.000
    Y39                1.437      0.180      7.970      0.000
    Y110               0.936      0.104      8.976      0.000
    Y210               0.489      0.035     13.890      0.000
    Y310               1.437      0.180      7.970      0.000
    Y111               0.936      0.104      8.976      0.000
    Y211               0.489      0.035     13.890      0.000
    Y311               1.437      0.180      7.970      0.000
    Y112               0.936      0.104      8.976      0.000
    Y212               0.489      0.035     13.890      0.000
    Y312               1.437      0.180      7.970      0.000
    Y113               0.936      0.104      8.976      0.000
    Y213               0.489      0.035     13.890      0.000
    Y313               1.437      0.180      7.970      0.000
    Y114               0.936      0.104      8.976      0.000
    Y214               0.489      0.035     13.890      0.000
    Y314               1.437      0.180      7.970      0.000
    Y115               0.936      0.104      8.976      0.000
    Y215               0.489      0.035     13.890      0.000
    Y315               1.437      0.180      7.970      0.000


QUALITY OF NUMERICAL RESULTS

     Condition Number for the Information Matrix              0.320E-02
       (ratio of smallest to largest eigenvalue)


     Beginning Time:  10:36:23
        Ending Time:  10:37:03
       Elapsed Time:  00:00:40



MUTHEN & MUTHEN
3463 Stoner Ave.
Los Angeles, CA  90066

Tel: (310) 391-9971
Fax: (310) 391-8971
Web: www.StatModel.com
Support: Support@StatModel.com

Copyright (c) 1998-2017 Muthen & Muthen
