Mplus VERSION 8
MUTHEN & MUTHEN
02/16/2019   4:20 AM

INPUT INSTRUCTIONS

  TITLE: Your title goes here
  DATA: FILE = "Mplus_files_Results/cuts_long_n50_i4_nt5_na0.dat";
  VARIABLE:
  NAMES = subjn time y1 y2 y3 y4;
  MISSING=.;
  USEVAR = y1
  y2
  y3
  y4 ;
  CLUSTER = subjn ;

  ANALYSIS:
  TYPE = TWOLEVEL ;
  ESTIMATOR = ML ;
  ITERATIONS = 50000 ;
  H1ITERATIONS = 50000 ;


  MODEL:

  %WITHIN%

  ! common states
  CS BY y1@1
  y2 (lcs2)
  y3 (lcs3)
  y4 (lcs4) ;

  %BETWEEN%

  ! common trait
  CT BY y1@1
  y2 (lct2)
  y3 (lct3)
  y4 (lct4) ;



INPUT READING TERMINATED NORMALLY



Your title goes here

SUMMARY OF ANALYSIS

Number of groups                                                 1
Number of observations                                         250

Number of dependent variables                                    4
Number of independent variables                                  0
Number of continuous latent variables                            2

Observed dependent variables

  Continuous
   Y1          Y2          Y3          Y4

Continuous latent variables
   CS          CT

Variables with special functions

  Cluster variable      SUBJN

Estimator                                                       ML
Information matrix                                        OBSERVED
Maximum number of iterations                                 50000
Convergence criterion                                    0.100D-05
Maximum number of EM iterations                                500
Convergence criteria for the EM algorithm
  Loglikelihood change                                   0.100D-02
  Relative loglikelihood change                          0.100D-05
  Derivative                                             0.100D-03
Minimum variance                                         0.100D-03
Maximum number of steepest descent iterations                   20
Maximum number of iterations for H1                          50000
Convergence criterion for H1                             0.100D-03
Optimization algorithm                                         EMA

Input data file(s)
  Mplus_files_Results/cuts_long_n50_i4_nt5_na0.dat
Input data format  FREE


SUMMARY OF DATA

     Number of missing data patterns             1
     Number of clusters                         50

     Average cluster size        5.000

     Estimated Intraclass Correlations for the Y Variables

                Intraclass              Intraclass              Intraclass
     Variable  Correlation   Variable  Correlation   Variable  Correlation

     Y1           0.400      Y2           0.664      Y3           0.292
     Y4           0.468



COVARIANCE COVERAGE OF DATA

Minimum covariance coverage value   0.100


     PROPORTION OF DATA PRESENT


           Covariance Coverage
              Y1            Y2            Y3            Y4
              ________      ________      ________      ________
 Y1             1.000
 Y2             1.000         1.000
 Y3             1.000         1.000         1.000
 Y4             1.000         1.000         1.000         1.000



UNIVARIATE SAMPLE STATISTICS


     UNIVARIATE HIGHER-ORDER MOMENT DESCRIPTIVE STATISTICS

         Variable/         Mean/     Skewness/   Minimum/ % with                Percentiles
        Sample Size      Variance    Kurtosis    Maximum  Min/Max      20%/60%    40%/80%    Median

     Y1                    2.221      -0.112      -3.687    0.40%       0.294      1.774      2.329
             250.000       4.764      -0.400       7.049    0.40%       2.888      4.121
     Y2                    2.356      -0.062      -2.270    0.40%       0.874      1.844      2.432
             250.000       2.920      -0.305       7.220    0.40%       2.976      3.797
     Y3                    3.234      -0.339      -5.292    0.40%       0.816      2.737      3.262
             250.000       7.533       0.165       9.430    0.40%       3.912      5.455
     Y4                    3.651      -0.348      -3.303    0.40%       1.898      3.235      3.809
             250.000       3.762       0.251       8.502    0.40%       4.349      5.195


THE MODEL ESTIMATION TERMINATED NORMALLY

     WARNING:  THE RESIDUAL COVARIANCE MATRIX (THETA) IS NOT POSITIVE DEFINITE.
     THIS COULD INDICATE A NEGATIVE VARIANCE/RESIDUAL VARIANCE FOR AN OBSERVED
     VARIABLE, A CORRELATION GREATER OR EQUAL TO ONE BETWEEN TWO OBSERVED
     VARIABLES, OR A LINEAR DEPENDENCY AMONG MORE THAN TWO OBSERVED VARIABLES.
     CHECK THE RESULTS SECTION FOR MORE INFORMATION.



MODEL FIT INFORMATION

Number of Free Parameters                       20

Loglikelihood

          H0 Value                       -1762.293
          H1 Value                       -1761.764

Information Criteria

          Akaike (AIC)                    3564.586
          Bayesian (BIC)                  3635.015
          Sample-Size Adjusted BIC        3571.614
            (n* = (n + 2) / 24)

Chi-Square Test of Model Fit

          Value                              1.057
          Degrees of Freedom                     4
          P-Value                           0.9010

RMSEA (Root Mean Square Error Of Approximation)

          Estimate                           0.000

CFI/TLI

          CFI                                1.000
          TLI                                1.018

Chi-Square Test of Model Fit for the Baseline Model

          Value                            497.299
          Degrees of Freedom                    12
          P-Value                           0.0000

SRMR (Standardized Root Mean Square Residual)

          Value for Within                   0.009
          Value for Between                  0.004



MODEL RESULTS

                                                    Two-Tailed
                    Estimate       S.E.  Est./S.E.    P-Value

Within Level

 CS       BY
    Y1                 1.000      0.000    999.000    999.000
    Y2                 0.485      0.048     10.047      0.000
    Y3                 1.397      0.109     12.759      0.000
    Y4                 0.826      0.068     12.218      0.000

 Variances
    CS                 1.928      0.287      6.710      0.000

 Residual Variances
    Y1                 0.931      0.135      6.904      0.000
    Y2                 0.528      0.060      8.767      0.000
    Y3                 1.575      0.243      6.495      0.000
    Y4                 0.688      0.096      7.190      0.000

Between Level

 CT       BY
    Y1                 1.000      0.000    999.000    999.000
    Y2                 0.809      0.202      3.994      0.000
    Y3                 1.345      0.217      6.194      0.000
    Y4                 0.886      0.188      4.715      0.000

 Intercepts
    Y1                 2.221      0.223      9.982      0.000
    Y2                 2.356      0.207     11.397      0.000
    Y3                 3.234      0.255     12.657      0.000
    Y4                 3.651      0.208     17.554      0.000

 Variances
    CT                 1.262      0.482      2.619      0.009

 Residual Variances
    Y1                 0.643      0.206      3.114      0.002
    Y2                 1.115      0.272      4.100      0.000
    Y3                -0.086      0.221     -0.391      0.696
    Y4                 0.774      0.208      3.711      0.000


QUALITY OF NUMERICAL RESULTS

     Condition Number for the Information Matrix              0.162E-02
       (ratio of smallest to largest eigenvalue)


     Beginning Time:  04:20:22
        Ending Time:  04:20:22
       Elapsed Time:  00:00:00



MUTHEN & MUTHEN
3463 Stoner Ave.
Los Angeles, CA  90066

Tel: (310) 391-9971
Fax: (310) 391-8971
Web: www.StatModel.com
Support: Support@StatModel.com

Copyright (c) 1998-2017 Muthen & Muthen
