Mplus VERSION 8
MUTHEN & MUTHEN
02/16/2019   7:39 PM

INPUT INSTRUCTIONS

  TITLE: Your title goes here
  DATA: FILE = "Mplus_files_Results/cuts_long_trunc_n500_i4_nt120_na0.dat";
  VARIABLE:
  NAMES = subjn time y1 y2 y3 y4;
  MISSING=.;
  USEVAR = y1
  y2
  y3
  y4 ;
  CLUSTER = subjn ;

  ANALYSIS:
  TYPE = TWOLEVEL ;
  ESTIMATOR = ML ;
  ITERATIONS = 50000 ;
  H1ITERATIONS = 50000 ;


  MODEL:

  %WITHIN%

  ! common states
  CS BY y1@1
  y2 (lcs2)
  y3 (lcs3)
  y4 (lcs4) ;

  %BETWEEN%

  ! common trait
  CT BY y1@1
  y2 (lct2)
  y3 (lct3)
  y4 (lct4) ;



INPUT READING TERMINATED NORMALLY



Your title goes here

SUMMARY OF ANALYSIS

Number of groups                                                 1
Number of observations                                       60000

Number of dependent variables                                    4
Number of independent variables                                  0
Number of continuous latent variables                            2

Observed dependent variables

  Continuous
   Y1          Y2          Y3          Y4

Continuous latent variables
   CS          CT

Variables with special functions

  Cluster variable      SUBJN

Estimator                                                       ML
Information matrix                                        OBSERVED
Maximum number of iterations                                 50000
Convergence criterion                                    0.100D-05
Maximum number of EM iterations                                500
Convergence criteria for the EM algorithm
  Loglikelihood change                                   0.100D-02
  Relative loglikelihood change                          0.100D-05
  Derivative                                             0.100D-03
Minimum variance                                         0.100D-03
Maximum number of steepest descent iterations                   20
Maximum number of iterations for H1                          50000
Convergence criterion for H1                             0.100D-03
Optimization algorithm                                         EMA

Input data file(s)
  Mplus_files_Results/cuts_long_trunc_n500_i4_nt120_na0.dat
Input data format  FREE


SUMMARY OF DATA

     Number of missing data patterns             1
     Number of clusters                        500

     Average cluster size      120.000

     Estimated Intraclass Correlations for the Y Variables

                Intraclass              Intraclass              Intraclass
     Variable  Correlation   Variable  Correlation   Variable  Correlation

     Y1           0.373      Y2           0.641      Y3           0.312
     Y4           0.457



COVARIANCE COVERAGE OF DATA

Minimum covariance coverage value   0.100


     PROPORTION OF DATA PRESENT


           Covariance Coverage
              Y1            Y2            Y3            Y4
              ________      ________      ________      ________
 Y1             1.000
 Y2             1.000         1.000
 Y3             1.000         1.000         1.000
 Y4             1.000         1.000         1.000         1.000



UNIVARIATE SAMPLE STATISTICS


     UNIVARIATE HIGHER-ORDER MOMENT DESCRIPTIVE STATISTICS

         Variable/         Mean/     Skewness/   Minimum/ % with                Percentiles
        Sample Size      Variance    Kurtosis    Maximum  Min/Max      20%/60%    40%/80%    Median

     Y1                    1.723       0.350      -6.000    0.01%       0.000      1.000      2.000
           60000.000       3.941       0.162      11.000    0.01%       2.000      3.000
     Y2                    2.133       0.301      -4.000    0.00%       1.000      2.000      2.000
           60000.000       2.685      -0.281      10.000    0.00%       2.000      4.000
     Y3                    2.712       0.297      -8.000    0.00%       0.000      2.000      3.000
           60000.000       6.297      -0.039      16.000    0.00%       3.000      5.000
     Y4                    3.017       0.186      -4.000    0.01%       1.000      2.000      3.000
           60000.000       3.706      -0.254      11.000    0.01%       3.000      5.000


THE MODEL ESTIMATION TERMINATED NORMALLY



MODEL FIT INFORMATION

Number of Free Parameters                       20

Loglikelihood

          H0 Value                     -386012.068
          H1 Value                     -386004.805

Information Criteria

          Akaike (AIC)                  772064.136
          Bayesian (BIC)                772244.178
          Sample-Size Adjusted BIC      772180.617
            (n* = (n + 2) / 24)

Chi-Square Test of Model Fit

          Value                             14.526
          Degrees of Freedom                     4
          P-Value                           0.0058

RMSEA (Root Mean Square Error Of Approximation)

          Estimate                           0.007

CFI/TLI

          CFI                                1.000
          TLI                                1.000

Chi-Square Test of Model Fit for the Baseline Model

          Value                         100119.585
          Degrees of Freedom                    12
          P-Value                           0.0000

SRMR (Standardized Root Mean Square Residual)

          Value for Within                   0.001
          Value for Between                  0.017



MODEL RESULTS

                                                    Two-Tailed
                    Estimate       S.E.  Est./S.E.    P-Value

Within Level

 CS       BY
    Y1                 1.000      0.000    999.000    999.000
    Y2                 0.526      0.003    161.173      0.000
    Y3                 1.369      0.007    197.927      0.000
    Y4                 0.868      0.005    185.867      0.000

 Variances
    CS                 1.566      0.014    108.863      0.000

 Residual Variances
    Y1                 0.904      0.008    119.906      0.000
    Y2                 0.530      0.004    148.532      0.000
    Y3                 1.393      0.013    108.801      0.000
    Y4                 0.832      0.006    129.890      0.000

Between Level

 CT       BY
    Y1                 1.000      0.000    999.000    999.000
    Y2                 0.864      0.048     17.841      0.000
    Y3                 1.230      0.046     26.904      0.000
    Y4                 0.952      0.046     20.486      0.000

 Intercepts
    Y1                 1.723      0.055     31.553      0.000
    Y2                 2.133      0.059     36.255      0.000
    Y3                 2.712      0.063     42.844      0.000
    Y4                 3.017      0.058     51.570      0.000

 Variances
    CT                 1.117      0.095     11.770      0.000

 Residual Variances
    Y1                 0.354      0.034     10.428      0.000
    Y2                 0.888      0.063     14.139      0.000
    Y3                 0.278      0.042      6.704      0.000
    Y4                 0.681      0.051     13.489      0.000


QUALITY OF NUMERICAL RESULTS

     Condition Number for the Information Matrix              0.944E-04
       (ratio of smallest to largest eigenvalue)


     Beginning Time:  19:39:20
        Ending Time:  19:39:23
       Elapsed Time:  00:00:03



MUTHEN & MUTHEN
3463 Stoner Ave.
Los Angeles, CA  90066

Tel: (310) 391-9971
Fax: (310) 391-8971
Web: www.StatModel.com
Support: Support@StatModel.com

Copyright (c) 1998-2017 Muthen & Muthen
