Mplus VERSION 8
MUTHEN & MUTHEN
02/16/2019  10:57 AM

INPUT INSTRUCTIONS

  TITLE: Your title goes here
  DATA: FILE = "Mplus_files_Results/cuts_long_n500_i4_nt75_na0.dat";
  VARIABLE:
  NAMES = subjn time y1 y2 y3 y4;
  MISSING=.;
  USEVAR = y1
  y2
  y3
  y4 ;
  CLUSTER = subjn ;

  ANALYSIS:
  TYPE = TWOLEVEL ;
  ESTIMATOR = ML ;
  ITERATIONS = 50000 ;
  H1ITERATIONS = 50000 ;


  MODEL:

  %WITHIN%

  ! common states
  CS BY y1@1
  y2 (lcs2)
  y3 (lcs3)
  y4 (lcs4) ;

  %BETWEEN%

  ! common trait
  CT BY y1@1
  y2 (lct2)
  y3 (lct3)
  y4 (lct4) ;



INPUT READING TERMINATED NORMALLY



Your title goes here

SUMMARY OF ANALYSIS

Number of groups                                                 1
Number of observations                                       37500

Number of dependent variables                                    4
Number of independent variables                                  0
Number of continuous latent variables                            2

Observed dependent variables

  Continuous
   Y1          Y2          Y3          Y4

Continuous latent variables
   CS          CT

Variables with special functions

  Cluster variable      SUBJN

Estimator                                                       ML
Information matrix                                        OBSERVED
Maximum number of iterations                                 50000
Convergence criterion                                    0.100D-05
Maximum number of EM iterations                                500
Convergence criteria for the EM algorithm
  Loglikelihood change                                   0.100D-02
  Relative loglikelihood change                          0.100D-05
  Derivative                                             0.100D-03
Minimum variance                                         0.100D-03
Maximum number of steepest descent iterations                   20
Maximum number of iterations for H1                          50000
Convergence criterion for H1                             0.100D-03
Optimization algorithm                                         EMA

Input data file(s)
  Mplus_files_Results/cuts_long_n500_i4_nt75_na0.dat
Input data format  FREE


SUMMARY OF DATA

     Number of missing data patterns             1
     Number of clusters                        500

     Average cluster size       75.000

     Estimated Intraclass Correlations for the Y Variables

                Intraclass              Intraclass              Intraclass
     Variable  Correlation   Variable  Correlation   Variable  Correlation

     Y1           0.378      Y2           0.662      Y3           0.316
     Y4           0.462



COVARIANCE COVERAGE OF DATA

Minimum covariance coverage value   0.100


     PROPORTION OF DATA PRESENT


           Covariance Coverage
              Y1            Y2            Y3            Y4
              ________      ________      ________      ________
 Y1             1.000
 Y2             1.000         1.000
 Y3             1.000         1.000         1.000
 Y4             1.000         1.000         1.000         1.000



UNIVARIATE SAMPLE STATISTICS


     UNIVARIATE HIGHER-ORDER MOMENT DESCRIPTIVE STATISTICS

         Variable/         Mean/     Skewness/   Minimum/ % with                Percentiles
        Sample Size      Variance    Kurtosis    Maximum  Min/Max      20%/60%    40%/80%    Median

     Y1                    2.039       0.020      -7.930    0.00%       0.173      1.472      2.030
           37500.000       4.886       0.030      11.170    0.00%       2.591      3.901
     Y2                    2.559       0.009      -3.970    0.00%       1.103      2.120      2.554
           37500.000       3.007      -0.055       9.509    0.00%       2.989      4.039
     Y3                    3.070       0.023      -9.484    0.00%       0.819      2.380      3.074
           37500.000       7.157       0.034      14.030    0.00%       3.739      5.295
     Y4                    3.480      -0.001      -5.045    0.00%       1.820      2.984      3.474
           37500.000       3.902       0.069      12.684    0.00%       3.967      5.144


THE MODEL ESTIMATION TERMINATED NORMALLY



MODEL FIT INFORMATION

Number of Free Parameters                       20

Loglikelihood

          H0 Value                     -246484.024
          H1 Value                     -246475.488

Information Criteria

          Akaike (AIC)                  493008.049
          Bayesian (BIC)                493178.691
          Sample-Size Adjusted BIC      493115.131
            (n* = (n + 2) / 24)

Chi-Square Test of Model Fit

          Value                             17.072
          Degrees of Freedom                     4
          P-Value                           0.0019

RMSEA (Root Mean Square Error Of Approximation)

          Estimate                           0.009

CFI/TLI

          CFI                                1.000
          TLI                                0.999

Chi-Square Test of Model Fit for the Baseline Model

          Value                          70698.680
          Degrees of Freedom                    12
          P-Value                           0.0000

SRMR (Standardized Root Mean Square Residual)

          Value for Within                   0.001
          Value for Between                  0.017



MODEL RESULTS

                                                    Two-Tailed
                    Estimate       S.E.  Est./S.E.    P-Value

Within Level

 CS       BY
    Y1                 1.000      0.000    999.000    999.000
    Y2                 0.503      0.004    142.170      0.000
    Y3                 1.290      0.008    168.494      0.000
    Y4                 0.797      0.005    159.083      0.000

 Variances
    CS                 2.034      0.022     90.430      0.000

 Residual Variances
    Y1                 1.005      0.011     93.438      0.000
    Y2                 0.500      0.004    115.007      0.000
    Y3                 1.511      0.017     88.959      0.000
    Y4                 0.810      0.008    102.896      0.000

Between Level

 CT       BY
    Y1                 1.000      0.000    999.000    999.000
    Y2                 0.818      0.047     17.394      0.000
    Y3                 1.177      0.044     26.661      0.000
    Y4                 0.877      0.043     20.365      0.000

 Intercepts
    Y1                 2.039      0.061     33.193      0.000
    Y2                 2.559      0.063     40.400      0.000
    Y3                 3.070      0.068     45.017      0.000
    Y4                 3.480      0.060     57.528      0.000

 Variances
    CT                 1.402      0.120     11.677      0.000

 Residual Variances
    Y1                 0.445      0.043     10.306      0.000
    Y2                 1.053      0.074     14.173      0.000
    Y3                 0.316      0.048      6.535      0.000
    Y4                 0.722      0.054     13.399      0.000


QUALITY OF NUMERICAL RESULTS

     Condition Number for the Information Matrix              0.454E-03
       (ratio of smallest to largest eigenvalue)


     Beginning Time:  10:57:22
        Ending Time:  10:57:24
       Elapsed Time:  00:00:02



MUTHEN & MUTHEN
3463 Stoner Ave.
Los Angeles, CA  90066

Tel: (310) 391-9971
Fax: (310) 391-8971
Web: www.StatModel.com
Support: Support@StatModel.com

Copyright (c) 1998-2017 Muthen & Muthen
