Mplus VERSION 8
MUTHEN & MUTHEN
02/15/2019   6:51 PM

INPUT INSTRUCTIONS

  TITLE: Your title goes here
  DATA: FILE = "Mplus_files_Results/cuts_long_n100_i3_nt75_na0.dat";
  VARIABLE:
  NAMES = subjn time y1 y2 y3;
  MISSING=.;
  USEVAR = y1
  y2
  y3 ;
  CLUSTER = subjn ;

  ANALYSIS:
  TYPE = TWOLEVEL ;
  ESTIMATOR = ML ;
  ITERATIONS = 50000 ;
  H1ITERATIONS = 50000 ;


  MODEL:

  %WITHIN%

  ! common states
  CS BY y1@1
  y2 (lcs2)
  y3 (lcs3) ;

  %BETWEEN%

  ! common trait
  CT BY y1@1
  y2 (lct2)
  y3 (lct3) ;



INPUT READING TERMINATED NORMALLY



Your title goes here

SUMMARY OF ANALYSIS

Number of groups                                                 1
Number of observations                                        7500

Number of dependent variables                                    3
Number of independent variables                                  0
Number of continuous latent variables                            2

Observed dependent variables

  Continuous
   Y1          Y2          Y3

Continuous latent variables
   CS          CT

Variables with special functions

  Cluster variable      SUBJN

Estimator                                                       ML
Information matrix                                        OBSERVED
Maximum number of iterations                                 50000
Convergence criterion                                    0.100D-05
Maximum number of EM iterations                                500
Convergence criteria for the EM algorithm
  Loglikelihood change                                   0.100D-02
  Relative loglikelihood change                          0.100D-05
  Derivative                                             0.100D-03
Minimum variance                                         0.100D-03
Maximum number of steepest descent iterations                   20
Maximum number of iterations for H1                          50000
Convergence criterion for H1                             0.100D-03
Optimization algorithm                                         EMA

Input data file(s)
  Mplus_files_Results/cuts_long_n100_i3_nt75_na0.dat
Input data format  FREE


SUMMARY OF DATA

     Number of missing data patterns             1
     Number of clusters                        100

     Average cluster size       75.000

     Estimated Intraclass Correlations for the Y Variables

                Intraclass              Intraclass              Intraclass
     Variable  Correlation   Variable  Correlation   Variable  Correlation

     Y1           0.353      Y2           0.589      Y3           0.292



COVARIANCE COVERAGE OF DATA

Minimum covariance coverage value   0.100


     PROPORTION OF DATA PRESENT


           Covariance Coverage
              Y1            Y2            Y3
              ________      ________      ________
 Y1             1.000
 Y2             1.000         1.000
 Y3             1.000         1.000         1.000



UNIVARIATE SAMPLE STATISTICS


     UNIVARIATE HIGHER-ORDER MOMENT DESCRIPTIVE STATISTICS

         Variable/         Mean/     Skewness/   Minimum/ % with                Percentiles
        Sample Size      Variance    Kurtosis    Maximum  Min/Max      20%/60%    40%/80%    Median

     Y1                    2.040      -0.032      -5.860    0.01%       0.271      1.525      2.051
            7500.000       4.537       0.007       9.955    0.01%       2.559      3.846
     Y2                    2.692       0.166      -2.478    0.01%       1.406      2.291      2.671
            7500.000       2.417       0.252       8.756    0.01%       3.021      3.944
     Y3                    3.114      -0.001      -7.226    0.01%       0.937      2.472      3.092
            7500.000       6.716       0.022      12.107    0.01%       3.738      5.324


THE MODEL ESTIMATION TERMINATED NORMALLY



MODEL FIT INFORMATION

Number of Free Parameters                       15

Loglikelihood

          H0 Value                      -38290.920
          H1 Value                      -38290.920

Information Criteria

          Akaike (AIC)                   76611.840
          Bayesian (BIC)                 76715.680
          Sample-Size Adjusted BIC       76668.013
            (n* = (n + 2) / 24)

Chi-Square Test of Model Fit

          Value                              0.000
          Degrees of Freedom                     0
          P-Value                           1.0000

RMSEA (Root Mean Square Error Of Approximation)

          Estimate                           0.000

CFI/TLI

          CFI                                1.000
          TLI                                1.000

Chi-Square Test of Model Fit for the Baseline Model

          Value                           8188.488
          Degrees of Freedom                     6
          P-Value                           0.0000

SRMR (Standardized Root Mean Square Residual)

          Value for Within                   0.000
          Value for Between                  0.000



MODEL RESULTS

                                                    Two-Tailed
                    Estimate       S.E.  Est./S.E.    P-Value

Within Level

 CS       BY
    Y1                 1.000      0.000    999.000    999.000
    Y2                 0.506      0.009     56.611      0.000
    Y3                 1.313      0.022     60.241      0.000

 Variances
    CS                 1.900      0.052     36.772      0.000

 Residual Variances
    Y1                 1.037      0.030     34.215      0.000
    Y2                 0.508      0.011     48.248      0.000
    Y3                 1.478      0.050     29.792      0.000

Between Level

 CT       BY
    Y1                 1.000      0.000    999.000    999.000
    Y2                 0.659      0.105      6.264      0.000
    Y3                 1.164      0.142      8.182      0.000

 Intercepts
    Y1                 2.040      0.128     15.933      0.000
    Y2                 2.692      0.120     22.463      0.000
    Y3                 3.114      0.142     21.889      0.000

 Variances
    CT                 1.209      0.255      4.733      0.000

 Residual Variances
    Y1                 0.392      0.134      2.913      0.004
    Y2                 0.898      0.139      6.482      0.000
    Y3                 0.324      0.172      1.886      0.059


QUALITY OF NUMERICAL RESULTS

     Condition Number for the Information Matrix              0.306E-03
       (ratio of smallest to largest eigenvalue)


     Beginning Time:  18:51:46
        Ending Time:  18:51:47
       Elapsed Time:  00:00:01



MUTHEN & MUTHEN
3463 Stoner Ave.
Los Angeles, CA  90066

Tel: (310) 391-9971
Fax: (310) 391-8971
Web: www.StatModel.com
Support: Support@StatModel.com

Copyright (c) 1998-2017 Muthen & Muthen
