Mplus VERSION 8
MUTHEN & MUTHEN
02/16/2019   5:12 AM

INPUT INSTRUCTIONS

  TITLE: Your title goes here
  DATA: FILE = "Mplus_files_Results/cuts_long_trunc_n100_i4_nt45_na0.dat";
  VARIABLE:
  NAMES = subjn time y1 y2 y3 y4;
  MISSING=.;
  USEVAR = y1
  y2
  y3
  y4 ;
  CLUSTER = subjn ;

  ANALYSIS:
  TYPE = TWOLEVEL ;
  ESTIMATOR = ML ;
  ITERATIONS = 50000 ;
  H1ITERATIONS = 50000 ;


  MODEL:

  %WITHIN%

  ! common states
  CS BY y1@1
  y2 (lcs2)
  y3 (lcs3)
  y4 (lcs4) ;

  %BETWEEN%

  ! common trait
  CT BY y1@1
  y2 (lct2)
  y3 (lct3)
  y4 (lct4) ;



INPUT READING TERMINATED NORMALLY



Your title goes here

SUMMARY OF ANALYSIS

Number of groups                                                 1
Number of observations                                        4500

Number of dependent variables                                    4
Number of independent variables                                  0
Number of continuous latent variables                            2

Observed dependent variables

  Continuous
   Y1          Y2          Y3          Y4

Continuous latent variables
   CS          CT

Variables with special functions

  Cluster variable      SUBJN

Estimator                                                       ML
Information matrix                                        OBSERVED
Maximum number of iterations                                 50000
Convergence criterion                                    0.100D-05
Maximum number of EM iterations                                500
Convergence criteria for the EM algorithm
  Loglikelihood change                                   0.100D-02
  Relative loglikelihood change                          0.100D-05
  Derivative                                             0.100D-03
Minimum variance                                         0.100D-03
Maximum number of steepest descent iterations                   20
Maximum number of iterations for H1                          50000
Convergence criterion for H1                             0.100D-03
Optimization algorithm                                         EMA

Input data file(s)
  Mplus_files_Results/cuts_long_trunc_n100_i4_nt45_na0.dat
Input data format  FREE


SUMMARY OF DATA

     Number of missing data patterns             1
     Number of clusters                        100

     Average cluster size       45.000

     Estimated Intraclass Correlations for the Y Variables

                Intraclass              Intraclass              Intraclass
     Variable  Correlation   Variable  Correlation   Variable  Correlation

     Y1           0.326      Y2           0.572      Y3           0.300
     Y4           0.396



COVARIANCE COVERAGE OF DATA

Minimum covariance coverage value   0.100


     PROPORTION OF DATA PRESENT


           Covariance Coverage
              Y1            Y2            Y3            Y4
              ________      ________      ________      ________
 Y1             1.000
 Y2             1.000         1.000
 Y3             1.000         1.000         1.000
 Y4             1.000         1.000         1.000         1.000



UNIVARIATE SAMPLE STATISTICS


     UNIVARIATE HIGHER-ORDER MOMENT DESCRIPTIVE STATISTICS

         Variable/         Mean/     Skewness/   Minimum/ % with                Percentiles
        Sample Size      Variance    Kurtosis    Maximum  Min/Max      20%/60%    40%/80%    Median

     Y1                    1.706       0.264      -6.000    0.02%       0.000      1.000      2.000
            4500.000       3.647       0.064      10.000    0.02%       2.000      3.000
     Y2                    2.241       0.375      -2.000    0.04%       1.000      2.000      2.000
            4500.000       2.337      -0.170       8.000    0.04%       3.000      4.000
     Y3                    2.707       0.231      -7.000    0.02%       0.000      2.000      3.000
            4500.000       6.189       0.097      13.000    0.02%       3.000      5.000
     Y4                    3.191       0.122      -2.000    0.09%       2.000      3.000      3.000
            4500.000       3.352      -0.280      11.000    0.02%       4.000      5.000


THE MODEL ESTIMATION TERMINATED NORMALLY



MODEL FIT INFORMATION

Number of Free Parameters                       20

Loglikelihood

          H0 Value                      -29311.747
          H1 Value                      -29310.091

Information Criteria

          Akaike (AIC)                   58663.494
          Bayesian (BIC)                 58791.731
          Sample-Size Adjusted BIC       58728.178
            (n* = (n + 2) / 24)

Chi-Square Test of Model Fit

          Value                              3.311
          Degrees of Freedom                     4
          P-Value                           0.5071

RMSEA (Root Mean Square Error Of Approximation)

          Estimate                           0.000

CFI/TLI

          CFI                                1.000
          TLI                                1.000

Chi-Square Test of Model Fit for the Baseline Model

          Value                           7650.460
          Degrees of Freedom                    12
          P-Value                           0.0000

SRMR (Standardized Root Mean Square Residual)

          Value for Within                   0.003
          Value for Between                  0.016



MODEL RESULTS

                                                    Two-Tailed
                    Estimate       S.E.  Est./S.E.    P-Value

Within Level

 CS       BY
    Y1                 1.000      0.000    999.000    999.000
    Y2                 0.544      0.012     44.208      0.000
    Y3                 1.395      0.026     54.623      0.000
    Y4                 0.877      0.017     50.874      0.000

 Variances
    CS                 1.547      0.052     29.533      0.000

 Residual Variances
    Y1                 0.913      0.027     33.292      0.000
    Y2                 0.542      0.013     40.355      0.000
    Y3                 1.324      0.046     28.695      0.000
    Y4                 0.835      0.024     35.478      0.000

Between Level

 CT       BY
    Y1                 1.000      0.000    999.000    999.000
    Y2                 0.818      0.122      6.696      0.000
    Y3                 1.388      0.143      9.681      0.000
    Y4                 0.832      0.123      6.743      0.000

 Intercepts
    Y1                 1.706      0.111     15.306      0.000
    Y2                 2.241      0.117     19.218      0.000
    Y3                 2.707      0.140     19.386      0.000
    Y4                 3.191      0.117     27.243      0.000

 Variances
    CT                 0.829      0.177      4.681      0.000

 Residual Variances
    Y1                 0.359      0.079      4.522      0.000
    Y2                 0.783      0.125      6.268      0.000
    Y3                 0.256      0.119      2.156      0.031
    Y4                 0.754      0.119      6.313      0.000


QUALITY OF NUMERICAL RESULTS

     Condition Number for the Information Matrix              0.529E-03
       (ratio of smallest to largest eigenvalue)


     Beginning Time:  05:12:52
        Ending Time:  05:12:52
       Elapsed Time:  00:00:00



MUTHEN & MUTHEN
3463 Stoner Ave.
Los Angeles, CA  90066

Tel: (310) 391-9971
Fax: (310) 391-8971
Web: www.StatModel.com
Support: Support@StatModel.com

Copyright (c) 1998-2017 Muthen & Muthen
