Mplus VERSION 8
MUTHEN & MUTHEN
02/16/2019   4:53 AM

INPUT INSTRUCTIONS

  TITLE: Your title goes here
  DATA: FILE = "Mplus_files_Results/cuts_long_n50_i4_nt45_na0.dat";
  VARIABLE:
  NAMES = subjn time y1 y2 y3 y4;
  MISSING=.;
  USEVAR = y1
  y2
  y3
  y4 ;
  CLUSTER = subjn ;

  ANALYSIS:
  TYPE = TWOLEVEL ;
  ESTIMATOR = ML ;
  ITERATIONS = 50000 ;
  H1ITERATIONS = 50000 ;


  MODEL:

  %WITHIN%

  ! common states
  CS BY y1@1
  y2 (lcs2)
  y3 (lcs3)
  y4 (lcs4) ;

  %BETWEEN%

  ! common trait
  CT BY y1@1
  y2 (lct2)
  y3 (lct3)
  y4 (lct4) ;



INPUT READING TERMINATED NORMALLY



Your title goes here

SUMMARY OF ANALYSIS

Number of groups                                                 1
Number of observations                                        2250

Number of dependent variables                                    4
Number of independent variables                                  0
Number of continuous latent variables                            2

Observed dependent variables

  Continuous
   Y1          Y2          Y3          Y4

Continuous latent variables
   CS          CT

Variables with special functions

  Cluster variable      SUBJN

Estimator                                                       ML
Information matrix                                        OBSERVED
Maximum number of iterations                                 50000
Convergence criterion                                    0.100D-05
Maximum number of EM iterations                                500
Convergence criteria for the EM algorithm
  Loglikelihood change                                   0.100D-02
  Relative loglikelihood change                          0.100D-05
  Derivative                                             0.100D-03
Minimum variance                                         0.100D-03
Maximum number of steepest descent iterations                   20
Maximum number of iterations for H1                          50000
Convergence criterion for H1                             0.100D-03
Optimization algorithm                                         EMA

Input data file(s)
  Mplus_files_Results/cuts_long_n50_i4_nt45_na0.dat
Input data format  FREE


SUMMARY OF DATA

     Number of missing data patterns             1
     Number of clusters                         50

     Average cluster size       45.000

     Estimated Intraclass Correlations for the Y Variables

                Intraclass              Intraclass              Intraclass
     Variable  Correlation   Variable  Correlation   Variable  Correlation

     Y1           0.349      Y2           0.640      Y3           0.284
     Y4           0.402



COVARIANCE COVERAGE OF DATA

Minimum covariance coverage value   0.100


     PROPORTION OF DATA PRESENT


           Covariance Coverage
              Y1            Y2            Y3            Y4
              ________      ________      ________      ________
 Y1             1.000
 Y2             1.000         1.000
 Y3             1.000         1.000         1.000
 Y4             1.000         1.000         1.000         1.000



UNIVARIATE SAMPLE STATISTICS


     UNIVARIATE HIGHER-ORDER MOMENT DESCRIPTIVE STATISTICS

         Variable/         Mean/     Skewness/   Minimum/ % with                Percentiles
        Sample Size      Variance    Kurtosis    Maximum  Min/Max      20%/60%    40%/80%    Median

     Y1                    2.158       0.050      -5.300    0.04%       0.329      1.609      2.117
            2250.000       4.684      -0.065       9.158    0.04%       2.644      4.039
     Y2                    2.284       0.055      -2.812    0.04%       0.763      1.810      2.278
            2250.000       2.796      -0.418       7.384    0.04%       2.711      3.733
     Y3                    3.104       0.063      -5.268    0.04%       0.749      2.355      3.072
            2250.000       7.170      -0.160      12.462    0.04%       3.791      5.406
     Y4                    3.550       0.040      -2.928    0.04%       1.942      3.076      3.558
            2250.000       3.473      -0.119       9.719    0.04%       4.075      5.139


THE MODEL ESTIMATION TERMINATED NORMALLY



MODEL FIT INFORMATION

Number of Free Parameters                       20

Loglikelihood

          H0 Value                      -14924.088
          H1 Value                      -14923.825

Information Criteria

          Akaike (AIC)                   29888.175
          Bayesian (BIC)                 30002.549
          Sample-Size Adjusted BIC       29939.005
            (n* = (n + 2) / 24)

Chi-Square Test of Model Fit

          Value                              0.526
          Degrees of Freedom                     4
          P-Value                           0.9709

RMSEA (Root Mean Square Error Of Approximation)

          Estimate                           0.000

CFI/TLI

          CFI                                1.000
          TLI                                1.002

Chi-Square Test of Model Fit for the Baseline Model

          Value                           4243.319
          Degrees of Freedom                    12
          P-Value                           0.0000

SRMR (Standardized Root Mean Square Residual)

          Value for Within                   0.001
          Value for Between                  0.012



MODEL RESULTS

                                                    Two-Tailed
                    Estimate       S.E.  Est./S.E.    P-Value

Within Level

 CS       BY
    Y1                 1.000      0.000    999.000    999.000
    Y2                 0.493      0.015     33.702      0.000
    Y3                 1.334      0.032     41.255      0.000
    Y4                 0.809      0.021     39.275      0.000

 Variances
    CS                 2.015      0.092     21.884      0.000

 Residual Variances
    Y1                 1.033      0.044     23.261      0.000
    Y2                 0.518      0.018     28.507      0.000
    Y3                 1.544      0.072     21.407      0.000
    Y4                 0.760      0.031     24.407      0.000

Between Level

 CT       BY
    Y1                 1.000      0.000    999.000    999.000
    Y2                 0.826      0.176      4.703      0.000
    Y3                 1.350      0.192      7.040      0.000
    Y4                 0.819      0.152      5.404      0.000

 Intercepts
    Y1                 2.158      0.185     11.688      0.000
    Y2                 2.284      0.190     12.002      0.000
    Y3                 3.104      0.208     14.955      0.000
    Y4                 3.550      0.170     20.918      0.000

 Variances
    CT                 1.063      0.334      3.186      0.001

 Residual Variances
    Y1                 0.574      0.154      3.722      0.000
    Y2                 1.063      0.229      4.645      0.000
    Y3                 0.104      0.168      0.617      0.537
    Y4                 0.681      0.153      4.451      0.000


QUALITY OF NUMERICAL RESULTS

     Condition Number for the Information Matrix              0.218E-03
       (ratio of smallest to largest eigenvalue)


     Beginning Time:  04:53:20
        Ending Time:  04:53:21
       Elapsed Time:  00:00:01



MUTHEN & MUTHEN
3463 Stoner Ave.
Los Angeles, CA  90066

Tel: (310) 391-9971
Fax: (310) 391-8971
Web: www.StatModel.com
Support: Support@StatModel.com

Copyright (c) 1998-2017 Muthen & Muthen
