Mplus VERSION 8
MUTHEN & MUTHEN
02/18/2019   4:49 PM

INPUT INSTRUCTIONS

  TITLE: Your title goes here
  DATA: FILE = "Mplus_files_Results/cuts_wide_n500_i5_nt5_na0.dat";
  VARIABLE:
  NAMES = subjn y11 y21 y31 y41 y51 y12 y22 y32 y42 y52 y13 y23 y33 y43 y53 y14 y24
       y34 y44 y54 y15 y25 y35 y45 y55;
  MISSING=.;
  USEVAR = y11
  y21
  y31
  y41
  y51
  y12
  y22
  y32
  y42
  y52
  y13
  y23
  y33
  y43
  y53
  y14
  y24
  y34
  y44
  y54
  y15
  y25
  y35
  y45
  y55 ;


  ANALYSIS:
  TYPE = GENERAL ;
  ESTIMATOR = ML ;
  ITERATIONS = 50000 ;
  H1ITERATIONS = 50000 ;


  MODEL:

  ! common states
  CS1 BY y11@1
  y21 (lcs21)
  y31 (lcs31)
  y41 (lcs41)
  y51 (lcs51) ;
  CS2 BY y12@1
  y22 (lcs21)
  y32 (lcs31)
  y42 (lcs41)
  y52 (lcs51) ;
  CS3 BY y13@1
  y23 (lcs21)
  y33 (lcs31)
  y43 (lcs41)
  y53 (lcs51) ;
  CS4 BY y14@1
  y24 (lcs21)
  y34 (lcs31)
  y44 (lcs41)
  y54 (lcs51) ;
  CS5 BY y15@1
  y25 (lcs21)
  y35 (lcs31)
  y45 (lcs41)
  y55 (lcs51) ;

  ! common trait
  CT BY y11@1
  y21 (lct21)
  y31 (lct31)
  y41 (lct41)
  y51 (lct51)
  y12@1
  y22 (lct21)
  y32 (lct31)
  y42 (lct41)
  y52 (lct51)
  y13@1
  y23 (lct21)
  y33 (lct31)
  y43 (lct41)
  y53 (lct51)
  y14@1
  y24 (lct21)
  y34 (lct31)
  y44 (lct41)
  y54 (lct51)
  y15@1
  y25 (lct21)
  y35 (lct31)
  y45 (lct41)
  y55 (lct51) ;

  ! unique trait
  UT1 BY y11@1
  y12@1
  y13@1
  y14@1
  y15@1 ;
  UT2 BY y21@1
  y22@1
  y23@1
  y24@1
  y25@1 ;
  UT3 BY y31@1
  y32@1
  y33@1
  y34@1
  y35@1 ;
  UT4 BY y41@1
  y42@1
  y43@1
  y44@1
  y45@1 ;
  UT5 BY y51@1
  y52@1
  y53@1
  y54@1
  y55@1 ;

  ! Intercepts and means
  [y11*] (ins11) ;
  [y21*] (ins21) ;
  [y31*] (ins31) ;
  [y41*] (ins41) ;
  [y51*] (ins51) ;
  [y12*] (ins11) ;
  [y22*] (ins21) ;
  [y32*] (ins31) ;
  [y42*] (ins41) ;
  [y52*] (ins51) ;
  [y13*] (ins11) ;
  [y23*] (ins21) ;
  [y33*] (ins31) ;
  [y43*] (ins41) ;
  [y53*] (ins51) ;
  [y14*] (ins11) ;
  [y24*] (ins21) ;
  [y34*] (ins31) ;
  [y44*] (ins41) ;
  [y54*] (ins51) ;
  [y15*] (ins11) ;
  [y25*] (ins21) ;
  [y35*] (ins31) ;
  [y45*] (ins41) ;
  [y55*] (ins51) ;




  ! Set 0 covariances
  CS1 WITH CS2@0
  CS3@0
  CS4@0
  CS5@0
  UT1@0
  UT2@0
  UT3@0
  UT4@0
  UT5@0
  CT@0 ;
  CS2 WITH CS3@0
  CS4@0
  CS5@0
  UT1@0
  UT2@0
  UT3@0
  UT4@0
  UT5@0
  CT@0 ;
  CS3 WITH CS4@0
  CS5@0
  UT1@0
  UT2@0
  UT3@0
  UT4@0
  UT5@0
  CT@0 ;
  CS4 WITH CS5@0
  UT1@0
  UT2@0
  UT3@0
  UT4@0
  UT5@0
  CT@0 ;
  CS5 WITH UT1@0
  UT2@0
  UT3@0
  UT4@0
  UT5@0
  CT@0 ;
  UT1 WITH UT2@0
  UT3@0
  UT4@0
  UT5@0
  CT@0 ;
  UT2 WITH UT3@0
  UT4@0
  UT5@0
  CT@0 ;
  UT3 WITH UT4@0
  UT5@0
  CT@0 ;
  UT4 WITH UT5@0
  CT@0 ;
  UT5 WITH CT@0 ;

  ! Variance components
  y11 (err11) ;
  y21 (err21) ;
  y31 (err31) ;
  y41 (err41) ;
  y51 (err51) ;
  y12 (err11) ;
  y22 (err21) ;
  y32 (err31) ;
  y42 (err41) ;
  y52 (err51) ;
  y13 (err11) ;
  y23 (err21) ;
  y33 (err31) ;
  y43 (err41) ;
  y53 (err51) ;
  y14 (err11) ;
  y24 (err21) ;
  y34 (err31) ;
  y44 (err41) ;
  y54 (err51) ;
  y15 (err11) ;
  y25 (err21) ;
  y35 (err31) ;
  y45 (err41) ;
  y55 (err51) ;
  CS1 (cs_var1) ;
  CS2 (cs_var1) ;
  CS3 (cs_var1) ;
  CS4 (cs_var1) ;
  CS5 (cs_var1) ;
  UT1 (ut_var1) ;
  UT2 (ut_var2) ;
  UT3 (ut_var3) ;
  UT4 (ut_var4) ;
  UT5 (ut_var5) ;
  CT (ct_var) ;



INPUT READING TERMINATED NORMALLY



Your title goes here

SUMMARY OF ANALYSIS

Number of groups                                                 1
Number of observations                                         500

Number of dependent variables                                   25
Number of independent variables                                  0
Number of continuous latent variables                           11

Observed dependent variables

  Continuous
   Y11         Y21         Y31         Y41         Y51         Y12
   Y22         Y32         Y42         Y52         Y13         Y23
   Y33         Y43         Y53         Y14         Y24         Y34
   Y44         Y54         Y15         Y25         Y35         Y45
   Y55

Continuous latent variables
   CS1         CS2         CS3         CS4         CS5         CT
   UT1         UT2         UT3         UT4         UT5


Estimator                                                       ML
Information matrix                                        OBSERVED
Maximum number of iterations                                 50000
Convergence criterion                                    0.500D-04
Maximum number of steepest descent iterations                   20
Maximum number of iterations for H1                          50000
Convergence criterion for H1                             0.100D-03

Input data file(s)
  Mplus_files_Results/cuts_wide_n500_i5_nt5_na0.dat

Input data format  FREE


SUMMARY OF DATA

     Number of missing data patterns             1


COVARIANCE COVERAGE OF DATA

Minimum covariance coverage value   0.100


     PROPORTION OF DATA PRESENT


           Covariance Coverage
              Y11           Y21           Y31           Y41           Y51
              ________      ________      ________      ________      ________
 Y11            1.000
 Y21            1.000         1.000
 Y31            1.000         1.000         1.000
 Y41            1.000         1.000         1.000         1.000
 Y51            1.000         1.000         1.000         1.000         1.000
 Y12            1.000         1.000         1.000         1.000         1.000
 Y22            1.000         1.000         1.000         1.000         1.000
 Y32            1.000         1.000         1.000         1.000         1.000
 Y42            1.000         1.000         1.000         1.000         1.000
 Y52            1.000         1.000         1.000         1.000         1.000
 Y13            1.000         1.000         1.000         1.000         1.000
 Y23            1.000         1.000         1.000         1.000         1.000
 Y33            1.000         1.000         1.000         1.000         1.000
 Y43            1.000         1.000         1.000         1.000         1.000
 Y53            1.000         1.000         1.000         1.000         1.000
 Y14            1.000         1.000         1.000         1.000         1.000
 Y24            1.000         1.000         1.000         1.000         1.000
 Y34            1.000         1.000         1.000         1.000         1.000
 Y44            1.000         1.000         1.000         1.000         1.000
 Y54            1.000         1.000         1.000         1.000         1.000
 Y15            1.000         1.000         1.000         1.000         1.000
 Y25            1.000         1.000         1.000         1.000         1.000
 Y35            1.000         1.000         1.000         1.000         1.000
 Y45            1.000         1.000         1.000         1.000         1.000
 Y55            1.000         1.000         1.000         1.000         1.000


           Covariance Coverage
              Y12           Y22           Y32           Y42           Y52
              ________      ________      ________      ________      ________
 Y12            1.000
 Y22            1.000         1.000
 Y32            1.000         1.000         1.000
 Y42            1.000         1.000         1.000         1.000
 Y52            1.000         1.000         1.000         1.000         1.000
 Y13            1.000         1.000         1.000         1.000         1.000
 Y23            1.000         1.000         1.000         1.000         1.000
 Y33            1.000         1.000         1.000         1.000         1.000
 Y43            1.000         1.000         1.000         1.000         1.000
 Y53            1.000         1.000         1.000         1.000         1.000
 Y14            1.000         1.000         1.000         1.000         1.000
 Y24            1.000         1.000         1.000         1.000         1.000
 Y34            1.000         1.000         1.000         1.000         1.000
 Y44            1.000         1.000         1.000         1.000         1.000
 Y54            1.000         1.000         1.000         1.000         1.000
 Y15            1.000         1.000         1.000         1.000         1.000
 Y25            1.000         1.000         1.000         1.000         1.000
 Y35            1.000         1.000         1.000         1.000         1.000
 Y45            1.000         1.000         1.000         1.000         1.000
 Y55            1.000         1.000         1.000         1.000         1.000


           Covariance Coverage
              Y13           Y23           Y33           Y43           Y53
              ________      ________      ________      ________      ________
 Y13            1.000
 Y23            1.000         1.000
 Y33            1.000         1.000         1.000
 Y43            1.000         1.000         1.000         1.000
 Y53            1.000         1.000         1.000         1.000         1.000
 Y14            1.000         1.000         1.000         1.000         1.000
 Y24            1.000         1.000         1.000         1.000         1.000
 Y34            1.000         1.000         1.000         1.000         1.000
 Y44            1.000         1.000         1.000         1.000         1.000
 Y54            1.000         1.000         1.000         1.000         1.000
 Y15            1.000         1.000         1.000         1.000         1.000
 Y25            1.000         1.000         1.000         1.000         1.000
 Y35            1.000         1.000         1.000         1.000         1.000
 Y45            1.000         1.000         1.000         1.000         1.000
 Y55            1.000         1.000         1.000         1.000         1.000


           Covariance Coverage
              Y14           Y24           Y34           Y44           Y54
              ________      ________      ________      ________      ________
 Y14            1.000
 Y24            1.000         1.000
 Y34            1.000         1.000         1.000
 Y44            1.000         1.000         1.000         1.000
 Y54            1.000         1.000         1.000         1.000         1.000
 Y15            1.000         1.000         1.000         1.000         1.000
 Y25            1.000         1.000         1.000         1.000         1.000
 Y35            1.000         1.000         1.000         1.000         1.000
 Y45            1.000         1.000         1.000         1.000         1.000
 Y55            1.000         1.000         1.000         1.000         1.000


           Covariance Coverage
              Y15           Y25           Y35           Y45           Y55
              ________      ________      ________      ________      ________
 Y15            1.000
 Y25            1.000         1.000
 Y35            1.000         1.000         1.000
 Y45            1.000         1.000         1.000         1.000
 Y55            1.000         1.000         1.000         1.000         1.000



UNIVARIATE SAMPLE STATISTICS


     UNIVARIATE HIGHER-ORDER MOMENT DESCRIPTIVE STATISTICS

         Variable/         Mean/     Skewness/   Minimum/ % with                Percentiles
        Sample Size      Variance    Kurtosis    Maximum  Min/Max      20%/60%    40%/80%    Median

     Y11                   1.975       0.245      -4.724    0.20%       0.105      1.402      1.901
             500.000       4.933       0.384      10.013    0.20%       2.501      3.580
     Y21                   2.511       0.058      -2.509    0.20%       1.059      2.047      2.482
             500.000       3.166      -0.203       8.705    0.20%       2.927      4.077
     Y31                   2.964       0.087      -4.004    0.20%       0.667      2.248      2.977
             500.000       7.495       0.094      11.691    0.20%       3.626      5.077
     Y41                   3.441       0.021      -2.403    0.20%       1.678      2.906      3.418
             500.000       3.950      -0.122      10.274    0.20%       3.957      5.204
     Y51                   4.017       0.106      -3.061    0.20%       2.024      3.466      4.039
             500.000       5.994       0.277      12.663    0.20%       4.583      5.984
     Y12                   2.097      -0.166      -4.848    0.20%       0.320      1.610      2.179
             500.000       4.456      -0.037       7.943    0.20%       2.668      3.902
     Y22                   2.572      -0.128      -2.744    0.20%       1.120      2.217      2.632
             500.000       2.982      -0.058       7.608    0.20%       3.033      4.033
     Y32                   3.155      -0.137      -4.509    0.20%       1.031      2.529      3.141
             500.000       6.451      -0.007      10.742    0.20%       4.039      5.268
     Y42                   3.642       0.025      -2.217    0.20%       2.056      3.077      3.681
             500.000       4.043      -0.146       9.440    0.20%       4.147      5.330
     Y52                   3.990      -0.214      -3.358    0.20%       2.197      3.329      4.016
             500.000       5.415      -0.097       9.169    0.20%       4.558      6.095
     Y13                   1.991      -0.075      -4.581    0.20%       0.210      1.447      1.999
             500.000       4.920      -0.102       8.019    0.20%       2.554      3.850
     Y23                   2.597      -0.107      -3.254    0.20%       1.186      2.190      2.544
             500.000       2.875       0.203       7.324    0.20%       3.013      3.975
     Y33                   2.966      -0.015      -4.696    0.20%       0.754      2.223      2.957
             500.000       7.219      -0.100      11.055    0.20%       3.594      5.244
     Y43                   3.464       0.009      -1.883    0.20%       1.747      2.995      3.483
             500.000       3.768      -0.308       8.801    0.20%       3.926      5.152
     Y53                   3.962       0.022      -2.351    0.20%       1.873      3.402      3.948
             500.000       5.910      -0.077      12.781    0.20%       4.562      5.971
     Y14                   2.106       0.018      -4.297    0.20%       0.308      1.630      2.101
             500.000       4.772       0.163      10.279    0.20%       2.715      3.862
     Y24                   2.597      -0.035      -2.725    0.20%       1.046      2.160      2.678
             500.000       3.222      -0.082       8.310    0.20%       3.093      4.080
     Y34                   3.164       0.120      -4.522    0.20%       0.912      2.420      3.123
             500.000       7.285       0.010      11.465    0.20%       3.845      5.399
     Y44                   3.515      -0.128      -2.969    0.20%       1.712      3.015      3.572
             500.000       3.914      -0.294       8.300    0.20%       4.097      5.246
     Y54                   4.130      -0.018      -2.984    0.20%       2.090      3.590      4.174
             500.000       5.898      -0.033      10.963    0.20%       4.732      6.117
     Y15                   1.939       0.081      -4.764    0.20%       0.154      1.404      1.978
             500.000       4.714       0.027       8.482    0.20%       2.392      3.714
     Y25                   2.468      -0.042      -3.378    0.20%       1.006      1.920      2.557
             500.000       2.891      -0.116       6.916    0.20%       3.001      3.844
     Y35                   2.966      -0.043      -6.940    0.20%       0.766      2.341      2.826
             500.000       6.565       0.214      10.525    0.20%       3.595      5.079
     Y45                   3.417      -0.080      -4.355    0.20%       1.755      2.988      3.418
             500.000       3.864       0.502      10.435    0.20%       3.865      5.035
     Y55                   3.914       0.022      -3.542    0.20%       2.015      3.391      3.904
             500.000       5.562       0.039      12.030    0.20%       4.340      5.914


THE MODEL ESTIMATION TERMINATED NORMALLY



MODEL FIT INFORMATION

Number of Free Parameters                       25

Loglikelihood

          H0 Value                      -22148.147
          H1 Value                      -21972.176

Information Criteria

          Akaike (AIC)                   44346.293
          Bayesian (BIC)                 44451.659
          Sample-Size Adjusted BIC       44372.307
            (n* = (n + 2) / 24)

Chi-Square Test of Model Fit

          Value                            351.942
          Degrees of Freedom                   325
          P-Value                           0.1457

RMSEA (Root Mean Square Error Of Approximation)

          Estimate                           0.013
          90 Percent C.I.                    0.000  0.022
          Probability RMSEA <= .05           1.000

CFI/TLI

          CFI                                0.997
          TLI                                0.998

Chi-Square Test of Model Fit for the Baseline Model

          Value                          10835.476
          Degrees of Freedom                   300
          P-Value                           0.0000

SRMR (Standardized Root Mean Square Residual)

          Value                              0.040



MODEL RESULTS

                                                    Two-Tailed
                    Estimate       S.E.  Est./S.E.    P-Value

 CS1      BY
    Y11                1.000      0.000    999.000    999.000
    Y21                0.488      0.015     32.852      0.000
    Y31                1.318      0.032     41.454      0.000
    Y41                0.820      0.022     37.961      0.000
    Y51                1.087      0.027     39.577      0.000

 CS2      BY
    Y12                1.000      0.000    999.000    999.000
    Y22                0.488      0.015     32.852      0.000
    Y32                1.318      0.032     41.454      0.000
    Y42                0.820      0.022     37.961      0.000
    Y52                1.087      0.027     39.577      0.000

 CS3      BY
    Y13                1.000      0.000    999.000    999.000
    Y23                0.488      0.015     32.852      0.000
    Y33                1.318      0.032     41.454      0.000
    Y43                0.820      0.022     37.961      0.000
    Y53                1.087      0.027     39.577      0.000

 CS4      BY
    Y14                1.000      0.000    999.000    999.000
    Y24                0.488      0.015     32.852      0.000
    Y34                1.318      0.032     41.454      0.000
    Y44                0.820      0.022     37.961      0.000
    Y54                1.087      0.027     39.577      0.000

 CS5      BY
    Y15                1.000      0.000    999.000    999.000
    Y25                0.488      0.015     32.852      0.000
    Y35                1.318      0.032     41.454      0.000
    Y45                0.820      0.022     37.961      0.000
    Y55                1.087      0.027     39.577      0.000

 CT       BY
    Y11                1.000      0.000    999.000    999.000
    Y21                0.913      0.061     14.974      0.000
    Y31                1.154      0.058     20.058      0.000
    Y41                0.848      0.057     14.922      0.000
    Y51                1.122      0.061     18.461      0.000
    Y12                1.000      0.000    999.000    999.000
    Y22                0.913      0.061     14.974      0.000
    Y32                1.154      0.058     20.058      0.000
    Y42                0.848      0.057     14.922      0.000
    Y52                1.122      0.061     18.461      0.000
    Y13                1.000      0.000    999.000    999.000
    Y23                0.913      0.061     14.974      0.000
    Y33                1.154      0.058     20.058      0.000
    Y43                0.848      0.057     14.922      0.000
    Y53                1.122      0.061     18.461      0.000
    Y14                1.000      0.000    999.000    999.000
    Y24                0.913      0.061     14.974      0.000
    Y34                1.154      0.058     20.058      0.000
    Y44                0.848      0.057     14.922      0.000
    Y54                1.122      0.061     18.461      0.000
    Y15                1.000      0.000    999.000    999.000
    Y25                0.913      0.061     14.974      0.000
    Y35                1.154      0.058     20.058      0.000
    Y45                0.848      0.057     14.922      0.000
    Y55                1.122      0.061     18.461      0.000

 UT1      BY
    Y11                1.000      0.000    999.000    999.000
    Y12                1.000      0.000    999.000    999.000
    Y13                1.000      0.000    999.000    999.000
    Y14                1.000      0.000    999.000    999.000
    Y15                1.000      0.000    999.000    999.000

 UT2      BY
    Y21                1.000      0.000    999.000    999.000
    Y22                1.000      0.000    999.000    999.000
    Y23                1.000      0.000    999.000    999.000
    Y24                1.000      0.000    999.000    999.000
    Y25                1.000      0.000    999.000    999.000

 UT3      BY
    Y31                1.000      0.000    999.000    999.000
    Y32                1.000      0.000    999.000    999.000
    Y33                1.000      0.000    999.000    999.000
    Y34                1.000      0.000    999.000    999.000
    Y35                1.000      0.000    999.000    999.000

 UT4      BY
    Y41                1.000      0.000    999.000    999.000
    Y42                1.000      0.000    999.000    999.000
    Y43                1.000      0.000    999.000    999.000
    Y44                1.000      0.000    999.000    999.000
    Y45                1.000      0.000    999.000    999.000

 UT5      BY
    Y51                1.000      0.000    999.000    999.000
    Y52                1.000      0.000    999.000    999.000
    Y53                1.000      0.000    999.000    999.000
    Y54                1.000      0.000    999.000    999.000
    Y55                1.000      0.000    999.000    999.000

 CS1      WITH
    CS2                0.000      0.000    999.000    999.000
    CS3                0.000      0.000    999.000    999.000
    CS4                0.000      0.000    999.000    999.000
    CS5                0.000      0.000    999.000    999.000
    UT1                0.000      0.000    999.000    999.000
    UT2                0.000      0.000    999.000    999.000
    UT3                0.000      0.000    999.000    999.000
    UT4                0.000      0.000    999.000    999.000
    UT5                0.000      0.000    999.000    999.000
    CT                 0.000      0.000    999.000    999.000

 CS2      WITH
    CS3                0.000      0.000    999.000    999.000
    CS4                0.000      0.000    999.000    999.000
    CS5                0.000      0.000    999.000    999.000
    UT1                0.000      0.000    999.000    999.000
    UT2                0.000      0.000    999.000    999.000
    UT3                0.000      0.000    999.000    999.000
    UT4                0.000      0.000    999.000    999.000
    UT5                0.000      0.000    999.000    999.000
    CT                 0.000      0.000    999.000    999.000

 CS3      WITH
    CS4                0.000      0.000    999.000    999.000
    CS5                0.000      0.000    999.000    999.000
    UT1                0.000      0.000    999.000    999.000
    UT2                0.000      0.000    999.000    999.000
    UT3                0.000      0.000    999.000    999.000
    UT4                0.000      0.000    999.000    999.000
    UT5                0.000      0.000    999.000    999.000
    CT                 0.000      0.000    999.000    999.000

 CS4      WITH
    CS5                0.000      0.000    999.000    999.000
    UT1                0.000      0.000    999.000    999.000
    UT2                0.000      0.000    999.000    999.000
    UT3                0.000      0.000    999.000    999.000
    UT4                0.000      0.000    999.000    999.000
    UT5                0.000      0.000    999.000    999.000
    CT                 0.000      0.000    999.000    999.000

 CS5      WITH
    UT1                0.000      0.000    999.000    999.000
    UT2                0.000      0.000    999.000    999.000
    UT3                0.000      0.000    999.000    999.000
    UT4                0.000      0.000    999.000    999.000
    UT5                0.000      0.000    999.000    999.000
    CT                 0.000      0.000    999.000    999.000

 UT1      WITH
    UT2                0.000      0.000    999.000    999.000
    UT3                0.000      0.000    999.000    999.000
    UT4                0.000      0.000    999.000    999.000
    UT5                0.000      0.000    999.000    999.000
    CT                 0.000      0.000    999.000    999.000

 UT2      WITH
    UT3                0.000      0.000    999.000    999.000
    UT4                0.000      0.000    999.000    999.000
    UT5                0.000      0.000    999.000    999.000
    CT                 0.000      0.000    999.000    999.000

 UT3      WITH
    UT4                0.000      0.000    999.000    999.000
    UT5                0.000      0.000    999.000    999.000
    CT                 0.000      0.000    999.000    999.000

 UT4      WITH
    UT5                0.000      0.000    999.000    999.000
    CT                 0.000      0.000    999.000    999.000

 UT5      WITH
    CT                 0.000      0.000    999.000    999.000

 Intercepts
    Y11                2.022      0.070     28.993      0.000
    Y21                2.549      0.067     37.895      0.000
    Y31                3.043      0.078     38.850      0.000
    Y41                3.496      0.066     52.658      0.000
    Y51                4.002      0.076     52.399      0.000
    Y12                2.022      0.070     28.993      0.000
    Y22                2.549      0.067     37.895      0.000
    Y32                3.043      0.078     38.850      0.000
    Y42                3.496      0.066     52.658      0.000
    Y52                4.002      0.076     52.399      0.000
    Y13                2.022      0.070     28.993      0.000
    Y23                2.549      0.067     37.895      0.000
    Y33                3.043      0.078     38.850      0.000
    Y43                3.496      0.066     52.658      0.000
    Y53                4.002      0.076     52.399      0.000
    Y14                2.022      0.070     28.993      0.000
    Y24                2.549      0.067     37.895      0.000
    Y34                3.043      0.078     38.850      0.000
    Y44                3.496      0.066     52.658      0.000
    Y54                4.002      0.076     52.399      0.000
    Y15                2.022      0.070     28.993      0.000
    Y25                2.549      0.067     37.895      0.000
    Y35                3.043      0.078     38.850      0.000
    Y45                3.496      0.066     52.658      0.000
    Y55                4.002      0.076     52.399      0.000

 Variances
    CS1                1.947      0.091     21.367      0.000
    CS2                1.947      0.091     21.367      0.000
    CS3                1.947      0.091     21.367      0.000
    CS4                1.947      0.091     21.367      0.000
    CS5                1.947      0.091     21.367      0.000
    CT                 1.346      0.152      8.879      0.000
    UT1                0.500      0.057      8.770      0.000
    UT2                0.947      0.081     11.635      0.000
    UT3                0.293      0.060      4.845      0.000
    UT4                0.805      0.070     11.578      0.000
    UT5                0.511      0.065      7.822      0.000

 Residual Variances
    Y11                0.978      0.041     23.932      0.000
    Y21                0.508      0.018     28.161      0.000
    Y31                1.527      0.066     23.164      0.000
    Y41                0.839      0.033     25.637      0.000
    Y51                1.256      0.051     24.584      0.000
    Y12                0.978      0.041     23.932      0.000
    Y22                0.508      0.018     28.161      0.000
    Y32                1.527      0.066     23.164      0.000
    Y42                0.839      0.033     25.637      0.000
    Y52                1.256      0.051     24.584      0.000
    Y13                0.978      0.041     23.932      0.000
    Y23                0.508      0.018     28.161      0.000
    Y33                1.527      0.066     23.164      0.000
    Y43                0.839      0.033     25.637      0.000
    Y53                1.256      0.051     24.584      0.000
    Y14                0.978      0.041     23.932      0.000
    Y24                0.508      0.018     28.161      0.000
    Y34                1.527      0.066     23.164      0.000
    Y44                0.839      0.033     25.637      0.000
    Y54                1.256      0.051     24.584      0.000
    Y15                0.978      0.041     23.932      0.000
    Y25                0.508      0.018     28.161      0.000
    Y35                1.527      0.066     23.164      0.000
    Y45                0.839      0.033     25.637      0.000
    Y55                1.256      0.051     24.584      0.000


QUALITY OF NUMERICAL RESULTS

     Condition Number for the Information Matrix              0.550E-02
       (ratio of smallest to largest eigenvalue)


     Beginning Time:  16:49:28
        Ending Time:  16:49:29
       Elapsed Time:  00:00:01



MUTHEN & MUTHEN
3463 Stoner Ave.
Los Angeles, CA  90066

Tel: (310) 391-9971
Fax: (310) 391-8971
Web: www.StatModel.com
Support: Support@StatModel.com

Copyright (c) 1998-2017 Muthen & Muthen
