Mplus VERSION 8
MUTHEN & MUTHEN
02/15/2019   2:47 PM

INPUT INSTRUCTIONS

  TITLE: Your title goes here
  DATA: FILE = "Mplus_files_Results/cuts_long_trunc_n500_i3_nt15_na0.dat";
  VARIABLE:
  NAMES = subjn time y1 y2 y3;
  MISSING=.;
  USEVAR = y1
  y2
  y3 ;
  CLUSTER = subjn ;

  ANALYSIS:
  TYPE = TWOLEVEL ;
  ESTIMATOR = ML ;
  ITERATIONS = 50000 ;
  H1ITERATIONS = 50000 ;


  MODEL:

  %WITHIN%

  ! common states
  CS BY y1@1
  y2 (lcs2)
  y3 (lcs3) ;

  %BETWEEN%

  ! common trait
  CT BY y1@1
  y2 (lct2)
  y3 (lct3) ;



INPUT READING TERMINATED NORMALLY



Your title goes here

SUMMARY OF ANALYSIS

Number of groups                                                 1
Number of observations                                        7500

Number of dependent variables                                    3
Number of independent variables                                  0
Number of continuous latent variables                            2

Observed dependent variables

  Continuous
   Y1          Y2          Y3

Continuous latent variables
   CS          CT

Variables with special functions

  Cluster variable      SUBJN

Estimator                                                       ML
Information matrix                                        OBSERVED
Maximum number of iterations                                 50000
Convergence criterion                                    0.100D-05
Maximum number of EM iterations                                500
Convergence criteria for the EM algorithm
  Loglikelihood change                                   0.100D-02
  Relative loglikelihood change                          0.100D-05
  Derivative                                             0.100D-03
Minimum variance                                         0.100D-03
Maximum number of steepest descent iterations                   20
Maximum number of iterations for H1                          50000
Convergence criterion for H1                             0.100D-03
Optimization algorithm                                         EMA

Input data file(s)
  Mplus_files_Results/cuts_long_trunc_n500_i3_nt15_na0.dat
Input data format  FREE


SUMMARY OF DATA

     Number of missing data patterns             1
     Number of clusters                        500

     Average cluster size       15.000

     Estimated Intraclass Correlations for the Y Variables

                Intraclass              Intraclass              Intraclass
     Variable  Correlation   Variable  Correlation   Variable  Correlation

     Y1           0.381      Y2           0.652      Y3           0.325



COVARIANCE COVERAGE OF DATA

Minimum covariance coverage value   0.100


     PROPORTION OF DATA PRESENT


           Covariance Coverage
              Y1            Y2            Y3
              ________      ________      ________
 Y1             1.000
 Y2             1.000         1.000
 Y3             1.000         1.000         1.000



UNIVARIATE SAMPLE STATISTICS


     UNIVARIATE HIGHER-ORDER MOMENT DESCRIPTIVE STATISTICS

         Variable/         Mean/     Skewness/   Minimum/ % with                Percentiles
        Sample Size      Variance    Kurtosis    Maximum  Min/Max      20%/60%    40%/80%    Median

     Y1                    1.712       0.376      -7.000    0.01%       0.000      1.000      2.000
            7500.000       3.887       0.274      10.000    0.01%       2.000      3.000
     Y2                    2.118       0.319      -3.000    0.04%       1.000      2.000      2.000
            7500.000       2.700      -0.282       8.000    0.08%       2.000      4.000
     Y3                    2.687       0.304      -7.000    0.01%       0.000      2.000      3.000
            7500.000       6.190      -0.090      14.000    0.01%       3.000      5.000


THE MODEL ESTIMATION TERMINATED NORMALLY



MODEL FIT INFORMATION

Number of Free Parameters                       15

Loglikelihood

          H0 Value                      -38582.141
          H1 Value                      -38582.141

Information Criteria

          Akaike (AIC)                   77194.281
          Bayesian (BIC)                 77298.121
          Sample-Size Adjusted BIC       77250.454
            (n* = (n + 2) / 24)

Chi-Square Test of Model Fit

          Value                              0.000
          Degrees of Freedom                     0
          P-Value                           0.0000

RMSEA (Root Mean Square Error Of Approximation)

          Estimate                           0.000

CFI/TLI

          CFI                                1.000
          TLI                                1.000

Chi-Square Test of Model Fit for the Baseline Model

          Value                           7434.501
          Degrees of Freedom                     6
          P-Value                           0.0000

SRMR (Standardized Root Mean Square Residual)

          Value for Within                   0.000
          Value for Between                  0.000



MODEL RESULTS

                                                    Two-Tailed
                    Estimate       S.E.  Est./S.E.    P-Value

Within Level

 CS       BY
    Y1                 1.000      0.000    999.000    999.000
    Y2                 0.511      0.010     48.870      0.000
    Y3                 1.367      0.026     52.272      0.000

 Variances
    CS                 1.510      0.045     33.760      0.000

 Residual Variances
    Y1                 0.894      0.028     31.493      0.000
    Y2                 0.546      0.011     48.941      0.000
    Y3                 1.358      0.050     26.929      0.000

Between Level

 CT       BY
    Y1                 1.000      0.000    999.000    999.000
    Y2                 0.821      0.053     15.473      0.000
    Y3                 1.156      0.058     19.877      0.000

 Intercepts
    Y1                 1.712      0.057     29.871      0.000
    Y2                 2.118      0.060     35.095      0.000
    Y3                 2.687      0.068     39.699      0.000

 Variances
    CT                 1.214      0.112     10.825      0.000

 Residual Variances
    Y1                 0.268      0.052      5.183      0.000
    Y2                 0.942      0.070     13.357      0.000
    Y3                 0.388      0.071      5.469      0.000


QUALITY OF NUMERICAL RESULTS

     Condition Number for the Information Matrix              0.320E-02
       (ratio of smallest to largest eigenvalue)


     Beginning Time:  14:47:21
        Ending Time:  14:47:22
       Elapsed Time:  00:00:01



MUTHEN & MUTHEN
3463 Stoner Ave.
Los Angeles, CA  90066

Tel: (310) 391-9971
Fax: (310) 391-8971
Web: www.StatModel.com
Support: Support@StatModel.com

Copyright (c) 1998-2017 Muthen & Muthen
