Mplus VERSION 8
MUTHEN & MUTHEN
02/14/2019   2:28 PM

INPUT INSTRUCTIONS

  TITLE: Your title goes here
  DATA: FILE = "Mplus_files_Results/cuts_long_n200_i3_nt45_na0.2.dat";
  VARIABLE:
  NAMES = subjn time y1 y2 y3;
  MISSING=.;
  USEVAR = y1
  y2
  y3 ;
  CLUSTER = subjn ;

  ANALYSIS:
  TYPE = TWOLEVEL ;
  ESTIMATOR = ML ;
  ITERATIONS = 50000 ;
  H1ITERATIONS = 50000 ;


  MODEL:

  %WITHIN%

  ! common states
  CS BY y1@1
  y2 (lcs2)
  y3 (lcs3) ;

  %BETWEEN%

  ! common trait
  CT BY y1@1
  y2 (lct2)
  y3 (lct3) ;



*** WARNING
  Data set contains cases with missing on all variables.
  These cases were not included in the analysis.
  Number of cases with missing on all variables:  75
   1 WARNING(S) FOUND IN THE INPUT INSTRUCTIONS



Your title goes here

SUMMARY OF ANALYSIS

Number of groups                                                 1
Number of observations                                        8925

Number of dependent variables                                    3
Number of independent variables                                  0
Number of continuous latent variables                            2

Observed dependent variables

  Continuous
   Y1          Y2          Y3

Continuous latent variables
   CS          CT

Variables with special functions

  Cluster variable      SUBJN

Estimator                                                       ML
Information matrix                                        OBSERVED
Maximum number of iterations                                 50000
Convergence criterion                                    0.100D-05
Maximum number of EM iterations                                500
Convergence criteria for the EM algorithm
  Loglikelihood change                                   0.100D-02
  Relative loglikelihood change                          0.100D-05
  Derivative                                             0.100D-03
Minimum variance                                         0.100D-03
Maximum number of steepest descent iterations                   20
Maximum number of iterations for H1                          50000
Convergence criterion for H1                             0.100D-03
Optimization algorithm                                         EMA

Input data file(s)
  Mplus_files_Results/cuts_long_n200_i3_nt45_na0.2.dat
Input data format  FREE


SUMMARY OF DATA

     Number of missing data patterns             7
     Number of clusters                        200

     Average cluster size       44.625

     Estimated Intraclass Correlations for the Y Variables

                Intraclass              Intraclass              Intraclass
     Variable  Correlation   Variable  Correlation   Variable  Correlation

     Y1           0.378      Y2           0.636      Y3           0.327



COVARIANCE COVERAGE OF DATA

Minimum covariance coverage value   0.100


     PROPORTION OF DATA PRESENT


           Covariance Coverage
              Y1            Y2            Y3
              ________      ________      ________
 Y1             0.804
 Y2             0.640         0.805
 Y3             0.640         0.643         0.805



UNIVARIATE SAMPLE STATISTICS


     UNIVARIATE HIGHER-ORDER MOMENT DESCRIPTIVE STATISTICS

         Variable/         Mean/     Skewness/   Minimum/ % with                Percentiles
        Sample Size      Variance    Kurtosis    Maximum  Min/Max      20%/60%    40%/80%    Median

     Y1                    2.021       0.044      -6.108    0.01%       0.147      1.469      2.006
            7178.000       4.909       0.110      11.096    0.01%       2.581      3.858
     Y2                    2.512       0.116      -2.726    0.01%       1.119      2.111      2.509
            7185.000       2.737       0.207       9.116    0.01%       2.895      3.874
     Y3                    2.961       0.027      -6.579    0.01%       0.778      2.235      2.924
            7185.000       7.073       0.130      13.963    0.01%       3.645      5.192


THE MODEL ESTIMATION TERMINATED NORMALLY



MODEL FIT INFORMATION

Number of Free Parameters                       15

Loglikelihood

          H0 Value                      -37714.573
          H1 Value                      -37714.573

Information Criteria

          Akaike (AIC)                   75459.146
          Bayesian (BIC)                 75565.595
          Sample-Size Adjusted BIC       75517.928
            (n* = (n + 2) / 24)

Chi-Square Test of Model Fit

          Value                              0.000
          Degrees of Freedom                     0
          P-Value                           0.0000

RMSEA (Root Mean Square Error Of Approximation)

          Estimate                           0.000

CFI/TLI

          CFI                                1.000
          TLI                                1.000

Chi-Square Test of Model Fit for the Baseline Model

          Value                           6964.580
          Degrees of Freedom                     6
          P-Value                           0.0000

SRMR (Standardized Root Mean Square Residual)

          Value for Within                   0.000
          Value for Between                  0.000



MODEL RESULTS

                                                    Two-Tailed
                    Estimate       S.E.  Est./S.E.    P-Value

Within Level

 CS       BY
    Y1                 1.000      0.000    999.000    999.000
    Y2                 0.496      0.010     51.848      0.000
    Y3                 1.275      0.024     53.802      0.000

 Variances
    CS                 2.033      0.057     35.692      0.000

 Residual Variances
    Y1                 1.008      0.036     27.934      0.000
    Y2                 0.499      0.012     43.353      0.000
    Y3                 1.478      0.057     25.809      0.000

Between Level

 CT       BY
    Y1                 1.000      0.000    999.000    999.000
    Y2                 0.774      0.077     10.054      0.000
    Y3                 1.329      0.106     12.529      0.000

 Intercepts
    Y1                 2.017      0.098     20.566      0.000
    Y2                 2.512      0.094     26.717      0.000
    Y3                 2.964      0.111     26.817      0.000

 Variances
    CT                 1.265      0.198      6.400      0.000

 Residual Variances
    Y1                 0.582      0.099      5.886      0.000
    Y2                 0.984      0.110      8.910      0.000
    Y3                 0.090      0.138      0.656      0.512


QUALITY OF NUMERICAL RESULTS

     Condition Number for the Information Matrix              0.849E-03
       (ratio of smallest to largest eigenvalue)


     Beginning Time:  14:28:34
        Ending Time:  14:28:35
       Elapsed Time:  00:00:01



MUTHEN & MUTHEN
3463 Stoner Ave.
Los Angeles, CA  90066

Tel: (310) 391-9971
Fax: (310) 391-8971
Web: www.StatModel.com
Support: Support@StatModel.com

Copyright (c) 1998-2017 Muthen & Muthen
