Mplus VERSION 8
MUTHEN & MUTHEN
02/16/2019   4:45 AM

INPUT INSTRUCTIONS

  TITLE: Your title goes here
  DATA: FILE = "Mplus_files_Results/cuts_long_n500_i4_nt30_na0.dat";
  VARIABLE:
  NAMES = subjn time y1 y2 y3 y4;
  MISSING=.;
  USEVAR = y1
  y2
  y3
  y4 ;
  CLUSTER = subjn ;

  ANALYSIS:
  TYPE = TWOLEVEL ;
  ESTIMATOR = ML ;
  ITERATIONS = 50000 ;
  H1ITERATIONS = 50000 ;


  MODEL:

  %WITHIN%

  ! common states
  CS BY y1@1
  y2 (lcs2)
  y3 (lcs3)
  y4 (lcs4) ;

  %BETWEEN%

  ! common trait
  CT BY y1@1
  y2 (lct2)
  y3 (lct3)
  y4 (lct4) ;



INPUT READING TERMINATED NORMALLY



Your title goes here

SUMMARY OF ANALYSIS

Number of groups                                                 1
Number of observations                                       15000

Number of dependent variables                                    4
Number of independent variables                                  0
Number of continuous latent variables                            2

Observed dependent variables

  Continuous
   Y1          Y2          Y3          Y4

Continuous latent variables
   CS          CT

Variables with special functions

  Cluster variable      SUBJN

Estimator                                                       ML
Information matrix                                        OBSERVED
Maximum number of iterations                                 50000
Convergence criterion                                    0.100D-05
Maximum number of EM iterations                                500
Convergence criteria for the EM algorithm
  Loglikelihood change                                   0.100D-02
  Relative loglikelihood change                          0.100D-05
  Derivative                                             0.100D-03
Minimum variance                                         0.100D-03
Maximum number of steepest descent iterations                   20
Maximum number of iterations for H1                          50000
Convergence criterion for H1                             0.100D-03
Optimization algorithm                                         EMA

Input data file(s)
  Mplus_files_Results/cuts_long_n500_i4_nt30_na0.dat
Input data format  FREE


SUMMARY OF DATA

     Number of missing data patterns             1
     Number of clusters                        500

     Average cluster size       30.000

     Estimated Intraclass Correlations for the Y Variables

                Intraclass              Intraclass              Intraclass
     Variable  Correlation   Variable  Correlation   Variable  Correlation

     Y1           0.374      Y2           0.668      Y3           0.313
     Y4           0.466



COVARIANCE COVERAGE OF DATA

Minimum covariance coverage value   0.100


     PROPORTION OF DATA PRESENT


           Covariance Coverage
              Y1            Y2            Y3            Y4
              ________      ________      ________      ________
 Y1             1.000
 Y2             1.000         1.000
 Y3             1.000         1.000         1.000
 Y4             1.000         1.000         1.000         1.000



UNIVARIATE SAMPLE STATISTICS


     UNIVARIATE HIGHER-ORDER MOMENT DESCRIPTIVE STATISTICS

         Variable/         Mean/     Skewness/   Minimum/ % with                Percentiles
        Sample Size      Variance    Kurtosis    Maximum  Min/Max      20%/60%    40%/80%    Median

     Y1                    2.024       0.050      -5.789    0.01%       0.197      1.469      2.024
           15000.000       4.764       0.074      10.811    0.01%       2.548      3.830
     Y2                    2.559       0.010      -3.261    0.01%       1.082      2.137      2.573
           15000.000       3.042      -0.033       9.047    0.01%       2.994      4.031
     Y3                    3.082      -0.001      -8.427    0.01%       0.841      2.414      3.080
           15000.000       7.071      -0.010      12.600    0.01%       3.758      5.298
     Y4                    3.481      -0.006      -3.638    0.01%       1.851      2.994      3.472
           15000.000       3.897       0.060      11.357    0.01%       3.977      5.129


THE MODEL ESTIMATION TERMINATED NORMALLY



MODEL FIT INFORMATION

Number of Free Parameters                       20

Loglikelihood

          H0 Value                      -99904.340
          H1 Value                      -99899.987

Information Criteria

          Akaike (AIC)                  199848.680
          Bayesian (BIC)                200000.997
          Sample-Size Adjusted BIC      199937.438
            (n* = (n + 2) / 24)

Chi-Square Test of Model Fit

          Value                              8.706
          Degrees of Freedom                     4
          P-Value                           0.0689

RMSEA (Root Mean Square Error Of Approximation)

          Estimate                           0.009

CFI/TLI

          CFI                                1.000
          TLI                                0.999

Chi-Square Test of Model Fit for the Baseline Model

          Value                          28213.645
          Degrees of Freedom                    12
          P-Value                           0.0000

SRMR (Standardized Root Mean Square Residual)

          Value for Within                   0.001
          Value for Between                  0.013



MODEL RESULTS

                                                    Two-Tailed
                    Estimate       S.E.  Est./S.E.    P-Value

Within Level

 CS       BY
    Y1                 1.000      0.000    999.000    999.000
    Y2                 0.505      0.006     87.955      0.000
    Y3                 1.296      0.012    104.778      0.000
    Y4                 0.805      0.008     99.667      0.000

 Variances
    CS                 1.987      0.035     56.392      0.000

 Residual Variances
    Y1                 0.996      0.017     58.696      0.000
    Y2                 0.502      0.007     72.158      0.000
    Y3                 1.521      0.027     56.068      0.000
    Y4                 0.792      0.012     63.728      0.000

Between Level

 CT       BY
    Y1                 1.000      0.000    999.000    999.000
    Y2                 0.867      0.050     17.358      0.000
    Y3                 1.197      0.047     25.555      0.000
    Y4                 0.898      0.046     19.520      0.000

 Intercepts
    Y1                 2.024      0.061     32.997      0.000
    Y2                 2.559      0.064     39.791      0.000
    Y3                 3.082      0.069     44.706      0.000
    Y4                 3.481      0.061     56.671      0.000

 Variances
    CT                 1.337      0.119     11.214      0.000

 Residual Variances
    Y1                 0.445      0.044     10.148      0.000
    Y2                 1.030      0.075     13.819      0.000
    Y3                 0.298      0.050      5.985      0.000
    Y4                 0.740      0.056     13.109      0.000


QUALITY OF NUMERICAL RESULTS

     Condition Number for the Information Matrix              0.130E-02
       (ratio of smallest to largest eigenvalue)


     Beginning Time:  04:45:07
        Ending Time:  04:45:08
       Elapsed Time:  00:00:01



MUTHEN & MUTHEN
3463 Stoner Ave.
Los Angeles, CA  90066

Tel: (310) 391-9971
Fax: (310) 391-8971
Web: www.StatModel.com
Support: Support@StatModel.com

Copyright (c) 1998-2017 Muthen & Muthen
