Mplus VERSION 8
MUTHEN & MUTHEN
02/15/2019   2:40 PM

INPUT INSTRUCTIONS

  TITLE: Your title goes here
  DATA: FILE = "Mplus_files_Results/cuts_long_n500_i3_nt5_na0.dat";
  VARIABLE:
  NAMES = subjn time y1 y2 y3;
  MISSING=.;
  USEVAR = y1
  y2
  y3 ;
  CLUSTER = subjn ;

  ANALYSIS:
  TYPE = TWOLEVEL ;
  ESTIMATOR = ML ;
  ITERATIONS = 50000 ;
  H1ITERATIONS = 50000 ;


  MODEL:

  %WITHIN%

  ! common states
  CS BY y1@1
  y2 (lcs2)
  y3 (lcs3) ;

  %BETWEEN%

  ! common trait
  CT BY y1@1
  y2 (lct2)
  y3 (lct3) ;



INPUT READING TERMINATED NORMALLY



Your title goes here

SUMMARY OF ANALYSIS

Number of groups                                                 1
Number of observations                                        2500

Number of dependent variables                                    3
Number of independent variables                                  0
Number of continuous latent variables                            2

Observed dependent variables

  Continuous
   Y1          Y2          Y3

Continuous latent variables
   CS          CT

Variables with special functions

  Cluster variable      SUBJN

Estimator                                                       ML
Information matrix                                        OBSERVED
Maximum number of iterations                                 50000
Convergence criterion                                    0.100D-05
Maximum number of EM iterations                                500
Convergence criteria for the EM algorithm
  Loglikelihood change                                   0.100D-02
  Relative loglikelihood change                          0.100D-05
  Derivative                                             0.100D-03
Minimum variance                                         0.100D-03
Maximum number of steepest descent iterations                   20
Maximum number of iterations for H1                          50000
Convergence criterion for H1                             0.100D-03
Optimization algorithm                                         EMA

Input data file(s)
  Mplus_files_Results/cuts_long_n500_i3_nt5_na0.dat
Input data format  FREE


SUMMARY OF DATA

     Number of missing data patterns             1
     Number of clusters                        500

     Average cluster size        5.000

     Estimated Intraclass Correlations for the Y Variables

                Intraclass              Intraclass              Intraclass
     Variable  Correlation   Variable  Correlation   Variable  Correlation

     Y1           0.365      Y2           0.685      Y3           0.319



COVARIANCE COVERAGE OF DATA

Minimum covariance coverage value   0.100


     PROPORTION OF DATA PRESENT


           Covariance Coverage
              Y1            Y2            Y3
              ________      ________      ________
 Y1             1.000
 Y2             1.000         1.000
 Y3             1.000         1.000         1.000



UNIVARIATE SAMPLE STATISTICS


     UNIVARIATE HIGHER-ORDER MOMENT DESCRIPTIVE STATISTICS

         Variable/         Mean/     Skewness/   Minimum/ % with                Percentiles
        Sample Size      Variance    Kurtosis    Maximum  Min/Max      20%/60%    40%/80%    Median

     Y1                    2.008      -0.037      -5.796    0.04%       0.209      1.505      2.059
            2500.000       4.600       0.080       9.373    0.04%       2.535      3.757
     Y2                    2.548      -0.030      -4.119    0.04%       1.066      2.140      2.543
            2500.000       3.062       0.052       8.359    0.04%       3.017      4.013
     Y3                    3.053       0.006      -6.156    0.04%       0.873      2.415      3.043
            2500.000       6.862       0.073      12.731    0.04%       3.720      5.236


THE MODEL ESTIMATION TERMINATED NORMALLY



MODEL FIT INFORMATION

Number of Free Parameters                       15

Loglikelihood

          H0 Value                      -13692.322
          H1 Value                      -13692.322

Information Criteria

          Akaike (AIC)                   27414.644
          Bayesian (BIC)                 27502.005
          Sample-Size Adjusted BIC       27454.346
            (n* = (n + 2) / 24)

Chi-Square Test of Model Fit

          Value                              0.000
          Degrees of Freedom                     0
          P-Value                           0.0000

RMSEA (Root Mean Square Error Of Approximation)

          Estimate                           0.000

CFI/TLI

          CFI                                1.000
          TLI                                1.000

Chi-Square Test of Model Fit for the Baseline Model

          Value                           2859.875
          Degrees of Freedom                     6
          P-Value                           0.0000

SRMR (Standardized Root Mean Square Residual)

          Value for Within                   0.000
          Value for Between                  0.000



MODEL RESULTS

                                                    Two-Tailed
                    Estimate       S.E.  Est./S.E.    P-Value

Within Level

 CS       BY
    Y1                 1.000      0.000    999.000    999.000
    Y2                 0.484      0.017     28.556      0.000
    Y3                 1.284      0.042     30.645      0.000

 Variances
    CS                 1.922      0.100     19.141      0.000

 Residual Variances
    Y1                 0.998      0.060     16.746      0.000
    Y2                 0.515      0.020     25.589      0.000
    Y3                 1.501      0.096     15.656      0.000

Between Level

 CT       BY
    Y1                 1.000      0.000    999.000    999.000
    Y2                 0.878      0.064     13.735      0.000
    Y3                 1.161      0.066     17.620      0.000

 Intercepts
    Y1                 2.008      0.067     29.839      0.000
    Y2                 2.548      0.068     37.651      0.000
    Y3                 3.053      0.079     38.610      0.000

 Variances
    CT                 1.366      0.151      9.025      0.000

 Residual Variances
    Y1                 0.314      0.069      4.554      0.000
    Y2                 1.044      0.091     11.513      0.000
    Y3                 0.353      0.094      3.760      0.000


QUALITY OF NUMERICAL RESULTS

     Condition Number for the Information Matrix              0.576E-02
       (ratio of smallest to largest eigenvalue)


     Beginning Time:  14:40:28
        Ending Time:  14:40:29
       Elapsed Time:  00:00:01



MUTHEN & MUTHEN
3463 Stoner Ave.
Los Angeles, CA  90066

Tel: (310) 391-9971
Fax: (310) 391-8971
Web: www.StatModel.com
Support: Support@StatModel.com

Copyright (c) 1998-2017 Muthen & Muthen
