Mplus VERSION 8
MUTHEN & MUTHEN
02/18/2019   4:58 PM

INPUT INSTRUCTIONS

  TITLE: Your title goes here
  DATA: FILE = "Mplus_files_Results/cuts_long_trunc_n100_i5_nt15_na0.dat";
  VARIABLE:
  NAMES = subjn time y1 y2 y3 y4 y5;
  MISSING=.;
  USEVAR = y1
  y2
  y3
  y4
  y5 ;
  CLUSTER = subjn ;

  ANALYSIS:
  TYPE = TWOLEVEL ;
  ESTIMATOR = ML ;
  ITERATIONS = 50000 ;
  H1ITERATIONS = 50000 ;


  MODEL:

  %WITHIN%

  ! common states
  CS BY y1@1
  y2 (lcs2)
  y3 (lcs3)
  y4 (lcs4)
  y5 (lcs5) ;

  %BETWEEN%

  ! common trait
  CT BY y1@1
  y2 (lct2)
  y3 (lct3)
  y4 (lct4)
  y5 (lct5) ;



INPUT READING TERMINATED NORMALLY



Your title goes here

SUMMARY OF ANALYSIS

Number of groups                                                 1
Number of observations                                        1500

Number of dependent variables                                    5
Number of independent variables                                  0
Number of continuous latent variables                            2

Observed dependent variables

  Continuous
   Y1          Y2          Y3          Y4          Y5

Continuous latent variables
   CS          CT

Variables with special functions

  Cluster variable      SUBJN

Estimator                                                       ML
Information matrix                                        OBSERVED
Maximum number of iterations                                 50000
Convergence criterion                                    0.100D-05
Maximum number of EM iterations                                500
Convergence criteria for the EM algorithm
  Loglikelihood change                                   0.100D-02
  Relative loglikelihood change                          0.100D-05
  Derivative                                             0.100D-03
Minimum variance                                         0.100D-03
Maximum number of steepest descent iterations                   20
Maximum number of iterations for H1                          50000
Convergence criterion for H1                             0.100D-03
Optimization algorithm                                         EMA

Input data file(s)
  Mplus_files_Results/cuts_long_trunc_n100_i5_nt15_na0.dat
Input data format  FREE


SUMMARY OF DATA

     Number of missing data patterns             1
     Number of clusters                        100

     Average cluster size       15.000

     Estimated Intraclass Correlations for the Y Variables

                Intraclass              Intraclass              Intraclass
     Variable  Correlation   Variable  Correlation   Variable  Correlation

     Y1           0.306      Y2           0.552      Y3           0.297
     Y4           0.390      Y5           0.329



COVARIANCE COVERAGE OF DATA

Minimum covariance coverage value   0.100


     PROPORTION OF DATA PRESENT


           Covariance Coverage
              Y1            Y2            Y3            Y4            Y5
              ________      ________      ________      ________      ________
 Y1             1.000
 Y2             1.000         1.000
 Y3             1.000         1.000         1.000
 Y4             1.000         1.000         1.000         1.000
 Y5             1.000         1.000         1.000         1.000         1.000



UNIVARIATE SAMPLE STATISTICS


     UNIVARIATE HIGHER-ORDER MOMENT DESCRIPTIVE STATISTICS

         Variable/         Mean/     Skewness/   Minimum/ % with                Percentiles
        Sample Size      Variance    Kurtosis    Maximum  Min/Max      20%/60%    40%/80%    Median

     Y1                    1.735       0.457      -4.000    0.13%       0.000      1.000      1.000
            1500.000       3.664       0.048       8.000    0.33%       2.000      3.000
     Y2                    2.241       0.411      -2.000    0.13%       1.000      2.000      2.000
            1500.000       2.304      -0.004       7.000    0.73%       3.000      3.000
     Y3                    2.803       0.218      -6.000    0.07%       0.000      2.000      3.000
            1500.000       6.414      -0.071      11.000    0.13%       3.000      5.000
     Y4                    3.227       0.115      -2.000    0.13%       2.000      3.000      3.000
            1500.000       3.435      -0.436       9.000    0.07%       4.000      5.000
     Y5                    3.670       0.191      -2.000    0.27%       2.000      3.000      4.000
            1500.000       5.150      -0.352      12.000    0.07%       4.000      6.000


THE MODEL ESTIMATION TERMINATED NORMALLY



MODEL FIT INFORMATION

Number of Free Parameters                       25

Loglikelihood

          H0 Value                      -12641.667
          H1 Value                      -12632.800

Information Criteria

          Akaike (AIC)                   25333.333
          Bayesian (BIC)                 25466.164
          Sample-Size Adjusted BIC       25386.746
            (n* = (n + 2) / 24)

Chi-Square Test of Model Fit

          Value                             17.733
          Degrees of Freedom                    10
          P-Value                           0.0596

RMSEA (Root Mean Square Error Of Approximation)

          Estimate                           0.023

CFI/TLI

          CFI                                0.998
          TLI                                0.996

Chi-Square Test of Model Fit for the Baseline Model

          Value                           3843.506
          Degrees of Freedom                    20
          P-Value                           0.0000

SRMR (Standardized Root Mean Square Residual)

          Value for Within                   0.008
          Value for Between                  0.033



MODEL RESULTS

                                                    Two-Tailed
                    Estimate       S.E.  Est./S.E.    P-Value

Within Level

 CS       BY
    Y1                 1.000      0.000    999.000    999.000
    Y2                 0.531      0.020     26.605      0.000
    Y3                 1.337      0.040     33.223      0.000
    Y4                 0.854      0.028     30.791      0.000
    Y5                 1.146      0.035     32.766      0.000

 Variances
    CS                 1.686      0.095     17.758      0.000

 Residual Variances
    Y1                 0.855      0.043     19.691      0.000
    Y2                 0.558      0.024     23.611      0.000
    Y3                 1.499      0.077     19.540      0.000
    Y4                 0.864      0.040     21.641      0.000
    Y5                 1.242      0.061     20.390      0.000

Between Level

 CT       BY
    Y1                 1.000      0.000    999.000    999.000
    Y2                 0.779      0.127      6.137      0.000
    Y3                 1.402      0.138     10.180      0.000
    Y4                 0.929      0.131      7.080      0.000
    Y5                 1.305      0.134      9.767      0.000

 Intercepts
    Y1                 1.735      0.114     15.252      0.000
    Y2                 2.241      0.116     19.373      0.000
    Y3                 2.803      0.148     18.893      0.000
    Y4                 3.227      0.122     26.508      0.000
    Y5                 3.670      0.139     26.459      0.000

 Variances
    CT                 0.800      0.179      4.466      0.000

 Residual Variances
    Y1                 0.326      0.069      4.750      0.000
    Y2                 0.785      0.124      6.331      0.000
    Y3                 0.328      0.099      3.303      0.001
    Y4                 0.653      0.112      5.848      0.000
    Y5                 0.332      0.092      3.615      0.000


QUALITY OF NUMERICAL RESULTS

     Condition Number for the Information Matrix              0.263E-02
       (ratio of smallest to largest eigenvalue)


     Beginning Time:  16:58:06
        Ending Time:  16:58:07
       Elapsed Time:  00:00:01



MUTHEN & MUTHEN
3463 Stoner Ave.
Los Angeles, CA  90066

Tel: (310) 391-9971
Fax: (310) 391-8971
Web: www.StatModel.com
Support: Support@StatModel.com

Copyright (c) 1998-2017 Muthen & Muthen
