Mplus VERSION 8
MUTHEN & MUTHEN
02/19/2019   3:59 AM

INPUT INSTRUCTIONS

  TITLE: Your title goes here
  DATA: FILE = "Mplus_files_Results/cuts_long_trunc_n100_i5_nt120_na0.dat";
  VARIABLE:
  NAMES = subjn time y1 y2 y3 y4 y5;
  MISSING=.;
  USEVAR = y1
  y2
  y3
  y4
  y5 ;
  CLUSTER = subjn ;

  ANALYSIS:
  TYPE = TWOLEVEL ;
  ESTIMATOR = ML ;
  ITERATIONS = 50000 ;
  H1ITERATIONS = 50000 ;


  MODEL:

  %WITHIN%

  ! common states
  CS BY y1@1
  y2 (lcs2)
  y3 (lcs3)
  y4 (lcs4)
  y5 (lcs5) ;

  %BETWEEN%

  ! common trait
  CT BY y1@1
  y2 (lct2)
  y3 (lct3)
  y4 (lct4)
  y5 (lct5) ;



INPUT READING TERMINATED NORMALLY



Your title goes here

SUMMARY OF ANALYSIS

Number of groups                                                 1
Number of observations                                       12000

Number of dependent variables                                    5
Number of independent variables                                  0
Number of continuous latent variables                            2

Observed dependent variables

  Continuous
   Y1          Y2          Y3          Y4          Y5

Continuous latent variables
   CS          CT

Variables with special functions

  Cluster variable      SUBJN

Estimator                                                       ML
Information matrix                                        OBSERVED
Maximum number of iterations                                 50000
Convergence criterion                                    0.100D-05
Maximum number of EM iterations                                500
Convergence criteria for the EM algorithm
  Loglikelihood change                                   0.100D-02
  Relative loglikelihood change                          0.100D-05
  Derivative                                             0.100D-03
Minimum variance                                         0.100D-03
Maximum number of steepest descent iterations                   20
Maximum number of iterations for H1                          50000
Convergence criterion for H1                             0.100D-03
Optimization algorithm                                         EMA

Input data file(s)
  Mplus_files_Results/cuts_long_trunc_n100_i5_nt120_na0.dat
Input data format  FREE


SUMMARY OF DATA

     Number of missing data patterns             1
     Number of clusters                        100

     Average cluster size      120.000

     Estimated Intraclass Correlations for the Y Variables

                Intraclass              Intraclass              Intraclass
     Variable  Correlation   Variable  Correlation   Variable  Correlation

     Y1           0.335      Y2           0.576      Y3           0.295
     Y4           0.384      Y5           0.334



COVARIANCE COVERAGE OF DATA

Minimum covariance coverage value   0.100


     PROPORTION OF DATA PRESENT


           Covariance Coverage
              Y1            Y2            Y3            Y4            Y5
              ________      ________      ________      ________      ________
 Y1             1.000
 Y2             1.000         1.000
 Y3             1.000         1.000         1.000
 Y4             1.000         1.000         1.000         1.000
 Y5             1.000         1.000         1.000         1.000         1.000



UNIVARIATE SAMPLE STATISTICS


     UNIVARIATE HIGHER-ORDER MOMENT DESCRIPTIVE STATISTICS

         Variable/         Mean/     Skewness/   Minimum/ % with                Percentiles
        Sample Size      Variance    Kurtosis    Maximum  Min/Max      20%/60%    40%/80%    Median

     Y1                    1.694       0.305      -5.000    0.06%       0.000      1.000      2.000
           12000.000       3.703       0.039       9.000    0.05%       2.000      3.000
     Y2                    2.238       0.420      -3.000    0.01%       1.000      2.000      2.000
           12000.000       2.308       0.067       9.000    0.02%       3.000      3.000
     Y3                    2.739       0.252      -6.000    0.05%       0.000      2.000      3.000
           12000.000       6.183      -0.052      13.000    0.01%       3.000      5.000
     Y4                    3.226       0.132      -3.000    0.03%       2.000      3.000      3.000
           12000.000       3.428      -0.207      11.000    0.02%       4.000      5.000
     Y5                    3.628       0.131      -5.000    0.02%       2.000      3.000      4.000
           12000.000       5.181      -0.225      12.000    0.02%       4.000      6.000


THE MODEL ESTIMATION TERMINATED NORMALLY



MODEL FIT INFORMATION

Number of Free Parameters                       25

Loglikelihood

          H0 Value                      -97333.255
          H1 Value                      -97326.814

Information Criteria

          Akaike (AIC)                  194716.511
          Bayesian (BIC)                194901.327
          Sample-Size Adjusted BIC      194821.880
            (n* = (n + 2) / 24)

Chi-Square Test of Model Fit

          Value                             12.883
          Degrees of Freedom                    10
          P-Value                           0.2303

RMSEA (Root Mean Square Error Of Approximation)

          Estimate                           0.005

CFI/TLI

          CFI                                1.000
          TLI                                1.000

Chi-Square Test of Model Fit for the Baseline Model

          Value                          29816.397
          Degrees of Freedom                    20
          P-Value                           0.0000

SRMR (Standardized Root Mean Square Residual)

          Value for Within                   0.002
          Value for Between                  0.025



MODEL RESULTS

                                                    Two-Tailed
                    Estimate       S.E.  Est./S.E.    P-Value

Within Level

 CS       BY
    Y1                 1.000      0.000    999.000    999.000
    Y2                 0.532      0.007     73.874      0.000
    Y3                 1.390      0.015     94.749      0.000
    Y4                 0.896      0.010     86.527      0.000
    Y5                 1.221      0.013     93.455      0.000

 Variances
    CS                 1.536      0.031     49.465      0.000

 Residual Variances
    Y1                 0.926      0.015     60.548      0.000
    Y2                 0.544      0.008     69.259      0.000
    Y3                 1.392      0.025     55.716      0.000
    Y4                 0.879      0.014     63.148      0.000
    Y5                 1.162      0.020     57.336      0.000

Between Level

 CT       BY
    Y1                 1.000      0.000    999.000    999.000
    Y2                 0.751      0.108      6.925      0.000
    Y3                 1.251      0.105     11.960      0.000
    Y4                 0.805      0.107      7.490      0.000
    Y5                 1.209      0.104     11.629      0.000

 Intercepts
    Y1                 1.694      0.112     15.081      0.000
    Y2                 2.238      0.116     19.347      0.000
    Y3                 2.739      0.136     20.071      0.000
    Y4                 3.226      0.115     27.933      0.000
    Y5                 3.628      0.133     27.352      0.000

 Variances
    CT                 0.936      0.178      5.267      0.000

 Residual Variances
    Y1                 0.306      0.060      5.098      0.000
    Y2                 0.803      0.121      6.639      0.000
    Y3                 0.363      0.083      4.376      0.000
    Y4                 0.711      0.110      6.455      0.000
    Y5                 0.363      0.081      4.489      0.000


QUALITY OF NUMERICAL RESULTS

     Condition Number for the Information Matrix              0.975E-04
       (ratio of smallest to largest eigenvalue)


     Beginning Time:  03:59:58
        Ending Time:  03:59:59
       Elapsed Time:  00:00:01



MUTHEN & MUTHEN
3463 Stoner Ave.
Los Angeles, CA  90066

Tel: (310) 391-9971
Fax: (310) 391-8971
Web: www.StatModel.com
Support: Support@StatModel.com

Copyright (c) 1998-2017 Muthen & Muthen
