Mplus VERSION 8
MUTHEN & MUTHEN
02/18/2019   6:15 PM

INPUT INSTRUCTIONS

  TITLE: Your title goes here
  DATA: FILE = "Mplus_files_Results/cuts_long_trunc_n100_i5_nt45_na0.dat";
  VARIABLE:
  NAMES = subjn time y1 y2 y3 y4 y5;
  MISSING=.;
  USEVAR = y1
  y2
  y3
  y4
  y5 ;
  CLUSTER = subjn ;

  ANALYSIS:
  TYPE = TWOLEVEL ;
  ESTIMATOR = ML ;
  ITERATIONS = 50000 ;
  H1ITERATIONS = 50000 ;


  MODEL:

  %WITHIN%

  ! common states
  CS BY y1@1
  y2 (lcs2)
  y3 (lcs3)
  y4 (lcs4)
  y5 (lcs5) ;

  %BETWEEN%

  ! common trait
  CT BY y1@1
  y2 (lct2)
  y3 (lct3)
  y4 (lct4)
  y5 (lct5) ;



INPUT READING TERMINATED NORMALLY



Your title goes here

SUMMARY OF ANALYSIS

Number of groups                                                 1
Number of observations                                        4500

Number of dependent variables                                    5
Number of independent variables                                  0
Number of continuous latent variables                            2

Observed dependent variables

  Continuous
   Y1          Y2          Y3          Y4          Y5

Continuous latent variables
   CS          CT

Variables with special functions

  Cluster variable      SUBJN

Estimator                                                       ML
Information matrix                                        OBSERVED
Maximum number of iterations                                 50000
Convergence criterion                                    0.100D-05
Maximum number of EM iterations                                500
Convergence criteria for the EM algorithm
  Loglikelihood change                                   0.100D-02
  Relative loglikelihood change                          0.100D-05
  Derivative                                             0.100D-03
Minimum variance                                         0.100D-03
Maximum number of steepest descent iterations                   20
Maximum number of iterations for H1                          50000
Convergence criterion for H1                             0.100D-03
Optimization algorithm                                         EMA

Input data file(s)
  Mplus_files_Results/cuts_long_trunc_n100_i5_nt45_na0.dat
Input data format  FREE


SUMMARY OF DATA

     Number of missing data patterns             1
     Number of clusters                        100

     Average cluster size       45.000

     Estimated Intraclass Correlations for the Y Variables

                Intraclass              Intraclass              Intraclass
     Variable  Correlation   Variable  Correlation   Variable  Correlation

     Y1           0.341      Y2           0.570      Y3           0.282
     Y4           0.395      Y5           0.348



COVARIANCE COVERAGE OF DATA

Minimum covariance coverage value   0.100


     PROPORTION OF DATA PRESENT


           Covariance Coverage
              Y1            Y2            Y3            Y4            Y5
              ________      ________      ________      ________      ________
 Y1             1.000
 Y2             1.000         1.000
 Y3             1.000         1.000         1.000
 Y4             1.000         1.000         1.000         1.000
 Y5             1.000         1.000         1.000         1.000         1.000



UNIVARIATE SAMPLE STATISTICS


     UNIVARIATE HIGHER-ORDER MOMENT DESCRIPTIVE STATISTICS

         Variable/         Mean/     Skewness/   Minimum/ % with                Percentiles
        Sample Size      Variance    Kurtosis    Maximum  Min/Max      20%/60%    40%/80%    Median

     Y1                    1.709       0.345      -4.000    0.16%       0.000      1.000      2.000
            4500.000       3.734      -0.015       9.000    0.04%       2.000      3.000
     Y2                    2.245       0.391      -2.000    0.02%       1.000      2.000      2.000
            4500.000       2.314      -0.009       8.000    0.13%       3.000      3.000
     Y3                    2.708       0.265      -5.000    0.09%       0.000      2.000      3.000
            4500.000       6.011      -0.105      11.000    0.07%       3.000      5.000
     Y4                    3.190       0.149      -2.000    0.09%       2.000      3.000      3.000
            4500.000       3.390      -0.323      10.000    0.02%       4.000      5.000
     Y5                    3.612       0.174      -4.000    0.04%       2.000      3.000      4.000
            4500.000       5.194      -0.291      12.000    0.02%       4.000      6.000


THE MODEL ESTIMATION TERMINATED NORMALLY



MODEL FIT INFORMATION

Number of Free Parameters                       25

Loglikelihood

          H0 Value                      -36932.484
          H1 Value                      -36927.725

Information Criteria

          Akaike (AIC)                   73914.968
          Bayesian (BIC)                 74075.263
          Sample-Size Adjusted BIC       73995.823
            (n* = (n + 2) / 24)

Chi-Square Test of Model Fit

          Value                              9.517
          Degrees of Freedom                    10
          P-Value                           0.4838

RMSEA (Root Mean Square Error Of Approximation)

          Estimate                           0.000

CFI/TLI

          CFI                                1.000
          TLI                                1.000

Chi-Square Test of Model Fit for the Baseline Model

          Value                          11008.382
          Degrees of Freedom                    20
          P-Value                           0.0000

SRMR (Standardized Root Mean Square Residual)

          Value for Within                   0.003
          Value for Between                  0.024



MODEL RESULTS

                                                    Two-Tailed
                    Estimate       S.E.  Est./S.E.    P-Value

Within Level

 CS       BY
    Y1                 1.000      0.000    999.000    999.000
    Y2                 0.534      0.012     44.898      0.000
    Y3                 1.378      0.024     57.669      0.000
    Y4                 0.878      0.017     52.555      0.000
    Y5                 1.181      0.021     55.394      0.000

 Variances
    CS                 1.546      0.051     30.186      0.000

 Residual Variances
    Y1                 0.913      0.025     36.325      0.000
    Y2                 0.555      0.013     42.035      0.000
    Y3                 1.376      0.041     33.552      0.000
    Y4                 0.858      0.022     38.258      0.000
    Y5                 1.228      0.034     35.922      0.000

Between Level

 CT       BY
    Y1                 1.000      0.000    999.000    999.000
    Y2                 0.720      0.112      6.430      0.000
    Y3                 1.219      0.105     11.649      0.000
    Y4                 0.816      0.111      7.362      0.000
    Y5                 1.221      0.113     10.813      0.000

 Intercepts
    Y1                 1.709      0.115     14.823      0.000
    Y2                 2.245      0.116     19.387      0.000
    Y3                 2.708      0.134     20.223      0.000
    Y4                 3.190      0.118     27.117      0.000
    Y5                 3.612      0.137     26.305      0.000

 Variances
    CT                 0.941      0.186      5.049      0.000

 Residual Variances
    Y1                 0.334      0.066      5.058      0.000
    Y2                 0.831      0.126      6.600      0.000
    Y3                 0.298      0.078      3.797      0.000
    Y4                 0.711      0.112      6.330      0.000
    Y5                 0.407      0.091      4.450      0.000


QUALITY OF NUMERICAL RESULTS

     Condition Number for the Information Matrix              0.608E-03
       (ratio of smallest to largest eigenvalue)


     Beginning Time:  18:15:08
        Ending Time:  18:15:09
       Elapsed Time:  00:00:01



MUTHEN & MUTHEN
3463 Stoner Ave.
Los Angeles, CA  90066

Tel: (310) 391-9971
Fax: (310) 391-8971
Web: www.StatModel.com
Support: Support@StatModel.com

Copyright (c) 1998-2017 Muthen & Muthen
