Mplus VERSION 8
MUTHEN & MUTHEN
02/16/2019   4:20 AM

INPUT INSTRUCTIONS

  TITLE: Your title goes here
  DATA: FILE = "Mplus_files_Results/cuts_wide_trunc_n50_i4_nt5_na0.dat";
  VARIABLE:
  NAMES = subjn y11 y21 y31 y41 y12 y22 y32 y42 y13 y23 y33 y43 y14 y24 y34 y44 y15
       y25 y35 y45;
  MISSING=.;
  USEVAR = y11
  y21
  y31
  y41
  y12
  y22
  y32
  y42
  y13
  y23
  y33
  y43
  y14
  y24
  y34
  y44
  y15
  y25
  y35
  y45 ;


  ANALYSIS:
  TYPE = GENERAL ;
  ESTIMATOR = ML ;
  ITERATIONS = 50000 ;
  H1ITERATIONS = 50000 ;


  MODEL:

  ! common states
  CS1 BY y11@1
  y21 (lcs21)
  y31 (lcs31)
  y41 (lcs41) ;
  CS2 BY y12@1
  y22 (lcs21)
  y32 (lcs31)
  y42 (lcs41) ;
  CS3 BY y13@1
  y23 (lcs21)
  y33 (lcs31)
  y43 (lcs41) ;
  CS4 BY y14@1
  y24 (lcs21)
  y34 (lcs31)
  y44 (lcs41) ;
  CS5 BY y15@1
  y25 (lcs21)
  y35 (lcs31)
  y45 (lcs41) ;

  ! common trait
  CT BY y11@1
  y21 (lct21)
  y31 (lct31)
  y41 (lct41)
  y12@1
  y22 (lct21)
  y32 (lct31)
  y42 (lct41)
  y13@1
  y23 (lct21)
  y33 (lct31)
  y43 (lct41)
  y14@1
  y24 (lct21)
  y34 (lct31)
  y44 (lct41)
  y15@1
  y25 (lct21)
  y35 (lct31)
  y45 (lct41) ;

  ! unique trait
  UT1 BY y11@1
  y12@1
  y13@1
  y14@1
  y15@1 ;
  UT2 BY y21@1
  y22@1
  y23@1
  y24@1
  y25@1 ;
  UT3 BY y31@1
  y32@1
  y33@1
  y34@1
  y35@1 ;
  UT4 BY y41@1
  y42@1
  y43@1
  y44@1
  y45@1 ;

  ! Intercepts and means
  [y11*] (ins11) ;
  [y21*] (ins21) ;
  [y31*] (ins31) ;
  [y41*] (ins41) ;
  [y12*] (ins11) ;
  [y22*] (ins21) ;
  [y32*] (ins31) ;
  [y42*] (ins41) ;
  [y13*] (ins11) ;
  [y23*] (ins21) ;
  [y33*] (ins31) ;
  [y43*] (ins41) ;
  [y14*] (ins11) ;
  [y24*] (ins21) ;
  [y34*] (ins31) ;
  [y44*] (ins41) ;
  [y15*] (ins11) ;
  [y25*] (ins21) ;
  [y35*] (ins31) ;
  [y45*] (ins41) ;




  ! Set 0 covariances
  CS1 WITH CS2@0
  CS3@0
  CS4@0
  CS5@0
  UT1@0
  UT2@0
  UT3@0
  UT4@0
  CT@0 ;
  CS2 WITH CS3@0
  CS4@0
  CS5@0
  UT1@0
  UT2@0
  UT3@0
  UT4@0
  CT@0 ;
  CS3 WITH CS4@0
  CS5@0
  UT1@0
  UT2@0
  UT3@0
  UT4@0
  CT@0 ;
  CS4 WITH CS5@0
  UT1@0
  UT2@0
  UT3@0
  UT4@0
  CT@0 ;
  CS5 WITH UT1@0
  UT2@0
  UT3@0
  UT4@0
  CT@0 ;
  UT1 WITH UT2@0
  UT3@0
  UT4@0
  CT@0 ;
  UT2 WITH UT3@0
  UT4@0
  CT@0 ;
  UT3 WITH UT4@0
  CT@0 ;
  UT4 WITH CT@0 ;

  ! Variance components
  y11 (err11) ;
  y21 (err21) ;
  y31 (err31) ;
  y41 (err41) ;
  y12 (err11) ;
  y22 (err21) ;
  y32 (err31) ;
  y42 (err41) ;
  y13 (err11) ;
  y23 (err21) ;
  y33 (err31) ;
  y43 (err41) ;
  y14 (err11) ;
  y24 (err21) ;
  y34 (err31) ;
  y44 (err41) ;
  y15 (err11) ;
  y25 (err21) ;
  y35 (err31) ;
  y45 (err41) ;
  CS1 (cs_var1) ;
  CS2 (cs_var1) ;
  CS3 (cs_var1) ;
  CS4 (cs_var1) ;
  CS5 (cs_var1) ;
  UT1 (ut_var1) ;
  UT2 (ut_var2) ;
  UT3 (ut_var3) ;
  UT4 (ut_var4) ;
  CT (ct_var) ;



INPUT READING TERMINATED NORMALLY



Your title goes here

SUMMARY OF ANALYSIS

Number of groups                                                 1
Number of observations                                          50

Number of dependent variables                                   20
Number of independent variables                                  0
Number of continuous latent variables                           10

Observed dependent variables

  Continuous
   Y11         Y21         Y31         Y41         Y12         Y22
   Y32         Y42         Y13         Y23         Y33         Y43
   Y14         Y24         Y34         Y44         Y15         Y25
   Y35         Y45

Continuous latent variables
   CS1         CS2         CS3         CS4         CS5         CT
   UT1         UT2         UT3         UT4


Estimator                                                       ML
Information matrix                                        OBSERVED
Maximum number of iterations                                 50000
Convergence criterion                                    0.500D-04
Maximum number of steepest descent iterations                   20
Maximum number of iterations for H1                          50000
Convergence criterion for H1                             0.100D-03

Input data file(s)
  Mplus_files_Results/cuts_wide_trunc_n50_i4_nt5_na0.dat

Input data format  FREE


SUMMARY OF DATA

     Number of missing data patterns             1


COVARIANCE COVERAGE OF DATA

Minimum covariance coverage value   0.100


     PROPORTION OF DATA PRESENT


           Covariance Coverage
              Y11           Y21           Y31           Y41           Y12
              ________      ________      ________      ________      ________
 Y11            1.000
 Y21            1.000         1.000
 Y31            1.000         1.000         1.000
 Y41            1.000         1.000         1.000         1.000
 Y12            1.000         1.000         1.000         1.000         1.000
 Y22            1.000         1.000         1.000         1.000         1.000
 Y32            1.000         1.000         1.000         1.000         1.000
 Y42            1.000         1.000         1.000         1.000         1.000
 Y13            1.000         1.000         1.000         1.000         1.000
 Y23            1.000         1.000         1.000         1.000         1.000
 Y33            1.000         1.000         1.000         1.000         1.000
 Y43            1.000         1.000         1.000         1.000         1.000
 Y14            1.000         1.000         1.000         1.000         1.000
 Y24            1.000         1.000         1.000         1.000         1.000
 Y34            1.000         1.000         1.000         1.000         1.000
 Y44            1.000         1.000         1.000         1.000         1.000
 Y15            1.000         1.000         1.000         1.000         1.000
 Y25            1.000         1.000         1.000         1.000         1.000
 Y35            1.000         1.000         1.000         1.000         1.000
 Y45            1.000         1.000         1.000         1.000         1.000


           Covariance Coverage
              Y22           Y32           Y42           Y13           Y23
              ________      ________      ________      ________      ________
 Y22            1.000
 Y32            1.000         1.000
 Y42            1.000         1.000         1.000
 Y13            1.000         1.000         1.000         1.000
 Y23            1.000         1.000         1.000         1.000         1.000
 Y33            1.000         1.000         1.000         1.000         1.000
 Y43            1.000         1.000         1.000         1.000         1.000
 Y14            1.000         1.000         1.000         1.000         1.000
 Y24            1.000         1.000         1.000         1.000         1.000
 Y34            1.000         1.000         1.000         1.000         1.000
 Y44            1.000         1.000         1.000         1.000         1.000
 Y15            1.000         1.000         1.000         1.000         1.000
 Y25            1.000         1.000         1.000         1.000         1.000
 Y35            1.000         1.000         1.000         1.000         1.000
 Y45            1.000         1.000         1.000         1.000         1.000


           Covariance Coverage
              Y33           Y43           Y14           Y24           Y34
              ________      ________      ________      ________      ________
 Y33            1.000
 Y43            1.000         1.000
 Y14            1.000         1.000         1.000
 Y24            1.000         1.000         1.000         1.000
 Y34            1.000         1.000         1.000         1.000         1.000
 Y44            1.000         1.000         1.000         1.000         1.000
 Y15            1.000         1.000         1.000         1.000         1.000
 Y25            1.000         1.000         1.000         1.000         1.000
 Y35            1.000         1.000         1.000         1.000         1.000
 Y45            1.000         1.000         1.000         1.000         1.000


           Covariance Coverage
              Y44           Y15           Y25           Y35           Y45
              ________      ________      ________      ________      ________
 Y44            1.000
 Y15            1.000         1.000
 Y25            1.000         1.000         1.000
 Y35            1.000         1.000         1.000         1.000
 Y45            1.000         1.000         1.000         1.000         1.000



UNIVARIATE SAMPLE STATISTICS


     UNIVARIATE HIGHER-ORDER MOMENT DESCRIPTIVE STATISTICS

         Variable/         Mean/     Skewness/   Minimum/ % with                Percentiles
        Sample Size      Variance    Kurtosis    Maximum  Min/Max      20%/60%    40%/80%    Median

     Y11                   1.820       0.232      -3.000    2.00%       0.000      1.000      2.000
              50.000       5.228      -0.585       7.000    2.00%       2.000      4.000
     Y21                   2.100       0.053      -1.000    2.00%       0.000      2.000      2.000
              50.000       2.450      -0.989       5.000    6.00%       3.000      4.000
     Y31                   3.000      -0.291      -5.000    2.00%       0.000      2.000      3.000
              50.000       8.200      -0.126       8.000    6.00%       4.000      5.000
     Y41                   3.260      -0.338      -3.000    2.00%       1.000      3.000      3.500
              50.000       4.232       0.410       8.000    2.00%       4.000      5.000
     Y12                   2.000       0.035      -2.000    4.00%       0.000      1.000      2.000
              50.000       3.640      -0.479       6.000    4.00%       2.000      4.000
     Y22                   1.800       0.055      -2.000    2.00%       0.000      1.000      2.000
              50.000       2.480      -0.669       5.000    4.00%       2.000      3.000
     Y32                   2.840      -0.346      -3.000    4.00%       1.000      3.000      3.000
              50.000       6.134       0.053       8.000    2.00%       3.000      5.000
     Y42                   3.200      -0.463      -1.000    2.00%       1.000      3.000      4.000
              50.000       3.440      -0.528       7.000    2.00%       4.000      5.000
     Y13                   1.820       0.435      -2.000    2.00%       0.000      1.000      2.000
              50.000       4.388      -0.558       7.000    2.00%       3.000      3.000
     Y23                   1.840       0.597       0.000   20.00%       0.000      1.000      2.000
              50.000       2.094      -0.138       6.000    2.00%       2.000      3.000
     Y33                   3.180      -0.035      -2.000    2.00%       1.000      3.000      3.000
              50.000       5.628      -0.572       8.000    2.00%       4.000      5.000
     Y43                   3.200      -0.161       0.000    8.00%       2.000      3.000      3.500
              50.000       2.720      -0.172       7.000    4.00%       4.000      4.000
     Y14                   1.780       0.108      -3.000    2.00%       0.000      1.000      2.000
              50.000       3.292      -0.225       6.000    2.00%       2.000      4.000
     Y24                   1.900       0.653      -1.000    2.00%       0.000      1.000      1.000
              50.000       2.770       0.094       7.000    2.00%       2.000      3.000
     Y34                   2.440       0.344      -3.000    2.00%       0.000      2.000      2.000
              50.000       5.806      -0.121       8.000    4.00%       3.000      4.000
     Y44                   3.220      -0.212       0.000   16.00%       1.000      3.000      3.500
              50.000       3.692      -0.523       8.000    2.00%       4.000      5.000
     Y15                   1.860       0.325      -1.000    6.00%       0.000      1.000      2.000
              50.000       3.080      -0.610       6.000    4.00%       2.000      4.000
     Y25                   2.200      -0.209      -1.000    6.00%       1.000      2.000      2.000
              50.000       2.480      -0.552       5.000    8.00%       3.000      3.000
     Y35                   2.780      -0.121      -5.000    2.00%       0.000      2.000      3.000
              50.000       6.532       0.730       9.000    2.00%       3.000      5.000
     Y45                   3.060       0.415       0.000    6.00%       1.000      2.000      3.000
              50.000       3.376      -0.490       7.000    6.00%       3.000      4.000


THE MODEL ESTIMATION TERMINATED NORMALLY



MODEL FIT INFORMATION

Number of Free Parameters                       20

Loglikelihood

          H0 Value                       -1730.354
          H1 Value                       -1619.003

Information Criteria

          Akaike (AIC)                    3500.708
          Bayesian (BIC)                  3538.948
          Sample-Size Adjusted BIC        3476.171
            (n* = (n + 2) / 24)

Chi-Square Test of Model Fit

          Value                            222.702
          Degrees of Freedom                   210
          P-Value                           0.2611

RMSEA (Root Mean Square Error Of Approximation)

          Estimate                           0.035
          90 Percent C.I.                    0.000  0.071
          Probability RMSEA <= .05           0.716

CFI/TLI

          CFI                                0.983
          TLI                                0.985

Chi-Square Test of Model Fit for the Baseline Model

          Value                            934.619
          Degrees of Freedom                   190
          P-Value                           0.0000

SRMR (Standardized Root Mean Square Residual)

          Value                              0.094



MODEL RESULTS

                                                    Two-Tailed
                    Estimate       S.E.  Est./S.E.    P-Value

 CS1      BY
    Y11                1.000      0.000    999.000    999.000
    Y21                0.509      0.058      8.845      0.000
    Y31                1.439      0.124     11.652      0.000
    Y41                0.903      0.081     11.110      0.000

 CS2      BY
    Y12                1.000      0.000    999.000    999.000
    Y22                0.509      0.058      8.845      0.000
    Y32                1.439      0.124     11.652      0.000
    Y42                0.903      0.081     11.110      0.000

 CS3      BY
    Y13                1.000      0.000    999.000    999.000
    Y23                0.509      0.058      8.845      0.000
    Y33                1.439      0.124     11.652      0.000
    Y43                0.903      0.081     11.110      0.000

 CS4      BY
    Y14                1.000      0.000    999.000    999.000
    Y24                0.509      0.058      8.845      0.000
    Y34                1.439      0.124     11.652      0.000
    Y44                0.903      0.081     11.110      0.000

 CS5      BY
    Y15                1.000      0.000    999.000    999.000
    Y25                0.509      0.058      8.845      0.000
    Y35                1.439      0.124     11.652      0.000
    Y45                0.903      0.081     11.110      0.000

 CT       BY
    Y11                1.000      0.000    999.000    999.000
    Y21                0.783      0.205      3.810      0.000
    Y31                1.387      0.244      5.688      0.000
    Y41                0.932      0.205      4.542      0.000
    Y12                1.000      0.000    999.000    999.000
    Y22                0.783      0.205      3.810      0.000
    Y32                1.387      0.244      5.688      0.000
    Y42                0.932      0.205      4.542      0.000
    Y13                1.000      0.000    999.000    999.000
    Y23                0.783      0.205      3.810      0.000
    Y33                1.387      0.244      5.688      0.000
    Y43                0.932      0.205      4.542      0.000
    Y14                1.000      0.000    999.000    999.000
    Y24                0.783      0.205      3.810      0.000
    Y34                1.387      0.244      5.688      0.000
    Y44                0.932      0.205      4.542      0.000
    Y15                1.000      0.000    999.000    999.000
    Y25                0.783      0.205      3.810      0.000
    Y35                1.387      0.244      5.688      0.000
    Y45                0.932      0.205      4.542      0.000

 UT1      BY
    Y11                1.000      0.000    999.000    999.000
    Y12                1.000      0.000    999.000    999.000
    Y13                1.000      0.000    999.000    999.000
    Y14                1.000      0.000    999.000    999.000
    Y15                1.000      0.000    999.000    999.000

 UT2      BY
    Y21                1.000      0.000    999.000    999.000
    Y22                1.000      0.000    999.000    999.000
    Y23                1.000      0.000    999.000    999.000
    Y24                1.000      0.000    999.000    999.000
    Y25                1.000      0.000    999.000    999.000

 UT3      BY
    Y31                1.000      0.000    999.000    999.000
    Y32                1.000      0.000    999.000    999.000
    Y33                1.000      0.000    999.000    999.000
    Y34                1.000      0.000    999.000    999.000
    Y35                1.000      0.000    999.000    999.000

 UT4      BY
    Y41                1.000      0.000    999.000    999.000
    Y42                1.000      0.000    999.000    999.000
    Y43                1.000      0.000    999.000    999.000
    Y44                1.000      0.000    999.000    999.000
    Y45                1.000      0.000    999.000    999.000

 CS1      WITH
    CS2                0.000      0.000    999.000    999.000
    CS3                0.000      0.000    999.000    999.000
    CS4                0.000      0.000    999.000    999.000
    CS5                0.000      0.000    999.000    999.000
    UT1                0.000      0.000    999.000    999.000
    UT2                0.000      0.000    999.000    999.000
    UT3                0.000      0.000    999.000    999.000
    UT4                0.000      0.000    999.000    999.000
    CT                 0.000      0.000    999.000    999.000

 CS2      WITH
    CS3                0.000      0.000    999.000    999.000
    CS4                0.000      0.000    999.000    999.000
    CS5                0.000      0.000    999.000    999.000
    UT1                0.000      0.000    999.000    999.000
    UT2                0.000      0.000    999.000    999.000
    UT3                0.000      0.000    999.000    999.000
    UT4                0.000      0.000    999.000    999.000
    CT                 0.000      0.000    999.000    999.000

 CS3      WITH
    CS4                0.000      0.000    999.000    999.000
    CS5                0.000      0.000    999.000    999.000
    UT1                0.000      0.000    999.000    999.000
    UT2                0.000      0.000    999.000    999.000
    UT3                0.000      0.000    999.000    999.000
    UT4                0.000      0.000    999.000    999.000
    CT                 0.000      0.000    999.000    999.000

 CS4      WITH
    CS5                0.000      0.000    999.000    999.000
    UT1                0.000      0.000    999.000    999.000
    UT2                0.000      0.000    999.000    999.000
    UT3                0.000      0.000    999.000    999.000
    UT4                0.000      0.000    999.000    999.000
    CT                 0.000      0.000    999.000    999.000

 CS5      WITH
    UT1                0.000      0.000    999.000    999.000
    UT2                0.000      0.000    999.000    999.000
    UT3                0.000      0.000    999.000    999.000
    UT4                0.000      0.000    999.000    999.000
    CT                 0.000      0.000    999.000    999.000

 UT1      WITH
    UT2                0.000      0.000    999.000    999.000
    UT3                0.000      0.000    999.000    999.000
    UT4                0.000      0.000    999.000    999.000
    CT                 0.000      0.000    999.000    999.000

 UT2      WITH
    UT3                0.000      0.000    999.000    999.000
    UT4                0.000      0.000    999.000    999.000
    CT                 0.000      0.000    999.000    999.000

 UT3      WITH
    UT4                0.000      0.000    999.000    999.000
    CT                 0.000      0.000    999.000    999.000

 UT4      WITH
    CT                 0.000      0.000    999.000    999.000

 Intercepts
    Y11                1.856      0.203      9.139      0.000
    Y21                1.968      0.186     10.593      0.000
    Y31                2.848      0.241     11.827      0.000
    Y41                3.188      0.199     15.982      0.000
    Y12                1.856      0.203      9.139      0.000
    Y22                1.968      0.186     10.593      0.000
    Y32                2.848      0.241     11.827      0.000
    Y42                3.188      0.199     15.982      0.000
    Y13                1.856      0.203      9.139      0.000
    Y23                1.968      0.186     10.593      0.000
    Y33                2.848      0.241     11.827      0.000
    Y43                3.188      0.199     15.982      0.000
    Y14                1.856      0.203      9.139      0.000
    Y24                1.968      0.186     10.593      0.000
    Y34                2.848      0.241     11.827      0.000
    Y44                3.188      0.199     15.982      0.000
    Y15                1.856      0.203      9.139      0.000
    Y25                1.968      0.186     10.593      0.000
    Y35                2.848      0.241     11.827      0.000
    Y45                3.188      0.199     15.982      0.000

 Variances
    CS1                1.473      0.234      6.305      0.000
    CS2                1.473      0.234      6.305      0.000
    CS3                1.473      0.234      6.305      0.000
    CS4                1.473      0.234      6.305      0.000
    CS5                1.473      0.234      6.305      0.000
    CT                 1.030      0.402      2.563      0.010
    UT1                0.565      0.188      3.014      0.003
    UT2                0.906      0.227      4.001      0.000
    UT3                0.014      0.221      0.061      0.951
    UT4                0.718      0.201      3.576      0.000

 Residual Variances
    Y11                0.863      0.122      7.058      0.000
    Y21                0.560      0.063      8.851      0.000
    Y31                1.476      0.228      6.474      0.000
    Y41                0.685      0.099      6.944      0.000
    Y12                0.863      0.122      7.058      0.000
    Y22                0.560      0.063      8.851      0.000
    Y32                1.476      0.228      6.474      0.000
    Y42                0.685      0.099      6.944      0.000
    Y13                0.863      0.122      7.058      0.000
    Y23                0.560      0.063      8.851      0.000
    Y33                1.476      0.228      6.474      0.000
    Y43                0.685      0.099      6.944      0.000
    Y14                0.863      0.122      7.058      0.000
    Y24                0.560      0.063      8.851      0.000
    Y34                1.476      0.228      6.474      0.000
    Y44                0.685      0.099      6.944      0.000
    Y15                0.863      0.122      7.058      0.000
    Y25                0.560      0.063      8.851      0.000
    Y35                1.476      0.228      6.474      0.000
    Y45                0.685      0.099      6.944      0.000


QUALITY OF NUMERICAL RESULTS

     Condition Number for the Information Matrix              0.963E-02
       (ratio of smallest to largest eigenvalue)


     Beginning Time:  04:20:26
        Ending Time:  04:20:27
       Elapsed Time:  00:00:01



MUTHEN & MUTHEN
3463 Stoner Ave.
Los Angeles, CA  90066

Tel: (310) 391-9971
Fax: (310) 391-8971
Web: www.StatModel.com
Support: Support@StatModel.com

Copyright (c) 1998-2017 Muthen & Muthen
