Mplus VERSION 8
MUTHEN & MUTHEN
02/16/2019   1:30 AM

INPUT INSTRUCTIONS

  TITLE: Your title goes here
  DATA: FILE = "Mplus_files_Results/cuts_long_trunc_n500_i3_nt120_na0.dat";
  VARIABLE:
  NAMES = subjn time y1 y2 y3;
  MISSING=.;
  USEVAR = y1
  y2
  y3 ;
  CLUSTER = subjn ;

  ANALYSIS:
  TYPE = TWOLEVEL ;
  ESTIMATOR = ML ;
  ITERATIONS = 50000 ;
  H1ITERATIONS = 50000 ;


  MODEL:

  %WITHIN%

  ! common states
  CS BY y1@1
  y2 (lcs2)
  y3 (lcs3) ;

  %BETWEEN%

  ! common trait
  CT BY y1@1
  y2 (lct2)
  y3 (lct3) ;



INPUT READING TERMINATED NORMALLY



Your title goes here

SUMMARY OF ANALYSIS

Number of groups                                                 1
Number of observations                                       60000

Number of dependent variables                                    3
Number of independent variables                                  0
Number of continuous latent variables                            2

Observed dependent variables

  Continuous
   Y1          Y2          Y3

Continuous latent variables
   CS          CT

Variables with special functions

  Cluster variable      SUBJN

Estimator                                                       ML
Information matrix                                        OBSERVED
Maximum number of iterations                                 50000
Convergence criterion                                    0.100D-05
Maximum number of EM iterations                                500
Convergence criteria for the EM algorithm
  Loglikelihood change                                   0.100D-02
  Relative loglikelihood change                          0.100D-05
  Derivative                                             0.100D-03
Minimum variance                                         0.100D-03
Maximum number of steepest descent iterations                   20
Maximum number of iterations for H1                          50000
Convergence criterion for H1                             0.100D-03
Optimization algorithm                                         EMA

Input data file(s)
  Mplus_files_Results/cuts_long_trunc_n500_i3_nt120_na0.dat
Input data format  FREE


SUMMARY OF DATA

     Number of missing data patterns             1
     Number of clusters                        500

     Average cluster size      120.000

     Estimated Intraclass Correlations for the Y Variables

                Intraclass              Intraclass              Intraclass
     Variable  Correlation   Variable  Correlation   Variable  Correlation

     Y1           0.371      Y2           0.640      Y3           0.311



COVARIANCE COVERAGE OF DATA

Minimum covariance coverage value   0.100


     PROPORTION OF DATA PRESENT


           Covariance Coverage
              Y1            Y2            Y3
              ________      ________      ________
 Y1             1.000
 Y2             1.000         1.000
 Y3             1.000         1.000         1.000



UNIVARIATE SAMPLE STATISTICS


     UNIVARIATE HIGHER-ORDER MOMENT DESCRIPTIVE STATISTICS

         Variable/         Mean/     Skewness/   Minimum/ % with                Percentiles
        Sample Size      Variance    Kurtosis    Maximum  Min/Max      20%/60%    40%/80%    Median

     Y1                    1.719       0.379      -8.000    0.00%       0.000      1.000      2.000
           60000.000       3.929       0.258      12.000    0.00%       2.000      3.000
     Y2                    2.134       0.304      -4.000    0.00%       1.000      2.000      2.000
           60000.000       2.682      -0.271       9.000    0.01%       3.000      4.000
     Y3                    2.710       0.283      -7.000    0.01%       0.000      2.000      3.000
           60000.000       6.260      -0.043      14.000    0.00%       3.000      5.000


THE MODEL ESTIMATION TERMINATED NORMALLY



MODEL FIT INFORMATION

Number of Free Parameters                       15

Loglikelihood

          H0 Value                     -298669.228
          H1 Value                     -298669.228

Information Criteria

          Akaike (AIC)                  597368.455
          Bayesian (BIC)                597503.487
          Sample-Size Adjusted BIC      597455.816
            (n* = (n + 2) / 24)

Chi-Square Test of Model Fit

          Value                              0.000
          Degrees of Freedom                     0
          P-Value                           1.0000

RMSEA (Root Mean Square Error Of Approximation)

          Estimate                           0.000

CFI/TLI

          CFI                                1.000
          TLI                                1.000

Chi-Square Test of Model Fit for the Baseline Model

          Value                          60214.214
          Degrees of Freedom                     6
          P-Value                           0.0000

SRMR (Standardized Root Mean Square Residual)

          Value for Within                   0.000
          Value for Between                  0.000



MODEL RESULTS

                                                    Two-Tailed
                    Estimate       S.E.  Est./S.E.    P-Value

Within Level

 CS       BY
    Y1                 1.000      0.000    999.000    999.000
    Y2                 0.522      0.004    148.832      0.000
    Y3                 1.359      0.009    158.897      0.000

 Variances
    CS                 1.577      0.016    100.842      0.000

 Residual Variances
    Y1                 0.895      0.010     92.830      0.000
    Y2                 0.535      0.004    140.353      0.000
    Y3                 1.404      0.017     82.255      0.000

Between Level

 CT       BY
    Y1                 1.000      0.000    999.000    999.000
    Y2                 0.835      0.049     17.094      0.000
    Y3                 1.150      0.053     21.757      0.000

 Intercepts
    Y1                 1.719      0.054     31.621      0.000
    Y2                 2.134      0.059     36.332      0.000
    Y3                 2.710      0.063     43.046      0.000

 Variances
    CT                 1.177      0.100     11.709      0.000

 Residual Variances
    Y1                 0.280      0.045      6.215      0.000
    Y2                 0.896      0.064     14.018      0.000
    Y3                 0.389      0.060      6.456      0.000


QUALITY OF NUMERICAL RESULTS

     Condition Number for the Information Matrix              0.111E-03
       (ratio of smallest to largest eigenvalue)


     Beginning Time:  01:30:18
        Ending Time:  01:30:21
       Elapsed Time:  00:00:03



MUTHEN & MUTHEN
3463 Stoner Ave.
Los Angeles, CA  90066

Tel: (310) 391-9971
Fax: (310) 391-8971
Web: www.StatModel.com
Support: Support@StatModel.com

Copyright (c) 1998-2017 Muthen & Muthen
