Mplus VERSION 8
MUTHEN & MUTHEN
02/16/2019   4:22 AM

INPUT INSTRUCTIONS

  TITLE: Your title goes here
  DATA: FILE = "Mplus_files_Results/cuts_long_n500_i4_nt5_na0.dat";
  VARIABLE:
  NAMES = subjn time y1 y2 y3 y4;
  MISSING=.;
  USEVAR = y1
  y2
  y3
  y4 ;
  CLUSTER = subjn ;

  ANALYSIS:
  TYPE = TWOLEVEL ;
  ESTIMATOR = ML ;
  ITERATIONS = 50000 ;
  H1ITERATIONS = 50000 ;


  MODEL:

  %WITHIN%

  ! common states
  CS BY y1@1
  y2 (lcs2)
  y3 (lcs3)
  y4 (lcs4) ;

  %BETWEEN%

  ! common trait
  CT BY y1@1
  y2 (lct2)
  y3 (lct3)
  y4 (lct4) ;



INPUT READING TERMINATED NORMALLY



Your title goes here

SUMMARY OF ANALYSIS

Number of groups                                                 1
Number of observations                                        2500

Number of dependent variables                                    4
Number of independent variables                                  0
Number of continuous latent variables                            2

Observed dependent variables

  Continuous
   Y1          Y2          Y3          Y4

Continuous latent variables
   CS          CT

Variables with special functions

  Cluster variable      SUBJN

Estimator                                                       ML
Information matrix                                        OBSERVED
Maximum number of iterations                                 50000
Convergence criterion                                    0.100D-05
Maximum number of EM iterations                                500
Convergence criteria for the EM algorithm
  Loglikelihood change                                   0.100D-02
  Relative loglikelihood change                          0.100D-05
  Derivative                                             0.100D-03
Minimum variance                                         0.100D-03
Maximum number of steepest descent iterations                   20
Maximum number of iterations for H1                          50000
Convergence criterion for H1                             0.100D-03
Optimization algorithm                                         EMA

Input data file(s)
  Mplus_files_Results/cuts_long_n500_i4_nt5_na0.dat
Input data format  FREE


SUMMARY OF DATA

     Number of missing data patterns             1
     Number of clusters                        500

     Average cluster size        5.000

     Estimated Intraclass Correlations for the Y Variables

                Intraclass              Intraclass              Intraclass
     Variable  Correlation   Variable  Correlation   Variable  Correlation

     Y1           0.384      Y2           0.665      Y3           0.327
     Y4           0.464



COVARIANCE COVERAGE OF DATA

Minimum covariance coverage value   0.100


     PROPORTION OF DATA PRESENT


           Covariance Coverage
              Y1            Y2            Y3            Y4
              ________      ________      ________      ________
 Y1             1.000
 Y2             1.000         1.000
 Y3             1.000         1.000         1.000
 Y4             1.000         1.000         1.000         1.000



UNIVARIATE SAMPLE STATISTICS


     UNIVARIATE HIGHER-ORDER MOMENT DESCRIPTIVE STATISTICS

         Variable/         Mean/     Skewness/   Minimum/ % with                Percentiles
        Sample Size      Variance    Kurtosis    Maximum  Min/Max      20%/60%    40%/80%    Median

     Y1                    2.035       0.049      -4.505    0.04%       0.226      1.470      2.010
            2500.000       4.831      -0.058       9.647    0.04%       2.565      3.908
     Y2                    2.538      -0.004      -3.308    0.04%       1.113      2.064      2.540
            2500.000       2.969      -0.021       8.814    0.04%       2.994      3.995
     Y3                    3.068      -0.029      -6.388    0.04%       0.855      2.428      3.136
            2500.000       7.106       0.085      13.390    0.04%       3.764      5.264
     Y4                    3.478      -0.042      -3.741    0.04%       1.777      3.006      3.476
            2500.000       3.897      -0.061       9.311    0.04%       3.996      5.160


THE MODEL ESTIMATION TERMINATED NORMALLY



MODEL FIT INFORMATION

Number of Free Parameters                       20

Loglikelihood

          H0 Value                      -17730.053
          H1 Value                      -17721.560

Information Criteria

          Akaike (AIC)                   35500.106
          Bayesian (BIC)                 35616.587
          Sample-Size Adjusted BIC       35553.042
            (n* = (n + 2) / 24)

Chi-Square Test of Model Fit

          Value                             16.985
          Degrees of Freedom                     4
          P-Value                           0.0019

RMSEA (Root Mean Square Error Of Approximation)

          Estimate                           0.036

CFI/TLI

          CFI                                0.997
          TLI                                0.992

Chi-Square Test of Model Fit for the Baseline Model

          Value                           4756.465
          Degrees of Freedom                    12
          P-Value                           0.0000

SRMR (Standardized Root Mean Square Residual)

          Value for Within                   0.003
          Value for Between                  0.023



MODEL RESULTS

                                                    Two-Tailed
                    Estimate       S.E.  Est./S.E.    P-Value

Within Level

 CS       BY
    Y1                 1.000      0.000    999.000    999.000
    Y2                 0.486      0.015     32.099      0.000
    Y3                 1.265      0.033     38.884      0.000
    Y4                 0.802      0.022     37.061      0.000

 Variances
    CS                 2.020      0.095     21.214      0.000

 Residual Variances
    Y1                 0.953      0.045     21.030      0.000
    Y2                 0.519      0.019     27.187      0.000
    Y3                 1.562      0.073     21.369      0.000
    Y4                 0.787      0.034     23.440      0.000

Between Level

 CT       BY
    Y1                 1.000      0.000    999.000    999.000
    Y2                 0.788      0.060     13.227      0.000
    Y3                 1.194      0.062     19.282      0.000
    Y4                 0.893      0.058     15.522      0.000

 Intercepts
    Y1                 2.035      0.070     29.029      0.000
    Y2                 2.538      0.066     38.452      0.000
    Y3                 3.068      0.081     37.978      0.000
    Y4                 3.478      0.067     52.039      0.000

 Variances
    CT                 1.394      0.157      8.896      0.000

 Residual Variances
    Y1                 0.470      0.063      7.467      0.000
    Y2                 1.114      0.090     12.437      0.000
    Y3                 0.316      0.077      4.105      0.000
    Y4                 0.704      0.068     10.365      0.000


QUALITY OF NUMERICAL RESULTS

     Condition Number for the Information Matrix              0.454E-02
       (ratio of smallest to largest eigenvalue)


     Beginning Time:  04:22:11
        Ending Time:  04:22:11
       Elapsed Time:  00:00:00



MUTHEN & MUTHEN
3463 Stoner Ave.
Los Angeles, CA  90066

Tel: (310) 391-9971
Fax: (310) 391-8971
Web: www.StatModel.com
Support: Support@StatModel.com

Copyright (c) 1998-2017 Muthen & Muthen
