Mplus VERSION 8
MUTHEN & MUTHEN
02/19/2019  10:32 AM

INPUT INSTRUCTIONS

  TITLE: Your title goes here
  DATA: FILE = "Mplus_files_Results/msst_wide_n50_i3_nt5_na0.1.dat";
  VARIABLE:
  NAMES = subjn y11 y21 y31 y12 y22 y32 y13 y23 y33 y14 y24 y34 y15 y25 y35;
  MISSING=.;
  USEVAR = y11
  y21
  y31
  y12
  y22
  y32
  y13
  y23
  y33
  y14
  y24
  y34
  y15
  y25
  y35 ;


  ANALYSIS:
  TYPE = GENERAL ;
  ESTIMATOR = ML ;
  ITERATIONS = 50000 ;
  H1ITERATIONS = 50000 ;


  MODEL:

  ! Latent state variables
  eta1 BY y11@1
  y21 (las21)
  y31 (las31) ;
  eta2 BY y12@1
  y22 (las21)
  y32 (las31) ;
  eta3 BY y13@1
  y23 (las21)
  y33 (las31) ;
  eta4 BY y14@1
  y24 (las21)
  y34 (las31) ;
  eta5 BY y15@1
  y25 (las21)
  y35 (las31) ;

  ! Latent trait variables
  theta1 BY y11@1
  y21 (lat21)
  y31 (lat31)
  y12@1
  y22 (lat21)
  y32 (lat31)
  y13@1
  y23 (lat21)
  y33 (lat31)
  y14@1
  y24 (lat21)
  y34 (lat31)
  y15@1
  y25 (lat21)
  y35 (lat31) ;

  ! Intercepts and means

  [y11@0] ;
  [y21*] (int21) ;
  [y31*] (int31) ;
  [y12@0] ;
  [y22*] (int21) ;
  [y32*] (int31) ;
  [y13@0] ;
  [y23*] (int21) ;
  [y33*] (int31) ;
  [y14@0] ;
  [y24*] (int21) ;
  [y34*] (int31) ;
  [y15@0] ;
  [y25*] (int21) ;
  [y35*] (int31) ;
  [theta1*] ;

  ! Variance components
  y11(o_err11) ;
  y21(o_err21) ;
  y31(o_err31) ;
  y12(o_err11) ;
  y22(o_err21) ;
  y32(o_err31) ;
  y13(o_err11) ;
  y23(o_err21) ;
  y33(o_err31) ;
  y14(o_err11) ;
  y24(o_err21) ;
  y34(o_err31) ;
  y15(o_err11) ;
  y25(o_err21) ;
  y35(o_err31) ;
  eta1(s_var11) ;
  eta2(s_var11) ;
  eta3(s_var11) ;
  eta4(s_var11) ;
  eta5(s_var11) ;
  theta1(t_var1) ;

  ! Set zero covariances
  eta1 WITH eta2@0
  eta3@0
  eta4@0
  eta5@0
  theta1@0 ;
  eta2 WITH eta3@0
  eta4@0
  eta5@0
  theta1@0 ;
  eta3 WITH eta4@0
  eta5@0
  theta1@0 ;
  eta4 WITH eta5@0
  theta1@0 ;
  eta5 WITH theta1@0 ;



INPUT READING TERMINATED NORMALLY



Your title goes here

SUMMARY OF ANALYSIS

Number of groups                                                 1
Number of observations                                          50

Number of dependent variables                                   15
Number of independent variables                                  0
Number of continuous latent variables                            6

Observed dependent variables

  Continuous
   Y11         Y21         Y31         Y12         Y22         Y32
   Y13         Y23         Y33         Y14         Y24         Y34
   Y15         Y25         Y35

Continuous latent variables
   ETA1        ETA2        ETA3        ETA4        ETA5        THETA1


Estimator                                                       ML
Information matrix                                        OBSERVED
Maximum number of iterations                                 50000
Convergence criterion                                    0.500D-04
Maximum number of steepest descent iterations                   20
Maximum number of iterations for H1                          50000
Convergence criterion for H1                             0.100D-03

Input data file(s)
  Mplus_files_Results/msst_wide_n50_i3_nt5_na0.1.dat

Input data format  FREE


SUMMARY OF DATA

     Number of missing data patterns            35


COVARIANCE COVERAGE OF DATA

Minimum covariance coverage value   0.100


     PROPORTION OF DATA PRESENT


           Covariance Coverage
              Y11           Y21           Y31           Y12           Y22
              ________      ________      ________      ________      ________
 Y11            0.880
 Y21            0.820         0.920
 Y31            0.740         0.780         0.840
 Y12            0.820         0.840         0.740         0.900
 Y22            0.820         0.860         0.780         0.840         0.940
 Y32            0.840         0.900         0.800         0.860         0.900
 Y13            0.840         0.860         0.780         0.840         0.900
 Y23            0.800         0.860         0.780         0.820         0.860
 Y33            0.780         0.800         0.720         0.780         0.820
 Y14            0.740         0.780         0.700         0.760         0.820
 Y24            0.820         0.860         0.780         0.860         0.880
 Y34            0.840         0.860         0.800         0.840         0.880
 Y15            0.740         0.780         0.720         0.780         0.840
 Y25            0.740         0.800         0.680         0.760         0.800
 Y35            0.720         0.760         0.720         0.740         0.780


           Covariance Coverage
              Y32           Y13           Y23           Y33           Y14
              ________      ________      ________      ________      ________
 Y32            0.960
 Y13            0.900         0.940
 Y23            0.880         0.860         0.920
 Y33            0.840         0.820         0.800         0.880
 Y14            0.820         0.840         0.780         0.760         0.860
 Y24            0.900         0.880         0.860         0.840         0.820
 Y34            0.900         0.880         0.860         0.840         0.800
 Y15            0.820         0.820         0.780         0.760         0.760
 Y25            0.840         0.780         0.780         0.740         0.700
 Y35            0.820         0.780         0.760         0.760         0.740


           Covariance Coverage
              Y24           Y34           Y15           Y25           Y35
              ________      ________      ________      ________      ________
 Y24            0.940
 Y34            0.880         0.940
 Y15            0.840         0.820         0.860
 Y25            0.780         0.800         0.720         0.840
 Y35            0.800         0.780         0.720         0.720         0.840



UNIVARIATE SAMPLE STATISTICS


     UNIVARIATE HIGHER-ORDER MOMENT DESCRIPTIVE STATISTICS

         Variable/         Mean/     Skewness/   Minimum/ % with                Percentiles
        Sample Size      Variance    Kurtosis    Maximum  Min/Max      20%/60%    40%/80%    Median

     Y11                   4.345       0.064      -0.386    2.27%       1.677      3.530      4.560
              44.000       6.125      -0.838       8.822    2.27%       4.841      6.307
     Y21                   3.613       0.426      -0.670    2.17%       2.174      3.141      3.312
              46.000       3.034       0.447       7.969    2.17%       3.702      4.922
     Y31                   6.068       0.273      -0.015    2.38%       3.308      4.948      5.539
              42.000       8.298      -0.493      12.558    2.38%       6.467      9.068
     Y12                   4.033      -0.490      -0.530    2.22%       2.386      3.810      4.138
              45.000       4.043      -0.473       7.350    2.22%       4.684      5.863
     Y22                   3.510      -0.243       0.060    2.13%       2.250      3.171      3.544
              47.000       1.889      -0.074       6.662    2.13%       4.105      4.645
     Y32                   5.072      -0.296      -2.094    2.08%       2.581      4.094      5.383
              48.000       6.559      -0.137       9.984    2.08%       5.906      7.136
     Y13                   3.901       0.331       1.130    2.13%       2.325      3.184      3.653
              47.000       2.436      -0.739       7.527    2.13%       4.266      5.150
     Y23                   3.424       0.224       0.772    2.17%       2.504      3.023      3.328
              46.000       1.262      -0.167       5.797    2.17%       3.586      4.369
     Y33                   5.065       0.125       0.400    2.27%       2.133      4.057      5.156
              44.000       7.179      -0.938      10.633    2.27%       5.595      7.485
     Y14                   4.400       0.091       0.869    2.33%       3.052      3.812      4.145
              43.000       2.962      -0.592       8.017    2.33%       4.535      5.998
     Y24                   3.397      -0.544       0.453    2.13%       2.151      3.326      3.568
              47.000       1.212      -0.099       5.493    2.13%       3.803      4.351
     Y34                   5.468      -0.253       0.588    2.13%       4.026      5.143      5.477
              47.000       3.174       0.011       9.024    2.13%       5.871      7.011
     Y15                   3.925       0.318      -0.477    2.33%       2.247      2.936      3.734
              43.000       4.686      -0.202       8.801    2.33%       4.636      5.093
     Y25                   3.222       0.116      -0.195    2.38%       1.942      2.781      3.265
              42.000       2.503       0.160       6.969    2.38%       3.567      4.647
     Y35                   5.700       0.748       2.023    2.38%       3.827      5.013      5.538
              42.000       4.254       0.354      11.187    2.38%       5.879      6.949


THE MODEL ESTIMATION TERMINATED NORMALLY



MODEL FIT INFORMATION

Number of Free Parameters                       12

Loglikelihood

          H0 Value                       -1182.825
          H1 Value                       -1103.766

Information Criteria

          Akaike (AIC)                    2389.651
          Bayesian (BIC)                  2412.595
          Sample-Size Adjusted BIC        2374.929
            (n* = (n + 2) / 24)

Chi-Square Test of Model Fit

          Value                            158.119
          Degrees of Freedom                   123
          P-Value                           0.0180

RMSEA (Root Mean Square Error Of Approximation)

          Estimate                           0.076
          90 Percent C.I.                    0.033  0.108
          Probability RMSEA <= .05           0.132

CFI/TLI

          CFI                                0.915
          TLI                                0.928

Chi-Square Test of Model Fit for the Baseline Model

          Value                            520.152
          Degrees of Freedom                   105
          P-Value                           0.0000

SRMR (Standardized Root Mean Square Residual)

          Value                              0.223



MODEL RESULTS

                                                    Two-Tailed
                    Estimate       S.E.  Est./S.E.    P-Value

 ETA1     BY
    Y11                1.000      0.000    999.000    999.000
    Y21                0.492      0.059      8.376      0.000
    Y31                1.313      0.164      7.998      0.000

 ETA2     BY
    Y12                1.000      0.000    999.000    999.000
    Y22                0.492      0.059      8.376      0.000
    Y32                1.313      0.164      7.998      0.000

 ETA3     BY
    Y13                1.000      0.000    999.000    999.000
    Y23                0.492      0.059      8.376      0.000
    Y33                1.313      0.164      7.998      0.000

 ETA4     BY
    Y14                1.000      0.000    999.000    999.000
    Y24                0.492      0.059      8.376      0.000
    Y34                1.313      0.164      7.998      0.000

 ETA5     BY
    Y15                1.000      0.000    999.000    999.000
    Y25                0.492      0.059      8.376      0.000
    Y35                1.313      0.164      7.998      0.000

 THETA1   BY
    Y11                1.000      0.000    999.000    999.000
    Y21                0.959      0.101      9.528      0.000
    Y31                1.238      0.139      8.929      0.000
    Y12                1.000      0.000    999.000    999.000
    Y22                0.959      0.101      9.528      0.000
    Y32                1.238      0.139      8.929      0.000
    Y13                1.000      0.000    999.000    999.000
    Y23                0.959      0.101      9.528      0.000
    Y33                1.238      0.139      8.929      0.000
    Y14                1.000      0.000    999.000    999.000
    Y24                0.959      0.101      9.528      0.000
    Y34                1.238      0.139      8.929      0.000
    Y15                1.000      0.000    999.000    999.000
    Y25                0.959      0.101      9.528      0.000
    Y35                1.238      0.139      8.929      0.000

 ETA1     WITH
    ETA2               0.000      0.000    999.000    999.000
    ETA3               0.000      0.000    999.000    999.000
    ETA4               0.000      0.000    999.000    999.000
    ETA5               0.000      0.000    999.000    999.000
    THETA1             0.000      0.000    999.000    999.000

 ETA2     WITH
    ETA3               0.000      0.000    999.000    999.000
    ETA4               0.000      0.000    999.000    999.000
    ETA5               0.000      0.000    999.000    999.000
    THETA1             0.000      0.000    999.000    999.000

 ETA3     WITH
    ETA4               0.000      0.000    999.000    999.000
    ETA5               0.000      0.000    999.000    999.000
    THETA1             0.000      0.000    999.000    999.000

 ETA4     WITH
    ETA5               0.000      0.000    999.000    999.000
    THETA1             0.000      0.000    999.000    999.000

 ETA5     WITH
    THETA1             0.000      0.000    999.000    999.000

 Means
    THETA1             4.131      0.184     22.437      0.000

 Intercepts
    Y11                0.000      0.000    999.000    999.000
    Y21               -0.531      0.426     -1.247      0.212
    Y31                0.247      0.591      0.417      0.676
    Y12                0.000      0.000    999.000    999.000
    Y22               -0.531      0.426     -1.247      0.212
    Y32                0.247      0.591      0.417      0.676
    Y13                0.000      0.000    999.000    999.000
    Y23               -0.531      0.426     -1.247      0.212
    Y33                0.247      0.591      0.417      0.676
    Y14                0.000      0.000    999.000    999.000
    Y24               -0.531      0.426     -1.247      0.212
    Y34                0.247      0.591      0.417      0.676
    Y15                0.000      0.000    999.000    999.000
    Y25               -0.531      0.426     -1.247      0.212
    Y35                0.247      0.591      0.417      0.676

 Variances
    ETA1               1.835      0.333      5.514      0.000
    ETA2               1.835      0.333      5.514      0.000
    ETA3               1.835      0.333      5.514      0.000
    ETA4               1.835      0.333      5.514      0.000
    ETA5               1.835      0.333      5.514      0.000
    THETA1             1.060      0.330      3.216      0.001

 Residual Variances
    Y11                1.126      0.201      5.590      0.000
    Y21                0.538      0.070      7.722      0.000
    Y31                1.404      0.337      4.167      0.000
    Y12                1.126      0.201      5.590      0.000
    Y22                0.538      0.070      7.722      0.000
    Y32                1.404      0.337      4.167      0.000
    Y13                1.126      0.201      5.590      0.000
    Y23                0.538      0.070      7.722      0.000
    Y33                1.404      0.337      4.167      0.000
    Y14                1.126      0.201      5.590      0.000
    Y24                0.538      0.070      7.722      0.000
    Y34                1.404      0.337      4.167      0.000
    Y15                1.126      0.201      5.590      0.000
    Y25                0.538      0.070      7.722      0.000
    Y35                1.404      0.337      4.167      0.000


QUALITY OF NUMERICAL RESULTS

     Condition Number for the Information Matrix              0.498E-03
       (ratio of smallest to largest eigenvalue)


     Beginning Time:  10:32:42
        Ending Time:  10:32:42
       Elapsed Time:  00:00:00



MUTHEN & MUTHEN
3463 Stoner Ave.
Los Angeles, CA  90066

Tel: (310) 391-9971
Fax: (310) 391-8971
Web: www.StatModel.com
Support: Support@StatModel.com

Copyright (c) 1998-2017 Muthen & Muthen
