Mplus VERSION 8
MUTHEN & MUTHEN
02/13/2019   3:59 PM

INPUT INSTRUCTIONS

  TITLE: Your title goes here
  DATA: FILE = "Mplus_files_Results/msst_wide_trunc_n100_i4_nt5_na0.2.dat";
  VARIABLE:
  NAMES = subjn y11 y21 y31 y41 y12 y22 y32 y42 y13 y23 y33 y43 y14 y24 y34 y44 y15
       y25 y35 y45;
  MISSING=.;
  USEVAR = y11
  y21
  y31
  y41
  y12
  y22
  y32
  y42
  y13
  y23
  y33
  y43
  y14
  y24
  y34
  y44
  y15
  y25
  y35
  y45 ;


  ANALYSIS:
  TYPE = GENERAL ;
  ESTIMATOR = ML ;
  ITERATIONS = 50000 ;
  H1ITERATIONS = 50000 ;


  MODEL:

  ! Latent state variables
  eta1 BY y11@1
  y21 (las21)
  y31 (las31)
  y41 (las41) ;
  eta2 BY y12@1
  y22 (las21)
  y32 (las31)
  y42 (las41) ;
  eta3 BY y13@1
  y23 (las21)
  y33 (las31)
  y43 (las41) ;
  eta4 BY y14@1
  y24 (las21)
  y34 (las31)
  y44 (las41) ;
  eta5 BY y15@1
  y25 (las21)
  y35 (las31)
  y45 (las41) ;

  ! Latent trait variables
  theta1 BY y11@1
  y21 (lat21)
  y31 (lat31)
  y41 (lat41)
  y12@1
  y22 (lat21)
  y32 (lat31)
  y42 (lat41)
  y13@1
  y23 (lat21)
  y33 (lat31)
  y43 (lat41)
  y14@1
  y24 (lat21)
  y34 (lat31)
  y44 (lat41)
  y15@1
  y25 (lat21)
  y35 (lat31)
  y45 (lat41) ;

  ! Intercepts and means

  [y11@0] ;
  [y21*] (int21) ;
  [y31*] (int31) ;
  [y41*] (int41) ;
  [y12@0] ;
  [y22*] (int21) ;
  [y32*] (int31) ;
  [y42*] (int41) ;
  [y13@0] ;
  [y23*] (int21) ;
  [y33*] (int31) ;
  [y43*] (int41) ;
  [y14@0] ;
  [y24*] (int21) ;
  [y34*] (int31) ;
  [y44*] (int41) ;
  [y15@0] ;
  [y25*] (int21) ;
  [y35*] (int31) ;
  [y45*] (int41) ;
  [theta1*] ;

  ! Variance components
  y11(o_err11) ;
  y21(o_err21) ;
  y31(o_err31) ;
  y41(o_err41) ;
  y12(o_err11) ;
  y22(o_err21) ;
  y32(o_err31) ;
  y42(o_err41) ;
  y13(o_err11) ;
  y23(o_err21) ;
  y33(o_err31) ;
  y43(o_err41) ;
  y14(o_err11) ;
  y24(o_err21) ;
  y34(o_err31) ;
  y44(o_err41) ;
  y15(o_err11) ;
  y25(o_err21) ;
  y35(o_err31) ;
  y45(o_err41) ;
  eta1(s_var11) ;
  eta2(s_var11) ;
  eta3(s_var11) ;
  eta4(s_var11) ;
  eta5(s_var11) ;
  theta1(t_var1) ;

  ! Set zero covariances
  eta1 WITH eta2@0
  eta3@0
  eta4@0
  eta5@0
  theta1@0 ;
  eta2 WITH eta3@0
  eta4@0
  eta5@0
  theta1@0 ;
  eta3 WITH eta4@0
  eta5@0
  theta1@0 ;
  eta4 WITH eta5@0
  theta1@0 ;
  eta5 WITH theta1@0 ;



INPUT READING TERMINATED NORMALLY



Your title goes here

SUMMARY OF ANALYSIS

Number of groups                                                 1
Number of observations                                         100

Number of dependent variables                                   20
Number of independent variables                                  0
Number of continuous latent variables                            6

Observed dependent variables

  Continuous
   Y11         Y21         Y31         Y41         Y12         Y22
   Y32         Y42         Y13         Y23         Y33         Y43
   Y14         Y24         Y34         Y44         Y15         Y25
   Y35         Y45

Continuous latent variables
   ETA1        ETA2        ETA3        ETA4        ETA5        THETA1


Estimator                                                       ML
Information matrix                                        OBSERVED
Maximum number of iterations                                 50000
Convergence criterion                                    0.500D-04
Maximum number of steepest descent iterations                   20
Maximum number of iterations for H1                          50000
Convergence criterion for H1                             0.100D-03

Input data file(s)
  Mplus_files_Results/msst_wide_trunc_n100_i4_nt5_na0.2.dat

Input data format  FREE


SUMMARY OF DATA

     Number of missing data patterns            97


COVARIANCE COVERAGE OF DATA

Minimum covariance coverage value   0.100


     PROPORTION OF DATA PRESENT


           Covariance Coverage
              Y11           Y21           Y31           Y41           Y12
              ________      ________      ________      ________      ________
 Y11            0.770
 Y21            0.570         0.730
 Y31            0.670         0.630         0.860
 Y41            0.600         0.590         0.690         0.790
 Y12            0.630         0.630         0.730         0.660         0.830
 Y22            0.590         0.580         0.640         0.620         0.640
 Y32            0.620         0.570         0.670         0.650         0.650
 Y42            0.640         0.590         0.740         0.650         0.670
 Y13            0.650         0.590         0.690         0.660         0.680
 Y23            0.620         0.570         0.720         0.650         0.680
 Y33            0.620         0.530         0.660         0.590         0.590
 Y43            0.570         0.550         0.670         0.610         0.640
 Y14            0.660         0.650         0.730         0.670         0.680
 Y24            0.630         0.620         0.690         0.660         0.680
 Y34            0.700         0.590         0.710         0.650         0.690
 Y44            0.590         0.610         0.690         0.620         0.680
 Y15            0.630         0.600         0.720         0.680         0.690
 Y25            0.610         0.570         0.670         0.580         0.660
 Y35            0.660         0.620         0.760         0.680         0.720
 Y45            0.630         0.620         0.710         0.650         0.700


           Covariance Coverage
              Y22           Y32           Y42           Y13           Y23
              ________      ________      ________      ________      ________
 Y22            0.770
 Y32            0.640         0.810
 Y42            0.620         0.660         0.820
 Y13            0.620         0.660         0.660         0.820
 Y23            0.640         0.660         0.670         0.660         0.820
 Y33            0.580         0.570         0.610         0.600         0.630
 Y43            0.600         0.620         0.640         0.640         0.630
 Y14            0.620         0.680         0.690         0.680         0.690
 Y24            0.640         0.670         0.670         0.660         0.670
 Y34            0.640         0.700         0.700         0.710         0.690
 Y44            0.640         0.640         0.660         0.640         0.670
 Y15            0.660         0.670         0.670         0.680         0.680
 Y25            0.590         0.620         0.630         0.650         0.660
 Y35            0.640         0.680         0.710         0.690         0.700
 Y45            0.670         0.660         0.670         0.670         0.680


           Covariance Coverage
              Y33           Y43           Y14           Y24           Y34
              ________      ________      ________      ________      ________
 Y33            0.740
 Y43            0.560         0.770
 Y14            0.650         0.670         0.850
 Y24            0.600         0.630         0.680         0.820
 Y34            0.660         0.620         0.710         0.680         0.840
 Y44            0.600         0.640         0.690         0.680         0.680
 Y15            0.600         0.640         0.700         0.670         0.690
 Y25            0.610         0.590         0.670         0.620         0.660
 Y35            0.650         0.700         0.730         0.690         0.710
 Y45            0.600         0.640         0.690         0.690         0.680


           Covariance Coverage
              Y44           Y15           Y25           Y35           Y45
              ________      ________      ________      ________      ________
 Y44            0.810
 Y15            0.670         0.830
 Y25            0.630         0.650         0.780
 Y35            0.690         0.710         0.630         0.850
 Y45            0.680         0.690         0.660         0.700         0.830



UNIVARIATE SAMPLE STATISTICS


     UNIVARIATE HIGHER-ORDER MOMENT DESCRIPTIVE STATISTICS

         Variable/         Mean/     Skewness/   Minimum/ % with                Percentiles
        Sample Size      Variance    Kurtosis    Maximum  Min/Max      20%/60%    40%/80%    Median

     Y11                   3.740      -0.183      -4.000    1.30%       2.000      3.000      4.000
              77.000       5.491       0.368       9.000    1.30%       4.000      6.000
     Y21                   3.356      -0.030       0.000    2.74%       2.000      3.000      3.000
              73.000       2.312      -0.418       7.000    1.37%       4.000      5.000
     Y31                   4.872      -0.333      -4.000    1.16%       3.000      4.000      5.000
              86.000       7.600       0.333      12.000    1.16%       6.000      7.000
     Y41                   3.975      -0.396      -1.000    2.53%       2.000      4.000      4.000
              79.000       3.417       0.054       8.000    1.27%       4.000      5.000
     Y12                   3.747       0.242       0.000    3.61%       2.000      3.000      3.000
              83.000       4.141      -0.603       9.000    1.20%       4.000      6.000
     Y22                   2.948       0.126       0.000    2.60%       2.000      3.000      3.000
              77.000       1.815      -0.310       6.000    3.90%       3.000      4.000
     Y32                   5.123       0.054       0.000    3.70%       3.000      5.000      5.000
              81.000       6.503      -0.548      11.000    1.23%       6.000      7.000
     Y42                   4.098       0.165       1.000    7.32%       2.000      4.000      4.000
              82.000       3.064      -0.342       9.000    1.22%       5.000      6.000
     Y13                   3.744       0.095       0.000    6.10%       2.000      4.000      4.000
              82.000       3.800       0.284      10.000    1.22%       4.000      5.000
     Y23                   3.024      -0.178       1.000   13.41%       2.000      3.000      3.000
              82.000       1.414      -0.890       5.000    9.76%       3.000      4.000
     Y33                   4.581      -0.111       0.000    8.11%       3.000      4.000      5.000
              74.000       5.514      -0.113      10.000    1.35%       5.000      6.000
     Y43                   3.558      -0.052       0.000    5.19%       2.000      3.000      3.000
              77.000       2.844      -0.378       7.000    3.90%       4.000      5.000
     Y14                   3.659       0.378       0.000    3.53%       2.000      3.000      4.000
              85.000       4.460      -0.455       9.000    2.35%       4.000      6.000
     Y24                   2.939       0.205       0.000    2.44%       2.000      3.000      3.000
              82.000       1.765       0.272       7.000    1.22%       3.000      4.000
     Y34                   5.202      -0.012      -1.000    1.19%       3.000      5.000      5.000
              84.000       7.161      -0.592      12.000    1.19%       6.000      8.000
     Y44                   3.741       0.276       0.000    3.70%       2.000      3.000      4.000
              81.000       3.155       0.169       9.000    1.23%       4.000      5.000
     Y15                   3.723       0.281      -1.000    1.20%       2.000      3.000      4.000
              83.000       4.586      -0.045       9.000    2.41%       4.000      5.000
     Y25                   2.910       0.052       0.000    5.13%       2.000      2.000      3.000
              78.000       2.030      -0.277       6.000    5.13%       3.000      4.000
     Y35                   4.824       0.097       0.000    2.35%       3.000      4.000      5.000
              85.000       5.463      -0.413      11.000    1.18%       6.000      6.000
     Y45                   3.699       0.014       0.000    6.02%       2.000      3.000      4.000
              83.000       3.608      -0.438       8.000    2.41%       4.000      5.000


THE MODEL ESTIMATION TERMINATED NORMALLY



MODEL FIT INFORMATION

Number of Free Parameters                       16

Loglikelihood

          H0 Value                       -2768.027
          H1 Value                       -2632.768

Information Criteria

          Akaike (AIC)                    5568.054
          Bayesian (BIC)                  5609.737
          Sample-Size Adjusted BIC        5559.205
            (n* = (n + 2) / 24)

Chi-Square Test of Model Fit

          Value                            270.518
          Degrees of Freedom                   214
          P-Value                           0.0053

RMSEA (Root Mean Square Error Of Approximation)

          Estimate                           0.051
          90 Percent C.I.                    0.029  0.069
          Probability RMSEA <= .05           0.441

CFI/TLI

          CFI                                0.953
          TLI                                0.958

Chi-Square Test of Model Fit for the Baseline Model

          Value                           1395.196
          Degrees of Freedom                   190
          P-Value                           0.0000

SRMR (Standardized Root Mean Square Residual)

          Value                              0.092



MODEL RESULTS

                                                    Two-Tailed
                    Estimate       S.E.  Est./S.E.    P-Value

 ETA1     BY
    Y11                1.000      0.000    999.000    999.000
    Y21                0.465      0.043     10.787      0.000
    Y31                1.139      0.086     13.299      0.000
    Y41                0.736      0.062     11.943      0.000

 ETA2     BY
    Y12                1.000      0.000    999.000    999.000
    Y22                0.465      0.043     10.787      0.000
    Y32                1.139      0.086     13.299      0.000
    Y42                0.736      0.062     11.943      0.000

 ETA3     BY
    Y13                1.000      0.000    999.000    999.000
    Y23                0.465      0.043     10.787      0.000
    Y33                1.139      0.086     13.299      0.000
    Y43                0.736      0.062     11.943      0.000

 ETA4     BY
    Y14                1.000      0.000    999.000    999.000
    Y24                0.465      0.043     10.787      0.000
    Y34                1.139      0.086     13.299      0.000
    Y44                0.736      0.062     11.943      0.000

 ETA5     BY
    Y15                1.000      0.000    999.000    999.000
    Y25                0.465      0.043     10.787      0.000
    Y35                1.139      0.086     13.299      0.000
    Y45                0.736      0.062     11.943      0.000

 THETA1   BY
    Y11                1.000      0.000    999.000    999.000
    Y21                0.782      0.055     14.148      0.000
    Y31                1.255      0.083     15.041      0.000
    Y41                0.953      0.067     14.248      0.000
    Y12                1.000      0.000    999.000    999.000
    Y22                0.782      0.055     14.148      0.000
    Y32                1.255      0.083     15.041      0.000
    Y42                0.953      0.067     14.248      0.000
    Y13                1.000      0.000    999.000    999.000
    Y23                0.782      0.055     14.148      0.000
    Y33                1.255      0.083     15.041      0.000
    Y43                0.953      0.067     14.248      0.000
    Y14                1.000      0.000    999.000    999.000
    Y24                0.782      0.055     14.148      0.000
    Y34                1.255      0.083     15.041      0.000
    Y44                0.953      0.067     14.248      0.000
    Y15                1.000      0.000    999.000    999.000
    Y25                0.782      0.055     14.148      0.000
    Y35                1.255      0.083     15.041      0.000
    Y45                0.953      0.067     14.248      0.000

 ETA1     WITH
    ETA2               0.000      0.000    999.000    999.000
    ETA3               0.000      0.000    999.000    999.000
    ETA4               0.000      0.000    999.000    999.000
    ETA5               0.000      0.000    999.000    999.000
    THETA1             0.000      0.000    999.000    999.000

 ETA2     WITH
    ETA3               0.000      0.000    999.000    999.000
    ETA4               0.000      0.000    999.000    999.000
    ETA5               0.000      0.000    999.000    999.000
    THETA1             0.000      0.000    999.000    999.000

 ETA3     WITH
    ETA4               0.000      0.000    999.000    999.000
    ETA5               0.000      0.000    999.000    999.000
    THETA1             0.000      0.000    999.000    999.000

 ETA4     WITH
    ETA5               0.000      0.000    999.000    999.000
    THETA1             0.000      0.000    999.000    999.000

 ETA5     WITH
    THETA1             0.000      0.000    999.000    999.000

 Means
    THETA1             3.694      0.145     25.450      0.000

 Intercepts
    Y11                0.000      0.000    999.000    999.000
    Y21                0.153      0.213      0.719      0.472
    Y31                0.279      0.320      0.871      0.384
    Y41                0.294      0.256      1.147      0.251
    Y12                0.000      0.000    999.000    999.000
    Y22                0.153      0.213      0.719      0.472
    Y32                0.279      0.320      0.871      0.384
    Y42                0.294      0.256      1.147      0.251
    Y13                0.000      0.000    999.000    999.000
    Y23                0.153      0.213      0.719      0.472
    Y33                0.279      0.320      0.871      0.384
    Y43                0.294      0.256      1.147      0.251
    Y14                0.000      0.000    999.000    999.000
    Y24                0.153      0.213      0.719      0.472
    Y34                0.279      0.320      0.871      0.384
    Y44                0.294      0.256      1.147      0.251
    Y15                0.000      0.000    999.000    999.000
    Y25                0.153      0.213      0.719      0.472
    Y35                0.279      0.320      0.871      0.384
    Y45                0.294      0.256      1.147      0.251

 Variances
    ETA1               1.944      0.239      8.145      0.000
    ETA2               1.944      0.239      8.145      0.000
    ETA3               1.944      0.239      8.145      0.000
    ETA4               1.944      0.239      8.145      0.000
    ETA5               1.944      0.239      8.145      0.000
    THETA1             1.442      0.295      4.893      0.000

 Residual Variances
    Y11                1.035      0.129      8.046      0.000
    Y21                0.587      0.052     11.220      0.000
    Y31                1.510      0.171      8.803      0.000
    Y41                0.941      0.091     10.391      0.000
    Y12                1.035      0.129      8.046      0.000
    Y22                0.587      0.052     11.220      0.000
    Y32                1.510      0.171      8.803      0.000
    Y42                0.941      0.091     10.391      0.000
    Y13                1.035      0.129      8.046      0.000
    Y23                0.587      0.052     11.220      0.000
    Y33                1.510      0.171      8.803      0.000
    Y43                0.941      0.091     10.391      0.000
    Y14                1.035      0.129      8.046      0.000
    Y24                0.587      0.052     11.220      0.000
    Y34                1.510      0.171      8.803      0.000
    Y44                0.941      0.091     10.391      0.000
    Y15                1.035      0.129      8.046      0.000
    Y25                0.587      0.052     11.220      0.000
    Y35                1.510      0.171      8.803      0.000
    Y45                0.941      0.091     10.391      0.000


QUALITY OF NUMERICAL RESULTS

     Condition Number for the Information Matrix              0.614E-03
       (ratio of smallest to largest eigenvalue)


     Beginning Time:  15:59:23
        Ending Time:  15:59:25
       Elapsed Time:  00:00:02



MUTHEN & MUTHEN
3463 Stoner Ave.
Los Angeles, CA  90066

Tel: (310) 391-9971
Fax: (310) 391-8971
Web: www.StatModel.com
Support: Support@StatModel.com

Copyright (c) 1998-2017 Muthen & Muthen
