Mplus VERSION 8
MUTHEN & MUTHEN
02/18/2019   4:46 PM

INPUT INSTRUCTIONS

  TITLE: Your title goes here
  DATA: FILE = "Mplus_files_Results/msst_wide_n50_i5_nt5_na0.dat";
  VARIABLE:
  NAMES = subjn y11 y21 y31 y41 y51 y12 y22 y32 y42 y52 y13 y23 y33 y43 y53 y14 y24
       y34 y44 y54 y15 y25 y35 y45 y55;
  MISSING=.;
  USEVAR = y11
  y21
  y31
  y41
  y51
  y12
  y22
  y32
  y42
  y52
  y13
  y23
  y33
  y43
  y53
  y14
  y24
  y34
  y44
  y54
  y15
  y25
  y35
  y45
  y55 ;


  ANALYSIS:
  TYPE = GENERAL ;
  ESTIMATOR = ML ;
  ITERATIONS = 50000 ;
  H1ITERATIONS = 50000 ;


  MODEL:

  ! Latent state variables
  eta1 BY y11@1
  y21 (las21)
  y31 (las31)
  y41 (las41)
  y51 (las51) ;
  eta2 BY y12@1
  y22 (las21)
  y32 (las31)
  y42 (las41)
  y52 (las51) ;
  eta3 BY y13@1
  y23 (las21)
  y33 (las31)
  y43 (las41)
  y53 (las51) ;
  eta4 BY y14@1
  y24 (las21)
  y34 (las31)
  y44 (las41)
  y54 (las51) ;
  eta5 BY y15@1
  y25 (las21)
  y35 (las31)
  y45 (las41)
  y55 (las51) ;

  ! Latent trait variables
  theta1 BY y11@1
  y21 (lat21)
  y31 (lat31)
  y41 (lat41)
  y51 (lat51)
  y12@1
  y22 (lat21)
  y32 (lat31)
  y42 (lat41)
  y52 (lat51)
  y13@1
  y23 (lat21)
  y33 (lat31)
  y43 (lat41)
  y53 (lat51)
  y14@1
  y24 (lat21)
  y34 (lat31)
  y44 (lat41)
  y54 (lat51)
  y15@1
  y25 (lat21)
  y35 (lat31)
  y45 (lat41)
  y55 (lat51) ;

  ! Intercepts and means

  [y11@0] ;
  [y21*] (int21) ;
  [y31*] (int31) ;
  [y41*] (int41) ;
  [y51*] (int51) ;
  [y12@0] ;
  [y22*] (int21) ;
  [y32*] (int31) ;
  [y42*] (int41) ;
  [y52*] (int51) ;
  [y13@0] ;
  [y23*] (int21) ;
  [y33*] (int31) ;
  [y43*] (int41) ;
  [y53*] (int51) ;
  [y14@0] ;
  [y24*] (int21) ;
  [y34*] (int31) ;
  [y44*] (int41) ;
  [y54*] (int51) ;
  [y15@0] ;
  [y25*] (int21) ;
  [y35*] (int31) ;
  [y45*] (int41) ;
  [y55*] (int51) ;
  [theta1*] ;

  ! Variance components
  y11(o_err11) ;
  y21(o_err21) ;
  y31(o_err31) ;
  y41(o_err41) ;
  y51(o_err51) ;
  y12(o_err11) ;
  y22(o_err21) ;
  y32(o_err31) ;
  y42(o_err41) ;
  y52(o_err51) ;
  y13(o_err11) ;
  y23(o_err21) ;
  y33(o_err31) ;
  y43(o_err41) ;
  y53(o_err51) ;
  y14(o_err11) ;
  y24(o_err21) ;
  y34(o_err31) ;
  y44(o_err41) ;
  y54(o_err51) ;
  y15(o_err11) ;
  y25(o_err21) ;
  y35(o_err31) ;
  y45(o_err41) ;
  y55(o_err51) ;
  eta1(s_var11) ;
  eta2(s_var11) ;
  eta3(s_var11) ;
  eta4(s_var11) ;
  eta5(s_var11) ;
  theta1(t_var1) ;

  ! Set zero covariances
  eta1 WITH eta2@0
  eta3@0
  eta4@0
  eta5@0
  theta1@0 ;
  eta2 WITH eta3@0
  eta4@0
  eta5@0
  theta1@0 ;
  eta3 WITH eta4@0
  eta5@0
  theta1@0 ;
  eta4 WITH eta5@0
  theta1@0 ;
  eta5 WITH theta1@0 ;



INPUT READING TERMINATED NORMALLY



Your title goes here

SUMMARY OF ANALYSIS

Number of groups                                                 1
Number of observations                                          50

Number of dependent variables                                   25
Number of independent variables                                  0
Number of continuous latent variables                            6

Observed dependent variables

  Continuous
   Y11         Y21         Y31         Y41         Y51         Y12
   Y22         Y32         Y42         Y52         Y13         Y23
   Y33         Y43         Y53         Y14         Y24         Y34
   Y44         Y54         Y15         Y25         Y35         Y45
   Y55

Continuous latent variables
   ETA1        ETA2        ETA3        ETA4        ETA5        THETA1


Estimator                                                       ML
Information matrix                                        OBSERVED
Maximum number of iterations                                 50000
Convergence criterion                                    0.500D-04
Maximum number of steepest descent iterations                   20
Maximum number of iterations for H1                          50000
Convergence criterion for H1                             0.100D-03

Input data file(s)
  Mplus_files_Results/msst_wide_n50_i5_nt5_na0.dat

Input data format  FREE


SUMMARY OF DATA

     Number of missing data patterns             1


COVARIANCE COVERAGE OF DATA

Minimum covariance coverage value   0.100


     PROPORTION OF DATA PRESENT


           Covariance Coverage
              Y11           Y21           Y31           Y41           Y51
              ________      ________      ________      ________      ________
 Y11            1.000
 Y21            1.000         1.000
 Y31            1.000         1.000         1.000
 Y41            1.000         1.000         1.000         1.000
 Y51            1.000         1.000         1.000         1.000         1.000
 Y12            1.000         1.000         1.000         1.000         1.000
 Y22            1.000         1.000         1.000         1.000         1.000
 Y32            1.000         1.000         1.000         1.000         1.000
 Y42            1.000         1.000         1.000         1.000         1.000
 Y52            1.000         1.000         1.000         1.000         1.000
 Y13            1.000         1.000         1.000         1.000         1.000
 Y23            1.000         1.000         1.000         1.000         1.000
 Y33            1.000         1.000         1.000         1.000         1.000
 Y43            1.000         1.000         1.000         1.000         1.000
 Y53            1.000         1.000         1.000         1.000         1.000
 Y14            1.000         1.000         1.000         1.000         1.000
 Y24            1.000         1.000         1.000         1.000         1.000
 Y34            1.000         1.000         1.000         1.000         1.000
 Y44            1.000         1.000         1.000         1.000         1.000
 Y54            1.000         1.000         1.000         1.000         1.000
 Y15            1.000         1.000         1.000         1.000         1.000
 Y25            1.000         1.000         1.000         1.000         1.000
 Y35            1.000         1.000         1.000         1.000         1.000
 Y45            1.000         1.000         1.000         1.000         1.000
 Y55            1.000         1.000         1.000         1.000         1.000


           Covariance Coverage
              Y12           Y22           Y32           Y42           Y52
              ________      ________      ________      ________      ________
 Y12            1.000
 Y22            1.000         1.000
 Y32            1.000         1.000         1.000
 Y42            1.000         1.000         1.000         1.000
 Y52            1.000         1.000         1.000         1.000         1.000
 Y13            1.000         1.000         1.000         1.000         1.000
 Y23            1.000         1.000         1.000         1.000         1.000
 Y33            1.000         1.000         1.000         1.000         1.000
 Y43            1.000         1.000         1.000         1.000         1.000
 Y53            1.000         1.000         1.000         1.000         1.000
 Y14            1.000         1.000         1.000         1.000         1.000
 Y24            1.000         1.000         1.000         1.000         1.000
 Y34            1.000         1.000         1.000         1.000         1.000
 Y44            1.000         1.000         1.000         1.000         1.000
 Y54            1.000         1.000         1.000         1.000         1.000
 Y15            1.000         1.000         1.000         1.000         1.000
 Y25            1.000         1.000         1.000         1.000         1.000
 Y35            1.000         1.000         1.000         1.000         1.000
 Y45            1.000         1.000         1.000         1.000         1.000
 Y55            1.000         1.000         1.000         1.000         1.000


           Covariance Coverage
              Y13           Y23           Y33           Y43           Y53
              ________      ________      ________      ________      ________
 Y13            1.000
 Y23            1.000         1.000
 Y33            1.000         1.000         1.000
 Y43            1.000         1.000         1.000         1.000
 Y53            1.000         1.000         1.000         1.000         1.000
 Y14            1.000         1.000         1.000         1.000         1.000
 Y24            1.000         1.000         1.000         1.000         1.000
 Y34            1.000         1.000         1.000         1.000         1.000
 Y44            1.000         1.000         1.000         1.000         1.000
 Y54            1.000         1.000         1.000         1.000         1.000
 Y15            1.000         1.000         1.000         1.000         1.000
 Y25            1.000         1.000         1.000         1.000         1.000
 Y35            1.000         1.000         1.000         1.000         1.000
 Y45            1.000         1.000         1.000         1.000         1.000
 Y55            1.000         1.000         1.000         1.000         1.000


           Covariance Coverage
              Y14           Y24           Y34           Y44           Y54
              ________      ________      ________      ________      ________
 Y14            1.000
 Y24            1.000         1.000
 Y34            1.000         1.000         1.000
 Y44            1.000         1.000         1.000         1.000
 Y54            1.000         1.000         1.000         1.000         1.000
 Y15            1.000         1.000         1.000         1.000         1.000
 Y25            1.000         1.000         1.000         1.000         1.000
 Y35            1.000         1.000         1.000         1.000         1.000
 Y45            1.000         1.000         1.000         1.000         1.000
 Y55            1.000         1.000         1.000         1.000         1.000


           Covariance Coverage
              Y15           Y25           Y35           Y45           Y55
              ________      ________      ________      ________      ________
 Y15            1.000
 Y25            1.000         1.000
 Y35            1.000         1.000         1.000
 Y45            1.000         1.000         1.000         1.000
 Y55            1.000         1.000         1.000         1.000         1.000



UNIVARIATE SAMPLE STATISTICS


     UNIVARIATE HIGHER-ORDER MOMENT DESCRIPTIVE STATISTICS

         Variable/         Mean/     Skewness/   Minimum/ % with                Percentiles
        Sample Size      Variance    Kurtosis    Maximum  Min/Max      20%/60%    40%/80%    Median

     Y11                   4.479       0.064      -0.386    2.00%       1.884      3.726      4.560
              50.000       5.987      -0.725       9.143    2.00%       5.016      6.326
     Y21                   3.548       0.492      -0.670    2.00%       2.174      3.126      3.184
              50.000       2.922       0.528       7.969    2.00%       3.626      4.842
     Y31                   5.781       0.398      -0.015    2.00%       3.236      4.898      5.311
              50.000       8.080      -0.473      12.558    2.00%       5.938      8.548
     Y41                   4.723       0.290       0.901    2.00%       2.663      3.760      4.280
              50.000       4.455      -0.767       9.662    2.00%       5.217      6.497
     Y51                   5.850       0.422       1.707    2.00%       3.728      4.819      5.594
              50.000       6.565      -0.641      11.569    2.00%       5.839      7.911
     Y12                   4.191      -0.527      -0.530    2.00%       2.398      3.965      4.300
              50.000       4.032      -0.351       7.506    2.00%       4.763      5.962
     Y22                   3.586      -0.287       0.060    2.00%       2.326      3.279      3.616
              50.000       1.911      -0.123       6.662    2.00%       4.122      4.672
     Y32                   5.189      -0.355      -2.094    2.00%       2.581      4.597      5.631
              50.000       6.631      -0.187       9.984    2.00%       5.959      7.172
     Y42                   4.184      -0.172      -0.643    2.00%       2.709      3.637      4.247
              50.000       3.648      -0.526       7.971    2.00%       4.502      6.064
     Y52                   5.287      -0.782      -0.376    2.00%       2.909      5.263      5.826
              50.000       5.021       0.037       8.766    2.00%       6.186      6.963
     Y13                   3.982       0.347       1.130    2.00%       2.325      3.184      3.787
              50.000       2.673      -0.811       7.527    2.00%       4.663      5.332
     Y23                   3.359       0.302       0.772    2.00%       2.504      3.022      3.212
              50.000       1.236      -0.103       5.797    2.00%       3.521      4.159
     Y33                   5.086       0.142       0.400    2.00%       2.314      4.057      5.156
              50.000       6.827      -0.878      10.633    2.00%       5.628      7.485
     Y43                   4.427       0.015       1.409    2.00%       3.315      4.108      4.477
              50.000       1.748      -0.379       6.973    2.00%       4.641      5.304
     Y53                   5.178      -0.168       0.363    2.00%       3.415      4.839      5.179
              50.000       3.656      -0.362       9.058    2.00%       5.776      6.795
     Y14                   4.161       0.219       0.869    2.00%       2.857      3.559      3.863
              50.000       3.033      -0.569       8.017    2.00%       4.162      5.923
     Y24                   3.368      -0.592       0.453    2.00%       2.151      3.326      3.566
              50.000       1.281      -0.152       5.493    2.00%       3.803      4.351
     Y34                   5.528      -0.237       0.588    2.00%       4.073      5.143      5.631
              50.000       3.232      -0.073       9.024    2.00%       5.887      7.011
     Y44                   4.063      -0.095       0.956    2.00%       2.880      3.763      3.938
              50.000       2.157      -0.704       6.536    2.00%       4.184      5.476
     Y54                   5.633      -0.177       1.497    2.00%       3.900      5.188      5.721
              50.000       3.517      -0.720       9.529    2.00%       6.114      7.533
     Y15                   3.840       0.256      -0.477    2.00%       2.153      2.992      3.613
              50.000       4.622      -0.179       8.801    2.00%       4.550      5.093
     Y25                   3.315      -0.010      -0.195    2.00%       2.096      2.974      3.492
              50.000       2.212       0.452       6.969    2.00%       3.578      4.158
     Y35                   5.417       0.058      -0.308    2.00%       3.617      4.735      5.538
              50.000       5.542       0.309      11.187    2.00%       5.879      7.010
     Y45                   4.040       0.043      -0.077    2.00%       2.326      3.893      4.196
              50.000       3.414      -0.253       8.200    2.00%       4.611      5.250
     Y55                   4.896      -0.046      -1.406    2.00%       3.481      4.442      4.666
              50.000       4.114       1.009       9.709    2.00%       5.185      6.175


THE MODEL ESTIMATION TERMINATED NORMALLY



MODEL FIT INFORMATION

Number of Free Parameters                       20

Loglikelihood

          H0 Value                       -2050.588
          H1 Value                       -1834.831

Information Criteria

          Akaike (AIC)                    4141.177
          Bayesian (BIC)                  4179.417
          Sample-Size Adjusted BIC        4116.641
            (n* = (n + 2) / 24)

Chi-Square Test of Model Fit

          Value                            431.515
          Degrees of Freedom                   330
          P-Value                           0.0001

RMSEA (Root Mean Square Error Of Approximation)

          Estimate                           0.078
          90 Percent C.I.                    0.056  0.098
          Probability RMSEA <= .05           0.022

CFI/TLI

          CFI                                0.911
          TLI                                0.920

Chi-Square Test of Model Fit for the Baseline Model

          Value                           1446.486
          Degrees of Freedom                   300
          P-Value                           0.0000

SRMR (Standardized Root Mean Square Residual)

          Value                              0.185



MODEL RESULTS

                                                    Two-Tailed
                    Estimate       S.E.  Est./S.E.    P-Value

 ETA1     BY
    Y11                1.000      0.000    999.000    999.000
    Y21                0.496      0.044     11.289      0.000
    Y31                1.196      0.096     12.394      0.000
    Y41                0.820      0.062     13.314      0.000
    Y51                1.075      0.078     13.786      0.000

 ETA2     BY
    Y12                1.000      0.000    999.000    999.000
    Y22                0.496      0.044     11.289      0.000
    Y32                1.196      0.096     12.394      0.000
    Y42                0.820      0.062     13.314      0.000
    Y52                1.075      0.078     13.786      0.000

 ETA3     BY
    Y13                1.000      0.000    999.000    999.000
    Y23                0.496      0.044     11.289      0.000
    Y33                1.196      0.096     12.394      0.000
    Y43                0.820      0.062     13.314      0.000
    Y53                1.075      0.078     13.786      0.000

 ETA4     BY
    Y14                1.000      0.000    999.000    999.000
    Y24                0.496      0.044     11.289      0.000
    Y34                1.196      0.096     12.394      0.000
    Y44                0.820      0.062     13.314      0.000
    Y54                1.075      0.078     13.786      0.000

 ETA5     BY
    Y15                1.000      0.000    999.000    999.000
    Y25                0.496      0.044     11.289      0.000
    Y35                1.196      0.096     12.394      0.000
    Y45                0.820      0.062     13.314      0.000
    Y55                1.075      0.078     13.786      0.000

 THETA1   BY
    Y11                1.000      0.000    999.000    999.000
    Y21                0.933      0.089     10.427      0.000
    Y31                1.136      0.121      9.421      0.000
    Y41                1.017      0.091     11.128      0.000
    Y51                1.085      0.099     10.969      0.000
    Y12                1.000      0.000    999.000    999.000
    Y22                0.933      0.089     10.427      0.000
    Y32                1.136      0.121      9.421      0.000
    Y42                1.017      0.091     11.128      0.000
    Y52                1.085      0.099     10.969      0.000
    Y13                1.000      0.000    999.000    999.000
    Y23                0.933      0.089     10.427      0.000
    Y33                1.136      0.121      9.421      0.000
    Y43                1.017      0.091     11.128      0.000
    Y53                1.085      0.099     10.969      0.000
    Y14                1.000      0.000    999.000    999.000
    Y24                0.933      0.089     10.427      0.000
    Y34                1.136      0.121      9.421      0.000
    Y44                1.017      0.091     11.128      0.000
    Y54                1.085      0.099     10.969      0.000
    Y15                1.000      0.000    999.000    999.000
    Y25                0.933      0.089     10.427      0.000
    Y35                1.136      0.121      9.421      0.000
    Y45                1.017      0.091     11.128      0.000
    Y55                1.085      0.099     10.969      0.000

 ETA1     WITH
    ETA2               0.000      0.000    999.000    999.000
    ETA3               0.000      0.000    999.000    999.000
    ETA4               0.000      0.000    999.000    999.000
    ETA5               0.000      0.000    999.000    999.000
    THETA1             0.000      0.000    999.000    999.000

 ETA2     WITH
    ETA3               0.000      0.000    999.000    999.000
    ETA4               0.000      0.000    999.000    999.000
    ETA5               0.000      0.000    999.000    999.000
    THETA1             0.000      0.000    999.000    999.000

 ETA3     WITH
    ETA4               0.000      0.000    999.000    999.000
    ETA5               0.000      0.000    999.000    999.000
    THETA1             0.000      0.000    999.000    999.000

 ETA4     WITH
    ETA5               0.000      0.000    999.000    999.000
    THETA1             0.000      0.000    999.000    999.000

 ETA5     WITH
    THETA1             0.000      0.000    999.000    999.000

 Means
    THETA1             4.131      0.184     22.418      0.000

 Intercepts
    Y11                0.000      0.000    999.000    999.000
    Y21               -0.419      0.379     -1.105      0.269
    Y31                0.706      0.511      1.382      0.167
    Y41                0.085      0.387      0.220      0.826
    Y51                0.889      0.419      2.119      0.034
    Y12                0.000      0.000    999.000    999.000
    Y22               -0.419      0.379     -1.105      0.269
    Y32                0.706      0.511      1.382      0.167
    Y42                0.085      0.387      0.220      0.826
    Y52                0.889      0.419      2.119      0.034
    Y13                0.000      0.000    999.000    999.000
    Y23               -0.419      0.379     -1.105      0.269
    Y33                0.706      0.511      1.382      0.167
    Y43                0.085      0.387      0.220      0.826
    Y53                0.889      0.419      2.119      0.034
    Y14                0.000      0.000    999.000    999.000
    Y24               -0.419      0.379     -1.105      0.269
    Y34                0.706      0.511      1.382      0.167
    Y44                0.085      0.387      0.220      0.826
    Y54                0.889      0.419      2.119      0.034
    Y15                0.000      0.000    999.000    999.000
    Y25               -0.419      0.379     -1.105      0.269
    Y35                0.706      0.511      1.382      0.167
    Y45                0.085      0.387      0.220      0.826
    Y55                0.889      0.419      2.119      0.034

 Variances
    ETA1               2.005      0.290      6.909      0.000
    ETA2               2.005      0.290      6.909      0.000
    ETA3               2.005      0.290      6.909      0.000
    ETA4               2.005      0.290      6.909      0.000
    ETA5               2.005      0.290      6.909      0.000
    THETA1             1.093      0.335      3.262      0.001

 Residual Variances
    Y11                1.018      0.120      8.503      0.000
    Y21                0.479      0.052      9.281      0.000
    Y31                1.844      0.204      9.022      0.000
    Y41                0.672      0.079      8.489      0.000
    Y51                1.086      0.131      8.288      0.000
    Y12                1.018      0.120      8.503      0.000
    Y22                0.479      0.052      9.281      0.000
    Y32                1.844      0.204      9.022      0.000
    Y42                0.672      0.079      8.489      0.000
    Y52                1.086      0.131      8.288      0.000
    Y13                1.018      0.120      8.503      0.000
    Y23                0.479      0.052      9.281      0.000
    Y33                1.844      0.204      9.022      0.000
    Y43                0.672      0.079      8.489      0.000
    Y53                1.086      0.131      8.288      0.000
    Y14                1.018      0.120      8.503      0.000
    Y24                0.479      0.052      9.281      0.000
    Y34                1.844      0.204      9.022      0.000
    Y44                0.672      0.079      8.489      0.000
    Y54                1.086      0.131      8.288      0.000
    Y15                1.018      0.120      8.503      0.000
    Y25                0.479      0.052      9.281      0.000
    Y35                1.844      0.204      9.022      0.000
    Y45                0.672      0.079      8.489      0.000
    Y55                1.086      0.131      8.288      0.000


QUALITY OF NUMERICAL RESULTS

     Condition Number for the Information Matrix              0.247E-03
       (ratio of smallest to largest eigenvalue)


     Beginning Time:  16:46:39
        Ending Time:  16:46:40
       Elapsed Time:  00:00:01



MUTHEN & MUTHEN
3463 Stoner Ave.
Los Angeles, CA  90066

Tel: (310) 391-9971
Fax: (310) 391-8971
Web: www.StatModel.com
Support: Support@StatModel.com

Copyright (c) 1998-2017 Muthen & Muthen
