Mplus VERSION 8
MUTHEN & MUTHEN
02/16/2019   4:24 AM

INPUT INSTRUCTIONS

  TITLE: Your title goes here
  DATA: FILE = "Mplus_files_Results/msst_wide_trunc_n100_i4_nt15_na0.dat";
  VARIABLE:
  NAMES = subjn y11 y21 y31 y41 y12 y22 y32 y42 y13 y23 y33 y43 y14 y24 y34 y44 y15
       y25 y35 y45 y16 y26 y36 y46 y17 y27 y37 y47 y18 y28 y38 y48 y19 y29 y39 y49
       y110 y210 y310 y410 y111 y211 y311 y411 y112 y212 y312 y412 y113 y213 y313 y413
       y114 y214 y314 y414 y115 y215 y315 y415;
  MISSING=.;
  USEVAR = y11
  y21
  y31
  y41
  y12
  y22
  y32
  y42
  y13
  y23
  y33
  y43
  y14
  y24
  y34
  y44
  y15
  y25
  y35
  y45
  y16
  y26
  y36
  y46
  y17
  y27
  y37
  y47
  y18
  y28
  y38
  y48
  y19
  y29
  y39
  y49
  y110
  y210
  y310
  y410
  y111
  y211
  y311
  y411
  y112
  y212
  y312
  y412
  y113
  y213
  y313
  y413
  y114
  y214
  y314
  y414
  y115
  y215
  y315
  y415 ;


  ANALYSIS:
  TYPE = GENERAL ;
  ESTIMATOR = ML ;
  ITERATIONS = 50000 ;
  H1ITERATIONS = 50000 ;


  MODEL:

  ! Latent state variables
  eta1 BY y11@1
  y21 (las21)
  y31 (las31)
  y41 (las41) ;
  eta2 BY y12@1
  y22 (las21)
  y32 (las31)
  y42 (las41) ;
  eta3 BY y13@1
  y23 (las21)
  y33 (las31)
  y43 (las41) ;
  eta4 BY y14@1
  y24 (las21)
  y34 (las31)
  y44 (las41) ;
  eta5 BY y15@1
  y25 (las21)
  y35 (las31)
  y45 (las41) ;
  eta6 BY y16@1
  y26 (las21)
  y36 (las31)
  y46 (las41) ;
  eta7 BY y17@1
  y27 (las21)
  y37 (las31)
  y47 (las41) ;
  eta8 BY y18@1
  y28 (las21)
  y38 (las31)
  y48 (las41) ;
  eta9 BY y19@1
  y29 (las21)
  y39 (las31)
  y49 (las41) ;
  eta10 BY y110@1
  y210 (las21)
  y310 (las31)
  y410 (las41) ;
  eta11 BY y111@1
  y211 (las21)
  y311 (las31)
  y411 (las41) ;
  eta12 BY y112@1
  y212 (las21)
  y312 (las31)
  y412 (las41) ;
  eta13 BY y113@1
  y213 (las21)
  y313 (las31)
  y413 (las41) ;
  eta14 BY y114@1
  y214 (las21)
  y314 (las31)
  y414 (las41) ;
  eta15 BY y115@1
  y215 (las21)
  y315 (las31)
  y415 (las41) ;

  ! Latent trait variables
  theta1 BY y11@1
  y21 (lat21)
  y31 (lat31)
  y41 (lat41)
  y12@1
  y22 (lat21)
  y32 (lat31)
  y42 (lat41)
  y13@1
  y23 (lat21)
  y33 (lat31)
  y43 (lat41)
  y14@1
  y24 (lat21)
  y34 (lat31)
  y44 (lat41)
  y15@1
  y25 (lat21)
  y35 (lat31)
  y45 (lat41)
  y16@1
  y26 (lat21)
  y36 (lat31)
  y46 (lat41)
  y17@1
  y27 (lat21)
  y37 (lat31)
  y47 (lat41)
  y18@1
  y28 (lat21)
  y38 (lat31)
  y48 (lat41)
  y19@1
  y29 (lat21)
  y39 (lat31)
  y49 (lat41)
  y110@1
  y210 (lat21)
  y310 (lat31)
  y410 (lat41)
  y111@1
  y211 (lat21)
  y311 (lat31)
  y411 (lat41)
  y112@1
  y212 (lat21)
  y312 (lat31)
  y412 (lat41)
  y113@1
  y213 (lat21)
  y313 (lat31)
  y413 (lat41)
  y114@1
  y214 (lat21)
  y314 (lat31)
  y414 (lat41)
  y115@1
  y215 (lat21)
  y315 (lat31)
  y415 (lat41) ;

  ! Intercepts and means

  [y11@0] ;
  [y21*] (int21) ;
  [y31*] (int31) ;
  [y41*] (int41) ;
  [y12@0] ;
  [y22*] (int21) ;
  [y32*] (int31) ;
  [y42*] (int41) ;
  [y13@0] ;
  [y23*] (int21) ;
  [y33*] (int31) ;
  [y43*] (int41) ;
  [y14@0] ;
  [y24*] (int21) ;
  [y34*] (int31) ;
  [y44*] (int41) ;
  [y15@0] ;
  [y25*] (int21) ;
  [y35*] (int31) ;
  [y45*] (int41) ;
  [y16@0] ;
  [y26*] (int21) ;
  [y36*] (int31) ;
  [y46*] (int41) ;
  [y17@0] ;
  [y27*] (int21) ;
  [y37*] (int31) ;
  [y47*] (int41) ;
  [y18@0] ;
  [y28*] (int21) ;
  [y38*] (int31) ;
  [y48*] (int41) ;
  [y19@0] ;
  [y29*] (int21) ;
  [y39*] (int31) ;
  [y49*] (int41) ;
  [y110@0] ;
  [y210*] (int21) ;
  [y310*] (int31) ;
  [y410*] (int41) ;
  [y111@0] ;
  [y211*] (int21) ;
  [y311*] (int31) ;
  [y411*] (int41) ;
  [y112@0] ;
  [y212*] (int21) ;
  [y312*] (int31) ;
  [y412*] (int41) ;
  [y113@0] ;
  [y213*] (int21) ;
  [y313*] (int31) ;
  [y413*] (int41) ;
  [y114@0] ;
  [y214*] (int21) ;
  [y314*] (int31) ;
  [y414*] (int41) ;
  [y115@0] ;
  [y215*] (int21) ;
  [y315*] (int31) ;
  [y415*] (int41) ;
  [theta1*] ;

  ! Variance components
  y11(o_err11) ;
  y21(o_err21) ;
  y31(o_err31) ;
  y41(o_err41) ;
  y12(o_err11) ;
  y22(o_err21) ;
  y32(o_err31) ;
  y42(o_err41) ;
  y13(o_err11) ;
  y23(o_err21) ;
  y33(o_err31) ;
  y43(o_err41) ;
  y14(o_err11) ;
  y24(o_err21) ;
  y34(o_err31) ;
  y44(o_err41) ;
  y15(o_err11) ;
  y25(o_err21) ;
  y35(o_err31) ;
  y45(o_err41) ;
  y16(o_err11) ;
  y26(o_err21) ;
  y36(o_err31) ;
  y46(o_err41) ;
  y17(o_err11) ;
  y27(o_err21) ;
  y37(o_err31) ;
  y47(o_err41) ;
  y18(o_err11) ;
  y28(o_err21) ;
  y38(o_err31) ;
  y48(o_err41) ;
  y19(o_err11) ;
  y29(o_err21) ;
  y39(o_err31) ;
  y49(o_err41) ;
  y110(o_err11) ;
  y210(o_err21) ;
  y310(o_err31) ;
  y410(o_err41) ;
  y111(o_err11) ;
  y211(o_err21) ;
  y311(o_err31) ;
  y411(o_err41) ;
  y112(o_err11) ;
  y212(o_err21) ;
  y312(o_err31) ;
  y412(o_err41) ;
  y113(o_err11) ;
  y213(o_err21) ;
  y313(o_err31) ;
  y413(o_err41) ;
  y114(o_err11) ;
  y214(o_err21) ;
  y314(o_err31) ;
  y414(o_err41) ;
  y115(o_err11) ;
  y215(o_err21) ;
  y315(o_err31) ;
  y415(o_err41) ;
  eta1(s_var11) ;
  eta2(s_var11) ;
  eta3(s_var11) ;
  eta4(s_var11) ;
  eta5(s_var11) ;
  eta6(s_var11) ;
  eta7(s_var11) ;
  eta8(s_var11) ;
  eta9(s_var11) ;
  eta10(s_var11) ;
  eta11(s_var11) ;
  eta12(s_var11) ;
  eta13(s_var11) ;
  eta14(s_var11) ;
  eta15(s_var11) ;
  theta1(t_var1) ;

  ! Set zero covariances
  eta1 WITH eta2@0
  eta3@0
  eta4@0
  eta5@0
  eta6@0
  eta7@0
  eta8@0
  eta9@0
  eta10@0
  eta11@0
  eta12@0
  eta13@0
  eta14@0
  eta15@0
  theta1@0 ;
  eta2 WITH eta3@0
  eta4@0
  eta5@0
  eta6@0
  eta7@0
  eta8@0
  eta9@0
  eta10@0
  eta11@0
  eta12@0
  eta13@0
  eta14@0
  eta15@0
  theta1@0 ;
  eta3 WITH eta4@0
  eta5@0
  eta6@0
  eta7@0
  eta8@0
  eta9@0
  eta10@0
  eta11@0
  eta12@0
  eta13@0
  eta14@0
  eta15@0
  theta1@0 ;
  eta4 WITH eta5@0
  eta6@0
  eta7@0
  eta8@0
  eta9@0
  eta10@0
  eta11@0
  eta12@0
  eta13@0
  eta14@0
  eta15@0
  theta1@0 ;
  eta5 WITH eta6@0
  eta7@0
  eta8@0
  eta9@0
  eta10@0
  eta11@0
  eta12@0
  eta13@0
  eta14@0
  eta15@0
  theta1@0 ;
  eta6 WITH eta7@0
  eta8@0
  eta9@0
  eta10@0
  eta11@0
  eta12@0
  eta13@0
  eta14@0
  eta15@0
  theta1@0 ;
  eta7 WITH eta8@0
  eta9@0
  eta10@0
  eta11@0
  eta12@0
  eta13@0
  eta14@0
  eta15@0
  theta1@0 ;
  eta8 WITH eta9@0
  eta10@0
  eta11@0
  eta12@0
  eta13@0
  eta14@0
  eta15@0
  theta1@0 ;
  eta9 WITH eta10@0
  eta11@0
  eta12@0
  eta13@0
  eta14@0
  eta15@0
  theta1@0 ;
  eta10 WITH eta11@0
  eta12@0
  eta13@0
  eta14@0
  eta15@0
  theta1@0 ;
  eta11 WITH eta12@0
  eta13@0
  eta14@0
  eta15@0
  theta1@0 ;
  eta12 WITH eta13@0
  eta14@0
  eta15@0
  theta1@0 ;
  eta13 WITH eta14@0
  eta15@0
  theta1@0 ;
  eta14 WITH eta15@0
  theta1@0 ;
  eta15 WITH theta1@0 ;



INPUT READING TERMINATED NORMALLY



Your title goes here

SUMMARY OF ANALYSIS

Number of groups                                                 1
Number of observations                                         100

Number of dependent variables                                   60
Number of independent variables                                  0
Number of continuous latent variables                           16

Observed dependent variables

  Continuous
   Y11         Y21         Y31         Y41         Y12         Y22
   Y32         Y42         Y13         Y23         Y33         Y43
   Y14         Y24         Y34         Y44         Y15         Y25
   Y35         Y45         Y16         Y26         Y36         Y46
   Y17         Y27         Y37         Y47         Y18         Y28
   Y38         Y48         Y19         Y29         Y39         Y49
   Y110        Y210        Y310        Y410        Y111        Y211
   Y311        Y411        Y112        Y212        Y312        Y412
   Y113        Y213        Y313        Y413        Y114        Y214
   Y314        Y414        Y115        Y215        Y315        Y415

Continuous latent variables
   ETA1        ETA2        ETA3        ETA4        ETA5        ETA6
   ETA7        ETA8        ETA9        ETA10       ETA11       ETA12
   ETA13       ETA14       ETA15       THETA1


Estimator                                                       ML
Information matrix                                        OBSERVED
Maximum number of iterations                                 50000
Convergence criterion                                    0.500D-04
Maximum number of steepest descent iterations                   20
Maximum number of iterations for H1                          50000
Convergence criterion for H1                             0.100D-03

Input data file(s)
  Mplus_files_Results/msst_wide_trunc_n100_i4_nt15_na0.dat

Input data format  FREE


SUMMARY OF DATA

     Number of missing data patterns             1


COVARIANCE COVERAGE OF DATA

Minimum covariance coverage value   0.100


     PROPORTION OF DATA PRESENT


           Covariance Coverage
              Y11           Y21           Y31           Y41           Y12
              ________      ________      ________      ________      ________
 Y11            1.000
 Y21            1.000         1.000
 Y31            1.000         1.000         1.000
 Y41            1.000         1.000         1.000         1.000
 Y12            1.000         1.000         1.000         1.000         1.000
 Y22            1.000         1.000         1.000         1.000         1.000
 Y32            1.000         1.000         1.000         1.000         1.000
 Y42            1.000         1.000         1.000         1.000         1.000
 Y13            1.000         1.000         1.000         1.000         1.000
 Y23            1.000         1.000         1.000         1.000         1.000
 Y33            1.000         1.000         1.000         1.000         1.000
 Y43            1.000         1.000         1.000         1.000         1.000
 Y14            1.000         1.000         1.000         1.000         1.000
 Y24            1.000         1.000         1.000         1.000         1.000
 Y34            1.000         1.000         1.000         1.000         1.000
 Y44            1.000         1.000         1.000         1.000         1.000
 Y15            1.000         1.000         1.000         1.000         1.000
 Y25            1.000         1.000         1.000         1.000         1.000
 Y35            1.000         1.000         1.000         1.000         1.000
 Y45            1.000         1.000         1.000         1.000         1.000
 Y16            1.000         1.000         1.000         1.000         1.000
 Y26            1.000         1.000         1.000         1.000         1.000
 Y36            1.000         1.000         1.000         1.000         1.000
 Y46            1.000         1.000         1.000         1.000         1.000
 Y17            1.000         1.000         1.000         1.000         1.000
 Y27            1.000         1.000         1.000         1.000         1.000
 Y37            1.000         1.000         1.000         1.000         1.000
 Y47            1.000         1.000         1.000         1.000         1.000
 Y18            1.000         1.000         1.000         1.000         1.000
 Y28            1.000         1.000         1.000         1.000         1.000
 Y38            1.000         1.000         1.000         1.000         1.000
 Y48            1.000         1.000         1.000         1.000         1.000
 Y19            1.000         1.000         1.000         1.000         1.000
 Y29            1.000         1.000         1.000         1.000         1.000
 Y39            1.000         1.000         1.000         1.000         1.000
 Y49            1.000         1.000         1.000         1.000         1.000
 Y110           1.000         1.000         1.000         1.000         1.000
 Y210           1.000         1.000         1.000         1.000         1.000
 Y310           1.000         1.000         1.000         1.000         1.000
 Y410           1.000         1.000         1.000         1.000         1.000
 Y111           1.000         1.000         1.000         1.000         1.000
 Y211           1.000         1.000         1.000         1.000         1.000
 Y311           1.000         1.000         1.000         1.000         1.000
 Y411           1.000         1.000         1.000         1.000         1.000
 Y112           1.000         1.000         1.000         1.000         1.000
 Y212           1.000         1.000         1.000         1.000         1.000
 Y312           1.000         1.000         1.000         1.000         1.000
 Y412           1.000         1.000         1.000         1.000         1.000
 Y113           1.000         1.000         1.000         1.000         1.000
 Y213           1.000         1.000         1.000         1.000         1.000
 Y313           1.000         1.000         1.000         1.000         1.000
 Y413           1.000         1.000         1.000         1.000         1.000
 Y114           1.000         1.000         1.000         1.000         1.000
 Y214           1.000         1.000         1.000         1.000         1.000
 Y314           1.000         1.000         1.000         1.000         1.000
 Y414           1.000         1.000         1.000         1.000         1.000
 Y115           1.000         1.000         1.000         1.000         1.000
 Y215           1.000         1.000         1.000         1.000         1.000
 Y315           1.000         1.000         1.000         1.000         1.000
 Y415           1.000         1.000         1.000         1.000         1.000


           Covariance Coverage
              Y22           Y32           Y42           Y13           Y23
              ________      ________      ________      ________      ________
 Y22            1.000
 Y32            1.000         1.000
 Y42            1.000         1.000         1.000
 Y13            1.000         1.000         1.000         1.000
 Y23            1.000         1.000         1.000         1.000         1.000
 Y33            1.000         1.000         1.000         1.000         1.000
 Y43            1.000         1.000         1.000         1.000         1.000
 Y14            1.000         1.000         1.000         1.000         1.000
 Y24            1.000         1.000         1.000         1.000         1.000
 Y34            1.000         1.000         1.000         1.000         1.000
 Y44            1.000         1.000         1.000         1.000         1.000
 Y15            1.000         1.000         1.000         1.000         1.000
 Y25            1.000         1.000         1.000         1.000         1.000
 Y35            1.000         1.000         1.000         1.000         1.000
 Y45            1.000         1.000         1.000         1.000         1.000
 Y16            1.000         1.000         1.000         1.000         1.000
 Y26            1.000         1.000         1.000         1.000         1.000
 Y36            1.000         1.000         1.000         1.000         1.000
 Y46            1.000         1.000         1.000         1.000         1.000
 Y17            1.000         1.000         1.000         1.000         1.000
 Y27            1.000         1.000         1.000         1.000         1.000
 Y37            1.000         1.000         1.000         1.000         1.000
 Y47            1.000         1.000         1.000         1.000         1.000
 Y18            1.000         1.000         1.000         1.000         1.000
 Y28            1.000         1.000         1.000         1.000         1.000
 Y38            1.000         1.000         1.000         1.000         1.000
 Y48            1.000         1.000         1.000         1.000         1.000
 Y19            1.000         1.000         1.000         1.000         1.000
 Y29            1.000         1.000         1.000         1.000         1.000
 Y39            1.000         1.000         1.000         1.000         1.000
 Y49            1.000         1.000         1.000         1.000         1.000
 Y110           1.000         1.000         1.000         1.000         1.000
 Y210           1.000         1.000         1.000         1.000         1.000
 Y310           1.000         1.000         1.000         1.000         1.000
 Y410           1.000         1.000         1.000         1.000         1.000
 Y111           1.000         1.000         1.000         1.000         1.000
 Y211           1.000         1.000         1.000         1.000         1.000
 Y311           1.000         1.000         1.000         1.000         1.000
 Y411           1.000         1.000         1.000         1.000         1.000
 Y112           1.000         1.000         1.000         1.000         1.000
 Y212           1.000         1.000         1.000         1.000         1.000
 Y312           1.000         1.000         1.000         1.000         1.000
 Y412           1.000         1.000         1.000         1.000         1.000
 Y113           1.000         1.000         1.000         1.000         1.000
 Y213           1.000         1.000         1.000         1.000         1.000
 Y313           1.000         1.000         1.000         1.000         1.000
 Y413           1.000         1.000         1.000         1.000         1.000
 Y114           1.000         1.000         1.000         1.000         1.000
 Y214           1.000         1.000         1.000         1.000         1.000
 Y314           1.000         1.000         1.000         1.000         1.000
 Y414           1.000         1.000         1.000         1.000         1.000
 Y115           1.000         1.000         1.000         1.000         1.000
 Y215           1.000         1.000         1.000         1.000         1.000
 Y315           1.000         1.000         1.000         1.000         1.000
 Y415           1.000         1.000         1.000         1.000         1.000


           Covariance Coverage
              Y33           Y43           Y14           Y24           Y34
              ________      ________      ________      ________      ________
 Y33            1.000
 Y43            1.000         1.000
 Y14            1.000         1.000         1.000
 Y24            1.000         1.000         1.000         1.000
 Y34            1.000         1.000         1.000         1.000         1.000
 Y44            1.000         1.000         1.000         1.000         1.000
 Y15            1.000         1.000         1.000         1.000         1.000
 Y25            1.000         1.000         1.000         1.000         1.000
 Y35            1.000         1.000         1.000         1.000         1.000
 Y45            1.000         1.000         1.000         1.000         1.000
 Y16            1.000         1.000         1.000         1.000         1.000
 Y26            1.000         1.000         1.000         1.000         1.000
 Y36            1.000         1.000         1.000         1.000         1.000
 Y46            1.000         1.000         1.000         1.000         1.000
 Y17            1.000         1.000         1.000         1.000         1.000
 Y27            1.000         1.000         1.000         1.000         1.000
 Y37            1.000         1.000         1.000         1.000         1.000
 Y47            1.000         1.000         1.000         1.000         1.000
 Y18            1.000         1.000         1.000         1.000         1.000
 Y28            1.000         1.000         1.000         1.000         1.000
 Y38            1.000         1.000         1.000         1.000         1.000
 Y48            1.000         1.000         1.000         1.000         1.000
 Y19            1.000         1.000         1.000         1.000         1.000
 Y29            1.000         1.000         1.000         1.000         1.000
 Y39            1.000         1.000         1.000         1.000         1.000
 Y49            1.000         1.000         1.000         1.000         1.000
 Y110           1.000         1.000         1.000         1.000         1.000
 Y210           1.000         1.000         1.000         1.000         1.000
 Y310           1.000         1.000         1.000         1.000         1.000
 Y410           1.000         1.000         1.000         1.000         1.000
 Y111           1.000         1.000         1.000         1.000         1.000
 Y211           1.000         1.000         1.000         1.000         1.000
 Y311           1.000         1.000         1.000         1.000         1.000
 Y411           1.000         1.000         1.000         1.000         1.000
 Y112           1.000         1.000         1.000         1.000         1.000
 Y212           1.000         1.000         1.000         1.000         1.000
 Y312           1.000         1.000         1.000         1.000         1.000
 Y412           1.000         1.000         1.000         1.000         1.000
 Y113           1.000         1.000         1.000         1.000         1.000
 Y213           1.000         1.000         1.000         1.000         1.000
 Y313           1.000         1.000         1.000         1.000         1.000
 Y413           1.000         1.000         1.000         1.000         1.000
 Y114           1.000         1.000         1.000         1.000         1.000
 Y214           1.000         1.000         1.000         1.000         1.000
 Y314           1.000         1.000         1.000         1.000         1.000
 Y414           1.000         1.000         1.000         1.000         1.000
 Y115           1.000         1.000         1.000         1.000         1.000
 Y215           1.000         1.000         1.000         1.000         1.000
 Y315           1.000         1.000         1.000         1.000         1.000
 Y415           1.000         1.000         1.000         1.000         1.000


           Covariance Coverage
              Y44           Y15           Y25           Y35           Y45
              ________      ________      ________      ________      ________
 Y44            1.000
 Y15            1.000         1.000
 Y25            1.000         1.000         1.000
 Y35            1.000         1.000         1.000         1.000
 Y45            1.000         1.000         1.000         1.000         1.000
 Y16            1.000         1.000         1.000         1.000         1.000
 Y26            1.000         1.000         1.000         1.000         1.000
 Y36            1.000         1.000         1.000         1.000         1.000
 Y46            1.000         1.000         1.000         1.000         1.000
 Y17            1.000         1.000         1.000         1.000         1.000
 Y27            1.000         1.000         1.000         1.000         1.000
 Y37            1.000         1.000         1.000         1.000         1.000
 Y47            1.000         1.000         1.000         1.000         1.000
 Y18            1.000         1.000         1.000         1.000         1.000
 Y28            1.000         1.000         1.000         1.000         1.000
 Y38            1.000         1.000         1.000         1.000         1.000
 Y48            1.000         1.000         1.000         1.000         1.000
 Y19            1.000         1.000         1.000         1.000         1.000
 Y29            1.000         1.000         1.000         1.000         1.000
 Y39            1.000         1.000         1.000         1.000         1.000
 Y49            1.000         1.000         1.000         1.000         1.000
 Y110           1.000         1.000         1.000         1.000         1.000
 Y210           1.000         1.000         1.000         1.000         1.000
 Y310           1.000         1.000         1.000         1.000         1.000
 Y410           1.000         1.000         1.000         1.000         1.000
 Y111           1.000         1.000         1.000         1.000         1.000
 Y211           1.000         1.000         1.000         1.000         1.000
 Y311           1.000         1.000         1.000         1.000         1.000
 Y411           1.000         1.000         1.000         1.000         1.000
 Y112           1.000         1.000         1.000         1.000         1.000
 Y212           1.000         1.000         1.000         1.000         1.000
 Y312           1.000         1.000         1.000         1.000         1.000
 Y412           1.000         1.000         1.000         1.000         1.000
 Y113           1.000         1.000         1.000         1.000         1.000
 Y213           1.000         1.000         1.000         1.000         1.000
 Y313           1.000         1.000         1.000         1.000         1.000
 Y413           1.000         1.000         1.000         1.000         1.000
 Y114           1.000         1.000         1.000         1.000         1.000
 Y214           1.000         1.000         1.000         1.000         1.000
 Y314           1.000         1.000         1.000         1.000         1.000
 Y414           1.000         1.000         1.000         1.000         1.000
 Y115           1.000         1.000         1.000         1.000         1.000
 Y215           1.000         1.000         1.000         1.000         1.000
 Y315           1.000         1.000         1.000         1.000         1.000
 Y415           1.000         1.000         1.000         1.000         1.000


           Covariance Coverage
              Y16           Y26           Y36           Y46           Y17
              ________      ________      ________      ________      ________
 Y16            1.000
 Y26            1.000         1.000
 Y36            1.000         1.000         1.000
 Y46            1.000         1.000         1.000         1.000
 Y17            1.000         1.000         1.000         1.000         1.000
 Y27            1.000         1.000         1.000         1.000         1.000
 Y37            1.000         1.000         1.000         1.000         1.000
 Y47            1.000         1.000         1.000         1.000         1.000
 Y18            1.000         1.000         1.000         1.000         1.000
 Y28            1.000         1.000         1.000         1.000         1.000
 Y38            1.000         1.000         1.000         1.000         1.000
 Y48            1.000         1.000         1.000         1.000         1.000
 Y19            1.000         1.000         1.000         1.000         1.000
 Y29            1.000         1.000         1.000         1.000         1.000
 Y39            1.000         1.000         1.000         1.000         1.000
 Y49            1.000         1.000         1.000         1.000         1.000
 Y110           1.000         1.000         1.000         1.000         1.000
 Y210           1.000         1.000         1.000         1.000         1.000
 Y310           1.000         1.000         1.000         1.000         1.000
 Y410           1.000         1.000         1.000         1.000         1.000
 Y111           1.000         1.000         1.000         1.000         1.000
 Y211           1.000         1.000         1.000         1.000         1.000
 Y311           1.000         1.000         1.000         1.000         1.000
 Y411           1.000         1.000         1.000         1.000         1.000
 Y112           1.000         1.000         1.000         1.000         1.000
 Y212           1.000         1.000         1.000         1.000         1.000
 Y312           1.000         1.000         1.000         1.000         1.000
 Y412           1.000         1.000         1.000         1.000         1.000
 Y113           1.000         1.000         1.000         1.000         1.000
 Y213           1.000         1.000         1.000         1.000         1.000
 Y313           1.000         1.000         1.000         1.000         1.000
 Y413           1.000         1.000         1.000         1.000         1.000
 Y114           1.000         1.000         1.000         1.000         1.000
 Y214           1.000         1.000         1.000         1.000         1.000
 Y314           1.000         1.000         1.000         1.000         1.000
 Y414           1.000         1.000         1.000         1.000         1.000
 Y115           1.000         1.000         1.000         1.000         1.000
 Y215           1.000         1.000         1.000         1.000         1.000
 Y315           1.000         1.000         1.000         1.000         1.000
 Y415           1.000         1.000         1.000         1.000         1.000


           Covariance Coverage
              Y27           Y37           Y47           Y18           Y28
              ________      ________      ________      ________      ________
 Y27            1.000
 Y37            1.000         1.000
 Y47            1.000         1.000         1.000
 Y18            1.000         1.000         1.000         1.000
 Y28            1.000         1.000         1.000         1.000         1.000
 Y38            1.000         1.000         1.000         1.000         1.000
 Y48            1.000         1.000         1.000         1.000         1.000
 Y19            1.000         1.000         1.000         1.000         1.000
 Y29            1.000         1.000         1.000         1.000         1.000
 Y39            1.000         1.000         1.000         1.000         1.000
 Y49            1.000         1.000         1.000         1.000         1.000
 Y110           1.000         1.000         1.000         1.000         1.000
 Y210           1.000         1.000         1.000         1.000         1.000
 Y310           1.000         1.000         1.000         1.000         1.000
 Y410           1.000         1.000         1.000         1.000         1.000
 Y111           1.000         1.000         1.000         1.000         1.000
 Y211           1.000         1.000         1.000         1.000         1.000
 Y311           1.000         1.000         1.000         1.000         1.000
 Y411           1.000         1.000         1.000         1.000         1.000
 Y112           1.000         1.000         1.000         1.000         1.000
 Y212           1.000         1.000         1.000         1.000         1.000
 Y312           1.000         1.000         1.000         1.000         1.000
 Y412           1.000         1.000         1.000         1.000         1.000
 Y113           1.000         1.000         1.000         1.000         1.000
 Y213           1.000         1.000         1.000         1.000         1.000
 Y313           1.000         1.000         1.000         1.000         1.000
 Y413           1.000         1.000         1.000         1.000         1.000
 Y114           1.000         1.000         1.000         1.000         1.000
 Y214           1.000         1.000         1.000         1.000         1.000
 Y314           1.000         1.000         1.000         1.000         1.000
 Y414           1.000         1.000         1.000         1.000         1.000
 Y115           1.000         1.000         1.000         1.000         1.000
 Y215           1.000         1.000         1.000         1.000         1.000
 Y315           1.000         1.000         1.000         1.000         1.000
 Y415           1.000         1.000         1.000         1.000         1.000


           Covariance Coverage
              Y38           Y48           Y19           Y29           Y39
              ________      ________      ________      ________      ________
 Y38            1.000
 Y48            1.000         1.000
 Y19            1.000         1.000         1.000
 Y29            1.000         1.000         1.000         1.000
 Y39            1.000         1.000         1.000         1.000         1.000
 Y49            1.000         1.000         1.000         1.000         1.000
 Y110           1.000         1.000         1.000         1.000         1.000
 Y210           1.000         1.000         1.000         1.000         1.000
 Y310           1.000         1.000         1.000         1.000         1.000
 Y410           1.000         1.000         1.000         1.000         1.000
 Y111           1.000         1.000         1.000         1.000         1.000
 Y211           1.000         1.000         1.000         1.000         1.000
 Y311           1.000         1.000         1.000         1.000         1.000
 Y411           1.000         1.000         1.000         1.000         1.000
 Y112           1.000         1.000         1.000         1.000         1.000
 Y212           1.000         1.000         1.000         1.000         1.000
 Y312           1.000         1.000         1.000         1.000         1.000
 Y412           1.000         1.000         1.000         1.000         1.000
 Y113           1.000         1.000         1.000         1.000         1.000
 Y213           1.000         1.000         1.000         1.000         1.000
 Y313           1.000         1.000         1.000         1.000         1.000
 Y413           1.000         1.000         1.000         1.000         1.000
 Y114           1.000         1.000         1.000         1.000         1.000
 Y214           1.000         1.000         1.000         1.000         1.000
 Y314           1.000         1.000         1.000         1.000         1.000
 Y414           1.000         1.000         1.000         1.000         1.000
 Y115           1.000         1.000         1.000         1.000         1.000
 Y215           1.000         1.000         1.000         1.000         1.000
 Y315           1.000         1.000         1.000         1.000         1.000
 Y415           1.000         1.000         1.000         1.000         1.000


           Covariance Coverage
              Y49           Y110          Y210          Y310          Y410
              ________      ________      ________      ________      ________
 Y49            1.000
 Y110           1.000         1.000
 Y210           1.000         1.000         1.000
 Y310           1.000         1.000         1.000         1.000
 Y410           1.000         1.000         1.000         1.000         1.000
 Y111           1.000         1.000         1.000         1.000         1.000
 Y211           1.000         1.000         1.000         1.000         1.000
 Y311           1.000         1.000         1.000         1.000         1.000
 Y411           1.000         1.000         1.000         1.000         1.000
 Y112           1.000         1.000         1.000         1.000         1.000
 Y212           1.000         1.000         1.000         1.000         1.000
 Y312           1.000         1.000         1.000         1.000         1.000
 Y412           1.000         1.000         1.000         1.000         1.000
 Y113           1.000         1.000         1.000         1.000         1.000
 Y213           1.000         1.000         1.000         1.000         1.000
 Y313           1.000         1.000         1.000         1.000         1.000
 Y413           1.000         1.000         1.000         1.000         1.000
 Y114           1.000         1.000         1.000         1.000         1.000
 Y214           1.000         1.000         1.000         1.000         1.000
 Y314           1.000         1.000         1.000         1.000         1.000
 Y414           1.000         1.000         1.000         1.000         1.000
 Y115           1.000         1.000         1.000         1.000         1.000
 Y215           1.000         1.000         1.000         1.000         1.000
 Y315           1.000         1.000         1.000         1.000         1.000
 Y415           1.000         1.000         1.000         1.000         1.000


           Covariance Coverage
              Y111          Y211          Y311          Y411          Y112
              ________      ________      ________      ________      ________
 Y111           1.000
 Y211           1.000         1.000
 Y311           1.000         1.000         1.000
 Y411           1.000         1.000         1.000         1.000
 Y112           1.000         1.000         1.000         1.000         1.000
 Y212           1.000         1.000         1.000         1.000         1.000
 Y312           1.000         1.000         1.000         1.000         1.000
 Y412           1.000         1.000         1.000         1.000         1.000
 Y113           1.000         1.000         1.000         1.000         1.000
 Y213           1.000         1.000         1.000         1.000         1.000
 Y313           1.000         1.000         1.000         1.000         1.000
 Y413           1.000         1.000         1.000         1.000         1.000
 Y114           1.000         1.000         1.000         1.000         1.000
 Y214           1.000         1.000         1.000         1.000         1.000
 Y314           1.000         1.000         1.000         1.000         1.000
 Y414           1.000         1.000         1.000         1.000         1.000
 Y115           1.000         1.000         1.000         1.000         1.000
 Y215           1.000         1.000         1.000         1.000         1.000
 Y315           1.000         1.000         1.000         1.000         1.000
 Y415           1.000         1.000         1.000         1.000         1.000


           Covariance Coverage
              Y212          Y312          Y412          Y113          Y213
              ________      ________      ________      ________      ________
 Y212           1.000
 Y312           1.000         1.000
 Y412           1.000         1.000         1.000
 Y113           1.000         1.000         1.000         1.000
 Y213           1.000         1.000         1.000         1.000         1.000
 Y313           1.000         1.000         1.000         1.000         1.000
 Y413           1.000         1.000         1.000         1.000         1.000
 Y114           1.000         1.000         1.000         1.000         1.000
 Y214           1.000         1.000         1.000         1.000         1.000
 Y314           1.000         1.000         1.000         1.000         1.000
 Y414           1.000         1.000         1.000         1.000         1.000
 Y115           1.000         1.000         1.000         1.000         1.000
 Y215           1.000         1.000         1.000         1.000         1.000
 Y315           1.000         1.000         1.000         1.000         1.000
 Y415           1.000         1.000         1.000         1.000         1.000


           Covariance Coverage
              Y313          Y413          Y114          Y214          Y314
              ________      ________      ________      ________      ________
 Y313           1.000
 Y413           1.000         1.000
 Y114           1.000         1.000         1.000
 Y214           1.000         1.000         1.000         1.000
 Y314           1.000         1.000         1.000         1.000         1.000
 Y414           1.000         1.000         1.000         1.000         1.000
 Y115           1.000         1.000         1.000         1.000         1.000
 Y215           1.000         1.000         1.000         1.000         1.000
 Y315           1.000         1.000         1.000         1.000         1.000
 Y415           1.000         1.000         1.000         1.000         1.000


           Covariance Coverage
              Y414          Y115          Y215          Y315          Y415
              ________      ________      ________      ________      ________
 Y414           1.000
 Y115           1.000         1.000
 Y215           1.000         1.000         1.000
 Y315           1.000         1.000         1.000         1.000
 Y415           1.000         1.000         1.000         1.000         1.000



UNIVARIATE SAMPLE STATISTICS


     UNIVARIATE HIGHER-ORDER MOMENT DESCRIPTIVE STATISTICS

         Variable/         Mean/     Skewness/   Minimum/ % with                Percentiles
        Sample Size      Variance    Kurtosis    Maximum  Min/Max      20%/60%    40%/80%    Median

     Y11                   3.710       0.148      -2.000    1.00%       2.000      3.000      4.000
             100.000       4.306      -0.183       9.000    1.00%       4.000      6.000
     Y21                   3.080       0.093       0.000    2.00%       2.000      3.000      3.000
             100.000       1.994      -0.152       7.000    1.00%       3.000      4.000
     Y31                   5.170       0.304      -3.000    1.00%       3.000      4.000      5.000
             100.000       7.841       0.539      12.000    4.00%       6.000      7.000
     Y41                   3.970      -0.083      -1.000    1.00%       3.000      3.000      4.000
             100.000       3.149      -0.318       8.000    1.00%       4.000      5.000
     Y12                   3.380       0.555       0.000   12.00%       2.000      3.000      3.000
             100.000       4.556       0.717      11.000    1.00%       4.000      5.000
     Y22                   2.860       0.561       0.000    4.00%       2.000      2.000      3.000
             100.000       2.020       0.749       8.000    1.00%       3.000      4.000
     Y32                   4.620       0.462      -2.000    1.00%       2.000      4.000      5.000
             100.000       7.796       1.364      16.000    1.00%       5.000      7.000
     Y42                   3.810       0.445       0.000    2.00%       2.000      3.000      4.000
             100.000       2.994       0.312       9.000    1.00%       4.000      5.000
     Y13                   3.650       0.101       0.000    9.00%       2.000      3.000      3.500
             100.000       4.787      -0.776       9.000    1.00%       4.000      6.000
     Y23                   2.950      -0.216       0.000    7.00%       1.000      3.000      3.000
             100.000       2.348      -0.735       6.000    3.00%       4.000      4.000
     Y33                   4.960       0.030       0.000    5.00%       2.000      4.000      5.000
             100.000       7.438      -0.874      11.000    1.00%       6.000      8.000
     Y43                   3.630       0.217       0.000    6.00%       2.000      3.000      3.500
             100.000       3.773      -0.200       9.000    1.00%       4.000      5.000
     Y14                   3.830       0.316      -2.000    1.00%       2.000      3.000      4.000
             100.000       5.401       0.089      10.000    2.00%       4.000      6.000
     Y24                   3.100       0.683       0.000    3.00%       2.000      3.000      3.000
             100.000       2.410       0.459       8.000    1.00%       3.000      4.000
     Y34                   5.110       0.188      -2.000    1.00%       3.000      4.000      5.000
             100.000       8.478       0.020      13.000    1.00%       6.000      7.000
     Y44                   3.920       0.211      -1.000    1.00%       2.000      3.000      4.000
             100.000       3.774       0.442       9.000    3.00%       4.000      5.000
     Y15                   3.660       0.298       0.000    7.00%       2.000      3.000      3.000
             100.000       4.444      -0.559       8.000    6.00%       4.000      6.000
     Y25                   3.110       0.268       0.000    2.00%       2.000      2.000      3.000
             100.000       1.878      -0.547       6.000    5.00%       3.000      4.000
     Y35                   5.020      -0.046       0.000    7.00%       3.000      4.000      5.000
             100.000       6.680      -0.544      10.000    5.00%       6.000      7.000
     Y45                   3.740       0.193       0.000    3.00%       2.000      3.000      4.000
             100.000       3.392      -0.396       9.000    1.00%       4.000      5.000
     Y16                   3.610       0.048      -2.000    2.00%       2.000      3.000      4.000
             100.000       5.058      -0.017      10.000    1.00%       4.000      5.000
     Y26                   3.070       0.106       0.000    5.00%       2.000      3.000      3.000
             100.000       2.425      -0.496       7.000    1.00%       3.000      4.000
     Y36                   4.830       0.501      -1.000    1.00%       3.000      4.000      4.500
             100.000       7.601       0.354      14.000    1.00%       5.000      7.000
     Y46                   3.870       0.017      -1.000    1.00%       2.000      3.000      4.000
             100.000       3.533       0.173       9.000    2.00%       4.000      5.000
     Y17                   3.810       0.146       0.000    4.00%       2.000      3.000      4.000
             100.000       3.794      -0.308       9.000    2.00%       4.000      5.000
     Y27                   3.000       0.054       0.000    3.00%       1.000      3.000      3.000
             100.000       2.240      -0.712       6.000    5.00%       3.000      4.000
     Y37                   5.050       0.221       0.000    3.00%       3.000      4.000      5.000
             100.000       6.048      -0.365      12.000    1.00%       6.000      7.000
     Y47                   3.790       0.168       0.000    2.00%       2.000      3.000      4.000
             100.000       2.826       0.009       9.000    1.00%       4.000      5.000
     Y18                   3.610       0.014      -1.000    1.00%       2.000      3.000      4.000
             100.000       4.018      -0.455       8.000    4.00%       4.000      5.000
     Y28                   3.100      -0.152       0.000    5.00%       2.000      3.000      3.000
             100.000       2.310      -0.595       6.000    5.00%       3.000      4.000
     Y38                   5.230       0.339       0.000    3.00%       3.000      5.000      5.000
             100.000       6.957       0.120      13.000    1.00%       6.000      7.000
     Y48                   3.980       0.176       0.000    1.00%       2.000      3.000      4.000
             100.000       3.360      -0.622       8.000    3.00%       4.000      6.000
     Y19                   3.600      -0.010      -2.000    1.00%       2.000      3.000      3.000
             100.000       4.400      -0.451       8.000    3.00%       4.000      5.000
     Y29                   3.010       0.166       0.000    5.00%       2.000      2.000      3.000
             100.000       2.350      -0.384       7.000    1.00%       3.000      4.000
     Y39                   5.040       0.248       0.000    1.00%       3.000      4.000      5.000
             100.000       6.338      -0.643      11.000    1.00%       6.000      7.000
     Y49                   3.670       0.192       0.000    4.00%       2.000      3.000      4.000
             100.000       3.921      -0.491       9.000    2.00%       4.000      5.000
     Y110                  3.790       0.039       0.000    8.00%       2.000      3.000      4.000
             100.000       4.186      -0.553       8.000    4.00%       4.000      5.000
     Y210                  3.030      -0.080       0.000    3.00%       2.000      3.000      3.000
             100.000       1.769      -0.398       6.000    2.00%       3.000      4.000
     Y310                  4.690      -0.181       0.000    7.00%       3.000      4.000      5.000
             100.000       5.674      -0.624       9.000    5.00%       5.000      7.000
     Y410                  3.840       0.092       0.000    2.00%       2.000      3.000      4.000
             100.000       3.154      -0.597       8.000    1.00%       4.000      5.000
     Y111                  3.990       0.382      -1.000    1.00%       2.000      3.000      4.000
             100.000       4.210      -0.040      10.000    1.00%       4.000      6.000
     Y211                  3.150       0.398       0.000    1.00%       2.000      3.000      3.000
             100.000       1.748       0.072       7.000    1.00%       3.000      4.000
     Y311                  5.040       0.200      -1.000    1.00%       3.000      4.000      5.000
             100.000       6.118      -0.069      12.000    1.00%       5.000      7.000
     Y411                  4.160       0.123       0.000    1.00%       3.000      4.000      4.000
             100.000       2.614      -0.176       8.000    3.00%       5.000      5.000
     Y112                  3.670       0.284       0.000    4.00%       2.000      3.000      4.000
             100.000       3.881      -0.173       9.000    2.00%       4.000      5.000
     Y212                  3.060       0.076       0.000    4.00%       2.000      3.000      3.000
             100.000       2.076      -0.230       7.000    1.00%       3.000      4.000
     Y312                  5.000      -0.105       0.000    5.00%       3.000      4.000      5.000
             100.000       6.660      -0.637      11.000    1.00%       6.000      7.000
     Y412                  3.820       0.209       0.000    2.00%       2.000      3.000      4.000
             100.000       2.768       0.174       8.000    3.00%       4.000      5.000
     Y113                  3.540      -0.047      -1.000    1.00%       2.000      3.000      4.000
             100.000       4.148      -0.699       8.000    1.00%       4.000      5.000
     Y213                  2.930      -0.047       0.000    5.00%       1.000      3.000      3.000
             100.000       2.185      -0.578       6.000    4.00%       3.000      4.000
     Y313                  4.800      -0.081      -1.000    2.00%       2.000      4.000      5.000
             100.000       6.820      -0.438      11.000    2.00%       6.000      7.000
     Y413                  3.700       0.154       0.000    2.00%       2.000      3.000      4.000
             100.000       2.990      -0.381       8.000    2.00%       4.000      5.000
     Y114                  3.850       0.059      -1.000    1.00%       2.000      3.000      4.000
             100.000       4.527      -0.672       9.000    1.00%       4.000      6.000
     Y214                  2.980       0.415       0.000    3.00%       2.000      2.000      3.000
             100.000       2.080       0.028       7.000    2.00%       3.000      4.000
     Y314                  4.940      -0.065      -5.000    1.00%       3.000      4.000      5.000
             100.000       7.936       1.201      14.000    1.00%       5.000      7.000
     Y414                  3.900      -0.012       0.000    4.00%       2.000      3.000      4.000
             100.000       3.830      -0.703       8.000    2.00%       4.000      6.000
     Y115                  3.510       0.444       0.000    7.00%       2.000      3.000      4.000
             100.000       4.170       0.581      11.000    1.00%       4.000      5.000
     Y215                  2.910       0.405       0.000    3.00%       2.000      3.000      3.000
             100.000       2.042       0.218       7.000    2.00%       3.000      4.000
     Y315                  4.430       0.124      -2.000    1.00%       2.000      4.000      4.000
             100.000       7.065      -0.412      11.000    1.00%       5.000      7.000
     Y415                  3.800       0.046       0.000    3.00%       2.000      3.000      4.000
             100.000       3.020      -0.342       8.000    2.00%       4.000      5.000


THE MODEL ESTIMATION TERMINATED NORMALLY



MODEL FIT INFORMATION

Number of Free Parameters                       16

Loglikelihood

          H0 Value                       -9947.423
          H1 Value                       -8697.705

Information Criteria

          Akaike (AIC)                   19926.846
          Bayesian (BIC)                 19968.529
          Sample-Size Adjusted BIC       19917.997
            (n* = (n + 2) / 24)

Chi-Square Test of Model Fit

          Value                           2499.435
          Degrees of Freedom                  1874
          P-Value                           0.0000

RMSEA (Root Mean Square Error Of Approximation)

          Estimate                           0.058
          90 Percent C.I.                    0.052  0.064
          Probability RMSEA <= .05           0.020

CFI/TLI

          CFI                                0.894
          TLI                                0.900

Chi-Square Test of Model Fit for the Baseline Model

          Value                           7651.103
          Degrees of Freedom                  1770
          P-Value                           0.0000

SRMR (Standardized Root Mean Square Residual)

          Value                              0.087



MODEL RESULTS

                                                    Two-Tailed
                    Estimate       S.E.  Est./S.E.    P-Value

 ETA1     BY
    Y11                1.000      0.000    999.000    999.000
    Y21                0.540      0.020     26.870      0.000
    Y31                1.351      0.042     31.922      0.000
    Y41                0.788      0.027     29.110      0.000

 ETA2     BY
    Y12                1.000      0.000    999.000    999.000
    Y22                0.540      0.020     26.870      0.000
    Y32                1.351      0.042     31.922      0.000
    Y42                0.788      0.027     29.110      0.000

 ETA3     BY
    Y13                1.000      0.000    999.000    999.000
    Y23                0.540      0.020     26.870      0.000
    Y33                1.351      0.042     31.922      0.000
    Y43                0.788      0.027     29.110      0.000

 ETA4     BY
    Y14                1.000      0.000    999.000    999.000
    Y24                0.540      0.020     26.870      0.000
    Y34                1.351      0.042     31.922      0.000
    Y44                0.788      0.027     29.110      0.000

 ETA5     BY
    Y15                1.000      0.000    999.000    999.000
    Y25                0.540      0.020     26.870      0.000
    Y35                1.351      0.042     31.922      0.000
    Y45                0.788      0.027     29.110      0.000

 ETA6     BY
    Y16                1.000      0.000    999.000    999.000
    Y26                0.540      0.020     26.870      0.000
    Y36                1.351      0.042     31.922      0.000
    Y46                0.788      0.027     29.110      0.000

 ETA7     BY
    Y17                1.000      0.000    999.000    999.000
    Y27                0.540      0.020     26.870      0.000
    Y37                1.351      0.042     31.922      0.000
    Y47                0.788      0.027     29.110      0.000

 ETA8     BY
    Y18                1.000      0.000    999.000    999.000
    Y28                0.540      0.020     26.870      0.000
    Y38                1.351      0.042     31.922      0.000
    Y48                0.788      0.027     29.110      0.000

 ETA9     BY
    Y19                1.000      0.000    999.000    999.000
    Y29                0.540      0.020     26.870      0.000
    Y39                1.351      0.042     31.922      0.000
    Y49                0.788      0.027     29.110      0.000

 ETA10    BY
    Y110               1.000      0.000    999.000    999.000
    Y210               0.540      0.020     26.870      0.000
    Y310               1.351      0.042     31.922      0.000
    Y410               0.788      0.027     29.110      0.000

 ETA11    BY
    Y111               1.000      0.000    999.000    999.000
    Y211               0.540      0.020     26.870      0.000
    Y311               1.351      0.042     31.922      0.000
    Y411               0.788      0.027     29.110      0.000

 ETA12    BY
    Y112               1.000      0.000    999.000    999.000
    Y212               0.540      0.020     26.870      0.000
    Y312               1.351      0.042     31.922      0.000
    Y412               0.788      0.027     29.110      0.000

 ETA13    BY
    Y113               1.000      0.000    999.000    999.000
    Y213               0.540      0.020     26.870      0.000
    Y313               1.351      0.042     31.922      0.000
    Y413               0.788      0.027     29.110      0.000

 ETA14    BY
    Y114               1.000      0.000    999.000    999.000
    Y214               0.540      0.020     26.870      0.000
    Y314               1.351      0.042     31.922      0.000
    Y414               0.788      0.027     29.110      0.000

 ETA15    BY
    Y115               1.000      0.000    999.000    999.000
    Y215               0.540      0.020     26.870      0.000
    Y315               1.351      0.042     31.922      0.000
    Y415               0.788      0.027     29.110      0.000

 THETA1   BY
    Y11                1.000      0.000    999.000    999.000
    Y21                0.818      0.026     31.522      0.000
    Y31                1.218      0.037     32.555      0.000
    Y41                0.906      0.029     31.249      0.000
    Y12                1.000      0.000    999.000    999.000
    Y22                0.818      0.026     31.522      0.000
    Y32                1.218      0.037     32.555      0.000
    Y42                0.906      0.029     31.249      0.000
    Y13                1.000      0.000    999.000    999.000
    Y23                0.818      0.026     31.522      0.000
    Y33                1.218      0.037     32.555      0.000
    Y43                0.906      0.029     31.249      0.000
    Y14                1.000      0.000    999.000    999.000
    Y24                0.818      0.026     31.522      0.000
    Y34                1.218      0.037     32.555      0.000
    Y44                0.906      0.029     31.249      0.000
    Y15                1.000      0.000    999.000    999.000
    Y25                0.818      0.026     31.522      0.000
    Y35                1.218      0.037     32.555      0.000
    Y45                0.906      0.029     31.249      0.000
    Y16                1.000      0.000    999.000    999.000
    Y26                0.818      0.026     31.522      0.000
    Y36                1.218      0.037     32.555      0.000
    Y46                0.906      0.029     31.249      0.000
    Y17                1.000      0.000    999.000    999.000
    Y27                0.818      0.026     31.522      0.000
    Y37                1.218      0.037     32.555      0.000
    Y47                0.906      0.029     31.249      0.000
    Y18                1.000      0.000    999.000    999.000
    Y28                0.818      0.026     31.522      0.000
    Y38                1.218      0.037     32.555      0.000
    Y48                0.906      0.029     31.249      0.000
    Y19                1.000      0.000    999.000    999.000
    Y29                0.818      0.026     31.522      0.000
    Y39                1.218      0.037     32.555      0.000
    Y49                0.906      0.029     31.249      0.000
    Y110               1.000      0.000    999.000    999.000
    Y210               0.818      0.026     31.522      0.000
    Y310               1.218      0.037     32.555      0.000
    Y410               0.906      0.029     31.249      0.000
    Y111               1.000      0.000    999.000    999.000
    Y211               0.818      0.026     31.522      0.000
    Y311               1.218      0.037     32.555      0.000
    Y411               0.906      0.029     31.249      0.000
    Y112               1.000      0.000    999.000    999.000
    Y212               0.818      0.026     31.522      0.000
    Y312               1.218      0.037     32.555      0.000
    Y412               0.906      0.029     31.249      0.000
    Y113               1.000      0.000    999.000    999.000
    Y213               0.818      0.026     31.522      0.000
    Y313               1.218      0.037     32.555      0.000
    Y413               0.906      0.029     31.249      0.000
    Y114               1.000      0.000    999.000    999.000
    Y214               0.818      0.026     31.522      0.000
    Y314               1.218      0.037     32.555      0.000
    Y414               0.906      0.029     31.249      0.000
    Y115               1.000      0.000    999.000    999.000
    Y215               0.818      0.026     31.522      0.000
    Y315               1.218      0.037     32.555      0.000
    Y415               0.906      0.029     31.249      0.000

 ETA1     WITH
    ETA2               0.000      0.000    999.000    999.000
    ETA3               0.000      0.000    999.000    999.000
    ETA4               0.000      0.000    999.000    999.000
    ETA5               0.000      0.000    999.000    999.000
    ETA6               0.000      0.000    999.000    999.000
    ETA7               0.000      0.000    999.000    999.000
    ETA8               0.000      0.000    999.000    999.000
    ETA9               0.000      0.000    999.000    999.000
    ETA10              0.000      0.000    999.000    999.000
    ETA11              0.000      0.000    999.000    999.000
    ETA12              0.000      0.000    999.000    999.000
    ETA13              0.000      0.000    999.000    999.000
    ETA14              0.000      0.000    999.000    999.000
    ETA15              0.000      0.000    999.000    999.000
    THETA1             0.000      0.000    999.000    999.000

 ETA2     WITH
    ETA3               0.000      0.000    999.000    999.000
    ETA4               0.000      0.000    999.000    999.000
    ETA5               0.000      0.000    999.000    999.000
    ETA6               0.000      0.000    999.000    999.000
    ETA7               0.000      0.000    999.000    999.000
    ETA8               0.000      0.000    999.000    999.000
    ETA9               0.000      0.000    999.000    999.000
    ETA10              0.000      0.000    999.000    999.000
    ETA11              0.000      0.000    999.000    999.000
    ETA12              0.000      0.000    999.000    999.000
    ETA13              0.000      0.000    999.000    999.000
    ETA14              0.000      0.000    999.000    999.000
    ETA15              0.000      0.000    999.000    999.000
    THETA1             0.000      0.000    999.000    999.000

 ETA3     WITH
    ETA4               0.000      0.000    999.000    999.000
    ETA5               0.000      0.000    999.000    999.000
    ETA6               0.000      0.000    999.000    999.000
    ETA7               0.000      0.000    999.000    999.000
    ETA8               0.000      0.000    999.000    999.000
    ETA9               0.000      0.000    999.000    999.000
    ETA10              0.000      0.000    999.000    999.000
    ETA11              0.000      0.000    999.000    999.000
    ETA12              0.000      0.000    999.000    999.000
    ETA13              0.000      0.000    999.000    999.000
    ETA14              0.000      0.000    999.000    999.000
    ETA15              0.000      0.000    999.000    999.000
    THETA1             0.000      0.000    999.000    999.000

 ETA4     WITH
    ETA5               0.000      0.000    999.000    999.000
    ETA6               0.000      0.000    999.000    999.000
    ETA7               0.000      0.000    999.000    999.000
    ETA8               0.000      0.000    999.000    999.000
    ETA9               0.000      0.000    999.000    999.000
    ETA10              0.000      0.000    999.000    999.000
    ETA11              0.000      0.000    999.000    999.000
    ETA12              0.000      0.000    999.000    999.000
    ETA13              0.000      0.000    999.000    999.000
    ETA14              0.000      0.000    999.000    999.000
    ETA15              0.000      0.000    999.000    999.000
    THETA1             0.000      0.000    999.000    999.000

 ETA5     WITH
    ETA6               0.000      0.000    999.000    999.000
    ETA7               0.000      0.000    999.000    999.000
    ETA8               0.000      0.000    999.000    999.000
    ETA9               0.000      0.000    999.000    999.000
    ETA10              0.000      0.000    999.000    999.000
    ETA11              0.000      0.000    999.000    999.000
    ETA12              0.000      0.000    999.000    999.000
    ETA13              0.000      0.000    999.000    999.000
    ETA14              0.000      0.000    999.000    999.000
    ETA15              0.000      0.000    999.000    999.000
    THETA1             0.000      0.000    999.000    999.000

 ETA6     WITH
    ETA7               0.000      0.000    999.000    999.000
    ETA8               0.000      0.000    999.000    999.000
    ETA9               0.000      0.000    999.000    999.000
    ETA10              0.000      0.000    999.000    999.000
    ETA11              0.000      0.000    999.000    999.000
    ETA12              0.000      0.000    999.000    999.000
    ETA13              0.000      0.000    999.000    999.000
    ETA14              0.000      0.000    999.000    999.000
    ETA15              0.000      0.000    999.000    999.000
    THETA1             0.000      0.000    999.000    999.000

 ETA7     WITH
    ETA8               0.000      0.000    999.000    999.000
    ETA9               0.000      0.000    999.000    999.000
    ETA10              0.000      0.000    999.000    999.000
    ETA11              0.000      0.000    999.000    999.000
    ETA12              0.000      0.000    999.000    999.000
    ETA13              0.000      0.000    999.000    999.000
    ETA14              0.000      0.000    999.000    999.000
    ETA15              0.000      0.000    999.000    999.000
    THETA1             0.000      0.000    999.000    999.000

 ETA8     WITH
    ETA9               0.000      0.000    999.000    999.000
    ETA10              0.000      0.000    999.000    999.000
    ETA11              0.000      0.000    999.000    999.000
    ETA12              0.000      0.000    999.000    999.000
    ETA13              0.000      0.000    999.000    999.000
    ETA14              0.000      0.000    999.000    999.000
    ETA15              0.000      0.000    999.000    999.000
    THETA1             0.000      0.000    999.000    999.000

 ETA9     WITH
    ETA10              0.000      0.000    999.000    999.000
    ETA11              0.000      0.000    999.000    999.000
    ETA12              0.000      0.000    999.000    999.000
    ETA13              0.000      0.000    999.000    999.000
    ETA14              0.000      0.000    999.000    999.000
    ETA15              0.000      0.000    999.000    999.000
    THETA1             0.000      0.000    999.000    999.000

 ETA10    WITH
    ETA11              0.000      0.000    999.000    999.000
    ETA12              0.000      0.000    999.000    999.000
    ETA13              0.000      0.000    999.000    999.000
    ETA14              0.000      0.000    999.000    999.000
    ETA15              0.000      0.000    999.000    999.000
    THETA1             0.000      0.000    999.000    999.000

 ETA11    WITH
    ETA12              0.000      0.000    999.000    999.000
    ETA13              0.000      0.000    999.000    999.000
    ETA14              0.000      0.000    999.000    999.000
    ETA15              0.000      0.000    999.000    999.000
    THETA1             0.000      0.000    999.000    999.000

 ETA12    WITH
    ETA13              0.000      0.000    999.000    999.000
    ETA14              0.000      0.000    999.000    999.000
    ETA15              0.000      0.000    999.000    999.000
    THETA1             0.000      0.000    999.000    999.000

 ETA13    WITH
    ETA14              0.000      0.000    999.000    999.000
    ETA15              0.000      0.000    999.000    999.000
    THETA1             0.000      0.000    999.000    999.000

 ETA14    WITH
    ETA15              0.000      0.000    999.000    999.000
    THETA1             0.000      0.000    999.000    999.000

 ETA15    WITH
    THETA1             0.000      0.000    999.000    999.000

 Means
    THETA1             3.681      0.130     28.285      0.000

 Intercepts
    Y11                0.000      0.000    999.000    999.000
    Y21                0.012      0.100      0.119      0.905
    Y31                0.447      0.145      3.089      0.002
    Y41                0.506      0.112      4.519      0.000
    Y12                0.000      0.000    999.000    999.000
    Y22                0.012      0.100      0.119      0.905
    Y32                0.447      0.145      3.089      0.002
    Y42                0.506      0.112      4.519      0.000
    Y13                0.000      0.000    999.000    999.000
    Y23                0.012      0.100      0.119      0.905
    Y33                0.447      0.145      3.089      0.002
    Y43                0.506      0.112      4.519      0.000
    Y14                0.000      0.000    999.000    999.000
    Y24                0.012      0.100      0.119      0.905
    Y34                0.447      0.145      3.089      0.002
    Y44                0.506      0.112      4.519      0.000
    Y15                0.000      0.000    999.000    999.000
    Y25                0.012      0.100      0.119      0.905
    Y35                0.447      0.145      3.089      0.002
    Y45                0.506      0.112      4.519      0.000
    Y16                0.000      0.000    999.000    999.000
    Y26                0.012      0.100      0.119      0.905
    Y36                0.447      0.145      3.089      0.002
    Y46                0.506      0.112      4.519      0.000
    Y17                0.000      0.000    999.000    999.000
    Y27                0.012      0.100      0.119      0.905
    Y37                0.447      0.145      3.089      0.002
    Y47                0.506      0.112      4.519      0.000
    Y18                0.000      0.000    999.000    999.000
    Y28                0.012      0.100      0.119      0.905
    Y38                0.447      0.145      3.089      0.002
    Y48                0.506      0.112      4.519      0.000
    Y19                0.000      0.000    999.000    999.000
    Y29                0.012      0.100      0.119      0.905
    Y39                0.447      0.145      3.089      0.002
    Y49                0.506      0.112      4.519      0.000
    Y110               0.000      0.000    999.000    999.000
    Y210               0.012      0.100      0.119      0.905
    Y310               0.447      0.145      3.089      0.002
    Y410               0.506      0.112      4.519      0.000
    Y111               0.000      0.000    999.000    999.000
    Y211               0.012      0.100      0.119      0.905
    Y311               0.447      0.145      3.089      0.002
    Y411               0.506      0.112      4.519      0.000
    Y112               0.000      0.000    999.000    999.000
    Y212               0.012      0.100      0.119      0.905
    Y312               0.447      0.145      3.089      0.002
    Y412               0.506      0.112      4.519      0.000
    Y113               0.000      0.000    999.000    999.000
    Y213               0.012      0.100      0.119      0.905
    Y313               0.447      0.145      3.089      0.002
    Y413               0.506      0.112      4.519      0.000
    Y114               0.000      0.000    999.000    999.000
    Y214               0.012      0.100      0.119      0.905
    Y314               0.447      0.145      3.089      0.002
    Y414               0.506      0.112      4.519      0.000
    Y115               0.000      0.000    999.000    999.000
    Y215               0.012      0.100      0.119      0.905
    Y315               0.447      0.145      3.089      0.002
    Y415               0.506      0.112      4.519      0.000

 Variances
    ETA1               1.887      0.110     17.138      0.000
    ETA2               1.887      0.110     17.138      0.000
    ETA3               1.887      0.110     17.138      0.000
    ETA4               1.887      0.110     17.138      0.000
    ETA5               1.887      0.110     17.138      0.000
    ETA6               1.887      0.110     17.138      0.000
    ETA7               1.887      0.110     17.138      0.000
    ETA8               1.887      0.110     17.138      0.000
    ETA9               1.887      0.110     17.138      0.000
    ETA10              1.887      0.110     17.138      0.000
    ETA11              1.887      0.110     17.138      0.000
    ETA12              1.887      0.110     17.138      0.000
    ETA13              1.887      0.110     17.138      0.000
    ETA14              1.887      0.110     17.138      0.000
    ETA15              1.887      0.110     17.138      0.000
    THETA1             1.499      0.239      6.268      0.000

 Residual Variances
    Y11                1.029      0.054     18.989      0.000
    Y21                0.578      0.025     22.965      0.000
    Y31                1.407      0.086     16.335      0.000
    Y41                0.890      0.041     21.605      0.000
    Y12                1.029      0.054     18.989      0.000
    Y22                0.578      0.025     22.965      0.000
    Y32                1.407      0.086     16.335      0.000
    Y42                0.890      0.041     21.605      0.000
    Y13                1.029      0.054     18.989      0.000
    Y23                0.578      0.025     22.965      0.000
    Y33                1.407      0.086     16.335      0.000
    Y43                0.890      0.041     21.605      0.000
    Y14                1.029      0.054     18.989      0.000
    Y24                0.578      0.025     22.965      0.000
    Y34                1.407      0.086     16.335      0.000
    Y44                0.890      0.041     21.605      0.000
    Y15                1.029      0.054     18.989      0.000
    Y25                0.578      0.025     22.965      0.000
    Y35                1.407      0.086     16.335      0.000
    Y45                0.890      0.041     21.605      0.000
    Y16                1.029      0.054     18.989      0.000
    Y26                0.578      0.025     22.965      0.000
    Y36                1.407      0.086     16.335      0.000
    Y46                0.890      0.041     21.605      0.000
    Y17                1.029      0.054     18.989      0.000
    Y27                0.578      0.025     22.965      0.000
    Y37                1.407      0.086     16.335      0.000
    Y47                0.890      0.041     21.605      0.000
    Y18                1.029      0.054     18.989      0.000
    Y28                0.578      0.025     22.965      0.000
    Y38                1.407      0.086     16.335      0.000
    Y48                0.890      0.041     21.605      0.000
    Y19                1.029      0.054     18.989      0.000
    Y29                0.578      0.025     22.965      0.000
    Y39                1.407      0.086     16.335      0.000
    Y49                0.890      0.041     21.605      0.000
    Y110               1.029      0.054     18.989      0.000
    Y210               0.578      0.025     22.965      0.000
    Y310               1.407      0.086     16.335      0.000
    Y410               0.890      0.041     21.605      0.000
    Y111               1.029      0.054     18.989      0.000
    Y211               0.578      0.025     22.965      0.000
    Y311               1.407      0.086     16.335      0.000
    Y411               0.890      0.041     21.605      0.000
    Y112               1.029      0.054     18.989      0.000
    Y212               0.578      0.025     22.965      0.000
    Y312               1.407      0.086     16.335      0.000
    Y412               0.890      0.041     21.605      0.000
    Y113               1.029      0.054     18.989      0.000
    Y213               0.578      0.025     22.965      0.000
    Y313               1.407      0.086     16.335      0.000
    Y413               0.890      0.041     21.605      0.000
    Y114               1.029      0.054     18.989      0.000
    Y214               0.578      0.025     22.965      0.000
    Y314               1.407      0.086     16.335      0.000
    Y414               0.890      0.041     21.605      0.000
    Y115               1.029      0.054     18.989      0.000
    Y215               0.578      0.025     22.965      0.000
    Y315               1.407      0.086     16.335      0.000
    Y415               0.890      0.041     21.605      0.000


QUALITY OF NUMERICAL RESULTS

     Condition Number for the Information Matrix              0.506E-03
       (ratio of smallest to largest eigenvalue)


     Beginning Time:  04:24:52
        Ending Time:  04:24:55
       Elapsed Time:  00:00:03



MUTHEN & MUTHEN
3463 Stoner Ave.
Los Angeles, CA  90066

Tel: (310) 391-9971
Fax: (310) 391-8971
Web: www.StatModel.com
Support: Support@StatModel.com

Copyright (c) 1998-2017 Muthen & Muthen
