Mplus VERSION 8
MUTHEN & MUTHEN
02/13/2019   4:45 PM

INPUT INSTRUCTIONS

  TITLE: Your title goes here
  DATA: FILE = "Mplus_files_Results/msst_long_n100_i4_nt15_na0.2.dat";
  VARIABLE:
  NAMES = subjn time y1 y2 y3 y4;
  MISSING=.;
  USEVAR = y1
  y2
  y3
  y4 ;
  CLUSTER = subjn ;

  ANALYSIS:
  TYPE = TWOLEVEL ;
  ESTIMATOR = ML ;
  ITERATIONS = 5e+05 ;
  H1ITERATIONS = 5e+05 ;


  MODEL:

  %WITHIN%

  ! Latent state residual
  eta BY y1@1
  y2 (las2)
  y3 (las3)
  y4 (las4) ;

  ! Latent errors and latent state variances
  y1(o_err1) ;
  y2(o_err2) ;
  y3(o_err3) ;
  y4(o_err4) ;
  eta(s_var) ;

  %BETWEEN%

  ! Indicator trait variables
  theta1  BY  y1@1 ;
  theta2  BY  y2@1 ;
  theta3  BY  y3@1 ;
  theta4  BY  y4@1 ;

  ! Latent trait variable
  theta BY theta1@1
  theta2 (lat2)
  theta3 (lat3)
  theta4 (lat4) ;

  ! Means and Intercepts
  [y1@0] ;
  [y2@0] ;
  [y3@0] ;
  [y4@0] ;
  [theta1@0] ;
  [theta2*] (int2) ;
  [theta3*] (int3) ;
  [theta4*] (int4) ;
  [theta*] ;

  ! Fixing level-2 residual variances at 0 and latent trait variance
  y1@0;
  y2@0;
  y3@0;
  y4@0;
  theta1@0;
  theta2@0;
  theta3@0;
  theta4@0;
  theta(t_var) ;



*** WARNING
  Data set contains cases with missing on all variables.
  These cases were not included in the analysis.
  Number of cases with missing on all variables:  2
   1 WARNING(S) FOUND IN THE INPUT INSTRUCTIONS



Your title goes here

SUMMARY OF ANALYSIS

Number of groups                                                 1
Number of observations                                        1498

Number of dependent variables                                    4
Number of independent variables                                  0
Number of continuous latent variables                            6

Observed dependent variables

  Continuous
   Y1          Y2          Y3          Y4

Continuous latent variables
   ETA         THETA1      THETA2      THETA3      THETA4      THETA

Variables with special functions

  Cluster variable      SUBJN

Estimator                                                       ML
Information matrix                                        OBSERVED
Maximum number of iterations                                500000
Convergence criterion                                    0.100D-05
Maximum number of EM iterations                                500
Convergence criteria for the EM algorithm
  Loglikelihood change                                   0.100D-02
  Relative loglikelihood change                          0.100D-05
  Derivative                                             0.100D-03
Minimum variance                                         0.100D-03
Maximum number of steepest descent iterations                   20
Maximum number of iterations for H1                         500000
Convergence criterion for H1                             0.100D-03
Optimization algorithm                                         EMA

Input data file(s)
  Mplus_files_Results/msst_long_n100_i4_nt15_na0.2.dat
Input data format  FREE


SUMMARY OF DATA

     Number of missing data patterns            15
     Number of clusters                        100

     Average cluster size       14.980

     Estimated Intraclass Correlations for the Y Variables

                Intraclass              Intraclass              Intraclass
     Variable  Correlation   Variable  Correlation   Variable  Correlation

     Y1           0.338      Y2           0.502      Y3           0.316
     Y4           0.381



COVARIANCE COVERAGE OF DATA

Minimum covariance coverage value   0.100


     PROPORTION OF DATA PRESENT


           Covariance Coverage
              Y1            Y2            Y3            Y4
              ________      ________      ________      ________
 Y1             0.802
 Y2             0.643         0.801
 Y3             0.671         0.661         0.825
 Y4             0.649         0.642         0.659         0.800



UNIVARIATE SAMPLE STATISTICS


     UNIVARIATE HIGHER-ORDER MOMENT DESCRIPTIVE STATISTICS

         Variable/         Mean/     Skewness/   Minimum/ % with                Percentiles
        Sample Size      Variance    Kurtosis    Maximum  Min/Max      20%/60%    40%/80%    Median

     Y1                    4.085       0.105      -2.849    0.08%       2.314      3.461      4.017
            1202.000       4.500       0.084      11.339    0.08%       4.576      5.841
     Y2                    3.517       0.099      -0.665    0.08%       2.286      3.128      3.479
            1200.000       2.116      -0.117       8.109    0.08%       3.816      4.762
     Y3                    5.432       0.057      -5.984    0.08%       3.164      4.749      5.442
            1236.000       7.201       0.330      16.611    0.08%       6.137      7.624
     Y4                    4.313       0.056      -1.435    0.08%       2.815      3.823      4.283
            1198.000       3.267      -0.009       9.811    0.08%       4.724      5.835


THE MODEL ESTIMATION TERMINATED NORMALLY



MODEL FIT INFORMATION

Number of Free Parameters                       16

Loglikelihood

          H0 Value                       -8099.593
          H1 Value                       -8097.457

Information Criteria

          Akaike (AIC)                   16231.187
          Bayesian (BIC)                 16316.177
          Sample-Size Adjusted BIC       16265.349
            (n* = (n + 2) / 24)

Chi-Square Test of Model Fit

          Value                              4.272
          Degrees of Freedom                     8
          P-Value                           0.8318

RMSEA (Root Mean Square Error Of Approximation)

          Estimate                           0.000

CFI/TLI

          CFI                                1.000
          TLI                                1.002

Chi-Square Test of Model Fit for the Baseline Model

          Value                           2615.867
          Degrees of Freedom                    12
          P-Value                           0.0000

SRMR (Standardized Root Mean Square Residual)

          Value for Within                   0.007
          Value for Between                  0.004



MODEL RESULTS

                                                    Two-Tailed
                    Estimate       S.E.  Est./S.E.    P-Value

Within Level

 ETA      BY
    Y1                 1.000      0.000    999.000    999.000
    Y2                 0.521      0.022     24.066      0.000
    Y3                 1.342      0.049     27.249      0.000
    Y4                 0.799      0.031     25.852      0.000

 Variances
    ETA                1.959      0.126     15.601      0.000

 Residual Variances
    Y1                 1.021      0.065     15.715      0.000
    Y2                 0.514      0.027     19.318      0.000
    Y3                 1.435      0.104     13.814      0.000
    Y4                 0.802      0.046     17.435      0.000

Between Level

 THETA1   BY
    Y1                 1.000      0.000    999.000    999.000

 THETA2   BY
    Y2                 1.000      0.000    999.000    999.000

 THETA3   BY
    Y3                 1.000      0.000    999.000    999.000

 THETA4   BY
    Y4                 1.000      0.000    999.000    999.000

 THETA    BY
    THETA1             1.000      0.000    999.000    999.000
    THETA2             0.834      0.030     28.115      0.000
    THETA3             1.229      0.044     28.066      0.000
    THETA4             0.906      0.033     27.525      0.000

 Means
    THETA              4.135      0.132     31.364      0.000

 Intercepts
    Y1                 0.000      0.000    999.000    999.000
    Y2                 0.000      0.000    999.000    999.000
    Y3                 0.000      0.000    999.000    999.000
    Y4                 0.000      0.000    999.000    999.000
    THETA1             0.000      0.000    999.000    999.000
    THETA2             0.069      0.127      0.538      0.590
    THETA3             0.325      0.189      1.722      0.085
    THETA4             0.579      0.141      4.097      0.000

 Variances
    THETA              1.515      0.246      6.169      0.000

 Residual Variances
    Y1                 0.000      0.000    999.000    999.000
    Y2                 0.000      0.000    999.000    999.000
    Y3                 0.000      0.000    999.000    999.000
    Y4                 0.000      0.000    999.000    999.000
    THETA1             0.000      0.000    999.000    999.000
    THETA2             0.000      0.000    999.000    999.000
    THETA3             0.000      0.000    999.000    999.000
    THETA4             0.000      0.000    999.000    999.000


QUALITY OF NUMERICAL RESULTS

     Condition Number for the Information Matrix              0.235E-03
       (ratio of smallest to largest eigenvalue)


     Beginning Time:  16:45:49
        Ending Time:  16:45:50
       Elapsed Time:  00:00:01



MUTHEN & MUTHEN
3463 Stoner Ave.
Los Angeles, CA  90066

Tel: (310) 391-9971
Fax: (310) 391-8971
Web: www.StatModel.com
Support: Support@StatModel.com

Copyright (c) 1998-2017 Muthen & Muthen
