Mplus VERSION 8
MUTHEN & MUTHEN
02/16/2019   4:22 AM

INPUT INSTRUCTIONS

  TITLE: Your title goes here
  DATA: FILE = "Mplus_files_Results/msst_wide_trunc_n500_i4_nt5_na0.dat";
  VARIABLE:
  NAMES = subjn y11 y21 y31 y41 y12 y22 y32 y42 y13 y23 y33 y43 y14 y24 y34 y44 y15
       y25 y35 y45;
  MISSING=.;
  USEVAR = y11
  y21
  y31
  y41
  y12
  y22
  y32
  y42
  y13
  y23
  y33
  y43
  y14
  y24
  y34
  y44
  y15
  y25
  y35
  y45 ;


  ANALYSIS:
  TYPE = GENERAL ;
  ESTIMATOR = ML ;
  ITERATIONS = 50000 ;
  H1ITERATIONS = 50000 ;


  MODEL:

  ! Latent state variables
  eta1 BY y11@1
  y21 (las21)
  y31 (las31)
  y41 (las41) ;
  eta2 BY y12@1
  y22 (las21)
  y32 (las31)
  y42 (las41) ;
  eta3 BY y13@1
  y23 (las21)
  y33 (las31)
  y43 (las41) ;
  eta4 BY y14@1
  y24 (las21)
  y34 (las31)
  y44 (las41) ;
  eta5 BY y15@1
  y25 (las21)
  y35 (las31)
  y45 (las41) ;

  ! Latent trait variables
  theta1 BY y11@1
  y21 (lat21)
  y31 (lat31)
  y41 (lat41)
  y12@1
  y22 (lat21)
  y32 (lat31)
  y42 (lat41)
  y13@1
  y23 (lat21)
  y33 (lat31)
  y43 (lat41)
  y14@1
  y24 (lat21)
  y34 (lat31)
  y44 (lat41)
  y15@1
  y25 (lat21)
  y35 (lat31)
  y45 (lat41) ;

  ! Intercepts and means

  [y11@0] ;
  [y21*] (int21) ;
  [y31*] (int31) ;
  [y41*] (int41) ;
  [y12@0] ;
  [y22*] (int21) ;
  [y32*] (int31) ;
  [y42*] (int41) ;
  [y13@0] ;
  [y23*] (int21) ;
  [y33*] (int31) ;
  [y43*] (int41) ;
  [y14@0] ;
  [y24*] (int21) ;
  [y34*] (int31) ;
  [y44*] (int41) ;
  [y15@0] ;
  [y25*] (int21) ;
  [y35*] (int31) ;
  [y45*] (int41) ;
  [theta1*] ;

  ! Variance components
  y11(o_err11) ;
  y21(o_err21) ;
  y31(o_err31) ;
  y41(o_err41) ;
  y12(o_err11) ;
  y22(o_err21) ;
  y32(o_err31) ;
  y42(o_err41) ;
  y13(o_err11) ;
  y23(o_err21) ;
  y33(o_err31) ;
  y43(o_err41) ;
  y14(o_err11) ;
  y24(o_err21) ;
  y34(o_err31) ;
  y44(o_err41) ;
  y15(o_err11) ;
  y25(o_err21) ;
  y35(o_err31) ;
  y45(o_err41) ;
  eta1(s_var11) ;
  eta2(s_var11) ;
  eta3(s_var11) ;
  eta4(s_var11) ;
  eta5(s_var11) ;
  theta1(t_var1) ;

  ! Set zero covariances
  eta1 WITH eta2@0
  eta3@0
  eta4@0
  eta5@0
  theta1@0 ;
  eta2 WITH eta3@0
  eta4@0
  eta5@0
  theta1@0 ;
  eta3 WITH eta4@0
  eta5@0
  theta1@0 ;
  eta4 WITH eta5@0
  theta1@0 ;
  eta5 WITH theta1@0 ;



INPUT READING TERMINATED NORMALLY



Your title goes here

SUMMARY OF ANALYSIS

Number of groups                                                 1
Number of observations                                         500

Number of dependent variables                                   20
Number of independent variables                                  0
Number of continuous latent variables                            6

Observed dependent variables

  Continuous
   Y11         Y21         Y31         Y41         Y12         Y22
   Y32         Y42         Y13         Y23         Y33         Y43
   Y14         Y24         Y34         Y44         Y15         Y25
   Y35         Y45

Continuous latent variables
   ETA1        ETA2        ETA3        ETA4        ETA5        THETA1


Estimator                                                       ML
Information matrix                                        OBSERVED
Maximum number of iterations                                 50000
Convergence criterion                                    0.500D-04
Maximum number of steepest descent iterations                   20
Maximum number of iterations for H1                          50000
Convergence criterion for H1                             0.100D-03

Input data file(s)
  Mplus_files_Results/msst_wide_trunc_n500_i4_nt5_na0.dat

Input data format  FREE


SUMMARY OF DATA

     Number of missing data patterns             1


COVARIANCE COVERAGE OF DATA

Minimum covariance coverage value   0.100


     PROPORTION OF DATA PRESENT


           Covariance Coverage
              Y11           Y21           Y31           Y41           Y12
              ________      ________      ________      ________      ________
 Y11            1.000
 Y21            1.000         1.000
 Y31            1.000         1.000         1.000
 Y41            1.000         1.000         1.000         1.000
 Y12            1.000         1.000         1.000         1.000         1.000
 Y22            1.000         1.000         1.000         1.000         1.000
 Y32            1.000         1.000         1.000         1.000         1.000
 Y42            1.000         1.000         1.000         1.000         1.000
 Y13            1.000         1.000         1.000         1.000         1.000
 Y23            1.000         1.000         1.000         1.000         1.000
 Y33            1.000         1.000         1.000         1.000         1.000
 Y43            1.000         1.000         1.000         1.000         1.000
 Y14            1.000         1.000         1.000         1.000         1.000
 Y24            1.000         1.000         1.000         1.000         1.000
 Y34            1.000         1.000         1.000         1.000         1.000
 Y44            1.000         1.000         1.000         1.000         1.000
 Y15            1.000         1.000         1.000         1.000         1.000
 Y25            1.000         1.000         1.000         1.000         1.000
 Y35            1.000         1.000         1.000         1.000         1.000
 Y45            1.000         1.000         1.000         1.000         1.000


           Covariance Coverage
              Y22           Y32           Y42           Y13           Y23
              ________      ________      ________      ________      ________
 Y22            1.000
 Y32            1.000         1.000
 Y42            1.000         1.000         1.000
 Y13            1.000         1.000         1.000         1.000
 Y23            1.000         1.000         1.000         1.000         1.000
 Y33            1.000         1.000         1.000         1.000         1.000
 Y43            1.000         1.000         1.000         1.000         1.000
 Y14            1.000         1.000         1.000         1.000         1.000
 Y24            1.000         1.000         1.000         1.000         1.000
 Y34            1.000         1.000         1.000         1.000         1.000
 Y44            1.000         1.000         1.000         1.000         1.000
 Y15            1.000         1.000         1.000         1.000         1.000
 Y25            1.000         1.000         1.000         1.000         1.000
 Y35            1.000         1.000         1.000         1.000         1.000
 Y45            1.000         1.000         1.000         1.000         1.000


           Covariance Coverage
              Y33           Y43           Y14           Y24           Y34
              ________      ________      ________      ________      ________
 Y33            1.000
 Y43            1.000         1.000
 Y14            1.000         1.000         1.000
 Y24            1.000         1.000         1.000         1.000
 Y34            1.000         1.000         1.000         1.000         1.000
 Y44            1.000         1.000         1.000         1.000         1.000
 Y15            1.000         1.000         1.000         1.000         1.000
 Y25            1.000         1.000         1.000         1.000         1.000
 Y35            1.000         1.000         1.000         1.000         1.000
 Y45            1.000         1.000         1.000         1.000         1.000


           Covariance Coverage
              Y44           Y15           Y25           Y35           Y45
              ________      ________      ________      ________      ________
 Y44            1.000
 Y15            1.000         1.000
 Y25            1.000         1.000         1.000
 Y35            1.000         1.000         1.000         1.000
 Y45            1.000         1.000         1.000         1.000         1.000



UNIVARIATE SAMPLE STATISTICS


     UNIVARIATE HIGHER-ORDER MOMENT DESCRIPTIVE STATISTICS

         Variable/         Mean/     Skewness/   Minimum/ % with                Percentiles
        Sample Size      Variance    Kurtosis    Maximum  Min/Max      20%/60%    40%/80%    Median

     Y11                   3.564       0.232      -1.000    0.80%       2.000      3.000      4.000
             500.000       4.858      -0.338      11.000    0.20%       4.000      5.000
     Y21                   2.972       0.143       0.000    4.60%       2.000      3.000      3.000
             500.000       2.215      -0.114       8.000    0.20%       3.000      4.000
     Y31                   4.820       0.198      -2.000    0.40%       2.000      4.000      5.000
             500.000       7.580      -0.222      13.000    0.20%       5.000      7.000
     Y41                   3.788       0.236       0.000    2.80%       2.000      3.000      4.000
             500.000       3.547      -0.338      10.000    0.20%       4.000      5.000
     Y12                   3.586       0.195      -2.000    0.40%       2.000      3.000      4.000
             500.000       4.907      -0.287      10.000    0.40%       4.000      5.000
     Y22                   2.960       0.171      -1.000    0.20%       2.000      3.000      3.000
             500.000       2.250      -0.034       8.000    0.40%       3.000      4.000
     Y32                   4.740       0.265      -1.000    0.60%       2.000      4.000      5.000
             500.000       7.476      -0.354      13.000    0.20%       5.000      7.000
     Y42                   3.766       0.110       0.000    5.40%       2.000      3.000      4.000
             500.000       3.895      -0.429       9.000    0.40%       4.000      6.000
     Y13                   3.528       0.112      -3.000    0.20%       2.000      3.000      4.000
             500.000       4.541      -0.366      10.000    0.20%       4.000      5.000
     Y23                   2.930       0.160      -1.000    0.20%       2.000      3.000      3.000
             500.000       2.125      -0.258       7.000    0.60%       3.000      4.000
     Y33                   4.838       0.120      -1.000    0.40%       3.000      4.000      5.000
             500.000       6.988      -0.388      13.000    0.20%       6.000      7.000
     Y43                   3.662       0.114       0.000    5.40%       2.000      3.000      4.000
             500.000       3.492      -0.221       9.000    0.60%       4.000      5.000
     Y14                   3.646       0.151      -2.000    0.20%       2.000      3.000      4.000
             500.000       4.517      -0.247      10.000    0.60%       4.000      5.000
     Y24                   2.990       0.150      -1.000    0.20%       2.000      3.000      3.000
             500.000       2.274      -0.254       8.000    0.20%       3.000      4.000
     Y34                   4.862       0.297      -2.000    0.20%       2.000      4.000      5.000
             500.000       7.511       0.136      14.000    0.40%       6.000      7.000
     Y44                   3.822       0.207      -1.000    0.20%       2.000      3.000      4.000
             500.000       3.826      -0.323       9.000    1.20%       4.000      5.000
     Y15                   3.574       0.093      -2.000    0.20%       2.000      3.000      4.000
             500.000       4.397      -0.245      10.000    0.40%       4.000      5.000
     Y25                   2.922       0.193       0.000    4.80%       2.000      2.000      3.000
             500.000       2.136      -0.207       7.000    0.60%       3.000      4.000
     Y35                   4.686       0.216      -2.000    0.40%       2.000      4.000      5.000
             500.000       7.267       0.070      14.000    0.40%       5.000      7.000
     Y45                   3.746       0.234      -1.000    0.20%       2.000      3.000      4.000
             500.000       3.297       0.088      10.000    0.20%       4.000      5.000


THE MODEL ESTIMATION TERMINATED NORMALLY



MODEL FIT INFORMATION

Number of Free Parameters                       16

Loglikelihood

          H0 Value                      -16750.447
          H1 Value                      -16631.224

Information Criteria

          Akaike (AIC)                   33532.893
          Bayesian (BIC)                 33600.327
          Sample-Size Adjusted BIC       33549.542
            (n* = (n + 2) / 24)

Chi-Square Test of Model Fit

          Value                            238.445
          Degrees of Freedom                   214
          P-Value                           0.1207

RMSEA (Root Mean Square Error Of Approximation)

          Estimate                           0.015
          90 Percent C.I.                    0.000  0.025
          Probability RMSEA <= .05           1.000

CFI/TLI

          CFI                                0.997
          TLI                                0.998

Chi-Square Test of Model Fit for the Baseline Model

          Value                           9119.382
          Degrees of Freedom                   190
          P-Value                           0.0000

SRMR (Standardized Root Mean Square Residual)

          Value                              0.029



MODEL RESULTS

                                                    Two-Tailed
                    Estimate       S.E.  Est./S.E.    P-Value

 ETA1     BY
    Y11                1.000      0.000    999.000    999.000
    Y21                0.503      0.016     31.344      0.000
    Y31                1.271      0.035     36.707      0.000
    Y41                0.812      0.023     35.189      0.000

 ETA2     BY
    Y12                1.000      0.000    999.000    999.000
    Y22                0.503      0.016     31.344      0.000
    Y32                1.271      0.035     36.707      0.000
    Y42                0.812      0.023     35.189      0.000

 ETA3     BY
    Y13                1.000      0.000    999.000    999.000
    Y23                0.503      0.016     31.344      0.000
    Y33                1.271      0.035     36.707      0.000
    Y43                0.812      0.023     35.189      0.000

 ETA4     BY
    Y14                1.000      0.000    999.000    999.000
    Y24                0.503      0.016     31.344      0.000
    Y34                1.271      0.035     36.707      0.000
    Y44                0.812      0.023     35.189      0.000

 ETA5     BY
    Y15                1.000      0.000    999.000    999.000
    Y25                0.503      0.016     31.344      0.000
    Y35                1.271      0.035     36.707      0.000
    Y45                0.812      0.023     35.189      0.000

 THETA1   BY
    Y11                1.000      0.000    999.000    999.000
    Y21                0.816      0.019     42.883      0.000
    Y31                1.260      0.028     44.195      0.000
    Y41                0.924      0.021     43.167      0.000
    Y12                1.000      0.000    999.000    999.000
    Y22                0.816      0.019     42.883      0.000
    Y32                1.260      0.028     44.195      0.000
    Y42                0.924      0.021     43.167      0.000
    Y13                1.000      0.000    999.000    999.000
    Y23                0.816      0.019     42.883      0.000
    Y33                1.260      0.028     44.195      0.000
    Y43                0.924      0.021     43.167      0.000
    Y14                1.000      0.000    999.000    999.000
    Y24                0.816      0.019     42.883      0.000
    Y34                1.260      0.028     44.195      0.000
    Y44                0.924      0.021     43.167      0.000
    Y15                1.000      0.000    999.000    999.000
    Y25                0.816      0.019     42.883      0.000
    Y35                1.260      0.028     44.195      0.000
    Y45                0.924      0.021     43.167      0.000

 ETA1     WITH
    ETA2               0.000      0.000    999.000    999.000
    ETA3               0.000      0.000    999.000    999.000
    ETA4               0.000      0.000    999.000    999.000
    ETA5               0.000      0.000    999.000    999.000
    THETA1             0.000      0.000    999.000    999.000

 ETA2     WITH
    ETA3               0.000      0.000    999.000    999.000
    ETA4               0.000      0.000    999.000    999.000
    ETA5               0.000      0.000    999.000    999.000
    THETA1             0.000      0.000    999.000    999.000

 ETA3     WITH
    ETA4               0.000      0.000    999.000    999.000
    ETA5               0.000      0.000    999.000    999.000
    THETA1             0.000      0.000    999.000    999.000

 ETA4     WITH
    ETA5               0.000      0.000    999.000    999.000
    THETA1             0.000      0.000    999.000    999.000

 ETA5     WITH
    THETA1             0.000      0.000    999.000    999.000

 Means
    THETA1             3.580      0.069     51.994      0.000

 Intercepts
    Y11                0.000      0.000    999.000    999.000
    Y21                0.032      0.072      0.447      0.655
    Y31                0.281      0.108      2.596      0.009
    Y41                0.450      0.081      5.545      0.000
    Y12                0.000      0.000    999.000    999.000
    Y22                0.032      0.072      0.447      0.655
    Y32                0.281      0.108      2.596      0.009
    Y42                0.450      0.081      5.545      0.000
    Y13                0.000      0.000    999.000    999.000
    Y23                0.032      0.072      0.447      0.655
    Y33                0.281      0.108      2.596      0.009
    Y43                0.450      0.081      5.545      0.000
    Y14                0.000      0.000    999.000    999.000
    Y24                0.032      0.072      0.447      0.655
    Y34                0.281      0.108      2.596      0.009
    Y44                0.450      0.081      5.545      0.000
    Y15                0.000      0.000    999.000    999.000
    Y25                0.032      0.072      0.447      0.655
    Y35                0.281      0.108      2.596      0.009
    Y45                0.450      0.081      5.545      0.000

 Variances
    ETA1               1.826      0.089     20.546      0.000
    ETA2               1.826      0.089     20.546      0.000
    ETA3               1.826      0.089     20.546      0.000
    ETA4               1.826      0.089     20.546      0.000
    ETA5               1.826      0.089     20.546      0.000
    THETA1             1.801      0.149     12.072      0.000

 Residual Variances
    Y11                1.018      0.043     23.822      0.000
    Y21                0.538      0.019     28.929      0.000
    Y31                1.563      0.068     23.129      0.000
    Y41                0.872      0.033     26.619      0.000
    Y12                1.018      0.043     23.822      0.000
    Y22                0.538      0.019     28.929      0.000
    Y32                1.563      0.068     23.129      0.000
    Y42                0.872      0.033     26.619      0.000
    Y13                1.018      0.043     23.822      0.000
    Y23                0.538      0.019     28.929      0.000
    Y33                1.563      0.068     23.129      0.000
    Y43                0.872      0.033     26.619      0.000
    Y14                1.018      0.043     23.822      0.000
    Y24                0.538      0.019     28.929      0.000
    Y34                1.563      0.068     23.129      0.000
    Y44                0.872      0.033     26.619      0.000
    Y15                1.018      0.043     23.822      0.000
    Y25                0.538      0.019     28.929      0.000
    Y35                1.563      0.068     23.129      0.000
    Y45                0.872      0.033     26.619      0.000


QUALITY OF NUMERICAL RESULTS

     Condition Number for the Information Matrix              0.664E-03
       (ratio of smallest to largest eigenvalue)


     Beginning Time:  04:22:22
        Ending Time:  04:22:23
       Elapsed Time:  00:00:01



MUTHEN & MUTHEN
3463 Stoner Ave.
Los Angeles, CA  90066

Tel: (310) 391-9971
Fax: (310) 391-8971
Web: www.StatModel.com
Support: Support@StatModel.com

Copyright (c) 1998-2017 Muthen & Muthen
