Mplus VERSION 8
MUTHEN & MUTHEN
02/15/2019   2:39 PM

INPUT INSTRUCTIONS

  TITLE: Your title goes here
  DATA: FILE = "Mplus_files_Results/msst_wide_n100_i3_nt5_na0.dat";
  VARIABLE:
  NAMES = subjn y11 y21 y31 y12 y22 y32 y13 y23 y33 y14 y24 y34 y15 y25 y35;
  MISSING=.;
  USEVAR = y11
  y21
  y31
  y12
  y22
  y32
  y13
  y23
  y33
  y14
  y24
  y34
  y15
  y25
  y35 ;


  ANALYSIS:
  TYPE = GENERAL ;
  ESTIMATOR = ML ;
  ITERATIONS = 50000 ;
  H1ITERATIONS = 50000 ;


  MODEL:

  ! Latent state variables
  eta1 BY y11@1
  y21 (las21)
  y31 (las31) ;
  eta2 BY y12@1
  y22 (las21)
  y32 (las31) ;
  eta3 BY y13@1
  y23 (las21)
  y33 (las31) ;
  eta4 BY y14@1
  y24 (las21)
  y34 (las31) ;
  eta5 BY y15@1
  y25 (las21)
  y35 (las31) ;

  ! Latent trait variables
  theta1 BY y11@1
  y21 (lat21)
  y31 (lat31)
  y12@1
  y22 (lat21)
  y32 (lat31)
  y13@1
  y23 (lat21)
  y33 (lat31)
  y14@1
  y24 (lat21)
  y34 (lat31)
  y15@1
  y25 (lat21)
  y35 (lat31) ;

  ! Intercepts and means

  [y11@0] ;
  [y21*] (int21) ;
  [y31*] (int31) ;
  [y12@0] ;
  [y22*] (int21) ;
  [y32*] (int31) ;
  [y13@0] ;
  [y23*] (int21) ;
  [y33*] (int31) ;
  [y14@0] ;
  [y24*] (int21) ;
  [y34*] (int31) ;
  [y15@0] ;
  [y25*] (int21) ;
  [y35*] (int31) ;
  [theta1*] ;

  ! Variance components
  y11(o_err11) ;
  y21(o_err21) ;
  y31(o_err31) ;
  y12(o_err11) ;
  y22(o_err21) ;
  y32(o_err31) ;
  y13(o_err11) ;
  y23(o_err21) ;
  y33(o_err31) ;
  y14(o_err11) ;
  y24(o_err21) ;
  y34(o_err31) ;
  y15(o_err11) ;
  y25(o_err21) ;
  y35(o_err31) ;
  eta1(s_var11) ;
  eta2(s_var11) ;
  eta3(s_var11) ;
  eta4(s_var11) ;
  eta5(s_var11) ;
  theta1(t_var1) ;

  ! Set zero covariances
  eta1 WITH eta2@0
  eta3@0
  eta4@0
  eta5@0
  theta1@0 ;
  eta2 WITH eta3@0
  eta4@0
  eta5@0
  theta1@0 ;
  eta3 WITH eta4@0
  eta5@0
  theta1@0 ;
  eta4 WITH eta5@0
  theta1@0 ;
  eta5 WITH theta1@0 ;



INPUT READING TERMINATED NORMALLY



Your title goes here

SUMMARY OF ANALYSIS

Number of groups                                                 1
Number of observations                                         100

Number of dependent variables                                   15
Number of independent variables                                  0
Number of continuous latent variables                            6

Observed dependent variables

  Continuous
   Y11         Y21         Y31         Y12         Y22         Y32
   Y13         Y23         Y33         Y14         Y24         Y34
   Y15         Y25         Y35

Continuous latent variables
   ETA1        ETA2        ETA3        ETA4        ETA5        THETA1


Estimator                                                       ML
Information matrix                                        OBSERVED
Maximum number of iterations                                 50000
Convergence criterion                                    0.500D-04
Maximum number of steepest descent iterations                   20
Maximum number of iterations for H1                          50000
Convergence criterion for H1                             0.100D-03

Input data file(s)
  Mplus_files_Results/msst_wide_n100_i3_nt5_na0.dat

Input data format  FREE


SUMMARY OF DATA

     Number of missing data patterns             1


COVARIANCE COVERAGE OF DATA

Minimum covariance coverage value   0.100


     PROPORTION OF DATA PRESENT


           Covariance Coverage
              Y11           Y21           Y31           Y12           Y22
              ________      ________      ________      ________      ________
 Y11            1.000
 Y21            1.000         1.000
 Y31            1.000         1.000         1.000
 Y12            1.000         1.000         1.000         1.000
 Y22            1.000         1.000         1.000         1.000         1.000
 Y32            1.000         1.000         1.000         1.000         1.000
 Y13            1.000         1.000         1.000         1.000         1.000
 Y23            1.000         1.000         1.000         1.000         1.000
 Y33            1.000         1.000         1.000         1.000         1.000
 Y14            1.000         1.000         1.000         1.000         1.000
 Y24            1.000         1.000         1.000         1.000         1.000
 Y34            1.000         1.000         1.000         1.000         1.000
 Y15            1.000         1.000         1.000         1.000         1.000
 Y25            1.000         1.000         1.000         1.000         1.000
 Y35            1.000         1.000         1.000         1.000         1.000


           Covariance Coverage
              Y32           Y13           Y23           Y33           Y14
              ________      ________      ________      ________      ________
 Y32            1.000
 Y13            1.000         1.000
 Y23            1.000         1.000         1.000
 Y33            1.000         1.000         1.000         1.000
 Y14            1.000         1.000         1.000         1.000         1.000
 Y24            1.000         1.000         1.000         1.000         1.000
 Y34            1.000         1.000         1.000         1.000         1.000
 Y15            1.000         1.000         1.000         1.000         1.000
 Y25            1.000         1.000         1.000         1.000         1.000
 Y35            1.000         1.000         1.000         1.000         1.000


           Covariance Coverage
              Y24           Y34           Y15           Y25           Y35
              ________      ________      ________      ________      ________
 Y24            1.000
 Y34            1.000         1.000
 Y15            1.000         1.000         1.000
 Y25            1.000         1.000         1.000         1.000
 Y35            1.000         1.000         1.000         1.000         1.000



UNIVARIATE SAMPLE STATISTICS


     UNIVARIATE HIGHER-ORDER MOMENT DESCRIPTIVE STATISTICS

         Variable/         Mean/     Skewness/   Minimum/ % with                Percentiles
        Sample Size      Variance    Kurtosis    Maximum  Min/Max      20%/60%    40%/80%    Median

     Y11                   4.337      -0.411      -4.651    1.00%       2.279      3.608      4.604
             100.000       5.117       1.357       9.689    1.00%       4.871      6.016
     Y21                   3.669      -0.301      -0.733    1.00%       2.434      3.311      3.826
             100.000       2.285       0.300       7.131    1.00%       4.185      5.002
     Y31                   5.366      -0.401      -4.026    1.00%       2.974      4.543      5.687
             100.000       7.994       0.377      12.174    1.00%       6.318      7.866
     Y12                   4.109       0.176      -0.340    1.00%       2.262      3.435      3.811
             100.000       4.265      -0.625       9.144    1.00%       4.543      6.086
     Y22                   3.481      -0.009       0.213    1.00%       2.187      3.054      3.509
             100.000       2.028      -0.530       6.551    1.00%       3.814      4.651
     Y32                   5.512      -0.168      -0.695    1.00%       3.347      4.958      5.617
             100.000       6.263      -0.208      11.323    1.00%       5.986      7.714
     Y13                   4.063      -0.040      -0.343    1.00%       2.518      3.793      4.236
             100.000       3.655       0.233      10.155    1.00%       4.552      5.604
     Y23                   3.525      -0.325       1.002    1.00%       2.239      3.408      3.736
             100.000       1.475      -0.719       5.811    1.00%       3.964      4.458
     Y33                   5.258      -0.299      -0.998    1.00%       3.220      4.987      5.421
             100.000       6.469      -0.102      10.307    1.00%       5.770      7.189
     Y14                   4.175       0.439      -0.361    1.00%       2.133      3.446      4.149
             100.000       4.368       0.136      10.813    1.00%       4.621      5.751
     Y24                   3.534       0.338       0.754    1.00%       2.127      3.171      3.588
             100.000       2.060       0.356       7.940    1.00%       3.975      4.514
     Y34                   5.616      -0.143      -1.558    1.00%       3.356      5.144      5.915
             100.000       6.920      -0.258      12.234    1.00%       6.366      7.796
     Y15                   4.162       0.012      -1.566    1.00%       2.458      3.616      4.027
             100.000       4.846      -0.029       9.239    1.00%       4.443      6.043
     Y25                   3.365      -0.023      -0.733    1.00%       2.206      2.993      3.358
             100.000       2.023      -0.048       6.753    1.00%       3.760      4.496
     Y35                   5.260       0.395       0.405    1.00%       2.818      4.405      5.274
             100.000       6.199       0.245      13.831    1.00%       5.901      7.155


THE MODEL ESTIMATION TERMINATED NORMALLY



MODEL FIT INFORMATION

Number of Free Parameters                       12

Loglikelihood

          H0 Value                       -2584.112
          H1 Value                       -2519.920

Information Criteria

          Akaike (AIC)                    5192.223
          Bayesian (BIC)                  5223.485
          Sample-Size Adjusted BIC        5185.586
            (n* = (n + 2) / 24)

Chi-Square Test of Model Fit

          Value                            128.384
          Degrees of Freedom                   123
          P-Value                           0.3517

RMSEA (Root Mean Square Error Of Approximation)

          Estimate                           0.021
          90 Percent C.I.                    0.000  0.055
          Probability RMSEA <= .05           0.913

CFI/TLI

          CFI                                0.995
          TLI                                0.996

Chi-Square Test of Model Fit for the Baseline Model

          Value                           1248.999
          Degrees of Freedom                   105
          P-Value                           0.0000

SRMR (Standardized Root Mean Square Residual)

          Value                              0.083



MODEL RESULTS

                                                    Two-Tailed
                    Estimate       S.E.  Est./S.E.    P-Value

 ETA1     BY
    Y11                1.000      0.000    999.000    999.000
    Y21                0.484      0.034     14.246      0.000
    Y31                1.159      0.081     14.333      0.000

 ETA2     BY
    Y12                1.000      0.000    999.000    999.000
    Y22                0.484      0.034     14.246      0.000
    Y32                1.159      0.081     14.333      0.000

 ETA3     BY
    Y13                1.000      0.000    999.000    999.000
    Y23                0.484      0.034     14.246      0.000
    Y33                1.159      0.081     14.333      0.000

 ETA4     BY
    Y14                1.000      0.000    999.000    999.000
    Y24                0.484      0.034     14.246      0.000
    Y34                1.159      0.081     14.333      0.000

 ETA5     BY
    Y15                1.000      0.000    999.000    999.000
    Y25                0.484      0.034     14.246      0.000
    Y35                1.159      0.081     14.333      0.000

 THETA1   BY
    Y11                1.000      0.000    999.000    999.000
    Y21                0.791      0.042     18.646      0.000
    Y31                1.204      0.068     17.704      0.000
    Y12                1.000      0.000    999.000    999.000
    Y22                0.791      0.042     18.646      0.000
    Y32                1.204      0.068     17.704      0.000
    Y13                1.000      0.000    999.000    999.000
    Y23                0.791      0.042     18.646      0.000
    Y33                1.204      0.068     17.704      0.000
    Y14                1.000      0.000    999.000    999.000
    Y24                0.791      0.042     18.646      0.000
    Y34                1.204      0.068     17.704      0.000
    Y15                1.000      0.000    999.000    999.000
    Y25                0.791      0.042     18.646      0.000
    Y35                1.204      0.068     17.704      0.000

 ETA1     WITH
    ETA2               0.000      0.000    999.000    999.000
    ETA3               0.000      0.000    999.000    999.000
    ETA4               0.000      0.000    999.000    999.000
    ETA5               0.000      0.000    999.000    999.000
    THETA1             0.000      0.000    999.000    999.000

 ETA2     WITH
    ETA3               0.000      0.000    999.000    999.000
    ETA4               0.000      0.000    999.000    999.000
    ETA5               0.000      0.000    999.000    999.000
    THETA1             0.000      0.000    999.000    999.000

 ETA3     WITH
    ETA4               0.000      0.000    999.000    999.000
    ETA5               0.000      0.000    999.000    999.000
    THETA1             0.000      0.000    999.000    999.000

 ETA4     WITH
    ETA5               0.000      0.000    999.000    999.000
    THETA1             0.000      0.000    999.000    999.000

 ETA5     WITH
    THETA1             0.000      0.000    999.000    999.000

 Means
    THETA1             4.169      0.146     28.570      0.000

 Intercepts
    Y11                0.000      0.000    999.000    999.000
    Y21                0.216      0.184      1.177      0.239
    Y31                0.382      0.293      1.300      0.193
    Y12                0.000      0.000    999.000    999.000
    Y22                0.216      0.184      1.177      0.239
    Y32                0.382      0.293      1.300      0.193
    Y13                0.000      0.000    999.000    999.000
    Y23                0.216      0.184      1.177      0.239
    Y33                0.382      0.293      1.300      0.193
    Y14                0.000      0.000    999.000    999.000
    Y24                0.216      0.184      1.177      0.239
    Y34                0.382      0.293      1.300      0.193
    Y15                0.000      0.000    999.000    999.000
    Y25                0.216      0.184      1.177      0.239
    Y35                0.382      0.293      1.300      0.193

 Variances
    ETA1               2.132      0.224      9.537      0.000
    ETA2               2.132      0.224      9.537      0.000
    ETA3               2.132      0.224      9.537      0.000
    ETA4               2.132      0.224      9.537      0.000
    ETA5               2.132      0.224      9.537      0.000
    THETA1             1.547      0.299      5.182      0.000

 Residual Variances
    Y11                0.779      0.118      6.584      0.000
    Y21                0.515      0.042     12.268      0.000
    Y31                1.682      0.179      9.417      0.000
    Y12                0.779      0.118      6.584      0.000
    Y22                0.515      0.042     12.268      0.000
    Y32                1.682      0.179      9.417      0.000
    Y13                0.779      0.118      6.584      0.000
    Y23                0.515      0.042     12.268      0.000
    Y33                1.682      0.179      9.417      0.000
    Y14                0.779      0.118      6.584      0.000
    Y24                0.515      0.042     12.268      0.000
    Y34                1.682      0.179      9.417      0.000
    Y15                0.779      0.118      6.584      0.000
    Y25                0.515      0.042     12.268      0.000
    Y35                1.682      0.179      9.417      0.000


QUALITY OF NUMERICAL RESULTS

     Condition Number for the Information Matrix              0.656E-03
       (ratio of smallest to largest eigenvalue)


     Beginning Time:  14:39:21
        Ending Time:  14:39:21
       Elapsed Time:  00:00:00



MUTHEN & MUTHEN
3463 Stoner Ave.
Los Angeles, CA  90066

Tel: (310) 391-9971
Fax: (310) 391-8971
Web: www.StatModel.com
Support: Support@StatModel.com

Copyright (c) 1998-2017 Muthen & Muthen
