Mplus VERSION 8
MUTHEN & MUTHEN
02/18/2019   4:46 PM

INPUT INSTRUCTIONS

  TITLE: Your title goes here
  DATA: FILE = "Mplus_files_Results/msst_wide_trunc_n50_i5_nt5_na0.dat";
  VARIABLE:
  NAMES = subjn y11 y21 y31 y41 y51 y12 y22 y32 y42 y52 y13 y23 y33 y43 y53 y14 y24
       y34 y44 y54 y15 y25 y35 y45 y55;
  MISSING=.;
  USEVAR = y11
  y21
  y31
  y41
  y51
  y12
  y22
  y32
  y42
  y52
  y13
  y23
  y33
  y43
  y53
  y14
  y24
  y34
  y44
  y54
  y15
  y25
  y35
  y45
  y55 ;


  ANALYSIS:
  TYPE = GENERAL ;
  ESTIMATOR = ML ;
  ITERATIONS = 50000 ;
  H1ITERATIONS = 50000 ;


  MODEL:

  ! Latent state variables
  eta1 BY y11@1
  y21 (las21)
  y31 (las31)
  y41 (las41)
  y51 (las51) ;
  eta2 BY y12@1
  y22 (las21)
  y32 (las31)
  y42 (las41)
  y52 (las51) ;
  eta3 BY y13@1
  y23 (las21)
  y33 (las31)
  y43 (las41)
  y53 (las51) ;
  eta4 BY y14@1
  y24 (las21)
  y34 (las31)
  y44 (las41)
  y54 (las51) ;
  eta5 BY y15@1
  y25 (las21)
  y35 (las31)
  y45 (las41)
  y55 (las51) ;

  ! Latent trait variables
  theta1 BY y11@1
  y21 (lat21)
  y31 (lat31)
  y41 (lat41)
  y51 (lat51)
  y12@1
  y22 (lat21)
  y32 (lat31)
  y42 (lat41)
  y52 (lat51)
  y13@1
  y23 (lat21)
  y33 (lat31)
  y43 (lat41)
  y53 (lat51)
  y14@1
  y24 (lat21)
  y34 (lat31)
  y44 (lat41)
  y54 (lat51)
  y15@1
  y25 (lat21)
  y35 (lat31)
  y45 (lat41)
  y55 (lat51) ;

  ! Intercepts and means

  [y11@0] ;
  [y21*] (int21) ;
  [y31*] (int31) ;
  [y41*] (int41) ;
  [y51*] (int51) ;
  [y12@0] ;
  [y22*] (int21) ;
  [y32*] (int31) ;
  [y42*] (int41) ;
  [y52*] (int51) ;
  [y13@0] ;
  [y23*] (int21) ;
  [y33*] (int31) ;
  [y43*] (int41) ;
  [y53*] (int51) ;
  [y14@0] ;
  [y24*] (int21) ;
  [y34*] (int31) ;
  [y44*] (int41) ;
  [y54*] (int51) ;
  [y15@0] ;
  [y25*] (int21) ;
  [y35*] (int31) ;
  [y45*] (int41) ;
  [y55*] (int51) ;
  [theta1*] ;

  ! Variance components
  y11(o_err11) ;
  y21(o_err21) ;
  y31(o_err31) ;
  y41(o_err41) ;
  y51(o_err51) ;
  y12(o_err11) ;
  y22(o_err21) ;
  y32(o_err31) ;
  y42(o_err41) ;
  y52(o_err51) ;
  y13(o_err11) ;
  y23(o_err21) ;
  y33(o_err31) ;
  y43(o_err41) ;
  y53(o_err51) ;
  y14(o_err11) ;
  y24(o_err21) ;
  y34(o_err31) ;
  y44(o_err41) ;
  y54(o_err51) ;
  y15(o_err11) ;
  y25(o_err21) ;
  y35(o_err31) ;
  y45(o_err41) ;
  y55(o_err51) ;
  eta1(s_var11) ;
  eta2(s_var11) ;
  eta3(s_var11) ;
  eta4(s_var11) ;
  eta5(s_var11) ;
  theta1(t_var1) ;

  ! Set zero covariances
  eta1 WITH eta2@0
  eta3@0
  eta4@0
  eta5@0
  theta1@0 ;
  eta2 WITH eta3@0
  eta4@0
  eta5@0
  theta1@0 ;
  eta3 WITH eta4@0
  eta5@0
  theta1@0 ;
  eta4 WITH eta5@0
  theta1@0 ;
  eta5 WITH theta1@0 ;



INPUT READING TERMINATED NORMALLY



Your title goes here

SUMMARY OF ANALYSIS

Number of groups                                                 1
Number of observations                                          50

Number of dependent variables                                   25
Number of independent variables                                  0
Number of continuous latent variables                            6

Observed dependent variables

  Continuous
   Y11         Y21         Y31         Y41         Y51         Y12
   Y22         Y32         Y42         Y52         Y13         Y23
   Y33         Y43         Y53         Y14         Y24         Y34
   Y44         Y54         Y15         Y25         Y35         Y45
   Y55

Continuous latent variables
   ETA1        ETA2        ETA3        ETA4        ETA5        THETA1


Estimator                                                       ML
Information matrix                                        OBSERVED
Maximum number of iterations                                 50000
Convergence criterion                                    0.500D-04
Maximum number of steepest descent iterations                   20
Maximum number of iterations for H1                          50000
Convergence criterion for H1                             0.100D-03

Input data file(s)
  Mplus_files_Results/msst_wide_trunc_n50_i5_nt5_na0.dat

Input data format  FREE


SUMMARY OF DATA

     Number of missing data patterns             1


COVARIANCE COVERAGE OF DATA

Minimum covariance coverage value   0.100


     PROPORTION OF DATA PRESENT


           Covariance Coverage
              Y11           Y21           Y31           Y41           Y51
              ________      ________      ________      ________      ________
 Y11            1.000
 Y21            1.000         1.000
 Y31            1.000         1.000         1.000
 Y41            1.000         1.000         1.000         1.000
 Y51            1.000         1.000         1.000         1.000         1.000
 Y12            1.000         1.000         1.000         1.000         1.000
 Y22            1.000         1.000         1.000         1.000         1.000
 Y32            1.000         1.000         1.000         1.000         1.000
 Y42            1.000         1.000         1.000         1.000         1.000
 Y52            1.000         1.000         1.000         1.000         1.000
 Y13            1.000         1.000         1.000         1.000         1.000
 Y23            1.000         1.000         1.000         1.000         1.000
 Y33            1.000         1.000         1.000         1.000         1.000
 Y43            1.000         1.000         1.000         1.000         1.000
 Y53            1.000         1.000         1.000         1.000         1.000
 Y14            1.000         1.000         1.000         1.000         1.000
 Y24            1.000         1.000         1.000         1.000         1.000
 Y34            1.000         1.000         1.000         1.000         1.000
 Y44            1.000         1.000         1.000         1.000         1.000
 Y54            1.000         1.000         1.000         1.000         1.000
 Y15            1.000         1.000         1.000         1.000         1.000
 Y25            1.000         1.000         1.000         1.000         1.000
 Y35            1.000         1.000         1.000         1.000         1.000
 Y45            1.000         1.000         1.000         1.000         1.000
 Y55            1.000         1.000         1.000         1.000         1.000


           Covariance Coverage
              Y12           Y22           Y32           Y42           Y52
              ________      ________      ________      ________      ________
 Y12            1.000
 Y22            1.000         1.000
 Y32            1.000         1.000         1.000
 Y42            1.000         1.000         1.000         1.000
 Y52            1.000         1.000         1.000         1.000         1.000
 Y13            1.000         1.000         1.000         1.000         1.000
 Y23            1.000         1.000         1.000         1.000         1.000
 Y33            1.000         1.000         1.000         1.000         1.000
 Y43            1.000         1.000         1.000         1.000         1.000
 Y53            1.000         1.000         1.000         1.000         1.000
 Y14            1.000         1.000         1.000         1.000         1.000
 Y24            1.000         1.000         1.000         1.000         1.000
 Y34            1.000         1.000         1.000         1.000         1.000
 Y44            1.000         1.000         1.000         1.000         1.000
 Y54            1.000         1.000         1.000         1.000         1.000
 Y15            1.000         1.000         1.000         1.000         1.000
 Y25            1.000         1.000         1.000         1.000         1.000
 Y35            1.000         1.000         1.000         1.000         1.000
 Y45            1.000         1.000         1.000         1.000         1.000
 Y55            1.000         1.000         1.000         1.000         1.000


           Covariance Coverage
              Y13           Y23           Y33           Y43           Y53
              ________      ________      ________      ________      ________
 Y13            1.000
 Y23            1.000         1.000
 Y33            1.000         1.000         1.000
 Y43            1.000         1.000         1.000         1.000
 Y53            1.000         1.000         1.000         1.000         1.000
 Y14            1.000         1.000         1.000         1.000         1.000
 Y24            1.000         1.000         1.000         1.000         1.000
 Y34            1.000         1.000         1.000         1.000         1.000
 Y44            1.000         1.000         1.000         1.000         1.000
 Y54            1.000         1.000         1.000         1.000         1.000
 Y15            1.000         1.000         1.000         1.000         1.000
 Y25            1.000         1.000         1.000         1.000         1.000
 Y35            1.000         1.000         1.000         1.000         1.000
 Y45            1.000         1.000         1.000         1.000         1.000
 Y55            1.000         1.000         1.000         1.000         1.000


           Covariance Coverage
              Y14           Y24           Y34           Y44           Y54
              ________      ________      ________      ________      ________
 Y14            1.000
 Y24            1.000         1.000
 Y34            1.000         1.000         1.000
 Y44            1.000         1.000         1.000         1.000
 Y54            1.000         1.000         1.000         1.000         1.000
 Y15            1.000         1.000         1.000         1.000         1.000
 Y25            1.000         1.000         1.000         1.000         1.000
 Y35            1.000         1.000         1.000         1.000         1.000
 Y45            1.000         1.000         1.000         1.000         1.000
 Y55            1.000         1.000         1.000         1.000         1.000


           Covariance Coverage
              Y15           Y25           Y35           Y45           Y55
              ________      ________      ________      ________      ________
 Y15            1.000
 Y25            1.000         1.000
 Y35            1.000         1.000         1.000
 Y45            1.000         1.000         1.000         1.000
 Y55            1.000         1.000         1.000         1.000         1.000



UNIVARIATE SAMPLE STATISTICS


     UNIVARIATE HIGHER-ORDER MOMENT DESCRIPTIVE STATISTICS

         Variable/         Mean/     Skewness/   Minimum/ % with                Percentiles
        Sample Size      Variance    Kurtosis    Maximum  Min/Max      20%/60%    40%/80%    Median

     Y11                   3.980       0.088       0.000   10.00%       1.000      3.000      4.000
              50.000       6.020      -0.831       9.000    2.00%       5.000      6.000
     Y21                   3.080       0.593       0.000    4.00%       2.000      3.000      3.000
              50.000       2.794       0.122       7.000    6.00%       3.000      4.000
     Y31                   5.240       0.451       0.000    2.00%       3.000      4.000      5.000
              50.000       7.902      -0.461      12.000    2.00%       5.000      8.000
     Y41                   4.220       0.221       0.000    2.00%       2.000      3.000      4.000
              50.000       4.452      -0.774       9.000    2.00%       5.000      6.000
     Y51                   5.220       0.445       1.000    4.00%       3.000      4.000      5.000
              50.000       6.732      -0.587      11.000    4.00%       5.000      7.000
     Y12                   3.740      -0.302       0.000    8.00%       2.000      3.000      4.000
              50.000       3.632      -0.650       7.000    6.00%       4.000      5.000
     Y22                   3.140      -0.399       0.000    6.00%       2.000      3.000      3.000
              50.000       1.840      -0.154       6.000    2.00%       4.000      4.000
     Y32                   4.680      -0.279      -2.000    2.00%       2.000      4.000      5.000
              50.000       6.258      -0.468       9.000    6.00%       5.000      7.000
     Y42                   3.740      -0.051       0.000    2.00%       2.000      3.000      4.000
              50.000       3.432      -0.956       7.000    6.00%       4.000      6.000
     Y52                   4.760      -0.596       0.000    6.00%       2.000      5.000      5.000
              50.000       4.702      -0.355       8.000   10.00%       6.000      6.000
     Y13                   3.460       0.466       1.000    6.00%       2.000      3.000      3.000
              50.000       2.448      -0.667       7.000    4.00%       4.000      5.000
     Y23                   2.820       0.105       0.000    2.00%       2.000      3.000      3.000
              50.000       1.268      -0.037       5.000   10.00%       3.000      4.000
     Y33                   4.620       0.137       0.000    4.00%       2.000      4.000      5.000
              50.000       6.676      -0.791      10.000    4.00%       5.000      7.000
     Y43                   3.940      -0.144       1.000    4.00%       3.000      4.000      4.000
              50.000       1.776      -0.573       6.000   16.00%       4.000      5.000
     Y53                   4.720      -0.009       0.000    2.00%       3.000      4.000      5.000
              50.000       3.802      -0.287       9.000    4.00%       5.000      6.000
     Y14                   3.740       0.269       0.000    4.00%       2.000      3.000      3.000
              50.000       3.392      -0.415       8.000    2.00%       4.000      5.000
     Y24                   2.800      -0.514       0.000    4.00%       2.000      3.000      3.000
              50.000       1.360      -0.178       5.000    4.00%       3.000      4.000
     Y34                   5.040      -0.198       0.000    2.00%       4.000      5.000      5.000
              50.000       3.318       0.084       9.000    2.00%       5.000      7.000
     Y44                   3.520      -0.240       0.000    2.00%       2.000      3.000      3.000
              50.000       2.330      -0.604       6.000   10.00%       4.000      5.000
     Y54                   5.140      -0.045       1.000    2.00%       3.000      5.000      5.000
              50.000       3.640      -0.733       9.000    2.00%       6.000      7.000
     Y15                   3.380       0.546       0.000    6.00%       2.000      2.000      3.000
              50.000       4.356      -0.324       8.000    6.00%       4.000      5.000
     Y25                   2.720       0.079       0.000    8.00%       2.000      2.000      3.000
              50.000       2.002      -0.019       6.000    4.00%       3.000      4.000
     Y35                   4.960       0.174       0.000    4.00%       3.000      4.000      5.000
              50.000       5.358       0.181      11.000    2.00%       5.000      7.000
     Y45                   3.580       0.140       0.000    6.00%       2.000      3.000      4.000
              50.000       3.604      -0.239       8.000    4.00%       4.000      5.000
     Y55                   4.400       0.047      -1.000    2.00%       3.000      4.000      4.000
              50.000       3.880       0.409       9.000    2.00%       5.000      6.000


THE MODEL ESTIMATION TERMINATED NORMALLY



MODEL FIT INFORMATION

Number of Free Parameters                       20

Loglikelihood

          H0 Value                       -2079.572
          H1 Value                       -1863.001

Information Criteria

          Akaike (AIC)                    4199.145
          Bayesian (BIC)                  4237.385
          Sample-Size Adjusted BIC        4174.608
            (n* = (n + 2) / 24)

Chi-Square Test of Model Fit

          Value                            433.143
          Degrees of Freedom                   330
          P-Value                           0.0001

RMSEA (Root Mean Square Error Of Approximation)

          Estimate                           0.079
          90 Percent C.I.                    0.057  0.099
          Probability RMSEA <= .05           0.019

CFI/TLI

          CFI                                0.904
          TLI                                0.913

Chi-Square Test of Model Fit for the Baseline Model

          Value                           1376.033
          Degrees of Freedom                   300
          P-Value                           0.0000

SRMR (Standardized Root Mean Square Residual)

          Value                              0.168



MODEL RESULTS

                                                    Two-Tailed
                    Estimate       S.E.  Est./S.E.    P-Value

 ETA1     BY
    Y11                1.000      0.000    999.000    999.000
    Y21                0.474      0.047     10.162      0.000
    Y31                1.181      0.099     11.935      0.000
    Y41                0.827      0.066     12.542      0.000
    Y51                1.065      0.082     13.051      0.000

 ETA2     BY
    Y12                1.000      0.000    999.000    999.000
    Y22                0.474      0.047     10.162      0.000
    Y32                1.181      0.099     11.935      0.000
    Y42                0.827      0.066     12.542      0.000
    Y52                1.065      0.082     13.051      0.000

 ETA3     BY
    Y13                1.000      0.000    999.000    999.000
    Y23                0.474      0.047     10.162      0.000
    Y33                1.181      0.099     11.935      0.000
    Y43                0.827      0.066     12.542      0.000
    Y53                1.065      0.082     13.051      0.000

 ETA4     BY
    Y14                1.000      0.000    999.000    999.000
    Y24                0.474      0.047     10.162      0.000
    Y34                1.181      0.099     11.935      0.000
    Y44                0.827      0.066     12.542      0.000
    Y54                1.065      0.082     13.051      0.000

 ETA5     BY
    Y15                1.000      0.000    999.000    999.000
    Y25                0.474      0.047     10.162      0.000
    Y35                1.181      0.099     11.935      0.000
    Y45                0.827      0.066     12.542      0.000
    Y55                1.065      0.082     13.051      0.000

 THETA1   BY
    Y11                1.000      0.000    999.000    999.000
    Y21                0.947      0.100      9.466      0.000
    Y31                1.165      0.129      8.999      0.000
    Y41                1.050      0.102     10.251      0.000
    Y51                1.142      0.110     10.362      0.000
    Y12                1.000      0.000    999.000    999.000
    Y22                0.947      0.100      9.466      0.000
    Y32                1.165      0.129      8.999      0.000
    Y42                1.050      0.102     10.251      0.000
    Y52                1.142      0.110     10.362      0.000
    Y13                1.000      0.000    999.000    999.000
    Y23                0.947      0.100      9.466      0.000
    Y33                1.165      0.129      8.999      0.000
    Y43                1.050      0.102     10.251      0.000
    Y53                1.142      0.110     10.362      0.000
    Y14                1.000      0.000    999.000    999.000
    Y24                0.947      0.100      9.466      0.000
    Y34                1.165      0.129      8.999      0.000
    Y44                1.050      0.102     10.251      0.000
    Y54                1.142      0.110     10.362      0.000
    Y15                1.000      0.000    999.000    999.000
    Y25                0.947      0.100      9.466      0.000
    Y35                1.165      0.129      8.999      0.000
    Y45                1.050      0.102     10.251      0.000
    Y55                1.142      0.110     10.362      0.000

 ETA1     WITH
    ETA2               0.000      0.000    999.000    999.000
    ETA3               0.000      0.000    999.000    999.000
    ETA4               0.000      0.000    999.000    999.000
    ETA5               0.000      0.000    999.000    999.000
    THETA1             0.000      0.000    999.000    999.000

 ETA2     WITH
    ETA3               0.000      0.000    999.000    999.000
    ETA4               0.000      0.000    999.000    999.000
    ETA5               0.000      0.000    999.000    999.000
    THETA1             0.000      0.000    999.000    999.000

 ETA3     WITH
    ETA4               0.000      0.000    999.000    999.000
    ETA5               0.000      0.000    999.000    999.000
    THETA1             0.000      0.000    999.000    999.000

 ETA4     WITH
    ETA5               0.000      0.000    999.000    999.000
    THETA1             0.000      0.000    999.000    999.000

 ETA5     WITH
    THETA1             0.000      0.000    999.000    999.000

 Means
    THETA1             3.660      0.179     20.453      0.000

 Intercepts
    Y11                0.000      0.000    999.000    999.000
    Y21               -0.553      0.376     -1.469      0.142
    Y31                0.646      0.487      1.324      0.185
    Y41               -0.043      0.385     -0.111      0.912
    Y51                0.668      0.416      1.607      0.108
    Y12                0.000      0.000    999.000    999.000
    Y22               -0.553      0.376     -1.469      0.142
    Y32                0.646      0.487      1.324      0.185
    Y42               -0.043      0.385     -0.111      0.912
    Y52                0.668      0.416      1.607      0.108
    Y13                0.000      0.000    999.000    999.000
    Y23               -0.553      0.376     -1.469      0.142
    Y33                0.646      0.487      1.324      0.185
    Y43               -0.043      0.385     -0.111      0.912
    Y53                0.668      0.416      1.607      0.108
    Y14                0.000      0.000    999.000    999.000
    Y24               -0.553      0.376     -1.469      0.142
    Y34                0.646      0.487      1.324      0.185
    Y44               -0.043      0.385     -0.111      0.912
    Y54                0.668      0.416      1.607      0.108
    Y15                0.000      0.000    999.000    999.000
    Y25               -0.553      0.376     -1.469      0.142
    Y35                0.646      0.487      1.324      0.185
    Y45               -0.043      0.385     -0.111      0.912
    Y55                0.668      0.416      1.607      0.108

 Variances
    ETA1               1.955      0.292      6.695      0.000
    ETA2               1.955      0.292      6.695      0.000
    ETA3               1.955      0.292      6.695      0.000
    ETA4               1.955      0.292      6.695      0.000
    ETA5               1.955      0.292      6.695      0.000
    THETA1             0.997      0.316      3.153      0.002

 Residual Variances
    Y11                1.064      0.127      8.395      0.000
    Y21                0.547      0.058      9.488      0.000
    Y31                1.875      0.209      8.976      0.000
    Y41                0.747      0.088      8.503      0.000
    Y51                1.122      0.136      8.236      0.000
    Y12                1.064      0.127      8.395      0.000
    Y22                0.547      0.058      9.488      0.000
    Y32                1.875      0.209      8.976      0.000
    Y42                0.747      0.088      8.503      0.000
    Y52                1.122      0.136      8.236      0.000
    Y13                1.064      0.127      8.395      0.000
    Y23                0.547      0.058      9.488      0.000
    Y33                1.875      0.209      8.976      0.000
    Y43                0.747      0.088      8.503      0.000
    Y53                1.122      0.136      8.236      0.000
    Y14                1.064      0.127      8.395      0.000
    Y24                0.547      0.058      9.488      0.000
    Y34                1.875      0.209      8.976      0.000
    Y44                0.747      0.088      8.503      0.000
    Y54                1.122      0.136      8.236      0.000
    Y15                1.064      0.127      8.395      0.000
    Y25                0.547      0.058      9.488      0.000
    Y35                1.875      0.209      8.976      0.000
    Y45                0.747      0.088      8.503      0.000
    Y55                1.122      0.136      8.236      0.000


QUALITY OF NUMERICAL RESULTS

     Condition Number for the Information Matrix              0.345E-03
       (ratio of smallest to largest eigenvalue)


     Beginning Time:  16:46:43
        Ending Time:  16:46:44
       Elapsed Time:  00:00:01



MUTHEN & MUTHEN
3463 Stoner Ave.
Los Angeles, CA  90066

Tel: (310) 391-9971
Fax: (310) 391-8971
Web: www.StatModel.com
Support: Support@StatModel.com

Copyright (c) 1998-2017 Muthen & Muthen
