Mplus VERSION 8
MUTHEN & MUTHEN
02/15/2019   2:39 PM

INPUT INSTRUCTIONS

  TITLE: Your title goes here
  DATA: FILE = "Mplus_files_Results/msst_wide_trunc_n100_i3_nt5_na0.dat";
  VARIABLE:
  NAMES = subjn y11 y21 y31 y12 y22 y32 y13 y23 y33 y14 y24 y34 y15 y25 y35;
  MISSING=.;
  USEVAR = y11
  y21
  y31
  y12
  y22
  y32
  y13
  y23
  y33
  y14
  y24
  y34
  y15
  y25
  y35 ;


  ANALYSIS:
  TYPE = GENERAL ;
  ESTIMATOR = ML ;
  ITERATIONS = 50000 ;
  H1ITERATIONS = 50000 ;


  MODEL:

  ! Latent state variables
  eta1 BY y11@1
  y21 (las21)
  y31 (las31) ;
  eta2 BY y12@1
  y22 (las21)
  y32 (las31) ;
  eta3 BY y13@1
  y23 (las21)
  y33 (las31) ;
  eta4 BY y14@1
  y24 (las21)
  y34 (las31) ;
  eta5 BY y15@1
  y25 (las21)
  y35 (las31) ;

  ! Latent trait variables
  theta1 BY y11@1
  y21 (lat21)
  y31 (lat31)
  y12@1
  y22 (lat21)
  y32 (lat31)
  y13@1
  y23 (lat21)
  y33 (lat31)
  y14@1
  y24 (lat21)
  y34 (lat31)
  y15@1
  y25 (lat21)
  y35 (lat31) ;

  ! Intercepts and means

  [y11@0] ;
  [y21*] (int21) ;
  [y31*] (int31) ;
  [y12@0] ;
  [y22*] (int21) ;
  [y32*] (int31) ;
  [y13@0] ;
  [y23*] (int21) ;
  [y33*] (int31) ;
  [y14@0] ;
  [y24*] (int21) ;
  [y34*] (int31) ;
  [y15@0] ;
  [y25*] (int21) ;
  [y35*] (int31) ;
  [theta1*] ;

  ! Variance components
  y11(o_err11) ;
  y21(o_err21) ;
  y31(o_err31) ;
  y12(o_err11) ;
  y22(o_err21) ;
  y32(o_err31) ;
  y13(o_err11) ;
  y23(o_err21) ;
  y33(o_err31) ;
  y14(o_err11) ;
  y24(o_err21) ;
  y34(o_err31) ;
  y15(o_err11) ;
  y25(o_err21) ;
  y35(o_err31) ;
  eta1(s_var11) ;
  eta2(s_var11) ;
  eta3(s_var11) ;
  eta4(s_var11) ;
  eta5(s_var11) ;
  theta1(t_var1) ;

  ! Set zero covariances
  eta1 WITH eta2@0
  eta3@0
  eta4@0
  eta5@0
  theta1@0 ;
  eta2 WITH eta3@0
  eta4@0
  eta5@0
  theta1@0 ;
  eta3 WITH eta4@0
  eta5@0
  theta1@0 ;
  eta4 WITH eta5@0
  theta1@0 ;
  eta5 WITH theta1@0 ;



INPUT READING TERMINATED NORMALLY



Your title goes here

SUMMARY OF ANALYSIS

Number of groups                                                 1
Number of observations                                         100

Number of dependent variables                                   15
Number of independent variables                                  0
Number of continuous latent variables                            6

Observed dependent variables

  Continuous
   Y11         Y21         Y31         Y12         Y22         Y32
   Y13         Y23         Y33         Y14         Y24         Y34
   Y15         Y25         Y35

Continuous latent variables
   ETA1        ETA2        ETA3        ETA4        ETA5        THETA1


Estimator                                                       ML
Information matrix                                        OBSERVED
Maximum number of iterations                                 50000
Convergence criterion                                    0.500D-04
Maximum number of steepest descent iterations                   20
Maximum number of iterations for H1                          50000
Convergence criterion for H1                             0.100D-03

Input data file(s)
  Mplus_files_Results/msst_wide_trunc_n100_i3_nt5_na0.dat

Input data format  FREE


SUMMARY OF DATA

     Number of missing data patterns             1


COVARIANCE COVERAGE OF DATA

Minimum covariance coverage value   0.100


     PROPORTION OF DATA PRESENT


           Covariance Coverage
              Y11           Y21           Y31           Y12           Y22
              ________      ________      ________      ________      ________
 Y11            1.000
 Y21            1.000         1.000
 Y31            1.000         1.000         1.000
 Y12            1.000         1.000         1.000         1.000
 Y22            1.000         1.000         1.000         1.000         1.000
 Y32            1.000         1.000         1.000         1.000         1.000
 Y13            1.000         1.000         1.000         1.000         1.000
 Y23            1.000         1.000         1.000         1.000         1.000
 Y33            1.000         1.000         1.000         1.000         1.000
 Y14            1.000         1.000         1.000         1.000         1.000
 Y24            1.000         1.000         1.000         1.000         1.000
 Y34            1.000         1.000         1.000         1.000         1.000
 Y15            1.000         1.000         1.000         1.000         1.000
 Y25            1.000         1.000         1.000         1.000         1.000
 Y35            1.000         1.000         1.000         1.000         1.000


           Covariance Coverage
              Y32           Y13           Y23           Y33           Y14
              ________      ________      ________      ________      ________
 Y32            1.000
 Y13            1.000         1.000
 Y23            1.000         1.000         1.000
 Y33            1.000         1.000         1.000         1.000
 Y14            1.000         1.000         1.000         1.000         1.000
 Y24            1.000         1.000         1.000         1.000         1.000
 Y34            1.000         1.000         1.000         1.000         1.000
 Y15            1.000         1.000         1.000         1.000         1.000
 Y25            1.000         1.000         1.000         1.000         1.000
 Y35            1.000         1.000         1.000         1.000         1.000


           Covariance Coverage
              Y24           Y34           Y15           Y25           Y35
              ________      ________      ________      ________      ________
 Y24            1.000
 Y34            1.000         1.000
 Y15            1.000         1.000         1.000
 Y25            1.000         1.000         1.000         1.000
 Y35            1.000         1.000         1.000         1.000         1.000



UNIVARIATE SAMPLE STATISTICS


     UNIVARIATE HIGHER-ORDER MOMENT DESCRIPTIVE STATISTICS

         Variable/         Mean/     Skewness/   Minimum/ % with                Percentiles
        Sample Size      Variance    Kurtosis    Maximum  Min/Max      20%/60%    40%/80%    Median

     Y11                   3.820      -0.211      -4.000    1.00%       2.000      3.000      4.000
             100.000       4.888       0.528       9.000    1.00%       4.000      6.000
     Y21                   3.250      -0.041       0.000    4.00%       2.000      3.000      3.000
             100.000       2.348      -0.454       7.000    1.00%       4.000      5.000
     Y31                   4.860      -0.269      -4.000    1.00%       2.000      4.000      5.000
             100.000       7.800       0.006      12.000    1.00%       6.000      7.000
     Y12                   3.620       0.258       0.000    5.00%       2.000      3.000      3.000
             100.000       4.316      -0.673       9.000    1.00%       4.000      6.000
     Y22                   2.970       0.053       0.000    4.00%       2.000      3.000      3.000
             100.000       2.029      -0.465       6.000    4.00%       3.000      4.000
     Y32                   5.000       0.065       0.000    3.00%       3.000      4.000      5.000
             100.000       6.240      -0.544      11.000    1.00%       5.000      7.000
     Y13                   3.600       0.098       0.000    7.00%       2.000      3.000      4.000
             100.000       3.780       0.124      10.000    1.00%       4.000      5.000
     Y23                   3.040      -0.177       1.000   14.00%       2.000      3.000      3.000
             100.000       1.478      -0.934       5.000   11.00%       3.000      4.000
     Y33                   4.800      -0.145       0.000    7.00%       3.000      4.000      5.000
             100.000       6.140      -0.404      10.000    2.00%       5.000      7.000
     Y14                   3.660       0.474       0.000    4.00%       2.000      3.000      4.000
             100.000       4.624      -0.087      10.000    1.00%       4.000      5.000
     Y24                   3.020       0.294       0.000    2.00%       2.000      3.000      3.000
             100.000       2.040       0.069       7.000    2.00%       3.000      4.000
     Y34                   5.120      -0.042      -1.000    1.00%       3.000      5.000      5.000
             100.000       6.686      -0.439      12.000    1.00%       6.000      7.000
     Y15                   3.690       0.223      -1.000    1.00%       2.000      3.000      4.000
             100.000       4.594      -0.216       9.000    2.00%       4.000      6.000
     Y25                   2.900       0.090       0.000    5.00%       2.000      2.000      3.000
             100.000       1.950      -0.154       6.000    5.00%       3.000      4.000
     Y35                   4.800       0.350       0.000    3.00%       2.000      4.000      5.000
             100.000       6.260       0.162      13.000    1.00%       5.000      7.000


THE MODEL ESTIMATION TERMINATED NORMALLY



MODEL FIT INFORMATION

Number of Free Parameters                       12

Loglikelihood

          H0 Value                       -2625.184
          H1 Value                       -2563.463

Information Criteria

          Akaike (AIC)                    5274.368
          Bayesian (BIC)                  5305.630
          Sample-Size Adjusted BIC        5267.731
            (n* = (n + 2) / 24)

Chi-Square Test of Model Fit

          Value                            123.441
          Degrees of Freedom                   123
          P-Value                           0.4719

RMSEA (Root Mean Square Error Of Approximation)

          Estimate                           0.006
          90 Percent C.I.                    0.000  0.050
          Probability RMSEA <= .05           0.951

CFI/TLI

          CFI                                1.000
          TLI                                1.000

Chi-Square Test of Model Fit for the Baseline Model

          Value                           1150.023
          Degrees of Freedom                   105
          P-Value                           0.0000

SRMR (Standardized Root Mean Square Residual)

          Value                              0.079



MODEL RESULTS

                                                    Two-Tailed
                    Estimate       S.E.  Est./S.E.    P-Value

 ETA1     BY
    Y11                1.000      0.000    999.000    999.000
    Y21                0.480      0.038     12.796      0.000
    Y31                1.181      0.092     12.895      0.000

 ETA2     BY
    Y12                1.000      0.000    999.000    999.000
    Y22                0.480      0.038     12.796      0.000
    Y32                1.181      0.092     12.895      0.000

 ETA3     BY
    Y13                1.000      0.000    999.000    999.000
    Y23                0.480      0.038     12.796      0.000
    Y33                1.181      0.092     12.895      0.000

 ETA4     BY
    Y14                1.000      0.000    999.000    999.000
    Y24                0.480      0.038     12.796      0.000
    Y34                1.181      0.092     12.895      0.000

 ETA5     BY
    Y15                1.000      0.000    999.000    999.000
    Y25                0.480      0.038     12.796      0.000
    Y35                1.181      0.092     12.895      0.000

 THETA1   BY
    Y11                1.000      0.000    999.000    999.000
    Y21                0.795      0.047     17.049      0.000
    Y31                1.209      0.073     16.646      0.000
    Y12                1.000      0.000    999.000    999.000
    Y22                0.795      0.047     17.049      0.000
    Y32                1.209      0.073     16.646      0.000
    Y13                1.000      0.000    999.000    999.000
    Y23                0.795      0.047     17.049      0.000
    Y33                1.209      0.073     16.646      0.000
    Y14                1.000      0.000    999.000    999.000
    Y24                0.795      0.047     17.049      0.000
    Y34                1.209      0.073     16.646      0.000
    Y15                1.000      0.000    999.000    999.000
    Y25                0.795      0.047     17.049      0.000
    Y35                1.209      0.073     16.646      0.000

 ETA1     WITH
    ETA2               0.000      0.000    999.000    999.000
    ETA3               0.000      0.000    999.000    999.000
    ETA4               0.000      0.000    999.000    999.000
    ETA5               0.000      0.000    999.000    999.000
    THETA1             0.000      0.000    999.000    999.000

 ETA2     WITH
    ETA3               0.000      0.000    999.000    999.000
    ETA4               0.000      0.000    999.000    999.000
    ETA5               0.000      0.000    999.000    999.000
    THETA1             0.000      0.000    999.000    999.000

 ETA3     WITH
    ETA4               0.000      0.000    999.000    999.000
    ETA5               0.000      0.000    999.000    999.000
    THETA1             0.000      0.000    999.000    999.000

 ETA4     WITH
    ETA5               0.000      0.000    999.000    999.000
    THETA1             0.000      0.000    999.000    999.000

 ETA5     WITH
    THETA1             0.000      0.000    999.000    999.000

 Means
    THETA1             3.678      0.144     25.513      0.000

 Intercepts
    Y11                0.000      0.000    999.000    999.000
    Y21                0.111      0.179      0.619      0.536
    Y31                0.471      0.278      1.693      0.090
    Y12                0.000      0.000    999.000    999.000
    Y22                0.111      0.179      0.619      0.536
    Y32                0.471      0.278      1.693      0.090
    Y13                0.000      0.000    999.000    999.000
    Y23                0.111      0.179      0.619      0.536
    Y33                0.471      0.278      1.693      0.090
    Y14                0.000      0.000    999.000    999.000
    Y24                0.111      0.179      0.619      0.536
    Y34                0.471      0.278      1.693      0.090
    Y15                0.000      0.000    999.000    999.000
    Y25                0.111      0.179      0.619      0.536
    Y35                0.471      0.278      1.693      0.090

 Variances
    ETA1               2.012      0.230      8.754      0.000
    ETA2               2.012      0.230      8.754      0.000
    ETA3               2.012      0.230      8.754      0.000
    ETA4               2.012      0.230      8.754      0.000
    ETA5               2.012      0.230      8.754      0.000
    THETA1             1.486      0.291      5.101      0.000

 Residual Variances
    Y11                0.948      0.132      7.181      0.000
    Y21                0.579      0.046     12.471      0.000
    Y31                1.663      0.194      8.556      0.000
    Y12                0.948      0.132      7.181      0.000
    Y22                0.579      0.046     12.471      0.000
    Y32                1.663      0.194      8.556      0.000
    Y13                0.948      0.132      7.181      0.000
    Y23                0.579      0.046     12.471      0.000
    Y33                1.663      0.194      8.556      0.000
    Y14                0.948      0.132      7.181      0.000
    Y24                0.579      0.046     12.471      0.000
    Y34                1.663      0.194      8.556      0.000
    Y15                0.948      0.132      7.181      0.000
    Y25                0.579      0.046     12.471      0.000
    Y35                1.663      0.194      8.556      0.000


QUALITY OF NUMERICAL RESULTS

     Condition Number for the Information Matrix              0.913E-03
       (ratio of smallest to largest eigenvalue)


     Beginning Time:  14:39:25
        Ending Time:  14:39:26
       Elapsed Time:  00:00:01



MUTHEN & MUTHEN
3463 Stoner Ave.
Los Angeles, CA  90066

Tel: (310) 391-9971
Fax: (310) 391-8971
Web: www.StatModel.com
Support: Support@StatModel.com

Copyright (c) 1998-2017 Muthen & Muthen
