Mplus VERSION 8
MUTHEN & MUTHEN
02/18/2019  11:38 PM

INPUT INSTRUCTIONS

  TITLE: Your title goes here
  DATA: FILE = "Mplus_files_Results/msst_long_n100_i5_nt90_na0.dat";
  VARIABLE:
  NAMES = subjn time y1 y2 y3 y4 y5;
  MISSING=.;
  USEVAR = y1
  y2
  y3
  y4
  y5 ;
  CLUSTER = subjn ;

  ANALYSIS:
  TYPE = TWOLEVEL ;
  ESTIMATOR = ML ;
  ITERATIONS = 50000 ;
  H1ITERATIONS = 50000 ;


  MODEL:

  %WITHIN%

  ! Latent state residual
  eta BY y1@1
  y2 (las2)
  y3 (las3)
  y4 (las4)
  y5 (las5) ;

  ! Latent errors and latent state variances
  y1(o_err1) ;
  y2(o_err2) ;
  y3(o_err3) ;
  y4(o_err4) ;
  y5(o_err5) ;
  eta(s_var) ;

  %BETWEEN%

  ! Indicator trait variables
  theta1  BY  y1@1 ;
  theta2  BY  y2@1 ;
  theta3  BY  y3@1 ;
  theta4  BY  y4@1 ;
  theta5  BY  y5@1 ;

  ! Latent trait variable
  theta BY theta1@1
  theta2 (lat2)
  theta3 (lat3)
  theta4 (lat4)
  theta5 (lat5) ;

  ! Means and Intercepts
  [y1@0] ;
  [y2@0] ;
  [y3@0] ;
  [y4@0] ;
  [y5@0] ;
  [theta1@0] ;
  [theta2*] (int2) ;
  [theta3*] (int3) ;
  [theta4*] (int4) ;
  [theta5*] (int5) ;
  [theta*] ;

  ! Fixing level-2 residual variances at 0 and latent trait variance
  y1@0;
  y2@0;
  y3@0;
  y4@0;
  y5@0;
  theta1@0;
  theta2@0;
  theta3@0;
  theta4@0;
  theta5@0;
  theta(t_var) ;



INPUT READING TERMINATED NORMALLY



Your title goes here

SUMMARY OF ANALYSIS

Number of groups                                                 1
Number of observations                                        9000

Number of dependent variables                                    5
Number of independent variables                                  0
Number of continuous latent variables                            7

Observed dependent variables

  Continuous
   Y1          Y2          Y3          Y4          Y5

Continuous latent variables
   ETA         THETA1      THETA2      THETA3      THETA4      THETA5
   THETA

Variables with special functions

  Cluster variable      SUBJN

Estimator                                                       ML
Information matrix                                        OBSERVED
Maximum number of iterations                                 50000
Convergence criterion                                    0.100D-05
Maximum number of EM iterations                                500
Convergence criteria for the EM algorithm
  Loglikelihood change                                   0.100D-02
  Relative loglikelihood change                          0.100D-05
  Derivative                                             0.100D-03
Minimum variance                                         0.100D-03
Maximum number of steepest descent iterations                   20
Maximum number of iterations for H1                          50000
Convergence criterion for H1                             0.100D-03
Optimization algorithm                                         EMA

Input data file(s)
  Mplus_files_Results/msst_long_n100_i5_nt90_na0.dat
Input data format  FREE


SUMMARY OF DATA

     Number of missing data patterns             1
     Number of clusters                        100

     Average cluster size       90.000

     Estimated Intraclass Correlations for the Y Variables

                Intraclass              Intraclass              Intraclass
     Variable  Correlation   Variable  Correlation   Variable  Correlation

     Y1           0.354      Y2           0.513      Y3           0.331
     Y4           0.393      Y5           0.359



COVARIANCE COVERAGE OF DATA

Minimum covariance coverage value   0.100


     PROPORTION OF DATA PRESENT


           Covariance Coverage
              Y1            Y2            Y3            Y4            Y5
              ________      ________      ________      ________      ________
 Y1             1.000
 Y2             1.000         1.000
 Y3             1.000         1.000         1.000
 Y4             1.000         1.000         1.000         1.000
 Y5             1.000         1.000         1.000         1.000         1.000



UNIVARIATE SAMPLE STATISTICS


     UNIVARIATE HIGHER-ORDER MOMENT DESCRIPTIVE STATISTICS

         Variable/         Mean/     Skewness/   Minimum/ % with                Percentiles
        Sample Size      Variance    Kurtosis    Maximum  Min/Max      20%/60%    40%/80%    Median

     Y1                    4.122       0.036      -4.437    0.01%       2.259      3.555      4.098
            9000.000       4.713       0.000      12.042    0.01%       4.665      5.959
     Y2                    3.489       0.011      -1.811    0.01%       2.297      3.107      3.457
            9000.000       2.041      -0.036       8.841    0.01%       3.829      4.695
     Y3                    5.356      -0.013      -4.384    0.01%       3.105      4.693      5.361
            9000.000       7.245      -0.018      15.776    0.01%       6.032      7.657
     Y4                    4.319       0.037      -2.274    0.01%       2.743      3.820      4.313
            9000.000       3.488      -0.036      10.695    0.01%       4.777      5.904
     Y5                    5.365       0.042      -3.711    0.01%       3.373      4.722      5.363
            9000.000       5.611       0.005      14.956    0.01%       5.930      7.350


THE MODEL ESTIMATION TERMINATED NORMALLY



MODEL FIT INFORMATION

Number of Free Parameters                       20

Loglikelihood

          H0 Value                      -72890.095
          H1 Value                      -72888.481

Information Criteria

          Akaike (AIC)                  145820.190
          Bayesian (BIC)                145962.290
          Sample-Size Adjusted BIC      145898.733
            (n* = (n + 2) / 24)

Chi-Square Test of Model Fit

          Value                              3.228
          Degrees of Freedom                    15
          P-Value                           0.9994

RMSEA (Root Mean Square Error Of Approximation)

          Estimate                           0.000

CFI/TLI

          CFI                                1.000
          TLI                                1.001

Chi-Square Test of Model Fit for the Baseline Model

          Value                          26448.123
          Degrees of Freedom                    20
          P-Value                           0.0000

SRMR (Standardized Root Mean Square Residual)

          Value for Within                   0.002
          Value for Between                  0.000



MODEL RESULTS

                                                    Two-Tailed
                    Estimate       S.E.  Est./S.E.    P-Value

Within Level

 ETA      BY
    Y1                 1.000      0.000    999.000    999.000
    Y2                 0.491      0.007     71.618      0.000
    Y3                 1.291      0.014     89.971      0.000
    Y4                 0.800      0.010     82.776      0.000
    Y5                 1.075      0.013     85.945      0.000

 Variances
    ETA                2.048      0.045     45.650      0.000

 Residual Variances
    Y1                 0.995      0.019     51.160      0.000
    Y2                 0.501      0.008     59.482      0.000
    Y3                 1.436      0.030     48.672      0.000
    Y4                 0.805      0.015     54.540      0.000
    Y5                 1.230      0.024     52.195      0.000

Between Level

 THETA1   BY
    Y1                 1.000      0.000    999.000    999.000

 THETA2   BY
    Y2                 1.000      0.000    999.000    999.000

 THETA3   BY
    Y3                 1.000      0.000    999.000    999.000

 THETA4   BY
    Y4                 1.000      0.000    999.000    999.000

 THETA5   BY
    Y5                 1.000      0.000    999.000    999.000

 THETA    BY
    THETA1             1.000      0.000    999.000    999.000
    THETA2             0.792      0.009     83.986      0.000
    THETA3             1.198      0.014     85.996      0.000
    THETA4             0.906      0.011     85.884      0.000
    THETA5             1.098      0.013     85.763      0.000

 Means
    THETA              4.122      0.130     31.586      0.000

 Intercepts
    Y1                 0.000      0.000    999.000    999.000
    Y2                 0.000      0.000    999.000    999.000
    Y3                 0.000      0.000    999.000    999.000
    Y4                 0.000      0.000    999.000    999.000
    Y5                 0.000      0.000    999.000    999.000
    THETA1             0.000      0.000    999.000    999.000
    THETA2             0.226      0.041      5.549      0.000
    THETA3             0.418      0.060      6.942      0.000
    THETA4             0.584      0.046     12.819      0.000
    THETA5             0.839      0.055     15.178      0.000

 Variances
    THETA              1.669      0.241      6.932      0.000

 Residual Variances
    Y1                 0.000      0.000    999.000    999.000
    Y2                 0.000      0.000    999.000    999.000
    Y3                 0.000      0.000    999.000    999.000
    Y4                 0.000      0.000    999.000    999.000
    Y5                 0.000      0.000    999.000    999.000
    THETA1             0.000      0.000    999.000    999.000
    THETA2             0.000      0.000    999.000    999.000
    THETA3             0.000      0.000    999.000    999.000
    THETA4             0.000      0.000    999.000    999.000
    THETA5             0.000      0.000    999.000    999.000


QUALITY OF NUMERICAL RESULTS

     Condition Number for the Information Matrix              0.587E-04
       (ratio of smallest to largest eigenvalue)


     Beginning Time:  23:38:49
        Ending Time:  23:38:51
       Elapsed Time:  00:00:02



MUTHEN & MUTHEN
3463 Stoner Ave.
Los Angeles, CA  90066

Tel: (310) 391-9971
Fax: (310) 391-8971
Web: www.StatModel.com
Support: Support@StatModel.com

Copyright (c) 1998-2017 Muthen & Muthen
