Mplus VERSION 8
MUTHEN & MUTHEN
02/19/2019   2:07 AM

INPUT INSTRUCTIONS

  TITLE: Your title goes here
  DATA: FILE = "Mplus_files_Results/msst_long_n50_i5_nt120_na0.dat";
  VARIABLE:
  NAMES = subjn time y1 y2 y3 y4 y5;
  MISSING=.;
  USEVAR = y1
  y2
  y3
  y4
  y5 ;
  CLUSTER = subjn ;

  ANALYSIS:
  TYPE = TWOLEVEL ;
  ESTIMATOR = ML ;
  ITERATIONS = 50000 ;
  H1ITERATIONS = 50000 ;


  MODEL:

  %WITHIN%

  ! Latent state residual
  eta BY y1@1
  y2 (las2)
  y3 (las3)
  y4 (las4)
  y5 (las5) ;

  ! Latent errors and latent state variances
  y1(o_err1) ;
  y2(o_err2) ;
  y3(o_err3) ;
  y4(o_err4) ;
  y5(o_err5) ;
  eta(s_var) ;

  %BETWEEN%

  ! Indicator trait variables
  theta1  BY  y1@1 ;
  theta2  BY  y2@1 ;
  theta3  BY  y3@1 ;
  theta4  BY  y4@1 ;
  theta5  BY  y5@1 ;

  ! Latent trait variable
  theta BY theta1@1
  theta2 (lat2)
  theta3 (lat3)
  theta4 (lat4)
  theta5 (lat5) ;

  ! Means and Intercepts
  [y1@0] ;
  [y2@0] ;
  [y3@0] ;
  [y4@0] ;
  [y5@0] ;
  [theta1@0] ;
  [theta2*] (int2) ;
  [theta3*] (int3) ;
  [theta4*] (int4) ;
  [theta5*] (int5) ;
  [theta*] ;

  ! Fixing level-2 residual variances at 0 and latent trait variance
  y1@0;
  y2@0;
  y3@0;
  y4@0;
  y5@0;
  theta1@0;
  theta2@0;
  theta3@0;
  theta4@0;
  theta5@0;
  theta(t_var) ;



INPUT READING TERMINATED NORMALLY



Your title goes here

SUMMARY OF ANALYSIS

Number of groups                                                 1
Number of observations                                        6000

Number of dependent variables                                    5
Number of independent variables                                  0
Number of continuous latent variables                            7

Observed dependent variables

  Continuous
   Y1          Y2          Y3          Y4          Y5

Continuous latent variables
   ETA         THETA1      THETA2      THETA3      THETA4      THETA5
   THETA

Variables with special functions

  Cluster variable      SUBJN

Estimator                                                       ML
Information matrix                                        OBSERVED
Maximum number of iterations                                 50000
Convergence criterion                                    0.100D-05
Maximum number of EM iterations                                500
Convergence criteria for the EM algorithm
  Loglikelihood change                                   0.100D-02
  Relative loglikelihood change                          0.100D-05
  Derivative                                             0.100D-03
Minimum variance                                         0.100D-03
Maximum number of steepest descent iterations                   20
Maximum number of iterations for H1                          50000
Convergence criterion for H1                             0.100D-03
Optimization algorithm                                         EMA

Input data file(s)
  Mplus_files_Results/msst_long_n50_i5_nt120_na0.dat
Input data format  FREE


SUMMARY OF DATA

     Number of missing data patterns             1
     Number of clusters                         50

     Average cluster size      120.000

     Estimated Intraclass Correlations for the Y Variables

                Intraclass              Intraclass              Intraclass
     Variable  Correlation   Variable  Correlation   Variable  Correlation

     Y1           0.358      Y2           0.527      Y3           0.334
     Y4           0.412      Y5           0.367



COVARIANCE COVERAGE OF DATA

Minimum covariance coverage value   0.100


     PROPORTION OF DATA PRESENT


           Covariance Coverage
              Y1            Y2            Y3            Y4            Y5
              ________      ________      ________      ________      ________
 Y1             1.000
 Y2             1.000         1.000
 Y3             1.000         1.000         1.000
 Y4             1.000         1.000         1.000         1.000
 Y5             1.000         1.000         1.000         1.000         1.000



UNIVARIATE SAMPLE STATISTICS


     UNIVARIATE HIGHER-ORDER MOMENT DESCRIPTIVE STATISTICS

         Variable/         Mean/     Skewness/   Minimum/ % with                Percentiles
        Sample Size      Variance    Kurtosis    Maximum  Min/Max      20%/60%    40%/80%    Median

     Y1                    4.055       0.041      -4.242    0.02%       2.255      3.474      4.018
            6000.000       4.716      -0.011      11.631    0.02%       4.585      5.895
     Y2                    3.433       0.082      -1.641    0.02%       2.222      3.034      3.418
            6000.000       2.068      -0.043       9.474    0.02%       3.768      4.631
     Y3                    5.253       0.067      -4.077    0.02%       2.957      4.528      5.232
            6000.000       7.310      -0.002      16.530    0.02%       5.949      7.538
     Y4                    4.242       0.109      -1.532    0.02%       2.694      3.721      4.189
            6000.000       3.424      -0.032      11.396    0.02%       4.661      5.779
     Y5                    5.255       0.035      -3.039    0.02%       3.289      4.661      5.266
            6000.000       5.529       0.022      14.281    0.02%       5.834      7.179


THE MODEL ESTIMATION TERMINATED NORMALLY



MODEL FIT INFORMATION

Number of Free Parameters                       20

Loglikelihood

          H0 Value                      -48540.040
          H1 Value                      -48533.754

Information Criteria

          Akaike (AIC)                   97120.079
          Bayesian (BIC)                 97254.069
          Sample-Size Adjusted BIC       97190.515
            (n* = (n + 2) / 24)

Chi-Square Test of Model Fit

          Value                             12.572
          Degrees of Freedom                    15
          P-Value                           0.6353

RMSEA (Root Mean Square Error Of Approximation)

          Estimate                           0.000

CFI/TLI

          CFI                                1.000
          TLI                                1.000

Chi-Square Test of Model Fit for the Baseline Model

          Value                          16910.369
          Degrees of Freedom                    20
          P-Value                           0.0000

SRMR (Standardized Root Mean Square Residual)

          Value for Within                   0.004
          Value for Between                  0.000



MODEL RESULTS

                                                    Two-Tailed
                    Estimate       S.E.  Est./S.E.    P-Value

Within Level

 ETA      BY
    Y1                 1.000      0.000    999.000    999.000
    Y2                 0.491      0.009     57.199      0.000
    Y3                 1.293      0.018     70.665      0.000
    Y4                 0.779      0.012     64.895      0.000
    Y5                 1.091      0.016     69.742      0.000

 Variances
    ETA                1.990      0.054     36.565      0.000

 Residual Variances
    Y1                 1.038      0.025     42.150      0.000
    Y2                 0.500      0.010     48.504      0.000
    Y3                 1.542      0.038     40.593      0.000
    Y4                 0.804      0.018     44.980      0.000
    Y5                 1.133      0.028     40.971      0.000

Between Level

 THETA1   BY
    Y1                 1.000      0.000    999.000    999.000

 THETA2   BY
    Y2                 1.000      0.000    999.000    999.000

 THETA3   BY
    Y3                 1.000      0.000    999.000    999.000

 THETA4   BY
    Y4                 1.000      0.000    999.000    999.000

 THETA5   BY
    Y5                 1.000      0.000    999.000    999.000

 THETA    BY
    THETA1             1.000      0.000    999.000    999.000
    THETA2             0.803      0.012     68.538      0.000
    THETA3             1.203      0.018     68.728      0.000
    THETA4             0.915      0.013     69.768      0.000
    THETA5             1.097      0.015     70.992      0.000

 Means
    THETA              4.055      0.185     21.913      0.000

 Intercepts
    Y1                 0.000      0.000    999.000    999.000
    Y2                 0.000      0.000    999.000    999.000
    Y3                 0.000      0.000    999.000    999.000
    Y4                 0.000      0.000    999.000    999.000
    Y5                 0.000      0.000    999.000    999.000
    THETA1             0.000      0.000    999.000    999.000
    THETA2             0.176      0.050      3.519      0.000
    THETA3             0.374      0.075      5.020      0.000
    THETA4             0.532      0.056      9.531      0.000
    THETA5             0.808      0.066     12.279      0.000

 Variances
    THETA              1.687      0.343      4.914      0.000

 Residual Variances
    Y1                 0.000      0.000    999.000    999.000
    Y2                 0.000      0.000    999.000    999.000
    Y3                 0.000      0.000    999.000    999.000
    Y4                 0.000      0.000    999.000    999.000
    Y5                 0.000      0.000    999.000    999.000
    THETA1             0.000      0.000    999.000    999.000
    THETA2             0.000      0.000    999.000    999.000
    THETA3             0.000      0.000    999.000    999.000
    THETA4             0.000      0.000    999.000    999.000
    THETA5             0.000      0.000    999.000    999.000


QUALITY OF NUMERICAL RESULTS

     Condition Number for the Information Matrix              0.276E-04
       (ratio of smallest to largest eigenvalue)


     Beginning Time:  02:07:16
        Ending Time:  02:07:18
       Elapsed Time:  00:00:02



MUTHEN & MUTHEN
3463 Stoner Ave.
Los Angeles, CA  90066

Tel: (310) 391-9971
Fax: (310) 391-8971
Web: www.StatModel.com
Support: Support@StatModel.com

Copyright (c) 1998-2017 Muthen & Muthen
