Mplus VERSION 8
MUTHEN & MUTHEN
02/15/2019   7:20 PM

INPUT INSTRUCTIONS

  TITLE: Your title goes here
  DATA: FILE = "Mplus_files_Results/msst_long_n500_i3_nt75_na0.dat";
  VARIABLE:
  NAMES = subjn time y1 y2 y3;
  MISSING=.;
  USEVAR = y1
  y2
  y3 ;
  CLUSTER = subjn ;

  ANALYSIS:
  TYPE = TWOLEVEL ;
  ESTIMATOR = ML ;
  ITERATIONS = 50000 ;
  H1ITERATIONS = 50000 ;


  MODEL:

  %WITHIN%

  ! Latent state residual
  eta BY y1@1
  y2 (las2)
  y3 (las3) ;

  ! Latent errors and latent state variances
  y1(o_err1) ;
  y2(o_err2) ;
  y3(o_err3) ;
  eta(s_var) ;

  %BETWEEN%

  ! Indicator trait variables
  theta1  BY  y1@1 ;
  theta2  BY  y2@1 ;
  theta3  BY  y3@1 ;

  ! Latent trait variable
  theta BY theta1@1
  theta2 (lat2)
  theta3 (lat3) ;

  ! Means and Intercepts
  [y1@0] ;
  [y2@0] ;
  [y3@0] ;
  [theta1@0] ;
  [theta2*] (int2) ;
  [theta3*] (int3) ;
  [theta*] ;

  ! Fixing level-2 residual variances at 0 and latent trait variance
  y1@0;
  y2@0;
  y3@0;
  theta1@0;
  theta2@0;
  theta3@0;
  theta(t_var) ;



INPUT READING TERMINATED NORMALLY



Your title goes here

SUMMARY OF ANALYSIS

Number of groups                                                 1
Number of observations                                       37500

Number of dependent variables                                    3
Number of independent variables                                  0
Number of continuous latent variables                            5

Observed dependent variables

  Continuous
   Y1          Y2          Y3

Continuous latent variables
   ETA         THETA1      THETA2      THETA3      THETA

Variables with special functions

  Cluster variable      SUBJN

Estimator                                                       ML
Information matrix                                        OBSERVED
Maximum number of iterations                                 50000
Convergence criterion                                    0.100D-05
Maximum number of EM iterations                                500
Convergence criteria for the EM algorithm
  Loglikelihood change                                   0.100D-02
  Relative loglikelihood change                          0.100D-05
  Derivative                                             0.100D-03
Minimum variance                                         0.100D-03
Maximum number of steepest descent iterations                   20
Maximum number of iterations for H1                          50000
Convergence criterion for H1                             0.100D-03
Optimization algorithm                                         EMA

Input data file(s)
  Mplus_files_Results/msst_long_n500_i3_nt75_na0.dat
Input data format  FREE


SUMMARY OF DATA

     Number of missing data patterns             1
     Number of clusters                        500

     Average cluster size       75.000

     Estimated Intraclass Correlations for the Y Variables

                Intraclass              Intraclass              Intraclass
     Variable  Correlation   Variable  Correlation   Variable  Correlation

     Y1           0.385      Y2           0.548      Y3           0.359



COVARIANCE COVERAGE OF DATA

Minimum covariance coverage value   0.100


     PROPORTION OF DATA PRESENT


           Covariance Coverage
              Y1            Y2            Y3
              ________      ________      ________
 Y1             1.000
 Y2             1.000         1.000
 Y3             1.000         1.000         1.000



UNIVARIATE SAMPLE STATISTICS


     UNIVARIATE HIGHER-ORDER MOMENT DESCRIPTIVE STATISTICS

         Variable/         Mean/     Skewness/   Minimum/ % with                Percentiles
        Sample Size      Variance    Kurtosis    Maximum  Min/Max      20%/60%    40%/80%    Median

     Y1                    4.048       0.023      -5.177    0.00%       2.185      3.479      4.040
           37500.000       4.937       0.017      12.572    0.00%       4.592      5.909
     Y2                    3.437       0.029      -2.557    0.00%       2.184      3.047      3.424
           37500.000       2.239      -0.012      10.043    0.00%       3.802      4.700
     Y3                    5.248       0.036      -5.095    0.00%       2.924      4.528      5.223
           37500.000       7.645       0.006      16.833    0.00%       5.931      7.585


THE MODEL ESTIMATION TERMINATED NORMALLY



MODEL FIT INFORMATION

Number of Free Parameters                       12

Loglikelihood

          H0 Value                     -190094.901
          H1 Value                     -190094.891

Information Criteria

          Akaike (AIC)                  380213.802
          Bayesian (BIC)                380316.187
          Sample-Size Adjusted BIC      380278.051
            (n* = (n + 2) / 24)

Chi-Square Test of Model Fit

          Value                              0.020
          Degrees of Freedom                     3
          P-Value                           0.9992

RMSEA (Root Mean Square Error Of Approximation)

          Estimate                           0.000

CFI/TLI

          CFI                                1.000
          TLI                                1.000

Chi-Square Test of Model Fit for the Baseline Model

          Value                          46866.551
          Degrees of Freedom                     6
          P-Value                           0.0000

SRMR (Standardized Root Mean Square Residual)

          Value for Within                   0.000
          Value for Between                  0.000



MODEL RESULTS

                                                    Two-Tailed
                    Estimate       S.E.  Est./S.E.    P-Value

Within Level

 ETA      BY
    Y1                 1.000      0.000    999.000    999.000
    Y2                 0.504      0.004    132.790      0.000
    Y3                 1.285      0.009    141.083      0.000

 Variances
    ETA                2.035      0.024     85.261      0.000

 Residual Variances
    Y1                 1.001      0.013     74.794      0.000
    Y2                 0.495      0.005    107.326      0.000
    Y3                 1.539      0.022     71.025      0.000

Between Level

 THETA1   BY
    Y1                 1.000      0.000    999.000    999.000

 THETA2   BY
    Y2                 1.000      0.000    999.000    999.000

 THETA3   BY
    Y3                 1.000      0.000    999.000    999.000

 THETA    BY
    THETA1             1.000      0.000    999.000    999.000
    THETA2             0.803      0.004    184.510      0.000
    THETA3             1.202      0.007    183.965      0.000

 Means
    THETA              4.048      0.062     64.981      0.000

 Intercepts
    Y1                 0.000      0.000    999.000    999.000
    Y2                 0.000      0.000    999.000    999.000
    Y3                 0.000      0.000    999.000    999.000
    THETA1             0.000      0.000    999.000    999.000
    THETA2             0.187      0.019     10.028      0.000
    THETA3             0.381      0.028     13.640      0.000

 Variances
    THETA              1.900      0.123     15.496      0.000

 Residual Variances
    Y1                 0.000      0.000    999.000    999.000
    Y2                 0.000      0.000    999.000    999.000
    Y3                 0.000      0.000    999.000    999.000
    THETA1             0.000      0.000    999.000    999.000
    THETA2             0.000      0.000    999.000    999.000
    THETA3             0.000      0.000    999.000    999.000


QUALITY OF NUMERICAL RESULTS

     Condition Number for the Information Matrix              0.777E-04
       (ratio of smallest to largest eigenvalue)


     Beginning Time:  19:20:19
        Ending Time:  19:20:26
       Elapsed Time:  00:00:07



MUTHEN & MUTHEN
3463 Stoner Ave.
Los Angeles, CA  90066

Tel: (310) 391-9971
Fax: (310) 391-8971
Web: www.StatModel.com
Support: Support@StatModel.com

Copyright (c) 1998-2017 Muthen & Muthen
