Mplus VERSION 8
MUTHEN & MUTHEN
02/15/2019   6:33 PM

INPUT INSTRUCTIONS

  TITLE: Your title goes here
  DATA: FILE = "Mplus_files_Results/msst_long_n50_i3_nt75_na0.dat";
  VARIABLE:
  NAMES = subjn time y1 y2 y3;
  MISSING=.;
  USEVAR = y1
  y2
  y3 ;
  CLUSTER = subjn ;

  ANALYSIS:
  TYPE = TWOLEVEL ;
  ESTIMATOR = ML ;
  ITERATIONS = 50000 ;
  H1ITERATIONS = 50000 ;


  MODEL:

  %WITHIN%

  ! Latent state residual
  eta BY y1@1
  y2 (las2)
  y3 (las3) ;

  ! Latent errors and latent state variances
  y1(o_err1) ;
  y2(o_err2) ;
  y3(o_err3) ;
  eta(s_var) ;

  %BETWEEN%

  ! Indicator trait variables
  theta1  BY  y1@1 ;
  theta2  BY  y2@1 ;
  theta3  BY  y3@1 ;

  ! Latent trait variable
  theta BY theta1@1
  theta2 (lat2)
  theta3 (lat3) ;

  ! Means and Intercepts
  [y1@0] ;
  [y2@0] ;
  [y3@0] ;
  [theta1@0] ;
  [theta2*] (int2) ;
  [theta3*] (int3) ;
  [theta*] ;

  ! Fixing level-2 residual variances at 0 and latent trait variance
  y1@0;
  y2@0;
  y3@0;
  theta1@0;
  theta2@0;
  theta3@0;
  theta(t_var) ;



INPUT READING TERMINATED NORMALLY



Your title goes here

SUMMARY OF ANALYSIS

Number of groups                                                 1
Number of observations                                        3750

Number of dependent variables                                    3
Number of independent variables                                  0
Number of continuous latent variables                            5

Observed dependent variables

  Continuous
   Y1          Y2          Y3

Continuous latent variables
   ETA         THETA1      THETA2      THETA3      THETA

Variables with special functions

  Cluster variable      SUBJN

Estimator                                                       ML
Information matrix                                        OBSERVED
Maximum number of iterations                                 50000
Convergence criterion                                    0.100D-05
Maximum number of EM iterations                                500
Convergence criteria for the EM algorithm
  Loglikelihood change                                   0.100D-02
  Relative loglikelihood change                          0.100D-05
  Derivative                                             0.100D-03
Minimum variance                                         0.100D-03
Maximum number of steepest descent iterations                   20
Maximum number of iterations for H1                          50000
Convergence criterion for H1                             0.100D-03
Optimization algorithm                                         EMA

Input data file(s)
  Mplus_files_Results/msst_long_n50_i3_nt75_na0.dat
Input data format  FREE


SUMMARY OF DATA

     Number of missing data patterns             1
     Number of clusters                         50

     Average cluster size       75.000

     Estimated Intraclass Correlations for the Y Variables

                Intraclass              Intraclass              Intraclass
     Variable  Correlation   Variable  Correlation   Variable  Correlation

     Y1           0.366      Y2           0.529      Y3           0.332



COVARIANCE COVERAGE OF DATA

Minimum covariance coverage value   0.100


     PROPORTION OF DATA PRESENT


           Covariance Coverage
              Y1            Y2            Y3
              ________      ________      ________
 Y1             1.000
 Y2             1.000         1.000
 Y3             1.000         1.000         1.000



UNIVARIATE SAMPLE STATISTICS


     UNIVARIATE HIGHER-ORDER MOMENT DESCRIPTIVE STATISTICS

         Variable/         Mean/     Skewness/   Minimum/ % with                Percentiles
        Sample Size      Variance    Kurtosis    Maximum  Min/Max      20%/60%    40%/80%    Median

     Y1                    4.052       0.042      -2.389    0.03%       2.219      3.503      4.065
            3750.000       4.607      -0.104      12.212    0.03%       4.608      5.902
     Y2                    3.442       0.010      -1.476    0.03%       2.240      3.074      3.450
            3750.000       2.041       0.005       8.110    0.03%       3.779      4.669
     Y3                    5.258      -0.042      -4.907    0.03%       2.927      4.591      5.302
            3750.000       7.260      -0.092      13.832    0.03%       5.976      7.561


THE MODEL ESTIMATION TERMINATED NORMALLY



MODEL FIT INFORMATION

Number of Free Parameters                       12

Loglikelihood

          H0 Value                      -18948.758
          H1 Value                      -18948.690

Information Criteria

          Akaike (AIC)                   37921.515
          Bayesian (BIC)                 37996.270
          Sample-Size Adjusted BIC       37958.139
            (n* = (n + 2) / 24)

Chi-Square Test of Model Fit

          Value                              0.136
          Degrees of Freedom                     3
          P-Value                           0.9872

RMSEA (Root Mean Square Error Of Approximation)

          Estimate                           0.000

CFI/TLI

          CFI                                1.000
          TLI                                1.001

Chi-Square Test of Model Fit for the Baseline Model

          Value                           4427.572
          Degrees of Freedom                     6
          P-Value                           0.0000

SRMR (Standardized Root Mean Square Residual)

          Value for Within                   0.000
          Value for Between                  0.000



MODEL RESULTS

                                                    Two-Tailed
                    Estimate       S.E.  Est./S.E.    P-Value

Within Level

 ETA      BY
    Y1                 1.000      0.000    999.000    999.000
    Y2                 0.486      0.012     39.419      0.000
    Y3                 1.330      0.031     42.284      0.000

 Variances
    ETA                1.903      0.073     26.071      0.000

 Residual Variances
    Y1                 1.016      0.043     23.639      0.000
    Y2                 0.511      0.015     35.046      0.000
    Y3                 1.481      0.072     20.479      0.000

Between Level

 THETA1   BY
    Y1                 1.000      0.000    999.000    999.000

 THETA2   BY
    Y2                 1.000      0.000    999.000    999.000

 THETA3   BY
    Y3                 1.000      0.000    999.000    999.000

 THETA    BY
    THETA1             1.000      0.000    999.000    999.000
    THETA2             0.800      0.015     54.407      0.000
    THETA3             1.196      0.022     54.836      0.000

 Means
    THETA              4.052      0.186     21.803      0.000

 Intercepts
    Y1                 0.000      0.000    999.000    999.000
    Y2                 0.000      0.000    999.000    999.000
    Y3                 0.000      0.000    999.000    999.000
    THETA1             0.000      0.000    999.000    999.000
    THETA2             0.201      0.063      3.208      0.001
    THETA3             0.412      0.093      4.446      0.000

 Variances
    THETA              1.688      0.345      4.892      0.000

 Residual Variances
    Y1                 0.000      0.000    999.000    999.000
    Y2                 0.000      0.000    999.000    999.000
    Y3                 0.000      0.000    999.000    999.000
    THETA1             0.000      0.000    999.000    999.000
    THETA2             0.000      0.000    999.000    999.000
    THETA3             0.000      0.000    999.000    999.000


QUALITY OF NUMERICAL RESULTS

     Condition Number for the Information Matrix              0.112E-03
       (ratio of smallest to largest eigenvalue)


     Beginning Time:  18:33:22
        Ending Time:  18:33:23
       Elapsed Time:  00:00:01



MUTHEN & MUTHEN
3463 Stoner Ave.
Los Angeles, CA  90066

Tel: (310) 391-9971
Fax: (310) 391-8971
Web: www.StatModel.com
Support: Support@StatModel.com

Copyright (c) 1998-2017 Muthen & Muthen
