Mplus VERSION 8
MUTHEN & MUTHEN
02/19/2019  10:39 AM

INPUT INSTRUCTIONS

  TITLE: Your title goes here
  DATA: FILE = "Mplus_files_Results/msst_wide_trunc_n100_i3_nt15_na0.1.dat";
  VARIABLE:
  NAMES = subjn y11 y21 y31 y12 y22 y32 y13 y23 y33 y14 y24 y34 y15 y25 y35 y16 y26
       y36 y17 y27 y37 y18 y28 y38 y19 y29 y39 y110 y210 y310 y111 y211 y311 y112 y212
       y312 y113 y213 y313 y114 y214 y314 y115 y215 y315;
  MISSING=.;
  USEVAR = y11
  y21
  y31
  y12
  y22
  y32
  y13
  y23
  y33
  y14
  y24
  y34
  y15
  y25
  y35
  y16
  y26
  y36
  y17
  y27
  y37
  y18
  y28
  y38
  y19
  y29
  y39
  y110
  y210
  y310
  y111
  y211
  y311
  y112
  y212
  y312
  y113
  y213
  y313
  y114
  y214
  y314
  y115
  y215
  y315 ;


  ANALYSIS:
  TYPE = GENERAL ;
  ESTIMATOR = ML ;
  ITERATIONS = 50000 ;
  H1ITERATIONS = 50000 ;


  MODEL:

  ! Latent state variables
  eta1 BY y11@1
  y21 (las21)
  y31 (las31) ;
  eta2 BY y12@1
  y22 (las21)
  y32 (las31) ;
  eta3 BY y13@1
  y23 (las21)
  y33 (las31) ;
  eta4 BY y14@1
  y24 (las21)
  y34 (las31) ;
  eta5 BY y15@1
  y25 (las21)
  y35 (las31) ;
  eta6 BY y16@1
  y26 (las21)
  y36 (las31) ;
  eta7 BY y17@1
  y27 (las21)
  y37 (las31) ;
  eta8 BY y18@1
  y28 (las21)
  y38 (las31) ;
  eta9 BY y19@1
  y29 (las21)
  y39 (las31) ;
  eta10 BY y110@1
  y210 (las21)
  y310 (las31) ;
  eta11 BY y111@1
  y211 (las21)
  y311 (las31) ;
  eta12 BY y112@1
  y212 (las21)
  y312 (las31) ;
  eta13 BY y113@1
  y213 (las21)
  y313 (las31) ;
  eta14 BY y114@1
  y214 (las21)
  y314 (las31) ;
  eta15 BY y115@1
  y215 (las21)
  y315 (las31) ;

  ! Latent trait variables
  theta1 BY y11@1
  y21 (lat21)
  y31 (lat31)
  y12@1
  y22 (lat21)
  y32 (lat31)
  y13@1
  y23 (lat21)
  y33 (lat31)
  y14@1
  y24 (lat21)
  y34 (lat31)
  y15@1
  y25 (lat21)
  y35 (lat31)
  y16@1
  y26 (lat21)
  y36 (lat31)
  y17@1
  y27 (lat21)
  y37 (lat31)
  y18@1
  y28 (lat21)
  y38 (lat31)
  y19@1
  y29 (lat21)
  y39 (lat31)
  y110@1
  y210 (lat21)
  y310 (lat31)
  y111@1
  y211 (lat21)
  y311 (lat31)
  y112@1
  y212 (lat21)
  y312 (lat31)
  y113@1
  y213 (lat21)
  y313 (lat31)
  y114@1
  y214 (lat21)
  y314 (lat31)
  y115@1
  y215 (lat21)
  y315 (lat31) ;

  ! Intercepts and means

  [y11@0] ;
  [y21*] (int21) ;
  [y31*] (int31) ;
  [y12@0] ;
  [y22*] (int21) ;
  [y32*] (int31) ;
  [y13@0] ;
  [y23*] (int21) ;
  [y33*] (int31) ;
  [y14@0] ;
  [y24*] (int21) ;
  [y34*] (int31) ;
  [y15@0] ;
  [y25*] (int21) ;
  [y35*] (int31) ;
  [y16@0] ;
  [y26*] (int21) ;
  [y36*] (int31) ;
  [y17@0] ;
  [y27*] (int21) ;
  [y37*] (int31) ;
  [y18@0] ;
  [y28*] (int21) ;
  [y38*] (int31) ;
  [y19@0] ;
  [y29*] (int21) ;
  [y39*] (int31) ;
  [y110@0] ;
  [y210*] (int21) ;
  [y310*] (int31) ;
  [y111@0] ;
  [y211*] (int21) ;
  [y311*] (int31) ;
  [y112@0] ;
  [y212*] (int21) ;
  [y312*] (int31) ;
  [y113@0] ;
  [y213*] (int21) ;
  [y313*] (int31) ;
  [y114@0] ;
  [y214*] (int21) ;
  [y314*] (int31) ;
  [y115@0] ;
  [y215*] (int21) ;
  [y315*] (int31) ;
  [theta1*] ;

  ! Variance components
  y11(o_err11) ;
  y21(o_err21) ;
  y31(o_err31) ;
  y12(o_err11) ;
  y22(o_err21) ;
  y32(o_err31) ;
  y13(o_err11) ;
  y23(o_err21) ;
  y33(o_err31) ;
  y14(o_err11) ;
  y24(o_err21) ;
  y34(o_err31) ;
  y15(o_err11) ;
  y25(o_err21) ;
  y35(o_err31) ;
  y16(o_err11) ;
  y26(o_err21) ;
  y36(o_err31) ;
  y17(o_err11) ;
  y27(o_err21) ;
  y37(o_err31) ;
  y18(o_err11) ;
  y28(o_err21) ;
  y38(o_err31) ;
  y19(o_err11) ;
  y29(o_err21) ;
  y39(o_err31) ;
  y110(o_err11) ;
  y210(o_err21) ;
  y310(o_err31) ;
  y111(o_err11) ;
  y211(o_err21) ;
  y311(o_err31) ;
  y112(o_err11) ;
  y212(o_err21) ;
  y312(o_err31) ;
  y113(o_err11) ;
  y213(o_err21) ;
  y313(o_err31) ;
  y114(o_err11) ;
  y214(o_err21) ;
  y314(o_err31) ;
  y115(o_err11) ;
  y215(o_err21) ;
  y315(o_err31) ;
  eta1(s_var11) ;
  eta2(s_var11) ;
  eta3(s_var11) ;
  eta4(s_var11) ;
  eta5(s_var11) ;
  eta6(s_var11) ;
  eta7(s_var11) ;
  eta8(s_var11) ;
  eta9(s_var11) ;
  eta10(s_var11) ;
  eta11(s_var11) ;
  eta12(s_var11) ;
  eta13(s_var11) ;
  eta14(s_var11) ;
  eta15(s_var11) ;
  theta1(t_var1) ;

  ! Set zero covariances
  eta1 WITH eta2@0
  eta3@0
  eta4@0
  eta5@0
  eta6@0
  eta7@0
  eta8@0
  eta9@0
  eta10@0
  eta11@0
  eta12@0
  eta13@0
  eta14@0
  eta15@0
  theta1@0 ;
  eta2 WITH eta3@0
  eta4@0
  eta5@0
  eta6@0
  eta7@0
  eta8@0
  eta9@0
  eta10@0
  eta11@0
  eta12@0
  eta13@0
  eta14@0
  eta15@0
  theta1@0 ;
  eta3 WITH eta4@0
  eta5@0
  eta6@0
  eta7@0
  eta8@0
  eta9@0
  eta10@0
  eta11@0
  eta12@0
  eta13@0
  eta14@0
  eta15@0
  theta1@0 ;
  eta4 WITH eta5@0
  eta6@0
  eta7@0
  eta8@0
  eta9@0
  eta10@0
  eta11@0
  eta12@0
  eta13@0
  eta14@0
  eta15@0
  theta1@0 ;
  eta5 WITH eta6@0
  eta7@0
  eta8@0
  eta9@0
  eta10@0
  eta11@0
  eta12@0
  eta13@0
  eta14@0
  eta15@0
  theta1@0 ;
  eta6 WITH eta7@0
  eta8@0
  eta9@0
  eta10@0
  eta11@0
  eta12@0
  eta13@0
  eta14@0
  eta15@0
  theta1@0 ;
  eta7 WITH eta8@0
  eta9@0
  eta10@0
  eta11@0
  eta12@0
  eta13@0
  eta14@0
  eta15@0
  theta1@0 ;
  eta8 WITH eta9@0
  eta10@0
  eta11@0
  eta12@0
  eta13@0
  eta14@0
  eta15@0
  theta1@0 ;
  eta9 WITH eta10@0
  eta11@0
  eta12@0
  eta13@0
  eta14@0
  eta15@0
  theta1@0 ;
  eta10 WITH eta11@0
  eta12@0
  eta13@0
  eta14@0
  eta15@0
  theta1@0 ;
  eta11 WITH eta12@0
  eta13@0
  eta14@0
  eta15@0
  theta1@0 ;
  eta12 WITH eta13@0
  eta14@0
  eta15@0
  theta1@0 ;
  eta13 WITH eta14@0
  eta15@0
  theta1@0 ;
  eta14 WITH eta15@0
  theta1@0 ;
  eta15 WITH theta1@0 ;



INPUT READING TERMINATED NORMALLY



Your title goes here

SUMMARY OF ANALYSIS

Number of groups                                                 1
Number of observations                                         100

Number of dependent variables                                   45
Number of independent variables                                  0
Number of continuous latent variables                           16

Observed dependent variables

  Continuous
   Y11         Y21         Y31         Y12         Y22         Y32
   Y13         Y23         Y33         Y14         Y24         Y34
   Y15         Y25         Y35         Y16         Y26         Y36
   Y17         Y27         Y37         Y18         Y28         Y38
   Y19         Y29         Y39         Y110        Y210        Y310
   Y111        Y211        Y311        Y112        Y212        Y312
   Y113        Y213        Y313        Y114        Y214        Y314
   Y115        Y215        Y315

Continuous latent variables
   ETA1        ETA2        ETA3        ETA4        ETA5        ETA6
   ETA7        ETA8        ETA9        ETA10       ETA11       ETA12
   ETA13       ETA14       ETA15       THETA1


Estimator                                                       ML
Information matrix                                        OBSERVED
Maximum number of iterations                                 50000
Convergence criterion                                    0.500D-04
Maximum number of steepest descent iterations                   20
Maximum number of iterations for H1                          50000
Convergence criterion for H1                             0.100D-03

Input data file(s)
  Mplus_files_Results/msst_wide_trunc_n100_i3_nt15_na0.1.dat

Input data format  FREE


SUMMARY OF DATA

     Number of missing data patterns           100


COVARIANCE COVERAGE OF DATA

Minimum covariance coverage value   0.100


     PROPORTION OF DATA PRESENT


           Covariance Coverage
              Y11           Y21           Y31           Y12           Y22
              ________      ________      ________      ________      ________
 Y11            0.880
 Y21            0.830         0.940
 Y31            0.840         0.890         0.950
 Y12            0.780         0.850         0.860         0.900
 Y22            0.790         0.830         0.840         0.800         0.880
 Y32            0.830         0.890         0.890         0.860         0.830
 Y13            0.780         0.850         0.840         0.830         0.770
 Y23            0.810         0.850         0.880         0.820         0.790
 Y33            0.790         0.830         0.850         0.800         0.780
 Y14            0.760         0.820         0.820         0.780         0.770
 Y24            0.790         0.860         0.860         0.840         0.800
 Y34            0.790         0.830         0.840         0.790         0.790
 Y15            0.840         0.900         0.920         0.870         0.850
 Y25            0.770         0.830         0.860         0.790         0.780
 Y35            0.770         0.840         0.830         0.800         0.790
 Y16            0.780         0.810         0.820         0.790         0.800
 Y26            0.780         0.840         0.840         0.790         0.790
 Y36            0.800         0.860         0.870         0.830         0.810
 Y17            0.830         0.870         0.880         0.840         0.820
 Y27            0.810         0.870         0.890         0.840         0.830
 Y37            0.790         0.840         0.830         0.780         0.780
 Y18            0.760         0.820         0.820         0.780         0.760
 Y28            0.820         0.860         0.870         0.830         0.800
 Y38            0.810         0.840         0.840         0.800         0.800
 Y19            0.820         0.870         0.890         0.830         0.810
 Y29            0.810         0.870         0.870         0.820         0.800
 Y39            0.790         0.850         0.860         0.820         0.800
 Y110           0.770         0.820         0.840         0.780         0.760
 Y210           0.800         0.870         0.870         0.830         0.810
 Y310           0.770         0.840         0.850         0.800         0.770
 Y111           0.760         0.830         0.840         0.790         0.780
 Y211           0.830         0.870         0.880         0.860         0.830
 Y311           0.830         0.860         0.890         0.840         0.820
 Y112           0.830         0.890         0.900         0.870         0.830
 Y212           0.820         0.870         0.880         0.830         0.820
 Y312           0.820         0.890         0.900         0.840         0.830
 Y113           0.830         0.890         0.900         0.850         0.840
 Y213           0.770         0.840         0.840         0.790         0.770
 Y313           0.850         0.900         0.920         0.860         0.840
 Y114           0.800         0.820         0.830         0.790         0.790
 Y214           0.790         0.840         0.840         0.800         0.790
 Y314           0.820         0.850         0.860         0.810         0.800
 Y115           0.850         0.890         0.910         0.860         0.830
 Y215           0.800         0.870         0.880         0.840         0.800
 Y315           0.820         0.860         0.870         0.820         0.810


           Covariance Coverage
              Y32           Y13           Y23           Y33           Y14
              ________      ________      ________      ________      ________
 Y32            0.940
 Y13            0.840         0.890
 Y23            0.850         0.810         0.910
 Y33            0.840         0.780         0.830         0.890
 Y14            0.810         0.770         0.790         0.760         0.870
 Y24            0.860         0.820         0.830         0.820         0.790
 Y34            0.830         0.790         0.790         0.780         0.770
 Y15            0.900         0.850         0.890         0.850         0.830
 Y25            0.830         0.780         0.800         0.790         0.780
 Y35            0.820         0.780         0.790         0.780         0.790
 Y16            0.800         0.770         0.780         0.760         0.760
 Y26            0.840         0.790         0.810         0.780         0.770
 Y36            0.880         0.830         0.830         0.810         0.800
 Y17            0.870         0.840         0.860         0.830         0.810
 Y27            0.870         0.820         0.840         0.820         0.810
 Y37            0.810         0.780         0.820         0.790         0.770
 Y18            0.810         0.780         0.780         0.770         0.760
 Y28            0.860         0.830         0.860         0.830         0.800
 Y38            0.840         0.790         0.810         0.780         0.760
 Y19            0.870         0.820         0.860         0.830         0.800
 Y29            0.860         0.810         0.840         0.820         0.810
 Y39            0.850         0.800         0.820         0.800         0.790
 Y110           0.820         0.770         0.800         0.800         0.760
 Y210           0.870         0.810         0.840         0.820         0.810
 Y310           0.840         0.790         0.810         0.790         0.770
 Y111           0.840         0.780         0.790         0.800         0.770
 Y211           0.870         0.820         0.850         0.840         0.810
 Y311           0.860         0.810         0.830         0.830         0.790
 Y112           0.910         0.860         0.860         0.850         0.820
 Y212           0.880         0.820         0.850         0.830         0.810
 Y312           0.880         0.830         0.860         0.830         0.840
 Y113           0.890         0.840         0.860         0.840         0.840
 Y213           0.830         0.790         0.800         0.790         0.770
 Y313           0.900         0.850         0.880         0.860         0.840
 Y114           0.820         0.780         0.800         0.800         0.780
 Y214           0.850         0.800         0.800         0.780         0.760
 Y314           0.850         0.810         0.820         0.800         0.790
 Y115           0.890         0.840         0.870         0.850         0.830
 Y215           0.860         0.820         0.830         0.820         0.790
 Y315           0.860         0.810         0.840         0.820         0.800


           Covariance Coverage
              Y24           Y34           Y15           Y25           Y35
              ________      ________      ________      ________      ________
 Y24            0.910
 Y34            0.800         0.880
 Y15            0.880         0.850         0.960
 Y25            0.810         0.770         0.860         0.890
 Y35            0.820         0.770         0.840         0.780         0.880
 Y16            0.780         0.770         0.830         0.760         0.770
 Y26            0.810         0.770         0.850         0.780         0.780
 Y36            0.840         0.800         0.880         0.820         0.810
 Y17            0.840         0.810         0.890         0.840         0.810
 Y27            0.840         0.830         0.900         0.830         0.810
 Y37            0.790         0.760         0.850         0.770         0.770
 Y18            0.800         0.770         0.830         0.760         0.770
 Y28            0.830         0.820         0.880         0.810         0.800
 Y38            0.810         0.790         0.860         0.790         0.790
 Y19            0.850         0.820         0.890         0.820         0.810
 Y29            0.830         0.800         0.890         0.830         0.820
 Y39            0.820         0.810         0.870         0.810         0.800
 Y110           0.800         0.770         0.850         0.780         0.790
 Y210           0.830         0.810         0.880         0.820         0.820
 Y310           0.800         0.800         0.850         0.780         0.770
 Y111           0.810         0.780         0.840         0.790         0.770
 Y211           0.860         0.810         0.890         0.820         0.820
 Y311           0.830         0.820         0.890         0.830         0.800
 Y112           0.880         0.830         0.910         0.840         0.840
 Y212           0.860         0.830         0.900         0.820         0.830
 Y312           0.850         0.820         0.900         0.830         0.850
 Y113           0.860         0.840         0.910         0.840         0.840
 Y213           0.810         0.800         0.850         0.800         0.770
 Y313           0.880         0.850         0.920         0.850         0.850
 Y114           0.800         0.760         0.840         0.780         0.770
 Y214           0.810         0.810         0.850         0.780         0.770
 Y314           0.820         0.790         0.880         0.820         0.790
 Y115           0.860         0.830         0.910         0.840         0.830
 Y215           0.840         0.800         0.880         0.820         0.810
 Y315           0.830         0.820         0.880         0.810         0.800


           Covariance Coverage
              Y16           Y26           Y36           Y17           Y27
              ________      ________      ________      ________      ________
 Y16            0.860
 Y26            0.760         0.890
 Y36            0.790         0.810         0.920
 Y17            0.790         0.830         0.850         0.930
 Y27            0.810         0.830         0.850         0.860         0.930
 Y37            0.750         0.760         0.790         0.810         0.800
 Y18            0.740         0.790         0.810         0.810         0.800
 Y28            0.790         0.810         0.840         0.870         0.850
 Y38            0.780         0.780         0.810         0.820         0.820
 Y19            0.790         0.830         0.850         0.870         0.860
 Y29            0.780         0.830         0.840         0.850         0.850
 Y39            0.780         0.820         0.830         0.840         0.840
 Y110           0.760         0.770         0.800         0.810         0.810
 Y210           0.780         0.830         0.840         0.860         0.850
 Y310           0.760         0.790         0.810         0.820         0.830
 Y111           0.740         0.780         0.800         0.820         0.820
 Y211           0.810         0.820         0.850         0.870         0.860
 Y311           0.800         0.810         0.850         0.850         0.860
 Y112           0.810         0.840         0.880         0.880         0.880
 Y212           0.790         0.820         0.860         0.860         0.860
 Y312           0.810         0.850         0.870         0.870         0.870
 Y113           0.810         0.840         0.880         0.880         0.880
 Y213           0.760         0.800         0.810         0.840         0.830
 Y313           0.820         0.860         0.880         0.890         0.890
 Y114           0.770         0.800         0.800         0.830         0.820
 Y214           0.770         0.800         0.820         0.830         0.840
 Y314           0.770         0.820         0.830         0.870         0.840
 Y115           0.820         0.850         0.870         0.880         0.880
 Y215           0.800         0.820         0.850         0.850         0.850
 Y315           0.800         0.820         0.840         0.850         0.860


           Covariance Coverage
              Y37           Y18           Y28           Y38           Y19
              ________      ________      ________      ________      ________
 Y37            0.870
 Y18            0.760         0.870
 Y28            0.810         0.790         0.920
 Y38            0.790         0.770         0.810         0.890
 Y19            0.800         0.830         0.850         0.820         0.930
 Y29            0.800         0.810         0.850         0.810         0.860
 Y39            0.780         0.790         0.830         0.820         0.860
 Y110           0.770         0.750         0.800         0.780         0.810
 Y210           0.800         0.800         0.850         0.810         0.850
 Y310           0.770         0.790         0.810         0.790         0.840
 Y111           0.760         0.770         0.810         0.770         0.820
 Y211           0.840         0.810         0.860         0.840         0.860
 Y311           0.800         0.800         0.850         0.830         0.850
 Y112           0.820         0.820         0.880         0.850         0.880
 Y212           0.800         0.810         0.870         0.830         0.860
 Y312           0.830         0.820         0.860         0.830         0.880
 Y113           0.820         0.830         0.880         0.840         0.880
 Y213           0.770         0.780         0.820         0.790         0.840
 Y313           0.840         0.830         0.880         0.850         0.890
 Y114           0.780         0.760         0.810         0.790         0.810
 Y214           0.770         0.790         0.810         0.800         0.820
 Y314           0.790         0.800         0.840         0.800         0.850
 Y115           0.840         0.820         0.870         0.850         0.880
 Y215           0.790         0.800         0.840         0.820         0.850
 Y315           0.800         0.800         0.850         0.820         0.860


           Covariance Coverage
              Y29           Y39           Y110          Y210          Y310
              ________      ________      ________      ________      ________
 Y29            0.920
 Y39            0.850         0.910
 Y110           0.800         0.800         0.880
 Y210           0.860         0.850         0.810         0.920
 Y310           0.820         0.830         0.790         0.820         0.890
 Y111           0.800         0.800         0.770         0.810         0.800
 Y211           0.850         0.850         0.810         0.870         0.820
 Y311           0.850         0.840         0.800         0.850         0.810
 Y112           0.870         0.860         0.840         0.870         0.850
 Y212           0.850         0.840         0.820         0.860         0.820
 Y312           0.860         0.850         0.820         0.860         0.840
 Y113           0.870         0.870         0.850         0.890         0.850
 Y213           0.830         0.820         0.780         0.810         0.800
 Y313           0.880         0.870         0.860         0.880         0.850
 Y114           0.810         0.800         0.770         0.800         0.790
 Y214           0.820         0.810         0.790         0.820         0.820
 Y314           0.840         0.830         0.810         0.840         0.810
 Y115           0.870         0.860         0.850         0.870         0.840
 Y215           0.840         0.830         0.810         0.840         0.810
 Y315           0.840         0.840         0.810         0.840         0.840


           Covariance Coverage
              Y111          Y211          Y311          Y112          Y212
              ________      ________      ________      ________      ________
 Y111           0.880
 Y211           0.820         0.930
 Y311           0.800         0.870         0.920
 Y112           0.850         0.880         0.870         0.950
 Y212           0.810         0.860         0.860         0.880         0.930
 Y312           0.820         0.870         0.860         0.890         0.870
 Y113           0.830         0.880         0.870         0.900         0.890
 Y213           0.780         0.820         0.810         0.840         0.820
 Y313           0.840         0.890         0.880         0.910         0.900
 Y114           0.780         0.830         0.820         0.830         0.810
 Y214           0.790         0.820         0.810         0.850         0.830
 Y314           0.810         0.840         0.830         0.860         0.850
 Y115           0.830         0.900         0.880         0.900         0.880
 Y215           0.810         0.850         0.850         0.870         0.850
 Y315           0.830         0.850         0.850         0.870         0.860


           Covariance Coverage
              Y312          Y113          Y213          Y313          Y114
              ________      ________      ________      ________      ________
 Y312           0.940
 Y113           0.900         0.950
 Y213           0.830         0.840         0.890
 Y313           0.900         0.910         0.860         0.960
 Y114           0.820         0.830         0.800         0.850         0.880
 Y214           0.830         0.840         0.810         0.850         0.770
 Y314           0.850         0.870         0.800         0.870         0.810
 Y115           0.900         0.900         0.840         0.920         0.840
 Y215           0.860         0.870         0.820         0.880         0.810
 Y315           0.870         0.870         0.820         0.880         0.830


           Covariance Coverage
              Y214          Y314          Y115          Y215          Y315
              ________      ________      ________      ________      ________
 Y214           0.890
 Y314           0.820         0.910
 Y115           0.840         0.860         0.950
 Y215           0.810         0.830         0.870         0.920
 Y315           0.840         0.840         0.880         0.840         0.920



UNIVARIATE SAMPLE STATISTICS


     UNIVARIATE HIGHER-ORDER MOMENT DESCRIPTIVE STATISTICS

         Variable/         Mean/     Skewness/   Minimum/ % with                Percentiles
        Sample Size      Variance    Kurtosis    Maximum  Min/Max      20%/60%    40%/80%    Median

     Y11                   3.648       0.207      -2.000    1.14%       2.000      3.000      3.500
              88.000       4.455      -0.134       9.000    1.14%       4.000      6.000
     Y21                   3.096       0.090       0.000    2.13%       2.000      3.000      3.000
              94.000       2.065      -0.230       7.000    1.06%       3.000      4.000
     Y31                   5.137       0.300      -3.000    1.05%       3.000      4.000      5.000
              95.000       7.908       0.579      12.000    4.21%       6.000      7.000
     Y12                   3.367       0.679       0.000   10.00%       2.000      3.000      3.000
              90.000       4.321       1.071      11.000    1.11%       3.000      5.000
     Y22                   2.875       0.588       0.000    3.41%       2.000      2.000      3.000
              88.000       1.905       1.075       8.000    1.14%       3.000      4.000
     Y32                   4.617       0.478      -2.000    1.06%       2.000      4.000      5.000
              94.000       8.024       1.335      16.000    1.06%       5.000      7.000
     Y13                   3.798       0.047       0.000    7.87%       2.000      3.000      4.000
              89.000       4.791      -0.761       9.000    1.12%       4.000      6.000
     Y23                   3.022      -0.217       0.000    5.49%       2.000      3.000      3.000
              91.000       2.219      -0.637       6.000    3.30%       4.000      4.000
     Y33                   4.899       0.069       0.000    3.37%       2.000      4.000      5.000
              89.000       6.788      -0.858      10.000    4.49%       6.000      7.000
     Y14                   3.828       0.339      -2.000    1.15%       2.000      3.000      3.000
              87.000       5.752       0.039      10.000    2.30%       4.000      6.000
     Y24                   3.154       0.597       0.000    3.30%       2.000      3.000      3.000
              91.000       2.570       0.243       8.000    1.10%       3.000      5.000
     Y34                   4.807       0.212      -2.000    1.14%       2.000      4.000      5.000
              88.000       7.974       0.178      13.000    1.14%       6.000      7.000
     Y15                   3.698       0.255       0.000    7.29%       2.000      3.000      3.000
              96.000       4.565      -0.617       8.000    6.25%       4.000      6.000
     Y25                   3.180       0.143       0.000    2.25%       2.000      3.000      3.000
              89.000       1.968      -0.601       6.000    5.62%       4.000      4.000
     Y35                   5.080      -0.121       0.000    6.82%       3.000      5.000      5.000
              88.000       6.528      -0.520      10.000    4.55%       6.000      7.000
     Y16                   3.500      -0.080      -2.000    2.33%       1.000      3.000      3.000
              86.000       4.924      -0.294       8.000    3.49%       4.000      5.000
     Y26                   3.045       0.160       0.000    4.49%       2.000      3.000      3.000
              89.000       2.402      -0.481       7.000    1.12%       3.000      4.000
     Y36                   4.772       0.548      -1.000    1.09%       3.000      4.000      4.500
              92.000       7.241       0.667      14.000    1.09%       5.000      7.000
     Y17                   3.796       0.236       0.000    3.23%       2.000      3.000      4.000
              93.000       3.818      -0.313       9.000    2.15%       4.000      5.000
     Y27                   3.043       0.157       0.000    1.08%       2.000      3.000      3.000
              93.000       2.106      -0.715       6.000    5.38%       3.000      4.000
     Y37                   4.954       0.214       0.000    3.45%       3.000      4.000      5.000
              87.000       6.182      -0.370      12.000    1.15%       6.000      7.000
     Y18                   3.678      -0.003      -1.000    1.15%       2.000      3.000      4.000
              87.000       4.057      -0.381       8.000    4.60%       4.000      5.000
     Y28                   3.120      -0.165       0.000    5.43%       2.000      3.000      3.000
              92.000       2.366      -0.603       6.000    5.43%       4.000      4.000
     Y38                   5.258       0.448       0.000    2.25%       3.000      5.000      5.000
              89.000       6.708       0.300      13.000    1.12%       6.000      7.000
     Y19                   3.548      -0.047      -2.000    1.08%       2.000      3.000      3.000
              93.000       4.420      -0.520       8.000    2.15%       4.000      5.000
     Y29                   3.076       0.122       0.000    4.35%       2.000      3.000      3.000
              92.000       2.244      -0.340       7.000    1.09%       3.000      4.000
     Y39                   4.989       0.266       0.000    1.10%       2.000      4.000      5.000
              91.000       6.450      -0.638      11.000    1.10%       6.000      7.000
     Y110                  3.739       0.023       0.000    9.09%       2.000      3.000      4.000
              88.000       4.307      -0.606       8.000    3.41%       4.000      5.000
     Y210                  3.098      -0.067       0.000    2.17%       2.000      3.000      3.000
              92.000       1.740      -0.455       6.000    2.17%       3.000      4.000
     Y310                  4.640      -0.204       0.000    7.87%       3.000      4.000      5.000
              89.000       5.489      -0.538       9.000    4.49%       5.000      7.000
     Y111                  4.034       0.177      -1.000    1.14%       2.000      3.000      4.000
              88.000       4.078      -0.448       9.000    1.14%       4.000      6.000
     Y211                  3.172       0.403       0.000    1.08%       2.000      3.000      3.000
              93.000       1.755       0.116       7.000    1.08%       3.000      4.000
     Y311                  5.098       0.268      -1.000    1.09%       3.000      4.000      5.000
              92.000       5.958       0.000      12.000    1.09%       5.000      7.000
     Y112                  3.695       0.281       0.000    4.21%       2.000      3.000      4.000
              95.000       3.938      -0.169       9.000    2.11%       4.000      5.000
     Y212                  3.032       0.035       0.000    4.30%       2.000      3.000      3.000
              93.000       1.988      -0.088       7.000    1.08%       3.000      4.000
     Y312                  4.915      -0.035       0.000    5.32%       3.000      4.000      5.000
              94.000       6.865      -0.671      11.000    1.06%       6.000      7.000
     Y113                  3.558      -0.068      -1.000    1.05%       2.000      3.000      4.000
              95.000       4.205      -0.690       8.000    1.05%       4.000      5.000
     Y213                  2.933      -0.042       0.000    5.62%       1.000      3.000      3.000
              89.000       2.288      -0.623       6.000    4.49%       3.000      4.000
     Y313                  4.771      -0.171      -1.000    2.08%       2.000      4.000      5.000
              96.000       6.531      -0.511      11.000    1.04%       6.000      7.000
     Y114                  3.909       0.035      -1.000    1.14%       2.000      3.000      4.000
              88.000       4.583      -0.644       9.000    1.14%       4.000      6.000
     Y214                  2.921       0.322       0.000    3.37%       2.000      2.000      3.000
              89.000       2.050      -0.212       7.000    1.12%       3.000      4.000
     Y314                  4.923      -0.040      -5.000    1.10%       3.000      4.000      5.000
              91.000       8.533       0.978      14.000    1.10%       5.000      7.000
     Y115                  3.495       0.455       0.000    7.37%       2.000      3.000      4.000
              95.000       4.292       0.546      11.000    1.05%       4.000      5.000
     Y215                  2.935       0.401       0.000    3.26%       2.000      3.000      3.000
              92.000       2.061       0.280       7.000    2.17%       3.000      4.000
     Y315                  4.424       0.135      -2.000    1.09%       2.000      4.000      4.000
              92.000       7.418      -0.472      11.000    1.09%       5.000      7.000


THE MODEL ESTIMATION TERMINATED NORMALLY



MODEL FIT INFORMATION

Number of Free Parameters                       12

Loglikelihood

          H0 Value                       -7114.492
          H1 Value                       -6234.930

Information Criteria

          Akaike (AIC)                   14252.985
          Bayesian (BIC)                 14284.247
          Sample-Size Adjusted BIC       14246.348
            (n* = (n + 2) / 24)

Chi-Square Test of Model Fit

          Value                           1759.125
          Degrees of Freedom                  1068
          P-Value                           0.0000

RMSEA (Root Mean Square Error Of Approximation)

          Estimate                           0.080
          90 Percent C.I.                    0.074  0.087
          Probability RMSEA <= .05           0.000

CFI/TLI

          CFI                                0.819
          TLI                                0.833

Chi-Square Test of Model Fit for the Baseline Model

          Value                           4818.523
          Degrees of Freedom                   990
          P-Value                           0.0000

SRMR (Standardized Root Mean Square Residual)

          Value                              0.096



MODEL RESULTS

                                                    Two-Tailed
                    Estimate       S.E.  Est./S.E.    P-Value

 ETA1     BY
    Y11                1.000      0.000    999.000    999.000
    Y21                0.549      0.023     23.851      0.000
    Y31                1.337      0.055     24.479      0.000

 ETA2     BY
    Y12                1.000      0.000    999.000    999.000
    Y22                0.549      0.023     23.851      0.000
    Y32                1.337      0.055     24.479      0.000

 ETA3     BY
    Y13                1.000      0.000    999.000    999.000
    Y23                0.549      0.023     23.851      0.000
    Y33                1.337      0.055     24.479      0.000

 ETA4     BY
    Y14                1.000      0.000    999.000    999.000
    Y24                0.549      0.023     23.851      0.000
    Y34                1.337      0.055     24.479      0.000

 ETA5     BY
    Y15                1.000      0.000    999.000    999.000
    Y25                0.549      0.023     23.851      0.000
    Y35                1.337      0.055     24.479      0.000

 ETA6     BY
    Y16                1.000      0.000    999.000    999.000
    Y26                0.549      0.023     23.851      0.000
    Y36                1.337      0.055     24.479      0.000

 ETA7     BY
    Y17                1.000      0.000    999.000    999.000
    Y27                0.549      0.023     23.851      0.000
    Y37                1.337      0.055     24.479      0.000

 ETA8     BY
    Y18                1.000      0.000    999.000    999.000
    Y28                0.549      0.023     23.851      0.000
    Y38                1.337      0.055     24.479      0.000

 ETA9     BY
    Y19                1.000      0.000    999.000    999.000
    Y29                0.549      0.023     23.851      0.000
    Y39                1.337      0.055     24.479      0.000

 ETA10    BY
    Y110               1.000      0.000    999.000    999.000
    Y210               0.549      0.023     23.851      0.000
    Y310               1.337      0.055     24.479      0.000

 ETA11    BY
    Y111               1.000      0.000    999.000    999.000
    Y211               0.549      0.023     23.851      0.000
    Y311               1.337      0.055     24.479      0.000

 ETA12    BY
    Y112               1.000      0.000    999.000    999.000
    Y212               0.549      0.023     23.851      0.000
    Y312               1.337      0.055     24.479      0.000

 ETA13    BY
    Y113               1.000      0.000    999.000    999.000
    Y213               0.549      0.023     23.851      0.000
    Y313               1.337      0.055     24.479      0.000

 ETA14    BY
    Y114               1.000      0.000    999.000    999.000
    Y214               0.549      0.023     23.851      0.000
    Y314               1.337      0.055     24.479      0.000

 ETA15    BY
    Y115               1.000      0.000    999.000    999.000
    Y215               0.549      0.023     23.851      0.000
    Y315               1.337      0.055     24.479      0.000

 THETA1   BY
    Y11                1.000      0.000    999.000    999.000
    Y21                0.819      0.027     30.012      0.000
    Y31                1.222      0.041     29.757      0.000
    Y12                1.000      0.000    999.000    999.000
    Y22                0.819      0.027     30.012      0.000
    Y32                1.222      0.041     29.757      0.000
    Y13                1.000      0.000    999.000    999.000
    Y23                0.819      0.027     30.012      0.000
    Y33                1.222      0.041     29.757      0.000
    Y14                1.000      0.000    999.000    999.000
    Y24                0.819      0.027     30.012      0.000
    Y34                1.222      0.041     29.757      0.000
    Y15                1.000      0.000    999.000    999.000
    Y25                0.819      0.027     30.012      0.000
    Y35                1.222      0.041     29.757      0.000
    Y16                1.000      0.000    999.000    999.000
    Y26                0.819      0.027     30.012      0.000
    Y36                1.222      0.041     29.757      0.000
    Y17                1.000      0.000    999.000    999.000
    Y27                0.819      0.027     30.012      0.000
    Y37                1.222      0.041     29.757      0.000
    Y18                1.000      0.000    999.000    999.000
    Y28                0.819      0.027     30.012      0.000
    Y38                1.222      0.041     29.757      0.000
    Y19                1.000      0.000    999.000    999.000
    Y29                0.819      0.027     30.012      0.000
    Y39                1.222      0.041     29.757      0.000
    Y110               1.000      0.000    999.000    999.000
    Y210               0.819      0.027     30.012      0.000
    Y310               1.222      0.041     29.757      0.000
    Y111               1.000      0.000    999.000    999.000
    Y211               0.819      0.027     30.012      0.000
    Y311               1.222      0.041     29.757      0.000
    Y112               1.000      0.000    999.000    999.000
    Y212               0.819      0.027     30.012      0.000
    Y312               1.222      0.041     29.757      0.000
    Y113               1.000      0.000    999.000    999.000
    Y213               0.819      0.027     30.012      0.000
    Y313               1.222      0.041     29.757      0.000
    Y114               1.000      0.000    999.000    999.000
    Y214               0.819      0.027     30.012      0.000
    Y314               1.222      0.041     29.757      0.000
    Y115               1.000      0.000    999.000    999.000
    Y215               0.819      0.027     30.012      0.000
    Y315               1.222      0.041     29.757      0.000

 ETA1     WITH
    ETA2               0.000      0.000    999.000    999.000
    ETA3               0.000      0.000    999.000    999.000
    ETA4               0.000      0.000    999.000    999.000
    ETA5               0.000      0.000    999.000    999.000
    ETA6               0.000      0.000    999.000    999.000
    ETA7               0.000      0.000    999.000    999.000
    ETA8               0.000      0.000    999.000    999.000
    ETA9               0.000      0.000    999.000    999.000
    ETA10              0.000      0.000    999.000    999.000
    ETA11              0.000      0.000    999.000    999.000
    ETA12              0.000      0.000    999.000    999.000
    ETA13              0.000      0.000    999.000    999.000
    ETA14              0.000      0.000    999.000    999.000
    ETA15              0.000      0.000    999.000    999.000
    THETA1             0.000      0.000    999.000    999.000

 ETA2     WITH
    ETA3               0.000      0.000    999.000    999.000
    ETA4               0.000      0.000    999.000    999.000
    ETA5               0.000      0.000    999.000    999.000
    ETA6               0.000      0.000    999.000    999.000
    ETA7               0.000      0.000    999.000    999.000
    ETA8               0.000      0.000    999.000    999.000
    ETA9               0.000      0.000    999.000    999.000
    ETA10              0.000      0.000    999.000    999.000
    ETA11              0.000      0.000    999.000    999.000
    ETA12              0.000      0.000    999.000    999.000
    ETA13              0.000      0.000    999.000    999.000
    ETA14              0.000      0.000    999.000    999.000
    ETA15              0.000      0.000    999.000    999.000
    THETA1             0.000      0.000    999.000    999.000

 ETA3     WITH
    ETA4               0.000      0.000    999.000    999.000
    ETA5               0.000      0.000    999.000    999.000
    ETA6               0.000      0.000    999.000    999.000
    ETA7               0.000      0.000    999.000    999.000
    ETA8               0.000      0.000    999.000    999.000
    ETA9               0.000      0.000    999.000    999.000
    ETA10              0.000      0.000    999.000    999.000
    ETA11              0.000      0.000    999.000    999.000
    ETA12              0.000      0.000    999.000    999.000
    ETA13              0.000      0.000    999.000    999.000
    ETA14              0.000      0.000    999.000    999.000
    ETA15              0.000      0.000    999.000    999.000
    THETA1             0.000      0.000    999.000    999.000

 ETA4     WITH
    ETA5               0.000      0.000    999.000    999.000
    ETA6               0.000      0.000    999.000    999.000
    ETA7               0.000      0.000    999.000    999.000
    ETA8               0.000      0.000    999.000    999.000
    ETA9               0.000      0.000    999.000    999.000
    ETA10              0.000      0.000    999.000    999.000
    ETA11              0.000      0.000    999.000    999.000
    ETA12              0.000      0.000    999.000    999.000
    ETA13              0.000      0.000    999.000    999.000
    ETA14              0.000      0.000    999.000    999.000
    ETA15              0.000      0.000    999.000    999.000
    THETA1             0.000      0.000    999.000    999.000

 ETA5     WITH
    ETA6               0.000      0.000    999.000    999.000
    ETA7               0.000      0.000    999.000    999.000
    ETA8               0.000      0.000    999.000    999.000
    ETA9               0.000      0.000    999.000    999.000
    ETA10              0.000      0.000    999.000    999.000
    ETA11              0.000      0.000    999.000    999.000
    ETA12              0.000      0.000    999.000    999.000
    ETA13              0.000      0.000    999.000    999.000
    ETA14              0.000      0.000    999.000    999.000
    ETA15              0.000      0.000    999.000    999.000
    THETA1             0.000      0.000    999.000    999.000

 ETA6     WITH
    ETA7               0.000      0.000    999.000    999.000
    ETA8               0.000      0.000    999.000    999.000
    ETA9               0.000      0.000    999.000    999.000
    ETA10              0.000      0.000    999.000    999.000
    ETA11              0.000      0.000    999.000    999.000
    ETA12              0.000      0.000    999.000    999.000
    ETA13              0.000      0.000    999.000    999.000
    ETA14              0.000      0.000    999.000    999.000
    ETA15              0.000      0.000    999.000    999.000
    THETA1             0.000      0.000    999.000    999.000

 ETA7     WITH
    ETA8               0.000      0.000    999.000    999.000
    ETA9               0.000      0.000    999.000    999.000
    ETA10              0.000      0.000    999.000    999.000
    ETA11              0.000      0.000    999.000    999.000
    ETA12              0.000      0.000    999.000    999.000
    ETA13              0.000      0.000    999.000    999.000
    ETA14              0.000      0.000    999.000    999.000
    ETA15              0.000      0.000    999.000    999.000
    THETA1             0.000      0.000    999.000    999.000

 ETA8     WITH
    ETA9               0.000      0.000    999.000    999.000
    ETA10              0.000      0.000    999.000    999.000
    ETA11              0.000      0.000    999.000    999.000
    ETA12              0.000      0.000    999.000    999.000
    ETA13              0.000      0.000    999.000    999.000
    ETA14              0.000      0.000    999.000    999.000
    ETA15              0.000      0.000    999.000    999.000
    THETA1             0.000      0.000    999.000    999.000

 ETA9     WITH
    ETA10              0.000      0.000    999.000    999.000
    ETA11              0.000      0.000    999.000    999.000
    ETA12              0.000      0.000    999.000    999.000
    ETA13              0.000      0.000    999.000    999.000
    ETA14              0.000      0.000    999.000    999.000
    ETA15              0.000      0.000    999.000    999.000
    THETA1             0.000      0.000    999.000    999.000

 ETA10    WITH
    ETA11              0.000      0.000    999.000    999.000
    ETA12              0.000      0.000    999.000    999.000
    ETA13              0.000      0.000    999.000    999.000
    ETA14              0.000      0.000    999.000    999.000
    ETA15              0.000      0.000    999.000    999.000
    THETA1             0.000      0.000    999.000    999.000

 ETA11    WITH
    ETA12              0.000      0.000    999.000    999.000
    ETA13              0.000      0.000    999.000    999.000
    ETA14              0.000      0.000    999.000    999.000
    ETA15              0.000      0.000    999.000    999.000
    THETA1             0.000      0.000    999.000    999.000

 ETA12    WITH
    ETA13              0.000      0.000    999.000    999.000
    ETA14              0.000      0.000    999.000    999.000
    ETA15              0.000      0.000    999.000    999.000
    THETA1             0.000      0.000    999.000    999.000

 ETA13    WITH
    ETA14              0.000      0.000    999.000    999.000
    ETA15              0.000      0.000    999.000    999.000
    THETA1             0.000      0.000    999.000    999.000

 ETA14    WITH
    ETA15              0.000      0.000    999.000    999.000
    THETA1             0.000      0.000    999.000    999.000

 ETA15    WITH
    THETA1             0.000      0.000    999.000    999.000

 Means
    THETA1             3.694      0.130     28.459      0.000

 Intercepts
    Y11                0.000      0.000    999.000    999.000
    Y21                0.004      0.106      0.038      0.970
    Y31                0.403      0.160      2.523      0.012
    Y12                0.000      0.000    999.000    999.000
    Y22                0.004      0.106      0.038      0.970
    Y32                0.403      0.160      2.523      0.012
    Y13                0.000      0.000    999.000    999.000
    Y23                0.004      0.106      0.038      0.970
    Y33                0.403      0.160      2.523      0.012
    Y14                0.000      0.000    999.000    999.000
    Y24                0.004      0.106      0.038      0.970
    Y34                0.403      0.160      2.523      0.012
    Y15                0.000      0.000    999.000    999.000
    Y25                0.004      0.106      0.038      0.970
    Y35                0.403      0.160      2.523      0.012
    Y16                0.000      0.000    999.000    999.000
    Y26                0.004      0.106      0.038      0.970
    Y36                0.403      0.160      2.523      0.012
    Y17                0.000      0.000    999.000    999.000
    Y27                0.004      0.106      0.038      0.970
    Y37                0.403      0.160      2.523      0.012
    Y18                0.000      0.000    999.000    999.000
    Y28                0.004      0.106      0.038      0.970
    Y38                0.403      0.160      2.523      0.012
    Y19                0.000      0.000    999.000    999.000
    Y29                0.004      0.106      0.038      0.970
    Y39                0.403      0.160      2.523      0.012
    Y110               0.000      0.000    999.000    999.000
    Y210               0.004      0.106      0.038      0.970
    Y310               0.403      0.160      2.523      0.012
    Y111               0.000      0.000    999.000    999.000
    Y211               0.004      0.106      0.038      0.970
    Y311               0.403      0.160      2.523      0.012
    Y112               0.000      0.000    999.000    999.000
    Y212               0.004      0.106      0.038      0.970
    Y312               0.403      0.160      2.523      0.012
    Y113               0.000      0.000    999.000    999.000
    Y213               0.004      0.106      0.038      0.970
    Y313               0.403      0.160      2.523      0.012
    Y114               0.000      0.000    999.000    999.000
    Y214               0.004      0.106      0.038      0.970
    Y314               0.403      0.160      2.523      0.012
    Y115               0.000      0.000    999.000    999.000
    Y215               0.004      0.106      0.038      0.970
    Y315               0.403      0.160      2.523      0.012

 Variances
    ETA1               1.889      0.124     15.232      0.000
    ETA2               1.889      0.124     15.232      0.000
    ETA3               1.889      0.124     15.232      0.000
    ETA4               1.889      0.124     15.232      0.000
    ETA5               1.889      0.124     15.232      0.000
    ETA6               1.889      0.124     15.232      0.000
    ETA7               1.889      0.124     15.232      0.000
    ETA8               1.889      0.124     15.232      0.000
    ETA9               1.889      0.124     15.232      0.000
    ETA10              1.889      0.124     15.232      0.000
    ETA11              1.889      0.124     15.232      0.000
    ETA12              1.889      0.124     15.232      0.000
    ETA13              1.889      0.124     15.232      0.000
    ETA14              1.889      0.124     15.232      0.000
    ETA15              1.889      0.124     15.232      0.000
    THETA1             1.479      0.238      6.225      0.000

 Residual Variances
    Y11                1.039      0.073     14.258      0.000
    Y21                0.547      0.028     19.489      0.000
    Y31                1.492      0.123     12.172      0.000
    Y12                1.039      0.073     14.258      0.000
    Y22                0.547      0.028     19.489      0.000
    Y32                1.492      0.123     12.172      0.000
    Y13                1.039      0.073     14.258      0.000
    Y23                0.547      0.028     19.489      0.000
    Y33                1.492      0.123     12.172      0.000
    Y14                1.039      0.073     14.258      0.000
    Y24                0.547      0.028     19.489      0.000
    Y34                1.492      0.123     12.172      0.000
    Y15                1.039      0.073     14.258      0.000
    Y25                0.547      0.028     19.489      0.000
    Y35                1.492      0.123     12.172      0.000
    Y16                1.039      0.073     14.258      0.000
    Y26                0.547      0.028     19.489      0.000
    Y36                1.492      0.123     12.172      0.000
    Y17                1.039      0.073     14.258      0.000
    Y27                0.547      0.028     19.489      0.000
    Y37                1.492      0.123     12.172      0.000
    Y18                1.039      0.073     14.258      0.000
    Y28                0.547      0.028     19.489      0.000
    Y38                1.492      0.123     12.172      0.000
    Y19                1.039      0.073     14.258      0.000
    Y29                0.547      0.028     19.489      0.000
    Y39                1.492      0.123     12.172      0.000
    Y110               1.039      0.073     14.258      0.000
    Y210               0.547      0.028     19.489      0.000
    Y310               1.492      0.123     12.172      0.000
    Y111               1.039      0.073     14.258      0.000
    Y211               0.547      0.028     19.489      0.000
    Y311               1.492      0.123     12.172      0.000
    Y112               1.039      0.073     14.258      0.000
    Y212               0.547      0.028     19.489      0.000
    Y312               1.492      0.123     12.172      0.000
    Y113               1.039      0.073     14.258      0.000
    Y213               0.547      0.028     19.489      0.000
    Y313               1.492      0.123     12.172      0.000
    Y114               1.039      0.073     14.258      0.000
    Y214               0.547      0.028     19.489      0.000
    Y314               1.492      0.123     12.172      0.000
    Y115               1.039      0.073     14.258      0.000
    Y215               0.547      0.028     19.489      0.000
    Y315               1.492      0.123     12.172      0.000


QUALITY OF NUMERICAL RESULTS

     Condition Number for the Information Matrix              0.700E-03
       (ratio of smallest to largest eigenvalue)


     Beginning Time:  10:39:18
        Ending Time:  10:39:26
       Elapsed Time:  00:00:08



MUTHEN & MUTHEN
3463 Stoner Ave.
Los Angeles, CA  90066

Tel: (310) 391-9971
Fax: (310) 391-8971
Web: www.StatModel.com
Support: Support@StatModel.com

Copyright (c) 1998-2017 Muthen & Muthen
