Mplus VERSION 8
MUTHEN & MUTHEN
02/16/2019   5:35 AM

INPUT INSTRUCTIONS

  TITLE: Your title goes here
  DATA: FILE = "Mplus_files_Results/msst_long_n500_i4_nt45_na0.dat";
  VARIABLE:
  NAMES = subjn time y1 y2 y3 y4;
  MISSING=.;
  USEVAR = y1
  y2
  y3
  y4 ;
  CLUSTER = subjn ;

  ANALYSIS:
  TYPE = TWOLEVEL ;
  ESTIMATOR = ML ;
  ITERATIONS = 50000 ;
  H1ITERATIONS = 50000 ;


  MODEL:

  %WITHIN%

  ! Latent state residual
  eta BY y1@1
  y2 (las2)
  y3 (las3)
  y4 (las4) ;

  ! Latent errors and latent state variances
  y1(o_err1) ;
  y2(o_err2) ;
  y3(o_err3) ;
  y4(o_err4) ;
  eta(s_var) ;

  %BETWEEN%

  ! Indicator trait variables
  theta1  BY  y1@1 ;
  theta2  BY  y2@1 ;
  theta3  BY  y3@1 ;
  theta4  BY  y4@1 ;

  ! Latent trait variable
  theta BY theta1@1
  theta2 (lat2)
  theta3 (lat3)
  theta4 (lat4) ;

  ! Means and Intercepts
  [y1@0] ;
  [y2@0] ;
  [y3@0] ;
  [y4@0] ;
  [theta1@0] ;
  [theta2*] (int2) ;
  [theta3*] (int3) ;
  [theta4*] (int4) ;
  [theta*] ;

  ! Fixing level-2 residual variances at 0 and latent trait variance
  y1@0;
  y2@0;
  y3@0;
  y4@0;
  theta1@0;
  theta2@0;
  theta3@0;
  theta4@0;
  theta(t_var) ;



INPUT READING TERMINATED NORMALLY



Your title goes here

SUMMARY OF ANALYSIS

Number of groups                                                 1
Number of observations                                       22500

Number of dependent variables                                    4
Number of independent variables                                  0
Number of continuous latent variables                            6

Observed dependent variables

  Continuous
   Y1          Y2          Y3          Y4

Continuous latent variables
   ETA         THETA1      THETA2      THETA3      THETA4      THETA

Variables with special functions

  Cluster variable      SUBJN

Estimator                                                       ML
Information matrix                                        OBSERVED
Maximum number of iterations                                 50000
Convergence criterion                                    0.100D-05
Maximum number of EM iterations                                500
Convergence criteria for the EM algorithm
  Loglikelihood change                                   0.100D-02
  Relative loglikelihood change                          0.100D-05
  Derivative                                             0.100D-03
Minimum variance                                         0.100D-03
Maximum number of steepest descent iterations                   20
Maximum number of iterations for H1                          50000
Convergence criterion for H1                             0.100D-03
Optimization algorithm                                         EMA

Input data file(s)
  Mplus_files_Results/msst_long_n500_i4_nt45_na0.dat
Input data format  FREE


SUMMARY OF DATA

     Number of missing data patterns             1
     Number of clusters                        500

     Average cluster size       45.000

     Estimated Intraclass Correlations for the Y Variables

                Intraclass              Intraclass              Intraclass
     Variable  Correlation   Variable  Correlation   Variable  Correlation

     Y1           0.386      Y2           0.549      Y3           0.354
     Y4           0.426



COVARIANCE COVERAGE OF DATA

Minimum covariance coverage value   0.100


     PROPORTION OF DATA PRESENT


           Covariance Coverage
              Y1            Y2            Y3            Y4
              ________      ________      ________      ________
 Y1             1.000
 Y2             1.000         1.000
 Y3             1.000         1.000         1.000
 Y4             1.000         1.000         1.000         1.000



UNIVARIATE SAMPLE STATISTICS


     UNIVARIATE HIGHER-ORDER MOMENT DESCRIPTIVE STATISTICS

         Variable/         Mean/     Skewness/   Minimum/ % with                Percentiles
        Sample Size      Variance    Kurtosis    Maximum  Min/Max      20%/60%    40%/80%    Median

     Y1                    4.036       0.035      -3.739    0.00%       2.167      3.476      4.014
           22500.000       4.909      -0.022      12.364    0.00%       4.586      5.883
     Y2                    3.442      -0.001      -3.444    0.00%       2.215      3.060      3.433
           22500.000       2.202       0.005       9.163    0.00%       3.809      4.691
     Y3                    5.254       0.026      -5.019    0.00%       2.913      4.544      5.237
           22500.000       7.625      -0.034      16.496    0.00%       5.928      7.606
     Y4                    4.238       0.048      -3.041    0.00%       2.644      3.742      4.219
           22500.000       3.576      -0.031      11.948    0.00%       4.701      5.842


THE MODEL ESTIMATION TERMINATED NORMALLY



MODEL FIT INFORMATION

Number of Free Parameters                       16

Loglikelihood

          H0 Value                     -146100.656
          H1 Value                     -146099.643

Information Criteria

          Akaike (AIC)                  292233.312
          Bayesian (BIC)                292361.652
          Sample-Size Adjusted BIC      292310.805
            (n* = (n + 2) / 24)

Chi-Square Test of Model Fit

          Value                              2.027
          Degrees of Freedom                     8
          P-Value                           0.9802

RMSEA (Root Mean Square Error Of Approximation)

          Estimate                           0.000

CFI/TLI

          CFI                                1.000
          TLI                                1.000

Chi-Square Test of Model Fit for the Baseline Model

          Value                          47117.811
          Degrees of Freedom                    12
          P-Value                           0.0000

SRMR (Standardized Root Mean Square Residual)

          Value for Within                   0.001
          Value for Between                  0.000



MODEL RESULTS

                                                    Two-Tailed
                    Estimate       S.E.  Est./S.E.    P-Value

Within Level

 ETA      BY
    Y1                 1.000      0.000    999.000    999.000
    Y2                 0.494      0.005    108.813      0.000
    Y3                 1.298      0.010    130.793      0.000
    Y4                 0.787      0.006    123.234      0.000

 Variances
    ETA                2.027      0.029     70.135      0.000

 Residual Variances
    Y1                 0.988      0.014     72.337      0.000
    Y2                 0.500      0.006     89.942      0.000
    Y3                 1.512      0.022     68.871      0.000
    Y4                 0.796      0.010     80.360      0.000

Between Level

 THETA1   BY
    Y1                 1.000      0.000    999.000    999.000

 THETA2   BY
    Y2                 1.000      0.000    999.000    999.000

 THETA3   BY
    Y3                 1.000      0.000    999.000    999.000

 THETA4   BY
    Y4                 1.000      0.000    999.000    999.000

 THETA    BY
    THETA1             1.000      0.000    999.000    999.000
    THETA2             0.799      0.006    141.809      0.000
    THETA3             1.194      0.008    142.423      0.000
    THETA4             0.897      0.006    143.943      0.000

 Means
    THETA              4.035      0.063     64.447      0.000

 Intercepts
    Y1                 0.000      0.000    999.000    999.000
    Y2                 0.000      0.000    999.000    999.000
    Y3                 0.000      0.000    999.000    999.000
    Y4                 0.000      0.000    999.000    999.000
    THETA1             0.000      0.000    999.000    999.000
    THETA2             0.218      0.024      9.065      0.000
    THETA3             0.436      0.036     12.192      0.000
    THETA4             0.619      0.027     23.335      0.000

 Variances
    THETA              1.893      0.124     15.278      0.000

 Residual Variances
    Y1                 0.000      0.000    999.000    999.000
    Y2                 0.000      0.000    999.000    999.000
    Y3                 0.000      0.000    999.000    999.000
    Y4                 0.000      0.000    999.000    999.000
    THETA1             0.000      0.000    999.000    999.000
    THETA2             0.000      0.000    999.000    999.000
    THETA3             0.000      0.000    999.000    999.000
    THETA4             0.000      0.000    999.000    999.000


QUALITY OF NUMERICAL RESULTS

     Condition Number for the Information Matrix              0.103E-03
       (ratio of smallest to largest eigenvalue)


     Beginning Time:  05:35:41
        Ending Time:  05:35:47
       Elapsed Time:  00:00:06



MUTHEN & MUTHEN
3463 Stoner Ave.
Los Angeles, CA  90066

Tel: (310) 391-9971
Fax: (310) 391-8971
Web: www.StatModel.com
Support: Support@StatModel.com

Copyright (c) 1998-2017 Muthen & Muthen
