Mplus VERSION 8
MUTHEN & MUTHEN
02/19/2019  10:37 AM

INPUT INSTRUCTIONS

  TITLE: Your title goes here
  DATA: FILE = "Mplus_files_Results/msst_wide_n50_i3_nt15_na0.1.dat";
  VARIABLE:
  NAMES = subjn y11 y21 y31 y12 y22 y32 y13 y23 y33 y14 y24 y34 y15 y25 y35 y16 y26
       y36 y17 y27 y37 y18 y28 y38 y19 y29 y39 y110 y210 y310 y111 y211 y311 y112 y212
       y312 y113 y213 y313 y114 y214 y314 y115 y215 y315;
  MISSING=.;
  USEVAR = y11
  y21
  y31
  y12
  y22
  y32
  y13
  y23
  y33
  y14
  y24
  y34
  y15
  y25
  y35
  y16
  y26
  y36
  y17
  y27
  y37
  y18
  y28
  y38
  y19
  y29
  y39
  y110
  y210
  y310
  y111
  y211
  y311
  y112
  y212
  y312
  y113
  y213
  y313
  y114
  y214
  y314
  y115
  y215
  y315 ;


  ANALYSIS:
  TYPE = GENERAL ;
  ESTIMATOR = ML ;
  ITERATIONS = 50000 ;
  H1ITERATIONS = 50000 ;


  MODEL:

  ! Latent state variables
  eta1 BY y11@1
  y21 (las21)
  y31 (las31) ;
  eta2 BY y12@1
  y22 (las21)
  y32 (las31) ;
  eta3 BY y13@1
  y23 (las21)
  y33 (las31) ;
  eta4 BY y14@1
  y24 (las21)
  y34 (las31) ;
  eta5 BY y15@1
  y25 (las21)
  y35 (las31) ;
  eta6 BY y16@1
  y26 (las21)
  y36 (las31) ;
  eta7 BY y17@1
  y27 (las21)
  y37 (las31) ;
  eta8 BY y18@1
  y28 (las21)
  y38 (las31) ;
  eta9 BY y19@1
  y29 (las21)
  y39 (las31) ;
  eta10 BY y110@1
  y210 (las21)
  y310 (las31) ;
  eta11 BY y111@1
  y211 (las21)
  y311 (las31) ;
  eta12 BY y112@1
  y212 (las21)
  y312 (las31) ;
  eta13 BY y113@1
  y213 (las21)
  y313 (las31) ;
  eta14 BY y114@1
  y214 (las21)
  y314 (las31) ;
  eta15 BY y115@1
  y215 (las21)
  y315 (las31) ;

  ! Latent trait variables
  theta1 BY y11@1
  y21 (lat21)
  y31 (lat31)
  y12@1
  y22 (lat21)
  y32 (lat31)
  y13@1
  y23 (lat21)
  y33 (lat31)
  y14@1
  y24 (lat21)
  y34 (lat31)
  y15@1
  y25 (lat21)
  y35 (lat31)
  y16@1
  y26 (lat21)
  y36 (lat31)
  y17@1
  y27 (lat21)
  y37 (lat31)
  y18@1
  y28 (lat21)
  y38 (lat31)
  y19@1
  y29 (lat21)
  y39 (lat31)
  y110@1
  y210 (lat21)
  y310 (lat31)
  y111@1
  y211 (lat21)
  y311 (lat31)
  y112@1
  y212 (lat21)
  y312 (lat31)
  y113@1
  y213 (lat21)
  y313 (lat31)
  y114@1
  y214 (lat21)
  y314 (lat31)
  y115@1
  y215 (lat21)
  y315 (lat31) ;

  ! Intercepts and means

  [y11@0] ;
  [y21*] (int21) ;
  [y31*] (int31) ;
  [y12@0] ;
  [y22*] (int21) ;
  [y32*] (int31) ;
  [y13@0] ;
  [y23*] (int21) ;
  [y33*] (int31) ;
  [y14@0] ;
  [y24*] (int21) ;
  [y34*] (int31) ;
  [y15@0] ;
  [y25*] (int21) ;
  [y35*] (int31) ;
  [y16@0] ;
  [y26*] (int21) ;
  [y36*] (int31) ;
  [y17@0] ;
  [y27*] (int21) ;
  [y37*] (int31) ;
  [y18@0] ;
  [y28*] (int21) ;
  [y38*] (int31) ;
  [y19@0] ;
  [y29*] (int21) ;
  [y39*] (int31) ;
  [y110@0] ;
  [y210*] (int21) ;
  [y310*] (int31) ;
  [y111@0] ;
  [y211*] (int21) ;
  [y311*] (int31) ;
  [y112@0] ;
  [y212*] (int21) ;
  [y312*] (int31) ;
  [y113@0] ;
  [y213*] (int21) ;
  [y313*] (int31) ;
  [y114@0] ;
  [y214*] (int21) ;
  [y314*] (int31) ;
  [y115@0] ;
  [y215*] (int21) ;
  [y315*] (int31) ;
  [theta1*] ;

  ! Variance components
  y11(o_err11) ;
  y21(o_err21) ;
  y31(o_err31) ;
  y12(o_err11) ;
  y22(o_err21) ;
  y32(o_err31) ;
  y13(o_err11) ;
  y23(o_err21) ;
  y33(o_err31) ;
  y14(o_err11) ;
  y24(o_err21) ;
  y34(o_err31) ;
  y15(o_err11) ;
  y25(o_err21) ;
  y35(o_err31) ;
  y16(o_err11) ;
  y26(o_err21) ;
  y36(o_err31) ;
  y17(o_err11) ;
  y27(o_err21) ;
  y37(o_err31) ;
  y18(o_err11) ;
  y28(o_err21) ;
  y38(o_err31) ;
  y19(o_err11) ;
  y29(o_err21) ;
  y39(o_err31) ;
  y110(o_err11) ;
  y210(o_err21) ;
  y310(o_err31) ;
  y111(o_err11) ;
  y211(o_err21) ;
  y311(o_err31) ;
  y112(o_err11) ;
  y212(o_err21) ;
  y312(o_err31) ;
  y113(o_err11) ;
  y213(o_err21) ;
  y313(o_err31) ;
  y114(o_err11) ;
  y214(o_err21) ;
  y314(o_err31) ;
  y115(o_err11) ;
  y215(o_err21) ;
  y315(o_err31) ;
  eta1(s_var11) ;
  eta2(s_var11) ;
  eta3(s_var11) ;
  eta4(s_var11) ;
  eta5(s_var11) ;
  eta6(s_var11) ;
  eta7(s_var11) ;
  eta8(s_var11) ;
  eta9(s_var11) ;
  eta10(s_var11) ;
  eta11(s_var11) ;
  eta12(s_var11) ;
  eta13(s_var11) ;
  eta14(s_var11) ;
  eta15(s_var11) ;
  theta1(t_var1) ;

  ! Set zero covariances
  eta1 WITH eta2@0
  eta3@0
  eta4@0
  eta5@0
  eta6@0
  eta7@0
  eta8@0
  eta9@0
  eta10@0
  eta11@0
  eta12@0
  eta13@0
  eta14@0
  eta15@0
  theta1@0 ;
  eta2 WITH eta3@0
  eta4@0
  eta5@0
  eta6@0
  eta7@0
  eta8@0
  eta9@0
  eta10@0
  eta11@0
  eta12@0
  eta13@0
  eta14@0
  eta15@0
  theta1@0 ;
  eta3 WITH eta4@0
  eta5@0
  eta6@0
  eta7@0
  eta8@0
  eta9@0
  eta10@0
  eta11@0
  eta12@0
  eta13@0
  eta14@0
  eta15@0
  theta1@0 ;
  eta4 WITH eta5@0
  eta6@0
  eta7@0
  eta8@0
  eta9@0
  eta10@0
  eta11@0
  eta12@0
  eta13@0
  eta14@0
  eta15@0
  theta1@0 ;
  eta5 WITH eta6@0
  eta7@0
  eta8@0
  eta9@0
  eta10@0
  eta11@0
  eta12@0
  eta13@0
  eta14@0
  eta15@0
  theta1@0 ;
  eta6 WITH eta7@0
  eta8@0
  eta9@0
  eta10@0
  eta11@0
  eta12@0
  eta13@0
  eta14@0
  eta15@0
  theta1@0 ;
  eta7 WITH eta8@0
  eta9@0
  eta10@0
  eta11@0
  eta12@0
  eta13@0
  eta14@0
  eta15@0
  theta1@0 ;
  eta8 WITH eta9@0
  eta10@0
  eta11@0
  eta12@0
  eta13@0
  eta14@0
  eta15@0
  theta1@0 ;
  eta9 WITH eta10@0
  eta11@0
  eta12@0
  eta13@0
  eta14@0
  eta15@0
  theta1@0 ;
  eta10 WITH eta11@0
  eta12@0
  eta13@0
  eta14@0
  eta15@0
  theta1@0 ;
  eta11 WITH eta12@0
  eta13@0
  eta14@0
  eta15@0
  theta1@0 ;
  eta12 WITH eta13@0
  eta14@0
  eta15@0
  theta1@0 ;
  eta13 WITH eta14@0
  eta15@0
  theta1@0 ;
  eta14 WITH eta15@0
  theta1@0 ;
  eta15 WITH theta1@0 ;



INPUT READING TERMINATED NORMALLY



Your title goes here

SUMMARY OF ANALYSIS

Number of groups                                                 1
Number of observations                                          50

Number of dependent variables                                   45
Number of independent variables                                  0
Number of continuous latent variables                           16

Observed dependent variables

  Continuous
   Y11         Y21         Y31         Y12         Y22         Y32
   Y13         Y23         Y33         Y14         Y24         Y34
   Y15         Y25         Y35         Y16         Y26         Y36
   Y17         Y27         Y37         Y18         Y28         Y38
   Y19         Y29         Y39         Y110        Y210        Y310
   Y111        Y211        Y311        Y112        Y212        Y312
   Y113        Y213        Y313        Y114        Y214        Y314
   Y115        Y215        Y315

Continuous latent variables
   ETA1        ETA2        ETA3        ETA4        ETA5        ETA6
   ETA7        ETA8        ETA9        ETA10       ETA11       ETA12
   ETA13       ETA14       ETA15       THETA1


Estimator                                                       ML
Information matrix                                        OBSERVED
Maximum number of iterations                                 50000
Convergence criterion                                    0.500D-04
Maximum number of steepest descent iterations                   20
Maximum number of iterations for H1                          50000
Convergence criterion for H1                             0.100D-03

Input data file(s)
  Mplus_files_Results/msst_wide_n50_i3_nt15_na0.1.dat

Input data format  FREE


SUMMARY OF DATA

     Number of missing data patterns            50


COVARIANCE COVERAGE OF DATA

Minimum covariance coverage value   0.100


     PROPORTION OF DATA PRESENT


           Covariance Coverage
              Y11           Y21           Y31           Y12           Y22
              ________      ________      ________      ________      ________
 Y11            0.920
 Y21            0.780         0.860
 Y31            0.800         0.740         0.880
 Y12            0.900         0.840         0.860         0.980
 Y22            0.820         0.740         0.780         0.880         0.880
 Y32            0.840         0.820         0.820         0.900         0.800
 Y13            0.880         0.820         0.840         0.940         0.840
 Y23            0.800         0.740         0.760         0.860         0.760
 Y33            0.820         0.780         0.820         0.900         0.800
 Y14            0.860         0.780         0.800         0.900         0.800
 Y24            0.780         0.720         0.780         0.860         0.780
 Y34            0.840         0.780         0.800         0.900         0.820
 Y15            0.860         0.800         0.820         0.920         0.840
 Y25            0.860         0.780         0.800         0.900         0.800
 Y35            0.780         0.720         0.740         0.840         0.740
 Y16            0.860         0.800         0.820         0.920         0.820
 Y26            0.820         0.760         0.800         0.880         0.800
 Y36            0.800         0.760         0.780         0.860         0.800
 Y17            0.840         0.800         0.800         0.900         0.800
 Y27            0.800         0.740         0.760         0.860         0.780
 Y37            0.760         0.700         0.740         0.820         0.760
 Y18            0.820         0.760         0.780         0.880         0.780
 Y28            0.780         0.740         0.740         0.840         0.760
 Y38            0.840         0.820         0.800         0.900         0.800
 Y19            0.860         0.800         0.820         0.920         0.820
 Y29            0.820         0.800         0.780         0.880         0.780
 Y39            0.860         0.800         0.800         0.900         0.800
 Y110           0.800         0.760         0.780         0.860         0.760
 Y210           0.880         0.800         0.820         0.940         0.840
 Y310           0.840         0.780         0.800         0.880         0.820
 Y111           0.840         0.800         0.800         0.900         0.800
 Y211           0.840         0.780         0.800         0.900         0.800
 Y311           0.860         0.800         0.840         0.920         0.820
 Y112           0.880         0.800         0.820         0.920         0.840
 Y212           0.860         0.800         0.820         0.920         0.860
 Y312           0.780         0.740         0.760         0.840         0.760
 Y113           0.780         0.740         0.780         0.840         0.760
 Y213           0.840         0.800         0.800         0.900         0.800
 Y313           0.860         0.820         0.840         0.920         0.820
 Y114           0.820         0.760         0.780         0.900         0.800
 Y214           0.860         0.840         0.800         0.900         0.820
 Y314           0.840         0.780         0.820         0.900         0.800
 Y115           0.820         0.800         0.780         0.880         0.780
 Y215           0.860         0.800         0.800         0.900         0.800
 Y315           0.860         0.800         0.800         0.900         0.820


           Covariance Coverage
              Y32           Y13           Y23           Y33           Y14
              ________      ________      ________      ________      ________
 Y32            0.920
 Y13            0.880         0.960
 Y23            0.800         0.840         0.880
 Y33            0.860         0.860         0.780         0.900
 Y14            0.840         0.880         0.800         0.820         0.920
 Y24            0.800         0.820         0.760         0.780         0.780
 Y34            0.840         0.900         0.820         0.820         0.840
 Y15            0.880         0.900         0.820         0.840         0.860
 Y25            0.840         0.880         0.840         0.820         0.860
 Y35            0.780         0.840         0.760         0.780         0.800
 Y16            0.860         0.900         0.820         0.840         0.860
 Y26            0.820         0.860         0.800         0.800         0.840
 Y36            0.800         0.840         0.780         0.780         0.800
 Y17            0.840         0.880         0.800         0.820         0.860
 Y27            0.800         0.840         0.800         0.800         0.820
 Y37            0.760         0.820         0.760         0.760         0.760
 Y18            0.820         0.860         0.800         0.800         0.840
 Y28            0.800         0.840         0.760         0.760         0.800
 Y38            0.880         0.880         0.800         0.840         0.860
 Y19            0.880         0.900         0.840         0.860         0.860
 Y29            0.840         0.860         0.820         0.800         0.820
 Y39            0.840         0.880         0.800         0.820         0.860
 Y110           0.800         0.840         0.760         0.780         0.820
 Y210           0.860         0.920         0.820         0.860         0.880
 Y310           0.840         0.860         0.800         0.820         0.820
 Y111           0.860         0.880         0.800         0.820         0.840
 Y211           0.840         0.900         0.840         0.820         0.840
 Y311           0.860         0.900         0.840         0.840         0.860
 Y112           0.860         0.900         0.820         0.840         0.860
 Y212           0.860         0.900         0.820         0.840         0.880
 Y312           0.800         0.840         0.760         0.780         0.780
 Y113           0.800         0.820         0.760         0.800         0.780
 Y213           0.860         0.880         0.800         0.840         0.860
 Y313           0.880         0.900         0.840         0.860         0.860
 Y114           0.820         0.860         0.840         0.820         0.820
 Y214           0.860         0.880         0.800         0.840         0.840
 Y314           0.840         0.880         0.820         0.820         0.840
 Y115           0.820         0.860         0.780         0.800         0.820
 Y215           0.840         0.900         0.800         0.820         0.840
 Y315           0.860         0.880         0.800         0.820         0.840


           Covariance Coverage
              Y24           Y34           Y15           Y25           Y35
              ________      ________      ________      ________      ________
 Y24            0.860
 Y34            0.780         0.920
 Y15            0.820         0.860         0.940
 Y25            0.800         0.840         0.880         0.920
 Y35            0.760         0.820         0.800         0.780         0.860
 Y16            0.800         0.860         0.880         0.860         0.820
 Y26            0.780         0.840         0.860         0.840         0.800
 Y36            0.780         0.820         0.820         0.800         0.760
 Y17            0.780         0.860         0.860         0.840         0.780
 Y27            0.740         0.820         0.820         0.800         0.800
 Y37            0.760         0.780         0.780         0.760         0.780
 Y18            0.780         0.820         0.840         0.820         0.780
 Y28            0.720         0.800         0.800         0.800         0.720
 Y38            0.800         0.840         0.880         0.840         0.800
 Y19            0.820         0.860         0.900         0.860         0.820
 Y29            0.760         0.820         0.840         0.820         0.760
 Y39            0.780         0.840         0.860         0.860         0.780
 Y110           0.740         0.800         0.820         0.800         0.740
 Y210           0.820         0.880         0.880         0.880         0.820
 Y310           0.780         0.840         0.840         0.820         0.780
 Y111           0.820         0.840         0.880         0.840         0.800
 Y211           0.800         0.860         0.860         0.860         0.800
 Y311           0.800         0.860         0.880         0.880         0.800
 Y112           0.800         0.880         0.880         0.860         0.800
 Y212           0.800         0.880         0.880         0.860         0.800
 Y312           0.720         0.820         0.820         0.800         0.740
 Y113           0.720         0.800         0.800         0.780         0.720
 Y213           0.780         0.840         0.860         0.840         0.820
 Y313           0.820         0.860         0.880         0.880         0.800
 Y114           0.780         0.820         0.840         0.840         0.760
 Y214           0.780         0.840         0.860         0.840         0.780
 Y314           0.780         0.840         0.860         0.840         0.780
 Y115           0.760         0.820         0.860         0.840         0.760
 Y215           0.780         0.840         0.860         0.840         0.780
 Y315           0.800         0.840         0.860         0.840         0.800


           Covariance Coverage
              Y16           Y26           Y36           Y17           Y27
              ________      ________      ________      ________      ________
 Y16            0.940
 Y26            0.840         0.900
 Y36            0.840         0.800         0.880
 Y17            0.860         0.820         0.800         0.920
 Y27            0.820         0.820         0.760         0.800         0.880
 Y37            0.780         0.760         0.780         0.760         0.780
 Y18            0.860         0.800         0.800         0.820         0.780
 Y28            0.800         0.760         0.740         0.800         0.760
 Y38            0.860         0.840         0.800         0.840         0.820
 Y19            0.880         0.840         0.840         0.860         0.840
 Y29            0.840         0.800         0.800         0.840         0.780
 Y39            0.860         0.820         0.800         0.860         0.800
 Y110           0.840         0.780         0.780         0.820         0.760
 Y210           0.880         0.840         0.820         0.860         0.820
 Y310           0.840         0.840         0.800         0.820         0.800
 Y111           0.860         0.820         0.800         0.840         0.800
 Y211           0.860         0.820         0.820         0.840         0.800
 Y311           0.880         0.840         0.820         0.860         0.820
 Y112           0.880         0.840         0.840         0.860         0.820
 Y212           0.880         0.840         0.840         0.860         0.840
 Y312           0.800         0.780         0.780         0.780         0.740
 Y113           0.800         0.780         0.800         0.780         0.740
 Y213           0.880         0.840         0.800         0.840         0.820
 Y313           0.880         0.840         0.820         0.860         0.820
 Y114           0.840         0.800         0.800         0.820         0.800
 Y214           0.860         0.820         0.800         0.840         0.800
 Y314           0.880         0.820         0.800         0.840         0.820
 Y115           0.840         0.820         0.780         0.840         0.800
 Y215           0.860         0.820         0.800         0.860         0.820
 Y315           0.860         0.820         0.800         0.840         0.800


           Covariance Coverage
              Y37           Y18           Y28           Y38           Y19
              ________      ________      ________      ________      ________
 Y37            0.840
 Y18            0.780         0.900
 Y28            0.720         0.800         0.860
 Y38            0.760         0.820         0.780         0.920
 Y19            0.820         0.860         0.800         0.880         0.940
 Y29            0.760         0.840         0.800         0.820         0.860
 Y39            0.760         0.820         0.780         0.840         0.860
 Y110           0.720         0.820         0.760         0.800         0.820
 Y210           0.800         0.840         0.800         0.860         0.880
 Y310           0.760         0.800         0.760         0.840         0.840
 Y111           0.780         0.840         0.780         0.860         0.880
 Y211           0.800         0.840         0.780         0.840         0.880
 Y311           0.780         0.860         0.840         0.860         0.880
 Y112           0.780         0.840         0.800         0.860         0.880
 Y212           0.800         0.860         0.840         0.860         0.880
 Y312           0.740         0.780         0.720         0.780         0.820
 Y113           0.720         0.780         0.720         0.780         0.820
 Y213           0.760         0.820         0.780         0.880         0.860
 Y313           0.780         0.840         0.800         0.880         0.880
 Y114           0.780         0.820         0.780         0.820         0.860
 Y214           0.760         0.820         0.780         0.880         0.860
 Y314           0.780         0.840         0.780         0.840         0.860
 Y115           0.740         0.800         0.760         0.820         0.840
 Y215           0.760         0.820         0.800         0.840         0.860
 Y315           0.780         0.840         0.800         0.840         0.860


           Covariance Coverage
              Y29           Y39           Y110          Y210          Y310
              ________      ________      ________      ________      ________
 Y29            0.900
 Y39            0.820         0.920
 Y110           0.800         0.820         0.880
 Y210           0.840         0.880         0.820         0.940
 Y310           0.800         0.820         0.780         0.840         0.900
 Y111           0.820         0.860         0.800         0.860         0.820
 Y211           0.840         0.840         0.800         0.880         0.820
 Y311           0.860         0.860         0.860         0.880         0.840
 Y112           0.840         0.860         0.820         0.880         0.860
 Y212           0.840         0.860         0.820         0.880         0.840
 Y312           0.780         0.800         0.760         0.820         0.760
 Y113           0.780         0.780         0.760         0.800         0.760
 Y213           0.820         0.840         0.800         0.860         0.840
 Y313           0.840         0.860         0.820         0.880         0.860
 Y114           0.820         0.820         0.780         0.860         0.820
 Y214           0.820         0.840         0.800         0.860         0.860
 Y314           0.820         0.860         0.840         0.860         0.820
 Y115           0.820         0.840         0.780         0.840         0.800
 Y215           0.840         0.840         0.800         0.860         0.820
 Y315           0.840         0.840         0.800         0.860         0.840


           Covariance Coverage
              Y111          Y211          Y311          Y112          Y212
              ________      ________      ________      ________      ________
 Y111           0.920
 Y211           0.840         0.920
 Y311           0.860         0.860         0.940
 Y112           0.860         0.860         0.880         0.940
 Y212           0.860         0.860         0.880         0.900         0.940
 Y312           0.780         0.820         0.800         0.820         0.820
 Y113           0.780         0.800         0.800         0.820         0.820
 Y213           0.840         0.860         0.860         0.860         0.860
 Y313           0.860         0.880         0.880         0.880         0.880
 Y114           0.820         0.840         0.860         0.860         0.840
 Y214           0.840         0.840         0.860         0.860         0.860
 Y314           0.840         0.840         0.860         0.860         0.860
 Y115           0.840         0.840         0.840         0.840         0.840
 Y215           0.840         0.840         0.860         0.880         0.860
 Y315           0.860         0.840         0.860         0.860         0.860


           Covariance Coverage
              Y312          Y113          Y213          Y313          Y114
              ________      ________      ________      ________      ________
 Y312           0.860
 Y113           0.780         0.860
 Y213           0.780         0.780         0.920
 Y313           0.800         0.800         0.880         0.940
 Y114           0.780         0.780         0.820         0.840         0.900
 Y214           0.800         0.780         0.860         0.880         0.820
 Y314           0.800         0.780         0.840         0.880         0.840
 Y115           0.780         0.760         0.840         0.840         0.800
 Y215           0.780         0.780         0.840         0.860         0.820
 Y315           0.780         0.800         0.840         0.860         0.820


           Covariance Coverage
              Y214          Y314          Y115          Y215          Y315
              ________      ________      ________      ________      ________
 Y214           0.920
 Y314           0.840         0.920
 Y115           0.820         0.820         0.900
 Y215           0.840         0.840         0.860         0.920
 Y315           0.860         0.840         0.820         0.840         0.920



UNIVARIATE SAMPLE STATISTICS


     UNIVARIATE HIGHER-ORDER MOMENT DESCRIPTIVE STATISTICS

         Variable/         Mean/     Skewness/   Minimum/ % with                Percentiles
        Sample Size      Variance    Kurtosis    Maximum  Min/Max      20%/60%    40%/80%    Median

     Y11                   4.429      -0.268      -1.254    2.17%       1.746      4.033      4.822
              46.000       6.402      -0.220       9.637    2.17%       5.274      6.341
     Y21                   3.595       0.711       0.677    2.33%       2.371      2.978      3.424
              43.000       2.210       1.111       8.465    2.33%       3.949      4.635
     Y31                   5.350      -0.160      -1.498    2.27%       2.902      4.737      5.386
              44.000       9.386      -0.293      11.817    2.27%       5.845      7.532
     Y12                   4.297      -0.565      -2.436    2.04%       2.722      3.872      4.312
              49.000       4.453       0.760       8.428    2.04%       4.799      6.152
     Y22                   3.454      -0.083       0.021    2.27%       2.144      3.227      3.395
              44.000       2.264      -0.600       6.113    2.27%       3.680      4.615
     Y32                   5.884      -0.128      -1.403    2.17%       3.638      4.571      5.803
              46.000       7.721      -0.192      11.790    2.17%       6.781      8.434
     Y13                   3.828      -0.012      -1.645    2.08%       1.636      2.944      4.171
              48.000       5.082      -0.548       8.379    2.08%       4.593      5.454
     Y23                   3.389       0.264       1.018    2.27%       2.034      2.774      3.372
              44.000       1.990      -0.736       6.581    2.27%       3.696      4.584
     Y33                   5.147      -0.193      -0.132    2.22%       2.630      4.325      5.332
              45.000       7.195      -0.673      10.791    2.22%       6.262      7.374
     Y14                   4.134       0.141      -0.476    2.17%       1.483      3.006      4.055
              46.000       5.812      -0.852       8.756    2.17%       5.059      6.312
     Y24                   3.466       0.286       0.629    2.33%       2.083      3.095      3.493
              43.000       1.950      -0.326       6.490    2.33%       3.692      4.404
     Y34                   5.709       0.513       1.409    2.17%       3.587      4.561      4.990
              46.000       6.272      -0.509      11.368    2.17%       5.915      7.790
     Y15                   3.755      -0.248      -1.958    2.13%       1.881      3.164      3.760
              47.000       4.308       0.399       8.170    2.13%       4.032      5.490
     Y25                   3.389      -0.127      -0.110    2.17%       2.145      2.957      3.302
              46.000       2.078      -0.185       6.256    2.17%       3.619      4.638
     Y35                   5.011      -0.028      -0.112    2.33%       2.816      4.168      4.745
              43.000       5.874      -0.716       9.734    2.33%       5.844      7.175
     Y16                   4.277      -0.362      -2.641    2.13%       2.630      3.466      3.805
              47.000       4.714       0.690       8.945    2.13%       4.897      6.192
     Y26                   3.431       0.042      -0.097    2.22%       2.640      3.005      3.233
              45.000       1.693       0.991       6.953    2.22%       3.610      4.118
     Y36                   5.054      -0.204      -0.842    2.27%       2.299      4.435      5.358
              44.000       6.818      -0.813       9.501    2.27%       5.880      7.795
     Y17                   3.826       0.258      -0.458    2.17%       2.310      2.869      3.385
              46.000       4.327      -0.302       8.565    2.17%       4.226      5.463
     Y27                   3.416       0.092       1.201    2.27%       1.971      3.172      3.498
              44.000       1.780      -0.753       6.466    2.27%       3.640      4.437
     Y37                   5.518       0.294       0.124    2.38%       3.196      4.655      5.104
              42.000       5.821      -0.306      11.090    2.38%       5.551      7.408
     Y18                   4.214      -0.275      -0.532    2.22%       2.267      3.766      4.573
              45.000       4.447      -0.206       9.028    2.22%       4.973      5.989
     Y28                   3.294       0.071       0.191    2.33%       2.078      2.617      3.188
              43.000       2.190      -0.678       5.908    2.33%       3.692      4.456
     Y38                   5.030      -0.092      -1.271    2.17%       2.723      3.729      4.542
              46.000       6.879      -0.698       9.675    2.17%       5.910      7.417
     Y19                   4.062      -0.422      -2.317    2.13%       2.404      3.461      4.152
              47.000       4.852       0.094       8.570    2.13%       4.668      5.950
     Y29                   3.678      -0.067      -0.121    2.22%       2.599      3.091      3.516
              45.000       2.349      -0.276       6.658    2.22%       3.784      5.012
     Y39                   5.518       0.284      -0.711    2.17%       3.122      4.584      5.211
              46.000       6.982      -0.038      11.534    2.17%       5.739      7.149
     Y110                  4.161      -0.053      -1.424    2.27%       2.812      3.690      3.887
              44.000       3.303       1.004       8.128    2.27%       4.272      5.317
     Y210                  3.484       0.067       0.458    2.13%       2.094      3.232      3.441
              47.000       2.128      -0.657       6.448    2.13%       3.518      4.991
     Y310                  4.792       0.140      -1.009    2.22%       2.770      3.956      4.685
              45.000       6.474      -0.244      10.215    2.22%       5.267      6.387
     Y111                  4.422      -0.006       0.062    2.17%       1.714      3.884      4.518
              46.000       4.927      -0.845       8.483    2.17%       5.072      6.298
     Y211                  3.402      -0.150      -0.244    2.17%       2.299      2.997      3.271
              46.000       1.935      -0.140       6.299    2.17%       3.897      4.540
     Y311                  5.488      -0.409      -2.316    2.13%       2.119      5.013      6.002
              47.000       9.570      -0.246      12.060    2.13%       6.839      7.519
     Y112                  3.977       0.328      -0.831    2.13%       2.118      3.311      3.644
              47.000       4.561       0.197       9.665    2.13%       4.369      5.662
     Y212                  3.636       0.272       0.841    2.13%       2.404      3.105      3.405
              47.000       1.786      -0.394       6.780    2.13%       3.974      4.717
     Y312                  5.559      -0.050       0.988    2.33%       3.363      4.697      5.329
              43.000       5.012      -0.900       9.707    2.33%       6.206      7.499
     Y113                  4.302      -0.446      -0.398    2.33%       2.658      3.833      4.202
              43.000       3.851      -0.150       7.631    2.33%       4.764      5.959
     Y213                  3.476       0.683       1.059    2.17%       2.386      2.971      3.163
              46.000       1.724       0.292       7.313    2.17%       3.675      4.813
     Y313                  5.295       0.408       0.914    2.13%       3.176      4.609      5.374
              47.000       4.888       0.036      10.907    2.13%       5.753      6.683
     Y114                  4.056       0.472      -0.092    2.22%       2.399      3.401      4.019
              45.000       3.706       0.318       9.005    2.22%       4.563      5.381
     Y214                  3.186      -0.722      -1.673    2.17%       2.073      2.855      3.164
              46.000       1.876       1.760       6.055    2.17%       3.608      4.381
     Y314                  4.892      -0.175      -4.150    2.17%       2.875      4.103      4.491
              46.000       8.228       1.033      11.455    2.17%       5.222      7.388
     Y115                  4.198       0.181      -0.409    2.22%       2.292      3.219      4.287
              45.000       5.271      -0.544       8.778    2.22%       4.424      6.574
     Y215                  3.375       0.048       0.323    2.17%       1.926      2.843      3.361
              46.000       2.070      -0.601       6.824    2.17%       4.116      4.611
     Y315                  5.292      -0.206      -2.592    2.17%       3.293      4.644      5.272
              46.000       7.528       0.425      11.438    2.17%       5.885      7.212


THE MODEL ESTIMATION TERMINATED NORMALLY



MODEL FIT INFORMATION

Number of Free Parameters                       12

Loglikelihood

          H0 Value                       -3484.531
          H1 Value                       -1448.250

Information Criteria

          Akaike (AIC)                    6993.062
          Bayesian (BIC)                  7016.006
          Sample-Size Adjusted BIC        6978.340
            (n* = (n + 2) / 24)

Chi-Square Test of Model Fit

          Value                           4072.563
          Degrees of Freedom                  1068
          P-Value                           0.0000

RMSEA (Root Mean Square Error Of Approximation)

          Estimate                           0.237
          90 Percent C.I.                    0.230  0.245
          Probability RMSEA <= .05           0.000

CFI/TLI

          CFI                                0.365
          TLI                                0.411

Chi-Square Test of Model Fit for the Baseline Model

          Value                           5722.178
          Degrees of Freedom                   990
          P-Value                           0.0000

SRMR (Standardized Root Mean Square Residual)

          Value                              0.122



MODEL RESULTS

                                                    Two-Tailed
                    Estimate       S.E.  Est./S.E.    P-Value

 ETA1     BY
    Y11                1.000      0.000    999.000    999.000
    Y21                0.496      0.028     17.442      0.000
    Y31                1.270      0.070     18.037      0.000

 ETA2     BY
    Y12                1.000      0.000    999.000    999.000
    Y22                0.496      0.028     17.442      0.000
    Y32                1.270      0.070     18.037      0.000

 ETA3     BY
    Y13                1.000      0.000    999.000    999.000
    Y23                0.496      0.028     17.442      0.000
    Y33                1.270      0.070     18.037      0.000

 ETA4     BY
    Y14                1.000      0.000    999.000    999.000
    Y24                0.496      0.028     17.442      0.000
    Y34                1.270      0.070     18.037      0.000

 ETA5     BY
    Y15                1.000      0.000    999.000    999.000
    Y25                0.496      0.028     17.442      0.000
    Y35                1.270      0.070     18.037      0.000

 ETA6     BY
    Y16                1.000      0.000    999.000    999.000
    Y26                0.496      0.028     17.442      0.000
    Y36                1.270      0.070     18.037      0.000

 ETA7     BY
    Y17                1.000      0.000    999.000    999.000
    Y27                0.496      0.028     17.442      0.000
    Y37                1.270      0.070     18.037      0.000

 ETA8     BY
    Y18                1.000      0.000    999.000    999.000
    Y28                0.496      0.028     17.442      0.000
    Y38                1.270      0.070     18.037      0.000

 ETA9     BY
    Y19                1.000      0.000    999.000    999.000
    Y29                0.496      0.028     17.442      0.000
    Y39                1.270      0.070     18.037      0.000

 ETA10    BY
    Y110               1.000      0.000    999.000    999.000
    Y210               0.496      0.028     17.442      0.000
    Y310               1.270      0.070     18.037      0.000

 ETA11    BY
    Y111               1.000      0.000    999.000    999.000
    Y211               0.496      0.028     17.442      0.000
    Y311               1.270      0.070     18.037      0.000

 ETA12    BY
    Y112               1.000      0.000    999.000    999.000
    Y212               0.496      0.028     17.442      0.000
    Y312               1.270      0.070     18.037      0.000

 ETA13    BY
    Y113               1.000      0.000    999.000    999.000
    Y213               0.496      0.028     17.442      0.000
    Y313               1.270      0.070     18.037      0.000

 ETA14    BY
    Y114               1.000      0.000    999.000    999.000
    Y214               0.496      0.028     17.442      0.000
    Y314               1.270      0.070     18.037      0.000

 ETA15    BY
    Y115               1.000      0.000    999.000    999.000
    Y215               0.496      0.028     17.442      0.000
    Y315               1.270      0.070     18.037      0.000

 THETA1   BY
    Y11                1.000      0.000    999.000    999.000
    Y21                0.807      0.034     23.640      0.000
    Y31                1.195      0.054     22.220      0.000
    Y12                1.000      0.000    999.000    999.000
    Y22                0.807      0.034     23.640      0.000
    Y32                1.195      0.054     22.220      0.000
    Y13                1.000      0.000    999.000    999.000
    Y23                0.807      0.034     23.640      0.000
    Y33                1.195      0.054     22.220      0.000
    Y14                1.000      0.000    999.000    999.000
    Y24                0.807      0.034     23.640      0.000
    Y34                1.195      0.054     22.220      0.000
    Y15                1.000      0.000    999.000    999.000
    Y25                0.807      0.034     23.640      0.000
    Y35                1.195      0.054     22.220      0.000
    Y16                1.000      0.000    999.000    999.000
    Y26                0.807      0.034     23.640      0.000
    Y36                1.195      0.054     22.220      0.000
    Y17                1.000      0.000    999.000    999.000
    Y27                0.807      0.034     23.640      0.000
    Y37                1.195      0.054     22.220      0.000
    Y18                1.000      0.000    999.000    999.000
    Y28                0.807      0.034     23.640      0.000
    Y38                1.195      0.054     22.220      0.000
    Y19                1.000      0.000    999.000    999.000
    Y29                0.807      0.034     23.640      0.000
    Y39                1.195      0.054     22.220      0.000
    Y110               1.000      0.000    999.000    999.000
    Y210               0.807      0.034     23.640      0.000
    Y310               1.195      0.054     22.220      0.000
    Y111               1.000      0.000    999.000    999.000
    Y211               0.807      0.034     23.640      0.000
    Y311               1.195      0.054     22.220      0.000
    Y112               1.000      0.000    999.000    999.000
    Y212               0.807      0.034     23.640      0.000
    Y312               1.195      0.054     22.220      0.000
    Y113               1.000      0.000    999.000    999.000
    Y213               0.807      0.034     23.640      0.000
    Y313               1.195      0.054     22.220      0.000
    Y114               1.000      0.000    999.000    999.000
    Y214               0.807      0.034     23.640      0.000
    Y314               1.195      0.054     22.220      0.000
    Y115               1.000      0.000    999.000    999.000
    Y215               0.807      0.034     23.640      0.000
    Y315               1.195      0.054     22.220      0.000

 ETA1     WITH
    ETA2               0.000      0.000    999.000    999.000
    ETA3               0.000      0.000    999.000    999.000
    ETA4               0.000      0.000    999.000    999.000
    ETA5               0.000      0.000    999.000    999.000
    ETA6               0.000      0.000    999.000    999.000
    ETA7               0.000      0.000    999.000    999.000
    ETA8               0.000      0.000    999.000    999.000
    ETA9               0.000      0.000    999.000    999.000
    ETA10              0.000      0.000    999.000    999.000
    ETA11              0.000      0.000    999.000    999.000
    ETA12              0.000      0.000    999.000    999.000
    ETA13              0.000      0.000    999.000    999.000
    ETA14              0.000      0.000    999.000    999.000
    ETA15              0.000      0.000    999.000    999.000
    THETA1             0.000      0.000    999.000    999.000

 ETA2     WITH
    ETA3               0.000      0.000    999.000    999.000
    ETA4               0.000      0.000    999.000    999.000
    ETA5               0.000      0.000    999.000    999.000
    ETA6               0.000      0.000    999.000    999.000
    ETA7               0.000      0.000    999.000    999.000
    ETA8               0.000      0.000    999.000    999.000
    ETA9               0.000      0.000    999.000    999.000
    ETA10              0.000      0.000    999.000    999.000
    ETA11              0.000      0.000    999.000    999.000
    ETA12              0.000      0.000    999.000    999.000
    ETA13              0.000      0.000    999.000    999.000
    ETA14              0.000      0.000    999.000    999.000
    ETA15              0.000      0.000    999.000    999.000
    THETA1             0.000      0.000    999.000    999.000

 ETA3     WITH
    ETA4               0.000      0.000    999.000    999.000
    ETA5               0.000      0.000    999.000    999.000
    ETA6               0.000      0.000    999.000    999.000
    ETA7               0.000      0.000    999.000    999.000
    ETA8               0.000      0.000    999.000    999.000
    ETA9               0.000      0.000    999.000    999.000
    ETA10              0.000      0.000    999.000    999.000
    ETA11              0.000      0.000    999.000    999.000
    ETA12              0.000      0.000    999.000    999.000
    ETA13              0.000      0.000    999.000    999.000
    ETA14              0.000      0.000    999.000    999.000
    ETA15              0.000      0.000    999.000    999.000
    THETA1             0.000      0.000    999.000    999.000

 ETA4     WITH
    ETA5               0.000      0.000    999.000    999.000
    ETA6               0.000      0.000    999.000    999.000
    ETA7               0.000      0.000    999.000    999.000
    ETA8               0.000      0.000    999.000    999.000
    ETA9               0.000      0.000    999.000    999.000
    ETA10              0.000      0.000    999.000    999.000
    ETA11              0.000      0.000    999.000    999.000
    ETA12              0.000      0.000    999.000    999.000
    ETA13              0.000      0.000    999.000    999.000
    ETA14              0.000      0.000    999.000    999.000
    ETA15              0.000      0.000    999.000    999.000
    THETA1             0.000      0.000    999.000    999.000

 ETA5     WITH
    ETA6               0.000      0.000    999.000    999.000
    ETA7               0.000      0.000    999.000    999.000
    ETA8               0.000      0.000    999.000    999.000
    ETA9               0.000      0.000    999.000    999.000
    ETA10              0.000      0.000    999.000    999.000
    ETA11              0.000      0.000    999.000    999.000
    ETA12              0.000      0.000    999.000    999.000
    ETA13              0.000      0.000    999.000    999.000
    ETA14              0.000      0.000    999.000    999.000
    ETA15              0.000      0.000    999.000    999.000
    THETA1             0.000      0.000    999.000    999.000

 ETA6     WITH
    ETA7               0.000      0.000    999.000    999.000
    ETA8               0.000      0.000    999.000    999.000
    ETA9               0.000      0.000    999.000    999.000
    ETA10              0.000      0.000    999.000    999.000
    ETA11              0.000      0.000    999.000    999.000
    ETA12              0.000      0.000    999.000    999.000
    ETA13              0.000      0.000    999.000    999.000
    ETA14              0.000      0.000    999.000    999.000
    ETA15              0.000      0.000    999.000    999.000
    THETA1             0.000      0.000    999.000    999.000

 ETA7     WITH
    ETA8               0.000      0.000    999.000    999.000
    ETA9               0.000      0.000    999.000    999.000
    ETA10              0.000      0.000    999.000    999.000
    ETA11              0.000      0.000    999.000    999.000
    ETA12              0.000      0.000    999.000    999.000
    ETA13              0.000      0.000    999.000    999.000
    ETA14              0.000      0.000    999.000    999.000
    ETA15              0.000      0.000    999.000    999.000
    THETA1             0.000      0.000    999.000    999.000

 ETA8     WITH
    ETA9               0.000      0.000    999.000    999.000
    ETA10              0.000      0.000    999.000    999.000
    ETA11              0.000      0.000    999.000    999.000
    ETA12              0.000      0.000    999.000    999.000
    ETA13              0.000      0.000    999.000    999.000
    ETA14              0.000      0.000    999.000    999.000
    ETA15              0.000      0.000    999.000    999.000
    THETA1             0.000      0.000    999.000    999.000

 ETA9     WITH
    ETA10              0.000      0.000    999.000    999.000
    ETA11              0.000      0.000    999.000    999.000
    ETA12              0.000      0.000    999.000    999.000
    ETA13              0.000      0.000    999.000    999.000
    ETA14              0.000      0.000    999.000    999.000
    ETA15              0.000      0.000    999.000    999.000
    THETA1             0.000      0.000    999.000    999.000

 ETA10    WITH
    ETA11              0.000      0.000    999.000    999.000
    ETA12              0.000      0.000    999.000    999.000
    ETA13              0.000      0.000    999.000    999.000
    ETA14              0.000      0.000    999.000    999.000
    ETA15              0.000      0.000    999.000    999.000
    THETA1             0.000      0.000    999.000    999.000

 ETA11    WITH
    ETA12              0.000      0.000    999.000    999.000
    ETA13              0.000      0.000    999.000    999.000
    ETA14              0.000      0.000    999.000    999.000
    ETA15              0.000      0.000    999.000    999.000
    THETA1             0.000      0.000    999.000    999.000

 ETA12    WITH
    ETA13              0.000      0.000    999.000    999.000
    ETA14              0.000      0.000    999.000    999.000
    ETA15              0.000      0.000    999.000    999.000
    THETA1             0.000      0.000    999.000    999.000

 ETA13    WITH
    ETA14              0.000      0.000    999.000    999.000
    ETA15              0.000      0.000    999.000    999.000
    THETA1             0.000      0.000    999.000    999.000

 ETA14    WITH
    ETA15              0.000      0.000    999.000    999.000
    THETA1             0.000      0.000    999.000    999.000

 ETA15    WITH
    THETA1             0.000      0.000    999.000    999.000

 Means
    THETA1             4.104      0.194     21.201      0.000

 Intercepts
    Y11                0.000      0.000    999.000    999.000
    Y21                0.116      0.147      0.790      0.429
    Y31                0.393      0.232      1.694      0.090
    Y12                0.000      0.000    999.000    999.000
    Y22                0.116      0.147      0.790      0.429
    Y32                0.393      0.232      1.694      0.090
    Y13                0.000      0.000    999.000    999.000
    Y23                0.116      0.147      0.790      0.429
    Y33                0.393      0.232      1.694      0.090
    Y14                0.000      0.000    999.000    999.000
    Y24                0.116      0.147      0.790      0.429
    Y34                0.393      0.232      1.694      0.090
    Y15                0.000      0.000    999.000    999.000
    Y25                0.116      0.147      0.790      0.429
    Y35                0.393      0.232      1.694      0.090
    Y16                0.000      0.000    999.000    999.000
    Y26                0.116      0.147      0.790      0.429
    Y36                0.393      0.232      1.694      0.090
    Y17                0.000      0.000    999.000    999.000
    Y27                0.116      0.147      0.790      0.429
    Y37                0.393      0.232      1.694      0.090
    Y18                0.000      0.000    999.000    999.000
    Y28                0.116      0.147      0.790      0.429
    Y38                0.393      0.232      1.694      0.090
    Y19                0.000      0.000    999.000    999.000
    Y29                0.116      0.147      0.790      0.429
    Y39                0.393      0.232      1.694      0.090
    Y110               0.000      0.000    999.000    999.000
    Y210               0.116      0.147      0.790      0.429
    Y310               0.393      0.232      1.694      0.090
    Y111               0.000      0.000    999.000    999.000
    Y211               0.116      0.147      0.790      0.429
    Y311               0.393      0.232      1.694      0.090
    Y112               0.000      0.000    999.000    999.000
    Y212               0.116      0.147      0.790      0.429
    Y312               0.393      0.232      1.694      0.090
    Y113               0.000      0.000    999.000    999.000
    Y213               0.116      0.147      0.790      0.429
    Y313               0.393      0.232      1.694      0.090
    Y114               0.000      0.000    999.000    999.000
    Y214               0.116      0.147      0.790      0.429
    Y314               0.393      0.232      1.694      0.090
    Y115               0.000      0.000    999.000    999.000
    Y215               0.116      0.147      0.790      0.429
    Y315               0.393      0.232      1.694      0.090

 Variances
    ETA1               2.053      0.179     11.468      0.000
    ETA2               2.053      0.179     11.468      0.000
    ETA3               2.053      0.179     11.468      0.000
    ETA4               2.053      0.179     11.468      0.000
    ETA5               2.053      0.179     11.468      0.000
    ETA6               2.053      0.179     11.468      0.000
    ETA7               2.053      0.179     11.468      0.000
    ETA8               2.053      0.179     11.468      0.000
    ETA9               2.053      0.179     11.468      0.000
    ETA10              2.053      0.179     11.468      0.000
    ETA11              2.053      0.179     11.468      0.000
    ETA12              2.053      0.179     11.468      0.000
    ETA13              2.053      0.179     11.468      0.000
    ETA14              2.053      0.179     11.468      0.000
    ETA15              2.053      0.179     11.468      0.000
    THETA1             1.664      0.374      4.450      0.000

 Residual Variances
    Y11                0.962      0.101      9.489      0.000
    Y21                0.433      0.032     13.365      0.000
    Y31                1.554      0.164      9.485      0.000
    Y12                0.962      0.101      9.489      0.000
    Y22                0.433      0.032     13.365      0.000
    Y32                1.554      0.164      9.485      0.000
    Y13                0.962      0.101      9.489      0.000
    Y23                0.433      0.032     13.365      0.000
    Y33                1.554      0.164      9.485      0.000
    Y14                0.962      0.101      9.489      0.000
    Y24                0.433      0.032     13.365      0.000
    Y34                1.554      0.164      9.485      0.000
    Y15                0.962      0.101      9.489      0.000
    Y25                0.433      0.032     13.365      0.000
    Y35                1.554      0.164      9.485      0.000
    Y16                0.962      0.101      9.489      0.000
    Y26                0.433      0.032     13.365      0.000
    Y36                1.554      0.164      9.485      0.000
    Y17                0.962      0.101      9.489      0.000
    Y27                0.433      0.032     13.365      0.000
    Y37                1.554      0.164      9.485      0.000
    Y18                0.962      0.101      9.489      0.000
    Y28                0.433      0.032     13.365      0.000
    Y38                1.554      0.164      9.485      0.000
    Y19                0.962      0.101      9.489      0.000
    Y29                0.433      0.032     13.365      0.000
    Y39                1.554      0.164      9.485      0.000
    Y110               0.962      0.101      9.489      0.000
    Y210               0.433      0.032     13.365      0.000
    Y310               1.554      0.164      9.485      0.000
    Y111               0.962      0.101      9.489      0.000
    Y211               0.433      0.032     13.365      0.000
    Y311               1.554      0.164      9.485      0.000
    Y112               0.962      0.101      9.489      0.000
    Y212               0.433      0.032     13.365      0.000
    Y312               1.554      0.164      9.485      0.000
    Y113               0.962      0.101      9.489      0.000
    Y213               0.433      0.032     13.365      0.000
    Y313               1.554      0.164      9.485      0.000
    Y114               0.962      0.101      9.489      0.000
    Y214               0.433      0.032     13.365      0.000
    Y314               1.554      0.164      9.485      0.000
    Y115               0.962      0.101      9.489      0.000
    Y215               0.433      0.032     13.365      0.000
    Y315               1.554      0.164      9.485      0.000


QUALITY OF NUMERICAL RESULTS

     Condition Number for the Information Matrix              0.446E-03
       (ratio of smallest to largest eigenvalue)


     Beginning Time:  10:37:06
        Ending Time:  10:37:23
       Elapsed Time:  00:00:17



MUTHEN & MUTHEN
3463 Stoner Ave.
Los Angeles, CA  90066

Tel: (310) 391-9971
Fax: (310) 391-8971
Web: www.StatModel.com
Support: Support@StatModel.com

Copyright (c) 1998-2017 Muthen & Muthen
