Mplus VERSION 8
MUTHEN & MUTHEN
02/19/2019  10:37 AM

INPUT INSTRUCTIONS

  TITLE: Your title goes here
  DATA: FILE = "Mplus_files_Results/msst_wide_trunc_n50_i3_nt15_na0.1.dat";
  VARIABLE:
  NAMES = subjn y11 y21 y31 y12 y22 y32 y13 y23 y33 y14 y24 y34 y15 y25 y35 y16 y26
       y36 y17 y27 y37 y18 y28 y38 y19 y29 y39 y110 y210 y310 y111 y211 y311 y112 y212
       y312 y113 y213 y313 y114 y214 y314 y115 y215 y315;
  MISSING=.;
  USEVAR = y11
  y21
  y31
  y12
  y22
  y32
  y13
  y23
  y33
  y14
  y24
  y34
  y15
  y25
  y35
  y16
  y26
  y36
  y17
  y27
  y37
  y18
  y28
  y38
  y19
  y29
  y39
  y110
  y210
  y310
  y111
  y211
  y311
  y112
  y212
  y312
  y113
  y213
  y313
  y114
  y214
  y314
  y115
  y215
  y315 ;


  ANALYSIS:
  TYPE = GENERAL ;
  ESTIMATOR = ML ;
  ITERATIONS = 50000 ;
  H1ITERATIONS = 50000 ;


  MODEL:

  ! Latent state variables
  eta1 BY y11@1
  y21 (las21)
  y31 (las31) ;
  eta2 BY y12@1
  y22 (las21)
  y32 (las31) ;
  eta3 BY y13@1
  y23 (las21)
  y33 (las31) ;
  eta4 BY y14@1
  y24 (las21)
  y34 (las31) ;
  eta5 BY y15@1
  y25 (las21)
  y35 (las31) ;
  eta6 BY y16@1
  y26 (las21)
  y36 (las31) ;
  eta7 BY y17@1
  y27 (las21)
  y37 (las31) ;
  eta8 BY y18@1
  y28 (las21)
  y38 (las31) ;
  eta9 BY y19@1
  y29 (las21)
  y39 (las31) ;
  eta10 BY y110@1
  y210 (las21)
  y310 (las31) ;
  eta11 BY y111@1
  y211 (las21)
  y311 (las31) ;
  eta12 BY y112@1
  y212 (las21)
  y312 (las31) ;
  eta13 BY y113@1
  y213 (las21)
  y313 (las31) ;
  eta14 BY y114@1
  y214 (las21)
  y314 (las31) ;
  eta15 BY y115@1
  y215 (las21)
  y315 (las31) ;

  ! Latent trait variables
  theta1 BY y11@1
  y21 (lat21)
  y31 (lat31)
  y12@1
  y22 (lat21)
  y32 (lat31)
  y13@1
  y23 (lat21)
  y33 (lat31)
  y14@1
  y24 (lat21)
  y34 (lat31)
  y15@1
  y25 (lat21)
  y35 (lat31)
  y16@1
  y26 (lat21)
  y36 (lat31)
  y17@1
  y27 (lat21)
  y37 (lat31)
  y18@1
  y28 (lat21)
  y38 (lat31)
  y19@1
  y29 (lat21)
  y39 (lat31)
  y110@1
  y210 (lat21)
  y310 (lat31)
  y111@1
  y211 (lat21)
  y311 (lat31)
  y112@1
  y212 (lat21)
  y312 (lat31)
  y113@1
  y213 (lat21)
  y313 (lat31)
  y114@1
  y214 (lat21)
  y314 (lat31)
  y115@1
  y215 (lat21)
  y315 (lat31) ;

  ! Intercepts and means

  [y11@0] ;
  [y21*] (int21) ;
  [y31*] (int31) ;
  [y12@0] ;
  [y22*] (int21) ;
  [y32*] (int31) ;
  [y13@0] ;
  [y23*] (int21) ;
  [y33*] (int31) ;
  [y14@0] ;
  [y24*] (int21) ;
  [y34*] (int31) ;
  [y15@0] ;
  [y25*] (int21) ;
  [y35*] (int31) ;
  [y16@0] ;
  [y26*] (int21) ;
  [y36*] (int31) ;
  [y17@0] ;
  [y27*] (int21) ;
  [y37*] (int31) ;
  [y18@0] ;
  [y28*] (int21) ;
  [y38*] (int31) ;
  [y19@0] ;
  [y29*] (int21) ;
  [y39*] (int31) ;
  [y110@0] ;
  [y210*] (int21) ;
  [y310*] (int31) ;
  [y111@0] ;
  [y211*] (int21) ;
  [y311*] (int31) ;
  [y112@0] ;
  [y212*] (int21) ;
  [y312*] (int31) ;
  [y113@0] ;
  [y213*] (int21) ;
  [y313*] (int31) ;
  [y114@0] ;
  [y214*] (int21) ;
  [y314*] (int31) ;
  [y115@0] ;
  [y215*] (int21) ;
  [y315*] (int31) ;
  [theta1*] ;

  ! Variance components
  y11(o_err11) ;
  y21(o_err21) ;
  y31(o_err31) ;
  y12(o_err11) ;
  y22(o_err21) ;
  y32(o_err31) ;
  y13(o_err11) ;
  y23(o_err21) ;
  y33(o_err31) ;
  y14(o_err11) ;
  y24(o_err21) ;
  y34(o_err31) ;
  y15(o_err11) ;
  y25(o_err21) ;
  y35(o_err31) ;
  y16(o_err11) ;
  y26(o_err21) ;
  y36(o_err31) ;
  y17(o_err11) ;
  y27(o_err21) ;
  y37(o_err31) ;
  y18(o_err11) ;
  y28(o_err21) ;
  y38(o_err31) ;
  y19(o_err11) ;
  y29(o_err21) ;
  y39(o_err31) ;
  y110(o_err11) ;
  y210(o_err21) ;
  y310(o_err31) ;
  y111(o_err11) ;
  y211(o_err21) ;
  y311(o_err31) ;
  y112(o_err11) ;
  y212(o_err21) ;
  y312(o_err31) ;
  y113(o_err11) ;
  y213(o_err21) ;
  y313(o_err31) ;
  y114(o_err11) ;
  y214(o_err21) ;
  y314(o_err31) ;
  y115(o_err11) ;
  y215(o_err21) ;
  y315(o_err31) ;
  eta1(s_var11) ;
  eta2(s_var11) ;
  eta3(s_var11) ;
  eta4(s_var11) ;
  eta5(s_var11) ;
  eta6(s_var11) ;
  eta7(s_var11) ;
  eta8(s_var11) ;
  eta9(s_var11) ;
  eta10(s_var11) ;
  eta11(s_var11) ;
  eta12(s_var11) ;
  eta13(s_var11) ;
  eta14(s_var11) ;
  eta15(s_var11) ;
  theta1(t_var1) ;

  ! Set zero covariances
  eta1 WITH eta2@0
  eta3@0
  eta4@0
  eta5@0
  eta6@0
  eta7@0
  eta8@0
  eta9@0
  eta10@0
  eta11@0
  eta12@0
  eta13@0
  eta14@0
  eta15@0
  theta1@0 ;
  eta2 WITH eta3@0
  eta4@0
  eta5@0
  eta6@0
  eta7@0
  eta8@0
  eta9@0
  eta10@0
  eta11@0
  eta12@0
  eta13@0
  eta14@0
  eta15@0
  theta1@0 ;
  eta3 WITH eta4@0
  eta5@0
  eta6@0
  eta7@0
  eta8@0
  eta9@0
  eta10@0
  eta11@0
  eta12@0
  eta13@0
  eta14@0
  eta15@0
  theta1@0 ;
  eta4 WITH eta5@0
  eta6@0
  eta7@0
  eta8@0
  eta9@0
  eta10@0
  eta11@0
  eta12@0
  eta13@0
  eta14@0
  eta15@0
  theta1@0 ;
  eta5 WITH eta6@0
  eta7@0
  eta8@0
  eta9@0
  eta10@0
  eta11@0
  eta12@0
  eta13@0
  eta14@0
  eta15@0
  theta1@0 ;
  eta6 WITH eta7@0
  eta8@0
  eta9@0
  eta10@0
  eta11@0
  eta12@0
  eta13@0
  eta14@0
  eta15@0
  theta1@0 ;
  eta7 WITH eta8@0
  eta9@0
  eta10@0
  eta11@0
  eta12@0
  eta13@0
  eta14@0
  eta15@0
  theta1@0 ;
  eta8 WITH eta9@0
  eta10@0
  eta11@0
  eta12@0
  eta13@0
  eta14@0
  eta15@0
  theta1@0 ;
  eta9 WITH eta10@0
  eta11@0
  eta12@0
  eta13@0
  eta14@0
  eta15@0
  theta1@0 ;
  eta10 WITH eta11@0
  eta12@0
  eta13@0
  eta14@0
  eta15@0
  theta1@0 ;
  eta11 WITH eta12@0
  eta13@0
  eta14@0
  eta15@0
  theta1@0 ;
  eta12 WITH eta13@0
  eta14@0
  eta15@0
  theta1@0 ;
  eta13 WITH eta14@0
  eta15@0
  theta1@0 ;
  eta14 WITH eta15@0
  theta1@0 ;
  eta15 WITH theta1@0 ;



INPUT READING TERMINATED NORMALLY



Your title goes here

SUMMARY OF ANALYSIS

Number of groups                                                 1
Number of observations                                          50

Number of dependent variables                                   45
Number of independent variables                                  0
Number of continuous latent variables                           16

Observed dependent variables

  Continuous
   Y11         Y21         Y31         Y12         Y22         Y32
   Y13         Y23         Y33         Y14         Y24         Y34
   Y15         Y25         Y35         Y16         Y26         Y36
   Y17         Y27         Y37         Y18         Y28         Y38
   Y19         Y29         Y39         Y110        Y210        Y310
   Y111        Y211        Y311        Y112        Y212        Y312
   Y113        Y213        Y313        Y114        Y214        Y314
   Y115        Y215        Y315

Continuous latent variables
   ETA1        ETA2        ETA3        ETA4        ETA5        ETA6
   ETA7        ETA8        ETA9        ETA10       ETA11       ETA12
   ETA13       ETA14       ETA15       THETA1


Estimator                                                       ML
Information matrix                                        OBSERVED
Maximum number of iterations                                 50000
Convergence criterion                                    0.500D-04
Maximum number of steepest descent iterations                   20
Maximum number of iterations for H1                          50000
Convergence criterion for H1                             0.100D-03

Input data file(s)
  Mplus_files_Results/msst_wide_trunc_n50_i3_nt15_na0.1.dat

Input data format  FREE


SUMMARY OF DATA

     Number of missing data patterns            50


COVARIANCE COVERAGE OF DATA

Minimum covariance coverage value   0.100


     PROPORTION OF DATA PRESENT


           Covariance Coverage
              Y11           Y21           Y31           Y12           Y22
              ________      ________      ________      ________      ________
 Y11            0.920
 Y21            0.780         0.860
 Y31            0.800         0.740         0.880
 Y12            0.900         0.840         0.860         0.980
 Y22            0.820         0.740         0.780         0.880         0.880
 Y32            0.840         0.820         0.820         0.900         0.800
 Y13            0.880         0.820         0.840         0.940         0.840
 Y23            0.800         0.740         0.760         0.860         0.760
 Y33            0.820         0.780         0.820         0.900         0.800
 Y14            0.860         0.780         0.800         0.900         0.800
 Y24            0.780         0.720         0.780         0.860         0.780
 Y34            0.840         0.780         0.800         0.900         0.820
 Y15            0.860         0.800         0.820         0.920         0.840
 Y25            0.860         0.780         0.800         0.900         0.800
 Y35            0.780         0.720         0.740         0.840         0.740
 Y16            0.860         0.800         0.820         0.920         0.820
 Y26            0.820         0.760         0.800         0.880         0.800
 Y36            0.800         0.760         0.780         0.860         0.800
 Y17            0.840         0.800         0.800         0.900         0.800
 Y27            0.800         0.740         0.760         0.860         0.780
 Y37            0.760         0.700         0.740         0.820         0.760
 Y18            0.820         0.760         0.780         0.880         0.780
 Y28            0.780         0.740         0.740         0.840         0.760
 Y38            0.840         0.820         0.800         0.900         0.800
 Y19            0.860         0.800         0.820         0.920         0.820
 Y29            0.820         0.800         0.780         0.880         0.780
 Y39            0.860         0.800         0.800         0.900         0.800
 Y110           0.800         0.760         0.780         0.860         0.760
 Y210           0.880         0.800         0.820         0.940         0.840
 Y310           0.840         0.780         0.800         0.880         0.820
 Y111           0.840         0.800         0.800         0.900         0.800
 Y211           0.840         0.780         0.800         0.900         0.800
 Y311           0.860         0.800         0.840         0.920         0.820
 Y112           0.880         0.800         0.820         0.920         0.840
 Y212           0.860         0.800         0.820         0.920         0.860
 Y312           0.780         0.740         0.760         0.840         0.760
 Y113           0.780         0.740         0.780         0.840         0.760
 Y213           0.840         0.800         0.800         0.900         0.800
 Y313           0.860         0.820         0.840         0.920         0.820
 Y114           0.820         0.760         0.780         0.900         0.800
 Y214           0.860         0.840         0.800         0.900         0.820
 Y314           0.840         0.780         0.820         0.900         0.800
 Y115           0.820         0.800         0.780         0.880         0.780
 Y215           0.860         0.800         0.800         0.900         0.800
 Y315           0.860         0.800         0.800         0.900         0.820


           Covariance Coverage
              Y32           Y13           Y23           Y33           Y14
              ________      ________      ________      ________      ________
 Y32            0.920
 Y13            0.880         0.960
 Y23            0.800         0.840         0.880
 Y33            0.860         0.860         0.780         0.900
 Y14            0.840         0.880         0.800         0.820         0.920
 Y24            0.800         0.820         0.760         0.780         0.780
 Y34            0.840         0.900         0.820         0.820         0.840
 Y15            0.880         0.900         0.820         0.840         0.860
 Y25            0.840         0.880         0.840         0.820         0.860
 Y35            0.780         0.840         0.760         0.780         0.800
 Y16            0.860         0.900         0.820         0.840         0.860
 Y26            0.820         0.860         0.800         0.800         0.840
 Y36            0.800         0.840         0.780         0.780         0.800
 Y17            0.840         0.880         0.800         0.820         0.860
 Y27            0.800         0.840         0.800         0.800         0.820
 Y37            0.760         0.820         0.760         0.760         0.760
 Y18            0.820         0.860         0.800         0.800         0.840
 Y28            0.800         0.840         0.760         0.760         0.800
 Y38            0.880         0.880         0.800         0.840         0.860
 Y19            0.880         0.900         0.840         0.860         0.860
 Y29            0.840         0.860         0.820         0.800         0.820
 Y39            0.840         0.880         0.800         0.820         0.860
 Y110           0.800         0.840         0.760         0.780         0.820
 Y210           0.860         0.920         0.820         0.860         0.880
 Y310           0.840         0.860         0.800         0.820         0.820
 Y111           0.860         0.880         0.800         0.820         0.840
 Y211           0.840         0.900         0.840         0.820         0.840
 Y311           0.860         0.900         0.840         0.840         0.860
 Y112           0.860         0.900         0.820         0.840         0.860
 Y212           0.860         0.900         0.820         0.840         0.880
 Y312           0.800         0.840         0.760         0.780         0.780
 Y113           0.800         0.820         0.760         0.800         0.780
 Y213           0.860         0.880         0.800         0.840         0.860
 Y313           0.880         0.900         0.840         0.860         0.860
 Y114           0.820         0.860         0.840         0.820         0.820
 Y214           0.860         0.880         0.800         0.840         0.840
 Y314           0.840         0.880         0.820         0.820         0.840
 Y115           0.820         0.860         0.780         0.800         0.820
 Y215           0.840         0.900         0.800         0.820         0.840
 Y315           0.860         0.880         0.800         0.820         0.840


           Covariance Coverage
              Y24           Y34           Y15           Y25           Y35
              ________      ________      ________      ________      ________
 Y24            0.860
 Y34            0.780         0.920
 Y15            0.820         0.860         0.940
 Y25            0.800         0.840         0.880         0.920
 Y35            0.760         0.820         0.800         0.780         0.860
 Y16            0.800         0.860         0.880         0.860         0.820
 Y26            0.780         0.840         0.860         0.840         0.800
 Y36            0.780         0.820         0.820         0.800         0.760
 Y17            0.780         0.860         0.860         0.840         0.780
 Y27            0.740         0.820         0.820         0.800         0.800
 Y37            0.760         0.780         0.780         0.760         0.780
 Y18            0.780         0.820         0.840         0.820         0.780
 Y28            0.720         0.800         0.800         0.800         0.720
 Y38            0.800         0.840         0.880         0.840         0.800
 Y19            0.820         0.860         0.900         0.860         0.820
 Y29            0.760         0.820         0.840         0.820         0.760
 Y39            0.780         0.840         0.860         0.860         0.780
 Y110           0.740         0.800         0.820         0.800         0.740
 Y210           0.820         0.880         0.880         0.880         0.820
 Y310           0.780         0.840         0.840         0.820         0.780
 Y111           0.820         0.840         0.880         0.840         0.800
 Y211           0.800         0.860         0.860         0.860         0.800
 Y311           0.800         0.860         0.880         0.880         0.800
 Y112           0.800         0.880         0.880         0.860         0.800
 Y212           0.800         0.880         0.880         0.860         0.800
 Y312           0.720         0.820         0.820         0.800         0.740
 Y113           0.720         0.800         0.800         0.780         0.720
 Y213           0.780         0.840         0.860         0.840         0.820
 Y313           0.820         0.860         0.880         0.880         0.800
 Y114           0.780         0.820         0.840         0.840         0.760
 Y214           0.780         0.840         0.860         0.840         0.780
 Y314           0.780         0.840         0.860         0.840         0.780
 Y115           0.760         0.820         0.860         0.840         0.760
 Y215           0.780         0.840         0.860         0.840         0.780
 Y315           0.800         0.840         0.860         0.840         0.800


           Covariance Coverage
              Y16           Y26           Y36           Y17           Y27
              ________      ________      ________      ________      ________
 Y16            0.940
 Y26            0.840         0.900
 Y36            0.840         0.800         0.880
 Y17            0.860         0.820         0.800         0.920
 Y27            0.820         0.820         0.760         0.800         0.880
 Y37            0.780         0.760         0.780         0.760         0.780
 Y18            0.860         0.800         0.800         0.820         0.780
 Y28            0.800         0.760         0.740         0.800         0.760
 Y38            0.860         0.840         0.800         0.840         0.820
 Y19            0.880         0.840         0.840         0.860         0.840
 Y29            0.840         0.800         0.800         0.840         0.780
 Y39            0.860         0.820         0.800         0.860         0.800
 Y110           0.840         0.780         0.780         0.820         0.760
 Y210           0.880         0.840         0.820         0.860         0.820
 Y310           0.840         0.840         0.800         0.820         0.800
 Y111           0.860         0.820         0.800         0.840         0.800
 Y211           0.860         0.820         0.820         0.840         0.800
 Y311           0.880         0.840         0.820         0.860         0.820
 Y112           0.880         0.840         0.840         0.860         0.820
 Y212           0.880         0.840         0.840         0.860         0.840
 Y312           0.800         0.780         0.780         0.780         0.740
 Y113           0.800         0.780         0.800         0.780         0.740
 Y213           0.880         0.840         0.800         0.840         0.820
 Y313           0.880         0.840         0.820         0.860         0.820
 Y114           0.840         0.800         0.800         0.820         0.800
 Y214           0.860         0.820         0.800         0.840         0.800
 Y314           0.880         0.820         0.800         0.840         0.820
 Y115           0.840         0.820         0.780         0.840         0.800
 Y215           0.860         0.820         0.800         0.860         0.820
 Y315           0.860         0.820         0.800         0.840         0.800


           Covariance Coverage
              Y37           Y18           Y28           Y38           Y19
              ________      ________      ________      ________      ________
 Y37            0.840
 Y18            0.780         0.900
 Y28            0.720         0.800         0.860
 Y38            0.760         0.820         0.780         0.920
 Y19            0.820         0.860         0.800         0.880         0.940
 Y29            0.760         0.840         0.800         0.820         0.860
 Y39            0.760         0.820         0.780         0.840         0.860
 Y110           0.720         0.820         0.760         0.800         0.820
 Y210           0.800         0.840         0.800         0.860         0.880
 Y310           0.760         0.800         0.760         0.840         0.840
 Y111           0.780         0.840         0.780         0.860         0.880
 Y211           0.800         0.840         0.780         0.840         0.880
 Y311           0.780         0.860         0.840         0.860         0.880
 Y112           0.780         0.840         0.800         0.860         0.880
 Y212           0.800         0.860         0.840         0.860         0.880
 Y312           0.740         0.780         0.720         0.780         0.820
 Y113           0.720         0.780         0.720         0.780         0.820
 Y213           0.760         0.820         0.780         0.880         0.860
 Y313           0.780         0.840         0.800         0.880         0.880
 Y114           0.780         0.820         0.780         0.820         0.860
 Y214           0.760         0.820         0.780         0.880         0.860
 Y314           0.780         0.840         0.780         0.840         0.860
 Y115           0.740         0.800         0.760         0.820         0.840
 Y215           0.760         0.820         0.800         0.840         0.860
 Y315           0.780         0.840         0.800         0.840         0.860


           Covariance Coverage
              Y29           Y39           Y110          Y210          Y310
              ________      ________      ________      ________      ________
 Y29            0.900
 Y39            0.820         0.920
 Y110           0.800         0.820         0.880
 Y210           0.840         0.880         0.820         0.940
 Y310           0.800         0.820         0.780         0.840         0.900
 Y111           0.820         0.860         0.800         0.860         0.820
 Y211           0.840         0.840         0.800         0.880         0.820
 Y311           0.860         0.860         0.860         0.880         0.840
 Y112           0.840         0.860         0.820         0.880         0.860
 Y212           0.840         0.860         0.820         0.880         0.840
 Y312           0.780         0.800         0.760         0.820         0.760
 Y113           0.780         0.780         0.760         0.800         0.760
 Y213           0.820         0.840         0.800         0.860         0.840
 Y313           0.840         0.860         0.820         0.880         0.860
 Y114           0.820         0.820         0.780         0.860         0.820
 Y214           0.820         0.840         0.800         0.860         0.860
 Y314           0.820         0.860         0.840         0.860         0.820
 Y115           0.820         0.840         0.780         0.840         0.800
 Y215           0.840         0.840         0.800         0.860         0.820
 Y315           0.840         0.840         0.800         0.860         0.840


           Covariance Coverage
              Y111          Y211          Y311          Y112          Y212
              ________      ________      ________      ________      ________
 Y111           0.920
 Y211           0.840         0.920
 Y311           0.860         0.860         0.940
 Y112           0.860         0.860         0.880         0.940
 Y212           0.860         0.860         0.880         0.900         0.940
 Y312           0.780         0.820         0.800         0.820         0.820
 Y113           0.780         0.800         0.800         0.820         0.820
 Y213           0.840         0.860         0.860         0.860         0.860
 Y313           0.860         0.880         0.880         0.880         0.880
 Y114           0.820         0.840         0.860         0.860         0.840
 Y214           0.840         0.840         0.860         0.860         0.860
 Y314           0.840         0.840         0.860         0.860         0.860
 Y115           0.840         0.840         0.840         0.840         0.840
 Y215           0.840         0.840         0.860         0.880         0.860
 Y315           0.860         0.840         0.860         0.860         0.860


           Covariance Coverage
              Y312          Y113          Y213          Y313          Y114
              ________      ________      ________      ________      ________
 Y312           0.860
 Y113           0.780         0.860
 Y213           0.780         0.780         0.920
 Y313           0.800         0.800         0.880         0.940
 Y114           0.780         0.780         0.820         0.840         0.900
 Y214           0.800         0.780         0.860         0.880         0.820
 Y314           0.800         0.780         0.840         0.880         0.840
 Y115           0.780         0.760         0.840         0.840         0.800
 Y215           0.780         0.780         0.840         0.860         0.820
 Y315           0.780         0.800         0.840         0.860         0.820


           Covariance Coverage
              Y214          Y314          Y115          Y215          Y315
              ________      ________      ________      ________      ________
 Y214           0.920
 Y314           0.840         0.920
 Y115           0.820         0.820         0.900
 Y215           0.840         0.840         0.860         0.920
 Y315           0.860         0.840         0.820         0.840         0.920



UNIVARIATE SAMPLE STATISTICS


     UNIVARIATE HIGHER-ORDER MOMENT DESCRIPTIVE STATISTICS

         Variable/         Mean/     Skewness/   Minimum/ % with                Percentiles
        Sample Size      Variance    Kurtosis    Maximum  Min/Max      20%/60%    40%/80%    Median

     Y11                   4.022      -0.077      -1.000    2.17%       1.000      4.000      4.000
              46.000       5.500      -0.358       9.000    4.35%       5.000      6.000
     Y21                   3.070       0.763       0.000    2.33%       2.000      2.000      3.000
              43.000       2.297       1.195       8.000    2.33%       3.000      4.000
     Y31                   4.864      -0.024      -1.000    2.27%       2.000      4.000      5.000
              44.000       9.072      -0.550      11.000    4.55%       5.000      7.000
     Y12                   3.837      -0.422      -2.000    2.04%       2.000      3.000      4.000
              49.000       4.259       0.089       8.000    2.04%       4.000      6.000
     Y22                   2.977       0.038       0.000    4.55%       2.000      3.000      3.000
              44.000       2.295      -0.699       6.000    4.55%       3.000      4.000
     Y32                   5.391      -0.077      -1.000    2.17%       3.000      4.000      5.000
              46.000       7.369      -0.569      11.000    2.17%       6.000      8.000
     Y13                   3.396       0.154      -1.000    2.08%       1.000      2.000      4.000
              48.000       5.322      -0.804       8.000    6.25%       4.000      5.000
     Y23                   2.886       0.380       1.000   15.91%       2.000      2.000      3.000
              44.000       1.783      -0.718       6.000    2.27%       3.000      4.000
     Y33                   4.689      -0.140       0.000    8.89%       2.000      4.000      5.000
              45.000       6.881      -0.790      10.000    2.22%       6.000      7.000
     Y14                   3.761       0.127       0.000    8.70%       1.000      3.000      4.000
              46.000       5.530      -1.019       8.000    8.70%       5.000      6.000
     Y24                   2.907       0.115       0.000    4.65%       2.000      3.000      3.000
              43.000       1.991      -0.169       6.000    4.65%       3.000      4.000
     Y34                   5.130       0.550       1.000    6.52%       3.000      4.000      4.500
              46.000       6.635      -0.434      11.000    4.35%       5.000      7.000
     Y15                   3.319       0.218      -1.000    4.26%       1.000      3.000      3.000
              47.000       4.047      -0.044       8.000    4.26%       4.000      5.000
     Y25                   2.935       0.154       0.000    4.35%       2.000      2.000      3.000
              46.000       2.148      -0.539       6.000    4.35%       3.000      4.000
     Y35                   4.512       0.044       0.000    6.98%       2.000      4.000      4.000
              43.000       6.250      -0.915       9.000    6.98%       5.000      7.000
     Y16                   3.681      -0.125      -2.000    2.13%       2.000      3.000      3.000
              47.000       4.515      -0.342       8.000    2.13%       4.000      6.000
     Y26                   2.933       0.190       0.000    4.44%       2.000      3.000      3.000
              45.000       1.618       0.190       6.000    2.22%       3.000      4.000
     Y36                   4.614      -0.054       0.000    4.55%       2.000      4.000      5.000
              44.000       6.555      -1.110       9.000    4.55%       5.000      7.000
     Y17                   3.413       0.348       0.000    8.70%       2.000      2.000      3.000
              46.000       4.242      -0.567       8.000    4.35%       4.000      5.000
     Y27                   2.932       0.121       1.000   22.73%       1.000      3.000      3.000
              44.000       1.973      -0.941       6.000    2.27%       3.000      4.000
     Y37                   5.048       0.450       0.000    2.38%       3.000      4.000      5.000
              42.000       5.760      -0.082      11.000    2.38%       5.000      7.000
     Y18                   3.800      -0.081       0.000    8.89%       2.000      3.000      4.000
              45.000       4.249      -0.325       9.000    2.22%       4.000      5.000
     Y28                   2.744       0.169       0.000    4.65%       2.000      2.000      3.000
              43.000       2.051      -0.843       5.000   18.60%       3.000      4.000
     Y38                   4.543      -0.004      -1.000    2.17%       2.000      3.000      4.000
              46.000       6.596      -0.872       9.000    6.52%       5.000      7.000
     Y19                   3.574      -0.210      -2.000    2.13%       2.000      3.000      4.000
              47.000       4.372      -0.298       8.000    2.13%       4.000      5.000
     Y29                   3.156       0.134       0.000    4.44%       2.000      3.000      3.000
              45.000       2.398      -0.607       6.000    8.89%       3.000      5.000
     Y39                   5.022       0.361       0.000    2.17%       3.000      4.000      5.000
              46.000       6.500      -0.259      11.000    2.17%       5.000      7.000
     Y110                  3.727       0.362      -1.000    2.27%       2.000      3.000      3.000
              44.000       3.335       0.331       8.000    4.55%       4.000      5.000
     Y210                  2.936       0.149       0.000    4.26%       2.000      3.000      3.000
              47.000       2.187      -0.553       6.000    4.26%       3.000      4.000
     Y310                  4.289       0.280      -1.000    2.22%       2.000      3.000      4.000
              45.000       6.428      -0.260      10.000    4.44%       5.000      6.000
     Y111                  3.978       0.040       0.000    4.35%       1.000      3.000      4.000
              46.000       4.891      -0.842       8.000    8.70%       5.000      6.000
     Y211                  2.891      -0.006       0.000    4.35%       2.000      2.000      3.000
              46.000       1.879      -0.437       6.000    2.17%       3.000      4.000
     Y311                  5.085      -0.293      -2.000    2.13%       2.000      5.000      6.000
              47.000       9.269      -0.383      12.000    2.13%       6.000      7.000
     Y112                  3.447       0.583       0.000    6.38%       2.000      3.000      3.000
              47.000       4.417       0.026       9.000    2.13%       4.000      5.000
     Y212                  3.128       0.071       0.000    2.13%       2.000      3.000      3.000
              47.000       1.856      -0.461       6.000    4.26%       3.000      4.000
     Y312                  5.093      -0.161       0.000    2.33%       3.000      4.000      5.000
              43.000       5.247      -0.786       9.000    4.65%       6.000      7.000
     Y113                  3.837      -0.157       0.000    6.98%       2.000      3.000      4.000
              43.000       3.578      -0.615       7.000    9.30%       4.000      5.000
     Y213                  3.022       0.742       1.000    8.70%       2.000      2.000      3.000
              46.000       1.760       0.380       7.000    2.17%       3.000      4.000
     Y313                  4.766       0.298       0.000    2.13%       3.000      4.000      5.000
              47.000       4.860       0.034      10.000    4.26%       5.000      6.000
     Y114                  3.622       0.565       0.000    4.44%       2.000      3.000      4.000
              45.000       3.924       0.385       9.000    2.22%       4.000      5.000
     Y214                  2.739      -0.219      -1.000    2.17%       2.000      2.000      3.000
              46.000       1.802       0.313       6.000    2.17%       3.000      4.000
     Y314                  4.326      -0.126      -4.000    2.17%       2.000      4.000      4.000
              46.000       8.002       0.673      11.000    2.17%       5.000      7.000
     Y115                  3.733       0.275       0.000    8.89%       2.000      3.000      4.000
              45.000       5.084      -0.702       8.000    8.89%       4.000      6.000
     Y215                  2.891      -0.057       0.000    2.17%       1.000      2.000      3.000
              46.000       1.879      -0.822       6.000    2.17%       4.000      4.000
     Y315                  4.761      -0.049      -2.000    2.17%       3.000      4.000      5.000
              46.000       7.617      -0.007      11.000    2.17%       5.000      7.000


THE MODEL ESTIMATION TERMINATED NORMALLY



MODEL FIT INFORMATION

Number of Free Parameters                       12

Loglikelihood

          H0 Value                       -3526.214
          H1 Value                       -1625.649

Information Criteria

          Akaike (AIC)                    7076.429
          Bayesian (BIC)                  7099.373
          Sample-Size Adjusted BIC        7061.707
            (n* = (n + 2) / 24)

Chi-Square Test of Model Fit

          Value                           3801.131
          Degrees of Freedom                  1068
          P-Value                           0.0000

RMSEA (Root Mean Square Error Of Approximation)

          Estimate                           0.226
          90 Percent C.I.                    0.218  0.234
          Probability RMSEA <= .05           0.000

CFI/TLI

          CFI                                0.370
          TLI                                0.416

Chi-Square Test of Model Fit for the Baseline Model

          Value                           5329.850
          Degrees of Freedom                   990
          P-Value                           0.0000

SRMR (Standardized Root Mean Square Residual)

          Value                              0.116



MODEL RESULTS

                                                    Two-Tailed
                    Estimate       S.E.  Est./S.E.    P-Value

 ETA1     BY
    Y11                1.000      0.000    999.000    999.000
    Y21                0.486      0.031     15.534      0.000
    Y31                1.290      0.081     15.977      0.000

 ETA2     BY
    Y12                1.000      0.000    999.000    999.000
    Y22                0.486      0.031     15.534      0.000
    Y32                1.290      0.081     15.977      0.000

 ETA3     BY
    Y13                1.000      0.000    999.000    999.000
    Y23                0.486      0.031     15.534      0.000
    Y33                1.290      0.081     15.977      0.000

 ETA4     BY
    Y14                1.000      0.000    999.000    999.000
    Y24                0.486      0.031     15.534      0.000
    Y34                1.290      0.081     15.977      0.000

 ETA5     BY
    Y15                1.000      0.000    999.000    999.000
    Y25                0.486      0.031     15.534      0.000
    Y35                1.290      0.081     15.977      0.000

 ETA6     BY
    Y16                1.000      0.000    999.000    999.000
    Y26                0.486      0.031     15.534      0.000
    Y36                1.290      0.081     15.977      0.000

 ETA7     BY
    Y17                1.000      0.000    999.000    999.000
    Y27                0.486      0.031     15.534      0.000
    Y37                1.290      0.081     15.977      0.000

 ETA8     BY
    Y18                1.000      0.000    999.000    999.000
    Y28                0.486      0.031     15.534      0.000
    Y38                1.290      0.081     15.977      0.000

 ETA9     BY
    Y19                1.000      0.000    999.000    999.000
    Y29                0.486      0.031     15.534      0.000
    Y39                1.290      0.081     15.977      0.000

 ETA10    BY
    Y110               1.000      0.000    999.000    999.000
    Y210               0.486      0.031     15.534      0.000
    Y310               1.290      0.081     15.977      0.000

 ETA11    BY
    Y111               1.000      0.000    999.000    999.000
    Y211               0.486      0.031     15.534      0.000
    Y311               1.290      0.081     15.977      0.000

 ETA12    BY
    Y112               1.000      0.000    999.000    999.000
    Y212               0.486      0.031     15.534      0.000
    Y312               1.290      0.081     15.977      0.000

 ETA13    BY
    Y113               1.000      0.000    999.000    999.000
    Y213               0.486      0.031     15.534      0.000
    Y313               1.290      0.081     15.977      0.000

 ETA14    BY
    Y114               1.000      0.000    999.000    999.000
    Y214               0.486      0.031     15.534      0.000
    Y314               1.290      0.081     15.977      0.000

 ETA15    BY
    Y115               1.000      0.000    999.000    999.000
    Y215               0.486      0.031     15.534      0.000
    Y315               1.290      0.081     15.977      0.000

 THETA1   BY
    Y11                1.000      0.000    999.000    999.000
    Y21                0.816      0.037     22.169      0.000
    Y31                1.206      0.057     21.228      0.000
    Y12                1.000      0.000    999.000    999.000
    Y22                0.816      0.037     22.169      0.000
    Y32                1.206      0.057     21.228      0.000
    Y13                1.000      0.000    999.000    999.000
    Y23                0.816      0.037     22.169      0.000
    Y33                1.206      0.057     21.228      0.000
    Y14                1.000      0.000    999.000    999.000
    Y24                0.816      0.037     22.169      0.000
    Y34                1.206      0.057     21.228      0.000
    Y15                1.000      0.000    999.000    999.000
    Y25                0.816      0.037     22.169      0.000
    Y35                1.206      0.057     21.228      0.000
    Y16                1.000      0.000    999.000    999.000
    Y26                0.816      0.037     22.169      0.000
    Y36                1.206      0.057     21.228      0.000
    Y17                1.000      0.000    999.000    999.000
    Y27                0.816      0.037     22.169      0.000
    Y37                1.206      0.057     21.228      0.000
    Y18                1.000      0.000    999.000    999.000
    Y28                0.816      0.037     22.169      0.000
    Y38                1.206      0.057     21.228      0.000
    Y19                1.000      0.000    999.000    999.000
    Y29                0.816      0.037     22.169      0.000
    Y39                1.206      0.057     21.228      0.000
    Y110               1.000      0.000    999.000    999.000
    Y210               0.816      0.037     22.169      0.000
    Y310               1.206      0.057     21.228      0.000
    Y111               1.000      0.000    999.000    999.000
    Y211               0.816      0.037     22.169      0.000
    Y311               1.206      0.057     21.228      0.000
    Y112               1.000      0.000    999.000    999.000
    Y212               0.816      0.037     22.169      0.000
    Y312               1.206      0.057     21.228      0.000
    Y113               1.000      0.000    999.000    999.000
    Y213               0.816      0.037     22.169      0.000
    Y313               1.206      0.057     21.228      0.000
    Y114               1.000      0.000    999.000    999.000
    Y214               0.816      0.037     22.169      0.000
    Y314               1.206      0.057     21.228      0.000
    Y115               1.000      0.000    999.000    999.000
    Y215               0.816      0.037     22.169      0.000
    Y315               1.206      0.057     21.228      0.000

 ETA1     WITH
    ETA2               0.000      0.000    999.000    999.000
    ETA3               0.000      0.000    999.000    999.000
    ETA4               0.000      0.000    999.000    999.000
    ETA5               0.000      0.000    999.000    999.000
    ETA6               0.000      0.000    999.000    999.000
    ETA7               0.000      0.000    999.000    999.000
    ETA8               0.000      0.000    999.000    999.000
    ETA9               0.000      0.000    999.000    999.000
    ETA10              0.000      0.000    999.000    999.000
    ETA11              0.000      0.000    999.000    999.000
    ETA12              0.000      0.000    999.000    999.000
    ETA13              0.000      0.000    999.000    999.000
    ETA14              0.000      0.000    999.000    999.000
    ETA15              0.000      0.000    999.000    999.000
    THETA1             0.000      0.000    999.000    999.000

 ETA2     WITH
    ETA3               0.000      0.000    999.000    999.000
    ETA4               0.000      0.000    999.000    999.000
    ETA5               0.000      0.000    999.000    999.000
    ETA6               0.000      0.000    999.000    999.000
    ETA7               0.000      0.000    999.000    999.000
    ETA8               0.000      0.000    999.000    999.000
    ETA9               0.000      0.000    999.000    999.000
    ETA10              0.000      0.000    999.000    999.000
    ETA11              0.000      0.000    999.000    999.000
    ETA12              0.000      0.000    999.000    999.000
    ETA13              0.000      0.000    999.000    999.000
    ETA14              0.000      0.000    999.000    999.000
    ETA15              0.000      0.000    999.000    999.000
    THETA1             0.000      0.000    999.000    999.000

 ETA3     WITH
    ETA4               0.000      0.000    999.000    999.000
    ETA5               0.000      0.000    999.000    999.000
    ETA6               0.000      0.000    999.000    999.000
    ETA7               0.000      0.000    999.000    999.000
    ETA8               0.000      0.000    999.000    999.000
    ETA9               0.000      0.000    999.000    999.000
    ETA10              0.000      0.000    999.000    999.000
    ETA11              0.000      0.000    999.000    999.000
    ETA12              0.000      0.000    999.000    999.000
    ETA13              0.000      0.000    999.000    999.000
    ETA14              0.000      0.000    999.000    999.000
    ETA15              0.000      0.000    999.000    999.000
    THETA1             0.000      0.000    999.000    999.000

 ETA4     WITH
    ETA5               0.000      0.000    999.000    999.000
    ETA6               0.000      0.000    999.000    999.000
    ETA7               0.000      0.000    999.000    999.000
    ETA8               0.000      0.000    999.000    999.000
    ETA9               0.000      0.000    999.000    999.000
    ETA10              0.000      0.000    999.000    999.000
    ETA11              0.000      0.000    999.000    999.000
    ETA12              0.000      0.000    999.000    999.000
    ETA13              0.000      0.000    999.000    999.000
    ETA14              0.000      0.000    999.000    999.000
    ETA15              0.000      0.000    999.000    999.000
    THETA1             0.000      0.000    999.000    999.000

 ETA5     WITH
    ETA6               0.000      0.000    999.000    999.000
    ETA7               0.000      0.000    999.000    999.000
    ETA8               0.000      0.000    999.000    999.000
    ETA9               0.000      0.000    999.000    999.000
    ETA10              0.000      0.000    999.000    999.000
    ETA11              0.000      0.000    999.000    999.000
    ETA12              0.000      0.000    999.000    999.000
    ETA13              0.000      0.000    999.000    999.000
    ETA14              0.000      0.000    999.000    999.000
    ETA15              0.000      0.000    999.000    999.000
    THETA1             0.000      0.000    999.000    999.000

 ETA6     WITH
    ETA7               0.000      0.000    999.000    999.000
    ETA8               0.000      0.000    999.000    999.000
    ETA9               0.000      0.000    999.000    999.000
    ETA10              0.000      0.000    999.000    999.000
    ETA11              0.000      0.000    999.000    999.000
    ETA12              0.000      0.000    999.000    999.000
    ETA13              0.000      0.000    999.000    999.000
    ETA14              0.000      0.000    999.000    999.000
    ETA15              0.000      0.000    999.000    999.000
    THETA1             0.000      0.000    999.000    999.000

 ETA7     WITH
    ETA8               0.000      0.000    999.000    999.000
    ETA9               0.000      0.000    999.000    999.000
    ETA10              0.000      0.000    999.000    999.000
    ETA11              0.000      0.000    999.000    999.000
    ETA12              0.000      0.000    999.000    999.000
    ETA13              0.000      0.000    999.000    999.000
    ETA14              0.000      0.000    999.000    999.000
    ETA15              0.000      0.000    999.000    999.000
    THETA1             0.000      0.000    999.000    999.000

 ETA8     WITH
    ETA9               0.000      0.000    999.000    999.000
    ETA10              0.000      0.000    999.000    999.000
    ETA11              0.000      0.000    999.000    999.000
    ETA12              0.000      0.000    999.000    999.000
    ETA13              0.000      0.000    999.000    999.000
    ETA14              0.000      0.000    999.000    999.000
    ETA15              0.000      0.000    999.000    999.000
    THETA1             0.000      0.000    999.000    999.000

 ETA9     WITH
    ETA10              0.000      0.000    999.000    999.000
    ETA11              0.000      0.000    999.000    999.000
    ETA12              0.000      0.000    999.000    999.000
    ETA13              0.000      0.000    999.000    999.000
    ETA14              0.000      0.000    999.000    999.000
    ETA15              0.000      0.000    999.000    999.000
    THETA1             0.000      0.000    999.000    999.000

 ETA10    WITH
    ETA11              0.000      0.000    999.000    999.000
    ETA12              0.000      0.000    999.000    999.000
    ETA13              0.000      0.000    999.000    999.000
    ETA14              0.000      0.000    999.000    999.000
    ETA15              0.000      0.000    999.000    999.000
    THETA1             0.000      0.000    999.000    999.000

 ETA11    WITH
    ETA12              0.000      0.000    999.000    999.000
    ETA13              0.000      0.000    999.000    999.000
    ETA14              0.000      0.000    999.000    999.000
    ETA15              0.000      0.000    999.000    999.000
    THETA1             0.000      0.000    999.000    999.000

 ETA12    WITH
    ETA13              0.000      0.000    999.000    999.000
    ETA14              0.000      0.000    999.000    999.000
    ETA15              0.000      0.000    999.000    999.000
    THETA1             0.000      0.000    999.000    999.000

 ETA13    WITH
    ETA14              0.000      0.000    999.000    999.000
    ETA15              0.000      0.000    999.000    999.000
    THETA1             0.000      0.000    999.000    999.000

 ETA14    WITH
    ETA15              0.000      0.000    999.000    999.000
    THETA1             0.000      0.000    999.000    999.000

 ETA15    WITH
    THETA1             0.000      0.000    999.000    999.000

 Means
    THETA1             3.653      0.189     19.365      0.000

 Intercepts
    Y11                0.000      0.000    999.000    999.000
    Y21               -0.051      0.143     -0.361      0.718
    Y31                0.396      0.220      1.799      0.072
    Y12                0.000      0.000    999.000    999.000
    Y22               -0.051      0.143     -0.361      0.718
    Y32                0.396      0.220      1.799      0.072
    Y13                0.000      0.000    999.000    999.000
    Y23               -0.051      0.143     -0.361      0.718
    Y33                0.396      0.220      1.799      0.072
    Y14                0.000      0.000    999.000    999.000
    Y24               -0.051      0.143     -0.361      0.718
    Y34                0.396      0.220      1.799      0.072
    Y15                0.000      0.000    999.000    999.000
    Y25               -0.051      0.143     -0.361      0.718
    Y35                0.396      0.220      1.799      0.072
    Y16                0.000      0.000    999.000    999.000
    Y26               -0.051      0.143     -0.361      0.718
    Y36                0.396      0.220      1.799      0.072
    Y17                0.000      0.000    999.000    999.000
    Y27               -0.051      0.143     -0.361      0.718
    Y37                0.396      0.220      1.799      0.072
    Y18                0.000      0.000    999.000    999.000
    Y28               -0.051      0.143     -0.361      0.718
    Y38                0.396      0.220      1.799      0.072
    Y19                0.000      0.000    999.000    999.000
    Y29               -0.051      0.143     -0.361      0.718
    Y39                0.396      0.220      1.799      0.072
    Y110               0.000      0.000    999.000    999.000
    Y210              -0.051      0.143     -0.361      0.718
    Y310               0.396      0.220      1.799      0.072
    Y111               0.000      0.000    999.000    999.000
    Y211              -0.051      0.143     -0.361      0.718
    Y311               0.396      0.220      1.799      0.072
    Y112               0.000      0.000    999.000    999.000
    Y212              -0.051      0.143     -0.361      0.718
    Y312               0.396      0.220      1.799      0.072
    Y113               0.000      0.000    999.000    999.000
    Y213              -0.051      0.143     -0.361      0.718
    Y313               0.396      0.220      1.799      0.072
    Y114               0.000      0.000    999.000    999.000
    Y214              -0.051      0.143     -0.361      0.718
    Y314               0.396      0.220      1.799      0.072
    Y115               0.000      0.000    999.000    999.000
    Y215              -0.051      0.143     -0.361      0.718
    Y315               0.396      0.220      1.799      0.072

 Variances
    ETA1               1.923      0.180     10.710      0.000
    ETA2               1.923      0.180     10.710      0.000
    ETA3               1.923      0.180     10.710      0.000
    ETA4               1.923      0.180     10.710      0.000
    ETA5               1.923      0.180     10.710      0.000
    ETA6               1.923      0.180     10.710      0.000
    ETA7               1.923      0.180     10.710      0.000
    ETA8               1.923      0.180     10.710      0.000
    ETA9               1.923      0.180     10.710      0.000
    ETA10              1.923      0.180     10.710      0.000
    ETA11              1.923      0.180     10.710      0.000
    ETA12              1.923      0.180     10.710      0.000
    ETA13              1.923      0.180     10.710      0.000
    ETA14              1.923      0.180     10.710      0.000
    ETA15              1.923      0.180     10.710      0.000
    THETA1             1.576      0.355      4.438      0.000

 Residual Variances
    Y11                0.995      0.110      9.034      0.000
    Y21                0.507      0.036     14.039      0.000
    Y31                1.631      0.182      8.940      0.000
    Y12                0.995      0.110      9.034      0.000
    Y22                0.507      0.036     14.039      0.000
    Y32                1.631      0.182      8.940      0.000
    Y13                0.995      0.110      9.034      0.000
    Y23                0.507      0.036     14.039      0.000
    Y33                1.631      0.182      8.940      0.000
    Y14                0.995      0.110      9.034      0.000
    Y24                0.507      0.036     14.039      0.000
    Y34                1.631      0.182      8.940      0.000
    Y15                0.995      0.110      9.034      0.000
    Y25                0.507      0.036     14.039      0.000
    Y35                1.631      0.182      8.940      0.000
    Y16                0.995      0.110      9.034      0.000
    Y26                0.507      0.036     14.039      0.000
    Y36                1.631      0.182      8.940      0.000
    Y17                0.995      0.110      9.034      0.000
    Y27                0.507      0.036     14.039      0.000
    Y37                1.631      0.182      8.940      0.000
    Y18                0.995      0.110      9.034      0.000
    Y28                0.507      0.036     14.039      0.000
    Y38                1.631      0.182      8.940      0.000
    Y19                0.995      0.110      9.034      0.000
    Y29                0.507      0.036     14.039      0.000
    Y39                1.631      0.182      8.940      0.000
    Y110               0.995      0.110      9.034      0.000
    Y210               0.507      0.036     14.039      0.000
    Y310               1.631      0.182      8.940      0.000
    Y111               0.995      0.110      9.034      0.000
    Y211               0.507      0.036     14.039      0.000
    Y311               1.631      0.182      8.940      0.000
    Y112               0.995      0.110      9.034      0.000
    Y212               0.507      0.036     14.039      0.000
    Y312               1.631      0.182      8.940      0.000
    Y113               0.995      0.110      9.034      0.000
    Y213               0.507      0.036     14.039      0.000
    Y313               1.631      0.182      8.940      0.000
    Y114               0.995      0.110      9.034      0.000
    Y214               0.507      0.036     14.039      0.000
    Y314               1.631      0.182      8.940      0.000
    Y115               0.995      0.110      9.034      0.000
    Y215               0.507      0.036     14.039      0.000
    Y315               1.631      0.182      8.940      0.000


QUALITY OF NUMERICAL RESULTS

     Condition Number for the Information Matrix              0.667E-03
       (ratio of smallest to largest eigenvalue)


     Beginning Time:  10:37:26
        Ending Time:  10:37:46
       Elapsed Time:  00:00:20



MUTHEN & MUTHEN
3463 Stoner Ave.
Los Angeles, CA  90066

Tel: (310) 391-9971
Fax: (310) 391-8971
Web: www.StatModel.com
Support: Support@StatModel.com

Copyright (c) 1998-2017 Muthen & Muthen
