Mplus VERSION 8
MUTHEN & MUTHEN
02/15/2019   2:44 PM

INPUT INSTRUCTIONS

  TITLE: Your title goes here
  DATA: FILE = "Mplus_files_Results/msst_wide_trunc_n50_i3_nt15_na0.dat";
  VARIABLE:
  NAMES = subjn y11 y21 y31 y12 y22 y32 y13 y23 y33 y14 y24 y34 y15 y25 y35 y16 y26
       y36 y17 y27 y37 y18 y28 y38 y19 y29 y39 y110 y210 y310 y111 y211 y311 y112 y212
       y312 y113 y213 y313 y114 y214 y314 y115 y215 y315;
  MISSING=.;
  USEVAR = y11
  y21
  y31
  y12
  y22
  y32
  y13
  y23
  y33
  y14
  y24
  y34
  y15
  y25
  y35
  y16
  y26
  y36
  y17
  y27
  y37
  y18
  y28
  y38
  y19
  y29
  y39
  y110
  y210
  y310
  y111
  y211
  y311
  y112
  y212
  y312
  y113
  y213
  y313
  y114
  y214
  y314
  y115
  y215
  y315 ;


  ANALYSIS:
  TYPE = GENERAL ;
  ESTIMATOR = ML ;
  ITERATIONS = 50000 ;
  H1ITERATIONS = 50000 ;


  MODEL:

  ! Latent state variables
  eta1 BY y11@1
  y21 (las21)
  y31 (las31) ;
  eta2 BY y12@1
  y22 (las21)
  y32 (las31) ;
  eta3 BY y13@1
  y23 (las21)
  y33 (las31) ;
  eta4 BY y14@1
  y24 (las21)
  y34 (las31) ;
  eta5 BY y15@1
  y25 (las21)
  y35 (las31) ;
  eta6 BY y16@1
  y26 (las21)
  y36 (las31) ;
  eta7 BY y17@1
  y27 (las21)
  y37 (las31) ;
  eta8 BY y18@1
  y28 (las21)
  y38 (las31) ;
  eta9 BY y19@1
  y29 (las21)
  y39 (las31) ;
  eta10 BY y110@1
  y210 (las21)
  y310 (las31) ;
  eta11 BY y111@1
  y211 (las21)
  y311 (las31) ;
  eta12 BY y112@1
  y212 (las21)
  y312 (las31) ;
  eta13 BY y113@1
  y213 (las21)
  y313 (las31) ;
  eta14 BY y114@1
  y214 (las21)
  y314 (las31) ;
  eta15 BY y115@1
  y215 (las21)
  y315 (las31) ;

  ! Latent trait variables
  theta1 BY y11@1
  y21 (lat21)
  y31 (lat31)
  y12@1
  y22 (lat21)
  y32 (lat31)
  y13@1
  y23 (lat21)
  y33 (lat31)
  y14@1
  y24 (lat21)
  y34 (lat31)
  y15@1
  y25 (lat21)
  y35 (lat31)
  y16@1
  y26 (lat21)
  y36 (lat31)
  y17@1
  y27 (lat21)
  y37 (lat31)
  y18@1
  y28 (lat21)
  y38 (lat31)
  y19@1
  y29 (lat21)
  y39 (lat31)
  y110@1
  y210 (lat21)
  y310 (lat31)
  y111@1
  y211 (lat21)
  y311 (lat31)
  y112@1
  y212 (lat21)
  y312 (lat31)
  y113@1
  y213 (lat21)
  y313 (lat31)
  y114@1
  y214 (lat21)
  y314 (lat31)
  y115@1
  y215 (lat21)
  y315 (lat31) ;

  ! Intercepts and means

  [y11@0] ;
  [y21*] (int21) ;
  [y31*] (int31) ;
  [y12@0] ;
  [y22*] (int21) ;
  [y32*] (int31) ;
  [y13@0] ;
  [y23*] (int21) ;
  [y33*] (int31) ;
  [y14@0] ;
  [y24*] (int21) ;
  [y34*] (int31) ;
  [y15@0] ;
  [y25*] (int21) ;
  [y35*] (int31) ;
  [y16@0] ;
  [y26*] (int21) ;
  [y36*] (int31) ;
  [y17@0] ;
  [y27*] (int21) ;
  [y37*] (int31) ;
  [y18@0] ;
  [y28*] (int21) ;
  [y38*] (int31) ;
  [y19@0] ;
  [y29*] (int21) ;
  [y39*] (int31) ;
  [y110@0] ;
  [y210*] (int21) ;
  [y310*] (int31) ;
  [y111@0] ;
  [y211*] (int21) ;
  [y311*] (int31) ;
  [y112@0] ;
  [y212*] (int21) ;
  [y312*] (int31) ;
  [y113@0] ;
  [y213*] (int21) ;
  [y313*] (int31) ;
  [y114@0] ;
  [y214*] (int21) ;
  [y314*] (int31) ;
  [y115@0] ;
  [y215*] (int21) ;
  [y315*] (int31) ;
  [theta1*] ;

  ! Variance components
  y11(o_err11) ;
  y21(o_err21) ;
  y31(o_err31) ;
  y12(o_err11) ;
  y22(o_err21) ;
  y32(o_err31) ;
  y13(o_err11) ;
  y23(o_err21) ;
  y33(o_err31) ;
  y14(o_err11) ;
  y24(o_err21) ;
  y34(o_err31) ;
  y15(o_err11) ;
  y25(o_err21) ;
  y35(o_err31) ;
  y16(o_err11) ;
  y26(o_err21) ;
  y36(o_err31) ;
  y17(o_err11) ;
  y27(o_err21) ;
  y37(o_err31) ;
  y18(o_err11) ;
  y28(o_err21) ;
  y38(o_err31) ;
  y19(o_err11) ;
  y29(o_err21) ;
  y39(o_err31) ;
  y110(o_err11) ;
  y210(o_err21) ;
  y310(o_err31) ;
  y111(o_err11) ;
  y211(o_err21) ;
  y311(o_err31) ;
  y112(o_err11) ;
  y212(o_err21) ;
  y312(o_err31) ;
  y113(o_err11) ;
  y213(o_err21) ;
  y313(o_err31) ;
  y114(o_err11) ;
  y214(o_err21) ;
  y314(o_err31) ;
  y115(o_err11) ;
  y215(o_err21) ;
  y315(o_err31) ;
  eta1(s_var11) ;
  eta2(s_var11) ;
  eta3(s_var11) ;
  eta4(s_var11) ;
  eta5(s_var11) ;
  eta6(s_var11) ;
  eta7(s_var11) ;
  eta8(s_var11) ;
  eta9(s_var11) ;
  eta10(s_var11) ;
  eta11(s_var11) ;
  eta12(s_var11) ;
  eta13(s_var11) ;
  eta14(s_var11) ;
  eta15(s_var11) ;
  theta1(t_var1) ;

  ! Set zero covariances
  eta1 WITH eta2@0
  eta3@0
  eta4@0
  eta5@0
  eta6@0
  eta7@0
  eta8@0
  eta9@0
  eta10@0
  eta11@0
  eta12@0
  eta13@0
  eta14@0
  eta15@0
  theta1@0 ;
  eta2 WITH eta3@0
  eta4@0
  eta5@0
  eta6@0
  eta7@0
  eta8@0
  eta9@0
  eta10@0
  eta11@0
  eta12@0
  eta13@0
  eta14@0
  eta15@0
  theta1@0 ;
  eta3 WITH eta4@0
  eta5@0
  eta6@0
  eta7@0
  eta8@0
  eta9@0
  eta10@0
  eta11@0
  eta12@0
  eta13@0
  eta14@0
  eta15@0
  theta1@0 ;
  eta4 WITH eta5@0
  eta6@0
  eta7@0
  eta8@0
  eta9@0
  eta10@0
  eta11@0
  eta12@0
  eta13@0
  eta14@0
  eta15@0
  theta1@0 ;
  eta5 WITH eta6@0
  eta7@0
  eta8@0
  eta9@0
  eta10@0
  eta11@0
  eta12@0
  eta13@0
  eta14@0
  eta15@0
  theta1@0 ;
  eta6 WITH eta7@0
  eta8@0
  eta9@0
  eta10@0
  eta11@0
  eta12@0
  eta13@0
  eta14@0
  eta15@0
  theta1@0 ;
  eta7 WITH eta8@0
  eta9@0
  eta10@0
  eta11@0
  eta12@0
  eta13@0
  eta14@0
  eta15@0
  theta1@0 ;
  eta8 WITH eta9@0
  eta10@0
  eta11@0
  eta12@0
  eta13@0
  eta14@0
  eta15@0
  theta1@0 ;
  eta9 WITH eta10@0
  eta11@0
  eta12@0
  eta13@0
  eta14@0
  eta15@0
  theta1@0 ;
  eta10 WITH eta11@0
  eta12@0
  eta13@0
  eta14@0
  eta15@0
  theta1@0 ;
  eta11 WITH eta12@0
  eta13@0
  eta14@0
  eta15@0
  theta1@0 ;
  eta12 WITH eta13@0
  eta14@0
  eta15@0
  theta1@0 ;
  eta13 WITH eta14@0
  eta15@0
  theta1@0 ;
  eta14 WITH eta15@0
  theta1@0 ;
  eta15 WITH theta1@0 ;



INPUT READING TERMINATED NORMALLY



Your title goes here

SUMMARY OF ANALYSIS

Number of groups                                                 1
Number of observations                                          50

Number of dependent variables                                   45
Number of independent variables                                  0
Number of continuous latent variables                           16

Observed dependent variables

  Continuous
   Y11         Y21         Y31         Y12         Y22         Y32
   Y13         Y23         Y33         Y14         Y24         Y34
   Y15         Y25         Y35         Y16         Y26         Y36
   Y17         Y27         Y37         Y18         Y28         Y38
   Y19         Y29         Y39         Y110        Y210        Y310
   Y111        Y211        Y311        Y112        Y212        Y312
   Y113        Y213        Y313        Y114        Y214        Y314
   Y115        Y215        Y315

Continuous latent variables
   ETA1        ETA2        ETA3        ETA4        ETA5        ETA6
   ETA7        ETA8        ETA9        ETA10       ETA11       ETA12
   ETA13       ETA14       ETA15       THETA1


Estimator                                                       ML
Information matrix                                        OBSERVED
Maximum number of iterations                                 50000
Convergence criterion                                    0.500D-04
Maximum number of steepest descent iterations                   20
Maximum number of iterations for H1                          50000
Convergence criterion for H1                             0.100D-03

Input data file(s)
  Mplus_files_Results/msst_wide_trunc_n50_i3_nt15_na0.dat

Input data format  FREE


SUMMARY OF DATA

     Number of missing data patterns             1


COVARIANCE COVERAGE OF DATA

Minimum covariance coverage value   0.100


     PROPORTION OF DATA PRESENT


           Covariance Coverage
              Y11           Y21           Y31           Y12           Y22
              ________      ________      ________      ________      ________
 Y11            1.000
 Y21            1.000         1.000
 Y31            1.000         1.000         1.000
 Y12            1.000         1.000         1.000         1.000
 Y22            1.000         1.000         1.000         1.000         1.000
 Y32            1.000         1.000         1.000         1.000         1.000
 Y13            1.000         1.000         1.000         1.000         1.000
 Y23            1.000         1.000         1.000         1.000         1.000
 Y33            1.000         1.000         1.000         1.000         1.000
 Y14            1.000         1.000         1.000         1.000         1.000
 Y24            1.000         1.000         1.000         1.000         1.000
 Y34            1.000         1.000         1.000         1.000         1.000
 Y15            1.000         1.000         1.000         1.000         1.000
 Y25            1.000         1.000         1.000         1.000         1.000
 Y35            1.000         1.000         1.000         1.000         1.000
 Y16            1.000         1.000         1.000         1.000         1.000
 Y26            1.000         1.000         1.000         1.000         1.000
 Y36            1.000         1.000         1.000         1.000         1.000
 Y17            1.000         1.000         1.000         1.000         1.000
 Y27            1.000         1.000         1.000         1.000         1.000
 Y37            1.000         1.000         1.000         1.000         1.000
 Y18            1.000         1.000         1.000         1.000         1.000
 Y28            1.000         1.000         1.000         1.000         1.000
 Y38            1.000         1.000         1.000         1.000         1.000
 Y19            1.000         1.000         1.000         1.000         1.000
 Y29            1.000         1.000         1.000         1.000         1.000
 Y39            1.000         1.000         1.000         1.000         1.000
 Y110           1.000         1.000         1.000         1.000         1.000
 Y210           1.000         1.000         1.000         1.000         1.000
 Y310           1.000         1.000         1.000         1.000         1.000
 Y111           1.000         1.000         1.000         1.000         1.000
 Y211           1.000         1.000         1.000         1.000         1.000
 Y311           1.000         1.000         1.000         1.000         1.000
 Y112           1.000         1.000         1.000         1.000         1.000
 Y212           1.000         1.000         1.000         1.000         1.000
 Y312           1.000         1.000         1.000         1.000         1.000
 Y113           1.000         1.000         1.000         1.000         1.000
 Y213           1.000         1.000         1.000         1.000         1.000
 Y313           1.000         1.000         1.000         1.000         1.000
 Y114           1.000         1.000         1.000         1.000         1.000
 Y214           1.000         1.000         1.000         1.000         1.000
 Y314           1.000         1.000         1.000         1.000         1.000
 Y115           1.000         1.000         1.000         1.000         1.000
 Y215           1.000         1.000         1.000         1.000         1.000
 Y315           1.000         1.000         1.000         1.000         1.000


           Covariance Coverage
              Y32           Y13           Y23           Y33           Y14
              ________      ________      ________      ________      ________
 Y32            1.000
 Y13            1.000         1.000
 Y23            1.000         1.000         1.000
 Y33            1.000         1.000         1.000         1.000
 Y14            1.000         1.000         1.000         1.000         1.000
 Y24            1.000         1.000         1.000         1.000         1.000
 Y34            1.000         1.000         1.000         1.000         1.000
 Y15            1.000         1.000         1.000         1.000         1.000
 Y25            1.000         1.000         1.000         1.000         1.000
 Y35            1.000         1.000         1.000         1.000         1.000
 Y16            1.000         1.000         1.000         1.000         1.000
 Y26            1.000         1.000         1.000         1.000         1.000
 Y36            1.000         1.000         1.000         1.000         1.000
 Y17            1.000         1.000         1.000         1.000         1.000
 Y27            1.000         1.000         1.000         1.000         1.000
 Y37            1.000         1.000         1.000         1.000         1.000
 Y18            1.000         1.000         1.000         1.000         1.000
 Y28            1.000         1.000         1.000         1.000         1.000
 Y38            1.000         1.000         1.000         1.000         1.000
 Y19            1.000         1.000         1.000         1.000         1.000
 Y29            1.000         1.000         1.000         1.000         1.000
 Y39            1.000         1.000         1.000         1.000         1.000
 Y110           1.000         1.000         1.000         1.000         1.000
 Y210           1.000         1.000         1.000         1.000         1.000
 Y310           1.000         1.000         1.000         1.000         1.000
 Y111           1.000         1.000         1.000         1.000         1.000
 Y211           1.000         1.000         1.000         1.000         1.000
 Y311           1.000         1.000         1.000         1.000         1.000
 Y112           1.000         1.000         1.000         1.000         1.000
 Y212           1.000         1.000         1.000         1.000         1.000
 Y312           1.000         1.000         1.000         1.000         1.000
 Y113           1.000         1.000         1.000         1.000         1.000
 Y213           1.000         1.000         1.000         1.000         1.000
 Y313           1.000         1.000         1.000         1.000         1.000
 Y114           1.000         1.000         1.000         1.000         1.000
 Y214           1.000         1.000         1.000         1.000         1.000
 Y314           1.000         1.000         1.000         1.000         1.000
 Y115           1.000         1.000         1.000         1.000         1.000
 Y215           1.000         1.000         1.000         1.000         1.000
 Y315           1.000         1.000         1.000         1.000         1.000


           Covariance Coverage
              Y24           Y34           Y15           Y25           Y35
              ________      ________      ________      ________      ________
 Y24            1.000
 Y34            1.000         1.000
 Y15            1.000         1.000         1.000
 Y25            1.000         1.000         1.000         1.000
 Y35            1.000         1.000         1.000         1.000         1.000
 Y16            1.000         1.000         1.000         1.000         1.000
 Y26            1.000         1.000         1.000         1.000         1.000
 Y36            1.000         1.000         1.000         1.000         1.000
 Y17            1.000         1.000         1.000         1.000         1.000
 Y27            1.000         1.000         1.000         1.000         1.000
 Y37            1.000         1.000         1.000         1.000         1.000
 Y18            1.000         1.000         1.000         1.000         1.000
 Y28            1.000         1.000         1.000         1.000         1.000
 Y38            1.000         1.000         1.000         1.000         1.000
 Y19            1.000         1.000         1.000         1.000         1.000
 Y29            1.000         1.000         1.000         1.000         1.000
 Y39            1.000         1.000         1.000         1.000         1.000
 Y110           1.000         1.000         1.000         1.000         1.000
 Y210           1.000         1.000         1.000         1.000         1.000
 Y310           1.000         1.000         1.000         1.000         1.000
 Y111           1.000         1.000         1.000         1.000         1.000
 Y211           1.000         1.000         1.000         1.000         1.000
 Y311           1.000         1.000         1.000         1.000         1.000
 Y112           1.000         1.000         1.000         1.000         1.000
 Y212           1.000         1.000         1.000         1.000         1.000
 Y312           1.000         1.000         1.000         1.000         1.000
 Y113           1.000         1.000         1.000         1.000         1.000
 Y213           1.000         1.000         1.000         1.000         1.000
 Y313           1.000         1.000         1.000         1.000         1.000
 Y114           1.000         1.000         1.000         1.000         1.000
 Y214           1.000         1.000         1.000         1.000         1.000
 Y314           1.000         1.000         1.000         1.000         1.000
 Y115           1.000         1.000         1.000         1.000         1.000
 Y215           1.000         1.000         1.000         1.000         1.000
 Y315           1.000         1.000         1.000         1.000         1.000


           Covariance Coverage
              Y16           Y26           Y36           Y17           Y27
              ________      ________      ________      ________      ________
 Y16            1.000
 Y26            1.000         1.000
 Y36            1.000         1.000         1.000
 Y17            1.000         1.000         1.000         1.000
 Y27            1.000         1.000         1.000         1.000         1.000
 Y37            1.000         1.000         1.000         1.000         1.000
 Y18            1.000         1.000         1.000         1.000         1.000
 Y28            1.000         1.000         1.000         1.000         1.000
 Y38            1.000         1.000         1.000         1.000         1.000
 Y19            1.000         1.000         1.000         1.000         1.000
 Y29            1.000         1.000         1.000         1.000         1.000
 Y39            1.000         1.000         1.000         1.000         1.000
 Y110           1.000         1.000         1.000         1.000         1.000
 Y210           1.000         1.000         1.000         1.000         1.000
 Y310           1.000         1.000         1.000         1.000         1.000
 Y111           1.000         1.000         1.000         1.000         1.000
 Y211           1.000         1.000         1.000         1.000         1.000
 Y311           1.000         1.000         1.000         1.000         1.000
 Y112           1.000         1.000         1.000         1.000         1.000
 Y212           1.000         1.000         1.000         1.000         1.000
 Y312           1.000         1.000         1.000         1.000         1.000
 Y113           1.000         1.000         1.000         1.000         1.000
 Y213           1.000         1.000         1.000         1.000         1.000
 Y313           1.000         1.000         1.000         1.000         1.000
 Y114           1.000         1.000         1.000         1.000         1.000
 Y214           1.000         1.000         1.000         1.000         1.000
 Y314           1.000         1.000         1.000         1.000         1.000
 Y115           1.000         1.000         1.000         1.000         1.000
 Y215           1.000         1.000         1.000         1.000         1.000
 Y315           1.000         1.000         1.000         1.000         1.000


           Covariance Coverage
              Y37           Y18           Y28           Y38           Y19
              ________      ________      ________      ________      ________
 Y37            1.000
 Y18            1.000         1.000
 Y28            1.000         1.000         1.000
 Y38            1.000         1.000         1.000         1.000
 Y19            1.000         1.000         1.000         1.000         1.000
 Y29            1.000         1.000         1.000         1.000         1.000
 Y39            1.000         1.000         1.000         1.000         1.000
 Y110           1.000         1.000         1.000         1.000         1.000
 Y210           1.000         1.000         1.000         1.000         1.000
 Y310           1.000         1.000         1.000         1.000         1.000
 Y111           1.000         1.000         1.000         1.000         1.000
 Y211           1.000         1.000         1.000         1.000         1.000
 Y311           1.000         1.000         1.000         1.000         1.000
 Y112           1.000         1.000         1.000         1.000         1.000
 Y212           1.000         1.000         1.000         1.000         1.000
 Y312           1.000         1.000         1.000         1.000         1.000
 Y113           1.000         1.000         1.000         1.000         1.000
 Y213           1.000         1.000         1.000         1.000         1.000
 Y313           1.000         1.000         1.000         1.000         1.000
 Y114           1.000         1.000         1.000         1.000         1.000
 Y214           1.000         1.000         1.000         1.000         1.000
 Y314           1.000         1.000         1.000         1.000         1.000
 Y115           1.000         1.000         1.000         1.000         1.000
 Y215           1.000         1.000         1.000         1.000         1.000
 Y315           1.000         1.000         1.000         1.000         1.000


           Covariance Coverage
              Y29           Y39           Y110          Y210          Y310
              ________      ________      ________      ________      ________
 Y29            1.000
 Y39            1.000         1.000
 Y110           1.000         1.000         1.000
 Y210           1.000         1.000         1.000         1.000
 Y310           1.000         1.000         1.000         1.000         1.000
 Y111           1.000         1.000         1.000         1.000         1.000
 Y211           1.000         1.000         1.000         1.000         1.000
 Y311           1.000         1.000         1.000         1.000         1.000
 Y112           1.000         1.000         1.000         1.000         1.000
 Y212           1.000         1.000         1.000         1.000         1.000
 Y312           1.000         1.000         1.000         1.000         1.000
 Y113           1.000         1.000         1.000         1.000         1.000
 Y213           1.000         1.000         1.000         1.000         1.000
 Y313           1.000         1.000         1.000         1.000         1.000
 Y114           1.000         1.000         1.000         1.000         1.000
 Y214           1.000         1.000         1.000         1.000         1.000
 Y314           1.000         1.000         1.000         1.000         1.000
 Y115           1.000         1.000         1.000         1.000         1.000
 Y215           1.000         1.000         1.000         1.000         1.000
 Y315           1.000         1.000         1.000         1.000         1.000


           Covariance Coverage
              Y111          Y211          Y311          Y112          Y212
              ________      ________      ________      ________      ________
 Y111           1.000
 Y211           1.000         1.000
 Y311           1.000         1.000         1.000
 Y112           1.000         1.000         1.000         1.000
 Y212           1.000         1.000         1.000         1.000         1.000
 Y312           1.000         1.000         1.000         1.000         1.000
 Y113           1.000         1.000         1.000         1.000         1.000
 Y213           1.000         1.000         1.000         1.000         1.000
 Y313           1.000         1.000         1.000         1.000         1.000
 Y114           1.000         1.000         1.000         1.000         1.000
 Y214           1.000         1.000         1.000         1.000         1.000
 Y314           1.000         1.000         1.000         1.000         1.000
 Y115           1.000         1.000         1.000         1.000         1.000
 Y215           1.000         1.000         1.000         1.000         1.000
 Y315           1.000         1.000         1.000         1.000         1.000


           Covariance Coverage
              Y312          Y113          Y213          Y313          Y114
              ________      ________      ________      ________      ________
 Y312           1.000
 Y113           1.000         1.000
 Y213           1.000         1.000         1.000
 Y313           1.000         1.000         1.000         1.000
 Y114           1.000         1.000         1.000         1.000         1.000
 Y214           1.000         1.000         1.000         1.000         1.000
 Y314           1.000         1.000         1.000         1.000         1.000
 Y115           1.000         1.000         1.000         1.000         1.000
 Y215           1.000         1.000         1.000         1.000         1.000
 Y315           1.000         1.000         1.000         1.000         1.000


           Covariance Coverage
              Y214          Y314          Y115          Y215          Y315
              ________      ________      ________      ________      ________
 Y214           1.000
 Y314           1.000         1.000
 Y115           1.000         1.000         1.000
 Y215           1.000         1.000         1.000         1.000
 Y315           1.000         1.000         1.000         1.000         1.000



UNIVARIATE SAMPLE STATISTICS


     UNIVARIATE HIGHER-ORDER MOMENT DESCRIPTIVE STATISTICS

         Variable/         Mean/     Skewness/   Minimum/ % with                Percentiles
        Sample Size      Variance    Kurtosis    Maximum  Min/Max      20%/60%    40%/80%    Median

     Y11                   3.920       0.028      -1.000    2.00%       2.000      4.000      4.000
              50.000       5.234      -0.297       9.000    4.00%       4.000      6.000
     Y21                   2.960       0.791       0.000    2.00%       2.000      2.000      3.000
              50.000       2.438       0.838       8.000    2.00%       3.000      4.000
     Y31                   5.240       0.285      -1.000    2.00%       2.000      4.000      5.000
              50.000      10.902      -0.085      14.000    2.00%       6.000      7.000
     Y12                   3.800      -0.377      -2.000    2.00%       2.000      3.000      4.000
              50.000       4.240       0.039       8.000    2.00%       4.000      6.000
     Y22                   2.960       0.070       0.000    4.00%       2.000      3.000      3.000
              50.000       2.078      -0.515       6.000    4.00%       3.000      4.000
     Y32                   5.120      -0.008      -1.000    2.00%       3.000      4.000      5.000
              50.000       7.826      -0.667      11.000    2.00%       6.000      8.000
     Y13                   3.440       0.122      -1.000    2.00%       1.000      3.000      4.000
              50.000       5.246      -0.808       8.000    6.00%       4.000      5.000
     Y23                   2.920       0.362       1.000   14.00%       2.000      2.000      3.000
              50.000       1.714      -0.714       6.000    2.00%       3.000      4.000
     Y33                   4.540      -0.119       0.000   10.00%       2.000      4.000      5.000
              50.000       7.008      -0.851      10.000    2.00%       6.000      7.000
     Y14                   3.740       0.161       0.000    8.00%       2.000      3.000      3.500
              50.000       5.272      -0.964       8.000    8.00%       4.000      6.000
     Y24                   3.080      -0.019       0.000    4.00%       2.000      3.000      3.000
              50.000       2.074      -0.465       6.000    4.00%       3.000      4.000
     Y34                   4.900       0.393       0.000    4.00%       3.000      4.000      4.000
              50.000       7.370      -0.446      11.000    4.00%       5.000      7.000
     Y15                   3.340       0.190      -1.000    4.00%       1.000      3.000      3.000
              50.000       4.064      -0.155       8.000    4.00%       4.000      5.000
     Y25                   3.000       0.113       0.000    4.00%       2.000      2.000      3.000
              50.000       2.160      -0.634       6.000    4.00%       3.000      4.000
     Y35                   4.360       0.124       0.000    6.00%       2.000      3.000      4.000
              50.000       5.950      -0.877       9.000    6.00%       5.000      7.000
     Y16                   3.760      -0.223      -2.000    2.00%       2.000      3.000      3.500
              50.000       4.342      -0.264       8.000    2.00%       5.000      5.000
     Y26                   2.960       0.129       0.000    4.00%       2.000      3.000      3.000
              50.000       1.678      -0.093       6.000    2.00%       3.000      4.000
     Y36                   4.880       0.097       0.000    4.00%       2.000      4.000      5.000
              50.000       7.186      -0.740      11.000    2.00%       6.000      7.000
     Y17                   3.300       0.357       0.000   10.00%       2.000      2.000      3.000
              50.000       4.330      -0.599       8.000    4.00%       4.000      5.000
     Y27                   2.820       0.236       1.000   26.00%       1.000      2.000      3.000
              50.000       2.068      -1.025       6.000    2.00%       3.000      4.000
     Y37                   4.960       0.137      -1.000    2.00%       3.000      4.000      5.000
              50.000       6.878      -0.210      11.000    2.00%       5.000      7.000
     Y18                   3.760      -0.034       0.000    8.00%       2.000      3.000      4.000
              50.000       3.942      -0.191       9.000    2.00%       4.000      5.000
     Y28                   2.800       0.187       0.000    4.00%       2.000      2.000      3.000
              50.000       2.000      -0.825       5.000   20.00%       3.000      4.000
     Y38                   4.600       0.009      -1.000    2.00%       2.000      3.000      4.500
              50.000       7.120      -0.804      10.000    2.00%       5.000      7.000
     Y19                   3.660      -0.225      -2.000    2.00%       2.000      3.000      4.000
              50.000       4.384      -0.299       8.000    2.00%       4.000      5.000
     Y29                   3.000       0.088       0.000    8.00%       2.000      2.000      3.000
              50.000       2.560      -0.522       6.000    8.00%       3.000      4.000
     Y39                   5.100       0.254       0.000    4.00%       3.000      4.000      5.000
              50.000       7.290      -0.465      11.000    2.00%       5.000      7.000
     Y110                  3.700       0.225      -1.000    2.00%       2.000      3.000      3.000
              50.000       3.650       0.012       8.000    4.00%       4.000      5.000
     Y210                  2.880       0.208       0.000    4.00%       2.000      2.000      3.000
              50.000       2.146      -0.522       6.000    4.00%       3.000      4.000
     Y310                  4.400       0.165      -1.000    2.00%       2.000      3.000      4.000
              50.000       6.040      -0.229      10.000    4.00%       5.000      6.000
     Y111                  3.880       0.119       0.000    4.00%       1.000      3.000      4.000
              50.000       4.706      -0.774       8.000    8.00%       4.000      6.000
     Y211                  2.740      -0.022       0.000    8.00%       2.000      2.000      3.000
              50.000       2.072      -0.479       6.000    2.00%       3.000      4.000
     Y311                  5.080      -0.273      -2.000    2.00%       2.000      4.000      5.500
              50.000       8.994      -0.366      12.000    2.00%       6.000      7.000
     Y112                  3.480       0.548       0.000    6.00%       2.000      3.000      3.000
              50.000       4.330      -0.025       9.000    2.00%       4.000      5.000
     Y212                  3.180      -0.030       0.000    2.00%       2.000      3.000      3.000
              50.000       1.788      -0.421       6.000    4.00%       4.000      4.000
     Y312                  4.940      -0.173       0.000    4.00%       3.000      4.000      5.000
              50.000       5.296      -0.686       9.000    4.00%       6.000      7.000
     Y113                  3.840       0.209       0.000    6.00%       2.000      3.000      4.000
              50.000       3.774      -0.127       9.000    2.00%       4.000      5.000
     Y213                  2.900       0.774       1.000   12.00%       2.000      2.000      3.000
              50.000       1.810       0.390       7.000    2.00%       3.000      4.000
     Y313                  4.720       0.314       0.000    2.00%       3.000      4.000      5.000
              50.000       4.762       0.049      10.000    4.00%       5.000      6.000
     Y114                  3.460       0.698       0.000    4.00%       2.000      3.000      3.000
              50.000       3.808       0.519       9.000    2.00%       4.000      5.000
     Y214                  2.760      -0.231      -1.000    2.00%       2.000      2.000      3.000
              50.000       1.742       0.308       6.000    2.00%       3.000      4.000
     Y314                  4.500      -0.122      -4.000    2.00%       2.000      4.000      4.000
              50.000       8.130       0.610      11.000    2.00%       5.000      7.000
     Y115                  3.640       0.315       0.000    8.00%       2.000      3.000      4.000
              50.000       4.870      -0.609       8.000    8.00%       4.000      6.000
     Y215                  2.940       0.063       0.000    2.00%       2.000      2.000      3.000
              50.000       1.936      -0.627       6.000    4.00%       3.000      4.000
     Y315                  4.780      -0.013      -2.000    2.00%       3.000      4.000      5.000
              50.000       7.532      -0.049      11.000    2.00%       5.000      7.000


THE MODEL ESTIMATION TERMINATED NORMALLY



MODEL FIT INFORMATION

Number of Free Parameters                       12

Loglikelihood

          H0 Value                       -3855.972
          H1 Value                       -2877.290

Information Criteria

          Akaike (AIC)                    7735.945
          Bayesian (BIC)                  7758.889
          Sample-Size Adjusted BIC        7721.223
            (n* = (n + 2) / 24)

Chi-Square Test of Model Fit

          Value                           1957.365
          Degrees of Freedom                  1068
          P-Value                           0.0000

RMSEA (Root Mean Square Error Of Approximation)

          Estimate                           0.129
          90 Percent C.I.                    0.120  0.138
          Probability RMSEA <= .05           0.000

CFI/TLI

          CFI                                0.675
          TLI                                0.699

Chi-Square Test of Model Fit for the Baseline Model

          Value                           3727.921
          Degrees of Freedom                   990
          P-Value                           0.0000

SRMR (Standardized Root Mean Square Residual)

          Value                              0.107



MODEL RESULTS

                                                    Two-Tailed
                    Estimate       S.E.  Est./S.E.    P-Value

 ETA1     BY
    Y11                1.000      0.000    999.000    999.000
    Y21                0.489      0.029     17.112      0.000
    Y31                1.351      0.075     18.119      0.000

 ETA2     BY
    Y12                1.000      0.000    999.000    999.000
    Y22                0.489      0.029     17.112      0.000
    Y32                1.351      0.075     18.119      0.000

 ETA3     BY
    Y13                1.000      0.000    999.000    999.000
    Y23                0.489      0.029     17.112      0.000
    Y33                1.351      0.075     18.119      0.000

 ETA4     BY
    Y14                1.000      0.000    999.000    999.000
    Y24                0.489      0.029     17.112      0.000
    Y34                1.351      0.075     18.119      0.000

 ETA5     BY
    Y15                1.000      0.000    999.000    999.000
    Y25                0.489      0.029     17.112      0.000
    Y35                1.351      0.075     18.119      0.000

 ETA6     BY
    Y16                1.000      0.000    999.000    999.000
    Y26                0.489      0.029     17.112      0.000
    Y36                1.351      0.075     18.119      0.000

 ETA7     BY
    Y17                1.000      0.000    999.000    999.000
    Y27                0.489      0.029     17.112      0.000
    Y37                1.351      0.075     18.119      0.000

 ETA8     BY
    Y18                1.000      0.000    999.000    999.000
    Y28                0.489      0.029     17.112      0.000
    Y38                1.351      0.075     18.119      0.000

 ETA9     BY
    Y19                1.000      0.000    999.000    999.000
    Y29                0.489      0.029     17.112      0.000
    Y39                1.351      0.075     18.119      0.000

 ETA10    BY
    Y110               1.000      0.000    999.000    999.000
    Y210               0.489      0.029     17.112      0.000
    Y310               1.351      0.075     18.119      0.000

 ETA11    BY
    Y111               1.000      0.000    999.000    999.000
    Y211               0.489      0.029     17.112      0.000
    Y311               1.351      0.075     18.119      0.000

 ETA12    BY
    Y112               1.000      0.000    999.000    999.000
    Y212               0.489      0.029     17.112      0.000
    Y312               1.351      0.075     18.119      0.000

 ETA13    BY
    Y113               1.000      0.000    999.000    999.000
    Y213               0.489      0.029     17.112      0.000
    Y313               1.351      0.075     18.119      0.000

 ETA14    BY
    Y114               1.000      0.000    999.000    999.000
    Y214               0.489      0.029     17.112      0.000
    Y314               1.351      0.075     18.119      0.000

 ETA15    BY
    Y115               1.000      0.000    999.000    999.000
    Y215               0.489      0.029     17.112      0.000
    Y315               1.351      0.075     18.119      0.000

 THETA1   BY
    Y11                1.000      0.000    999.000    999.000
    Y21                0.809      0.035     23.452      0.000
    Y31                1.202      0.052     23.215      0.000
    Y12                1.000      0.000    999.000    999.000
    Y22                0.809      0.035     23.452      0.000
    Y32                1.202      0.052     23.215      0.000
    Y13                1.000      0.000    999.000    999.000
    Y23                0.809      0.035     23.452      0.000
    Y33                1.202      0.052     23.215      0.000
    Y14                1.000      0.000    999.000    999.000
    Y24                0.809      0.035     23.452      0.000
    Y34                1.202      0.052     23.215      0.000
    Y15                1.000      0.000    999.000    999.000
    Y25                0.809      0.035     23.452      0.000
    Y35                1.202      0.052     23.215      0.000
    Y16                1.000      0.000    999.000    999.000
    Y26                0.809      0.035     23.452      0.000
    Y36                1.202      0.052     23.215      0.000
    Y17                1.000      0.000    999.000    999.000
    Y27                0.809      0.035     23.452      0.000
    Y37                1.202      0.052     23.215      0.000
    Y18                1.000      0.000    999.000    999.000
    Y28                0.809      0.035     23.452      0.000
    Y38                1.202      0.052     23.215      0.000
    Y19                1.000      0.000    999.000    999.000
    Y29                0.809      0.035     23.452      0.000
    Y39                1.202      0.052     23.215      0.000
    Y110               1.000      0.000    999.000    999.000
    Y210               0.809      0.035     23.452      0.000
    Y310               1.202      0.052     23.215      0.000
    Y111               1.000      0.000    999.000    999.000
    Y211               0.809      0.035     23.452      0.000
    Y311               1.202      0.052     23.215      0.000
    Y112               1.000      0.000    999.000    999.000
    Y212               0.809      0.035     23.452      0.000
    Y312               1.202      0.052     23.215      0.000
    Y113               1.000      0.000    999.000    999.000
    Y213               0.809      0.035     23.452      0.000
    Y313               1.202      0.052     23.215      0.000
    Y114               1.000      0.000    999.000    999.000
    Y214               0.809      0.035     23.452      0.000
    Y314               1.202      0.052     23.215      0.000
    Y115               1.000      0.000    999.000    999.000
    Y215               0.809      0.035     23.452      0.000
    Y315               1.202      0.052     23.215      0.000

 ETA1     WITH
    ETA2               0.000      0.000    999.000    999.000
    ETA3               0.000      0.000    999.000    999.000
    ETA4               0.000      0.000    999.000    999.000
    ETA5               0.000      0.000    999.000    999.000
    ETA6               0.000      0.000    999.000    999.000
    ETA7               0.000      0.000    999.000    999.000
    ETA8               0.000      0.000    999.000    999.000
    ETA9               0.000      0.000    999.000    999.000
    ETA10              0.000      0.000    999.000    999.000
    ETA11              0.000      0.000    999.000    999.000
    ETA12              0.000      0.000    999.000    999.000
    ETA13              0.000      0.000    999.000    999.000
    ETA14              0.000      0.000    999.000    999.000
    ETA15              0.000      0.000    999.000    999.000
    THETA1             0.000      0.000    999.000    999.000

 ETA2     WITH
    ETA3               0.000      0.000    999.000    999.000
    ETA4               0.000      0.000    999.000    999.000
    ETA5               0.000      0.000    999.000    999.000
    ETA6               0.000      0.000    999.000    999.000
    ETA7               0.000      0.000    999.000    999.000
    ETA8               0.000      0.000    999.000    999.000
    ETA9               0.000      0.000    999.000    999.000
    ETA10              0.000      0.000    999.000    999.000
    ETA11              0.000      0.000    999.000    999.000
    ETA12              0.000      0.000    999.000    999.000
    ETA13              0.000      0.000    999.000    999.000
    ETA14              0.000      0.000    999.000    999.000
    ETA15              0.000      0.000    999.000    999.000
    THETA1             0.000      0.000    999.000    999.000

 ETA3     WITH
    ETA4               0.000      0.000    999.000    999.000
    ETA5               0.000      0.000    999.000    999.000
    ETA6               0.000      0.000    999.000    999.000
    ETA7               0.000      0.000    999.000    999.000
    ETA8               0.000      0.000    999.000    999.000
    ETA9               0.000      0.000    999.000    999.000
    ETA10              0.000      0.000    999.000    999.000
    ETA11              0.000      0.000    999.000    999.000
    ETA12              0.000      0.000    999.000    999.000
    ETA13              0.000      0.000    999.000    999.000
    ETA14              0.000      0.000    999.000    999.000
    ETA15              0.000      0.000    999.000    999.000
    THETA1             0.000      0.000    999.000    999.000

 ETA4     WITH
    ETA5               0.000      0.000    999.000    999.000
    ETA6               0.000      0.000    999.000    999.000
    ETA7               0.000      0.000    999.000    999.000
    ETA8               0.000      0.000    999.000    999.000
    ETA9               0.000      0.000    999.000    999.000
    ETA10              0.000      0.000    999.000    999.000
    ETA11              0.000      0.000    999.000    999.000
    ETA12              0.000      0.000    999.000    999.000
    ETA13              0.000      0.000    999.000    999.000
    ETA14              0.000      0.000    999.000    999.000
    ETA15              0.000      0.000    999.000    999.000
    THETA1             0.000      0.000    999.000    999.000

 ETA5     WITH
    ETA6               0.000      0.000    999.000    999.000
    ETA7               0.000      0.000    999.000    999.000
    ETA8               0.000      0.000    999.000    999.000
    ETA9               0.000      0.000    999.000    999.000
    ETA10              0.000      0.000    999.000    999.000
    ETA11              0.000      0.000    999.000    999.000
    ETA12              0.000      0.000    999.000    999.000
    ETA13              0.000      0.000    999.000    999.000
    ETA14              0.000      0.000    999.000    999.000
    ETA15              0.000      0.000    999.000    999.000
    THETA1             0.000      0.000    999.000    999.000

 ETA6     WITH
    ETA7               0.000      0.000    999.000    999.000
    ETA8               0.000      0.000    999.000    999.000
    ETA9               0.000      0.000    999.000    999.000
    ETA10              0.000      0.000    999.000    999.000
    ETA11              0.000      0.000    999.000    999.000
    ETA12              0.000      0.000    999.000    999.000
    ETA13              0.000      0.000    999.000    999.000
    ETA14              0.000      0.000    999.000    999.000
    ETA15              0.000      0.000    999.000    999.000
    THETA1             0.000      0.000    999.000    999.000

 ETA7     WITH
    ETA8               0.000      0.000    999.000    999.000
    ETA9               0.000      0.000    999.000    999.000
    ETA10              0.000      0.000    999.000    999.000
    ETA11              0.000      0.000    999.000    999.000
    ETA12              0.000      0.000    999.000    999.000
    ETA13              0.000      0.000    999.000    999.000
    ETA14              0.000      0.000    999.000    999.000
    ETA15              0.000      0.000    999.000    999.000
    THETA1             0.000      0.000    999.000    999.000

 ETA8     WITH
    ETA9               0.000      0.000    999.000    999.000
    ETA10              0.000      0.000    999.000    999.000
    ETA11              0.000      0.000    999.000    999.000
    ETA12              0.000      0.000    999.000    999.000
    ETA13              0.000      0.000    999.000    999.000
    ETA14              0.000      0.000    999.000    999.000
    ETA15              0.000      0.000    999.000    999.000
    THETA1             0.000      0.000    999.000    999.000

 ETA9     WITH
    ETA10              0.000      0.000    999.000    999.000
    ETA11              0.000      0.000    999.000    999.000
    ETA12              0.000      0.000    999.000    999.000
    ETA13              0.000      0.000    999.000    999.000
    ETA14              0.000      0.000    999.000    999.000
    ETA15              0.000      0.000    999.000    999.000
    THETA1             0.000      0.000    999.000    999.000

 ETA10    WITH
    ETA11              0.000      0.000    999.000    999.000
    ETA12              0.000      0.000    999.000    999.000
    ETA13              0.000      0.000    999.000    999.000
    ETA14              0.000      0.000    999.000    999.000
    ETA15              0.000      0.000    999.000    999.000
    THETA1             0.000      0.000    999.000    999.000

 ETA11    WITH
    ETA12              0.000      0.000    999.000    999.000
    ETA13              0.000      0.000    999.000    999.000
    ETA14              0.000      0.000    999.000    999.000
    ETA15              0.000      0.000    999.000    999.000
    THETA1             0.000      0.000    999.000    999.000

 ETA12    WITH
    ETA13              0.000      0.000    999.000    999.000
    ETA14              0.000      0.000    999.000    999.000
    ETA15              0.000      0.000    999.000    999.000
    THETA1             0.000      0.000    999.000    999.000

 ETA13    WITH
    ETA14              0.000      0.000    999.000    999.000
    ETA15              0.000      0.000    999.000    999.000
    THETA1             0.000      0.000    999.000    999.000

 ETA14    WITH
    ETA15              0.000      0.000    999.000    999.000
    THETA1             0.000      0.000    999.000    999.000

 ETA15    WITH
    THETA1             0.000      0.000    999.000    999.000

 Means
    THETA1             3.648      0.189     19.292      0.000

 Intercepts
    Y11                0.000      0.000    999.000    999.000
    Y21               -0.026      0.133     -0.198      0.843
    Y31                0.423      0.199      2.123      0.034
    Y12                0.000      0.000    999.000    999.000
    Y22               -0.026      0.133     -0.198      0.843
    Y32                0.423      0.199      2.123      0.034
    Y13                0.000      0.000    999.000    999.000
    Y23               -0.026      0.133     -0.198      0.843
    Y33                0.423      0.199      2.123      0.034
    Y14                0.000      0.000    999.000    999.000
    Y24               -0.026      0.133     -0.198      0.843
    Y34                0.423      0.199      2.123      0.034
    Y15                0.000      0.000    999.000    999.000
    Y25               -0.026      0.133     -0.198      0.843
    Y35                0.423      0.199      2.123      0.034
    Y16                0.000      0.000    999.000    999.000
    Y26               -0.026      0.133     -0.198      0.843
    Y36                0.423      0.199      2.123      0.034
    Y17                0.000      0.000    999.000    999.000
    Y27               -0.026      0.133     -0.198      0.843
    Y37                0.423      0.199      2.123      0.034
    Y18                0.000      0.000    999.000    999.000
    Y28               -0.026      0.133     -0.198      0.843
    Y38                0.423      0.199      2.123      0.034
    Y19                0.000      0.000    999.000    999.000
    Y29               -0.026      0.133     -0.198      0.843
    Y39                0.423      0.199      2.123      0.034
    Y110               0.000      0.000    999.000    999.000
    Y210              -0.026      0.133     -0.198      0.843
    Y310               0.423      0.199      2.123      0.034
    Y111               0.000      0.000    999.000    999.000
    Y211              -0.026      0.133     -0.198      0.843
    Y311               0.423      0.199      2.123      0.034
    Y112               0.000      0.000    999.000    999.000
    Y212              -0.026      0.133     -0.198      0.843
    Y312               0.423      0.199      2.123      0.034
    Y113               0.000      0.000    999.000    999.000
    Y213              -0.026      0.133     -0.198      0.843
    Y313               0.423      0.199      2.123      0.034
    Y114               0.000      0.000    999.000    999.000
    Y214              -0.026      0.133     -0.198      0.843
    Y314               0.423      0.199      2.123      0.034
    Y115               0.000      0.000    999.000    999.000
    Y215              -0.026      0.133     -0.198      0.843
    Y315               0.423      0.199      2.123      0.034

 Variances
    ETA1               1.876      0.164     11.422      0.000
    ETA2               1.876      0.164     11.422      0.000
    ETA3               1.876      0.164     11.422      0.000
    ETA4               1.876      0.164     11.422      0.000
    ETA5               1.876      0.164     11.422      0.000
    ETA6               1.876      0.164     11.422      0.000
    ETA7               1.876      0.164     11.422      0.000
    ETA8               1.876      0.164     11.422      0.000
    ETA9               1.876      0.164     11.422      0.000
    ETA10              1.876      0.164     11.422      0.000
    ETA11              1.876      0.164     11.422      0.000
    ETA12              1.876      0.164     11.422      0.000
    ETA13              1.876      0.164     11.422      0.000
    ETA14              1.876      0.164     11.422      0.000
    ETA15              1.876      0.164     11.422      0.000
    THETA1             1.598      0.357      4.477      0.000

 Residual Variances
    Y11                0.976      0.096     10.183      0.000
    Y21                0.534      0.034     15.662      0.000
    Y31                1.558      0.170      9.166      0.000
    Y12                0.976      0.096     10.183      0.000
    Y22                0.534      0.034     15.662      0.000
    Y32                1.558      0.170      9.166      0.000
    Y13                0.976      0.096     10.183      0.000
    Y23                0.534      0.034     15.662      0.000
    Y33                1.558      0.170      9.166      0.000
    Y14                0.976      0.096     10.183      0.000
    Y24                0.534      0.034     15.662      0.000
    Y34                1.558      0.170      9.166      0.000
    Y15                0.976      0.096     10.183      0.000
    Y25                0.534      0.034     15.662      0.000
    Y35                1.558      0.170      9.166      0.000
    Y16                0.976      0.096     10.183      0.000
    Y26                0.534      0.034     15.662      0.000
    Y36                1.558      0.170      9.166      0.000
    Y17                0.976      0.096     10.183      0.000
    Y27                0.534      0.034     15.662      0.000
    Y37                1.558      0.170      9.166      0.000
    Y18                0.976      0.096     10.183      0.000
    Y28                0.534      0.034     15.662      0.000
    Y38                1.558      0.170      9.166      0.000
    Y19                0.976      0.096     10.183      0.000
    Y29                0.534      0.034     15.662      0.000
    Y39                1.558      0.170      9.166      0.000
    Y110               0.976      0.096     10.183      0.000
    Y210               0.534      0.034     15.662      0.000
    Y310               1.558      0.170      9.166      0.000
    Y111               0.976      0.096     10.183      0.000
    Y211               0.534      0.034     15.662      0.000
    Y311               1.558      0.170      9.166      0.000
    Y112               0.976      0.096     10.183      0.000
    Y212               0.534      0.034     15.662      0.000
    Y312               1.558      0.170      9.166      0.000
    Y113               0.976      0.096     10.183      0.000
    Y213               0.534      0.034     15.662      0.000
    Y313               1.558      0.170      9.166      0.000
    Y114               0.976      0.096     10.183      0.000
    Y214               0.534      0.034     15.662      0.000
    Y314               1.558      0.170      9.166      0.000
    Y115               0.976      0.096     10.183      0.000
    Y215               0.534      0.034     15.662      0.000
    Y315               1.558      0.170      9.166      0.000


QUALITY OF NUMERICAL RESULTS

     Condition Number for the Information Matrix              0.623E-03
       (ratio of smallest to largest eigenvalue)


     Beginning Time:  14:44:19
        Ending Time:  14:44:21
       Elapsed Time:  00:00:02



MUTHEN & MUTHEN
3463 Stoner Ave.
Los Angeles, CA  90066

Tel: (310) 391-9971
Fax: (310) 391-8971
Web: www.StatModel.com
Support: Support@StatModel.com

Copyright (c) 1998-2017 Muthen & Muthen
