Mplus VERSION 8
MUTHEN & MUTHEN
02/15/2019   7:22 PM

INPUT INSTRUCTIONS

  TITLE: Your title goes here
  DATA: FILE = "Mplus_files_Results/msst_long_trunc_n500_i3_nt75_na0.dat";
  VARIABLE:
  NAMES = subjn time y1 y2 y3;
  MISSING=.;
  USEVAR = y1
  y2
  y3 ;
  CLUSTER = subjn ;

  ANALYSIS:
  TYPE = TWOLEVEL ;
  ESTIMATOR = ML ;
  ITERATIONS = 50000 ;
  H1ITERATIONS = 50000 ;


  MODEL:

  %WITHIN%

  ! Latent state residual
  eta BY y1@1
  y2 (las2)
  y3 (las3) ;

  ! Latent errors and latent state variances
  y1(o_err1) ;
  y2(o_err2) ;
  y3(o_err3) ;
  eta(s_var) ;

  %BETWEEN%

  ! Indicator trait variables
  theta1  BY  y1@1 ;
  theta2  BY  y2@1 ;
  theta3  BY  y3@1 ;

  ! Latent trait variable
  theta BY theta1@1
  theta2 (lat2)
  theta3 (lat3) ;

  ! Means and Intercepts
  [y1@0] ;
  [y2@0] ;
  [y3@0] ;
  [theta1@0] ;
  [theta2*] (int2) ;
  [theta3*] (int3) ;
  [theta*] ;

  ! Fixing level-2 residual variances at 0 and latent trait variance
  y1@0;
  y2@0;
  y3@0;
  theta1@0;
  theta2@0;
  theta3@0;
  theta(t_var) ;



INPUT READING TERMINATED NORMALLY



Your title goes here

SUMMARY OF ANALYSIS

Number of groups                                                 1
Number of observations                                       37500

Number of dependent variables                                    3
Number of independent variables                                  0
Number of continuous latent variables                            5

Observed dependent variables

  Continuous
   Y1          Y2          Y3

Continuous latent variables
   ETA         THETA1      THETA2      THETA3      THETA

Variables with special functions

  Cluster variable      SUBJN

Estimator                                                       ML
Information matrix                                        OBSERVED
Maximum number of iterations                                 50000
Convergence criterion                                    0.100D-05
Maximum number of EM iterations                                500
Convergence criteria for the EM algorithm
  Loglikelihood change                                   0.100D-02
  Relative loglikelihood change                          0.100D-05
  Derivative                                             0.100D-03
Minimum variance                                         0.100D-03
Maximum number of steepest descent iterations                   20
Maximum number of iterations for H1                          50000
Convergence criterion for H1                             0.100D-03
Optimization algorithm                                         EMA

Input data file(s)
  Mplus_files_Results/msst_long_trunc_n500_i3_nt75_na0.dat
Input data format  FREE


SUMMARY OF DATA

     Number of missing data patterns             1
     Number of clusters                        500

     Average cluster size       75.000

     Estimated Intraclass Correlations for the Y Variables

                Intraclass              Intraclass              Intraclass
     Variable  Correlation   Variable  Correlation   Variable  Correlation

     Y1           0.377      Y2           0.526      Y3           0.355



COVARIANCE COVERAGE OF DATA

Minimum covariance coverage value   0.100


     PROPORTION OF DATA PRESENT


           Covariance Coverage
              Y1            Y2            Y3
              ________      ________      ________
 Y1             1.000
 Y2             1.000         1.000
 Y3             1.000         1.000         1.000



UNIVARIATE SAMPLE STATISTICS


     UNIVARIATE HIGHER-ORDER MOMENT DESCRIPTIVE STATISTICS

         Variable/         Mean/     Skewness/   Minimum/ % with                Percentiles
        Sample Size      Variance    Kurtosis    Maximum  Min/Max      20%/60%    40%/80%    Median

     Y1                    3.582       0.186      -5.000    0.00%       2.000      3.000      4.000
           37500.000       4.710      -0.206      12.000    0.01%       4.000      5.000
     Y2                    2.947       0.132      -2.000    0.01%       2.000      3.000      3.000
           37500.000       2.248      -0.209      10.000    0.00%       3.000      4.000
     Y3                    4.775       0.154      -5.000    0.00%       2.000      4.000      5.000
           37500.000       7.397      -0.179      16.000    0.01%       5.000      7.000


THE MODEL ESTIMATION TERMINATED NORMALLY



MODEL FIT INFORMATION

Number of Free Parameters                       12

Loglikelihood

          H0 Value                     -191772.681
          H1 Value                     -191772.362

Information Criteria

          Akaike (AIC)                  383569.362
          Bayesian (BIC)                383671.747
          Sample-Size Adjusted BIC      383633.611
            (n* = (n + 2) / 24)

Chi-Square Test of Model Fit

          Value                              0.637
          Degrees of Freedom                     3
          P-Value                           0.8879

RMSEA (Root Mean Square Error Of Approximation)

          Estimate                           0.000

CFI/TLI

          CFI                                1.000
          TLI                                1.000

Chi-Square Test of Model Fit for the Baseline Model

          Value                          43077.611
          Degrees of Freedom                     6
          P-Value                           0.0000

SRMR (Standardized Root Mean Square Residual)

          Value for Within                   0.000
          Value for Between                  0.000



MODEL RESULTS

                                                    Two-Tailed
                    Estimate       S.E.  Est./S.E.    P-Value

Within Level

 ETA      BY
    Y1                 1.000      0.000    999.000    999.000
    Y2                 0.513      0.004    123.048      0.000
    Y3                 1.297      0.010    130.757      0.000

 Variances
    ETA                1.910      0.023     81.746      0.000

 Residual Variances
    Y1                 1.025      0.014     73.792      0.000
    Y2                 0.563      0.005    109.427      0.000
    Y3                 1.555      0.023     68.352      0.000

Between Level

 THETA1   BY
    Y1                 1.000      0.000    999.000    999.000

 THETA2   BY
    Y2                 1.000      0.000    999.000    999.000

 THETA3   BY
    Y3                 1.000      0.000    999.000    999.000

 THETA    BY
    THETA1             1.000      0.000    999.000    999.000
    THETA2             0.816      0.005    174.780      0.000
    THETA3             1.217      0.007    177.354      0.000

 Means
    THETA              3.582      0.060     59.461      0.000

 Intercepts
    Y1                 0.000      0.000    999.000    999.000
    Y2                 0.000      0.000    999.000    999.000
    Y3                 0.000      0.000    999.000    999.000
    THETA1             0.000      0.000    999.000    999.000
    THETA2             0.023      0.018      1.262      0.207
    THETA3             0.417      0.026     15.926      0.000

 Variances
    THETA              1.775      0.115     15.460      0.000

 Residual Variances
    Y1                 0.000      0.000    999.000    999.000
    Y2                 0.000      0.000    999.000    999.000
    Y3                 0.000      0.000    999.000    999.000
    THETA1             0.000      0.000    999.000    999.000
    THETA2             0.000      0.000    999.000    999.000
    THETA3             0.000      0.000    999.000    999.000


QUALITY OF NUMERICAL RESULTS

     Condition Number for the Information Matrix              0.935E-04
       (ratio of smallest to largest eigenvalue)


     Beginning Time:  19:22:45
        Ending Time:  19:22:51
       Elapsed Time:  00:00:06



MUTHEN & MUTHEN
3463 Stoner Ave.
Los Angeles, CA  90066

Tel: (310) 391-9971
Fax: (310) 391-8971
Web: www.StatModel.com
Support: Support@StatModel.com

Copyright (c) 1998-2017 Muthen & Muthen
