Mplus VERSION 8
MUTHEN & MUTHEN
02/18/2019   4:49 PM

INPUT INSTRUCTIONS

  TITLE: Your title goes here
  DATA: FILE = "Mplus_files_Results/msst_wide_trunc_n500_i5_nt5_na0.dat";
  VARIABLE:
  NAMES = subjn y11 y21 y31 y41 y51 y12 y22 y32 y42 y52 y13 y23 y33 y43 y53 y14 y24
       y34 y44 y54 y15 y25 y35 y45 y55;
  MISSING=.;
  USEVAR = y11
  y21
  y31
  y41
  y51
  y12
  y22
  y32
  y42
  y52
  y13
  y23
  y33
  y43
  y53
  y14
  y24
  y34
  y44
  y54
  y15
  y25
  y35
  y45
  y55 ;


  ANALYSIS:
  TYPE = GENERAL ;
  ESTIMATOR = ML ;
  ITERATIONS = 50000 ;
  H1ITERATIONS = 50000 ;


  MODEL:

  ! Latent state variables
  eta1 BY y11@1
  y21 (las21)
  y31 (las31)
  y41 (las41)
  y51 (las51) ;
  eta2 BY y12@1
  y22 (las21)
  y32 (las31)
  y42 (las41)
  y52 (las51) ;
  eta3 BY y13@1
  y23 (las21)
  y33 (las31)
  y43 (las41)
  y53 (las51) ;
  eta4 BY y14@1
  y24 (las21)
  y34 (las31)
  y44 (las41)
  y54 (las51) ;
  eta5 BY y15@1
  y25 (las21)
  y35 (las31)
  y45 (las41)
  y55 (las51) ;

  ! Latent trait variables
  theta1 BY y11@1
  y21 (lat21)
  y31 (lat31)
  y41 (lat41)
  y51 (lat51)
  y12@1
  y22 (lat21)
  y32 (lat31)
  y42 (lat41)
  y52 (lat51)
  y13@1
  y23 (lat21)
  y33 (lat31)
  y43 (lat41)
  y53 (lat51)
  y14@1
  y24 (lat21)
  y34 (lat31)
  y44 (lat41)
  y54 (lat51)
  y15@1
  y25 (lat21)
  y35 (lat31)
  y45 (lat41)
  y55 (lat51) ;

  ! Intercepts and means

  [y11@0] ;
  [y21*] (int21) ;
  [y31*] (int31) ;
  [y41*] (int41) ;
  [y51*] (int51) ;
  [y12@0] ;
  [y22*] (int21) ;
  [y32*] (int31) ;
  [y42*] (int41) ;
  [y52*] (int51) ;
  [y13@0] ;
  [y23*] (int21) ;
  [y33*] (int31) ;
  [y43*] (int41) ;
  [y53*] (int51) ;
  [y14@0] ;
  [y24*] (int21) ;
  [y34*] (int31) ;
  [y44*] (int41) ;
  [y54*] (int51) ;
  [y15@0] ;
  [y25*] (int21) ;
  [y35*] (int31) ;
  [y45*] (int41) ;
  [y55*] (int51) ;
  [theta1*] ;

  ! Variance components
  y11(o_err11) ;
  y21(o_err21) ;
  y31(o_err31) ;
  y41(o_err41) ;
  y51(o_err51) ;
  y12(o_err11) ;
  y22(o_err21) ;
  y32(o_err31) ;
  y42(o_err41) ;
  y52(o_err51) ;
  y13(o_err11) ;
  y23(o_err21) ;
  y33(o_err31) ;
  y43(o_err41) ;
  y53(o_err51) ;
  y14(o_err11) ;
  y24(o_err21) ;
  y34(o_err31) ;
  y44(o_err41) ;
  y54(o_err51) ;
  y15(o_err11) ;
  y25(o_err21) ;
  y35(o_err31) ;
  y45(o_err41) ;
  y55(o_err51) ;
  eta1(s_var11) ;
  eta2(s_var11) ;
  eta3(s_var11) ;
  eta4(s_var11) ;
  eta5(s_var11) ;
  theta1(t_var1) ;

  ! Set zero covariances
  eta1 WITH eta2@0
  eta3@0
  eta4@0
  eta5@0
  theta1@0 ;
  eta2 WITH eta3@0
  eta4@0
  eta5@0
  theta1@0 ;
  eta3 WITH eta4@0
  eta5@0
  theta1@0 ;
  eta4 WITH eta5@0
  theta1@0 ;
  eta5 WITH theta1@0 ;



INPUT READING TERMINATED NORMALLY



Your title goes here

SUMMARY OF ANALYSIS

Number of groups                                                 1
Number of observations                                         500

Number of dependent variables                                   25
Number of independent variables                                  0
Number of continuous latent variables                            6

Observed dependent variables

  Continuous
   Y11         Y21         Y31         Y41         Y51         Y12
   Y22         Y32         Y42         Y52         Y13         Y23
   Y33         Y43         Y53         Y14         Y24         Y34
   Y44         Y54         Y15         Y25         Y35         Y45
   Y55

Continuous latent variables
   ETA1        ETA2        ETA3        ETA4        ETA5        THETA1


Estimator                                                       ML
Information matrix                                        OBSERVED
Maximum number of iterations                                 50000
Convergence criterion                                    0.500D-04
Maximum number of steepest descent iterations                   20
Maximum number of iterations for H1                          50000
Convergence criterion for H1                             0.100D-03

Input data file(s)
  Mplus_files_Results/msst_wide_trunc_n500_i5_nt5_na0.dat

Input data format  FREE


SUMMARY OF DATA

     Number of missing data patterns             1


COVARIANCE COVERAGE OF DATA

Minimum covariance coverage value   0.100


     PROPORTION OF DATA PRESENT


           Covariance Coverage
              Y11           Y21           Y31           Y41           Y51
              ________      ________      ________      ________      ________
 Y11            1.000
 Y21            1.000         1.000
 Y31            1.000         1.000         1.000
 Y41            1.000         1.000         1.000         1.000
 Y51            1.000         1.000         1.000         1.000         1.000
 Y12            1.000         1.000         1.000         1.000         1.000
 Y22            1.000         1.000         1.000         1.000         1.000
 Y32            1.000         1.000         1.000         1.000         1.000
 Y42            1.000         1.000         1.000         1.000         1.000
 Y52            1.000         1.000         1.000         1.000         1.000
 Y13            1.000         1.000         1.000         1.000         1.000
 Y23            1.000         1.000         1.000         1.000         1.000
 Y33            1.000         1.000         1.000         1.000         1.000
 Y43            1.000         1.000         1.000         1.000         1.000
 Y53            1.000         1.000         1.000         1.000         1.000
 Y14            1.000         1.000         1.000         1.000         1.000
 Y24            1.000         1.000         1.000         1.000         1.000
 Y34            1.000         1.000         1.000         1.000         1.000
 Y44            1.000         1.000         1.000         1.000         1.000
 Y54            1.000         1.000         1.000         1.000         1.000
 Y15            1.000         1.000         1.000         1.000         1.000
 Y25            1.000         1.000         1.000         1.000         1.000
 Y35            1.000         1.000         1.000         1.000         1.000
 Y45            1.000         1.000         1.000         1.000         1.000
 Y55            1.000         1.000         1.000         1.000         1.000


           Covariance Coverage
              Y12           Y22           Y32           Y42           Y52
              ________      ________      ________      ________      ________
 Y12            1.000
 Y22            1.000         1.000
 Y32            1.000         1.000         1.000
 Y42            1.000         1.000         1.000         1.000
 Y52            1.000         1.000         1.000         1.000         1.000
 Y13            1.000         1.000         1.000         1.000         1.000
 Y23            1.000         1.000         1.000         1.000         1.000
 Y33            1.000         1.000         1.000         1.000         1.000
 Y43            1.000         1.000         1.000         1.000         1.000
 Y53            1.000         1.000         1.000         1.000         1.000
 Y14            1.000         1.000         1.000         1.000         1.000
 Y24            1.000         1.000         1.000         1.000         1.000
 Y34            1.000         1.000         1.000         1.000         1.000
 Y44            1.000         1.000         1.000         1.000         1.000
 Y54            1.000         1.000         1.000         1.000         1.000
 Y15            1.000         1.000         1.000         1.000         1.000
 Y25            1.000         1.000         1.000         1.000         1.000
 Y35            1.000         1.000         1.000         1.000         1.000
 Y45            1.000         1.000         1.000         1.000         1.000
 Y55            1.000         1.000         1.000         1.000         1.000


           Covariance Coverage
              Y13           Y23           Y33           Y43           Y53
              ________      ________      ________      ________      ________
 Y13            1.000
 Y23            1.000         1.000
 Y33            1.000         1.000         1.000
 Y43            1.000         1.000         1.000         1.000
 Y53            1.000         1.000         1.000         1.000         1.000
 Y14            1.000         1.000         1.000         1.000         1.000
 Y24            1.000         1.000         1.000         1.000         1.000
 Y34            1.000         1.000         1.000         1.000         1.000
 Y44            1.000         1.000         1.000         1.000         1.000
 Y54            1.000         1.000         1.000         1.000         1.000
 Y15            1.000         1.000         1.000         1.000         1.000
 Y25            1.000         1.000         1.000         1.000         1.000
 Y35            1.000         1.000         1.000         1.000         1.000
 Y45            1.000         1.000         1.000         1.000         1.000
 Y55            1.000         1.000         1.000         1.000         1.000


           Covariance Coverage
              Y14           Y24           Y34           Y44           Y54
              ________      ________      ________      ________      ________
 Y14            1.000
 Y24            1.000         1.000
 Y34            1.000         1.000         1.000
 Y44            1.000         1.000         1.000         1.000
 Y54            1.000         1.000         1.000         1.000         1.000
 Y15            1.000         1.000         1.000         1.000         1.000
 Y25            1.000         1.000         1.000         1.000         1.000
 Y35            1.000         1.000         1.000         1.000         1.000
 Y45            1.000         1.000         1.000         1.000         1.000
 Y55            1.000         1.000         1.000         1.000         1.000


           Covariance Coverage
              Y15           Y25           Y35           Y45           Y55
              ________      ________      ________      ________      ________
 Y15            1.000
 Y25            1.000         1.000
 Y35            1.000         1.000         1.000
 Y45            1.000         1.000         1.000         1.000
 Y55            1.000         1.000         1.000         1.000         1.000



UNIVARIATE SAMPLE STATISTICS


     UNIVARIATE HIGHER-ORDER MOMENT DESCRIPTIVE STATISTICS

         Variable/         Mean/     Skewness/   Minimum/ % with                Percentiles
        Sample Size      Variance    Kurtosis    Maximum  Min/Max      20%/60%    40%/80%    Median

     Y11                   3.564       0.232      -1.000    0.80%       2.000      3.000      4.000
             500.000       4.858      -0.338      11.000    0.20%       4.000      5.000
     Y21                   2.972       0.143       0.000    4.60%       2.000      3.000      3.000
             500.000       2.215      -0.114       8.000    0.20%       3.000      4.000
     Y31                   4.820       0.198      -2.000    0.40%       2.000      4.000      5.000
             500.000       7.580      -0.222      13.000    0.20%       5.000      7.000
     Y41                   3.788       0.236       0.000    2.80%       2.000      3.000      4.000
             500.000       3.547      -0.338      10.000    0.20%       4.000      5.000
     Y51                   4.822       0.133       0.000    3.40%       3.000      4.000      5.000
             500.000       5.826      -0.535      11.000    0.80%       5.000      7.000
     Y12                   3.586       0.195      -2.000    0.40%       2.000      3.000      4.000
             500.000       4.907      -0.287      10.000    0.40%       4.000      5.000
     Y22                   2.960       0.171      -1.000    0.20%       2.000      3.000      3.000
             500.000       2.250      -0.034       8.000    0.40%       3.000      4.000
     Y32                   4.740       0.265      -1.000    0.60%       2.000      4.000      5.000
             500.000       7.476      -0.354      13.000    0.20%       5.000      7.000
     Y42                   3.766       0.110       0.000    5.40%       2.000      3.000      4.000
             500.000       3.895      -0.429       9.000    0.40%       4.000      6.000
     Y52                   4.894       0.153      -1.000    0.20%       3.000      4.000      5.000
             500.000       6.307      -0.202      13.000    0.20%       5.000      7.000
     Y13                   3.528       0.112      -3.000    0.20%       2.000      3.000      4.000
             500.000       4.541      -0.366      10.000    0.20%       4.000      5.000
     Y23                   2.930       0.160      -1.000    0.20%       2.000      3.000      3.000
             500.000       2.125      -0.258       7.000    0.60%       3.000      4.000
     Y33                   4.838       0.120      -1.000    0.40%       3.000      4.000      5.000
             500.000       6.988      -0.388      13.000    0.20%       6.000      7.000
     Y43                   3.662       0.114       0.000    5.40%       2.000      3.000      4.000
             500.000       3.492      -0.221       9.000    0.60%       4.000      5.000
     Y53                   4.768       0.140      -1.000    0.20%       3.000      4.000      5.000
             500.000       5.602      -0.197      12.000    0.40%       5.000      7.000
     Y14                   3.646       0.151      -2.000    0.20%       2.000      3.000      4.000
             500.000       4.517      -0.247      10.000    0.60%       4.000      5.000
     Y24                   2.990       0.150      -1.000    0.20%       2.000      3.000      3.000
             500.000       2.274      -0.254       8.000    0.20%       3.000      4.000
     Y34                   4.862       0.297      -2.000    0.20%       2.000      4.000      5.000
             500.000       7.511       0.136      14.000    0.40%       6.000      7.000
     Y44                   3.822       0.207      -1.000    0.20%       2.000      3.000      4.000
             500.000       3.826      -0.323       9.000    1.20%       4.000      5.000
     Y54                   4.838       0.089      -2.000    0.20%       3.000      4.000      5.000
             500.000       5.724      -0.344      12.000    0.20%       5.000      7.000
     Y15                   3.574       0.093      -2.000    0.20%       2.000      3.000      4.000
             500.000       4.397      -0.245      10.000    0.40%       4.000      5.000
     Y25                   2.922       0.193       0.000    4.80%       2.000      2.000      3.000
             500.000       2.136      -0.207       7.000    0.60%       3.000      4.000
     Y35                   4.686       0.216      -2.000    0.40%       2.000      4.000      5.000
             500.000       7.267       0.070      14.000    0.40%       5.000      7.000
     Y45                   3.746       0.234      -1.000    0.20%       2.000      3.000      4.000
             500.000       3.297       0.088      10.000    0.20%       4.000      5.000
     Y55                   4.768       0.139      -1.000    0.80%       3.000      4.000      5.000
             500.000       5.542       0.131      13.000    0.20%       5.000      7.000


THE MODEL ESTIMATION TERMINATED NORMALLY



MODEL FIT INFORMATION

Number of Free Parameters                       20

Loglikelihood

          H0 Value                      -20862.129
          H1 Value                      -20672.456

Information Criteria

          Akaike (AIC)                   41764.257
          Bayesian (BIC)                 41848.550
          Sample-Size Adjusted BIC       41785.068
            (n* = (n + 2) / 24)

Chi-Square Test of Model Fit

          Value                            379.346
          Degrees of Freedom                   330
          P-Value                           0.0316

RMSEA (Root Mean Square Error Of Approximation)

          Estimate                           0.017
          90 Percent C.I.                    0.006  0.025
          Probability RMSEA <= .05           1.000

CFI/TLI

          CFI                                0.996
          TLI                                0.996

Chi-Square Test of Model Fit for the Baseline Model

          Value                          12523.699
          Degrees of Freedom                   300
          P-Value                           0.0000

SRMR (Standardized Root Mean Square Residual)

          Value                              0.029



MODEL RESULTS

                                                    Two-Tailed
                    Estimate       S.E.  Est./S.E.    P-Value

 ETA1     BY
    Y11                1.000      0.000    999.000    999.000
    Y21                0.494      0.015     32.796      0.000
    Y31                1.253      0.031     40.241      0.000
    Y41                0.800      0.021     37.471      0.000
    Y51                1.131      0.028     40.838      0.000

 ETA2     BY
    Y12                1.000      0.000    999.000    999.000
    Y22                0.494      0.015     32.796      0.000
    Y32                1.253      0.031     40.241      0.000
    Y42                0.800      0.021     37.471      0.000
    Y52                1.131      0.028     40.838      0.000

 ETA3     BY
    Y13                1.000      0.000    999.000    999.000
    Y23                0.494      0.015     32.796      0.000
    Y33                1.253      0.031     40.241      0.000
    Y43                0.800      0.021     37.471      0.000
    Y53                1.131      0.028     40.838      0.000

 ETA4     BY
    Y14                1.000      0.000    999.000    999.000
    Y24                0.494      0.015     32.796      0.000
    Y34                1.253      0.031     40.241      0.000
    Y44                0.800      0.021     37.471      0.000
    Y54                1.131      0.028     40.838      0.000

 ETA5     BY
    Y15                1.000      0.000    999.000    999.000
    Y25                0.494      0.015     32.796      0.000
    Y35                1.253      0.031     40.241      0.000
    Y45                0.800      0.021     37.471      0.000
    Y55                1.131      0.028     40.838      0.000

 THETA1   BY
    Y11                1.000      0.000    999.000    999.000
    Y21                0.817      0.019     42.935      0.000
    Y31                1.261      0.028     44.501      0.000
    Y41                0.925      0.021     43.361      0.000
    Y51                1.104      0.025     44.268      0.000
    Y12                1.000      0.000    999.000    999.000
    Y22                0.817      0.019     42.935      0.000
    Y32                1.261      0.028     44.501      0.000
    Y42                0.925      0.021     43.361      0.000
    Y52                1.104      0.025     44.268      0.000
    Y13                1.000      0.000    999.000    999.000
    Y23                0.817      0.019     42.935      0.000
    Y33                1.261      0.028     44.501      0.000
    Y43                0.925      0.021     43.361      0.000
    Y53                1.104      0.025     44.268      0.000
    Y14                1.000      0.000    999.000    999.000
    Y24                0.817      0.019     42.935      0.000
    Y34                1.261      0.028     44.501      0.000
    Y44                0.925      0.021     43.361      0.000
    Y54                1.104      0.025     44.268      0.000
    Y15                1.000      0.000    999.000    999.000
    Y25                0.817      0.019     42.935      0.000
    Y35                1.261      0.028     44.501      0.000
    Y45                0.925      0.021     43.361      0.000
    Y55                1.104      0.025     44.268      0.000

 ETA1     WITH
    ETA2               0.000      0.000    999.000    999.000
    ETA3               0.000      0.000    999.000    999.000
    ETA4               0.000      0.000    999.000    999.000
    ETA5               0.000      0.000    999.000    999.000
    THETA1             0.000      0.000    999.000    999.000

 ETA2     WITH
    ETA3               0.000      0.000    999.000    999.000
    ETA4               0.000      0.000    999.000    999.000
    ETA5               0.000      0.000    999.000    999.000
    THETA1             0.000      0.000    999.000    999.000

 ETA3     WITH
    ETA4               0.000      0.000    999.000    999.000
    ETA5               0.000      0.000    999.000    999.000
    THETA1             0.000      0.000    999.000    999.000

 ETA4     WITH
    ETA5               0.000      0.000    999.000    999.000
    THETA1             0.000      0.000    999.000    999.000

 ETA5     WITH
    THETA1             0.000      0.000    999.000    999.000

 Means
    THETA1             3.580      0.069     52.018      0.000

 Intercepts
    Y11                0.000      0.000    999.000    999.000
    Y21                0.030      0.072      0.411      0.681
    Y31                0.274      0.107      2.548      0.011
    Y41                0.445      0.081      5.501      0.000
    Y51                0.868      0.095      9.182      0.000
    Y12                0.000      0.000    999.000    999.000
    Y22                0.030      0.072      0.411      0.681
    Y32                0.274      0.107      2.548      0.011
    Y42                0.445      0.081      5.501      0.000
    Y52                0.868      0.095      9.182      0.000
    Y13                0.000      0.000    999.000    999.000
    Y23                0.030      0.072      0.411      0.681
    Y33                0.274      0.107      2.548      0.011
    Y43                0.445      0.081      5.501      0.000
    Y53                0.868      0.095      9.182      0.000
    Y14                0.000      0.000    999.000    999.000
    Y24                0.030      0.072      0.411      0.681
    Y34                0.274      0.107      2.548      0.011
    Y44                0.445      0.081      5.501      0.000
    Y54                0.868      0.095      9.182      0.000
    Y15                0.000      0.000    999.000    999.000
    Y25                0.030      0.072      0.411      0.681
    Y35                0.274      0.107      2.548      0.011
    Y45                0.445      0.081      5.501      0.000
    Y55                0.868      0.095      9.182      0.000

 Variances
    ETA1               1.866      0.087     21.517      0.000
    ETA2               1.866      0.087     21.517      0.000
    ETA3               1.866      0.087     21.517      0.000
    ETA4               1.866      0.087     21.517      0.000
    ETA5               1.866      0.087     21.517      0.000
    THETA1             1.798      0.149     12.066      0.000

 Residual Variances
    Y11                0.981      0.037     26.457      0.000
    Y21                0.544      0.018     30.249      0.000
    Y31                1.580      0.059     26.640      0.000
    Y41                0.881      0.030     29.083      0.000
    Y51                1.226      0.047     26.204      0.000
    Y12                0.981      0.037     26.457      0.000
    Y22                0.544      0.018     30.249      0.000
    Y32                1.580      0.059     26.640      0.000
    Y42                0.881      0.030     29.083      0.000
    Y52                1.226      0.047     26.204      0.000
    Y13                0.981      0.037     26.457      0.000
    Y23                0.544      0.018     30.249      0.000
    Y33                1.580      0.059     26.640      0.000
    Y43                0.881      0.030     29.083      0.000
    Y53                1.226      0.047     26.204      0.000
    Y14                0.981      0.037     26.457      0.000
    Y24                0.544      0.018     30.249      0.000
    Y34                1.580      0.059     26.640      0.000
    Y44                0.881      0.030     29.083      0.000
    Y54                1.226      0.047     26.204      0.000
    Y15                0.981      0.037     26.457      0.000
    Y25                0.544      0.018     30.249      0.000
    Y35                1.580      0.059     26.640      0.000
    Y45                0.881      0.030     29.083      0.000
    Y55                1.226      0.047     26.204      0.000


QUALITY OF NUMERICAL RESULTS

     Condition Number for the Information Matrix              0.612E-03
       (ratio of smallest to largest eigenvalue)


     Beginning Time:  16:49:41
        Ending Time:  16:49:42
       Elapsed Time:  00:00:01



MUTHEN & MUTHEN
3463 Stoner Ave.
Los Angeles, CA  90066

Tel: (310) 391-9971
Fax: (310) 391-8971
Web: www.StatModel.com
Support: Support@StatModel.com

Copyright (c) 1998-2017 Muthen & Muthen
