Mplus VERSION 8
MUTHEN & MUTHEN
02/15/2019   2:47 PM

INPUT INSTRUCTIONS

  TITLE: Your title goes here
  DATA: FILE = "Mplus_files_Results/msst_wide_n500_i3_nt15_na0.dat";
  VARIABLE:
  NAMES = subjn y11 y21 y31 y12 y22 y32 y13 y23 y33 y14 y24 y34 y15 y25 y35 y16 y26
       y36 y17 y27 y37 y18 y28 y38 y19 y29 y39 y110 y210 y310 y111 y211 y311 y112 y212
       y312 y113 y213 y313 y114 y214 y314 y115 y215 y315;
  MISSING=.;
  USEVAR = y11
  y21
  y31
  y12
  y22
  y32
  y13
  y23
  y33
  y14
  y24
  y34
  y15
  y25
  y35
  y16
  y26
  y36
  y17
  y27
  y37
  y18
  y28
  y38
  y19
  y29
  y39
  y110
  y210
  y310
  y111
  y211
  y311
  y112
  y212
  y312
  y113
  y213
  y313
  y114
  y214
  y314
  y115
  y215
  y315 ;


  ANALYSIS:
  TYPE = GENERAL ;
  ESTIMATOR = ML ;
  ITERATIONS = 50000 ;
  H1ITERATIONS = 50000 ;


  MODEL:

  ! Latent state variables
  eta1 BY y11@1
  y21 (las21)
  y31 (las31) ;
  eta2 BY y12@1
  y22 (las21)
  y32 (las31) ;
  eta3 BY y13@1
  y23 (las21)
  y33 (las31) ;
  eta4 BY y14@1
  y24 (las21)
  y34 (las31) ;
  eta5 BY y15@1
  y25 (las21)
  y35 (las31) ;
  eta6 BY y16@1
  y26 (las21)
  y36 (las31) ;
  eta7 BY y17@1
  y27 (las21)
  y37 (las31) ;
  eta8 BY y18@1
  y28 (las21)
  y38 (las31) ;
  eta9 BY y19@1
  y29 (las21)
  y39 (las31) ;
  eta10 BY y110@1
  y210 (las21)
  y310 (las31) ;
  eta11 BY y111@1
  y211 (las21)
  y311 (las31) ;
  eta12 BY y112@1
  y212 (las21)
  y312 (las31) ;
  eta13 BY y113@1
  y213 (las21)
  y313 (las31) ;
  eta14 BY y114@1
  y214 (las21)
  y314 (las31) ;
  eta15 BY y115@1
  y215 (las21)
  y315 (las31) ;

  ! Latent trait variables
  theta1 BY y11@1
  y21 (lat21)
  y31 (lat31)
  y12@1
  y22 (lat21)
  y32 (lat31)
  y13@1
  y23 (lat21)
  y33 (lat31)
  y14@1
  y24 (lat21)
  y34 (lat31)
  y15@1
  y25 (lat21)
  y35 (lat31)
  y16@1
  y26 (lat21)
  y36 (lat31)
  y17@1
  y27 (lat21)
  y37 (lat31)
  y18@1
  y28 (lat21)
  y38 (lat31)
  y19@1
  y29 (lat21)
  y39 (lat31)
  y110@1
  y210 (lat21)
  y310 (lat31)
  y111@1
  y211 (lat21)
  y311 (lat31)
  y112@1
  y212 (lat21)
  y312 (lat31)
  y113@1
  y213 (lat21)
  y313 (lat31)
  y114@1
  y214 (lat21)
  y314 (lat31)
  y115@1
  y215 (lat21)
  y315 (lat31) ;

  ! Intercepts and means

  [y11@0] ;
  [y21*] (int21) ;
  [y31*] (int31) ;
  [y12@0] ;
  [y22*] (int21) ;
  [y32*] (int31) ;
  [y13@0] ;
  [y23*] (int21) ;
  [y33*] (int31) ;
  [y14@0] ;
  [y24*] (int21) ;
  [y34*] (int31) ;
  [y15@0] ;
  [y25*] (int21) ;
  [y35*] (int31) ;
  [y16@0] ;
  [y26*] (int21) ;
  [y36*] (int31) ;
  [y17@0] ;
  [y27*] (int21) ;
  [y37*] (int31) ;
  [y18@0] ;
  [y28*] (int21) ;
  [y38*] (int31) ;
  [y19@0] ;
  [y29*] (int21) ;
  [y39*] (int31) ;
  [y110@0] ;
  [y210*] (int21) ;
  [y310*] (int31) ;
  [y111@0] ;
  [y211*] (int21) ;
  [y311*] (int31) ;
  [y112@0] ;
  [y212*] (int21) ;
  [y312*] (int31) ;
  [y113@0] ;
  [y213*] (int21) ;
  [y313*] (int31) ;
  [y114@0] ;
  [y214*] (int21) ;
  [y314*] (int31) ;
  [y115@0] ;
  [y215*] (int21) ;
  [y315*] (int31) ;
  [theta1*] ;

  ! Variance components
  y11(o_err11) ;
  y21(o_err21) ;
  y31(o_err31) ;
  y12(o_err11) ;
  y22(o_err21) ;
  y32(o_err31) ;
  y13(o_err11) ;
  y23(o_err21) ;
  y33(o_err31) ;
  y14(o_err11) ;
  y24(o_err21) ;
  y34(o_err31) ;
  y15(o_err11) ;
  y25(o_err21) ;
  y35(o_err31) ;
  y16(o_err11) ;
  y26(o_err21) ;
  y36(o_err31) ;
  y17(o_err11) ;
  y27(o_err21) ;
  y37(o_err31) ;
  y18(o_err11) ;
  y28(o_err21) ;
  y38(o_err31) ;
  y19(o_err11) ;
  y29(o_err21) ;
  y39(o_err31) ;
  y110(o_err11) ;
  y210(o_err21) ;
  y310(o_err31) ;
  y111(o_err11) ;
  y211(o_err21) ;
  y311(o_err31) ;
  y112(o_err11) ;
  y212(o_err21) ;
  y312(o_err31) ;
  y113(o_err11) ;
  y213(o_err21) ;
  y313(o_err31) ;
  y114(o_err11) ;
  y214(o_err21) ;
  y314(o_err31) ;
  y115(o_err11) ;
  y215(o_err21) ;
  y315(o_err31) ;
  eta1(s_var11) ;
  eta2(s_var11) ;
  eta3(s_var11) ;
  eta4(s_var11) ;
  eta5(s_var11) ;
  eta6(s_var11) ;
  eta7(s_var11) ;
  eta8(s_var11) ;
  eta9(s_var11) ;
  eta10(s_var11) ;
  eta11(s_var11) ;
  eta12(s_var11) ;
  eta13(s_var11) ;
  eta14(s_var11) ;
  eta15(s_var11) ;
  theta1(t_var1) ;

  ! Set zero covariances
  eta1 WITH eta2@0
  eta3@0
  eta4@0
  eta5@0
  eta6@0
  eta7@0
  eta8@0
  eta9@0
  eta10@0
  eta11@0
  eta12@0
  eta13@0
  eta14@0
  eta15@0
  theta1@0 ;
  eta2 WITH eta3@0
  eta4@0
  eta5@0
  eta6@0
  eta7@0
  eta8@0
  eta9@0
  eta10@0
  eta11@0
  eta12@0
  eta13@0
  eta14@0
  eta15@0
  theta1@0 ;
  eta3 WITH eta4@0
  eta5@0
  eta6@0
  eta7@0
  eta8@0
  eta9@0
  eta10@0
  eta11@0
  eta12@0
  eta13@0
  eta14@0
  eta15@0
  theta1@0 ;
  eta4 WITH eta5@0
  eta6@0
  eta7@0
  eta8@0
  eta9@0
  eta10@0
  eta11@0
  eta12@0
  eta13@0
  eta14@0
  eta15@0
  theta1@0 ;
  eta5 WITH eta6@0
  eta7@0
  eta8@0
  eta9@0
  eta10@0
  eta11@0
  eta12@0
  eta13@0
  eta14@0
  eta15@0
  theta1@0 ;
  eta6 WITH eta7@0
  eta8@0
  eta9@0
  eta10@0
  eta11@0
  eta12@0
  eta13@0
  eta14@0
  eta15@0
  theta1@0 ;
  eta7 WITH eta8@0
  eta9@0
  eta10@0
  eta11@0
  eta12@0
  eta13@0
  eta14@0
  eta15@0
  theta1@0 ;
  eta8 WITH eta9@0
  eta10@0
  eta11@0
  eta12@0
  eta13@0
  eta14@0
  eta15@0
  theta1@0 ;
  eta9 WITH eta10@0
  eta11@0
  eta12@0
  eta13@0
  eta14@0
  eta15@0
  theta1@0 ;
  eta10 WITH eta11@0
  eta12@0
  eta13@0
  eta14@0
  eta15@0
  theta1@0 ;
  eta11 WITH eta12@0
  eta13@0
  eta14@0
  eta15@0
  theta1@0 ;
  eta12 WITH eta13@0
  eta14@0
  eta15@0
  theta1@0 ;
  eta13 WITH eta14@0
  eta15@0
  theta1@0 ;
  eta14 WITH eta15@0
  theta1@0 ;
  eta15 WITH theta1@0 ;



INPUT READING TERMINATED NORMALLY



Your title goes here

SUMMARY OF ANALYSIS

Number of groups                                                 1
Number of observations                                         500

Number of dependent variables                                   45
Number of independent variables                                  0
Number of continuous latent variables                           16

Observed dependent variables

  Continuous
   Y11         Y21         Y31         Y12         Y22         Y32
   Y13         Y23         Y33         Y14         Y24         Y34
   Y15         Y25         Y35         Y16         Y26         Y36
   Y17         Y27         Y37         Y18         Y28         Y38
   Y19         Y29         Y39         Y110        Y210        Y310
   Y111        Y211        Y311        Y112        Y212        Y312
   Y113        Y213        Y313        Y114        Y214        Y314
   Y115        Y215        Y315

Continuous latent variables
   ETA1        ETA2        ETA3        ETA4        ETA5        ETA6
   ETA7        ETA8        ETA9        ETA10       ETA11       ETA12
   ETA13       ETA14       ETA15       THETA1


Estimator                                                       ML
Information matrix                                        OBSERVED
Maximum number of iterations                                 50000
Convergence criterion                                    0.500D-04
Maximum number of steepest descent iterations                   20
Maximum number of iterations for H1                          50000
Convergence criterion for H1                             0.100D-03

Input data file(s)
  Mplus_files_Results/msst_wide_n500_i3_nt15_na0.dat

Input data format  FREE


SUMMARY OF DATA

     Number of missing data patterns             1


COVARIANCE COVERAGE OF DATA

Minimum covariance coverage value   0.100


     PROPORTION OF DATA PRESENT


           Covariance Coverage
              Y11           Y21           Y31           Y12           Y22
              ________      ________      ________      ________      ________
 Y11            1.000
 Y21            1.000         1.000
 Y31            1.000         1.000         1.000
 Y12            1.000         1.000         1.000         1.000
 Y22            1.000         1.000         1.000         1.000         1.000
 Y32            1.000         1.000         1.000         1.000         1.000
 Y13            1.000         1.000         1.000         1.000         1.000
 Y23            1.000         1.000         1.000         1.000         1.000
 Y33            1.000         1.000         1.000         1.000         1.000
 Y14            1.000         1.000         1.000         1.000         1.000
 Y24            1.000         1.000         1.000         1.000         1.000
 Y34            1.000         1.000         1.000         1.000         1.000
 Y15            1.000         1.000         1.000         1.000         1.000
 Y25            1.000         1.000         1.000         1.000         1.000
 Y35            1.000         1.000         1.000         1.000         1.000
 Y16            1.000         1.000         1.000         1.000         1.000
 Y26            1.000         1.000         1.000         1.000         1.000
 Y36            1.000         1.000         1.000         1.000         1.000
 Y17            1.000         1.000         1.000         1.000         1.000
 Y27            1.000         1.000         1.000         1.000         1.000
 Y37            1.000         1.000         1.000         1.000         1.000
 Y18            1.000         1.000         1.000         1.000         1.000
 Y28            1.000         1.000         1.000         1.000         1.000
 Y38            1.000         1.000         1.000         1.000         1.000
 Y19            1.000         1.000         1.000         1.000         1.000
 Y29            1.000         1.000         1.000         1.000         1.000
 Y39            1.000         1.000         1.000         1.000         1.000
 Y110           1.000         1.000         1.000         1.000         1.000
 Y210           1.000         1.000         1.000         1.000         1.000
 Y310           1.000         1.000         1.000         1.000         1.000
 Y111           1.000         1.000         1.000         1.000         1.000
 Y211           1.000         1.000         1.000         1.000         1.000
 Y311           1.000         1.000         1.000         1.000         1.000
 Y112           1.000         1.000         1.000         1.000         1.000
 Y212           1.000         1.000         1.000         1.000         1.000
 Y312           1.000         1.000         1.000         1.000         1.000
 Y113           1.000         1.000         1.000         1.000         1.000
 Y213           1.000         1.000         1.000         1.000         1.000
 Y313           1.000         1.000         1.000         1.000         1.000
 Y114           1.000         1.000         1.000         1.000         1.000
 Y214           1.000         1.000         1.000         1.000         1.000
 Y314           1.000         1.000         1.000         1.000         1.000
 Y115           1.000         1.000         1.000         1.000         1.000
 Y215           1.000         1.000         1.000         1.000         1.000
 Y315           1.000         1.000         1.000         1.000         1.000


           Covariance Coverage
              Y32           Y13           Y23           Y33           Y14
              ________      ________      ________      ________      ________
 Y32            1.000
 Y13            1.000         1.000
 Y23            1.000         1.000         1.000
 Y33            1.000         1.000         1.000         1.000
 Y14            1.000         1.000         1.000         1.000         1.000
 Y24            1.000         1.000         1.000         1.000         1.000
 Y34            1.000         1.000         1.000         1.000         1.000
 Y15            1.000         1.000         1.000         1.000         1.000
 Y25            1.000         1.000         1.000         1.000         1.000
 Y35            1.000         1.000         1.000         1.000         1.000
 Y16            1.000         1.000         1.000         1.000         1.000
 Y26            1.000         1.000         1.000         1.000         1.000
 Y36            1.000         1.000         1.000         1.000         1.000
 Y17            1.000         1.000         1.000         1.000         1.000
 Y27            1.000         1.000         1.000         1.000         1.000
 Y37            1.000         1.000         1.000         1.000         1.000
 Y18            1.000         1.000         1.000         1.000         1.000
 Y28            1.000         1.000         1.000         1.000         1.000
 Y38            1.000         1.000         1.000         1.000         1.000
 Y19            1.000         1.000         1.000         1.000         1.000
 Y29            1.000         1.000         1.000         1.000         1.000
 Y39            1.000         1.000         1.000         1.000         1.000
 Y110           1.000         1.000         1.000         1.000         1.000
 Y210           1.000         1.000         1.000         1.000         1.000
 Y310           1.000         1.000         1.000         1.000         1.000
 Y111           1.000         1.000         1.000         1.000         1.000
 Y211           1.000         1.000         1.000         1.000         1.000
 Y311           1.000         1.000         1.000         1.000         1.000
 Y112           1.000         1.000         1.000         1.000         1.000
 Y212           1.000         1.000         1.000         1.000         1.000
 Y312           1.000         1.000         1.000         1.000         1.000
 Y113           1.000         1.000         1.000         1.000         1.000
 Y213           1.000         1.000         1.000         1.000         1.000
 Y313           1.000         1.000         1.000         1.000         1.000
 Y114           1.000         1.000         1.000         1.000         1.000
 Y214           1.000         1.000         1.000         1.000         1.000
 Y314           1.000         1.000         1.000         1.000         1.000
 Y115           1.000         1.000         1.000         1.000         1.000
 Y215           1.000         1.000         1.000         1.000         1.000
 Y315           1.000         1.000         1.000         1.000         1.000


           Covariance Coverage
              Y24           Y34           Y15           Y25           Y35
              ________      ________      ________      ________      ________
 Y24            1.000
 Y34            1.000         1.000
 Y15            1.000         1.000         1.000
 Y25            1.000         1.000         1.000         1.000
 Y35            1.000         1.000         1.000         1.000         1.000
 Y16            1.000         1.000         1.000         1.000         1.000
 Y26            1.000         1.000         1.000         1.000         1.000
 Y36            1.000         1.000         1.000         1.000         1.000
 Y17            1.000         1.000         1.000         1.000         1.000
 Y27            1.000         1.000         1.000         1.000         1.000
 Y37            1.000         1.000         1.000         1.000         1.000
 Y18            1.000         1.000         1.000         1.000         1.000
 Y28            1.000         1.000         1.000         1.000         1.000
 Y38            1.000         1.000         1.000         1.000         1.000
 Y19            1.000         1.000         1.000         1.000         1.000
 Y29            1.000         1.000         1.000         1.000         1.000
 Y39            1.000         1.000         1.000         1.000         1.000
 Y110           1.000         1.000         1.000         1.000         1.000
 Y210           1.000         1.000         1.000         1.000         1.000
 Y310           1.000         1.000         1.000         1.000         1.000
 Y111           1.000         1.000         1.000         1.000         1.000
 Y211           1.000         1.000         1.000         1.000         1.000
 Y311           1.000         1.000         1.000         1.000         1.000
 Y112           1.000         1.000         1.000         1.000         1.000
 Y212           1.000         1.000         1.000         1.000         1.000
 Y312           1.000         1.000         1.000         1.000         1.000
 Y113           1.000         1.000         1.000         1.000         1.000
 Y213           1.000         1.000         1.000         1.000         1.000
 Y313           1.000         1.000         1.000         1.000         1.000
 Y114           1.000         1.000         1.000         1.000         1.000
 Y214           1.000         1.000         1.000         1.000         1.000
 Y314           1.000         1.000         1.000         1.000         1.000
 Y115           1.000         1.000         1.000         1.000         1.000
 Y215           1.000         1.000         1.000         1.000         1.000
 Y315           1.000         1.000         1.000         1.000         1.000


           Covariance Coverage
              Y16           Y26           Y36           Y17           Y27
              ________      ________      ________      ________      ________
 Y16            1.000
 Y26            1.000         1.000
 Y36            1.000         1.000         1.000
 Y17            1.000         1.000         1.000         1.000
 Y27            1.000         1.000         1.000         1.000         1.000
 Y37            1.000         1.000         1.000         1.000         1.000
 Y18            1.000         1.000         1.000         1.000         1.000
 Y28            1.000         1.000         1.000         1.000         1.000
 Y38            1.000         1.000         1.000         1.000         1.000
 Y19            1.000         1.000         1.000         1.000         1.000
 Y29            1.000         1.000         1.000         1.000         1.000
 Y39            1.000         1.000         1.000         1.000         1.000
 Y110           1.000         1.000         1.000         1.000         1.000
 Y210           1.000         1.000         1.000         1.000         1.000
 Y310           1.000         1.000         1.000         1.000         1.000
 Y111           1.000         1.000         1.000         1.000         1.000
 Y211           1.000         1.000         1.000         1.000         1.000
 Y311           1.000         1.000         1.000         1.000         1.000
 Y112           1.000         1.000         1.000         1.000         1.000
 Y212           1.000         1.000         1.000         1.000         1.000
 Y312           1.000         1.000         1.000         1.000         1.000
 Y113           1.000         1.000         1.000         1.000         1.000
 Y213           1.000         1.000         1.000         1.000         1.000
 Y313           1.000         1.000         1.000         1.000         1.000
 Y114           1.000         1.000         1.000         1.000         1.000
 Y214           1.000         1.000         1.000         1.000         1.000
 Y314           1.000         1.000         1.000         1.000         1.000
 Y115           1.000         1.000         1.000         1.000         1.000
 Y215           1.000         1.000         1.000         1.000         1.000
 Y315           1.000         1.000         1.000         1.000         1.000


           Covariance Coverage
              Y37           Y18           Y28           Y38           Y19
              ________      ________      ________      ________      ________
 Y37            1.000
 Y18            1.000         1.000
 Y28            1.000         1.000         1.000
 Y38            1.000         1.000         1.000         1.000
 Y19            1.000         1.000         1.000         1.000         1.000
 Y29            1.000         1.000         1.000         1.000         1.000
 Y39            1.000         1.000         1.000         1.000         1.000
 Y110           1.000         1.000         1.000         1.000         1.000
 Y210           1.000         1.000         1.000         1.000         1.000
 Y310           1.000         1.000         1.000         1.000         1.000
 Y111           1.000         1.000         1.000         1.000         1.000
 Y211           1.000         1.000         1.000         1.000         1.000
 Y311           1.000         1.000         1.000         1.000         1.000
 Y112           1.000         1.000         1.000         1.000         1.000
 Y212           1.000         1.000         1.000         1.000         1.000
 Y312           1.000         1.000         1.000         1.000         1.000
 Y113           1.000         1.000         1.000         1.000         1.000
 Y213           1.000         1.000         1.000         1.000         1.000
 Y313           1.000         1.000         1.000         1.000         1.000
 Y114           1.000         1.000         1.000         1.000         1.000
 Y214           1.000         1.000         1.000         1.000         1.000
 Y314           1.000         1.000         1.000         1.000         1.000
 Y115           1.000         1.000         1.000         1.000         1.000
 Y215           1.000         1.000         1.000         1.000         1.000
 Y315           1.000         1.000         1.000         1.000         1.000


           Covariance Coverage
              Y29           Y39           Y110          Y210          Y310
              ________      ________      ________      ________      ________
 Y29            1.000
 Y39            1.000         1.000
 Y110           1.000         1.000         1.000
 Y210           1.000         1.000         1.000         1.000
 Y310           1.000         1.000         1.000         1.000         1.000
 Y111           1.000         1.000         1.000         1.000         1.000
 Y211           1.000         1.000         1.000         1.000         1.000
 Y311           1.000         1.000         1.000         1.000         1.000
 Y112           1.000         1.000         1.000         1.000         1.000
 Y212           1.000         1.000         1.000         1.000         1.000
 Y312           1.000         1.000         1.000         1.000         1.000
 Y113           1.000         1.000         1.000         1.000         1.000
 Y213           1.000         1.000         1.000         1.000         1.000
 Y313           1.000         1.000         1.000         1.000         1.000
 Y114           1.000         1.000         1.000         1.000         1.000
 Y214           1.000         1.000         1.000         1.000         1.000
 Y314           1.000         1.000         1.000         1.000         1.000
 Y115           1.000         1.000         1.000         1.000         1.000
 Y215           1.000         1.000         1.000         1.000         1.000
 Y315           1.000         1.000         1.000         1.000         1.000


           Covariance Coverage
              Y111          Y211          Y311          Y112          Y212
              ________      ________      ________      ________      ________
 Y111           1.000
 Y211           1.000         1.000
 Y311           1.000         1.000         1.000
 Y112           1.000         1.000         1.000         1.000
 Y212           1.000         1.000         1.000         1.000         1.000
 Y312           1.000         1.000         1.000         1.000         1.000
 Y113           1.000         1.000         1.000         1.000         1.000
 Y213           1.000         1.000         1.000         1.000         1.000
 Y313           1.000         1.000         1.000         1.000         1.000
 Y114           1.000         1.000         1.000         1.000         1.000
 Y214           1.000         1.000         1.000         1.000         1.000
 Y314           1.000         1.000         1.000         1.000         1.000
 Y115           1.000         1.000         1.000         1.000         1.000
 Y215           1.000         1.000         1.000         1.000         1.000
 Y315           1.000         1.000         1.000         1.000         1.000


           Covariance Coverage
              Y312          Y113          Y213          Y313          Y114
              ________      ________      ________      ________      ________
 Y312           1.000
 Y113           1.000         1.000
 Y213           1.000         1.000         1.000
 Y313           1.000         1.000         1.000         1.000
 Y114           1.000         1.000         1.000         1.000         1.000
 Y214           1.000         1.000         1.000         1.000         1.000
 Y314           1.000         1.000         1.000         1.000         1.000
 Y115           1.000         1.000         1.000         1.000         1.000
 Y215           1.000         1.000         1.000         1.000         1.000
 Y315           1.000         1.000         1.000         1.000         1.000


           Covariance Coverage
              Y214          Y314          Y115          Y215          Y315
              ________      ________      ________      ________      ________
 Y214           1.000
 Y314           1.000         1.000
 Y115           1.000         1.000         1.000
 Y215           1.000         1.000         1.000         1.000
 Y315           1.000         1.000         1.000         1.000         1.000



UNIVARIATE SAMPLE STATISTICS


     UNIVARIATE HIGHER-ORDER MOMENT DESCRIPTIVE STATISTICS

         Variable/         Mean/     Skewness/   Minimum/ % with                Percentiles
        Sample Size      Variance    Kurtosis    Maximum  Min/Max      20%/60%    40%/80%    Median

     Y11                   4.075       0.088      -2.294    0.20%       2.179      3.419      4.157
             500.000       5.275       0.146      11.395    0.20%       4.642      6.027
     Y21                   3.478       0.033      -1.300    0.20%       2.232      3.104      3.437
             500.000       2.284       0.189       7.709    0.20%       3.861      4.709
     Y31                   5.427       0.127      -2.804    0.20%       3.100      4.794      5.367
             500.000       6.945       0.209      13.248    0.20%       6.060      7.439
     Y12                   4.077      -0.154      -4.246    0.20%       2.175      3.591      4.109
             500.000       4.787       0.205      10.863    0.20%       4.783      5.865
     Y22                   3.353      -0.101      -1.451    0.20%       2.134      2.984      3.383
             500.000       2.134       0.026       8.012    0.20%       3.725      4.617
     Y32                   5.334      -0.002      -5.315    0.20%       2.834      4.681      5.262
             500.000       7.506      -0.013      13.802    0.20%       6.016      7.681
     Y13                   4.083      -0.030      -2.072    0.20%       2.348      3.583      4.107
             500.000       4.656      -0.018      10.231    0.20%       4.636      5.908
     Y23                   3.406       0.022      -0.479    0.20%       2.205      3.080      3.452
             500.000       1.957       0.055       8.247    0.20%       3.757      4.556
     Y33                   5.220      -0.039      -1.436    0.20%       2.815      4.691      5.264
             500.000       7.074      -0.453      12.548    0.20%       5.982      7.538
     Y14                   4.163      -0.211      -3.751    0.20%       2.303      3.669      4.297
             500.000       5.107       0.228      10.139    0.20%       4.798      5.968
     Y24                   3.457       0.033      -0.967    0.20%       2.173      3.119      3.540
             500.000       2.186       0.434       9.903    0.20%       3.911      4.646
     Y34                   5.374      -0.179      -3.909    0.20%       2.991      4.856      5.613
             500.000       7.587      -0.093      13.840    0.20%       6.224      7.667
     Y15                   3.979      -0.036      -3.040    0.20%       2.099      3.391      4.119
             500.000       4.929       0.006       9.945    0.20%       4.574      5.691
     Y25                   3.382      -0.104      -0.864    0.20%       2.186      3.038      3.422
             500.000       2.154      -0.052       7.614    0.20%       3.783      4.701
     Y35                   5.156       0.092      -3.388    0.20%       2.954      4.373      5.172
             500.000       7.597       0.236      14.119    0.20%       5.632      7.449
     Y16                   4.056       0.302      -2.355    0.20%       2.132      3.299      3.952
             500.000       5.096      -0.105      10.772    0.20%       4.532      5.933
     Y26                   3.420       0.161      -1.201    0.20%       1.934      3.037      3.407
             500.000       2.520      -0.057       8.141    0.20%       3.823      4.640
     Y36                   5.206       0.094      -4.171    0.20%       2.726      4.360      5.041
             500.000       8.282      -0.247      13.900    0.20%       5.968      7.708
     Y17                   4.131       0.047      -3.863    0.20%       2.382      3.530      4.051
             500.000       4.924       0.233      10.742    0.20%       4.656      5.959
     Y27                   3.380       0.059      -0.593    0.20%       2.018      3.015      3.379
             500.000       2.257      -0.131       8.040    0.20%       3.738      4.686
     Y37                   5.128       0.209      -2.721    0.20%       2.746      4.370      5.054
             500.000       7.853       0.145      15.886    0.20%       5.787      7.424
     Y18                   3.918      -0.049      -2.718    0.20%       2.027      3.356      3.910
             500.000       4.937       0.044      11.005    0.20%       4.432      5.841
     Y28                   3.367      -0.016      -0.850    0.20%       2.029      2.955      3.366
             500.000       2.281      -0.114       7.804    0.20%       3.755      4.640
     Y38                   5.237      -0.024      -2.034    0.20%       2.878      4.478      5.330
             500.000       7.773      -0.201      14.241    0.20%       5.885      7.608
     Y19                   4.057       0.131      -1.851    0.20%       2.308      3.427      4.012
             500.000       4.507       0.187      10.552    0.20%       4.511      5.883
     Y29                   3.480       0.143      -0.704    0.20%       2.228      3.038      3.493
             500.000       2.077      -0.070       7.809    0.20%       3.824      4.751
     Y39                   5.309       0.030      -1.425    0.20%       3.004      4.658      5.333
             500.000       6.963      -0.186      13.836    0.20%       5.969      7.353
     Y110                  3.955       0.094      -1.810    0.20%       2.144      3.438      4.035
             500.000       4.314      -0.023      10.638    0.20%       4.411      5.623
     Y210                  3.378       0.175      -0.438    0.20%       2.167      2.992      3.374
             500.000       2.058       0.273       8.130    0.20%       3.688      4.477
     Y310                  5.155       0.065      -2.477    0.20%       3.054      4.459      5.083
             500.000       6.502      -0.007      12.459    0.20%       5.692      7.381
     Y111                  4.004      -0.034      -3.218    0.20%       1.934      3.420      3.922
             500.000       5.659      -0.004      11.772    0.20%       4.603      6.054
     Y211                  3.391       0.236      -0.635    0.20%       1.984      2.847      3.411
             500.000       2.410      -0.134       8.040    0.20%       3.737      4.662
     Y311                  5.089      -0.027      -3.266    0.20%       2.563      4.331      5.115
             500.000       8.314      -0.019      13.386    0.20%       5.811      7.604
     Y112                  4.149      -0.147      -2.061    0.20%       2.370      3.643      4.283
             500.000       4.198      -0.218       9.292    0.20%       4.772      5.883
     Y212                  3.486      -0.056      -1.029    0.20%       2.284      3.097      3.494
             500.000       2.230       0.011       7.513    0.20%       3.814      4.728
     Y312                  5.374      -0.008      -2.900    0.20%       2.978      4.723      5.516
             500.000       7.734      -0.176      12.991    0.20%       6.102      7.714
     Y113                  4.074       0.071      -2.400    0.20%       2.243      3.432      4.005
             500.000       4.503      -0.273       9.896    0.20%       4.594      5.908
     Y213                  3.436      -0.061      -1.226    0.20%       2.228      3.054      3.393
             500.000       2.221       0.107       8.003    0.20%       3.761      4.695
     Y313                  5.258       0.109      -1.865    0.20%       3.007      4.398      5.249
             500.000       6.962      -0.128      13.429    0.20%       5.968      7.520
     Y114                  4.070       0.190      -1.198    0.20%       2.112      3.355      4.121
             500.000       4.885       0.075      11.521    0.20%       4.716      5.837
     Y214                  3.427       0.068      -0.598    0.20%       2.119      3.120      3.436
             500.000       2.098      -0.163       8.168    0.20%       3.794      4.560
     Y314                  5.302      -0.006      -3.672    0.20%       2.877      4.659      5.457
             500.000       7.220      -0.010      14.066    0.20%       6.130      7.529
     Y115                  3.994       0.018      -2.537    0.20%       2.131      3.434      3.965
             500.000       4.704       0.063      10.620    0.20%       4.489      5.830
     Y215                  3.446      -0.086      -1.288    0.20%       2.319      3.072      3.396
             500.000       1.948       0.125       7.979    0.20%       3.729      4.690
     Y315                  5.219       0.092      -2.535    0.20%       2.891      4.557      5.221
             500.000       6.938       0.017      13.540    0.20%       5.914      7.284


THE MODEL ESTIMATION TERMINATED NORMALLY



MODEL FIT INFORMATION

Number of Free Parameters                       12

Loglikelihood

          H0 Value                      -38429.074
          H1 Value                      -37841.941

Information Criteria

          Akaike (AIC)                   76882.148
          Bayesian (BIC)                 76932.724
          Sample-Size Adjusted BIC       76894.635
            (n* = (n + 2) / 24)

Chi-Square Test of Model Fit

          Value                           1174.265
          Degrees of Freedom                  1068
          P-Value                           0.0125

RMSEA (Root Mean Square Error Of Approximation)

          Estimate                           0.014
          90 Percent C.I.                    0.007  0.019
          Probability RMSEA <= .05           1.000

CFI/TLI

          CFI                                0.995
          TLI                                0.995

Chi-Square Test of Model Fit for the Baseline Model

          Value                          20825.642
          Degrees of Freedom                   990
          P-Value                           0.0000

SRMR (Standardized Root Mean Square Residual)

          Value                              0.040



MODEL RESULTS

                                                    Two-Tailed
                    Estimate       S.E.  Est./S.E.    P-Value

 ETA1     BY
    Y11                1.000      0.000    999.000    999.000
    Y21                0.505      0.009     56.192      0.000
    Y31                1.304      0.022     58.943      0.000

 ETA2     BY
    Y12                1.000      0.000    999.000    999.000
    Y22                0.505      0.009     56.192      0.000
    Y32                1.304      0.022     58.943      0.000

 ETA3     BY
    Y13                1.000      0.000    999.000    999.000
    Y23                0.505      0.009     56.192      0.000
    Y33                1.304      0.022     58.943      0.000

 ETA4     BY
    Y14                1.000      0.000    999.000    999.000
    Y24                0.505      0.009     56.192      0.000
    Y34                1.304      0.022     58.943      0.000

 ETA5     BY
    Y15                1.000      0.000    999.000    999.000
    Y25                0.505      0.009     56.192      0.000
    Y35                1.304      0.022     58.943      0.000

 ETA6     BY
    Y16                1.000      0.000    999.000    999.000
    Y26                0.505      0.009     56.192      0.000
    Y36                1.304      0.022     58.943      0.000

 ETA7     BY
    Y17                1.000      0.000    999.000    999.000
    Y27                0.505      0.009     56.192      0.000
    Y37                1.304      0.022     58.943      0.000

 ETA8     BY
    Y18                1.000      0.000    999.000    999.000
    Y28                0.505      0.009     56.192      0.000
    Y38                1.304      0.022     58.943      0.000

 ETA9     BY
    Y19                1.000      0.000    999.000    999.000
    Y29                0.505      0.009     56.192      0.000
    Y39                1.304      0.022     58.943      0.000

 ETA10    BY
    Y110               1.000      0.000    999.000    999.000
    Y210               0.505      0.009     56.192      0.000
    Y310               1.304      0.022     58.943      0.000

 ETA11    BY
    Y111               1.000      0.000    999.000    999.000
    Y211               0.505      0.009     56.192      0.000
    Y311               1.304      0.022     58.943      0.000

 ETA12    BY
    Y112               1.000      0.000    999.000    999.000
    Y212               0.505      0.009     56.192      0.000
    Y312               1.304      0.022     58.943      0.000

 ETA13    BY
    Y113               1.000      0.000    999.000    999.000
    Y213               0.505      0.009     56.192      0.000
    Y313               1.304      0.022     58.943      0.000

 ETA14    BY
    Y114               1.000      0.000    999.000    999.000
    Y214               0.505      0.009     56.192      0.000
    Y314               1.304      0.022     58.943      0.000

 ETA15    BY
    Y115               1.000      0.000    999.000    999.000
    Y215               0.505      0.009     56.192      0.000
    Y315               1.304      0.022     58.943      0.000

 THETA1   BY
    Y11                1.000      0.000    999.000    999.000
    Y21                0.793      0.010     80.284      0.000
    Y31                1.191      0.015     80.411      0.000
    Y12                1.000      0.000    999.000    999.000
    Y22                0.793      0.010     80.284      0.000
    Y32                1.191      0.015     80.411      0.000
    Y13                1.000      0.000    999.000    999.000
    Y23                0.793      0.010     80.284      0.000
    Y33                1.191      0.015     80.411      0.000
    Y14                1.000      0.000    999.000    999.000
    Y24                0.793      0.010     80.284      0.000
    Y34                1.191      0.015     80.411      0.000
    Y15                1.000      0.000    999.000    999.000
    Y25                0.793      0.010     80.284      0.000
    Y35                1.191      0.015     80.411      0.000
    Y16                1.000      0.000    999.000    999.000
    Y26                0.793      0.010     80.284      0.000
    Y36                1.191      0.015     80.411      0.000
    Y17                1.000      0.000    999.000    999.000
    Y27                0.793      0.010     80.284      0.000
    Y37                1.191      0.015     80.411      0.000
    Y18                1.000      0.000    999.000    999.000
    Y28                0.793      0.010     80.284      0.000
    Y38                1.191      0.015     80.411      0.000
    Y19                1.000      0.000    999.000    999.000
    Y29                0.793      0.010     80.284      0.000
    Y39                1.191      0.015     80.411      0.000
    Y110               1.000      0.000    999.000    999.000
    Y210               0.793      0.010     80.284      0.000
    Y310               1.191      0.015     80.411      0.000
    Y111               1.000      0.000    999.000    999.000
    Y211               0.793      0.010     80.284      0.000
    Y311               1.191      0.015     80.411      0.000
    Y112               1.000      0.000    999.000    999.000
    Y212               0.793      0.010     80.284      0.000
    Y312               1.191      0.015     80.411      0.000
    Y113               1.000      0.000    999.000    999.000
    Y213               0.793      0.010     80.284      0.000
    Y313               1.191      0.015     80.411      0.000
    Y114               1.000      0.000    999.000    999.000
    Y214               0.793      0.010     80.284      0.000
    Y314               1.191      0.015     80.411      0.000
    Y115               1.000      0.000    999.000    999.000
    Y215               0.793      0.010     80.284      0.000
    Y315               1.191      0.015     80.411      0.000

 ETA1     WITH
    ETA2               0.000      0.000    999.000    999.000
    ETA3               0.000      0.000    999.000    999.000
    ETA4               0.000      0.000    999.000    999.000
    ETA5               0.000      0.000    999.000    999.000
    ETA6               0.000      0.000    999.000    999.000
    ETA7               0.000      0.000    999.000    999.000
    ETA8               0.000      0.000    999.000    999.000
    ETA9               0.000      0.000    999.000    999.000
    ETA10              0.000      0.000    999.000    999.000
    ETA11              0.000      0.000    999.000    999.000
    ETA12              0.000      0.000    999.000    999.000
    ETA13              0.000      0.000    999.000    999.000
    ETA14              0.000      0.000    999.000    999.000
    ETA15              0.000      0.000    999.000    999.000
    THETA1             0.000      0.000    999.000    999.000

 ETA2     WITH
    ETA3               0.000      0.000    999.000    999.000
    ETA4               0.000      0.000    999.000    999.000
    ETA5               0.000      0.000    999.000    999.000
    ETA6               0.000      0.000    999.000    999.000
    ETA7               0.000      0.000    999.000    999.000
    ETA8               0.000      0.000    999.000    999.000
    ETA9               0.000      0.000    999.000    999.000
    ETA10              0.000      0.000    999.000    999.000
    ETA11              0.000      0.000    999.000    999.000
    ETA12              0.000      0.000    999.000    999.000
    ETA13              0.000      0.000    999.000    999.000
    ETA14              0.000      0.000    999.000    999.000
    ETA15              0.000      0.000    999.000    999.000
    THETA1             0.000      0.000    999.000    999.000

 ETA3     WITH
    ETA4               0.000      0.000    999.000    999.000
    ETA5               0.000      0.000    999.000    999.000
    ETA6               0.000      0.000    999.000    999.000
    ETA7               0.000      0.000    999.000    999.000
    ETA8               0.000      0.000    999.000    999.000
    ETA9               0.000      0.000    999.000    999.000
    ETA10              0.000      0.000    999.000    999.000
    ETA11              0.000      0.000    999.000    999.000
    ETA12              0.000      0.000    999.000    999.000
    ETA13              0.000      0.000    999.000    999.000
    ETA14              0.000      0.000    999.000    999.000
    ETA15              0.000      0.000    999.000    999.000
    THETA1             0.000      0.000    999.000    999.000

 ETA4     WITH
    ETA5               0.000      0.000    999.000    999.000
    ETA6               0.000      0.000    999.000    999.000
    ETA7               0.000      0.000    999.000    999.000
    ETA8               0.000      0.000    999.000    999.000
    ETA9               0.000      0.000    999.000    999.000
    ETA10              0.000      0.000    999.000    999.000
    ETA11              0.000      0.000    999.000    999.000
    ETA12              0.000      0.000    999.000    999.000
    ETA13              0.000      0.000    999.000    999.000
    ETA14              0.000      0.000    999.000    999.000
    ETA15              0.000      0.000    999.000    999.000
    THETA1             0.000      0.000    999.000    999.000

 ETA5     WITH
    ETA6               0.000      0.000    999.000    999.000
    ETA7               0.000      0.000    999.000    999.000
    ETA8               0.000      0.000    999.000    999.000
    ETA9               0.000      0.000    999.000    999.000
    ETA10              0.000      0.000    999.000    999.000
    ETA11              0.000      0.000    999.000    999.000
    ETA12              0.000      0.000    999.000    999.000
    ETA13              0.000      0.000    999.000    999.000
    ETA14              0.000      0.000    999.000    999.000
    ETA15              0.000      0.000    999.000    999.000
    THETA1             0.000      0.000    999.000    999.000

 ETA6     WITH
    ETA7               0.000      0.000    999.000    999.000
    ETA8               0.000      0.000    999.000    999.000
    ETA9               0.000      0.000    999.000    999.000
    ETA10              0.000      0.000    999.000    999.000
    ETA11              0.000      0.000    999.000    999.000
    ETA12              0.000      0.000    999.000    999.000
    ETA13              0.000      0.000    999.000    999.000
    ETA14              0.000      0.000    999.000    999.000
    ETA15              0.000      0.000    999.000    999.000
    THETA1             0.000      0.000    999.000    999.000

 ETA7     WITH
    ETA8               0.000      0.000    999.000    999.000
    ETA9               0.000      0.000    999.000    999.000
    ETA10              0.000      0.000    999.000    999.000
    ETA11              0.000      0.000    999.000    999.000
    ETA12              0.000      0.000    999.000    999.000
    ETA13              0.000      0.000    999.000    999.000
    ETA14              0.000      0.000    999.000    999.000
    ETA15              0.000      0.000    999.000    999.000
    THETA1             0.000      0.000    999.000    999.000

 ETA8     WITH
    ETA9               0.000      0.000    999.000    999.000
    ETA10              0.000      0.000    999.000    999.000
    ETA11              0.000      0.000    999.000    999.000
    ETA12              0.000      0.000    999.000    999.000
    ETA13              0.000      0.000    999.000    999.000
    ETA14              0.000      0.000    999.000    999.000
    ETA15              0.000      0.000    999.000    999.000
    THETA1             0.000      0.000    999.000    999.000

 ETA9     WITH
    ETA10              0.000      0.000    999.000    999.000
    ETA11              0.000      0.000    999.000    999.000
    ETA12              0.000      0.000    999.000    999.000
    ETA13              0.000      0.000    999.000    999.000
    ETA14              0.000      0.000    999.000    999.000
    ETA15              0.000      0.000    999.000    999.000
    THETA1             0.000      0.000    999.000    999.000

 ETA10    WITH
    ETA11              0.000      0.000    999.000    999.000
    ETA12              0.000      0.000    999.000    999.000
    ETA13              0.000      0.000    999.000    999.000
    ETA14              0.000      0.000    999.000    999.000
    ETA15              0.000      0.000    999.000    999.000
    THETA1             0.000      0.000    999.000    999.000

 ETA11    WITH
    ETA12              0.000      0.000    999.000    999.000
    ETA13              0.000      0.000    999.000    999.000
    ETA14              0.000      0.000    999.000    999.000
    ETA15              0.000      0.000    999.000    999.000
    THETA1             0.000      0.000    999.000    999.000

 ETA12    WITH
    ETA13              0.000      0.000    999.000    999.000
    ETA14              0.000      0.000    999.000    999.000
    ETA15              0.000      0.000    999.000    999.000
    THETA1             0.000      0.000    999.000    999.000

 ETA13    WITH
    ETA14              0.000      0.000    999.000    999.000
    ETA15              0.000      0.000    999.000    999.000
    THETA1             0.000      0.000    999.000    999.000

 ETA14    WITH
    ETA15              0.000      0.000    999.000    999.000
    THETA1             0.000      0.000    999.000    999.000

 ETA15    WITH
    THETA1             0.000      0.000    999.000    999.000

 Means
    THETA1             4.052      0.065     62.597      0.000

 Intercepts
    Y11                0.000      0.000    999.000    999.000
    Y21                0.204      0.042      4.833      0.000
    Y31                0.427      0.063      6.762      0.000
    Y12                0.000      0.000    999.000    999.000
    Y22                0.204      0.042      4.833      0.000
    Y32                0.427      0.063      6.762      0.000
    Y13                0.000      0.000    999.000    999.000
    Y23                0.204      0.042      4.833      0.000
    Y33                0.427      0.063      6.762      0.000
    Y14                0.000      0.000    999.000    999.000
    Y24                0.204      0.042      4.833      0.000
    Y34                0.427      0.063      6.762      0.000
    Y15                0.000      0.000    999.000    999.000
    Y25                0.204      0.042      4.833      0.000
    Y35                0.427      0.063      6.762      0.000
    Y16                0.000      0.000    999.000    999.000
    Y26                0.204      0.042      4.833      0.000
    Y36                0.427      0.063      6.762      0.000
    Y17                0.000      0.000    999.000    999.000
    Y27                0.204      0.042      4.833      0.000
    Y37                0.427      0.063      6.762      0.000
    Y18                0.000      0.000    999.000    999.000
    Y28                0.204      0.042      4.833      0.000
    Y38                0.427      0.063      6.762      0.000
    Y19                0.000      0.000    999.000    999.000
    Y29                0.204      0.042      4.833      0.000
    Y39                0.427      0.063      6.762      0.000
    Y110               0.000      0.000    999.000    999.000
    Y210               0.204      0.042      4.833      0.000
    Y310               0.427      0.063      6.762      0.000
    Y111               0.000      0.000    999.000    999.000
    Y211               0.204      0.042      4.833      0.000
    Y311               0.427      0.063      6.762      0.000
    Y112               0.000      0.000    999.000    999.000
    Y212               0.204      0.042      4.833      0.000
    Y312               0.427      0.063      6.762      0.000
    Y113               0.000      0.000    999.000    999.000
    Y213               0.204      0.042      4.833      0.000
    Y313               0.427      0.063      6.762      0.000
    Y114               0.000      0.000    999.000    999.000
    Y214               0.204      0.042      4.833      0.000
    Y314               0.427      0.063      6.762      0.000
    Y115               0.000      0.000    999.000    999.000
    Y215               0.204      0.042      4.833      0.000
    Y315               0.427      0.063      6.762      0.000

 Variances
    ETA1               1.910      0.053     36.077      0.000
    ETA2               1.910      0.053     36.077      0.000
    ETA3               1.910      0.053     36.077      0.000
    ETA4               1.910      0.053     36.077      0.000
    ETA5               1.910      0.053     36.077      0.000
    ETA6               1.910      0.053     36.077      0.000
    ETA7               1.910      0.053     36.077      0.000
    ETA8               1.910      0.053     36.077      0.000
    ETA9               1.910      0.053     36.077      0.000
    ETA10              1.910      0.053     36.077      0.000
    ETA11              1.910      0.053     36.077      0.000
    ETA12              1.910      0.053     36.077      0.000
    ETA13              1.910      0.053     36.077      0.000
    ETA14              1.910      0.053     36.077      0.000
    ETA15              1.910      0.053     36.077      0.000
    THETA1             1.899      0.132     14.343      0.000

 Residual Variances
    Y11                1.027      0.030     34.014      0.000
    Y21                0.506      0.011     47.789      0.000
    Y31                1.487      0.049     30.196      0.000
    Y12                1.027      0.030     34.014      0.000
    Y22                0.506      0.011     47.789      0.000
    Y32                1.487      0.049     30.196      0.000
    Y13                1.027      0.030     34.014      0.000
    Y23                0.506      0.011     47.789      0.000
    Y33                1.487      0.049     30.196      0.000
    Y14                1.027      0.030     34.014      0.000
    Y24                0.506      0.011     47.789      0.000
    Y34                1.487      0.049     30.196      0.000
    Y15                1.027      0.030     34.014      0.000
    Y25                0.506      0.011     47.789      0.000
    Y35                1.487      0.049     30.196      0.000
    Y16                1.027      0.030     34.014      0.000
    Y26                0.506      0.011     47.789      0.000
    Y36                1.487      0.049     30.196      0.000
    Y17                1.027      0.030     34.014      0.000
    Y27                0.506      0.011     47.789      0.000
    Y37                1.487      0.049     30.196      0.000
    Y18                1.027      0.030     34.014      0.000
    Y28                0.506      0.011     47.789      0.000
    Y38                1.487      0.049     30.196      0.000
    Y19                1.027      0.030     34.014      0.000
    Y29                0.506      0.011     47.789      0.000
    Y39                1.487      0.049     30.196      0.000
    Y110               1.027      0.030     34.014      0.000
    Y210               0.506      0.011     47.789      0.000
    Y310               1.487      0.049     30.196      0.000
    Y111               1.027      0.030     34.014      0.000
    Y211               0.506      0.011     47.789      0.000
    Y311               1.487      0.049     30.196      0.000
    Y112               1.027      0.030     34.014      0.000
    Y212               0.506      0.011     47.789      0.000
    Y312               1.487      0.049     30.196      0.000
    Y113               1.027      0.030     34.014      0.000
    Y213               0.506      0.011     47.789      0.000
    Y313               1.487      0.049     30.196      0.000
    Y114               1.027      0.030     34.014      0.000
    Y214               0.506      0.011     47.789      0.000
    Y314               1.487      0.049     30.196      0.000
    Y115               1.027      0.030     34.014      0.000
    Y215               0.506      0.011     47.789      0.000
    Y315               1.487      0.049     30.196      0.000


QUALITY OF NUMERICAL RESULTS

     Condition Number for the Information Matrix              0.346E-03
       (ratio of smallest to largest eigenvalue)


     Beginning Time:  14:47:28
        Ending Time:  14:47:30
       Elapsed Time:  00:00:02



MUTHEN & MUTHEN
3463 Stoner Ave.
Los Angeles, CA  90066

Tel: (310) 391-9971
Fax: (310) 391-8971
Web: www.StatModel.com
Support: Support@StatModel.com

Copyright (c) 1998-2017 Muthen & Muthen
