Mplus VERSION 8
MUTHEN & MUTHEN
02/19/2019  10:32 AM

INPUT INSTRUCTIONS

  TITLE: Your title goes here
  DATA: FILE = "Mplus_files_Results/msst_wide_trunc_n50_i3_nt5_na0.1.dat";
  VARIABLE:
  NAMES = subjn y11 y21 y31 y12 y22 y32 y13 y23 y33 y14 y24 y34 y15 y25 y35;
  MISSING=.;
  USEVAR = y11
  y21
  y31
  y12
  y22
  y32
  y13
  y23
  y33
  y14
  y24
  y34
  y15
  y25
  y35 ;


  ANALYSIS:
  TYPE = GENERAL ;
  ESTIMATOR = ML ;
  ITERATIONS = 50000 ;
  H1ITERATIONS = 50000 ;


  MODEL:

  ! Latent state variables
  eta1 BY y11@1
  y21 (las21)
  y31 (las31) ;
  eta2 BY y12@1
  y22 (las21)
  y32 (las31) ;
  eta3 BY y13@1
  y23 (las21)
  y33 (las31) ;
  eta4 BY y14@1
  y24 (las21)
  y34 (las31) ;
  eta5 BY y15@1
  y25 (las21)
  y35 (las31) ;

  ! Latent trait variables
  theta1 BY y11@1
  y21 (lat21)
  y31 (lat31)
  y12@1
  y22 (lat21)
  y32 (lat31)
  y13@1
  y23 (lat21)
  y33 (lat31)
  y14@1
  y24 (lat21)
  y34 (lat31)
  y15@1
  y25 (lat21)
  y35 (lat31) ;

  ! Intercepts and means

  [y11@0] ;
  [y21*] (int21) ;
  [y31*] (int31) ;
  [y12@0] ;
  [y22*] (int21) ;
  [y32*] (int31) ;
  [y13@0] ;
  [y23*] (int21) ;
  [y33*] (int31) ;
  [y14@0] ;
  [y24*] (int21) ;
  [y34*] (int31) ;
  [y15@0] ;
  [y25*] (int21) ;
  [y35*] (int31) ;
  [theta1*] ;

  ! Variance components
  y11(o_err11) ;
  y21(o_err21) ;
  y31(o_err31) ;
  y12(o_err11) ;
  y22(o_err21) ;
  y32(o_err31) ;
  y13(o_err11) ;
  y23(o_err21) ;
  y33(o_err31) ;
  y14(o_err11) ;
  y24(o_err21) ;
  y34(o_err31) ;
  y15(o_err11) ;
  y25(o_err21) ;
  y35(o_err31) ;
  eta1(s_var11) ;
  eta2(s_var11) ;
  eta3(s_var11) ;
  eta4(s_var11) ;
  eta5(s_var11) ;
  theta1(t_var1) ;

  ! Set zero covariances
  eta1 WITH eta2@0
  eta3@0
  eta4@0
  eta5@0
  theta1@0 ;
  eta2 WITH eta3@0
  eta4@0
  eta5@0
  theta1@0 ;
  eta3 WITH eta4@0
  eta5@0
  theta1@0 ;
  eta4 WITH eta5@0
  theta1@0 ;
  eta5 WITH theta1@0 ;



INPUT READING TERMINATED NORMALLY



Your title goes here

SUMMARY OF ANALYSIS

Number of groups                                                 1
Number of observations                                          50

Number of dependent variables                                   15
Number of independent variables                                  0
Number of continuous latent variables                            6

Observed dependent variables

  Continuous
   Y11         Y21         Y31         Y12         Y22         Y32
   Y13         Y23         Y33         Y14         Y24         Y34
   Y15         Y25         Y35

Continuous latent variables
   ETA1        ETA2        ETA3        ETA4        ETA5        THETA1


Estimator                                                       ML
Information matrix                                        OBSERVED
Maximum number of iterations                                 50000
Convergence criterion                                    0.500D-04
Maximum number of steepest descent iterations                   20
Maximum number of iterations for H1                          50000
Convergence criterion for H1                             0.100D-03

Input data file(s)
  Mplus_files_Results/msst_wide_trunc_n50_i3_nt5_na0.1.dat

Input data format  FREE


SUMMARY OF DATA

     Number of missing data patterns            35


COVARIANCE COVERAGE OF DATA

Minimum covariance coverage value   0.100


     PROPORTION OF DATA PRESENT


           Covariance Coverage
              Y11           Y21           Y31           Y12           Y22
              ________      ________      ________      ________      ________
 Y11            0.880
 Y21            0.820         0.920
 Y31            0.740         0.780         0.840
 Y12            0.820         0.840         0.740         0.900
 Y22            0.820         0.860         0.780         0.840         0.940
 Y32            0.840         0.900         0.800         0.860         0.900
 Y13            0.840         0.860         0.780         0.840         0.900
 Y23            0.800         0.860         0.780         0.820         0.860
 Y33            0.780         0.800         0.720         0.780         0.820
 Y14            0.740         0.780         0.700         0.760         0.820
 Y24            0.820         0.860         0.780         0.860         0.880
 Y34            0.840         0.860         0.800         0.840         0.880
 Y15            0.740         0.780         0.720         0.780         0.840
 Y25            0.740         0.800         0.680         0.760         0.800
 Y35            0.720         0.760         0.720         0.740         0.780


           Covariance Coverage
              Y32           Y13           Y23           Y33           Y14
              ________      ________      ________      ________      ________
 Y32            0.960
 Y13            0.900         0.940
 Y23            0.880         0.860         0.920
 Y33            0.840         0.820         0.800         0.880
 Y14            0.820         0.840         0.780         0.760         0.860
 Y24            0.900         0.880         0.860         0.840         0.820
 Y34            0.900         0.880         0.860         0.840         0.800
 Y15            0.820         0.820         0.780         0.760         0.760
 Y25            0.840         0.780         0.780         0.740         0.700
 Y35            0.820         0.780         0.760         0.760         0.740


           Covariance Coverage
              Y24           Y34           Y15           Y25           Y35
              ________      ________      ________      ________      ________
 Y24            0.940
 Y34            0.880         0.940
 Y15            0.840         0.820         0.860
 Y25            0.780         0.800         0.720         0.840
 Y35            0.800         0.780         0.720         0.720         0.840



UNIVARIATE SAMPLE STATISTICS


     UNIVARIATE HIGHER-ORDER MOMENT DESCRIPTIVE STATISTICS

         Variable/         Mean/     Skewness/   Minimum/ % with                Percentiles
        Sample Size      Variance    Kurtosis    Maximum  Min/Max      20%/60%    40%/80%    Median

     Y11                   3.841       0.065       0.000   11.36%       1.000      3.000      4.000
              44.000       6.088      -0.996       8.000   11.36%       4.000      6.000
     Y21                   3.152       0.540       0.000    4.35%       2.000      3.000      3.000
              46.000       2.868       0.058       7.000    6.52%       3.000      4.000
     Y31                   5.524       0.343       0.000    2.38%       3.000      4.000      5.000
              42.000       8.107      -0.530      12.000    2.38%       6.000      9.000
     Y12                   3.578      -0.236       0.000    8.89%       2.000      3.000      4.000
              45.000       3.622      -0.737       7.000    4.44%       4.000      5.000
     Y22                   3.064      -0.380       0.000    6.38%       2.000      3.000      3.000
              47.000       1.804      -0.112       6.000    2.13%       4.000      4.000
     Y32                   4.562      -0.222      -2.000    2.08%       2.000      4.000      5.000
              48.000       6.163      -0.418       9.000    6.25%       5.000      7.000
     Y13                   3.362       0.415       1.000    6.38%       2.000      3.000      3.000
              47.000       2.146      -0.624       7.000    2.13%       4.000      5.000
     Y23                   2.891       0.032       0.000    2.17%       2.000      3.000      3.000
              46.000       1.271       0.012       5.000   10.87%       3.000      4.000
     Y33                   4.636       0.104       0.000    4.55%       2.000      4.000      5.000
              44.000       7.095      -0.864      10.000    4.55%       5.000      7.000
     Y14                   3.977       0.196       0.000    2.33%       3.000      3.000      4.000
              43.000       3.325      -0.545       8.000    2.33%       4.000      5.000
     Y24                   2.830      -0.394       0.000    2.13%       2.000      3.000      3.000
              47.000       1.248      -0.264       5.000    4.26%       3.000      4.000
     Y34                   4.979      -0.203       0.000    2.13%       4.000      5.000      5.000
              47.000       3.297       0.134       9.000    2.13%       5.000      7.000
     Y15                   3.442       0.603       0.000    4.65%       2.000      2.000      3.000
              43.000       4.479      -0.377       8.000    6.98%       4.000      5.000
     Y25                   2.595       0.232       0.000    9.52%       1.000      2.000      3.000
              42.000       2.193      -0.156       6.000    4.76%       3.000      4.000
     Y35                   5.214       0.750       2.000    7.14%       3.000      5.000      5.000
              42.000       4.264       0.444      11.000    2.38%       5.000      6.000


THE MODEL ESTIMATION TERMINATED NORMALLY



MODEL FIT INFORMATION

Number of Free Parameters                       12

Loglikelihood

          H0 Value                       -1195.577
          H1 Value                       -1111.282

Information Criteria

          Akaike (AIC)                    2415.153
          Bayesian (BIC)                  2438.097
          Sample-Size Adjusted BIC        2400.431
            (n* = (n + 2) / 24)

Chi-Square Test of Model Fit

          Value                            168.589
          Degrees of Freedom                   123
          P-Value                           0.0040

RMSEA (Root Mean Square Error Of Approximation)

          Estimate                           0.086
          90 Percent C.I.                    0.050  0.117
          Probability RMSEA <= .05           0.049

CFI/TLI

          CFI                                0.880
          TLI                                0.898

Chi-Square Test of Model Fit for the Baseline Model

          Value                            485.741
          Degrees of Freedom                   105
          P-Value                           0.0000

SRMR (Standardized Root Mean Square Residual)

          Value                              0.200



MODEL RESULTS

                                                    Two-Tailed
                    Estimate       S.E.  Est./S.E.    P-Value

 ETA1     BY
    Y11                1.000      0.000    999.000    999.000
    Y21                0.455      0.064      7.163      0.000
    Y31                1.316      0.193      6.812      0.000

 ETA2     BY
    Y12                1.000      0.000    999.000    999.000
    Y22                0.455      0.064      7.163      0.000
    Y32                1.316      0.193      6.812      0.000

 ETA3     BY
    Y13                1.000      0.000    999.000    999.000
    Y23                0.455      0.064      7.163      0.000
    Y33                1.316      0.193      6.812      0.000

 ETA4     BY
    Y14                1.000      0.000    999.000    999.000
    Y24                0.455      0.064      7.163      0.000
    Y34                1.316      0.193      6.812      0.000

 ETA5     BY
    Y15                1.000      0.000    999.000    999.000
    Y25                0.455      0.064      7.163      0.000
    Y35                1.316      0.193      6.812      0.000

 THETA1   BY
    Y11                1.000      0.000    999.000    999.000
    Y21                0.957      0.112      8.561      0.000
    Y31                1.251      0.150      8.315      0.000
    Y12                1.000      0.000    999.000    999.000
    Y22                0.957      0.112      8.561      0.000
    Y32                1.251      0.150      8.315      0.000
    Y13                1.000      0.000    999.000    999.000
    Y23                0.957      0.112      8.561      0.000
    Y33                1.251      0.150      8.315      0.000
    Y14                1.000      0.000    999.000    999.000
    Y24                0.957      0.112      8.561      0.000
    Y34                1.251      0.150      8.315      0.000
    Y15                1.000      0.000    999.000    999.000
    Y25                0.957      0.112      8.561      0.000
    Y35                1.251      0.150      8.315      0.000

 ETA1     WITH
    ETA2               0.000      0.000    999.000    999.000
    ETA3               0.000      0.000    999.000    999.000
    ETA4               0.000      0.000    999.000    999.000
    ETA5               0.000      0.000    999.000    999.000
    THETA1             0.000      0.000    999.000    999.000

 ETA2     WITH
    ETA3               0.000      0.000    999.000    999.000
    ETA4               0.000      0.000    999.000    999.000
    ETA5               0.000      0.000    999.000    999.000
    THETA1             0.000      0.000    999.000    999.000

 ETA3     WITH
    ETA4               0.000      0.000    999.000    999.000
    ETA5               0.000      0.000    999.000    999.000
    THETA1             0.000      0.000    999.000    999.000

 ETA4     WITH
    ETA5               0.000      0.000    999.000    999.000
    THETA1             0.000      0.000    999.000    999.000

 ETA5     WITH
    THETA1             0.000      0.000    999.000    999.000

 Means
    THETA1             3.656      0.179     20.388      0.000

 Intercepts
    Y11                0.000      0.000    999.000    999.000
    Y21               -0.590      0.420     -1.406      0.160
    Y31                0.300      0.570      0.526      0.599
    Y12                0.000      0.000    999.000    999.000
    Y22               -0.590      0.420     -1.406      0.160
    Y32                0.300      0.570      0.526      0.599
    Y13                0.000      0.000    999.000    999.000
    Y23               -0.590      0.420     -1.406      0.160
    Y33                0.300      0.570      0.526      0.599
    Y14                0.000      0.000    999.000    999.000
    Y24               -0.590      0.420     -1.406      0.160
    Y34                0.300      0.570      0.526      0.599
    Y15                0.000      0.000    999.000    999.000
    Y25               -0.590      0.420     -1.406      0.160
    Y35                0.300      0.570      0.526      0.599

 Variances
    ETA1               1.725      0.346      4.988      0.000
    ETA2               1.725      0.346      4.988      0.000
    ETA3               1.725      0.346      4.988      0.000
    ETA4               1.725      0.346      4.988      0.000
    ETA5               1.725      0.346      4.988      0.000
    THETA1             0.976      0.313      3.118      0.002

 Residual Variances
    Y11                1.205      0.230      5.234      0.000
    Y21                0.634      0.077      8.190      0.000
    Y31                1.436      0.392      3.659      0.000
    Y12                1.205      0.230      5.234      0.000
    Y22                0.634      0.077      8.190      0.000
    Y32                1.436      0.392      3.659      0.000
    Y13                1.205      0.230      5.234      0.000
    Y23                0.634      0.077      8.190      0.000
    Y33                1.436      0.392      3.659      0.000
    Y14                1.205      0.230      5.234      0.000
    Y24                0.634      0.077      8.190      0.000
    Y34                1.436      0.392      3.659      0.000
    Y15                1.205      0.230      5.234      0.000
    Y25                0.634      0.077      8.190      0.000
    Y35                1.436      0.392      3.659      0.000


QUALITY OF NUMERICAL RESULTS

     Condition Number for the Information Matrix              0.686E-03
       (ratio of smallest to largest eigenvalue)


     Beginning Time:  10:32:44
        Ending Time:  10:32:44
       Elapsed Time:  00:00:00



MUTHEN & MUTHEN
3463 Stoner Ave.
Los Angeles, CA  90066

Tel: (310) 391-9971
Fax: (310) 391-8971
Web: www.StatModel.com
Support: Support@StatModel.com

Copyright (c) 1998-2017 Muthen & Muthen
