Mplus VERSION 8
MUTHEN & MUTHEN
02/16/2019  10:38 AM

INPUT INSTRUCTIONS

  TITLE: Your title goes here
  DATA: FILE = "Mplus_files_Results/msst_long_trunc_n100_i4_nt75_na0.dat";
  VARIABLE:
  NAMES = subjn time y1 y2 y3 y4;
  MISSING=.;
  USEVAR = y1
  y2
  y3
  y4 ;
  CLUSTER = subjn ;

  ANALYSIS:
  TYPE = TWOLEVEL ;
  ESTIMATOR = ML ;
  ITERATIONS = 50000 ;
  H1ITERATIONS = 50000 ;


  MODEL:

  %WITHIN%

  ! Latent state residual
  eta BY y1@1
  y2 (las2)
  y3 (las3)
  y4 (las4) ;

  ! Latent errors and latent state variances
  y1(o_err1) ;
  y2(o_err2) ;
  y3(o_err3) ;
  y4(o_err4) ;
  eta(s_var) ;

  %BETWEEN%

  ! Indicator trait variables
  theta1  BY  y1@1 ;
  theta2  BY  y2@1 ;
  theta3  BY  y3@1 ;
  theta4  BY  y4@1 ;

  ! Latent trait variable
  theta BY theta1@1
  theta2 (lat2)
  theta3 (lat3)
  theta4 (lat4) ;

  ! Means and Intercepts
  [y1@0] ;
  [y2@0] ;
  [y3@0] ;
  [y4@0] ;
  [theta1@0] ;
  [theta2*] (int2) ;
  [theta3*] (int3) ;
  [theta4*] (int4) ;
  [theta*] ;

  ! Fixing level-2 residual variances at 0 and latent trait variance
  y1@0;
  y2@0;
  y3@0;
  y4@0;
  theta1@0;
  theta2@0;
  theta3@0;
  theta4@0;
  theta(t_var) ;



INPUT READING TERMINATED NORMALLY



Your title goes here

SUMMARY OF ANALYSIS

Number of groups                                                 1
Number of observations                                        7500

Number of dependent variables                                    4
Number of independent variables                                  0
Number of continuous latent variables                            6

Observed dependent variables

  Continuous
   Y1          Y2          Y3          Y4

Continuous latent variables
   ETA         THETA1      THETA2      THETA3      THETA4      THETA

Variables with special functions

  Cluster variable      SUBJN

Estimator                                                       ML
Information matrix                                        OBSERVED
Maximum number of iterations                                 50000
Convergence criterion                                    0.100D-05
Maximum number of EM iterations                                500
Convergence criteria for the EM algorithm
  Loglikelihood change                                   0.100D-02
  Relative loglikelihood change                          0.100D-05
  Derivative                                             0.100D-03
Minimum variance                                         0.100D-03
Maximum number of steepest descent iterations                   20
Maximum number of iterations for H1                          50000
Convergence criterion for H1                             0.100D-03
Optimization algorithm                                         EMA

Input data file(s)
  Mplus_files_Results/msst_long_trunc_n100_i4_nt75_na0.dat
Input data format  FREE


SUMMARY OF DATA

     Number of missing data patterns             1
     Number of clusters                        100

     Average cluster size       75.000

     Estimated Intraclass Correlations for the Y Variables

                Intraclass              Intraclass              Intraclass
     Variable  Correlation   Variable  Correlation   Variable  Correlation

     Y1           0.363      Y2           0.498      Y3           0.337
     Y4           0.386



COVARIANCE COVERAGE OF DATA

Minimum covariance coverage value   0.100


     PROPORTION OF DATA PRESENT


           Covariance Coverage
              Y1            Y2            Y3            Y4
              ________      ________      ________      ________
 Y1             1.000
 Y2             1.000         1.000
 Y3             1.000         1.000         1.000
 Y4             1.000         1.000         1.000         1.000



UNIVARIATE SAMPLE STATISTICS


     UNIVARIATE HIGHER-ORDER MOMENT DESCRIPTIVE STATISTICS

         Variable/         Mean/     Skewness/   Minimum/ % with                Percentiles
        Sample Size      Variance    Kurtosis    Maximum  Min/Max      20%/60%    40%/80%    Median

     Y1                    3.654       0.145      -4.000    0.01%       2.000      3.000      4.000
            7500.000       4.501      -0.280      11.000    0.05%       4.000      5.000
     Y2                    2.995       0.065      -1.000    0.09%       2.000      3.000      3.000
            7500.000       2.115      -0.345       8.000    0.01%       3.000      4.000
     Y3                    4.867       0.115      -4.000    0.01%       3.000      4.000      5.000
            7500.000       7.043      -0.202      14.000    0.09%       6.000      7.000
     Y4                    3.817       0.088      -1.000    0.16%       2.000      3.000      4.000
            7500.000       3.366      -0.276      11.000    0.01%       4.000      5.000


THE MODEL ESTIMATION TERMINATED NORMALLY



MODEL FIT INFORMATION

Number of Free Parameters                       16

Loglikelihood

          H0 Value                      -49297.568
          H1 Value                      -49294.516

Information Criteria

          Akaike (AIC)                   98627.136
          Bayesian (BIC)                 98737.899
          Sample-Size Adjusted BIC       98687.054
            (n* = (n + 2) / 24)

Chi-Square Test of Model Fit

          Value                              6.104
          Degrees of Freedom                     8
          P-Value                           0.6356

RMSEA (Root Mean Square Error Of Approximation)

          Estimate                           0.000

CFI/TLI

          CFI                                1.000
          TLI                                1.000

Chi-Square Test of Model Fit for the Baseline Model

          Value                          13492.956
          Degrees of Freedom                    12
          P-Value                           0.0000

SRMR (Standardized Root Mean Square Residual)

          Value for Within                   0.003
          Value for Between                  0.000



MODEL RESULTS

                                                    Two-Tailed
                    Estimate       S.E.  Est./S.E.    P-Value

Within Level

 ETA      BY
    Y1                 1.000      0.000    999.000    999.000
    Y2                 0.507      0.009     56.164      0.000
    Y3                 1.311      0.019     69.327      0.000
    Y4                 0.817      0.012     66.131      0.000

 Variances
    ETA                1.824      0.047     38.443      0.000

 Residual Variances
    Y1                 1.045      0.025     42.220      0.000
    Y2                 0.594      0.011     52.854      0.000
    Y3                 1.533      0.039     38.917      0.000
    Y4                 0.849      0.019     45.762      0.000

Between Level

 THETA1   BY
    Y1                 1.000      0.000    999.000    999.000

 THETA2   BY
    Y2                 1.000      0.000    999.000    999.000

 THETA3   BY
    Y3                 1.000      0.000    999.000    999.000

 THETA4   BY
    Y4                 1.000      0.000    999.000    999.000

 THETA    BY
    THETA1             1.000      0.000    999.000    999.000
    THETA2             0.803      0.011     73.520      0.000
    THETA3             1.206      0.016     75.517      0.000
    THETA4             0.892      0.012     75.243      0.000

 Means
    THETA              3.654      0.129     28.285      0.000

 Intercepts
    Y1                 0.000      0.000    999.000    999.000
    Y2                 0.000      0.000    999.000    999.000
    Y3                 0.000      0.000    999.000    999.000
    Y4                 0.000      0.000    999.000    999.000
    THETA1             0.000      0.000    999.000    999.000
    THETA2             0.061      0.042      1.447      0.148
    THETA3             0.461      0.062      7.463      0.000
    THETA4             0.556      0.046     12.123      0.000

 Variances
    THETA              1.630      0.236      6.913      0.000

 Residual Variances
    Y1                 0.000      0.000    999.000    999.000
    Y2                 0.000      0.000    999.000    999.000
    Y3                 0.000      0.000    999.000    999.000
    Y4                 0.000      0.000    999.000    999.000
    THETA1             0.000      0.000    999.000    999.000
    THETA2             0.000      0.000    999.000    999.000
    THETA3             0.000      0.000    999.000    999.000
    THETA4             0.000      0.000    999.000    999.000


QUALITY OF NUMERICAL RESULTS

     Condition Number for the Information Matrix              0.990E-04
       (ratio of smallest to largest eigenvalue)


     Beginning Time:  10:38:01
        Ending Time:  10:38:03
       Elapsed Time:  00:00:02



MUTHEN & MUTHEN
3463 Stoner Ave.
Los Angeles, CA  90066

Tel: (310) 391-9971
Fax: (310) 391-8971
Web: www.StatModel.com
Support: Support@StatModel.com

Copyright (c) 1998-2017 Muthen & Muthen
