Mplus VERSION 8
MUTHEN & MUTHEN
02/15/2019   2:38 PM

INPUT INSTRUCTIONS

  TITLE: Your title goes here
  DATA: FILE = "Mplus_files_Results/msst_wide_trunc_n50_i3_nt5_na0.dat";
  VARIABLE:
  NAMES = subjn y11 y21 y31 y12 y22 y32 y13 y23 y33 y14 y24 y34 y15 y25 y35;
  MISSING=.;
  USEVAR = y11
  y21
  y31
  y12
  y22
  y32
  y13
  y23
  y33
  y14
  y24
  y34
  y15
  y25
  y35 ;


  ANALYSIS:
  TYPE = GENERAL ;
  ESTIMATOR = ML ;
  ITERATIONS = 50000 ;
  H1ITERATIONS = 50000 ;


  MODEL:

  ! Latent state variables
  eta1 BY y11@1
  y21 (las21)
  y31 (las31) ;
  eta2 BY y12@1
  y22 (las21)
  y32 (las31) ;
  eta3 BY y13@1
  y23 (las21)
  y33 (las31) ;
  eta4 BY y14@1
  y24 (las21)
  y34 (las31) ;
  eta5 BY y15@1
  y25 (las21)
  y35 (las31) ;

  ! Latent trait variables
  theta1 BY y11@1
  y21 (lat21)
  y31 (lat31)
  y12@1
  y22 (lat21)
  y32 (lat31)
  y13@1
  y23 (lat21)
  y33 (lat31)
  y14@1
  y24 (lat21)
  y34 (lat31)
  y15@1
  y25 (lat21)
  y35 (lat31) ;

  ! Intercepts and means

  [y11@0] ;
  [y21*] (int21) ;
  [y31*] (int31) ;
  [y12@0] ;
  [y22*] (int21) ;
  [y32*] (int31) ;
  [y13@0] ;
  [y23*] (int21) ;
  [y33*] (int31) ;
  [y14@0] ;
  [y24*] (int21) ;
  [y34*] (int31) ;
  [y15@0] ;
  [y25*] (int21) ;
  [y35*] (int31) ;
  [theta1*] ;

  ! Variance components
  y11(o_err11) ;
  y21(o_err21) ;
  y31(o_err31) ;
  y12(o_err11) ;
  y22(o_err21) ;
  y32(o_err31) ;
  y13(o_err11) ;
  y23(o_err21) ;
  y33(o_err31) ;
  y14(o_err11) ;
  y24(o_err21) ;
  y34(o_err31) ;
  y15(o_err11) ;
  y25(o_err21) ;
  y35(o_err31) ;
  eta1(s_var11) ;
  eta2(s_var11) ;
  eta3(s_var11) ;
  eta4(s_var11) ;
  eta5(s_var11) ;
  theta1(t_var1) ;

  ! Set zero covariances
  eta1 WITH eta2@0
  eta3@0
  eta4@0
  eta5@0
  theta1@0 ;
  eta2 WITH eta3@0
  eta4@0
  eta5@0
  theta1@0 ;
  eta3 WITH eta4@0
  eta5@0
  theta1@0 ;
  eta4 WITH eta5@0
  theta1@0 ;
  eta5 WITH theta1@0 ;



INPUT READING TERMINATED NORMALLY



Your title goes here

SUMMARY OF ANALYSIS

Number of groups                                                 1
Number of observations                                          50

Number of dependent variables                                   15
Number of independent variables                                  0
Number of continuous latent variables                            6

Observed dependent variables

  Continuous
   Y11         Y21         Y31         Y12         Y22         Y32
   Y13         Y23         Y33         Y14         Y24         Y34
   Y15         Y25         Y35

Continuous latent variables
   ETA1        ETA2        ETA3        ETA4        ETA5        THETA1


Estimator                                                       ML
Information matrix                                        OBSERVED
Maximum number of iterations                                 50000
Convergence criterion                                    0.500D-04
Maximum number of steepest descent iterations                   20
Maximum number of iterations for H1                          50000
Convergence criterion for H1                             0.100D-03

Input data file(s)
  Mplus_files_Results/msst_wide_trunc_n50_i3_nt5_na0.dat

Input data format  FREE


SUMMARY OF DATA

     Number of missing data patterns             1


COVARIANCE COVERAGE OF DATA

Minimum covariance coverage value   0.100


     PROPORTION OF DATA PRESENT


           Covariance Coverage
              Y11           Y21           Y31           Y12           Y22
              ________      ________      ________      ________      ________
 Y11            1.000
 Y21            1.000         1.000
 Y31            1.000         1.000         1.000
 Y12            1.000         1.000         1.000         1.000
 Y22            1.000         1.000         1.000         1.000         1.000
 Y32            1.000         1.000         1.000         1.000         1.000
 Y13            1.000         1.000         1.000         1.000         1.000
 Y23            1.000         1.000         1.000         1.000         1.000
 Y33            1.000         1.000         1.000         1.000         1.000
 Y14            1.000         1.000         1.000         1.000         1.000
 Y24            1.000         1.000         1.000         1.000         1.000
 Y34            1.000         1.000         1.000         1.000         1.000
 Y15            1.000         1.000         1.000         1.000         1.000
 Y25            1.000         1.000         1.000         1.000         1.000
 Y35            1.000         1.000         1.000         1.000         1.000


           Covariance Coverage
              Y32           Y13           Y23           Y33           Y14
              ________      ________      ________      ________      ________
 Y32            1.000
 Y13            1.000         1.000
 Y23            1.000         1.000         1.000
 Y33            1.000         1.000         1.000         1.000
 Y14            1.000         1.000         1.000         1.000         1.000
 Y24            1.000         1.000         1.000         1.000         1.000
 Y34            1.000         1.000         1.000         1.000         1.000
 Y15            1.000         1.000         1.000         1.000         1.000
 Y25            1.000         1.000         1.000         1.000         1.000
 Y35            1.000         1.000         1.000         1.000         1.000


           Covariance Coverage
              Y24           Y34           Y15           Y25           Y35
              ________      ________      ________      ________      ________
 Y24            1.000
 Y34            1.000         1.000
 Y15            1.000         1.000         1.000
 Y25            1.000         1.000         1.000         1.000
 Y35            1.000         1.000         1.000         1.000         1.000



UNIVARIATE SAMPLE STATISTICS


     UNIVARIATE HIGHER-ORDER MOMENT DESCRIPTIVE STATISTICS

         Variable/         Mean/     Skewness/   Minimum/ % with                Percentiles
        Sample Size      Variance    Kurtosis    Maximum  Min/Max      20%/60%    40%/80%    Median

     Y11                   3.980       0.088       0.000   10.00%       1.000      3.000      4.000
              50.000       6.020      -0.831       9.000    2.00%       5.000      6.000
     Y21                   3.080       0.593       0.000    4.00%       2.000      3.000      3.000
              50.000       2.794       0.122       7.000    6.00%       3.000      4.000
     Y31                   5.240       0.451       0.000    2.00%       3.000      4.000      5.000
              50.000       7.902      -0.461      12.000    2.00%       5.000      8.000
     Y12                   3.740      -0.302       0.000    8.00%       2.000      3.000      4.000
              50.000       3.632      -0.650       7.000    6.00%       4.000      5.000
     Y22                   3.140      -0.399       0.000    6.00%       2.000      3.000      3.000
              50.000       1.840      -0.154       6.000    2.00%       4.000      4.000
     Y32                   4.680      -0.279      -2.000    2.00%       2.000      4.000      5.000
              50.000       6.258      -0.468       9.000    6.00%       5.000      7.000
     Y13                   3.460       0.466       1.000    6.00%       2.000      3.000      3.000
              50.000       2.448      -0.667       7.000    4.00%       4.000      5.000
     Y23                   2.820       0.105       0.000    2.00%       2.000      3.000      3.000
              50.000       1.268      -0.037       5.000   10.00%       3.000      4.000
     Y33                   4.620       0.137       0.000    4.00%       2.000      4.000      5.000
              50.000       6.676      -0.791      10.000    4.00%       5.000      7.000
     Y14                   3.740       0.269       0.000    4.00%       2.000      3.000      3.000
              50.000       3.392      -0.415       8.000    2.00%       4.000      5.000
     Y24                   2.800      -0.514       0.000    4.00%       2.000      3.000      3.000
              50.000       1.360      -0.178       5.000    4.00%       3.000      4.000
     Y34                   5.040      -0.198       0.000    2.00%       4.000      5.000      5.000
              50.000       3.318       0.084       9.000    2.00%       5.000      7.000
     Y15                   3.380       0.546       0.000    6.00%       2.000      2.000      3.000
              50.000       4.356      -0.324       8.000    6.00%       4.000      5.000
     Y25                   2.720       0.079       0.000    8.00%       2.000      2.000      3.000
              50.000       2.002      -0.019       6.000    4.00%       3.000      4.000
     Y35                   4.960       0.174       0.000    4.00%       3.000      4.000      5.000
              50.000       5.358       0.181      11.000    2.00%       5.000      7.000


THE MODEL ESTIMATION TERMINATED NORMALLY



MODEL FIT INFORMATION

Number of Free Parameters                       12

Loglikelihood

          H0 Value                       -1322.669
          H1 Value                       -1252.656

Information Criteria

          Akaike (AIC)                    2669.338
          Bayesian (BIC)                  2692.282
          Sample-Size Adjusted BIC        2654.616
            (n* = (n + 2) / 24)

Chi-Square Test of Model Fit

          Value                            140.025
          Degrees of Freedom                   123
          P-Value                           0.1398

RMSEA (Root Mean Square Error Of Approximation)

          Estimate                           0.053
          90 Percent C.I.                    0.000  0.091
          Probability RMSEA <= .05           0.446

CFI/TLI

          CFI                                0.960
          TLI                                0.966

Chi-Square Test of Model Fit for the Baseline Model

          Value                            534.434
          Degrees of Freedom                   105
          P-Value                           0.0000

SRMR (Standardized Root Mean Square Residual)

          Value                              0.185



MODEL RESULTS

                                                    Two-Tailed
                    Estimate       S.E.  Est./S.E.    P-Value

 ETA1     BY
    Y11                1.000      0.000    999.000    999.000
    Y21                0.472      0.057      8.272      0.000
    Y31                1.309      0.161      8.153      0.000

 ETA2     BY
    Y12                1.000      0.000    999.000    999.000
    Y22                0.472      0.057      8.272      0.000
    Y32                1.309      0.161      8.153      0.000

 ETA3     BY
    Y13                1.000      0.000    999.000    999.000
    Y23                0.472      0.057      8.272      0.000
    Y33                1.309      0.161      8.153      0.000

 ETA4     BY
    Y14                1.000      0.000    999.000    999.000
    Y24                0.472      0.057      8.272      0.000
    Y34                1.309      0.161      8.153      0.000

 ETA5     BY
    Y15                1.000      0.000    999.000    999.000
    Y25                0.472      0.057      8.272      0.000
    Y35                1.309      0.161      8.153      0.000

 THETA1   BY
    Y11                1.000      0.000    999.000    999.000
    Y21                0.913      0.096      9.466      0.000
    Y31                1.131      0.124      9.123      0.000
    Y12                1.000      0.000    999.000    999.000
    Y22                0.913      0.096      9.466      0.000
    Y32                1.131      0.124      9.123      0.000
    Y13                1.000      0.000    999.000    999.000
    Y23                0.913      0.096      9.466      0.000
    Y33                1.131      0.124      9.123      0.000
    Y14                1.000      0.000    999.000    999.000
    Y24                0.913      0.096      9.466      0.000
    Y34                1.131      0.124      9.123      0.000
    Y15                1.000      0.000    999.000    999.000
    Y25                0.913      0.096      9.466      0.000
    Y35                1.131      0.124      9.123      0.000

 ETA1     WITH
    ETA2               0.000      0.000    999.000    999.000
    ETA3               0.000      0.000    999.000    999.000
    ETA4               0.000      0.000    999.000    999.000
    ETA5               0.000      0.000    999.000    999.000
    THETA1             0.000      0.000    999.000    999.000

 ETA2     WITH
    ETA3               0.000      0.000    999.000    999.000
    ETA4               0.000      0.000    999.000    999.000
    ETA5               0.000      0.000    999.000    999.000
    THETA1             0.000      0.000    999.000    999.000

 ETA3     WITH
    ETA4               0.000      0.000    999.000    999.000
    ETA5               0.000      0.000    999.000    999.000
    THETA1             0.000      0.000    999.000    999.000

 ETA4     WITH
    ETA5               0.000      0.000    999.000    999.000
    THETA1             0.000      0.000    999.000    999.000

 ETA5     WITH
    THETA1             0.000      0.000    999.000    999.000

 Means
    THETA1             3.660      0.182     20.118      0.000

 Intercepts
    Y11                0.000      0.000    999.000    999.000
    Y21               -0.431      0.364     -1.184      0.236
    Y31                0.769      0.467      1.647      0.100
    Y12                0.000      0.000    999.000    999.000
    Y22               -0.431      0.364     -1.184      0.236
    Y32                0.769      0.467      1.647      0.100
    Y13                0.000      0.000    999.000    999.000
    Y23               -0.431      0.364     -1.184      0.236
    Y33                0.769      0.467      1.647      0.100
    Y14                0.000      0.000    999.000    999.000
    Y24               -0.431      0.364     -1.184      0.236
    Y34                0.769      0.467      1.647      0.100
    Y15                0.000      0.000    999.000    999.000
    Y25               -0.431      0.364     -1.184      0.236
    Y35                0.769      0.467      1.647      0.100

 Variances
    ETA1               1.774      0.321      5.528      0.000
    ETA2               1.774      0.321      5.528      0.000
    ETA3               1.774      0.321      5.528      0.000
    ETA4               1.774      0.321      5.528      0.000
    ETA5               1.774      0.321      5.528      0.000
    THETA1             1.064      0.327      3.253      0.001

 Residual Variances
    Y11                1.178      0.199      5.911      0.000
    Y21                0.596      0.069      8.618      0.000
    Y31                1.557      0.328      4.743      0.000
    Y12                1.178      0.199      5.911      0.000
    Y22                0.596      0.069      8.618      0.000
    Y32                1.557      0.328      4.743      0.000
    Y13                1.178      0.199      5.911      0.000
    Y23                0.596      0.069      8.618      0.000
    Y33                1.557      0.328      4.743      0.000
    Y14                1.178      0.199      5.911      0.000
    Y24                0.596      0.069      8.618      0.000
    Y34                1.557      0.328      4.743      0.000
    Y15                1.178      0.199      5.911      0.000
    Y25                0.596      0.069      8.618      0.000
    Y35                1.557      0.328      4.743      0.000


QUALITY OF NUMERICAL RESULTS

     Condition Number for the Information Matrix              0.907E-03
       (ratio of smallest to largest eigenvalue)


     Beginning Time:  14:38:34
        Ending Time:  14:38:35
       Elapsed Time:  00:00:01



MUTHEN & MUTHEN
3463 Stoner Ave.
Los Angeles, CA  90066

Tel: (310) 391-9971
Fax: (310) 391-8971
Web: www.StatModel.com
Support: Support@StatModel.com

Copyright (c) 1998-2017 Muthen & Muthen
