Mplus VERSION 8
MUTHEN & MUTHEN
02/19/2019  10:45 AM

INPUT INSTRUCTIONS

  TITLE: Your title goes here
  DATA: FILE = "Mplus_files_Results/msst_wide_n500_i3_nt15_na0.1.dat";
  VARIABLE:
  NAMES = subjn y11 y21 y31 y12 y22 y32 y13 y23 y33 y14 y24 y34 y15 y25 y35 y16 y26
       y36 y17 y27 y37 y18 y28 y38 y19 y29 y39 y110 y210 y310 y111 y211 y311 y112 y212
       y312 y113 y213 y313 y114 y214 y314 y115 y215 y315;
  MISSING=.;
  USEVAR = y11
  y21
  y31
  y12
  y22
  y32
  y13
  y23
  y33
  y14
  y24
  y34
  y15
  y25
  y35
  y16
  y26
  y36
  y17
  y27
  y37
  y18
  y28
  y38
  y19
  y29
  y39
  y110
  y210
  y310
  y111
  y211
  y311
  y112
  y212
  y312
  y113
  y213
  y313
  y114
  y214
  y314
  y115
  y215
  y315 ;


  ANALYSIS:
  TYPE = GENERAL ;
  ESTIMATOR = ML ;
  ITERATIONS = 50000 ;
  H1ITERATIONS = 50000 ;


  MODEL:

  ! Latent state variables
  eta1 BY y11@1
  y21 (las21)
  y31 (las31) ;
  eta2 BY y12@1
  y22 (las21)
  y32 (las31) ;
  eta3 BY y13@1
  y23 (las21)
  y33 (las31) ;
  eta4 BY y14@1
  y24 (las21)
  y34 (las31) ;
  eta5 BY y15@1
  y25 (las21)
  y35 (las31) ;
  eta6 BY y16@1
  y26 (las21)
  y36 (las31) ;
  eta7 BY y17@1
  y27 (las21)
  y37 (las31) ;
  eta8 BY y18@1
  y28 (las21)
  y38 (las31) ;
  eta9 BY y19@1
  y29 (las21)
  y39 (las31) ;
  eta10 BY y110@1
  y210 (las21)
  y310 (las31) ;
  eta11 BY y111@1
  y211 (las21)
  y311 (las31) ;
  eta12 BY y112@1
  y212 (las21)
  y312 (las31) ;
  eta13 BY y113@1
  y213 (las21)
  y313 (las31) ;
  eta14 BY y114@1
  y214 (las21)
  y314 (las31) ;
  eta15 BY y115@1
  y215 (las21)
  y315 (las31) ;

  ! Latent trait variables
  theta1 BY y11@1
  y21 (lat21)
  y31 (lat31)
  y12@1
  y22 (lat21)
  y32 (lat31)
  y13@1
  y23 (lat21)
  y33 (lat31)
  y14@1
  y24 (lat21)
  y34 (lat31)
  y15@1
  y25 (lat21)
  y35 (lat31)
  y16@1
  y26 (lat21)
  y36 (lat31)
  y17@1
  y27 (lat21)
  y37 (lat31)
  y18@1
  y28 (lat21)
  y38 (lat31)
  y19@1
  y29 (lat21)
  y39 (lat31)
  y110@1
  y210 (lat21)
  y310 (lat31)
  y111@1
  y211 (lat21)
  y311 (lat31)
  y112@1
  y212 (lat21)
  y312 (lat31)
  y113@1
  y213 (lat21)
  y313 (lat31)
  y114@1
  y214 (lat21)
  y314 (lat31)
  y115@1
  y215 (lat21)
  y315 (lat31) ;

  ! Intercepts and means

  [y11@0] ;
  [y21*] (int21) ;
  [y31*] (int31) ;
  [y12@0] ;
  [y22*] (int21) ;
  [y32*] (int31) ;
  [y13@0] ;
  [y23*] (int21) ;
  [y33*] (int31) ;
  [y14@0] ;
  [y24*] (int21) ;
  [y34*] (int31) ;
  [y15@0] ;
  [y25*] (int21) ;
  [y35*] (int31) ;
  [y16@0] ;
  [y26*] (int21) ;
  [y36*] (int31) ;
  [y17@0] ;
  [y27*] (int21) ;
  [y37*] (int31) ;
  [y18@0] ;
  [y28*] (int21) ;
  [y38*] (int31) ;
  [y19@0] ;
  [y29*] (int21) ;
  [y39*] (int31) ;
  [y110@0] ;
  [y210*] (int21) ;
  [y310*] (int31) ;
  [y111@0] ;
  [y211*] (int21) ;
  [y311*] (int31) ;
  [y112@0] ;
  [y212*] (int21) ;
  [y312*] (int31) ;
  [y113@0] ;
  [y213*] (int21) ;
  [y313*] (int31) ;
  [y114@0] ;
  [y214*] (int21) ;
  [y314*] (int31) ;
  [y115@0] ;
  [y215*] (int21) ;
  [y315*] (int31) ;
  [theta1*] ;

  ! Variance components
  y11(o_err11) ;
  y21(o_err21) ;
  y31(o_err31) ;
  y12(o_err11) ;
  y22(o_err21) ;
  y32(o_err31) ;
  y13(o_err11) ;
  y23(o_err21) ;
  y33(o_err31) ;
  y14(o_err11) ;
  y24(o_err21) ;
  y34(o_err31) ;
  y15(o_err11) ;
  y25(o_err21) ;
  y35(o_err31) ;
  y16(o_err11) ;
  y26(o_err21) ;
  y36(o_err31) ;
  y17(o_err11) ;
  y27(o_err21) ;
  y37(o_err31) ;
  y18(o_err11) ;
  y28(o_err21) ;
  y38(o_err31) ;
  y19(o_err11) ;
  y29(o_err21) ;
  y39(o_err31) ;
  y110(o_err11) ;
  y210(o_err21) ;
  y310(o_err31) ;
  y111(o_err11) ;
  y211(o_err21) ;
  y311(o_err31) ;
  y112(o_err11) ;
  y212(o_err21) ;
  y312(o_err31) ;
  y113(o_err11) ;
  y213(o_err21) ;
  y313(o_err31) ;
  y114(o_err11) ;
  y214(o_err21) ;
  y314(o_err31) ;
  y115(o_err11) ;
  y215(o_err21) ;
  y315(o_err31) ;
  eta1(s_var11) ;
  eta2(s_var11) ;
  eta3(s_var11) ;
  eta4(s_var11) ;
  eta5(s_var11) ;
  eta6(s_var11) ;
  eta7(s_var11) ;
  eta8(s_var11) ;
  eta9(s_var11) ;
  eta10(s_var11) ;
  eta11(s_var11) ;
  eta12(s_var11) ;
  eta13(s_var11) ;
  eta14(s_var11) ;
  eta15(s_var11) ;
  theta1(t_var1) ;

  ! Set zero covariances
  eta1 WITH eta2@0
  eta3@0
  eta4@0
  eta5@0
  eta6@0
  eta7@0
  eta8@0
  eta9@0
  eta10@0
  eta11@0
  eta12@0
  eta13@0
  eta14@0
  eta15@0
  theta1@0 ;
  eta2 WITH eta3@0
  eta4@0
  eta5@0
  eta6@0
  eta7@0
  eta8@0
  eta9@0
  eta10@0
  eta11@0
  eta12@0
  eta13@0
  eta14@0
  eta15@0
  theta1@0 ;
  eta3 WITH eta4@0
  eta5@0
  eta6@0
  eta7@0
  eta8@0
  eta9@0
  eta10@0
  eta11@0
  eta12@0
  eta13@0
  eta14@0
  eta15@0
  theta1@0 ;
  eta4 WITH eta5@0
  eta6@0
  eta7@0
  eta8@0
  eta9@0
  eta10@0
  eta11@0
  eta12@0
  eta13@0
  eta14@0
  eta15@0
  theta1@0 ;
  eta5 WITH eta6@0
  eta7@0
  eta8@0
  eta9@0
  eta10@0
  eta11@0
  eta12@0
  eta13@0
  eta14@0
  eta15@0
  theta1@0 ;
  eta6 WITH eta7@0
  eta8@0
  eta9@0
  eta10@0
  eta11@0
  eta12@0
  eta13@0
  eta14@0
  eta15@0
  theta1@0 ;
  eta7 WITH eta8@0
  eta9@0
  eta10@0
  eta11@0
  eta12@0
  eta13@0
  eta14@0
  eta15@0
  theta1@0 ;
  eta8 WITH eta9@0
  eta10@0
  eta11@0
  eta12@0
  eta13@0
  eta14@0
  eta15@0
  theta1@0 ;
  eta9 WITH eta10@0
  eta11@0
  eta12@0
  eta13@0
  eta14@0
  eta15@0
  theta1@0 ;
  eta10 WITH eta11@0
  eta12@0
  eta13@0
  eta14@0
  eta15@0
  theta1@0 ;
  eta11 WITH eta12@0
  eta13@0
  eta14@0
  eta15@0
  theta1@0 ;
  eta12 WITH eta13@0
  eta14@0
  eta15@0
  theta1@0 ;
  eta13 WITH eta14@0
  eta15@0
  theta1@0 ;
  eta14 WITH eta15@0
  theta1@0 ;
  eta15 WITH theta1@0 ;



INPUT READING TERMINATED NORMALLY



Your title goes here

SUMMARY OF ANALYSIS

Number of groups                                                 1
Number of observations                                         500

Number of dependent variables                                   45
Number of independent variables                                  0
Number of continuous latent variables                           16

Observed dependent variables

  Continuous
   Y11         Y21         Y31         Y12         Y22         Y32
   Y13         Y23         Y33         Y14         Y24         Y34
   Y15         Y25         Y35         Y16         Y26         Y36
   Y17         Y27         Y37         Y18         Y28         Y38
   Y19         Y29         Y39         Y110        Y210        Y310
   Y111        Y211        Y311        Y112        Y212        Y312
   Y113        Y213        Y313        Y114        Y214        Y314
   Y115        Y215        Y315

Continuous latent variables
   ETA1        ETA2        ETA3        ETA4        ETA5        ETA6
   ETA7        ETA8        ETA9        ETA10       ETA11       ETA12
   ETA13       ETA14       ETA15       THETA1


Estimator                                                       ML
Information matrix                                        OBSERVED
Maximum number of iterations                                 50000
Convergence criterion                                    0.500D-04
Maximum number of steepest descent iterations                   20
Maximum number of iterations for H1                          50000
Convergence criterion for H1                             0.100D-03

Input data file(s)
  Mplus_files_Results/msst_wide_n500_i3_nt15_na0.1.dat

Input data format  FREE


SUMMARY OF DATA

     Number of missing data patterns           488


COVARIANCE COVERAGE OF DATA

Minimum covariance coverage value   0.100


     PROPORTION OF DATA PRESENT


           Covariance Coverage
              Y11           Y21           Y31           Y12           Y22
              ________      ________      ________      ________      ________
 Y11            0.920
 Y21            0.836         0.906
 Y31            0.828         0.812         0.900
 Y12            0.832         0.818         0.814         0.908
 Y22            0.818         0.814         0.806         0.814         0.896
 Y32            0.824         0.814         0.804         0.812         0.796
 Y13            0.822         0.814         0.798         0.824         0.810
 Y23            0.832         0.816         0.812         0.816         0.808
 Y33            0.844         0.826         0.826         0.828         0.814
 Y14            0.836         0.824         0.820         0.824         0.814
 Y24            0.822         0.810         0.804         0.822         0.814
 Y34            0.828         0.812         0.802         0.824         0.806
 Y15            0.820         0.806         0.804         0.808         0.796
 Y25            0.842         0.830         0.822         0.832         0.816
 Y35            0.818         0.808         0.798         0.812         0.794
 Y16            0.842         0.826         0.826         0.832         0.822
 Y26            0.830         0.820         0.822         0.820         0.814
 Y36            0.812         0.812         0.804         0.814         0.796
 Y17            0.834         0.810         0.802         0.818         0.808
 Y27            0.852         0.846         0.834         0.844         0.832
 Y37            0.836         0.824         0.820         0.826         0.818
 Y18            0.818         0.814         0.800         0.818         0.812
 Y28            0.830         0.816         0.812         0.818         0.798
 Y38            0.818         0.802         0.804         0.804         0.798
 Y19            0.812         0.800         0.798         0.810         0.796
 Y29            0.800         0.796         0.790         0.792         0.784
 Y39            0.832         0.812         0.806         0.812         0.800
 Y110           0.840         0.828         0.810         0.820         0.822
 Y210           0.808         0.796         0.796         0.798         0.786
 Y310           0.834         0.818         0.814         0.812         0.802
 Y111           0.824         0.800         0.798         0.816         0.792
 Y211           0.852         0.832         0.824         0.836         0.822
 Y311           0.846         0.838         0.820         0.834         0.824
 Y112           0.818         0.802         0.808         0.808         0.800
 Y212           0.830         0.818         0.814         0.824         0.814
 Y312           0.816         0.804         0.802         0.806         0.800
 Y113           0.842         0.824         0.820         0.828         0.814
 Y213           0.834         0.816         0.810         0.822         0.808
 Y313           0.824         0.808         0.804         0.810         0.800
 Y114           0.838         0.824         0.824         0.826         0.818
 Y214           0.810         0.804         0.794         0.798         0.792
 Y314           0.798         0.786         0.782         0.794         0.786
 Y115           0.842         0.828         0.830         0.830         0.814
 Y215           0.828         0.816         0.810         0.818         0.812
 Y315           0.818         0.818         0.802         0.810         0.804


           Covariance Coverage
              Y32           Y13           Y23           Y33           Y14
              ________      ________      ________      ________      ________
 Y32            0.894
 Y13            0.794         0.896
 Y23            0.812         0.810         0.904
 Y33            0.824         0.820         0.828         0.916
 Y14            0.818         0.812         0.826         0.834         0.910
 Y24            0.800         0.800         0.810         0.814         0.818
 Y34            0.812         0.802         0.808         0.824         0.812
 Y15            0.798         0.790         0.798         0.818         0.810
 Y25            0.818         0.818         0.824         0.840         0.828
 Y35            0.794         0.796         0.808         0.816         0.814
 Y16            0.820         0.826         0.828         0.840         0.832
 Y26            0.814         0.812         0.826         0.836         0.826
 Y36            0.798         0.794         0.802         0.810         0.810
 Y17            0.800         0.802         0.812         0.822         0.814
 Y27            0.826         0.834         0.844         0.848         0.838
 Y37            0.818         0.814         0.826         0.840         0.828
 Y18            0.810         0.806         0.816         0.828         0.816
 Y28            0.800         0.810         0.812         0.826         0.822
 Y38            0.800         0.792         0.804         0.814         0.810
 Y19            0.792         0.794         0.810         0.816         0.812
 Y29            0.780         0.780         0.788         0.798         0.798
 Y39            0.800         0.800         0.802         0.820         0.808
 Y110           0.816         0.818         0.830         0.832         0.820
 Y210           0.784         0.792         0.788         0.808         0.804
 Y310           0.804         0.808         0.818         0.826         0.818
 Y111           0.800         0.798         0.806         0.820         0.812
 Y211           0.822         0.822         0.830         0.840         0.832
 Y311           0.820         0.822         0.830         0.834         0.832
 Y112           0.800         0.802         0.806         0.824         0.810
 Y212           0.810         0.810         0.820         0.832         0.826
 Y312           0.790         0.794         0.798         0.812         0.810
 Y113           0.816         0.816         0.820         0.844         0.828
 Y213           0.806         0.812         0.812         0.828         0.822
 Y313           0.794         0.796         0.802         0.810         0.812
 Y114           0.816         0.822         0.822         0.832         0.832
 Y214           0.790         0.786         0.800         0.804         0.810
 Y314           0.776         0.776         0.792         0.796         0.794
 Y115           0.816         0.824         0.826         0.836         0.834
 Y215           0.804         0.804         0.820         0.830         0.820
 Y315           0.798         0.796         0.802         0.812         0.814


           Covariance Coverage
              Y24           Y34           Y15           Y25           Y35
              ________      ________      ________      ________      ________
 Y24            0.896
 Y34            0.808         0.898
 Y15            0.798         0.798         0.890
 Y25            0.824         0.826         0.810         0.914
 Y35            0.800         0.798         0.790         0.808         0.890
 Y16            0.820         0.820         0.820         0.832         0.818
 Y26            0.814         0.810         0.814         0.828         0.804
 Y36            0.800         0.798         0.784         0.816         0.792
 Y17            0.806         0.804         0.802         0.820         0.790
 Y27            0.836         0.834         0.822         0.852         0.822
 Y37            0.816         0.820         0.814         0.838         0.810
 Y18            0.808         0.800         0.796         0.822         0.802
 Y28            0.806         0.808         0.806         0.822         0.790
 Y38            0.794         0.802         0.792         0.818         0.798
 Y19            0.796         0.792         0.790         0.812         0.796
 Y29            0.782         0.788         0.778         0.794         0.776
 Y39            0.804         0.800         0.796         0.812         0.798
 Y110           0.814         0.814         0.806         0.828         0.806
 Y210           0.782         0.788         0.782         0.806         0.788
 Y310           0.804         0.812         0.802         0.826         0.798
 Y111           0.802         0.798         0.790         0.820         0.788
 Y211           0.828         0.832         0.820         0.848         0.812
 Y311           0.818         0.826         0.814         0.836         0.816
 Y112           0.796         0.808         0.796         0.814         0.790
 Y212           0.820         0.816         0.802         0.830         0.804
 Y312           0.792         0.800         0.788         0.812         0.786
 Y113           0.814         0.822         0.814         0.836         0.814
 Y213           0.808         0.812         0.804         0.828         0.810
 Y313           0.804         0.800         0.790         0.820         0.788
 Y114           0.814         0.820         0.802         0.828         0.806
 Y214           0.794         0.794         0.782         0.810         0.786
 Y314           0.784         0.788         0.780         0.796         0.784
 Y115           0.820         0.818         0.818         0.838         0.822
 Y215           0.806         0.812         0.812         0.824         0.804
 Y315           0.800         0.800         0.800         0.818         0.790


           Covariance Coverage
              Y16           Y26           Y36           Y17           Y27
              ________      ________      ________      ________      ________
 Y16            0.916
 Y26            0.836         0.910
 Y36            0.818         0.818         0.890
 Y17            0.822         0.818         0.796         0.896
 Y27            0.848         0.850         0.820         0.834         0.928
 Y37            0.836         0.832         0.818         0.812         0.852
 Y18            0.822         0.818         0.798         0.800         0.830
 Y28            0.822         0.818         0.798         0.802         0.832
 Y38            0.806         0.808         0.792         0.798         0.828
 Y19            0.816         0.812         0.794         0.792         0.822
 Y29            0.802         0.794         0.770         0.784         0.810
 Y39            0.824         0.820         0.804         0.802         0.826
 Y110           0.830         0.824         0.806         0.814         0.844
 Y210           0.814         0.800         0.784         0.786         0.812
 Y310           0.824         0.824         0.802         0.806         0.838
 Y111           0.816         0.810         0.790         0.800         0.832
 Y211           0.842         0.836         0.822         0.824         0.850
 Y311           0.836         0.838         0.816         0.824         0.856
 Y112           0.816         0.820         0.804         0.796         0.828
 Y212           0.832         0.826         0.810         0.812         0.844
 Y312           0.812         0.806         0.796         0.802         0.820
 Y113           0.830         0.832         0.814         0.822         0.850
 Y213           0.824         0.824         0.806         0.810         0.836
 Y313           0.828         0.806         0.798         0.794         0.824
 Y114           0.834         0.828         0.812         0.814         0.840
 Y214           0.808         0.808         0.788         0.792         0.818
 Y314           0.796         0.796         0.776         0.786         0.816
 Y115           0.838         0.836         0.818         0.824         0.856
 Y215           0.828         0.820         0.798         0.814         0.840
 Y315           0.818         0.816         0.790         0.796         0.832


           Covariance Coverage
              Y37           Y18           Y28           Y38           Y19
              ________      ________      ________      ________      ________
 Y37            0.912
 Y18            0.818         0.898
 Y28            0.820         0.802         0.900
 Y38            0.806         0.800         0.808         0.890
 Y19            0.814         0.802         0.800         0.784         0.888
 Y29            0.788         0.788         0.788         0.782         0.772
 Y39            0.820         0.800         0.798         0.788         0.786
 Y110           0.832         0.818         0.810         0.814         0.808
 Y210           0.804         0.786         0.796         0.784         0.790
 Y310           0.832         0.804         0.812         0.806         0.798
 Y111           0.814         0.796         0.804         0.796         0.800
 Y211           0.842         0.830         0.832         0.820         0.818
 Y311           0.834         0.820         0.822         0.812         0.808
 Y112           0.816         0.798         0.804         0.796         0.788
 Y212           0.824         0.818         0.816         0.806         0.808
 Y312           0.808         0.796         0.802         0.784         0.786
 Y113           0.834         0.820         0.826         0.814         0.806
 Y213           0.824         0.816         0.808         0.806         0.798
 Y313           0.810         0.802         0.802         0.796         0.794
 Y114           0.824         0.812         0.822         0.810         0.800
 Y214           0.810         0.788         0.794         0.796         0.786
 Y314           0.800         0.784         0.780         0.782         0.778
 Y115           0.838         0.822         0.824         0.818         0.814
 Y215           0.824         0.814         0.812         0.804         0.806
 Y315           0.816         0.802         0.806         0.790         0.802


           Covariance Coverage
              Y29           Y39           Y110          Y210          Y310
              ________      ________      ________      ________      ________
 Y29            0.874
 Y39            0.788         0.894
 Y110           0.794         0.810         0.908
 Y210           0.762         0.784         0.798         0.880
 Y310           0.792         0.810         0.820         0.798         0.902
 Y111           0.788         0.798         0.808         0.780         0.796
 Y211           0.808         0.822         0.842         0.804         0.830
 Y311           0.798         0.822         0.834         0.814         0.820
 Y112           0.782         0.802         0.806         0.792         0.804
 Y212           0.802         0.808         0.820         0.796         0.818
 Y312           0.770         0.790         0.802         0.776         0.796
 Y113           0.798         0.814         0.820         0.804         0.822
 Y213           0.786         0.804         0.826         0.810         0.822
 Y313           0.780         0.794         0.814         0.790         0.806
 Y114           0.808         0.814         0.824         0.808         0.822
 Y214           0.772         0.790         0.798         0.778         0.792
 Y314           0.760         0.784         0.788         0.758         0.784
 Y115           0.802         0.824         0.832         0.810         0.826
 Y215           0.788         0.798         0.824         0.794         0.810
 Y315           0.784         0.796         0.812         0.788         0.804


           Covariance Coverage
              Y111          Y211          Y311          Y112          Y212
              ________      ________      ________      ________      ________
 Y111           0.892
 Y211           0.822         0.920
 Y311           0.814         0.840         0.916
 Y112           0.798         0.822         0.826         0.894
 Y212           0.814         0.834         0.834         0.816         0.908
 Y312           0.794         0.820         0.804         0.788         0.800
 Y113           0.822         0.838         0.834         0.824         0.826
 Y213           0.800         0.832         0.832         0.808         0.830
 Y313           0.798         0.818         0.816         0.800         0.816
 Y114           0.812         0.838         0.834         0.812         0.826
 Y214           0.788         0.810         0.808         0.792         0.802
 Y314           0.774         0.800         0.798         0.778         0.790
 Y115           0.814         0.844         0.840         0.818         0.832
 Y215           0.810         0.830         0.828         0.808         0.820
 Y315           0.798         0.826         0.818         0.792         0.810


           Covariance Coverage
              Y312          Y113          Y213          Y313          Y114
              ________      ________      ________      ________      ________
 Y312           0.886
 Y113           0.814         0.912
 Y213           0.798         0.822         0.904
 Y313           0.796         0.812         0.814         0.892
 Y114           0.806         0.824         0.822         0.810         0.910
 Y214           0.778         0.800         0.802         0.790         0.812
 Y314           0.778         0.796         0.798         0.780         0.788
 Y115           0.808         0.834         0.830         0.820         0.842
 Y215           0.794         0.828         0.822         0.810         0.820
 Y315           0.792         0.808         0.806         0.796         0.810


           Covariance Coverage
              Y214          Y314          Y115          Y215          Y315
              ________      ________      ________      ________      ________
 Y214           0.884
 Y314           0.774         0.872
 Y115           0.812         0.804         0.916
 Y215           0.800         0.794         0.828         0.904
 Y315           0.794         0.782         0.822         0.808         0.892



UNIVARIATE SAMPLE STATISTICS


     UNIVARIATE HIGHER-ORDER MOMENT DESCRIPTIVE STATISTICS

         Variable/         Mean/     Skewness/   Minimum/ % with                Percentiles
        Sample Size      Variance    Kurtosis    Maximum  Min/Max      20%/60%    40%/80%    Median

     Y11                   4.069       0.091      -2.294    0.22%       2.179      3.405      4.117
             460.000       5.307       0.157      11.395    0.22%       4.615      6.033
     Y21                   3.527       0.018      -1.300    0.22%       2.343      3.181      3.519
             453.000       2.199       0.363       7.709    0.22%       3.877      4.667
     Y31                   5.479       0.207      -1.746    0.22%       3.255      4.797      5.367
             450.000       6.893       0.120      13.248    0.22%       6.128      7.504
     Y12                   4.092      -0.230      -4.246    0.22%       2.276      3.670      4.156
             454.000       4.513       0.228      10.832    0.22%       4.820      5.831
     Y22                   3.313      -0.070      -1.451    0.22%       2.118      2.952      3.343
             448.000       2.201       0.042       8.012    0.22%       3.666      4.571
     Y32                   5.339      -0.014      -5.315    0.22%       2.685      4.717      5.265
             447.000       7.777      -0.049      13.802    0.22%       6.110      7.734
     Y13                   4.047      -0.067      -2.072    0.22%       2.312      3.565      4.102
             448.000       4.678      -0.007      10.231    0.22%       4.630      5.803
     Y23                   3.411      -0.030      -0.479    0.22%       2.205      3.082      3.474
             452.000       1.963       0.067       8.247    0.22%       3.771      4.577
     Y33                   5.207      -0.013      -1.436    0.22%       2.753      4.611      5.234
             458.000       7.162      -0.475      12.548    0.22%       5.997      7.538
     Y14                   4.254      -0.266      -3.751    0.22%       2.342      3.874      4.477
             455.000       5.279       0.218      10.139    0.22%       4.937      6.187
     Y24                   3.475       0.077      -0.967    0.22%       2.214      3.119      3.551
             448.000       2.194       0.451       9.903    0.22%       3.913      4.683
     Y34                   5.429      -0.251      -3.909    0.22%       3.040      5.045      5.711
             449.000       7.389      -0.066      13.840    0.22%       6.302      7.661
     Y15                   4.006      -0.058      -3.040    0.22%       2.075      3.397      4.180
             445.000       5.055      -0.009       9.945    0.22%       4.606      5.710
     Y25                   3.370      -0.130      -0.864    0.22%       2.172      3.040      3.411
             457.000       2.162      -0.006       7.614    0.22%       3.779      4.667
     Y35                   5.246       0.035      -3.388    0.22%       3.062      4.512      5.230
             445.000       7.345       0.293      14.119    0.22%       5.690      7.541
     Y16                   4.076       0.316      -2.355    0.22%       2.162      3.299      3.944
             458.000       5.119      -0.111      10.772    0.22%       4.475      5.962
     Y26                   3.399       0.202      -1.201    0.22%       1.933      3.037      3.373
             455.000       2.492      -0.027       8.141    0.22%       3.776      4.601
     Y36                   5.199       0.046      -4.171    0.22%       2.747      4.370      5.045
             445.000       8.153      -0.294      12.341    0.22%       6.003      7.727
     Y17                   4.119       0.055      -3.863    0.22%       2.361      3.507      4.032
             448.000       5.081       0.250      10.742    0.22%       4.596      5.997
     Y27                   3.371      -0.021      -0.593    0.22%       2.018      3.009      3.412
             464.000       2.233      -0.285       7.435    0.22%       3.733      4.686
     Y37                   5.106       0.204      -2.721    0.22%       2.735      4.281      5.075
             456.000       7.853       0.190      15.886    0.22%       5.787      7.424
     Y18                   3.911      -0.041      -2.718    0.22%       1.977      3.356      3.953
             449.000       5.089       0.035      11.005    0.22%       4.369      5.884
     Y28                   3.343       0.008      -0.850    0.22%       2.022      2.941      3.319
             450.000       2.302      -0.076       7.804    0.22%       3.754      4.632
     Y38                   5.248      -0.048      -2.034    0.22%       2.878      4.508      5.358
             445.000       7.623      -0.196      14.241    0.22%       5.886      7.596
     Y19                   4.043       0.167      -1.621    0.23%       2.306      3.386      3.901
             444.000       4.540       0.113      10.552    0.23%       4.418      5.891
     Y29                   3.528       0.103      -0.704    0.23%       2.265      3.112      3.522
             437.000       2.118      -0.069       7.809    0.23%       3.881      4.783
     Y39                   5.357       0.020      -1.425    0.22%       3.047      4.716      5.370
             447.000       7.103      -0.188      13.836    0.22%       6.047      7.419
     Y110                  3.963       0.093      -1.810    0.22%       2.116      3.435      4.048
             454.000       4.428      -0.028      10.638    0.22%       4.449      5.644
     Y210                  3.379       0.216      -0.438    0.23%       2.174      2.988      3.377
             440.000       2.046       0.371       8.130    0.23%       3.688      4.472
     Y310                  5.143       0.073      -2.477    0.22%       3.056      4.412      5.067
             451.000       6.414      -0.057      12.459    0.22%       5.666      7.381
     Y111                  4.054      -0.030      -3.218    0.22%       1.934      3.493      3.931
             446.000       5.550      -0.063      11.772    0.22%       4.660      6.112
     Y211                  3.396       0.201      -0.635    0.22%       1.996      2.848      3.436
             460.000       2.404      -0.162       8.040    0.22%       3.751      4.666
     Y311                  5.096      -0.037      -3.266    0.22%       2.586      4.342      5.152
             458.000       8.390       0.014      13.386    0.22%       5.844      7.604
     Y112                  4.114      -0.131      -2.061    0.22%       2.275      3.671      4.234
             447.000       4.252      -0.162       9.292    0.22%       4.742      5.818
     Y212                  3.456      -0.031      -1.029    0.22%       2.280      3.047      3.446
             454.000       2.177       0.071       7.513    0.22%       3.758      4.685
     Y312                  5.410       0.036      -2.900    0.23%       2.994      4.690      5.511
             443.000       7.837      -0.224      12.991    0.23%       6.135      7.764
     Y113                  4.072       0.069      -2.400    0.22%       2.243      3.434      4.020
             456.000       4.492      -0.250       9.896    0.22%       4.594      5.847
     Y213                  3.445      -0.061      -1.226    0.22%       2.246      3.032      3.377
             452.000       2.284       0.080       8.003    0.22%       3.752      4.779
     Y313                  5.223       0.059      -1.865    0.22%       2.939      4.385      5.227
             446.000       6.721      -0.196      13.429    0.22%       5.968      7.489
     Y114                  4.098       0.153      -1.198    0.22%       2.213      3.442      4.145
             455.000       4.777       0.134      11.521    0.22%       4.798      5.796
     Y214                  3.400       0.082      -0.598    0.23%       2.099      3.049      3.412
             442.000       2.159      -0.181       8.168    0.23%       3.776      4.545
     Y314                  5.206      -0.095      -3.672    0.23%       2.695      4.503      5.340
             436.000       7.004      -0.102      14.066    0.23%       6.071      7.478
     Y115                  4.015       0.059      -2.537    0.22%       2.136      3.455      3.978
             458.000       4.641       0.094      10.620    0.22%       4.466      5.820
     Y215                  3.446      -0.132      -1.288    0.22%       2.319      3.098      3.430
             452.000       1.973       0.178       7.979    0.22%       3.731      4.696
     Y315                  5.201       0.095      -2.535    0.22%       2.849      4.557      5.214
             446.000       7.084       0.026      13.540    0.22%       5.921      7.309


THE MODEL ESTIMATION TERMINATED NORMALLY



MODEL FIT INFORMATION

Number of Free Parameters                       12

Loglikelihood

          H0 Value                      -34941.308
          H1 Value                      -34335.376

Information Criteria

          Akaike (AIC)                   69906.617
          Bayesian (BIC)                 69957.192
          Sample-Size Adjusted BIC       69919.103
            (n* = (n + 2) / 24)

Chi-Square Test of Model Fit

          Value                           1211.864
          Degrees of Freedom                  1068
          P-Value                           0.0014

RMSEA (Root Mean Square Error Of Approximation)

          Estimate                           0.016
          90 Percent C.I.                    0.011  0.021
          Probability RMSEA <= .05           1.000

CFI/TLI

          CFI                                0.992
          TLI                                0.992

Chi-Square Test of Model Fit for the Baseline Model

          Value                          18245.551
          Degrees of Freedom                   990
          P-Value                           0.0000

SRMR (Standardized Root Mean Square Residual)

          Value                              0.041



MODEL RESULTS

                                                    Two-Tailed
                    Estimate       S.E.  Est./S.E.    P-Value

 ETA1     BY
    Y11                1.000      0.000    999.000    999.000
    Y21                0.500      0.010     50.676      0.000
    Y31                1.303      0.025     51.726      0.000

 ETA2     BY
    Y12                1.000      0.000    999.000    999.000
    Y22                0.500      0.010     50.676      0.000
    Y32                1.303      0.025     51.726      0.000

 ETA3     BY
    Y13                1.000      0.000    999.000    999.000
    Y23                0.500      0.010     50.676      0.000
    Y33                1.303      0.025     51.726      0.000

 ETA4     BY
    Y14                1.000      0.000    999.000    999.000
    Y24                0.500      0.010     50.676      0.000
    Y34                1.303      0.025     51.726      0.000

 ETA5     BY
    Y15                1.000      0.000    999.000    999.000
    Y25                0.500      0.010     50.676      0.000
    Y35                1.303      0.025     51.726      0.000

 ETA6     BY
    Y16                1.000      0.000    999.000    999.000
    Y26                0.500      0.010     50.676      0.000
    Y36                1.303      0.025     51.726      0.000

 ETA7     BY
    Y17                1.000      0.000    999.000    999.000
    Y27                0.500      0.010     50.676      0.000
    Y37                1.303      0.025     51.726      0.000

 ETA8     BY
    Y18                1.000      0.000    999.000    999.000
    Y28                0.500      0.010     50.676      0.000
    Y38                1.303      0.025     51.726      0.000

 ETA9     BY
    Y19                1.000      0.000    999.000    999.000
    Y29                0.500      0.010     50.676      0.000
    Y39                1.303      0.025     51.726      0.000

 ETA10    BY
    Y110               1.000      0.000    999.000    999.000
    Y210               0.500      0.010     50.676      0.000
    Y310               1.303      0.025     51.726      0.000

 ETA11    BY
    Y111               1.000      0.000    999.000    999.000
    Y211               0.500      0.010     50.676      0.000
    Y311               1.303      0.025     51.726      0.000

 ETA12    BY
    Y112               1.000      0.000    999.000    999.000
    Y212               0.500      0.010     50.676      0.000
    Y312               1.303      0.025     51.726      0.000

 ETA13    BY
    Y113               1.000      0.000    999.000    999.000
    Y213               0.500      0.010     50.676      0.000
    Y313               1.303      0.025     51.726      0.000

 ETA14    BY
    Y114               1.000      0.000    999.000    999.000
    Y214               0.500      0.010     50.676      0.000
    Y314               1.303      0.025     51.726      0.000

 ETA15    BY
    Y115               1.000      0.000    999.000    999.000
    Y215               0.500      0.010     50.676      0.000
    Y315               1.303      0.025     51.726      0.000

 THETA1   BY
    Y11                1.000      0.000    999.000    999.000
    Y21                0.800      0.011     75.318      0.000
    Y31                1.189      0.016     74.477      0.000
    Y12                1.000      0.000    999.000    999.000
    Y22                0.800      0.011     75.318      0.000
    Y32                1.189      0.016     74.477      0.000
    Y13                1.000      0.000    999.000    999.000
    Y23                0.800      0.011     75.318      0.000
    Y33                1.189      0.016     74.477      0.000
    Y14                1.000      0.000    999.000    999.000
    Y24                0.800      0.011     75.318      0.000
    Y34                1.189      0.016     74.477      0.000
    Y15                1.000      0.000    999.000    999.000
    Y25                0.800      0.011     75.318      0.000
    Y35                1.189      0.016     74.477      0.000
    Y16                1.000      0.000    999.000    999.000
    Y26                0.800      0.011     75.318      0.000
    Y36                1.189      0.016     74.477      0.000
    Y17                1.000      0.000    999.000    999.000
    Y27                0.800      0.011     75.318      0.000
    Y37                1.189      0.016     74.477      0.000
    Y18                1.000      0.000    999.000    999.000
    Y28                0.800      0.011     75.318      0.000
    Y38                1.189      0.016     74.477      0.000
    Y19                1.000      0.000    999.000    999.000
    Y29                0.800      0.011     75.318      0.000
    Y39                1.189      0.016     74.477      0.000
    Y110               1.000      0.000    999.000    999.000
    Y210               0.800      0.011     75.318      0.000
    Y310               1.189      0.016     74.477      0.000
    Y111               1.000      0.000    999.000    999.000
    Y211               0.800      0.011     75.318      0.000
    Y311               1.189      0.016     74.477      0.000
    Y112               1.000      0.000    999.000    999.000
    Y212               0.800      0.011     75.318      0.000
    Y312               1.189      0.016     74.477      0.000
    Y113               1.000      0.000    999.000    999.000
    Y213               0.800      0.011     75.318      0.000
    Y313               1.189      0.016     74.477      0.000
    Y114               1.000      0.000    999.000    999.000
    Y214               0.800      0.011     75.318      0.000
    Y314               1.189      0.016     74.477      0.000
    Y115               1.000      0.000    999.000    999.000
    Y215               0.800      0.011     75.318      0.000
    Y315               1.189      0.016     74.477      0.000

 ETA1     WITH
    ETA2               0.000      0.000    999.000    999.000
    ETA3               0.000      0.000    999.000    999.000
    ETA4               0.000      0.000    999.000    999.000
    ETA5               0.000      0.000    999.000    999.000
    ETA6               0.000      0.000    999.000    999.000
    ETA7               0.000      0.000    999.000    999.000
    ETA8               0.000      0.000    999.000    999.000
    ETA9               0.000      0.000    999.000    999.000
    ETA10              0.000      0.000    999.000    999.000
    ETA11              0.000      0.000    999.000    999.000
    ETA12              0.000      0.000    999.000    999.000
    ETA13              0.000      0.000    999.000    999.000
    ETA14              0.000      0.000    999.000    999.000
    ETA15              0.000      0.000    999.000    999.000
    THETA1             0.000      0.000    999.000    999.000

 ETA2     WITH
    ETA3               0.000      0.000    999.000    999.000
    ETA4               0.000      0.000    999.000    999.000
    ETA5               0.000      0.000    999.000    999.000
    ETA6               0.000      0.000    999.000    999.000
    ETA7               0.000      0.000    999.000    999.000
    ETA8               0.000      0.000    999.000    999.000
    ETA9               0.000      0.000    999.000    999.000
    ETA10              0.000      0.000    999.000    999.000
    ETA11              0.000      0.000    999.000    999.000
    ETA12              0.000      0.000    999.000    999.000
    ETA13              0.000      0.000    999.000    999.000
    ETA14              0.000      0.000    999.000    999.000
    ETA15              0.000      0.000    999.000    999.000
    THETA1             0.000      0.000    999.000    999.000

 ETA3     WITH
    ETA4               0.000      0.000    999.000    999.000
    ETA5               0.000      0.000    999.000    999.000
    ETA6               0.000      0.000    999.000    999.000
    ETA7               0.000      0.000    999.000    999.000
    ETA8               0.000      0.000    999.000    999.000
    ETA9               0.000      0.000    999.000    999.000
    ETA10              0.000      0.000    999.000    999.000
    ETA11              0.000      0.000    999.000    999.000
    ETA12              0.000      0.000    999.000    999.000
    ETA13              0.000      0.000    999.000    999.000
    ETA14              0.000      0.000    999.000    999.000
    ETA15              0.000      0.000    999.000    999.000
    THETA1             0.000      0.000    999.000    999.000

 ETA4     WITH
    ETA5               0.000      0.000    999.000    999.000
    ETA6               0.000      0.000    999.000    999.000
    ETA7               0.000      0.000    999.000    999.000
    ETA8               0.000      0.000    999.000    999.000
    ETA9               0.000      0.000    999.000    999.000
    ETA10              0.000      0.000    999.000    999.000
    ETA11              0.000      0.000    999.000    999.000
    ETA12              0.000      0.000    999.000    999.000
    ETA13              0.000      0.000    999.000    999.000
    ETA14              0.000      0.000    999.000    999.000
    ETA15              0.000      0.000    999.000    999.000
    THETA1             0.000      0.000    999.000    999.000

 ETA5     WITH
    ETA6               0.000      0.000    999.000    999.000
    ETA7               0.000      0.000    999.000    999.000
    ETA8               0.000      0.000    999.000    999.000
    ETA9               0.000      0.000    999.000    999.000
    ETA10              0.000      0.000    999.000    999.000
    ETA11              0.000      0.000    999.000    999.000
    ETA12              0.000      0.000    999.000    999.000
    ETA13              0.000      0.000    999.000    999.000
    ETA14              0.000      0.000    999.000    999.000
    ETA15              0.000      0.000    999.000    999.000
    THETA1             0.000      0.000    999.000    999.000

 ETA6     WITH
    ETA7               0.000      0.000    999.000    999.000
    ETA8               0.000      0.000    999.000    999.000
    ETA9               0.000      0.000    999.000    999.000
    ETA10              0.000      0.000    999.000    999.000
    ETA11              0.000      0.000    999.000    999.000
    ETA12              0.000      0.000    999.000    999.000
    ETA13              0.000      0.000    999.000    999.000
    ETA14              0.000      0.000    999.000    999.000
    ETA15              0.000      0.000    999.000    999.000
    THETA1             0.000      0.000    999.000    999.000

 ETA7     WITH
    ETA8               0.000      0.000    999.000    999.000
    ETA9               0.000      0.000    999.000    999.000
    ETA10              0.000      0.000    999.000    999.000
    ETA11              0.000      0.000    999.000    999.000
    ETA12              0.000      0.000    999.000    999.000
    ETA13              0.000      0.000    999.000    999.000
    ETA14              0.000      0.000    999.000    999.000
    ETA15              0.000      0.000    999.000    999.000
    THETA1             0.000      0.000    999.000    999.000

 ETA8     WITH
    ETA9               0.000      0.000    999.000    999.000
    ETA10              0.000      0.000    999.000    999.000
    ETA11              0.000      0.000    999.000    999.000
    ETA12              0.000      0.000    999.000    999.000
    ETA13              0.000      0.000    999.000    999.000
    ETA14              0.000      0.000    999.000    999.000
    ETA15              0.000      0.000    999.000    999.000
    THETA1             0.000      0.000    999.000    999.000

 ETA9     WITH
    ETA10              0.000      0.000    999.000    999.000
    ETA11              0.000      0.000    999.000    999.000
    ETA12              0.000      0.000    999.000    999.000
    ETA13              0.000      0.000    999.000    999.000
    ETA14              0.000      0.000    999.000    999.000
    ETA15              0.000      0.000    999.000    999.000
    THETA1             0.000      0.000    999.000    999.000

 ETA10    WITH
    ETA11              0.000      0.000    999.000    999.000
    ETA12              0.000      0.000    999.000    999.000
    ETA13              0.000      0.000    999.000    999.000
    ETA14              0.000      0.000    999.000    999.000
    ETA15              0.000      0.000    999.000    999.000
    THETA1             0.000      0.000    999.000    999.000

 ETA11    WITH
    ETA12              0.000      0.000    999.000    999.000
    ETA13              0.000      0.000    999.000    999.000
    ETA14              0.000      0.000    999.000    999.000
    ETA15              0.000      0.000    999.000    999.000
    THETA1             0.000      0.000    999.000    999.000

 ETA12    WITH
    ETA13              0.000      0.000    999.000    999.000
    ETA14              0.000      0.000    999.000    999.000
    ETA15              0.000      0.000    999.000    999.000
    THETA1             0.000      0.000    999.000    999.000

 ETA13    WITH
    ETA14              0.000      0.000    999.000    999.000
    ETA15              0.000      0.000    999.000    999.000
    THETA1             0.000      0.000    999.000    999.000

 ETA14    WITH
    ETA15              0.000      0.000    999.000    999.000
    THETA1             0.000      0.000    999.000    999.000

 ETA15    WITH
    THETA1             0.000      0.000    999.000    999.000

 Means
    THETA1             4.055      0.065     62.430      0.000

 Intercepts
    Y11                0.000      0.000    999.000    999.000
    Y21                0.180      0.045      3.974      0.000
    Y31                0.433      0.068      6.336      0.000
    Y12                0.000      0.000    999.000    999.000
    Y22                0.180      0.045      3.974      0.000
    Y32                0.433      0.068      6.336      0.000
    Y13                0.000      0.000    999.000    999.000
    Y23                0.180      0.045      3.974      0.000
    Y33                0.433      0.068      6.336      0.000
    Y14                0.000      0.000    999.000    999.000
    Y24                0.180      0.045      3.974      0.000
    Y34                0.433      0.068      6.336      0.000
    Y15                0.000      0.000    999.000    999.000
    Y25                0.180      0.045      3.974      0.000
    Y35                0.433      0.068      6.336      0.000
    Y16                0.000      0.000    999.000    999.000
    Y26                0.180      0.045      3.974      0.000
    Y36                0.433      0.068      6.336      0.000
    Y17                0.000      0.000    999.000    999.000
    Y27                0.180      0.045      3.974      0.000
    Y37                0.433      0.068      6.336      0.000
    Y18                0.000      0.000    999.000    999.000
    Y28                0.180      0.045      3.974      0.000
    Y38                0.433      0.068      6.336      0.000
    Y19                0.000      0.000    999.000    999.000
    Y29                0.180      0.045      3.974      0.000
    Y39                0.433      0.068      6.336      0.000
    Y110               0.000      0.000    999.000    999.000
    Y210               0.180      0.045      3.974      0.000
    Y310               0.433      0.068      6.336      0.000
    Y111               0.000      0.000    999.000    999.000
    Y211               0.180      0.045      3.974      0.000
    Y311               0.433      0.068      6.336      0.000
    Y112               0.000      0.000    999.000    999.000
    Y212               0.180      0.045      3.974      0.000
    Y312               0.433      0.068      6.336      0.000
    Y113               0.000      0.000    999.000    999.000
    Y213               0.180      0.045      3.974      0.000
    Y313               0.433      0.068      6.336      0.000
    Y114               0.000      0.000    999.000    999.000
    Y214               0.180      0.045      3.974      0.000
    Y314               0.433      0.068      6.336      0.000
    Y115               0.000      0.000    999.000    999.000
    Y215               0.180      0.045      3.974      0.000
    Y315               0.433      0.068      6.336      0.000

 Variances
    ETA1               1.904      0.057     33.465      0.000
    ETA2               1.904      0.057     33.465      0.000
    ETA3               1.904      0.057     33.465      0.000
    ETA4               1.904      0.057     33.465      0.000
    ETA5               1.904      0.057     33.465      0.000
    ETA6               1.904      0.057     33.465      0.000
    ETA7               1.904      0.057     33.465      0.000
    ETA8               1.904      0.057     33.465      0.000
    ETA9               1.904      0.057     33.465      0.000
    ETA10              1.904      0.057     33.465      0.000
    ETA11              1.904      0.057     33.465      0.000
    ETA12              1.904      0.057     33.465      0.000
    ETA13              1.904      0.057     33.465      0.000
    ETA14              1.904      0.057     33.465      0.000
    ETA15              1.904      0.057     33.465      0.000
    THETA1             1.902      0.133     14.278      0.000

 Residual Variances
    Y11                1.035      0.034     30.175      0.000
    Y21                0.511      0.012     44.095      0.000
    Y31                1.472      0.056     26.149      0.000
    Y12                1.035      0.034     30.175      0.000
    Y22                0.511      0.012     44.095      0.000
    Y32                1.472      0.056     26.149      0.000
    Y13                1.035      0.034     30.175      0.000
    Y23                0.511      0.012     44.095      0.000
    Y33                1.472      0.056     26.149      0.000
    Y14                1.035      0.034     30.175      0.000
    Y24                0.511      0.012     44.095      0.000
    Y34                1.472      0.056     26.149      0.000
    Y15                1.035      0.034     30.175      0.000
    Y25                0.511      0.012     44.095      0.000
    Y35                1.472      0.056     26.149      0.000
    Y16                1.035      0.034     30.175      0.000
    Y26                0.511      0.012     44.095      0.000
    Y36                1.472      0.056     26.149      0.000
    Y17                1.035      0.034     30.175      0.000
    Y27                0.511      0.012     44.095      0.000
    Y37                1.472      0.056     26.149      0.000
    Y18                1.035      0.034     30.175      0.000
    Y28                0.511      0.012     44.095      0.000
    Y38                1.472      0.056     26.149      0.000
    Y19                1.035      0.034     30.175      0.000
    Y29                0.511      0.012     44.095      0.000
    Y39                1.472      0.056     26.149      0.000
    Y110               1.035      0.034     30.175      0.000
    Y210               0.511      0.012     44.095      0.000
    Y310               1.472      0.056     26.149      0.000
    Y111               1.035      0.034     30.175      0.000
    Y211               0.511      0.012     44.095      0.000
    Y311               1.472      0.056     26.149      0.000
    Y112               1.035      0.034     30.175      0.000
    Y212               0.511      0.012     44.095      0.000
    Y312               1.472      0.056     26.149      0.000
    Y113               1.035      0.034     30.175      0.000
    Y213               0.511      0.012     44.095      0.000
    Y313               1.472      0.056     26.149      0.000
    Y114               1.035      0.034     30.175      0.000
    Y214               0.511      0.012     44.095      0.000
    Y314               1.472      0.056     26.149      0.000
    Y115               1.035      0.034     30.175      0.000
    Y215               0.511      0.012     44.095      0.000
    Y315               1.472      0.056     26.149      0.000


QUALITY OF NUMERICAL RESULTS

     Condition Number for the Information Matrix              0.389E-03
       (ratio of smallest to largest eigenvalue)


     Beginning Time:  10:45:22
        Ending Time:  10:47:04
       Elapsed Time:  00:01:42



MUTHEN & MUTHEN
3463 Stoner Ave.
Los Angeles, CA  90066

Tel: (310) 391-9971
Fax: (310) 391-8971
Web: www.StatModel.com
Support: Support@StatModel.com

Copyright (c) 1998-2017 Muthen & Muthen
