Mplus VERSION 8
MUTHEN & MUTHEN
02/13/2019   3:59 PM

INPUT INSTRUCTIONS

  TITLE: Your title goes here
  DATA: FILE = "Mplus_files_Results/msst_wide_n100_i4_nt5_na0.2.dat";
  VARIABLE:
  NAMES = subjn y11 y21 y31 y41 y12 y22 y32 y42 y13 y23 y33 y43 y14 y24 y34 y44 y15
       y25 y35 y45;
  MISSING=.;
  USEVAR = y11
  y21
  y31
  y41
  y12
  y22
  y32
  y42
  y13
  y23
  y33
  y43
  y14
  y24
  y34
  y44
  y15
  y25
  y35
  y45 ;


  ANALYSIS:
  TYPE = GENERAL ;
  ESTIMATOR = ML ;
  ITERATIONS = 50000 ;
  H1ITERATIONS = 50000 ;


  MODEL:

  ! Latent state variables
  eta1 BY y11@1
  y21 (las21)
  y31 (las31)
  y41 (las41) ;
  eta2 BY y12@1
  y22 (las21)
  y32 (las31)
  y42 (las41) ;
  eta3 BY y13@1
  y23 (las21)
  y33 (las31)
  y43 (las41) ;
  eta4 BY y14@1
  y24 (las21)
  y34 (las31)
  y44 (las41) ;
  eta5 BY y15@1
  y25 (las21)
  y35 (las31)
  y45 (las41) ;

  ! Latent trait variables
  theta1 BY y11@1
  y21 (lat21)
  y31 (lat31)
  y41 (lat41)
  y12@1
  y22 (lat21)
  y32 (lat31)
  y42 (lat41)
  y13@1
  y23 (lat21)
  y33 (lat31)
  y43 (lat41)
  y14@1
  y24 (lat21)
  y34 (lat31)
  y44 (lat41)
  y15@1
  y25 (lat21)
  y35 (lat31)
  y45 (lat41) ;

  ! Intercepts and means

  [y11@0] ;
  [y21*] (int21) ;
  [y31*] (int31) ;
  [y41*] (int41) ;
  [y12@0] ;
  [y22*] (int21) ;
  [y32*] (int31) ;
  [y42*] (int41) ;
  [y13@0] ;
  [y23*] (int21) ;
  [y33*] (int31) ;
  [y43*] (int41) ;
  [y14@0] ;
  [y24*] (int21) ;
  [y34*] (int31) ;
  [y44*] (int41) ;
  [y15@0] ;
  [y25*] (int21) ;
  [y35*] (int31) ;
  [y45*] (int41) ;
  [theta1*] ;

  ! Variance components
  y11(o_err11) ;
  y21(o_err21) ;
  y31(o_err31) ;
  y41(o_err41) ;
  y12(o_err11) ;
  y22(o_err21) ;
  y32(o_err31) ;
  y42(o_err41) ;
  y13(o_err11) ;
  y23(o_err21) ;
  y33(o_err31) ;
  y43(o_err41) ;
  y14(o_err11) ;
  y24(o_err21) ;
  y34(o_err31) ;
  y44(o_err41) ;
  y15(o_err11) ;
  y25(o_err21) ;
  y35(o_err31) ;
  y45(o_err41) ;
  eta1(s_var11) ;
  eta2(s_var11) ;
  eta3(s_var11) ;
  eta4(s_var11) ;
  eta5(s_var11) ;
  theta1(t_var1) ;

  ! Set zero covariances
  eta1 WITH eta2@0
  eta3@0
  eta4@0
  eta5@0
  theta1@0 ;
  eta2 WITH eta3@0
  eta4@0
  eta5@0
  theta1@0 ;
  eta3 WITH eta4@0
  eta5@0
  theta1@0 ;
  eta4 WITH eta5@0
  theta1@0 ;
  eta5 WITH theta1@0 ;



INPUT READING TERMINATED NORMALLY



Your title goes here

SUMMARY OF ANALYSIS

Number of groups                                                 1
Number of observations                                         100

Number of dependent variables                                   20
Number of independent variables                                  0
Number of continuous latent variables                            6

Observed dependent variables

  Continuous
   Y11         Y21         Y31         Y41         Y12         Y22
   Y32         Y42         Y13         Y23         Y33         Y43
   Y14         Y24         Y34         Y44         Y15         Y25
   Y35         Y45

Continuous latent variables
   ETA1        ETA2        ETA3        ETA4        ETA5        THETA1


Estimator                                                       ML
Information matrix                                        OBSERVED
Maximum number of iterations                                 50000
Convergence criterion                                    0.500D-04
Maximum number of steepest descent iterations                   20
Maximum number of iterations for H1                          50000
Convergence criterion for H1                             0.100D-03

Input data file(s)
  Mplus_files_Results/msst_wide_n100_i4_nt5_na0.2.dat

Input data format  FREE


SUMMARY OF DATA

     Number of missing data patterns            97


COVARIANCE COVERAGE OF DATA

Minimum covariance coverage value   0.100


     PROPORTION OF DATA PRESENT


           Covariance Coverage
              Y11           Y21           Y31           Y41           Y12
              ________      ________      ________      ________      ________
 Y11            0.770
 Y21            0.570         0.730
 Y31            0.670         0.630         0.860
 Y41            0.600         0.590         0.690         0.790
 Y12            0.630         0.630         0.730         0.660         0.830
 Y22            0.590         0.580         0.640         0.620         0.640
 Y32            0.620         0.570         0.670         0.650         0.650
 Y42            0.640         0.590         0.740         0.650         0.670
 Y13            0.650         0.590         0.690         0.660         0.680
 Y23            0.620         0.570         0.720         0.650         0.680
 Y33            0.620         0.530         0.660         0.590         0.590
 Y43            0.570         0.550         0.670         0.610         0.640
 Y14            0.660         0.650         0.730         0.670         0.680
 Y24            0.630         0.620         0.690         0.660         0.680
 Y34            0.700         0.590         0.710         0.650         0.690
 Y44            0.590         0.610         0.690         0.620         0.680
 Y15            0.630         0.600         0.720         0.680         0.690
 Y25            0.610         0.570         0.670         0.580         0.660
 Y35            0.660         0.620         0.760         0.680         0.720
 Y45            0.630         0.620         0.710         0.650         0.700


           Covariance Coverage
              Y22           Y32           Y42           Y13           Y23
              ________      ________      ________      ________      ________
 Y22            0.770
 Y32            0.640         0.810
 Y42            0.620         0.660         0.820
 Y13            0.620         0.660         0.660         0.820
 Y23            0.640         0.660         0.670         0.660         0.820
 Y33            0.580         0.570         0.610         0.600         0.630
 Y43            0.600         0.620         0.640         0.640         0.630
 Y14            0.620         0.680         0.690         0.680         0.690
 Y24            0.640         0.670         0.670         0.660         0.670
 Y34            0.640         0.700         0.700         0.710         0.690
 Y44            0.640         0.640         0.660         0.640         0.670
 Y15            0.660         0.670         0.670         0.680         0.680
 Y25            0.590         0.620         0.630         0.650         0.660
 Y35            0.640         0.680         0.710         0.690         0.700
 Y45            0.670         0.660         0.670         0.670         0.680


           Covariance Coverage
              Y33           Y43           Y14           Y24           Y34
              ________      ________      ________      ________      ________
 Y33            0.740
 Y43            0.560         0.770
 Y14            0.650         0.670         0.850
 Y24            0.600         0.630         0.680         0.820
 Y34            0.660         0.620         0.710         0.680         0.840
 Y44            0.600         0.640         0.690         0.680         0.680
 Y15            0.600         0.640         0.700         0.670         0.690
 Y25            0.610         0.590         0.670         0.620         0.660
 Y35            0.650         0.700         0.730         0.690         0.710
 Y45            0.600         0.640         0.690         0.690         0.680


           Covariance Coverage
              Y44           Y15           Y25           Y35           Y45
              ________      ________      ________      ________      ________
 Y44            0.810
 Y15            0.670         0.830
 Y25            0.630         0.650         0.780
 Y35            0.690         0.710         0.630         0.850
 Y45            0.680         0.690         0.660         0.700         0.830



UNIVARIATE SAMPLE STATISTICS


     UNIVARIATE HIGHER-ORDER MOMENT DESCRIPTIVE STATISTICS

         Variable/         Mean/     Skewness/   Minimum/ % with                Percentiles
        Sample Size      Variance    Kurtosis    Maximum  Min/Max      20%/60%    40%/80%    Median

     Y11                   4.269      -0.417      -4.651    1.30%       2.130      3.583      4.598
              77.000       5.799       1.143       9.689    1.30%       4.815      6.220
     Y21                   3.753      -0.304      -0.733    1.37%       2.466      3.311      3.913
              73.000       2.282       0.485       7.131    1.37%       4.269      5.002
     Y31                   5.351      -0.474      -4.026    1.16%       3.229      4.543      5.761
              86.000       7.911       0.703      12.174    1.16%       6.318      7.585
     Y41                   4.407      -0.694      -1.794    1.27%       2.671      4.202      4.536
              79.000       3.719       0.831       8.200    1.27%       4.974      5.950
     Y12                   4.242       0.191       0.029    1.20%       2.616      3.482      3.897
              83.000       4.138      -0.643       9.144    1.20%       4.610      6.086
     Y22                   3.456       0.073       0.213    1.30%       2.147      3.054      3.505
              77.000       1.865      -0.442       6.405    1.30%       3.814      4.586
     Y32                   5.620      -0.201      -0.695    1.23%       3.562      5.225      5.631
              81.000       6.497      -0.105      11.323    1.23%       6.133      7.837
     Y42                   4.531       0.145       1.224    1.22%       2.796      4.009      4.573
              82.000       2.954      -0.433       9.073    1.22%       5.007      6.122
     Y13                   4.210      -0.031      -0.343    1.22%       2.588      4.033      4.310
              82.000       3.606       0.403      10.155    1.22%       4.554      5.730
     Y23                   3.519      -0.393       1.002    1.22%       2.239      3.408      3.747
              82.000       1.391      -0.664       5.734    1.22%       3.946      4.458
     Y33                   4.989      -0.319      -0.998    1.35%       3.220      4.984      5.148
              74.000       5.980       0.250      10.228    1.35%       5.453      6.465
     Y43                   4.050      -0.176      -0.423    1.30%       2.752      3.441      3.993
              77.000       2.903      -0.027       7.491    1.30%       4.489      5.496
     Y14                   4.169       0.266      -0.361    1.18%       2.133      3.446      4.120
              85.000       4.167      -0.442       9.227    1.18%       4.600      6.054
     Y24                   3.481       0.235       0.754    1.22%       2.203      3.230      3.537
              82.000       1.784       0.406       7.631    1.22%       3.867      4.449
     Y34                   5.694      -0.122      -1.558    1.19%       3.175      5.021      5.979
              84.000       7.461      -0.399      12.234    1.19%       6.537      8.082
     Y44                   4.263       0.350       0.707    1.23%       2.744      3.782      4.330
              81.000       3.038       0.232       9.597    1.23%       4.568      5.634
     Y15                   4.180       0.037      -1.566    1.20%       2.458      3.632      4.048
              83.000       4.853       0.193       9.239    1.20%       4.650      5.877
     Y25                   3.395      -0.132      -0.733    1.28%       2.206      2.951      3.578
              78.000       2.121      -0.023       6.753    1.28%       3.827      4.496
     Y35                   5.278       0.112       0.602    1.18%       3.097      4.620      5.286
              85.000       5.331      -0.584      11.086    1.18%       6.052      6.980
     Y45                   4.159      -0.241      -0.803    1.20%       2.373      3.615      4.433
              83.000       3.778      -0.114       8.324    1.20%       4.871      5.489


THE MODEL ESTIMATION TERMINATED NORMALLY



MODEL FIT INFORMATION

Number of Free Parameters                       16

Loglikelihood

          H0 Value                       -2722.927
          H1 Value                       -2589.267

Information Criteria

          Akaike (AIC)                    5477.854
          Bayesian (BIC)                  5519.537
          Sample-Size Adjusted BIC        5469.005
            (n* = (n + 2) / 24)

Chi-Square Test of Model Fit

          Value                            267.321
          Degrees of Freedom                   214
          P-Value                           0.0077

RMSEA (Root Mean Square Error Of Approximation)

          Estimate                           0.050
          90 Percent C.I.                    0.027  0.068
          Probability RMSEA <= .05           0.491

CFI/TLI

          CFI                                0.959
          TLI                                0.964

Chi-Square Test of Model Fit for the Baseline Model

          Value                           1501.801
          Degrees of Freedom                   190
          P-Value                           0.0000

SRMR (Standardized Root Mean Square Residual)

          Value                              0.100



MODEL RESULTS

                                                    Two-Tailed
                    Estimate       S.E.  Est./S.E.    P-Value

 ETA1     BY
    Y11                1.000      0.000    999.000    999.000
    Y21                0.460      0.038     12.190      0.000
    Y31                1.121      0.078     14.438      0.000
    Y41                0.733      0.056     12.976      0.000

 ETA2     BY
    Y12                1.000      0.000    999.000    999.000
    Y22                0.460      0.038     12.190      0.000
    Y32                1.121      0.078     14.438      0.000
    Y42                0.733      0.056     12.976      0.000

 ETA3     BY
    Y13                1.000      0.000    999.000    999.000
    Y23                0.460      0.038     12.190      0.000
    Y33                1.121      0.078     14.438      0.000
    Y43                0.733      0.056     12.976      0.000

 ETA4     BY
    Y14                1.000      0.000    999.000    999.000
    Y24                0.460      0.038     12.190      0.000
    Y34                1.121      0.078     14.438      0.000
    Y44                0.733      0.056     12.976      0.000

 ETA5     BY
    Y15                1.000      0.000    999.000    999.000
    Y25                0.460      0.038     12.190      0.000
    Y35                1.121      0.078     14.438      0.000
    Y45                0.733      0.056     12.976      0.000

 THETA1   BY
    Y11                1.000      0.000    999.000    999.000
    Y21                0.794      0.052     15.367      0.000
    Y31                1.256      0.078     16.028      0.000
    Y41                0.956      0.062     15.359      0.000
    Y12                1.000      0.000    999.000    999.000
    Y22                0.794      0.052     15.367      0.000
    Y32                1.256      0.078     16.028      0.000
    Y42                0.956      0.062     15.359      0.000
    Y13                1.000      0.000    999.000    999.000
    Y23                0.794      0.052     15.367      0.000
    Y33                1.256      0.078     16.028      0.000
    Y43                0.956      0.062     15.359      0.000
    Y14                1.000      0.000    999.000    999.000
    Y24                0.794      0.052     15.367      0.000
    Y34                1.256      0.078     16.028      0.000
    Y44                0.956      0.062     15.359      0.000
    Y15                1.000      0.000    999.000    999.000
    Y25                0.794      0.052     15.367      0.000
    Y35                1.256      0.078     16.028      0.000
    Y45                0.956      0.062     15.359      0.000

 ETA1     WITH
    ETA2               0.000      0.000    999.000    999.000
    ETA3               0.000      0.000    999.000    999.000
    ETA4               0.000      0.000    999.000    999.000
    ETA5               0.000      0.000    999.000    999.000
    THETA1             0.000      0.000    999.000    999.000

 ETA2     WITH
    ETA3               0.000      0.000    999.000    999.000
    ETA4               0.000      0.000    999.000    999.000
    ETA5               0.000      0.000    999.000    999.000
    THETA1             0.000      0.000    999.000    999.000

 ETA3     WITH
    ETA4               0.000      0.000    999.000    999.000
    ETA5               0.000      0.000    999.000    999.000
    THETA1             0.000      0.000    999.000    999.000

 ETA4     WITH
    ETA5               0.000      0.000    999.000    999.000
    THETA1             0.000      0.000    999.000    999.000

 ETA5     WITH
    THETA1             0.000      0.000    999.000    999.000

 Means
    THETA1             4.188      0.146     28.708      0.000

 Intercepts
    Y11                0.000      0.000    999.000    999.000
    Y21                0.211      0.223      0.944      0.345
    Y31                0.123      0.338      0.363      0.717
    Y41                0.276      0.268      1.029      0.303
    Y12                0.000      0.000    999.000    999.000
    Y22                0.211      0.223      0.944      0.345
    Y32                0.123      0.338      0.363      0.717
    Y42                0.276      0.268      1.029      0.303
    Y13                0.000      0.000    999.000    999.000
    Y23                0.211      0.223      0.944      0.345
    Y33                0.123      0.338      0.363      0.717
    Y43                0.276      0.268      1.029      0.303
    Y14                0.000      0.000    999.000    999.000
    Y24                0.211      0.223      0.944      0.345
    Y34                0.123      0.338      0.363      0.717
    Y44                0.276      0.268      1.029      0.303
    Y15                0.000      0.000    999.000    999.000
    Y25                0.211      0.223      0.944      0.345
    Y35                0.123      0.338      0.363      0.717
    Y45                0.276      0.268      1.029      0.303

 Variances
    ETA1               2.082      0.235      8.843      0.000
    ETA2               2.082      0.235      8.843      0.000
    ETA3               2.082      0.235      8.843      0.000
    ETA4               2.082      0.235      8.843      0.000
    ETA5               2.082      0.235      8.843      0.000
    THETA1             1.481      0.298      4.977      0.000

 Residual Variances
    Y11                0.846      0.116      7.278      0.000
    Y21                0.522      0.047     11.139      0.000
    Y31                1.497      0.162      9.253      0.000
    Y41                0.881      0.084     10.425      0.000
    Y12                0.846      0.116      7.278      0.000
    Y22                0.522      0.047     11.139      0.000
    Y32                1.497      0.162      9.253      0.000
    Y42                0.881      0.084     10.425      0.000
    Y13                0.846      0.116      7.278      0.000
    Y23                0.522      0.047     11.139      0.000
    Y33                1.497      0.162      9.253      0.000
    Y43                0.881      0.084     10.425      0.000
    Y14                0.846      0.116      7.278      0.000
    Y24                0.522      0.047     11.139      0.000
    Y34                1.497      0.162      9.253      0.000
    Y44                0.881      0.084     10.425      0.000
    Y15                0.846      0.116      7.278      0.000
    Y25                0.522      0.047     11.139      0.000
    Y35                1.497      0.162      9.253      0.000
    Y45                0.881      0.084     10.425      0.000


QUALITY OF NUMERICAL RESULTS

     Condition Number for the Information Matrix              0.431E-03
       (ratio of smallest to largest eigenvalue)


     Beginning Time:  15:59:19
        Ending Time:  15:59:21
       Elapsed Time:  00:00:02



MUTHEN & MUTHEN
3463 Stoner Ave.
Los Angeles, CA  90066

Tel: (310) 391-9971
Fax: (310) 391-8971
Web: www.StatModel.com
Support: Support@StatModel.com

Copyright (c) 1998-2017 Muthen & Muthen
