Mplus VERSION 8
MUTHEN & MUTHEN
02/18/2019   4:46 PM

INPUT INSTRUCTIONS

  TITLE: Your title goes here
  DATA: FILE = "Mplus_files_Results/msst_long_trunc_n50_i5_nt5_na0.dat";
  VARIABLE:
  NAMES = subjn time y1 y2 y3 y4 y5;
  MISSING=.;
  USEVAR = y1
  y2
  y3
  y4
  y5 ;
  CLUSTER = subjn ;

  ANALYSIS:
  TYPE = TWOLEVEL ;
  ESTIMATOR = ML ;
  ITERATIONS = 50000 ;
  H1ITERATIONS = 50000 ;


  MODEL:

  %WITHIN%

  ! Latent state residual
  eta BY y1@1
  y2 (las2)
  y3 (las3)
  y4 (las4)
  y5 (las5) ;

  ! Latent errors and latent state variances
  y1(o_err1) ;
  y2(o_err2) ;
  y3(o_err3) ;
  y4(o_err4) ;
  y5(o_err5) ;
  eta(s_var) ;

  %BETWEEN%

  ! Indicator trait variables
  theta1  BY  y1@1 ;
  theta2  BY  y2@1 ;
  theta3  BY  y3@1 ;
  theta4  BY  y4@1 ;
  theta5  BY  y5@1 ;

  ! Latent trait variable
  theta BY theta1@1
  theta2 (lat2)
  theta3 (lat3)
  theta4 (lat4)
  theta5 (lat5) ;

  ! Means and Intercepts
  [y1@0] ;
  [y2@0] ;
  [y3@0] ;
  [y4@0] ;
  [y5@0] ;
  [theta1@0] ;
  [theta2*] (int2) ;
  [theta3*] (int3) ;
  [theta4*] (int4) ;
  [theta5*] (int5) ;
  [theta*] ;

  ! Fixing level-2 residual variances at 0 and latent trait variance
  y1@0;
  y2@0;
  y3@0;
  y4@0;
  y5@0;
  theta1@0;
  theta2@0;
  theta3@0;
  theta4@0;
  theta5@0;
  theta(t_var) ;



INPUT READING TERMINATED NORMALLY



Your title goes here

SUMMARY OF ANALYSIS

Number of groups                                                 1
Number of observations                                         250

Number of dependent variables                                    5
Number of independent variables                                  0
Number of continuous latent variables                            7

Observed dependent variables

  Continuous
   Y1          Y2          Y3          Y4          Y5

Continuous latent variables
   ETA         THETA1      THETA2      THETA3      THETA4      THETA5
   THETA

Variables with special functions

  Cluster variable      SUBJN

Estimator                                                       ML
Information matrix                                        OBSERVED
Maximum number of iterations                                 50000
Convergence criterion                                    0.100D-05
Maximum number of EM iterations                                500
Convergence criteria for the EM algorithm
  Loglikelihood change                                   0.100D-02
  Relative loglikelihood change                          0.100D-05
  Derivative                                             0.100D-03
Minimum variance                                         0.100D-03
Maximum number of steepest descent iterations                   20
Maximum number of iterations for H1                          50000
Convergence criterion for H1                             0.100D-03
Optimization algorithm                                         EMA

Input data file(s)
  Mplus_files_Results/msst_long_trunc_n50_i5_nt5_na0.dat
Input data format  FREE


SUMMARY OF DATA

     Number of missing data patterns             1
     Number of clusters                         50

     Average cluster size        5.000

     Estimated Intraclass Correlations for the Y Variables

                Intraclass              Intraclass              Intraclass
     Variable  Correlation   Variable  Correlation   Variable  Correlation

     Y1           0.276      Y2           0.474      Y3           0.240
     Y4           0.343      Y5           0.294



COVARIANCE COVERAGE OF DATA

Minimum covariance coverage value   0.100


     PROPORTION OF DATA PRESENT


           Covariance Coverage
              Y1            Y2            Y3            Y4            Y5
              ________      ________      ________      ________      ________
 Y1             1.000
 Y2             1.000         1.000
 Y3             1.000         1.000         1.000
 Y4             1.000         1.000         1.000         1.000
 Y5             1.000         1.000         1.000         1.000         1.000



UNIVARIATE SAMPLE STATISTICS


     UNIVARIATE HIGHER-ORDER MOMENT DESCRIPTIVE STATISTICS

         Variable/         Mean/     Skewness/   Minimum/ % with                Percentiles
        Sample Size      Variance    Kurtosis    Maximum  Min/Max      20%/60%    40%/80%    Median

     Y1                    3.660       0.248       0.000    5.60%       2.000      3.000      4.000
             250.000       4.016      -0.455       9.000    0.40%       4.000      5.000
     Y2                    2.912       0.159       0.000    4.80%       2.000      3.000      3.000
             250.000       1.880       0.320       7.000    1.20%       3.000      4.000
     Y3                    4.908       0.123      -2.000    0.40%       3.000      4.000      5.000
             250.000       5.956      -0.142      12.000    0.40%       5.000      7.000
     Y4                    3.800       0.104       0.000    2.40%       2.000      3.000      4.000
             250.000       3.184      -0.329       9.000    0.40%       4.000      5.000
     Y5                    4.848       0.089      -1.000    0.40%       3.000      4.000      5.000
             250.000       4.641      -0.085      11.000    0.80%       5.000      7.000


THE MODEL ESTIMATION TERMINATED NORMALLY



MODEL FIT INFORMATION

Number of Free Parameters                       20

Loglikelihood

          H0 Value                       -2079.576
          H1 Value                       -2076.813

Information Criteria

          Akaike (AIC)                    4199.153
          Bayesian (BIC)                  4269.582
          Sample-Size Adjusted BIC        4206.180
            (n* = (n + 2) / 24)

Chi-Square Test of Model Fit

          Value                              5.526
          Degrees of Freedom                    15
          P-Value                           0.9867

RMSEA (Root Mean Square Error Of Approximation)

          Estimate                           0.000

CFI/TLI

          CFI                                1.000
          TLI                                1.016

Chi-Square Test of Model Fit for the Baseline Model

          Value                            831.515
          Degrees of Freedom                    20
          P-Value                           0.0000

SRMR (Standardized Root Mean Square Residual)

          Value for Within                   0.014
          Value for Between                  0.019



MODEL RESULTS

                                                    Two-Tailed
                    Estimate       S.E.  Est./S.E.    P-Value

Within Level

 ETA      BY
    Y1                 1.000      0.000    999.000    999.000
    Y2                 0.474      0.047     10.162      0.000
    Y3                 1.181      0.099     11.935      0.000
    Y4                 0.827      0.066     12.543      0.000
    Y5                 1.065      0.082     13.051      0.000

 Variances
    ETA                1.955      0.292      6.695      0.000

 Residual Variances
    Y1                 1.064      0.127      8.394      0.000
    Y2                 0.547      0.058      9.488      0.000
    Y3                 1.875      0.209      8.975      0.000
    Y4                 0.747      0.088      8.502      0.000
    Y5                 1.122      0.136      8.236      0.000

Between Level

 THETA1   BY
    Y1                 1.000      0.000    999.000    999.000

 THETA2   BY
    Y2                 1.000      0.000    999.000    999.000

 THETA3   BY
    Y3                 1.000      0.000    999.000    999.000

 THETA4   BY
    Y4                 1.000      0.000    999.000    999.000

 THETA5   BY
    Y5                 1.000      0.000    999.000    999.000

 THETA    BY
    THETA1             1.000      0.000    999.000    999.000
    THETA2             0.947      0.100      9.462      0.000
    THETA3             1.165      0.129      8.997      0.000
    THETA4             1.050      0.102     10.247      0.000
    THETA5             1.142      0.110     10.360      0.000

 Means
    THETA              3.660      0.179     20.453      0.000

 Intercepts
    Y1                 0.000      0.000    999.000    999.000
    Y2                 0.000      0.000    999.000    999.000
    Y3                 0.000      0.000    999.000    999.000
    Y4                 0.000      0.000    999.000    999.000
    Y5                 0.000      0.000    999.000    999.000
    THETA1             0.000      0.000    999.000    999.000
    THETA2            -0.553      0.377     -1.468      0.142
    THETA3             0.646      0.488      1.324      0.185
    THETA4            -0.043      0.386     -0.111      0.912
    THETA5             0.668      0.416      1.607      0.108

 Variances
    THETA              0.997      0.317      3.149      0.002

 Residual Variances
    Y1                 0.000      0.000    999.000    999.000
    Y2                 0.000      0.000    999.000    999.000
    Y3                 0.000      0.000    999.000    999.000
    Y4                 0.000      0.000    999.000    999.000
    Y5                 0.000      0.000    999.000    999.000
    THETA1             0.000      0.000    999.000    999.000
    THETA2             0.000      0.000    999.000    999.000
    THETA3             0.000      0.000    999.000    999.000
    THETA4             0.000      0.000    999.000    999.000
    THETA5             0.000      0.000    999.000    999.000


QUALITY OF NUMERICAL RESULTS

     Condition Number for the Information Matrix              0.130E-03
       (ratio of smallest to largest eigenvalue)


     Beginning Time:  16:46:41
        Ending Time:  16:46:42
       Elapsed Time:  00:00:01



MUTHEN & MUTHEN
3463 Stoner Ave.
Los Angeles, CA  90066

Tel: (310) 391-9971
Fax: (310) 391-8971
Web: www.StatModel.com
Support: Support@StatModel.com

Copyright (c) 1998-2017 Muthen & Muthen
