Mplus VERSION 8
MUTHEN & MUTHEN
02/19/2019  10:33 AM

INPUT INSTRUCTIONS

  TITLE: Your title goes here
  DATA: FILE = "Mplus_files_Results/msst_wide_n100_i3_nt5_na0.1.dat";
  VARIABLE:
  NAMES = subjn y11 y21 y31 y12 y22 y32 y13 y23 y33 y14 y24 y34 y15 y25 y35;
  MISSING=.;
  USEVAR = y11
  y21
  y31
  y12
  y22
  y32
  y13
  y23
  y33
  y14
  y24
  y34
  y15
  y25
  y35 ;


  ANALYSIS:
  TYPE = GENERAL ;
  ESTIMATOR = ML ;
  ITERATIONS = 50000 ;
  H1ITERATIONS = 50000 ;


  MODEL:

  ! Latent state variables
  eta1 BY y11@1
  y21 (las21)
  y31 (las31) ;
  eta2 BY y12@1
  y22 (las21)
  y32 (las31) ;
  eta3 BY y13@1
  y23 (las21)
  y33 (las31) ;
  eta4 BY y14@1
  y24 (las21)
  y34 (las31) ;
  eta5 BY y15@1
  y25 (las21)
  y35 (las31) ;

  ! Latent trait variables
  theta1 BY y11@1
  y21 (lat21)
  y31 (lat31)
  y12@1
  y22 (lat21)
  y32 (lat31)
  y13@1
  y23 (lat21)
  y33 (lat31)
  y14@1
  y24 (lat21)
  y34 (lat31)
  y15@1
  y25 (lat21)
  y35 (lat31) ;

  ! Intercepts and means

  [y11@0] ;
  [y21*] (int21) ;
  [y31*] (int31) ;
  [y12@0] ;
  [y22*] (int21) ;
  [y32*] (int31) ;
  [y13@0] ;
  [y23*] (int21) ;
  [y33*] (int31) ;
  [y14@0] ;
  [y24*] (int21) ;
  [y34*] (int31) ;
  [y15@0] ;
  [y25*] (int21) ;
  [y35*] (int31) ;
  [theta1*] ;

  ! Variance components
  y11(o_err11) ;
  y21(o_err21) ;
  y31(o_err31) ;
  y12(o_err11) ;
  y22(o_err21) ;
  y32(o_err31) ;
  y13(o_err11) ;
  y23(o_err21) ;
  y33(o_err31) ;
  y14(o_err11) ;
  y24(o_err21) ;
  y34(o_err31) ;
  y15(o_err11) ;
  y25(o_err21) ;
  y35(o_err31) ;
  eta1(s_var11) ;
  eta2(s_var11) ;
  eta3(s_var11) ;
  eta4(s_var11) ;
  eta5(s_var11) ;
  theta1(t_var1) ;

  ! Set zero covariances
  eta1 WITH eta2@0
  eta3@0
  eta4@0
  eta5@0
  theta1@0 ;
  eta2 WITH eta3@0
  eta4@0
  eta5@0
  theta1@0 ;
  eta3 WITH eta4@0
  eta5@0
  theta1@0 ;
  eta4 WITH eta5@0
  theta1@0 ;
  eta5 WITH theta1@0 ;



INPUT READING TERMINATED NORMALLY



Your title goes here

SUMMARY OF ANALYSIS

Number of groups                                                 1
Number of observations                                         100

Number of dependent variables                                   15
Number of independent variables                                  0
Number of continuous latent variables                            6

Observed dependent variables

  Continuous
   Y11         Y21         Y31         Y12         Y22         Y32
   Y13         Y23         Y33         Y14         Y24         Y34
   Y15         Y25         Y35

Continuous latent variables
   ETA1        ETA2        ETA3        ETA4        ETA5        THETA1


Estimator                                                       ML
Information matrix                                        OBSERVED
Maximum number of iterations                                 50000
Convergence criterion                                    0.500D-04
Maximum number of steepest descent iterations                   20
Maximum number of iterations for H1                          50000
Convergence criterion for H1                             0.100D-03

Input data file(s)
  Mplus_files_Results/msst_wide_n100_i3_nt5_na0.1.dat

Input data format  FREE


SUMMARY OF DATA

     Number of missing data patterns            49


COVARIANCE COVERAGE OF DATA

Minimum covariance coverage value   0.100


     PROPORTION OF DATA PRESENT


           Covariance Coverage
              Y11           Y21           Y31           Y12           Y22
              ________      ________      ________      ________      ________
 Y11            0.950
 Y21            0.870         0.910
 Y31            0.820         0.780         0.860
 Y12            0.870         0.820         0.770         0.900
 Y22            0.860         0.820         0.770         0.820         0.900
 Y32            0.880         0.840         0.800         0.840         0.840
 Y13            0.900         0.860         0.820         0.860         0.850
 Y23            0.830         0.790         0.730         0.790         0.800
 Y33            0.880         0.850         0.800         0.820         0.830
 Y14            0.860         0.830         0.770         0.820         0.820
 Y24            0.890         0.850         0.790         0.830         0.840
 Y34            0.900         0.850         0.810         0.860         0.850
 Y15            0.900         0.870         0.820         0.860         0.860
 Y25            0.880         0.840         0.810         0.830         0.830
 Y35            0.890         0.850         0.800         0.840         0.850


           Covariance Coverage
              Y32           Y13           Y23           Y33           Y14
              ________      ________      ________      ________      ________
 Y32            0.930
 Y13            0.880         0.950
 Y23            0.810         0.830         0.870
 Y33            0.860         0.870         0.810         0.920
 Y14            0.850         0.870         0.790         0.850         0.910
 Y24            0.850         0.870         0.810         0.850         0.830
 Y34            0.870         0.900         0.830         0.860         0.860
 Y15            0.880         0.910         0.840         0.870         0.870
 Y25            0.860         0.890         0.800         0.850         0.850
 Y35            0.870         0.890         0.810         0.860         0.850


           Covariance Coverage
              Y24           Y34           Y15           Y25           Y35
              ________      ________      ________      ________      ________
 Y24            0.920
 Y34            0.870         0.940
 Y15            0.870         0.890         0.950
 Y25            0.850         0.870         0.880         0.930
 Y35            0.870         0.880         0.890         0.870         0.940



UNIVARIATE SAMPLE STATISTICS


     UNIVARIATE HIGHER-ORDER MOMENT DESCRIPTIVE STATISTICS

         Variable/         Mean/     Skewness/   Minimum/ % with                Percentiles
        Sample Size      Variance    Kurtosis    Maximum  Min/Max      20%/60%    40%/80%    Median

     Y11                   4.378      -0.452      -4.651    1.05%       2.270      3.779      4.611
              95.000       5.304       1.291       9.689    1.05%       4.907      6.135
     Y21                   3.654      -0.230      -0.733    1.10%       2.434      3.214      3.692
              91.000       2.282       0.371       7.131    1.10%       4.073      5.002
     Y31                   5.237      -0.365      -4.026    1.16%       2.768      4.470      5.411
              86.000       8.183       0.514      12.174    1.16%       6.077      7.567
     Y12                   4.218       0.131      -0.340    1.11%       2.525      3.482      3.850
              90.000       4.333      -0.649       9.144    1.11%       4.610      6.325
     Y22                   3.565       0.008       0.393    1.11%       2.205      3.067      3.535
              90.000       2.016      -0.646       6.551    1.11%       3.890      4.799
     Y32                   5.684      -0.196      -0.695    1.08%       3.673      5.249      5.768
              93.000       6.021      -0.157      11.323    1.08%       6.133      7.715
     Y13                   4.056      -0.064      -0.343    1.05%       2.518      3.916      4.273
              95.000       3.644       0.281      10.155    1.05%       4.552      5.604
     Y23                   3.493      -0.214       1.002    1.15%       2.084      3.300      3.685
              87.000       1.565      -0.877       5.811    1.15%       3.931      4.577
     Y33                   5.326      -0.333      -0.998    1.09%       3.124      5.067      5.530
              92.000       6.717      -0.139      10.307    1.09%       5.849      7.429
     Y14                   4.241       0.372      -0.361    1.10%       1.964      3.516      4.196
              91.000       4.656      -0.046      10.813    1.10%       4.807      6.054
     Y24                   3.503       0.359       0.754    1.09%       2.127      3.145      3.588
              92.000       1.978       0.522       7.940    1.09%       3.924      4.476
     Y34                   5.710      -0.041      -0.322    1.06%       3.381      5.385      5.961
              94.000       6.542      -0.453      12.234    1.06%       6.537      7.796
     Y15                   4.129       0.052      -1.566    1.05%       2.458      3.598      3.986
              95.000       4.990      -0.062       9.239    1.05%       4.363      6.043
     Y25                   3.287      -0.020      -0.733    1.08%       2.200      2.948      3.171
              93.000       1.978      -0.009       6.753    1.08%       3.735      4.420
     Y35                   5.246       0.330       0.405    1.06%       2.820      4.681      5.285
              94.000       5.947       0.349      13.831    1.06%       5.901      6.980


THE MODEL ESTIMATION TERMINATED NORMALLY



MODEL FIT INFORMATION

Number of Free Parameters                       12

Loglikelihood

          H0 Value                       -2409.031
          H1 Value                       -2349.596

Information Criteria

          Akaike (AIC)                    4842.062
          Bayesian (BIC)                  4873.324
          Sample-Size Adjusted BIC        4835.425
            (n* = (n + 2) / 24)

Chi-Square Test of Model Fit

          Value                            118.870
          Degrees of Freedom                   123
          P-Value                           0.5885

RMSEA (Root Mean Square Error Of Approximation)

          Estimate                           0.000
          90 Percent C.I.                    0.000  0.045
          Probability RMSEA <= .05           0.973

CFI/TLI

          CFI                                1.000
          TLI                                1.004

Chi-Square Test of Model Fit for the Baseline Model

          Value                           1087.877
          Degrees of Freedom                   105
          P-Value                           0.0000

SRMR (Standardized Root Mean Square Residual)

          Value                              0.084



MODEL RESULTS

                                                    Two-Tailed
                    Estimate       S.E.  Est./S.E.    P-Value

 ETA1     BY
    Y11                1.000      0.000    999.000    999.000
    Y21                0.460      0.037     12.373      0.000
    Y31                1.100      0.086     12.827      0.000

 ETA2     BY
    Y12                1.000      0.000    999.000    999.000
    Y22                0.460      0.037     12.373      0.000
    Y32                1.100      0.086     12.827      0.000

 ETA3     BY
    Y13                1.000      0.000    999.000    999.000
    Y23                0.460      0.037     12.373      0.000
    Y33                1.100      0.086     12.827      0.000

 ETA4     BY
    Y14                1.000      0.000    999.000    999.000
    Y24                0.460      0.037     12.373      0.000
    Y34                1.100      0.086     12.827      0.000

 ETA5     BY
    Y15                1.000      0.000    999.000    999.000
    Y25                0.460      0.037     12.373      0.000
    Y35                1.100      0.086     12.827      0.000

 THETA1   BY
    Y11                1.000      0.000    999.000    999.000
    Y21                0.789      0.046     17.311      0.000
    Y31                1.185      0.072     16.444      0.000
    Y12                1.000      0.000    999.000    999.000
    Y22                0.789      0.046     17.311      0.000
    Y32                1.185      0.072     16.444      0.000
    Y13                1.000      0.000    999.000    999.000
    Y23                0.789      0.046     17.311      0.000
    Y33                1.185      0.072     16.444      0.000
    Y14                1.000      0.000    999.000    999.000
    Y24                0.789      0.046     17.311      0.000
    Y34                1.185      0.072     16.444      0.000
    Y15                1.000      0.000    999.000    999.000
    Y25                0.789      0.046     17.311      0.000
    Y35                1.185      0.072     16.444      0.000

 ETA1     WITH
    ETA2               0.000      0.000    999.000    999.000
    ETA3               0.000      0.000    999.000    999.000
    ETA4               0.000      0.000    999.000    999.000
    ETA5               0.000      0.000    999.000    999.000
    THETA1             0.000      0.000    999.000    999.000

 ETA2     WITH
    ETA3               0.000      0.000    999.000    999.000
    ETA4               0.000      0.000    999.000    999.000
    ETA5               0.000      0.000    999.000    999.000
    THETA1             0.000      0.000    999.000    999.000

 ETA3     WITH
    ETA4               0.000      0.000    999.000    999.000
    ETA5               0.000      0.000    999.000    999.000
    THETA1             0.000      0.000    999.000    999.000

 ETA4     WITH
    ETA5               0.000      0.000    999.000    999.000
    THETA1             0.000      0.000    999.000    999.000

 ETA5     WITH
    THETA1             0.000      0.000    999.000    999.000

 Means
    THETA1             4.181      0.147     28.359      0.000

 Intercepts
    Y11                0.000      0.000    999.000    999.000
    Y21                0.194      0.198      0.980      0.327
    Y31                0.461      0.313      1.476      0.140
    Y12                0.000      0.000    999.000    999.000
    Y22                0.194      0.198      0.980      0.327
    Y32                0.461      0.313      1.476      0.140
    Y13                0.000      0.000    999.000    999.000
    Y23                0.194      0.198      0.980      0.327
    Y33                0.461      0.313      1.476      0.140
    Y14                0.000      0.000    999.000    999.000
    Y24                0.194      0.198      0.980      0.327
    Y34                0.461      0.313      1.476      0.140
    Y15                0.000      0.000    999.000    999.000
    Y25                0.194      0.198      0.980      0.327
    Y35                0.461      0.313      1.476      0.140

 Variances
    ETA1               2.219      0.244      9.087      0.000
    ETA2               2.219      0.244      9.087      0.000
    ETA3               2.219      0.244      9.087      0.000
    ETA4               2.219      0.244      9.087      0.000
    ETA5               2.219      0.244      9.087      0.000
    THETA1             1.553      0.304      5.110      0.000

 Residual Variances
    Y11                0.775      0.140      5.546      0.000
    Y21                0.528      0.046     11.445      0.000
    Y31                1.770      0.198      8.941      0.000
    Y12                0.775      0.140      5.546      0.000
    Y22                0.528      0.046     11.445      0.000
    Y32                1.770      0.198      8.941      0.000
    Y13                0.775      0.140      5.546      0.000
    Y23                0.528      0.046     11.445      0.000
    Y33                1.770      0.198      8.941      0.000
    Y14                0.775      0.140      5.546      0.000
    Y24                0.528      0.046     11.445      0.000
    Y34                1.770      0.198      8.941      0.000
    Y15                0.775      0.140      5.546      0.000
    Y25                0.528      0.046     11.445      0.000
    Y35                1.770      0.198      8.941      0.000


QUALITY OF NUMERICAL RESULTS

     Condition Number for the Information Matrix              0.674E-03
       (ratio of smallest to largest eigenvalue)


     Beginning Time:  10:33:36
        Ending Time:  10:33:36
       Elapsed Time:  00:00:00



MUTHEN & MUTHEN
3463 Stoner Ave.
Los Angeles, CA  90066

Tel: (310) 391-9971
Fax: (310) 391-8971
Web: www.StatModel.com
Support: Support@StatModel.com

Copyright (c) 1998-2017 Muthen & Muthen
