Mplus VERSION 8
MUTHEN & MUTHEN
02/18/2019   4:49 PM

INPUT INSTRUCTIONS

  TITLE: Your title goes here
  DATA: FILE = "Mplus_files_Results/msst_wide_n500_i5_nt5_na0.dat";
  VARIABLE:
  NAMES = subjn y11 y21 y31 y41 y51 y12 y22 y32 y42 y52 y13 y23 y33 y43 y53 y14 y24
       y34 y44 y54 y15 y25 y35 y45 y55;
  MISSING=.;
  USEVAR = y11
  y21
  y31
  y41
  y51
  y12
  y22
  y32
  y42
  y52
  y13
  y23
  y33
  y43
  y53
  y14
  y24
  y34
  y44
  y54
  y15
  y25
  y35
  y45
  y55 ;


  ANALYSIS:
  TYPE = GENERAL ;
  ESTIMATOR = ML ;
  ITERATIONS = 50000 ;
  H1ITERATIONS = 50000 ;


  MODEL:

  ! Latent state variables
  eta1 BY y11@1
  y21 (las21)
  y31 (las31)
  y41 (las41)
  y51 (las51) ;
  eta2 BY y12@1
  y22 (las21)
  y32 (las31)
  y42 (las41)
  y52 (las51) ;
  eta3 BY y13@1
  y23 (las21)
  y33 (las31)
  y43 (las41)
  y53 (las51) ;
  eta4 BY y14@1
  y24 (las21)
  y34 (las31)
  y44 (las41)
  y54 (las51) ;
  eta5 BY y15@1
  y25 (las21)
  y35 (las31)
  y45 (las41)
  y55 (las51) ;

  ! Latent trait variables
  theta1 BY y11@1
  y21 (lat21)
  y31 (lat31)
  y41 (lat41)
  y51 (lat51)
  y12@1
  y22 (lat21)
  y32 (lat31)
  y42 (lat41)
  y52 (lat51)
  y13@1
  y23 (lat21)
  y33 (lat31)
  y43 (lat41)
  y53 (lat51)
  y14@1
  y24 (lat21)
  y34 (lat31)
  y44 (lat41)
  y54 (lat51)
  y15@1
  y25 (lat21)
  y35 (lat31)
  y45 (lat41)
  y55 (lat51) ;

  ! Intercepts and means

  [y11@0] ;
  [y21*] (int21) ;
  [y31*] (int31) ;
  [y41*] (int41) ;
  [y51*] (int51) ;
  [y12@0] ;
  [y22*] (int21) ;
  [y32*] (int31) ;
  [y42*] (int41) ;
  [y52*] (int51) ;
  [y13@0] ;
  [y23*] (int21) ;
  [y33*] (int31) ;
  [y43*] (int41) ;
  [y53*] (int51) ;
  [y14@0] ;
  [y24*] (int21) ;
  [y34*] (int31) ;
  [y44*] (int41) ;
  [y54*] (int51) ;
  [y15@0] ;
  [y25*] (int21) ;
  [y35*] (int31) ;
  [y45*] (int41) ;
  [y55*] (int51) ;
  [theta1*] ;

  ! Variance components
  y11(o_err11) ;
  y21(o_err21) ;
  y31(o_err31) ;
  y41(o_err41) ;
  y51(o_err51) ;
  y12(o_err11) ;
  y22(o_err21) ;
  y32(o_err31) ;
  y42(o_err41) ;
  y52(o_err51) ;
  y13(o_err11) ;
  y23(o_err21) ;
  y33(o_err31) ;
  y43(o_err41) ;
  y53(o_err51) ;
  y14(o_err11) ;
  y24(o_err21) ;
  y34(o_err31) ;
  y44(o_err41) ;
  y54(o_err51) ;
  y15(o_err11) ;
  y25(o_err21) ;
  y35(o_err31) ;
  y45(o_err41) ;
  y55(o_err51) ;
  eta1(s_var11) ;
  eta2(s_var11) ;
  eta3(s_var11) ;
  eta4(s_var11) ;
  eta5(s_var11) ;
  theta1(t_var1) ;

  ! Set zero covariances
  eta1 WITH eta2@0
  eta3@0
  eta4@0
  eta5@0
  theta1@0 ;
  eta2 WITH eta3@0
  eta4@0
  eta5@0
  theta1@0 ;
  eta3 WITH eta4@0
  eta5@0
  theta1@0 ;
  eta4 WITH eta5@0
  theta1@0 ;
  eta5 WITH theta1@0 ;



INPUT READING TERMINATED NORMALLY



Your title goes here

SUMMARY OF ANALYSIS

Number of groups                                                 1
Number of observations                                         500

Number of dependent variables                                   25
Number of independent variables                                  0
Number of continuous latent variables                            6

Observed dependent variables

  Continuous
   Y11         Y21         Y31         Y41         Y51         Y12
   Y22         Y32         Y42         Y52         Y13         Y23
   Y33         Y43         Y53         Y14         Y24         Y34
   Y44         Y54         Y15         Y25         Y35         Y45
   Y55

Continuous latent variables
   ETA1        ETA2        ETA3        ETA4        ETA5        THETA1


Estimator                                                       ML
Information matrix                                        OBSERVED
Maximum number of iterations                                 50000
Convergence criterion                                    0.500D-04
Maximum number of steepest descent iterations                   20
Maximum number of iterations for H1                          50000
Convergence criterion for H1                             0.100D-03

Input data file(s)
  Mplus_files_Results/msst_wide_n500_i5_nt5_na0.dat

Input data format  FREE


SUMMARY OF DATA

     Number of missing data patterns             1


COVARIANCE COVERAGE OF DATA

Minimum covariance coverage value   0.100


     PROPORTION OF DATA PRESENT


           Covariance Coverage
              Y11           Y21           Y31           Y41           Y51
              ________      ________      ________      ________      ________
 Y11            1.000
 Y21            1.000         1.000
 Y31            1.000         1.000         1.000
 Y41            1.000         1.000         1.000         1.000
 Y51            1.000         1.000         1.000         1.000         1.000
 Y12            1.000         1.000         1.000         1.000         1.000
 Y22            1.000         1.000         1.000         1.000         1.000
 Y32            1.000         1.000         1.000         1.000         1.000
 Y42            1.000         1.000         1.000         1.000         1.000
 Y52            1.000         1.000         1.000         1.000         1.000
 Y13            1.000         1.000         1.000         1.000         1.000
 Y23            1.000         1.000         1.000         1.000         1.000
 Y33            1.000         1.000         1.000         1.000         1.000
 Y43            1.000         1.000         1.000         1.000         1.000
 Y53            1.000         1.000         1.000         1.000         1.000
 Y14            1.000         1.000         1.000         1.000         1.000
 Y24            1.000         1.000         1.000         1.000         1.000
 Y34            1.000         1.000         1.000         1.000         1.000
 Y44            1.000         1.000         1.000         1.000         1.000
 Y54            1.000         1.000         1.000         1.000         1.000
 Y15            1.000         1.000         1.000         1.000         1.000
 Y25            1.000         1.000         1.000         1.000         1.000
 Y35            1.000         1.000         1.000         1.000         1.000
 Y45            1.000         1.000         1.000         1.000         1.000
 Y55            1.000         1.000         1.000         1.000         1.000


           Covariance Coverage
              Y12           Y22           Y32           Y42           Y52
              ________      ________      ________      ________      ________
 Y12            1.000
 Y22            1.000         1.000
 Y32            1.000         1.000         1.000
 Y42            1.000         1.000         1.000         1.000
 Y52            1.000         1.000         1.000         1.000         1.000
 Y13            1.000         1.000         1.000         1.000         1.000
 Y23            1.000         1.000         1.000         1.000         1.000
 Y33            1.000         1.000         1.000         1.000         1.000
 Y43            1.000         1.000         1.000         1.000         1.000
 Y53            1.000         1.000         1.000         1.000         1.000
 Y14            1.000         1.000         1.000         1.000         1.000
 Y24            1.000         1.000         1.000         1.000         1.000
 Y34            1.000         1.000         1.000         1.000         1.000
 Y44            1.000         1.000         1.000         1.000         1.000
 Y54            1.000         1.000         1.000         1.000         1.000
 Y15            1.000         1.000         1.000         1.000         1.000
 Y25            1.000         1.000         1.000         1.000         1.000
 Y35            1.000         1.000         1.000         1.000         1.000
 Y45            1.000         1.000         1.000         1.000         1.000
 Y55            1.000         1.000         1.000         1.000         1.000


           Covariance Coverage
              Y13           Y23           Y33           Y43           Y53
              ________      ________      ________      ________      ________
 Y13            1.000
 Y23            1.000         1.000
 Y33            1.000         1.000         1.000
 Y43            1.000         1.000         1.000         1.000
 Y53            1.000         1.000         1.000         1.000         1.000
 Y14            1.000         1.000         1.000         1.000         1.000
 Y24            1.000         1.000         1.000         1.000         1.000
 Y34            1.000         1.000         1.000         1.000         1.000
 Y44            1.000         1.000         1.000         1.000         1.000
 Y54            1.000         1.000         1.000         1.000         1.000
 Y15            1.000         1.000         1.000         1.000         1.000
 Y25            1.000         1.000         1.000         1.000         1.000
 Y35            1.000         1.000         1.000         1.000         1.000
 Y45            1.000         1.000         1.000         1.000         1.000
 Y55            1.000         1.000         1.000         1.000         1.000


           Covariance Coverage
              Y14           Y24           Y34           Y44           Y54
              ________      ________      ________      ________      ________
 Y14            1.000
 Y24            1.000         1.000
 Y34            1.000         1.000         1.000
 Y44            1.000         1.000         1.000         1.000
 Y54            1.000         1.000         1.000         1.000         1.000
 Y15            1.000         1.000         1.000         1.000         1.000
 Y25            1.000         1.000         1.000         1.000         1.000
 Y35            1.000         1.000         1.000         1.000         1.000
 Y45            1.000         1.000         1.000         1.000         1.000
 Y55            1.000         1.000         1.000         1.000         1.000


           Covariance Coverage
              Y15           Y25           Y35           Y45           Y55
              ________      ________      ________      ________      ________
 Y15            1.000
 Y25            1.000         1.000
 Y35            1.000         1.000         1.000
 Y45            1.000         1.000         1.000         1.000
 Y55            1.000         1.000         1.000         1.000         1.000



UNIVARIATE SAMPLE STATISTICS


     UNIVARIATE HIGHER-ORDER MOMENT DESCRIPTIVE STATISTICS

         Variable/         Mean/     Skewness/   Minimum/ % with                Percentiles
        Sample Size      Variance    Kurtosis    Maximum  Min/Max      20%/60%    40%/80%    Median

     Y11                   4.023       0.074      -1.973    0.20%       2.048      3.371      4.037
             500.000       5.170      -0.206      11.070    0.20%       4.636      5.914
     Y21                   3.469       0.031      -0.783    0.20%       2.139      3.170      3.514
             500.000       2.219       0.047       8.012    0.20%       3.824      4.596
     Y31                   5.289       0.079      -2.180    0.20%       2.998      4.390      5.319
             500.000       7.827      -0.100      13.175    0.20%       5.945      7.590
     Y41                   4.264       0.132      -0.875    0.20%       2.517      3.704      4.117
             500.000       3.568      -0.201      10.349    0.20%       4.738      5.962
     Y51                   5.324       0.067      -0.364    0.20%       3.266      4.550      5.188
             500.000       5.855      -0.505      11.710    0.20%       5.940      7.606
     Y12                   4.051       0.050      -2.570    0.20%       2.145      3.487      4.049
             500.000       5.110      -0.142      10.334    0.20%       4.630      5.857
     Y22                   3.444       0.032      -1.370    0.20%       2.168      3.083      3.489
             500.000       2.293       0.115       8.153    0.20%       3.819      4.682
     Y32                   5.222       0.216      -1.772    0.20%       2.846      4.454      5.125
             500.000       7.775      -0.171      13.232    0.20%       5.765      7.565
     Y42                   4.247       0.060      -0.912    0.20%       2.600      3.736      4.228
             500.000       3.858      -0.227       9.751    0.20%       4.608      6.024
     Y52                   5.394       0.122      -1.141    0.20%       3.263      4.712      5.315
             500.000       6.313      -0.119      13.867    0.20%       5.900      7.556
     Y13                   4.006      -0.028      -3.539    0.20%       2.092      3.465      4.044
             500.000       4.765      -0.186      10.578    0.20%       4.622      5.947
     Y23                   3.412      -0.011      -1.131    0.20%       2.194      3.011      3.390
             500.000       2.129       0.041       7.185    0.20%       3.762      4.704
     Y33                   5.315       0.029      -1.930    0.20%       3.021      4.587      5.168
             500.000       7.117      -0.269      13.633    0.20%       6.053      7.649
     Y43                   4.166       0.061      -0.553    0.20%       2.682      3.711      4.132
             500.000       3.505      -0.099       9.554    0.20%       4.663      5.741
     Y53                   5.235       0.082      -1.648    0.20%       3.144      4.605      5.345
             500.000       5.655      -0.029      12.888    0.20%       5.821      7.155
     Y14                   4.153       0.058      -2.131    0.20%       2.397      3.578      4.258
             500.000       4.598      -0.033      10.815    0.20%       4.677      5.956
     Y24                   3.478       0.058      -1.223    0.20%       2.157      3.107      3.418
             500.000       2.249      -0.143       8.104    0.20%       3.801      4.779
     Y34                   5.358       0.210      -2.225    0.20%       2.958      4.610      5.358
             500.000       7.666       0.149      14.600    0.20%       6.043      7.501
     Y44                   4.303       0.115      -1.211    0.20%       2.578      3.800      4.218
             500.000       3.849      -0.192       9.772    0.20%       4.698      5.907
     Y54                   5.312       0.032      -2.171    0.20%       3.259      4.585      5.286
             500.000       5.874      -0.243      12.206    0.20%       5.890      7.381
     Y15                   4.007      -0.117      -2.827    0.20%       2.196      3.530      4.055
             500.000       4.688       0.036      10.677    0.20%       4.490      5.895
     Y25                   3.420       0.131      -0.719    0.20%       2.253      2.974      3.382
             500.000       2.132       0.017       7.999    0.20%       3.798      4.572
     Y35                   5.170       0.068      -2.575    0.20%       2.902      4.571      5.132
             500.000       7.406       0.168      14.336    0.20%       5.802      7.459
     Y45                   4.231       0.101      -1.691    0.20%       2.727      3.795      4.264
             500.000       3.319       0.182      10.063    0.20%       4.664      5.670
     Y55                   5.253       0.026      -1.732    0.20%       3.327      4.674      5.298
             500.000       5.677       0.350      13.691    0.20%       5.895      7.166


THE MODEL ESTIMATION TERMINATED NORMALLY



MODEL FIT INFORMATION

Number of Free Parameters                       20

Loglikelihood

          H0 Value                      -20646.757
          H1 Value                      -20468.322

Information Criteria

          Akaike (AIC)                   41333.515
          Bayesian (BIC)                 41417.807
          Sample-Size Adjusted BIC       41354.326
            (n* = (n + 2) / 24)

Chi-Square Test of Model Fit

          Value                            356.871
          Degrees of Freedom                   330
          P-Value                           0.1481

RMSEA (Root Mean Square Error Of Approximation)

          Estimate                           0.013
          90 Percent C.I.                    0.000  0.022
          Probability RMSEA <= .05           1.000

CFI/TLI

          CFI                                0.998
          TLI                                0.998

Chi-Square Test of Model Fit for the Baseline Model

          Value                          13156.394
          Degrees of Freedom                   300
          P-Value                           0.0000

SRMR (Standardized Root Mean Square Residual)

          Value                              0.028



MODEL RESULTS

                                                    Two-Tailed
                    Estimate       S.E.  Est./S.E.    P-Value

 ETA1     BY
    Y11                1.000      0.000    999.000    999.000
    Y21                0.493      0.014     35.167      0.000
    Y31                1.247      0.030     42.169      0.000
    Y41                0.790      0.020     39.186      0.000
    Y51                1.116      0.026     42.638      0.000

 ETA2     BY
    Y12                1.000      0.000    999.000    999.000
    Y22                0.493      0.014     35.167      0.000
    Y32                1.247      0.030     42.169      0.000
    Y42                0.790      0.020     39.186      0.000
    Y52                1.116      0.026     42.638      0.000

 ETA3     BY
    Y13                1.000      0.000    999.000    999.000
    Y23                0.493      0.014     35.167      0.000
    Y33                1.247      0.030     42.169      0.000
    Y43                0.790      0.020     39.186      0.000
    Y53                1.116      0.026     42.638      0.000

 ETA4     BY
    Y14                1.000      0.000    999.000    999.000
    Y24                0.493      0.014     35.167      0.000
    Y34                1.247      0.030     42.169      0.000
    Y44                0.790      0.020     39.186      0.000
    Y54                1.116      0.026     42.638      0.000

 ETA5     BY
    Y15                1.000      0.000    999.000    999.000
    Y25                0.493      0.014     35.167      0.000
    Y35                1.247      0.030     42.169      0.000
    Y45                0.790      0.020     39.186      0.000
    Y55                1.116      0.026     42.638      0.000

 THETA1   BY
    Y11                1.000      0.000    999.000    999.000
    Y21                0.797      0.017     45.554      0.000
    Y31                1.237      0.027     46.486      0.000
    Y41                0.900      0.020     45.401      0.000
    Y51                1.074      0.023     46.041      0.000
    Y12                1.000      0.000    999.000    999.000
    Y22                0.797      0.017     45.554      0.000
    Y32                1.237      0.027     46.486      0.000
    Y42                0.900      0.020     45.401      0.000
    Y52                1.074      0.023     46.041      0.000
    Y13                1.000      0.000    999.000    999.000
    Y23                0.797      0.017     45.554      0.000
    Y33                1.237      0.027     46.486      0.000
    Y43                0.900      0.020     45.401      0.000
    Y53                1.074      0.023     46.041      0.000
    Y14                1.000      0.000    999.000    999.000
    Y24                0.797      0.017     45.554      0.000
    Y34                1.237      0.027     46.486      0.000
    Y44                0.900      0.020     45.401      0.000
    Y54                1.074      0.023     46.041      0.000
    Y15                1.000      0.000    999.000    999.000
    Y25                0.797      0.017     45.554      0.000
    Y35                1.237      0.027     46.486      0.000
    Y45                0.900      0.020     45.401      0.000
    Y55                1.074      0.023     46.041      0.000

 ETA1     WITH
    ETA2               0.000      0.000    999.000    999.000
    ETA3               0.000      0.000    999.000    999.000
    ETA4               0.000      0.000    999.000    999.000
    ETA5               0.000      0.000    999.000    999.000
    THETA1             0.000      0.000    999.000    999.000

 ETA2     WITH
    ETA3               0.000      0.000    999.000    999.000
    ETA4               0.000      0.000    999.000    999.000
    ETA5               0.000      0.000    999.000    999.000
    THETA1             0.000      0.000    999.000    999.000

 ETA3     WITH
    ETA4               0.000      0.000    999.000    999.000
    ETA5               0.000      0.000    999.000    999.000
    THETA1             0.000      0.000    999.000    999.000

 ETA4     WITH
    ETA5               0.000      0.000    999.000    999.000
    THETA1             0.000      0.000    999.000    999.000

 ETA5     WITH
    THETA1             0.000      0.000    999.000    999.000

 Means
    THETA1             4.048      0.071     56.932      0.000

 Intercepts
    Y11                0.000      0.000    999.000    999.000
    Y21                0.219      0.074      2.951      0.003
    Y31                0.263      0.113      2.325      0.020
    Y41                0.599      0.084      7.119      0.000
    Y51                0.956      0.099      9.634      0.000
    Y12                0.000      0.000    999.000    999.000
    Y22                0.219      0.074      2.951      0.003
    Y32                0.263      0.113      2.325      0.020
    Y42                0.599      0.084      7.119      0.000
    Y52                0.956      0.099      9.634      0.000
    Y13                0.000      0.000    999.000    999.000
    Y23                0.219      0.074      2.951      0.003
    Y33                0.263      0.113      2.325      0.020
    Y43                0.599      0.084      7.119      0.000
    Y53                0.956      0.099      9.634      0.000
    Y14                0.000      0.000    999.000    999.000
    Y24                0.219      0.074      2.951      0.003
    Y34                0.263      0.113      2.325      0.020
    Y44                0.599      0.084      7.119      0.000
    Y54                0.956      0.099      9.634      0.000
    Y15                0.000      0.000    999.000    999.000
    Y25                0.219      0.074      2.951      0.003
    Y35                0.263      0.113      2.325      0.020
    Y45                0.599      0.084      7.119      0.000
    Y55                0.956      0.099      9.634      0.000

 Variances
    ETA1               1.966      0.089     22.072      0.000
    ETA2               1.966      0.089     22.072      0.000
    ETA3               1.966      0.089     22.072      0.000
    ETA4               1.966      0.089     22.072      0.000
    ETA5               1.966      0.089     22.072      0.000
    THETA1             1.942      0.159     12.203      0.000

 Residual Variances
    Y11                0.961      0.036     26.562      0.000
    Y21                0.493      0.016     29.972      0.000
    Y31                1.533      0.057     26.691      0.000
    Y41                0.823      0.028     28.998      0.000
    Y51                1.187      0.045     26.387      0.000
    Y12                0.961      0.036     26.562      0.000
    Y22                0.493      0.016     29.972      0.000
    Y32                1.533      0.057     26.691      0.000
    Y42                0.823      0.028     28.998      0.000
    Y52                1.187      0.045     26.387      0.000
    Y13                0.961      0.036     26.562      0.000
    Y23                0.493      0.016     29.972      0.000
    Y33                1.533      0.057     26.691      0.000
    Y43                0.823      0.028     28.998      0.000
    Y53                1.187      0.045     26.387      0.000
    Y14                0.961      0.036     26.562      0.000
    Y24                0.493      0.016     29.972      0.000
    Y34                1.533      0.057     26.691      0.000
    Y44                0.823      0.028     28.998      0.000
    Y54                1.187      0.045     26.387      0.000
    Y15                0.961      0.036     26.562      0.000
    Y25                0.493      0.016     29.972      0.000
    Y35                1.533      0.057     26.691      0.000
    Y45                0.823      0.028     28.998      0.000
    Y55                1.187      0.045     26.387      0.000


QUALITY OF NUMERICAL RESULTS

     Condition Number for the Information Matrix              0.417E-03
       (ratio of smallest to largest eigenvalue)


     Beginning Time:  16:49:36
        Ending Time:  16:49:38
       Elapsed Time:  00:00:02



MUTHEN & MUTHEN
3463 Stoner Ave.
Los Angeles, CA  90066

Tel: (310) 391-9971
Fax: (310) 391-8971
Web: www.StatModel.com
Support: Support@StatModel.com

Copyright (c) 1998-2017 Muthen & Muthen
