Mplus VERSION 8
MUTHEN & MUTHEN
02/18/2019   4:46 PM

INPUT INSTRUCTIONS

  TITLE: Your title goes here
  DATA: FILE = "Mplus_files_Results/msst_long_n50_i5_nt5_na0.dat";
  VARIABLE:
  NAMES = subjn time y1 y2 y3 y4 y5;
  MISSING=.;
  USEVAR = y1
  y2
  y3
  y4
  y5 ;
  CLUSTER = subjn ;

  ANALYSIS:
  TYPE = TWOLEVEL ;
  ESTIMATOR = ML ;
  ITERATIONS = 50000 ;
  H1ITERATIONS = 50000 ;


  MODEL:

  %WITHIN%

  ! Latent state residual
  eta BY y1@1
  y2 (las2)
  y3 (las3)
  y4 (las4)
  y5 (las5) ;

  ! Latent errors and latent state variances
  y1(o_err1) ;
  y2(o_err2) ;
  y3(o_err3) ;
  y4(o_err4) ;
  y5(o_err5) ;
  eta(s_var) ;

  %BETWEEN%

  ! Indicator trait variables
  theta1  BY  y1@1 ;
  theta2  BY  y2@1 ;
  theta3  BY  y3@1 ;
  theta4  BY  y4@1 ;
  theta5  BY  y5@1 ;

  ! Latent trait variable
  theta BY theta1@1
  theta2 (lat2)
  theta3 (lat3)
  theta4 (lat4)
  theta5 (lat5) ;

  ! Means and Intercepts
  [y1@0] ;
  [y2@0] ;
  [y3@0] ;
  [y4@0] ;
  [y5@0] ;
  [theta1@0] ;
  [theta2*] (int2) ;
  [theta3*] (int3) ;
  [theta4*] (int4) ;
  [theta5*] (int5) ;
  [theta*] ;

  ! Fixing level-2 residual variances at 0 and latent trait variance
  y1@0;
  y2@0;
  y3@0;
  y4@0;
  y5@0;
  theta1@0;
  theta2@0;
  theta3@0;
  theta4@0;
  theta5@0;
  theta(t_var) ;



INPUT READING TERMINATED NORMALLY



Your title goes here

SUMMARY OF ANALYSIS

Number of groups                                                 1
Number of observations                                         250

Number of dependent variables                                    5
Number of independent variables                                  0
Number of continuous latent variables                            7

Observed dependent variables

  Continuous
   Y1          Y2          Y3          Y4          Y5

Continuous latent variables
   ETA         THETA1      THETA2      THETA3      THETA4      THETA5
   THETA

Variables with special functions

  Cluster variable      SUBJN

Estimator                                                       ML
Information matrix                                        OBSERVED
Maximum number of iterations                                 50000
Convergence criterion                                    0.100D-05
Maximum number of EM iterations                                500
Convergence criteria for the EM algorithm
  Loglikelihood change                                   0.100D-02
  Relative loglikelihood change                          0.100D-05
  Derivative                                             0.100D-03
Minimum variance                                         0.100D-03
Maximum number of steepest descent iterations                   20
Maximum number of iterations for H1                          50000
Convergence criterion for H1                             0.100D-03
Optimization algorithm                                         EMA

Input data file(s)
  Mplus_files_Results/msst_long_n50_i5_nt5_na0.dat
Input data format  FREE


SUMMARY OF DATA

     Number of missing data patterns             1
     Number of clusters                         50

     Average cluster size        5.000

     Estimated Intraclass Correlations for the Y Variables

                Intraclass              Intraclass              Intraclass
     Variable  Correlation   Variable  Correlation   Variable  Correlation

     Y1           0.285      Y2           0.495      Y3           0.244
     Y4           0.359      Y5           0.283



COVARIANCE COVERAGE OF DATA

Minimum covariance coverage value   0.100


     PROPORTION OF DATA PRESENT


           Covariance Coverage
              Y1            Y2            Y3            Y4            Y5
              ________      ________      ________      ________      ________
 Y1             1.000
 Y2             1.000         1.000
 Y3             1.000         1.000         1.000
 Y4             1.000         1.000         1.000         1.000
 Y5             1.000         1.000         1.000         1.000         1.000



UNIVARIATE SAMPLE STATISTICS


     UNIVARIATE HIGHER-ORDER MOMENT DESCRIPTIVE STATISTICS

         Variable/         Mean/     Skewness/   Minimum/ % with                Percentiles
        Sample Size      Variance    Kurtosis    Maximum  Min/Max      20%/60%    40%/80%    Median

     Y1                    4.131       0.095      -0.530    0.40%       2.386      3.548      4.087
             250.000       4.116      -0.325       9.143    0.40%       4.684      5.944
     Y2                    3.435       0.130      -0.670    0.40%       2.326      3.126      3.476
             250.000       1.925       0.680       7.969    0.40%       3.721      4.453
     Y3                    5.400       0.068      -2.094    0.40%       3.304      4.735      5.445
             250.000       6.123      -0.076      12.558    0.40%       5.938      7.332
     Y4                    4.287       0.108      -0.643    0.40%       2.709      3.828      4.217
             250.000       3.151      -0.166       9.662    0.40%       4.641      5.875
     Y5                    5.369      -0.025      -1.406    0.40%       3.602      4.790      5.343
             250.000       4.688       0.128      11.569    0.40%       5.839      7.139


THE MODEL ESTIMATION TERMINATED NORMALLY



MODEL FIT INFORMATION

Number of Free Parameters                       20

Loglikelihood

          H0 Value                       -2050.592
          H1 Value                       -2048.660

Information Criteria

          Akaike (AIC)                    4141.185
          Bayesian (BIC)                  4211.614
          Sample-Size Adjusted BIC        4148.212
            (n* = (n + 2) / 24)

Chi-Square Test of Model Fit

          Value                              3.865
          Degrees of Freedom                    15
          P-Value                           0.9981

RMSEA (Root Mean Square Error Of Approximation)

          Estimate                           0.000

CFI/TLI

          CFI                                1.000
          TLI                                1.017

Chi-Square Test of Model Fit for the Baseline Model

          Value                            895.366
          Degrees of Freedom                    20
          P-Value                           0.0000

SRMR (Standardized Root Mean Square Residual)

          Value for Within                   0.011
          Value for Between                  0.017



MODEL RESULTS

                                                    Two-Tailed
                    Estimate       S.E.  Est./S.E.    P-Value

Within Level

 ETA      BY
    Y1                 1.000      0.000    999.000    999.000
    Y2                 0.496      0.044     11.289      0.000
    Y3                 1.196      0.096     12.395      0.000
    Y4                 0.820      0.062     13.314      0.000
    Y5                 1.075      0.078     13.785      0.000

 Variances
    ETA                2.005      0.290      6.909      0.000

 Residual Variances
    Y1                 1.018      0.120      8.503      0.000
    Y2                 0.479      0.052      9.280      0.000
    Y3                 1.844      0.204      9.022      0.000
    Y4                 0.672      0.079      8.487      0.000
    Y5                 1.086      0.131      8.288      0.000

Between Level

 THETA1   BY
    Y1                 1.000      0.000    999.000    999.000

 THETA2   BY
    Y2                 1.000      0.000    999.000    999.000

 THETA3   BY
    Y3                 1.000      0.000    999.000    999.000

 THETA4   BY
    Y4                 1.000      0.000    999.000    999.000

 THETA5   BY
    Y5                 1.000      0.000    999.000    999.000

 THETA    BY
    THETA1             1.000      0.000    999.000    999.000
    THETA2             0.933      0.090     10.421      0.000
    THETA3             1.136      0.121      9.419      0.000
    THETA4             1.017      0.091     11.125      0.000
    THETA5             1.085      0.099     10.966      0.000

 Means
    THETA              4.131      0.184     22.417      0.000

 Intercepts
    Y1                 0.000      0.000    999.000    999.000
    Y2                 0.000      0.000    999.000    999.000
    Y3                 0.000      0.000    999.000    999.000
    Y4                 0.000      0.000    999.000    999.000
    Y5                 0.000      0.000    999.000    999.000
    THETA1             0.000      0.000    999.000    999.000
    THETA2            -0.419      0.379     -1.104      0.270
    THETA3             0.706      0.511      1.382      0.167
    THETA4             0.086      0.387      0.221      0.825
    THETA5             0.889      0.420      2.118      0.034

 Variances
    THETA              1.093      0.336      3.255      0.001

 Residual Variances
    Y1                 0.000      0.000    999.000    999.000
    Y2                 0.000      0.000    999.000    999.000
    Y3                 0.000      0.000    999.000    999.000
    Y4                 0.000      0.000    999.000    999.000
    Y5                 0.000      0.000    999.000    999.000
    THETA1             0.000      0.000    999.000    999.000
    THETA2             0.000      0.000    999.000    999.000
    THETA3             0.000      0.000    999.000    999.000
    THETA4             0.000      0.000    999.000    999.000
    THETA5             0.000      0.000    999.000    999.000


QUALITY OF NUMERICAL RESULTS

     Condition Number for the Information Matrix              0.842E-04
       (ratio of smallest to largest eigenvalue)


     Beginning Time:  16:46:37
        Ending Time:  16:46:37
       Elapsed Time:  00:00:00



MUTHEN & MUTHEN
3463 Stoner Ave.
Los Angeles, CA  90066

Tel: (310) 391-9971
Fax: (310) 391-8971
Web: www.StatModel.com
Support: Support@StatModel.com

Copyright (c) 1998-2017 Muthen & Muthen
