Mplus VERSION 8
MUTHEN & MUTHEN
02/16/2019   4:24 AM

INPUT INSTRUCTIONS

  TITLE: Your title goes here
  DATA: FILE = "Mplus_files_Results/msst_long_n100_i4_nt15_na0.dat";
  VARIABLE:
  NAMES = subjn time y1 y2 y3 y4;
  MISSING=.;
  USEVAR = y1
  y2
  y3
  y4 ;
  CLUSTER = subjn ;

  ANALYSIS:
  TYPE = TWOLEVEL ;
  ESTIMATOR = ML ;
  ITERATIONS = 50000 ;
  H1ITERATIONS = 50000 ;


  MODEL:

  %WITHIN%

  ! Latent state residual
  eta BY y1@1
  y2 (las2)
  y3 (las3)
  y4 (las4) ;

  ! Latent errors and latent state variances
  y1(o_err1) ;
  y2(o_err2) ;
  y3(o_err3) ;
  y4(o_err4) ;
  eta(s_var) ;

  %BETWEEN%

  ! Indicator trait variables
  theta1  BY  y1@1 ;
  theta2  BY  y2@1 ;
  theta3  BY  y3@1 ;
  theta4  BY  y4@1 ;

  ! Latent trait variable
  theta BY theta1@1
  theta2 (lat2)
  theta3 (lat3)
  theta4 (lat4) ;

  ! Means and Intercepts
  [y1@0] ;
  [y2@0] ;
  [y3@0] ;
  [y4@0] ;
  [theta1@0] ;
  [theta2*] (int2) ;
  [theta3*] (int3) ;
  [theta4*] (int4) ;
  [theta*] ;

  ! Fixing level-2 residual variances at 0 and latent trait variance
  y1@0;
  y2@0;
  y3@0;
  y4@0;
  theta1@0;
  theta2@0;
  theta3@0;
  theta4@0;
  theta(t_var) ;



INPUT READING TERMINATED NORMALLY



Your title goes here

SUMMARY OF ANALYSIS

Number of groups                                                 1
Number of observations                                        1500

Number of dependent variables                                    4
Number of independent variables                                  0
Number of continuous latent variables                            6

Observed dependent variables

  Continuous
   Y1          Y2          Y3          Y4

Continuous latent variables
   ETA         THETA1      THETA2      THETA3      THETA4      THETA

Variables with special functions

  Cluster variable      SUBJN

Estimator                                                       ML
Information matrix                                        OBSERVED
Maximum number of iterations                                 50000
Convergence criterion                                    0.100D-05
Maximum number of EM iterations                                500
Convergence criteria for the EM algorithm
  Loglikelihood change                                   0.100D-02
  Relative loglikelihood change                          0.100D-05
  Derivative                                             0.100D-03
Minimum variance                                         0.100D-03
Maximum number of steepest descent iterations                   20
Maximum number of iterations for H1                          50000
Convergence criterion for H1                             0.100D-03
Optimization algorithm                                         EMA

Input data file(s)
  Mplus_files_Results/msst_long_n100_i4_nt15_na0.dat
Input data format  FREE


SUMMARY OF DATA

     Number of missing data patterns             1
     Number of clusters                        100

     Average cluster size       15.000

     Estimated Intraclass Correlations for the Y Variables

                Intraclass              Intraclass              Intraclass
     Variable  Correlation   Variable  Correlation   Variable  Correlation

     Y1           0.346      Y2           0.501      Y3           0.319
     Y4           0.387



COVARIANCE COVERAGE OF DATA

Minimum covariance coverage value   0.100


     PROPORTION OF DATA PRESENT


           Covariance Coverage
              Y1            Y2            Y3            Y4
              ________      ________      ________      ________
 Y1             1.000
 Y2             1.000         1.000
 Y3             1.000         1.000         1.000
 Y4             1.000         1.000         1.000         1.000



UNIVARIATE SAMPLE STATISTICS


     UNIVARIATE HIGHER-ORDER MOMENT DESCRIPTIVE STATISTICS

         Variable/         Mean/     Skewness/   Minimum/ % with                Percentiles
        Sample Size      Variance    Kurtosis    Maximum  Min/Max      20%/60%    40%/80%    Median

     Y1                    4.150       0.066      -2.849    0.07%       2.369      3.552      4.094
            1500.000       4.521      -0.012      11.339    0.07%       4.644      5.944
     Y2                    3.504       0.097      -0.940    0.07%       2.284      3.103      3.449
            1500.000       2.083      -0.092       8.109    0.07%       3.803      4.742
     Y3                    5.403       0.044      -5.984    0.07%       3.092      4.736      5.444
            1500.000       7.273       0.277      16.611    0.07%       6.109      7.568
     Y4                    4.317       0.054      -1.833    0.07%       2.805      3.839      4.274
            1500.000       3.287       0.031       9.941    0.07%       4.722      5.846


THE MODEL ESTIMATION TERMINATED NORMALLY



MODEL FIT INFORMATION

Number of Free Parameters                       16

Loglikelihood

          H0 Value                       -9803.265
          H1 Value                       -9800.230

Information Criteria

          Akaike (AIC)                   19638.530
          Bayesian (BIC)                 19723.542
          Sample-Size Adjusted BIC       19672.714
            (n* = (n + 2) / 24)

Chi-Square Test of Model Fit

          Value                              6.069
          Degrees of Freedom                     8
          P-Value                           0.6395

RMSEA (Root Mean Square Error Of Approximation)

          Estimate                           0.000

CFI/TLI

          CFI                                1.000
          TLI                                1.001

Chi-Square Test of Model Fit for the Baseline Model

          Value                           3517.120
          Degrees of Freedom                    12
          P-Value                           0.0000

SRMR (Standardized Root Mean Square Residual)

          Value for Within                   0.004
          Value for Between                  0.005



MODEL RESULTS

                                                    Two-Tailed
                    Estimate       S.E.  Est./S.E.    P-Value

Within Level

 ETA      BY
    Y1                 1.000      0.000    999.000    999.000
    Y2                 0.526      0.019     28.410      0.000
    Y3                 1.349      0.040     33.341      0.000
    Y4                 0.796      0.026     31.045      0.000

 Variances
    ETA                1.951      0.112     17.493      0.000

 Residual Variances
    Y1                 1.014      0.052     19.315      0.000
    Y2                 0.500      0.022     22.668      0.000
    Y3                 1.412      0.084     16.905      0.000
    Y4                 0.798      0.038     21.076      0.000

Between Level

 THETA1   BY
    Y1                 1.000      0.000    999.000    999.000

 THETA2   BY
    Y2                 1.000      0.000    999.000    999.000

 THETA3   BY
    Y3                 1.000      0.000    999.000    999.000

 THETA4   BY
    Y4                 1.000      0.000    999.000    999.000

 THETA    BY
    THETA1             1.000      0.000    999.000    999.000
    THETA2             0.818      0.025     32.845      0.000
    THETA3             1.218      0.037     33.359      0.000
    THETA4             0.897      0.027     32.820      0.000

 Means
    THETA              4.150      0.132     31.346      0.000

 Intercepts
    Y1                 0.000      0.000    999.000    999.000
    Y2                 0.000      0.000    999.000    999.000
    Y3                 0.000      0.000    999.000    999.000
    Y4                 0.000      0.000    999.000    999.000
    THETA1             0.000      0.000    999.000    999.000
    THETA2             0.107      0.108      0.996      0.319
    THETA3             0.347      0.158      2.196      0.028
    THETA4             0.593      0.118      5.016      0.000

 Variances
    THETA              1.555      0.247      6.289      0.000

 Residual Variances
    Y1                 0.000      0.000    999.000    999.000
    Y2                 0.000      0.000    999.000    999.000
    Y3                 0.000      0.000    999.000    999.000
    Y4                 0.000      0.000    999.000    999.000
    THETA1             0.000      0.000    999.000    999.000
    THETA2             0.000      0.000    999.000    999.000
    THETA3             0.000      0.000    999.000    999.000
    THETA4             0.000      0.000    999.000    999.000


QUALITY OF NUMERICAL RESULTS

     Condition Number for the Information Matrix              0.195E-03
       (ratio of smallest to largest eigenvalue)


     Beginning Time:  04:24:46
        Ending Time:  04:24:47
       Elapsed Time:  00:00:01



MUTHEN & MUTHEN
3463 Stoner Ave.
Los Angeles, CA  90066

Tel: (310) 391-9971
Fax: (310) 391-8971
Web: www.StatModel.com
Support: Support@StatModel.com

Copyright (c) 1998-2017 Muthen & Muthen
