Mplus VERSION 8
MUTHEN & MUTHEN
02/18/2019   5:08 PM

INPUT INSTRUCTIONS

  TITLE: Your title goes here
  DATA: FILE = "Mplus_files_Results/msst_long_trunc_n50_i5_nt30_na0.dat";
  VARIABLE:
  NAMES = subjn time y1 y2 y3 y4 y5;
  MISSING=.;
  USEVAR = y1
  y2
  y3
  y4
  y5 ;
  CLUSTER = subjn ;

  ANALYSIS:
  TYPE = TWOLEVEL ;
  ESTIMATOR = ML ;
  ITERATIONS = 50000 ;
  H1ITERATIONS = 50000 ;


  MODEL:

  %WITHIN%

  ! Latent state residual
  eta BY y1@1
  y2 (las2)
  y3 (las3)
  y4 (las4)
  y5 (las5) ;

  ! Latent errors and latent state variances
  y1(o_err1) ;
  y2(o_err2) ;
  y3(o_err3) ;
  y4(o_err4) ;
  y5(o_err5) ;
  eta(s_var) ;

  %BETWEEN%

  ! Indicator trait variables
  theta1  BY  y1@1 ;
  theta2  BY  y2@1 ;
  theta3  BY  y3@1 ;
  theta4  BY  y4@1 ;
  theta5  BY  y5@1 ;

  ! Latent trait variable
  theta BY theta1@1
  theta2 (lat2)
  theta3 (lat3)
  theta4 (lat4)
  theta5 (lat5) ;

  ! Means and Intercepts
  [y1@0] ;
  [y2@0] ;
  [y3@0] ;
  [y4@0] ;
  [y5@0] ;
  [theta1@0] ;
  [theta2*] (int2) ;
  [theta3*] (int3) ;
  [theta4*] (int4) ;
  [theta5*] (int5) ;
  [theta*] ;

  ! Fixing level-2 residual variances at 0 and latent trait variance
  y1@0;
  y2@0;
  y3@0;
  y4@0;
  y5@0;
  theta1@0;
  theta2@0;
  theta3@0;
  theta4@0;
  theta5@0;
  theta(t_var) ;



INPUT READING TERMINATED NORMALLY



Your title goes here

SUMMARY OF ANALYSIS

Number of groups                                                 1
Number of observations                                        1500

Number of dependent variables                                    5
Number of independent variables                                  0
Number of continuous latent variables                            7

Observed dependent variables

  Continuous
   Y1          Y2          Y3          Y4          Y5

Continuous latent variables
   ETA         THETA1      THETA2      THETA3      THETA4      THETA5
   THETA

Variables with special functions

  Cluster variable      SUBJN

Estimator                                                       ML
Information matrix                                        OBSERVED
Maximum number of iterations                                 50000
Convergence criterion                                    0.100D-05
Maximum number of EM iterations                                500
Convergence criteria for the EM algorithm
  Loglikelihood change                                   0.100D-02
  Relative loglikelihood change                          0.100D-05
  Derivative                                             0.100D-03
Minimum variance                                         0.100D-03
Maximum number of steepest descent iterations                   20
Maximum number of iterations for H1                          50000
Convergence criterion for H1                             0.100D-03
Optimization algorithm                                         EMA

Input data file(s)
  Mplus_files_Results/msst_long_trunc_n50_i5_nt30_na0.dat
Input data format  FREE


SUMMARY OF DATA

     Number of missing data patterns             1
     Number of clusters                         50

     Average cluster size       30.000

     Estimated Intraclass Correlations for the Y Variables

                Intraclass              Intraclass              Intraclass
     Variable  Correlation   Variable  Correlation   Variable  Correlation

     Y1           0.370      Y2           0.498      Y3           0.319
     Y4           0.381      Y5           0.348



COVARIANCE COVERAGE OF DATA

Minimum covariance coverage value   0.100


     PROPORTION OF DATA PRESENT


           Covariance Coverage
              Y1            Y2            Y3            Y4            Y5
              ________      ________      ________      ________      ________
 Y1             1.000
 Y2             1.000         1.000
 Y3             1.000         1.000         1.000
 Y4             1.000         1.000         1.000         1.000
 Y5             1.000         1.000         1.000         1.000         1.000



UNIVARIATE SAMPLE STATISTICS


     UNIVARIATE HIGHER-ORDER MOMENT DESCRIPTIVE STATISTICS

         Variable/         Mean/     Skewness/   Minimum/ % with                Percentiles
        Sample Size      Variance    Kurtosis    Maximum  Min/Max      20%/60%    40%/80%    Median

     Y1                    3.619       0.185      -2.000    0.07%       2.000      3.000      4.000
            1500.000       4.556      -0.278      11.000    0.13%       4.000      5.000
     Y2                    2.946       0.138       0.000    4.53%       2.000      3.000      3.000
            1500.000       2.148      -0.267       8.000    0.13%       3.000      4.000
     Y3                    4.845       0.232      -2.000    0.27%       3.000      4.000      5.000
            1500.000       7.015       0.152      16.000    0.07%       5.000      7.000
     Y4                    3.771       0.106      -1.000    0.20%       2.000      3.000      4.000
            1500.000       3.323      -0.183      10.000    0.07%       4.000      5.000
     Y5                    4.815       0.179      -2.000    0.07%       3.000      4.000      5.000
            1500.000       5.375      -0.040      13.000    0.13%       5.000      7.000


THE MODEL ESTIMATION TERMINATED NORMALLY



MODEL FIT INFORMATION

Number of Free Parameters                       20

Loglikelihood

          H0 Value                      -12385.250
          H1 Value                      -12380.119

Information Criteria

          Akaike (AIC)                   24810.501
          Bayesian (BIC)                 24916.765
          Sample-Size Adjusted BIC       24853.231
            (n* = (n + 2) / 24)

Chi-Square Test of Model Fit

          Value                             10.262
          Degrees of Freedom                    15
          P-Value                           0.8029

RMSEA (Root Mean Square Error Of Approximation)

          Estimate                           0.000

CFI/TLI

          CFI                                1.000
          TLI                                1.001

Chi-Square Test of Model Fit for the Baseline Model

          Value                           4286.255
          Degrees of Freedom                    20
          P-Value                           0.0000

SRMR (Standardized Root Mean Square Residual)

          Value for Within                   0.006
          Value for Between                  0.003



MODEL RESULTS

                                                    Two-Tailed
                    Estimate       S.E.  Est./S.E.    P-Value

Within Level

 ETA      BY
    Y1                 1.000      0.000    999.000    999.000
    Y2                 0.513      0.019     27.330      0.000
    Y3                 1.311      0.038     34.577      0.000
    Y4                 0.779      0.025     30.726      0.000
    Y5                 1.061      0.032     32.776      0.000

 Variances
    ETA                1.914      0.106     18.139      0.000

 Residual Variances
    Y1                 0.962      0.048     20.211      0.000
    Y2                 0.577      0.024     24.134      0.000
    Y3                 1.492      0.077     19.386      0.000
    Y4                 0.906      0.040     22.842      0.000
    Y5                 1.354      0.062     21.698      0.000

Between Level

 THETA1   BY
    Y1                 1.000      0.000    999.000    999.000

 THETA2   BY
    Y2                 1.000      0.000    999.000    999.000

 THETA3   BY
    Y3                 1.000      0.000    999.000    999.000

 THETA4   BY
    Y4                 1.000      0.000    999.000    999.000

 THETA5   BY
    Y5                 1.000      0.000    999.000    999.000

 THETA    BY
    THETA1             1.000      0.000    999.000    999.000
    THETA2             0.797      0.024     33.924      0.000
    THETA3             1.153      0.034     34.259      0.000
    THETA4             0.864      0.026     33.455      0.000
    THETA5             1.054      0.031     33.750      0.000

 Means
    THETA              3.619      0.188     19.204      0.000

 Intercepts
    Y1                 0.000      0.000    999.000    999.000
    Y2                 0.000      0.000    999.000    999.000
    Y3                 0.000      0.000    999.000    999.000
    Y4                 0.000      0.000    999.000    999.000
    Y5                 0.000      0.000    999.000    999.000
    THETA1             0.000      0.000    999.000    999.000
    THETA2             0.060      0.090      0.668      0.504
    THETA3             0.671      0.129      5.187      0.000
    THETA4             0.642      0.099      6.469      0.000
    THETA5             1.000      0.120      8.332      0.000

 Variances
    THETA              1.680      0.354      4.745      0.000

 Residual Variances
    Y1                 0.000      0.000    999.000    999.000
    Y2                 0.000      0.000    999.000    999.000
    Y3                 0.000      0.000    999.000    999.000
    Y4                 0.000      0.000    999.000    999.000
    Y5                 0.000      0.000    999.000    999.000
    THETA1             0.000      0.000    999.000    999.000
    THETA2             0.000      0.000    999.000    999.000
    THETA3             0.000      0.000    999.000    999.000
    THETA4             0.000      0.000    999.000    999.000
    THETA5             0.000      0.000    999.000    999.000


QUALITY OF NUMERICAL RESULTS

     Condition Number for the Information Matrix              0.639E-04
       (ratio of smallest to largest eigenvalue)


     Beginning Time:  17:08:04
        Ending Time:  17:08:05
       Elapsed Time:  00:00:01



MUTHEN & MUTHEN
3463 Stoner Ave.
Los Angeles, CA  90066

Tel: (310) 391-9971
Fax: (310) 391-8971
Web: www.StatModel.com
Support: Support@StatModel.com

Copyright (c) 1998-2017 Muthen & Muthen
