Mplus VERSION 8
MUTHEN & MUTHEN
02/19/2019  10:39 AM

INPUT INSTRUCTIONS

  TITLE: Your title goes here
  DATA: FILE = "Mplus_files_Results/msst_wide_n100_i3_nt15_na0.1.dat";
  VARIABLE:
  NAMES = subjn y11 y21 y31 y12 y22 y32 y13 y23 y33 y14 y24 y34 y15 y25 y35 y16 y26
       y36 y17 y27 y37 y18 y28 y38 y19 y29 y39 y110 y210 y310 y111 y211 y311 y112 y212
       y312 y113 y213 y313 y114 y214 y314 y115 y215 y315;
  MISSING=.;
  USEVAR = y11
  y21
  y31
  y12
  y22
  y32
  y13
  y23
  y33
  y14
  y24
  y34
  y15
  y25
  y35
  y16
  y26
  y36
  y17
  y27
  y37
  y18
  y28
  y38
  y19
  y29
  y39
  y110
  y210
  y310
  y111
  y211
  y311
  y112
  y212
  y312
  y113
  y213
  y313
  y114
  y214
  y314
  y115
  y215
  y315 ;


  ANALYSIS:
  TYPE = GENERAL ;
  ESTIMATOR = ML ;
  ITERATIONS = 50000 ;
  H1ITERATIONS = 50000 ;


  MODEL:

  ! Latent state variables
  eta1 BY y11@1
  y21 (las21)
  y31 (las31) ;
  eta2 BY y12@1
  y22 (las21)
  y32 (las31) ;
  eta3 BY y13@1
  y23 (las21)
  y33 (las31) ;
  eta4 BY y14@1
  y24 (las21)
  y34 (las31) ;
  eta5 BY y15@1
  y25 (las21)
  y35 (las31) ;
  eta6 BY y16@1
  y26 (las21)
  y36 (las31) ;
  eta7 BY y17@1
  y27 (las21)
  y37 (las31) ;
  eta8 BY y18@1
  y28 (las21)
  y38 (las31) ;
  eta9 BY y19@1
  y29 (las21)
  y39 (las31) ;
  eta10 BY y110@1
  y210 (las21)
  y310 (las31) ;
  eta11 BY y111@1
  y211 (las21)
  y311 (las31) ;
  eta12 BY y112@1
  y212 (las21)
  y312 (las31) ;
  eta13 BY y113@1
  y213 (las21)
  y313 (las31) ;
  eta14 BY y114@1
  y214 (las21)
  y314 (las31) ;
  eta15 BY y115@1
  y215 (las21)
  y315 (las31) ;

  ! Latent trait variables
  theta1 BY y11@1
  y21 (lat21)
  y31 (lat31)
  y12@1
  y22 (lat21)
  y32 (lat31)
  y13@1
  y23 (lat21)
  y33 (lat31)
  y14@1
  y24 (lat21)
  y34 (lat31)
  y15@1
  y25 (lat21)
  y35 (lat31)
  y16@1
  y26 (lat21)
  y36 (lat31)
  y17@1
  y27 (lat21)
  y37 (lat31)
  y18@1
  y28 (lat21)
  y38 (lat31)
  y19@1
  y29 (lat21)
  y39 (lat31)
  y110@1
  y210 (lat21)
  y310 (lat31)
  y111@1
  y211 (lat21)
  y311 (lat31)
  y112@1
  y212 (lat21)
  y312 (lat31)
  y113@1
  y213 (lat21)
  y313 (lat31)
  y114@1
  y214 (lat21)
  y314 (lat31)
  y115@1
  y215 (lat21)
  y315 (lat31) ;

  ! Intercepts and means

  [y11@0] ;
  [y21*] (int21) ;
  [y31*] (int31) ;
  [y12@0] ;
  [y22*] (int21) ;
  [y32*] (int31) ;
  [y13@0] ;
  [y23*] (int21) ;
  [y33*] (int31) ;
  [y14@0] ;
  [y24*] (int21) ;
  [y34*] (int31) ;
  [y15@0] ;
  [y25*] (int21) ;
  [y35*] (int31) ;
  [y16@0] ;
  [y26*] (int21) ;
  [y36*] (int31) ;
  [y17@0] ;
  [y27*] (int21) ;
  [y37*] (int31) ;
  [y18@0] ;
  [y28*] (int21) ;
  [y38*] (int31) ;
  [y19@0] ;
  [y29*] (int21) ;
  [y39*] (int31) ;
  [y110@0] ;
  [y210*] (int21) ;
  [y310*] (int31) ;
  [y111@0] ;
  [y211*] (int21) ;
  [y311*] (int31) ;
  [y112@0] ;
  [y212*] (int21) ;
  [y312*] (int31) ;
  [y113@0] ;
  [y213*] (int21) ;
  [y313*] (int31) ;
  [y114@0] ;
  [y214*] (int21) ;
  [y314*] (int31) ;
  [y115@0] ;
  [y215*] (int21) ;
  [y315*] (int31) ;
  [theta1*] ;

  ! Variance components
  y11(o_err11) ;
  y21(o_err21) ;
  y31(o_err31) ;
  y12(o_err11) ;
  y22(o_err21) ;
  y32(o_err31) ;
  y13(o_err11) ;
  y23(o_err21) ;
  y33(o_err31) ;
  y14(o_err11) ;
  y24(o_err21) ;
  y34(o_err31) ;
  y15(o_err11) ;
  y25(o_err21) ;
  y35(o_err31) ;
  y16(o_err11) ;
  y26(o_err21) ;
  y36(o_err31) ;
  y17(o_err11) ;
  y27(o_err21) ;
  y37(o_err31) ;
  y18(o_err11) ;
  y28(o_err21) ;
  y38(o_err31) ;
  y19(o_err11) ;
  y29(o_err21) ;
  y39(o_err31) ;
  y110(o_err11) ;
  y210(o_err21) ;
  y310(o_err31) ;
  y111(o_err11) ;
  y211(o_err21) ;
  y311(o_err31) ;
  y112(o_err11) ;
  y212(o_err21) ;
  y312(o_err31) ;
  y113(o_err11) ;
  y213(o_err21) ;
  y313(o_err31) ;
  y114(o_err11) ;
  y214(o_err21) ;
  y314(o_err31) ;
  y115(o_err11) ;
  y215(o_err21) ;
  y315(o_err31) ;
  eta1(s_var11) ;
  eta2(s_var11) ;
  eta3(s_var11) ;
  eta4(s_var11) ;
  eta5(s_var11) ;
  eta6(s_var11) ;
  eta7(s_var11) ;
  eta8(s_var11) ;
  eta9(s_var11) ;
  eta10(s_var11) ;
  eta11(s_var11) ;
  eta12(s_var11) ;
  eta13(s_var11) ;
  eta14(s_var11) ;
  eta15(s_var11) ;
  theta1(t_var1) ;

  ! Set zero covariances
  eta1 WITH eta2@0
  eta3@0
  eta4@0
  eta5@0
  eta6@0
  eta7@0
  eta8@0
  eta9@0
  eta10@0
  eta11@0
  eta12@0
  eta13@0
  eta14@0
  eta15@0
  theta1@0 ;
  eta2 WITH eta3@0
  eta4@0
  eta5@0
  eta6@0
  eta7@0
  eta8@0
  eta9@0
  eta10@0
  eta11@0
  eta12@0
  eta13@0
  eta14@0
  eta15@0
  theta1@0 ;
  eta3 WITH eta4@0
  eta5@0
  eta6@0
  eta7@0
  eta8@0
  eta9@0
  eta10@0
  eta11@0
  eta12@0
  eta13@0
  eta14@0
  eta15@0
  theta1@0 ;
  eta4 WITH eta5@0
  eta6@0
  eta7@0
  eta8@0
  eta9@0
  eta10@0
  eta11@0
  eta12@0
  eta13@0
  eta14@0
  eta15@0
  theta1@0 ;
  eta5 WITH eta6@0
  eta7@0
  eta8@0
  eta9@0
  eta10@0
  eta11@0
  eta12@0
  eta13@0
  eta14@0
  eta15@0
  theta1@0 ;
  eta6 WITH eta7@0
  eta8@0
  eta9@0
  eta10@0
  eta11@0
  eta12@0
  eta13@0
  eta14@0
  eta15@0
  theta1@0 ;
  eta7 WITH eta8@0
  eta9@0
  eta10@0
  eta11@0
  eta12@0
  eta13@0
  eta14@0
  eta15@0
  theta1@0 ;
  eta8 WITH eta9@0
  eta10@0
  eta11@0
  eta12@0
  eta13@0
  eta14@0
  eta15@0
  theta1@0 ;
  eta9 WITH eta10@0
  eta11@0
  eta12@0
  eta13@0
  eta14@0
  eta15@0
  theta1@0 ;
  eta10 WITH eta11@0
  eta12@0
  eta13@0
  eta14@0
  eta15@0
  theta1@0 ;
  eta11 WITH eta12@0
  eta13@0
  eta14@0
  eta15@0
  theta1@0 ;
  eta12 WITH eta13@0
  eta14@0
  eta15@0
  theta1@0 ;
  eta13 WITH eta14@0
  eta15@0
  theta1@0 ;
  eta14 WITH eta15@0
  theta1@0 ;
  eta15 WITH theta1@0 ;



INPUT READING TERMINATED NORMALLY



Your title goes here

SUMMARY OF ANALYSIS

Number of groups                                                 1
Number of observations                                         100

Number of dependent variables                                   45
Number of independent variables                                  0
Number of continuous latent variables                           16

Observed dependent variables

  Continuous
   Y11         Y21         Y31         Y12         Y22         Y32
   Y13         Y23         Y33         Y14         Y24         Y34
   Y15         Y25         Y35         Y16         Y26         Y36
   Y17         Y27         Y37         Y18         Y28         Y38
   Y19         Y29         Y39         Y110        Y210        Y310
   Y111        Y211        Y311        Y112        Y212        Y312
   Y113        Y213        Y313        Y114        Y214        Y314
   Y115        Y215        Y315

Continuous latent variables
   ETA1        ETA2        ETA3        ETA4        ETA5        ETA6
   ETA7        ETA8        ETA9        ETA10       ETA11       ETA12
   ETA13       ETA14       ETA15       THETA1


Estimator                                                       ML
Information matrix                                        OBSERVED
Maximum number of iterations                                 50000
Convergence criterion                                    0.500D-04
Maximum number of steepest descent iterations                   20
Maximum number of iterations for H1                          50000
Convergence criterion for H1                             0.100D-03

Input data file(s)
  Mplus_files_Results/msst_wide_n100_i3_nt15_na0.1.dat

Input data format  FREE


SUMMARY OF DATA

     Number of missing data patterns           100


COVARIANCE COVERAGE OF DATA

Minimum covariance coverage value   0.100


     PROPORTION OF DATA PRESENT


           Covariance Coverage
              Y11           Y21           Y31           Y12           Y22
              ________      ________      ________      ________      ________
 Y11            0.880
 Y21            0.830         0.940
 Y31            0.840         0.890         0.950
 Y12            0.780         0.850         0.860         0.900
 Y22            0.790         0.830         0.840         0.800         0.880
 Y32            0.830         0.890         0.890         0.860         0.830
 Y13            0.780         0.850         0.840         0.830         0.770
 Y23            0.810         0.850         0.880         0.820         0.790
 Y33            0.790         0.830         0.850         0.800         0.780
 Y14            0.760         0.820         0.820         0.780         0.770
 Y24            0.790         0.860         0.860         0.840         0.800
 Y34            0.790         0.830         0.840         0.790         0.790
 Y15            0.840         0.900         0.920         0.870         0.850
 Y25            0.770         0.830         0.860         0.790         0.780
 Y35            0.770         0.840         0.830         0.800         0.790
 Y16            0.780         0.810         0.820         0.790         0.800
 Y26            0.780         0.840         0.840         0.790         0.790
 Y36            0.800         0.860         0.870         0.830         0.810
 Y17            0.830         0.870         0.880         0.840         0.820
 Y27            0.810         0.870         0.890         0.840         0.830
 Y37            0.790         0.840         0.830         0.780         0.780
 Y18            0.760         0.820         0.820         0.780         0.760
 Y28            0.820         0.860         0.870         0.830         0.800
 Y38            0.810         0.840         0.840         0.800         0.800
 Y19            0.820         0.870         0.890         0.830         0.810
 Y29            0.810         0.870         0.870         0.820         0.800
 Y39            0.790         0.850         0.860         0.820         0.800
 Y110           0.770         0.820         0.840         0.780         0.760
 Y210           0.800         0.870         0.870         0.830         0.810
 Y310           0.770         0.840         0.850         0.800         0.770
 Y111           0.760         0.830         0.840         0.790         0.780
 Y211           0.830         0.870         0.880         0.860         0.830
 Y311           0.830         0.860         0.890         0.840         0.820
 Y112           0.830         0.890         0.900         0.870         0.830
 Y212           0.820         0.870         0.880         0.830         0.820
 Y312           0.820         0.890         0.900         0.840         0.830
 Y113           0.830         0.890         0.900         0.850         0.840
 Y213           0.770         0.840         0.840         0.790         0.770
 Y313           0.850         0.900         0.920         0.860         0.840
 Y114           0.800         0.820         0.830         0.790         0.790
 Y214           0.790         0.840         0.840         0.800         0.790
 Y314           0.820         0.850         0.860         0.810         0.800
 Y115           0.850         0.890         0.910         0.860         0.830
 Y215           0.800         0.870         0.880         0.840         0.800
 Y315           0.820         0.860         0.870         0.820         0.810


           Covariance Coverage
              Y32           Y13           Y23           Y33           Y14
              ________      ________      ________      ________      ________
 Y32            0.940
 Y13            0.840         0.890
 Y23            0.850         0.810         0.910
 Y33            0.840         0.780         0.830         0.890
 Y14            0.810         0.770         0.790         0.760         0.870
 Y24            0.860         0.820         0.830         0.820         0.790
 Y34            0.830         0.790         0.790         0.780         0.770
 Y15            0.900         0.850         0.890         0.850         0.830
 Y25            0.830         0.780         0.800         0.790         0.780
 Y35            0.820         0.780         0.790         0.780         0.790
 Y16            0.800         0.770         0.780         0.760         0.760
 Y26            0.840         0.790         0.810         0.780         0.770
 Y36            0.880         0.830         0.830         0.810         0.800
 Y17            0.870         0.840         0.860         0.830         0.810
 Y27            0.870         0.820         0.840         0.820         0.810
 Y37            0.810         0.780         0.820         0.790         0.770
 Y18            0.810         0.780         0.780         0.770         0.760
 Y28            0.860         0.830         0.860         0.830         0.800
 Y38            0.840         0.790         0.810         0.780         0.760
 Y19            0.870         0.820         0.860         0.830         0.800
 Y29            0.860         0.810         0.840         0.820         0.810
 Y39            0.850         0.800         0.820         0.800         0.790
 Y110           0.820         0.770         0.800         0.800         0.760
 Y210           0.870         0.810         0.840         0.820         0.810
 Y310           0.840         0.790         0.810         0.790         0.770
 Y111           0.840         0.780         0.790         0.800         0.770
 Y211           0.870         0.820         0.850         0.840         0.810
 Y311           0.860         0.810         0.830         0.830         0.790
 Y112           0.910         0.860         0.860         0.850         0.820
 Y212           0.880         0.820         0.850         0.830         0.810
 Y312           0.880         0.830         0.860         0.830         0.840
 Y113           0.890         0.840         0.860         0.840         0.840
 Y213           0.830         0.790         0.800         0.790         0.770
 Y313           0.900         0.850         0.880         0.860         0.840
 Y114           0.820         0.780         0.800         0.800         0.780
 Y214           0.850         0.800         0.800         0.780         0.760
 Y314           0.850         0.810         0.820         0.800         0.790
 Y115           0.890         0.840         0.870         0.850         0.830
 Y215           0.860         0.820         0.830         0.820         0.790
 Y315           0.860         0.810         0.840         0.820         0.800


           Covariance Coverage
              Y24           Y34           Y15           Y25           Y35
              ________      ________      ________      ________      ________
 Y24            0.910
 Y34            0.800         0.880
 Y15            0.880         0.850         0.960
 Y25            0.810         0.770         0.860         0.890
 Y35            0.820         0.770         0.840         0.780         0.880
 Y16            0.780         0.770         0.830         0.760         0.770
 Y26            0.810         0.770         0.850         0.780         0.780
 Y36            0.840         0.800         0.880         0.820         0.810
 Y17            0.840         0.810         0.890         0.840         0.810
 Y27            0.840         0.830         0.900         0.830         0.810
 Y37            0.790         0.760         0.850         0.770         0.770
 Y18            0.800         0.770         0.830         0.760         0.770
 Y28            0.830         0.820         0.880         0.810         0.800
 Y38            0.810         0.790         0.860         0.790         0.790
 Y19            0.850         0.820         0.890         0.820         0.810
 Y29            0.830         0.800         0.890         0.830         0.820
 Y39            0.820         0.810         0.870         0.810         0.800
 Y110           0.800         0.770         0.850         0.780         0.790
 Y210           0.830         0.810         0.880         0.820         0.820
 Y310           0.800         0.800         0.850         0.780         0.770
 Y111           0.810         0.780         0.840         0.790         0.770
 Y211           0.860         0.810         0.890         0.820         0.820
 Y311           0.830         0.820         0.890         0.830         0.800
 Y112           0.880         0.830         0.910         0.840         0.840
 Y212           0.860         0.830         0.900         0.820         0.830
 Y312           0.850         0.820         0.900         0.830         0.850
 Y113           0.860         0.840         0.910         0.840         0.840
 Y213           0.810         0.800         0.850         0.800         0.770
 Y313           0.880         0.850         0.920         0.850         0.850
 Y114           0.800         0.760         0.840         0.780         0.770
 Y214           0.810         0.810         0.850         0.780         0.770
 Y314           0.820         0.790         0.880         0.820         0.790
 Y115           0.860         0.830         0.910         0.840         0.830
 Y215           0.840         0.800         0.880         0.820         0.810
 Y315           0.830         0.820         0.880         0.810         0.800


           Covariance Coverage
              Y16           Y26           Y36           Y17           Y27
              ________      ________      ________      ________      ________
 Y16            0.860
 Y26            0.760         0.890
 Y36            0.790         0.810         0.920
 Y17            0.790         0.830         0.850         0.930
 Y27            0.810         0.830         0.850         0.860         0.930
 Y37            0.750         0.760         0.790         0.810         0.800
 Y18            0.740         0.790         0.810         0.810         0.800
 Y28            0.790         0.810         0.840         0.870         0.850
 Y38            0.780         0.780         0.810         0.820         0.820
 Y19            0.790         0.830         0.850         0.870         0.860
 Y29            0.780         0.830         0.840         0.850         0.850
 Y39            0.780         0.820         0.830         0.840         0.840
 Y110           0.760         0.770         0.800         0.810         0.810
 Y210           0.780         0.830         0.840         0.860         0.850
 Y310           0.760         0.790         0.810         0.820         0.830
 Y111           0.740         0.780         0.800         0.820         0.820
 Y211           0.810         0.820         0.850         0.870         0.860
 Y311           0.800         0.810         0.850         0.850         0.860
 Y112           0.810         0.840         0.880         0.880         0.880
 Y212           0.790         0.820         0.860         0.860         0.860
 Y312           0.810         0.850         0.870         0.870         0.870
 Y113           0.810         0.840         0.880         0.880         0.880
 Y213           0.760         0.800         0.810         0.840         0.830
 Y313           0.820         0.860         0.880         0.890         0.890
 Y114           0.770         0.800         0.800         0.830         0.820
 Y214           0.770         0.800         0.820         0.830         0.840
 Y314           0.770         0.820         0.830         0.870         0.840
 Y115           0.820         0.850         0.870         0.880         0.880
 Y215           0.800         0.820         0.850         0.850         0.850
 Y315           0.800         0.820         0.840         0.850         0.860


           Covariance Coverage
              Y37           Y18           Y28           Y38           Y19
              ________      ________      ________      ________      ________
 Y37            0.870
 Y18            0.760         0.870
 Y28            0.810         0.790         0.920
 Y38            0.790         0.770         0.810         0.890
 Y19            0.800         0.830         0.850         0.820         0.930
 Y29            0.800         0.810         0.850         0.810         0.860
 Y39            0.780         0.790         0.830         0.820         0.860
 Y110           0.770         0.750         0.800         0.780         0.810
 Y210           0.800         0.800         0.850         0.810         0.850
 Y310           0.770         0.790         0.810         0.790         0.840
 Y111           0.760         0.770         0.810         0.770         0.820
 Y211           0.840         0.810         0.860         0.840         0.860
 Y311           0.800         0.800         0.850         0.830         0.850
 Y112           0.820         0.820         0.880         0.850         0.880
 Y212           0.800         0.810         0.870         0.830         0.860
 Y312           0.830         0.820         0.860         0.830         0.880
 Y113           0.820         0.830         0.880         0.840         0.880
 Y213           0.770         0.780         0.820         0.790         0.840
 Y313           0.840         0.830         0.880         0.850         0.890
 Y114           0.780         0.760         0.810         0.790         0.810
 Y214           0.770         0.790         0.810         0.800         0.820
 Y314           0.790         0.800         0.840         0.800         0.850
 Y115           0.840         0.820         0.870         0.850         0.880
 Y215           0.790         0.800         0.840         0.820         0.850
 Y315           0.800         0.800         0.850         0.820         0.860


           Covariance Coverage
              Y29           Y39           Y110          Y210          Y310
              ________      ________      ________      ________      ________
 Y29            0.920
 Y39            0.850         0.910
 Y110           0.800         0.800         0.880
 Y210           0.860         0.850         0.810         0.920
 Y310           0.820         0.830         0.790         0.820         0.890
 Y111           0.800         0.800         0.770         0.810         0.800
 Y211           0.850         0.850         0.810         0.870         0.820
 Y311           0.850         0.840         0.800         0.850         0.810
 Y112           0.870         0.860         0.840         0.870         0.850
 Y212           0.850         0.840         0.820         0.860         0.820
 Y312           0.860         0.850         0.820         0.860         0.840
 Y113           0.870         0.870         0.850         0.890         0.850
 Y213           0.830         0.820         0.780         0.810         0.800
 Y313           0.880         0.870         0.860         0.880         0.850
 Y114           0.810         0.800         0.770         0.800         0.790
 Y214           0.820         0.810         0.790         0.820         0.820
 Y314           0.840         0.830         0.810         0.840         0.810
 Y115           0.870         0.860         0.850         0.870         0.840
 Y215           0.840         0.830         0.810         0.840         0.810
 Y315           0.840         0.840         0.810         0.840         0.840


           Covariance Coverage
              Y111          Y211          Y311          Y112          Y212
              ________      ________      ________      ________      ________
 Y111           0.880
 Y211           0.820         0.930
 Y311           0.800         0.870         0.920
 Y112           0.850         0.880         0.870         0.950
 Y212           0.810         0.860         0.860         0.880         0.930
 Y312           0.820         0.870         0.860         0.890         0.870
 Y113           0.830         0.880         0.870         0.900         0.890
 Y213           0.780         0.820         0.810         0.840         0.820
 Y313           0.840         0.890         0.880         0.910         0.900
 Y114           0.780         0.830         0.820         0.830         0.810
 Y214           0.790         0.820         0.810         0.850         0.830
 Y314           0.810         0.840         0.830         0.860         0.850
 Y115           0.830         0.900         0.880         0.900         0.880
 Y215           0.810         0.850         0.850         0.870         0.850
 Y315           0.830         0.850         0.850         0.870         0.860


           Covariance Coverage
              Y312          Y113          Y213          Y313          Y114
              ________      ________      ________      ________      ________
 Y312           0.940
 Y113           0.900         0.950
 Y213           0.830         0.840         0.890
 Y313           0.900         0.910         0.860         0.960
 Y114           0.820         0.830         0.800         0.850         0.880
 Y214           0.830         0.840         0.810         0.850         0.770
 Y314           0.850         0.870         0.800         0.870         0.810
 Y115           0.900         0.900         0.840         0.920         0.840
 Y215           0.860         0.870         0.820         0.880         0.810
 Y315           0.870         0.870         0.820         0.880         0.830


           Covariance Coverage
              Y214          Y314          Y115          Y215          Y315
              ________      ________      ________      ________      ________
 Y214           0.890
 Y314           0.820         0.910
 Y115           0.840         0.860         0.950
 Y215           0.810         0.830         0.870         0.920
 Y315           0.840         0.840         0.880         0.840         0.920



UNIVARIATE SAMPLE STATISTICS


     UNIVARIATE HIGHER-ORDER MOMENT DESCRIPTIVE STATISTICS

         Variable/         Mean/     Skewness/   Minimum/ % with                Percentiles
        Sample Size      Variance    Kurtosis    Maximum  Min/Max      20%/60%    40%/80%    Median

     Y11                   4.123       0.103      -2.220    1.14%       2.500      3.516      3.979
              88.000       4.407       0.275       9.573    1.14%       4.476      6.059
     Y21                   3.589      -0.094      -0.665    1.06%       2.287      3.265      3.615
              94.000       2.006       0.114       7.196    1.06%       3.906      4.729
     Y31                   5.638       0.159      -3.051    1.05%       3.426      4.881      5.731
              95.000       7.984       0.698      12.683    1.05%       6.163      7.350
     Y12                   3.832       0.536      -0.488    1.11%       2.277      3.350      3.761
              90.000       4.478       0.921      11.299    1.11%       3.947      5.202
     Y22                   3.399       0.370      -0.131    1.14%       2.200      2.881      3.310
              88.000       1.911       0.584       8.109    1.14%       3.678      4.613
     Y32                   5.097       0.352      -2.067    1.06%       2.435      4.467      5.196
              94.000       8.396       1.386      16.611    1.06%       5.902      7.494
     Y13                   4.283      -0.075      -0.948    1.12%       2.085      3.707      4.124
              89.000       4.978      -0.572       9.112    1.12%       4.971      6.314
     Y23                   3.532      -0.105       0.571    1.10%       2.162      3.180      3.521
              91.000       2.121      -0.634       6.639    1.10%       4.090      4.813
     Y33                   5.420       0.107       0.449    1.12%       2.815      4.637      5.437
              89.000       6.747      -0.742      10.836    1.12%       6.028      7.604
     Y14                   4.277       0.203      -2.065    1.15%       2.253      3.485      3.921
              87.000       6.110       0.189      10.975    1.15%       4.773      6.401
     Y24                   3.621       0.360      -0.940    1.10%       2.323      3.103      3.412
              91.000       2.627       0.498       8.043    1.10%       3.664      5.053
     Y34                   5.247       0.092      -2.860    1.14%       2.852      4.380      5.154
              88.000       8.146       0.640      13.635    1.14%       6.009      7.160
     Y15                   4.132       0.230      -0.429    1.04%       2.364      3.382      3.708
              96.000       4.421      -0.483       8.804    1.04%       4.489      6.052
     Y25                   3.609       0.173       0.594    1.12%       2.332      3.104      3.433
              89.000       1.954      -0.425       6.893    1.12%       4.023      4.711
     Y35                   5.497      -0.210      -0.621    1.14%       3.268      5.088      5.667
              88.000       7.218      -0.434      10.800    1.14%       6.261      7.905
     Y16                   3.949      -0.243      -2.448    1.16%       1.973      3.293      3.983
              86.000       5.248      -0.003       8.330    1.16%       4.706      5.793
     Y26                   3.500       0.145       0.306    1.12%       2.213      3.083      3.343
              89.000       2.302      -0.385       7.662    1.12%       3.721      4.972
     Y36                   5.236       0.375      -1.915    1.09%       3.039      4.240      4.990
              92.000       7.739       0.692      14.457    1.09%       5.745      7.302
     Y17                   4.304       0.201       0.339    1.08%       2.437      3.653      4.460
              93.000       3.741      -0.495       9.205    1.08%       4.866      5.804
     Y27                   3.503       0.069       0.988    1.08%       2.072      3.109      3.638
              93.000       2.058      -0.672       6.708    1.08%       3.897      4.733
     Y37                   5.469       0.157       0.115    1.15%       3.214      4.790      5.615
              87.000       6.232      -0.371      12.306    1.15%       6.166      7.375
     Y18                   4.181      -0.092      -1.595    1.15%       2.518      3.714      4.354
              87.000       4.197      -0.049       8.973    1.15%       4.621      5.772
     Y28                   3.587      -0.236      -0.183    1.09%       2.270      3.364      3.637
              92.000       2.345      -0.324       6.827    1.09%       4.011      4.962
     Y38                   5.768       0.296      -0.909    1.12%       3.382      5.353      5.793
              89.000       6.683       0.362      13.168    1.12%       6.188      7.671
     Y19                   4.014      -0.335      -2.849    1.08%       2.375      3.317      3.907
              93.000       4.700       0.004       8.069    1.08%       4.772      5.976
     Y29                   3.576       0.111      -0.244    1.09%       2.280      3.064      3.476
              92.000       2.306      -0.266       7.419    1.09%       3.922      4.762
     Y39                   5.447       0.278       0.453    1.10%       2.942      4.534      5.499
              91.000       6.458      -0.559      11.947    1.10%       6.022      7.538
     Y110                  4.214      -0.126      -0.469    1.14%       2.518      3.615      4.216
              88.000       4.459      -0.563       8.416    1.14%       4.849      5.901
     Y210                  3.607      -0.207      -0.453    1.09%       2.518      3.285      3.584
              92.000       1.693       0.202       6.959    1.09%       3.861      4.804
     Y310                  5.142      -0.227       0.053    1.12%       3.098      4.624      5.131
              89.000       5.333      -0.591       9.626    1.12%       5.542      7.061
     Y111                  4.502       0.060      -1.133    1.14%       2.419      3.876      4.495
              88.000       4.241      -0.174       9.681    1.14%       4.944      6.304
     Y211                  3.670       0.195      -0.021    1.08%       2.611      3.212      3.557
              93.000       1.674       0.002       7.108    1.08%       3.764      4.881
     Y311                  5.542       0.101      -1.820    1.09%       3.513      4.822      5.323
              92.000       6.063       0.297      12.163    1.09%       5.826      7.443
     Y112                  4.152       0.180      -0.912    1.05%       2.231      3.637      4.228
              95.000       4.126       0.138       9.977    1.05%       4.589      5.703
     Y212                  3.533      -0.038       0.282    1.08%       2.537      3.149      3.414
              93.000       1.956      -0.109       7.037    1.08%       3.844      4.733
     Y312                  5.402      -0.113      -0.077    1.06%       3.006      4.694      5.547
              94.000       6.934      -0.585      11.432    1.06%       6.227      7.585
     Y113                  4.030      -0.126      -1.226    1.05%       2.107      3.404      4.083
              95.000       4.517      -0.483       8.638    1.05%       4.581      5.786
     Y213                  3.393      -0.148      -0.228    1.12%       1.992      3.099      3.458
              89.000       2.123      -0.276       6.591    1.12%       3.826      4.536
     Y313                  5.176      -0.344      -1.738    1.04%       2.676      4.261      5.659
              96.000       6.833      -0.203      11.101    1.04%       6.183      7.374
     Y114                  4.343      -0.048      -1.597    1.14%       2.528      3.536      4.333
              88.000       4.454      -0.373       9.150    1.14%       4.947      6.259
     Y214                  3.405       0.302       0.314    1.12%       2.227      2.926      3.202
              89.000       2.055      -0.369       7.216    1.12%       3.568      4.631
     Y314                  5.406      -0.266      -5.984    1.10%       3.032      4.604      5.489
              91.000       9.170       1.426      14.119    1.10%       5.978      7.826
     Y115                  3.956       0.395      -0.575    1.05%       2.008      3.225      4.058
              95.000       4.363       0.416      11.339    1.05%       4.511      5.694
     Y215                  3.399       0.429      -0.451    1.09%       2.176      3.032      3.233
              92.000       2.075       0.494       7.383    1.09%       3.585      4.494
     Y315                  4.917      -0.019      -2.293    1.09%       2.660      4.321      4.874
              92.000       7.819      -0.148      11.992    1.09%       5.330      7.314


THE MODEL ESTIMATION TERMINATED NORMALLY



MODEL FIT INFORMATION

Number of Free Parameters                       12

Loglikelihood

          H0 Value                       -7048.455
          H1 Value                       -6262.825

Information Criteria

          Akaike (AIC)                   14120.910
          Bayesian (BIC)                 14152.173
          Sample-Size Adjusted BIC       14114.273
            (n* = (n + 2) / 24)

Chi-Square Test of Model Fit

          Value                           1571.261
          Degrees of Freedom                  1068
          P-Value                           0.0000

RMSEA (Root Mean Square Error Of Approximation)

          Estimate                           0.069
          90 Percent C.I.                    0.061  0.076
          Probability RMSEA <= .05           0.000

CFI/TLI

          CFI                                0.868
          TLI                                0.878

Chi-Square Test of Model Fit for the Baseline Model

          Value                           4813.549
          Degrees of Freedom                   990
          P-Value                           0.0000

SRMR (Standardized Root Mean Square Residual)

          Value                              0.092



MODEL RESULTS

                                                    Two-Tailed
                    Estimate       S.E.  Est./S.E.    P-Value

 ETA1     BY
    Y11                1.000      0.000    999.000    999.000
    Y21                0.532      0.021     25.092      0.000
    Y31                1.351      0.052     25.728      0.000

 ETA2     BY
    Y12                1.000      0.000    999.000    999.000
    Y22                0.532      0.021     25.092      0.000
    Y32                1.351      0.052     25.728      0.000

 ETA3     BY
    Y13                1.000      0.000    999.000    999.000
    Y23                0.532      0.021     25.092      0.000
    Y33                1.351      0.052     25.728      0.000

 ETA4     BY
    Y14                1.000      0.000    999.000    999.000
    Y24                0.532      0.021     25.092      0.000
    Y34                1.351      0.052     25.728      0.000

 ETA5     BY
    Y15                1.000      0.000    999.000    999.000
    Y25                0.532      0.021     25.092      0.000
    Y35                1.351      0.052     25.728      0.000

 ETA6     BY
    Y16                1.000      0.000    999.000    999.000
    Y26                0.532      0.021     25.092      0.000
    Y36                1.351      0.052     25.728      0.000

 ETA7     BY
    Y17                1.000      0.000    999.000    999.000
    Y27                0.532      0.021     25.092      0.000
    Y37                1.351      0.052     25.728      0.000

 ETA8     BY
    Y18                1.000      0.000    999.000    999.000
    Y28                0.532      0.021     25.092      0.000
    Y38                1.351      0.052     25.728      0.000

 ETA9     BY
    Y19                1.000      0.000    999.000    999.000
    Y29                0.532      0.021     25.092      0.000
    Y39                1.351      0.052     25.728      0.000

 ETA10    BY
    Y110               1.000      0.000    999.000    999.000
    Y210               0.532      0.021     25.092      0.000
    Y310               1.351      0.052     25.728      0.000

 ETA11    BY
    Y111               1.000      0.000    999.000    999.000
    Y211               0.532      0.021     25.092      0.000
    Y311               1.351      0.052     25.728      0.000

 ETA12    BY
    Y112               1.000      0.000    999.000    999.000
    Y212               0.532      0.021     25.092      0.000
    Y312               1.351      0.052     25.728      0.000

 ETA13    BY
    Y113               1.000      0.000    999.000    999.000
    Y213               0.532      0.021     25.092      0.000
    Y313               1.351      0.052     25.728      0.000

 ETA14    BY
    Y114               1.000      0.000    999.000    999.000
    Y214               0.532      0.021     25.092      0.000
    Y314               1.351      0.052     25.728      0.000

 ETA15    BY
    Y115               1.000      0.000    999.000    999.000
    Y215               0.532      0.021     25.092      0.000
    Y315               1.351      0.052     25.728      0.000

 THETA1   BY
    Y11                1.000      0.000    999.000    999.000
    Y21                0.825      0.027     31.148      0.000
    Y31                1.233      0.040     30.774      0.000
    Y12                1.000      0.000    999.000    999.000
    Y22                0.825      0.027     31.148      0.000
    Y32                1.233      0.040     30.774      0.000
    Y13                1.000      0.000    999.000    999.000
    Y23                0.825      0.027     31.148      0.000
    Y33                1.233      0.040     30.774      0.000
    Y14                1.000      0.000    999.000    999.000
    Y24                0.825      0.027     31.148      0.000
    Y34                1.233      0.040     30.774      0.000
    Y15                1.000      0.000    999.000    999.000
    Y25                0.825      0.027     31.148      0.000
    Y35                1.233      0.040     30.774      0.000
    Y16                1.000      0.000    999.000    999.000
    Y26                0.825      0.027     31.148      0.000
    Y36                1.233      0.040     30.774      0.000
    Y17                1.000      0.000    999.000    999.000
    Y27                0.825      0.027     31.148      0.000
    Y37                1.233      0.040     30.774      0.000
    Y18                1.000      0.000    999.000    999.000
    Y28                0.825      0.027     31.148      0.000
    Y38                1.233      0.040     30.774      0.000
    Y19                1.000      0.000    999.000    999.000
    Y29                0.825      0.027     31.148      0.000
    Y39                1.233      0.040     30.774      0.000
    Y110               1.000      0.000    999.000    999.000
    Y210               0.825      0.027     31.148      0.000
    Y310               1.233      0.040     30.774      0.000
    Y111               1.000      0.000    999.000    999.000
    Y211               0.825      0.027     31.148      0.000
    Y311               1.233      0.040     30.774      0.000
    Y112               1.000      0.000    999.000    999.000
    Y212               0.825      0.027     31.148      0.000
    Y312               1.233      0.040     30.774      0.000
    Y113               1.000      0.000    999.000    999.000
    Y213               0.825      0.027     31.148      0.000
    Y313               1.233      0.040     30.774      0.000
    Y114               1.000      0.000    999.000    999.000
    Y214               0.825      0.027     31.148      0.000
    Y314               1.233      0.040     30.774      0.000
    Y115               1.000      0.000    999.000    999.000
    Y215               0.825      0.027     31.148      0.000
    Y315               1.233      0.040     30.774      0.000

 ETA1     WITH
    ETA2               0.000      0.000    999.000    999.000
    ETA3               0.000      0.000    999.000    999.000
    ETA4               0.000      0.000    999.000    999.000
    ETA5               0.000      0.000    999.000    999.000
    ETA6               0.000      0.000    999.000    999.000
    ETA7               0.000      0.000    999.000    999.000
    ETA8               0.000      0.000    999.000    999.000
    ETA9               0.000      0.000    999.000    999.000
    ETA10              0.000      0.000    999.000    999.000
    ETA11              0.000      0.000    999.000    999.000
    ETA12              0.000      0.000    999.000    999.000
    ETA13              0.000      0.000    999.000    999.000
    ETA14              0.000      0.000    999.000    999.000
    ETA15              0.000      0.000    999.000    999.000
    THETA1             0.000      0.000    999.000    999.000

 ETA2     WITH
    ETA3               0.000      0.000    999.000    999.000
    ETA4               0.000      0.000    999.000    999.000
    ETA5               0.000      0.000    999.000    999.000
    ETA6               0.000      0.000    999.000    999.000
    ETA7               0.000      0.000    999.000    999.000
    ETA8               0.000      0.000    999.000    999.000
    ETA9               0.000      0.000    999.000    999.000
    ETA10              0.000      0.000    999.000    999.000
    ETA11              0.000      0.000    999.000    999.000
    ETA12              0.000      0.000    999.000    999.000
    ETA13              0.000      0.000    999.000    999.000
    ETA14              0.000      0.000    999.000    999.000
    ETA15              0.000      0.000    999.000    999.000
    THETA1             0.000      0.000    999.000    999.000

 ETA3     WITH
    ETA4               0.000      0.000    999.000    999.000
    ETA5               0.000      0.000    999.000    999.000
    ETA6               0.000      0.000    999.000    999.000
    ETA7               0.000      0.000    999.000    999.000
    ETA8               0.000      0.000    999.000    999.000
    ETA9               0.000      0.000    999.000    999.000
    ETA10              0.000      0.000    999.000    999.000
    ETA11              0.000      0.000    999.000    999.000
    ETA12              0.000      0.000    999.000    999.000
    ETA13              0.000      0.000    999.000    999.000
    ETA14              0.000      0.000    999.000    999.000
    ETA15              0.000      0.000    999.000    999.000
    THETA1             0.000      0.000    999.000    999.000

 ETA4     WITH
    ETA5               0.000      0.000    999.000    999.000
    ETA6               0.000      0.000    999.000    999.000
    ETA7               0.000      0.000    999.000    999.000
    ETA8               0.000      0.000    999.000    999.000
    ETA9               0.000      0.000    999.000    999.000
    ETA10              0.000      0.000    999.000    999.000
    ETA11              0.000      0.000    999.000    999.000
    ETA12              0.000      0.000    999.000    999.000
    ETA13              0.000      0.000    999.000    999.000
    ETA14              0.000      0.000    999.000    999.000
    ETA15              0.000      0.000    999.000    999.000
    THETA1             0.000      0.000    999.000    999.000

 ETA5     WITH
    ETA6               0.000      0.000    999.000    999.000
    ETA7               0.000      0.000    999.000    999.000
    ETA8               0.000      0.000    999.000    999.000
    ETA9               0.000      0.000    999.000    999.000
    ETA10              0.000      0.000    999.000    999.000
    ETA11              0.000      0.000    999.000    999.000
    ETA12              0.000      0.000    999.000    999.000
    ETA13              0.000      0.000    999.000    999.000
    ETA14              0.000      0.000    999.000    999.000
    ETA15              0.000      0.000    999.000    999.000
    THETA1             0.000      0.000    999.000    999.000

 ETA6     WITH
    ETA7               0.000      0.000    999.000    999.000
    ETA8               0.000      0.000    999.000    999.000
    ETA9               0.000      0.000    999.000    999.000
    ETA10              0.000      0.000    999.000    999.000
    ETA11              0.000      0.000    999.000    999.000
    ETA12              0.000      0.000    999.000    999.000
    ETA13              0.000      0.000    999.000    999.000
    ETA14              0.000      0.000    999.000    999.000
    ETA15              0.000      0.000    999.000    999.000
    THETA1             0.000      0.000    999.000    999.000

 ETA7     WITH
    ETA8               0.000      0.000    999.000    999.000
    ETA9               0.000      0.000    999.000    999.000
    ETA10              0.000      0.000    999.000    999.000
    ETA11              0.000      0.000    999.000    999.000
    ETA12              0.000      0.000    999.000    999.000
    ETA13              0.000      0.000    999.000    999.000
    ETA14              0.000      0.000    999.000    999.000
    ETA15              0.000      0.000    999.000    999.000
    THETA1             0.000      0.000    999.000    999.000

 ETA8     WITH
    ETA9               0.000      0.000    999.000    999.000
    ETA10              0.000      0.000    999.000    999.000
    ETA11              0.000      0.000    999.000    999.000
    ETA12              0.000      0.000    999.000    999.000
    ETA13              0.000      0.000    999.000    999.000
    ETA14              0.000      0.000    999.000    999.000
    ETA15              0.000      0.000    999.000    999.000
    THETA1             0.000      0.000    999.000    999.000

 ETA9     WITH
    ETA10              0.000      0.000    999.000    999.000
    ETA11              0.000      0.000    999.000    999.000
    ETA12              0.000      0.000    999.000    999.000
    ETA13              0.000      0.000    999.000    999.000
    ETA14              0.000      0.000    999.000    999.000
    ETA15              0.000      0.000    999.000    999.000
    THETA1             0.000      0.000    999.000    999.000

 ETA10    WITH
    ETA11              0.000      0.000    999.000    999.000
    ETA12              0.000      0.000    999.000    999.000
    ETA13              0.000      0.000    999.000    999.000
    ETA14              0.000      0.000    999.000    999.000
    ETA15              0.000      0.000    999.000    999.000
    THETA1             0.000      0.000    999.000    999.000

 ETA11    WITH
    ETA12              0.000      0.000    999.000    999.000
    ETA13              0.000      0.000    999.000    999.000
    ETA14              0.000      0.000    999.000    999.000
    ETA15              0.000      0.000    999.000    999.000
    THETA1             0.000      0.000    999.000    999.000

 ETA12    WITH
    ETA13              0.000      0.000    999.000    999.000
    ETA14              0.000      0.000    999.000    999.000
    ETA15              0.000      0.000    999.000    999.000
    THETA1             0.000      0.000    999.000    999.000

 ETA13    WITH
    ETA14              0.000      0.000    999.000    999.000
    ETA15              0.000      0.000    999.000    999.000
    THETA1             0.000      0.000    999.000    999.000

 ETA14    WITH
    ETA15              0.000      0.000    999.000    999.000
    THETA1             0.000      0.000    999.000    999.000

 ETA15    WITH
    THETA1             0.000      0.000    999.000    999.000

 Means
    THETA1             4.161      0.132     31.501      0.000

 Intercepts
    Y11                0.000      0.000    999.000    999.000
    Y21                0.074      0.115      0.644      0.520
    Y31                0.258      0.174      1.481      0.139
    Y12                0.000      0.000    999.000    999.000
    Y22                0.074      0.115      0.644      0.520
    Y32                0.258      0.174      1.481      0.139
    Y13                0.000      0.000    999.000    999.000
    Y23                0.074      0.115      0.644      0.520
    Y33                0.258      0.174      1.481      0.139
    Y14                0.000      0.000    999.000    999.000
    Y24                0.074      0.115      0.644      0.520
    Y34                0.258      0.174      1.481      0.139
    Y15                0.000      0.000    999.000    999.000
    Y25                0.074      0.115      0.644      0.520
    Y35                0.258      0.174      1.481      0.139
    Y16                0.000      0.000    999.000    999.000
    Y26                0.074      0.115      0.644      0.520
    Y36                0.258      0.174      1.481      0.139
    Y17                0.000      0.000    999.000    999.000
    Y27                0.074      0.115      0.644      0.520
    Y37                0.258      0.174      1.481      0.139
    Y18                0.000      0.000    999.000    999.000
    Y28                0.074      0.115      0.644      0.520
    Y38                0.258      0.174      1.481      0.139
    Y19                0.000      0.000    999.000    999.000
    Y29                0.074      0.115      0.644      0.520
    Y39                0.258      0.174      1.481      0.139
    Y110               0.000      0.000    999.000    999.000
    Y210               0.074      0.115      0.644      0.520
    Y310               0.258      0.174      1.481      0.139
    Y111               0.000      0.000    999.000    999.000
    Y211               0.074      0.115      0.644      0.520
    Y311               0.258      0.174      1.481      0.139
    Y112               0.000      0.000    999.000    999.000
    Y212               0.074      0.115      0.644      0.520
    Y312               0.258      0.174      1.481      0.139
    Y113               0.000      0.000    999.000    999.000
    Y213               0.074      0.115      0.644      0.520
    Y313               0.258      0.174      1.481      0.139
    Y114               0.000      0.000    999.000    999.000
    Y214               0.074      0.115      0.644      0.520
    Y314               0.258      0.174      1.481      0.139
    Y115               0.000      0.000    999.000    999.000
    Y215               0.074      0.115      0.644      0.520
    Y315               0.258      0.174      1.481      0.139

 Variances
    ETA1               1.942      0.125     15.583      0.000
    ETA2               1.942      0.125     15.583      0.000
    ETA3               1.942      0.125     15.583      0.000
    ETA4               1.942      0.125     15.583      0.000
    ETA5               1.942      0.125     15.583      0.000
    ETA6               1.942      0.125     15.583      0.000
    ETA7               1.942      0.125     15.583      0.000
    ETA8               1.942      0.125     15.583      0.000
    ETA9               1.942      0.125     15.583      0.000
    ETA10              1.942      0.125     15.583      0.000
    ETA11              1.942      0.125     15.583      0.000
    ETA12              1.942      0.125     15.583      0.000
    ETA13              1.942      0.125     15.583      0.000
    ETA14              1.942      0.125     15.583      0.000
    ETA15              1.942      0.125     15.583      0.000
    THETA1             1.535      0.246      6.239      0.000

 Residual Variances
    Y11                1.047      0.071     14.761      0.000
    Y21                0.479      0.025     19.181      0.000
    Y31                1.438      0.120     11.989      0.000
    Y12                1.047      0.071     14.761      0.000
    Y22                0.479      0.025     19.181      0.000
    Y32                1.438      0.120     11.989      0.000
    Y13                1.047      0.071     14.761      0.000
    Y23                0.479      0.025     19.181      0.000
    Y33                1.438      0.120     11.989      0.000
    Y14                1.047      0.071     14.761      0.000
    Y24                0.479      0.025     19.181      0.000
    Y34                1.438      0.120     11.989      0.000
    Y15                1.047      0.071     14.761      0.000
    Y25                0.479      0.025     19.181      0.000
    Y35                1.438      0.120     11.989      0.000
    Y16                1.047      0.071     14.761      0.000
    Y26                0.479      0.025     19.181      0.000
    Y36                1.438      0.120     11.989      0.000
    Y17                1.047      0.071     14.761      0.000
    Y27                0.479      0.025     19.181      0.000
    Y37                1.438      0.120     11.989      0.000
    Y18                1.047      0.071     14.761      0.000
    Y28                0.479      0.025     19.181      0.000
    Y38                1.438      0.120     11.989      0.000
    Y19                1.047      0.071     14.761      0.000
    Y29                0.479      0.025     19.181      0.000
    Y39                1.438      0.120     11.989      0.000
    Y110               1.047      0.071     14.761      0.000
    Y210               0.479      0.025     19.181      0.000
    Y310               1.438      0.120     11.989      0.000
    Y111               1.047      0.071     14.761      0.000
    Y211               0.479      0.025     19.181      0.000
    Y311               1.438      0.120     11.989      0.000
    Y112               1.047      0.071     14.761      0.000
    Y212               0.479      0.025     19.181      0.000
    Y312               1.438      0.120     11.989      0.000
    Y113               1.047      0.071     14.761      0.000
    Y213               0.479      0.025     19.181      0.000
    Y313               1.438      0.120     11.989      0.000
    Y114               1.047      0.071     14.761      0.000
    Y214               0.479      0.025     19.181      0.000
    Y314               1.438      0.120     11.989      0.000
    Y115               1.047      0.071     14.761      0.000
    Y215               0.479      0.025     19.181      0.000
    Y315               1.438      0.120     11.989      0.000


QUALITY OF NUMERICAL RESULTS

     Condition Number for the Information Matrix              0.500E-03
       (ratio of smallest to largest eigenvalue)


     Beginning Time:  10:39:07
        Ending Time:  10:39:14
       Elapsed Time:  00:00:07



MUTHEN & MUTHEN
3463 Stoner Ave.
Los Angeles, CA  90066

Tel: (310) 391-9971
Fax: (310) 391-8971
Web: www.StatModel.com
Support: Support@StatModel.com

Copyright (c) 1998-2017 Muthen & Muthen
