Mplus VERSION 8
MUTHEN & MUTHEN
02/19/2019  10:34 AM

INPUT INSTRUCTIONS

  TITLE: Your title goes here
  DATA: FILE = "Mplus_files_Results/msst_wide_trunc_n500_i3_nt5_na0.1.dat";
  VARIABLE:
  NAMES = subjn y11 y21 y31 y12 y22 y32 y13 y23 y33 y14 y24 y34 y15 y25 y35;
  MISSING=.;
  USEVAR = y11
  y21
  y31
  y12
  y22
  y32
  y13
  y23
  y33
  y14
  y24
  y34
  y15
  y25
  y35 ;


  ANALYSIS:
  TYPE = GENERAL ;
  ESTIMATOR = ML ;
  ITERATIONS = 50000 ;
  H1ITERATIONS = 50000 ;


  MODEL:

  ! Latent state variables
  eta1 BY y11@1
  y21 (las21)
  y31 (las31) ;
  eta2 BY y12@1
  y22 (las21)
  y32 (las31) ;
  eta3 BY y13@1
  y23 (las21)
  y33 (las31) ;
  eta4 BY y14@1
  y24 (las21)
  y34 (las31) ;
  eta5 BY y15@1
  y25 (las21)
  y35 (las31) ;

  ! Latent trait variables
  theta1 BY y11@1
  y21 (lat21)
  y31 (lat31)
  y12@1
  y22 (lat21)
  y32 (lat31)
  y13@1
  y23 (lat21)
  y33 (lat31)
  y14@1
  y24 (lat21)
  y34 (lat31)
  y15@1
  y25 (lat21)
  y35 (lat31) ;

  ! Intercepts and means

  [y11@0] ;
  [y21*] (int21) ;
  [y31*] (int31) ;
  [y12@0] ;
  [y22*] (int21) ;
  [y32*] (int31) ;
  [y13@0] ;
  [y23*] (int21) ;
  [y33*] (int31) ;
  [y14@0] ;
  [y24*] (int21) ;
  [y34*] (int31) ;
  [y15@0] ;
  [y25*] (int21) ;
  [y35*] (int31) ;
  [theta1*] ;

  ! Variance components
  y11(o_err11) ;
  y21(o_err21) ;
  y31(o_err31) ;
  y12(o_err11) ;
  y22(o_err21) ;
  y32(o_err31) ;
  y13(o_err11) ;
  y23(o_err21) ;
  y33(o_err31) ;
  y14(o_err11) ;
  y24(o_err21) ;
  y34(o_err31) ;
  y15(o_err11) ;
  y25(o_err21) ;
  y35(o_err31) ;
  eta1(s_var11) ;
  eta2(s_var11) ;
  eta3(s_var11) ;
  eta4(s_var11) ;
  eta5(s_var11) ;
  theta1(t_var1) ;

  ! Set zero covariances
  eta1 WITH eta2@0
  eta3@0
  eta4@0
  eta5@0
  theta1@0 ;
  eta2 WITH eta3@0
  eta4@0
  eta5@0
  theta1@0 ;
  eta3 WITH eta4@0
  eta5@0
  theta1@0 ;
  eta4 WITH eta5@0
  theta1@0 ;
  eta5 WITH theta1@0 ;



INPUT READING TERMINATED NORMALLY



Your title goes here

SUMMARY OF ANALYSIS

Number of groups                                                 1
Number of observations                                         500

Number of dependent variables                                   15
Number of independent variables                                  0
Number of continuous latent variables                            6

Observed dependent variables

  Continuous
   Y11         Y21         Y31         Y12         Y22         Y32
   Y13         Y23         Y33         Y14         Y24         Y34
   Y15         Y25         Y35

Continuous latent variables
   ETA1        ETA2        ETA3        ETA4        ETA5        THETA1


Estimator                                                       ML
Information matrix                                        OBSERVED
Maximum number of iterations                                 50000
Convergence criterion                                    0.500D-04
Maximum number of steepest descent iterations                   20
Maximum number of iterations for H1                          50000
Convergence criterion for H1                             0.100D-03

Input data file(s)
  Mplus_files_Results/msst_wide_trunc_n500_i3_nt5_na0.1.dat

Input data format  FREE


SUMMARY OF DATA

     Number of missing data patterns           184


COVARIANCE COVERAGE OF DATA

Minimum covariance coverage value   0.100


     PROPORTION OF DATA PRESENT


           Covariance Coverage
              Y11           Y21           Y31           Y12           Y22
              ________      ________      ________      ________      ________
 Y11            0.888
 Y21            0.790         0.896
 Y31            0.774         0.782         0.870
 Y12            0.798         0.802         0.780         0.900
 Y22            0.798         0.802         0.782         0.814         0.902
 Y32            0.802         0.816         0.786         0.812         0.820
 Y13            0.802         0.806         0.782         0.810         0.816
 Y23            0.784         0.780         0.772         0.784         0.792
 Y33            0.760         0.770         0.744         0.772         0.770
 Y14            0.806         0.802         0.784         0.822         0.812
 Y24            0.792         0.796         0.776         0.802         0.796
 Y34            0.802         0.802         0.772         0.810         0.802
 Y15            0.810         0.814         0.800         0.820         0.818
 Y25            0.818         0.824         0.798         0.828         0.836
 Y35            0.816         0.824         0.802         0.824         0.828


           Covariance Coverage
              Y32           Y13           Y23           Y33           Y14
              ________      ________      ________      ________      ________
 Y32            0.906
 Y13            0.812         0.900
 Y23            0.792         0.790         0.874
 Y33            0.778         0.764         0.750         0.856
 Y14            0.814         0.814         0.792         0.772         0.902
 Y24            0.814         0.804         0.778         0.774         0.806
 Y34            0.806         0.808         0.782         0.770         0.800
 Y15            0.826         0.820         0.796         0.776         0.816
 Y25            0.832         0.830         0.802         0.788         0.830
 Y35            0.840         0.826         0.808         0.782         0.832


           Covariance Coverage
              Y24           Y34           Y15           Y25           Y35
              ________      ________      ________      ________      ________
 Y24            0.892
 Y34            0.798         0.896
 Y15            0.814         0.816         0.910
 Y25            0.818         0.826         0.840         0.922
 Y35            0.822         0.824         0.840         0.846         0.920



UNIVARIATE SAMPLE STATISTICS


     UNIVARIATE HIGHER-ORDER MOMENT DESCRIPTIVE STATISTICS

         Variable/         Mean/     Skewness/   Minimum/ % with                Percentiles
        Sample Size      Variance    Kurtosis    Maximum  Min/Max      20%/60%    40%/80%    Median

     Y11                   3.561       0.244      -1.000    0.90%       2.000      3.000      4.000
             444.000       4.836      -0.271      11.000    0.23%       4.000      5.000
     Y21                   2.964       0.125       0.000    5.13%       2.000      3.000      3.000
             448.000       2.235      -0.078       8.000    0.22%       3.000      4.000
     Y31                   4.880       0.228      -2.000    0.23%       3.000      4.000      5.000
             435.000       7.485      -0.211      13.000    0.23%       5.000      7.000
     Y12                   3.627       0.170      -2.000    0.44%       2.000      3.000      4.000
             450.000       4.998      -0.265      10.000    0.44%       4.000      5.000
     Y22                   2.965       0.190       0.000    4.43%       2.000      3.000      3.000
             451.000       2.256      -0.111       8.000    0.44%       3.000      4.000
     Y32                   4.704       0.266      -1.000    0.66%       2.000      4.000      5.000
             453.000       7.546      -0.449      12.000    0.66%       5.000      7.000
     Y13                   3.509       0.109      -3.000    0.22%       2.000      3.000      3.000
             450.000       4.570      -0.367      10.000    0.22%       4.000      5.000
     Y23                   2.957       0.171      -1.000    0.23%       2.000      3.000      3.000
             437.000       2.156      -0.264       7.000    0.69%       3.000      4.000
     Y33                   4.853       0.131      -1.000    0.47%       3.000      4.000      5.000
             428.000       7.037      -0.315      13.000    0.23%       6.000      7.000
     Y14                   3.645       0.115      -2.000    0.22%       2.000      3.000      4.000
             451.000       4.384      -0.247      10.000    0.44%       4.000      5.000
     Y24                   2.991       0.111      -1.000    0.22%       2.000      3.000      3.000
             446.000       2.242      -0.186       8.000    0.22%       3.000      4.000
     Y34                   4.879       0.298      -1.000    0.67%       2.000      4.000      5.000
             448.000       7.624       0.051      14.000    0.45%       6.000      7.000
     Y15                   3.560       0.095      -2.000    0.22%       2.000      3.000      4.000
             455.000       4.431      -0.231      10.000    0.44%       4.000      5.000
     Y25                   2.954       0.153       0.000    4.99%       2.000      3.000      3.000
             461.000       2.152      -0.262       7.000    0.43%       3.000      4.000
     Y35                   4.687       0.222      -2.000    0.43%       2.000      4.000      5.000
             460.000       7.324       0.099      14.000    0.43%       5.000      7.000


THE MODEL ESTIMATION TERMINATED NORMALLY



MODEL FIT INFORMATION

Number of Free Parameters                       12

Loglikelihood

          H0 Value                      -11874.127
          H1 Value                      -11812.191

Information Criteria

          Akaike (AIC)                   23772.254
          Bayesian (BIC)                 23822.829
          Sample-Size Adjusted BIC       23784.741
            (n* = (n + 2) / 24)

Chi-Square Test of Model Fit

          Value                            123.873
          Degrees of Freedom                   123
          P-Value                           0.4610

RMSEA (Root Mean Square Error Of Approximation)

          Estimate                           0.004
          90 Percent C.I.                    0.000  0.023
          Probability RMSEA <= .05           1.000

CFI/TLI

          CFI                                1.000
          TLI                                1.000

Chi-Square Test of Model Fit for the Baseline Model

          Value                           5117.771
          Degrees of Freedom                   105
          P-Value                           0.0000

SRMR (Standardized Root Mean Square Residual)

          Value                              0.031



MODEL RESULTS

                                                    Two-Tailed
                    Estimate       S.E.  Est./S.E.    P-Value

 ETA1     BY
    Y11                1.000      0.000    999.000    999.000
    Y21                0.504      0.019     25.975      0.000
    Y31                1.322      0.050     26.203      0.000

 ETA2     BY
    Y12                1.000      0.000    999.000    999.000
    Y22                0.504      0.019     25.975      0.000
    Y32                1.322      0.050     26.203      0.000

 ETA3     BY
    Y13                1.000      0.000    999.000    999.000
    Y23                0.504      0.019     25.975      0.000
    Y33                1.322      0.050     26.203      0.000

 ETA4     BY
    Y14                1.000      0.000    999.000    999.000
    Y24                0.504      0.019     25.975      0.000
    Y34                1.322      0.050     26.203      0.000

 ETA5     BY
    Y15                1.000      0.000    999.000    999.000
    Y25                0.504      0.019     25.975      0.000
    Y35                1.322      0.050     26.203      0.000

 THETA1   BY
    Y11                1.000      0.000    999.000    999.000
    Y21                0.808      0.021     39.018      0.000
    Y31                1.250      0.031     40.004      0.000
    Y12                1.000      0.000    999.000    999.000
    Y22                0.808      0.021     39.018      0.000
    Y32                1.250      0.031     40.004      0.000
    Y13                1.000      0.000    999.000    999.000
    Y23                0.808      0.021     39.018      0.000
    Y33                1.250      0.031     40.004      0.000
    Y14                1.000      0.000    999.000    999.000
    Y24                0.808      0.021     39.018      0.000
    Y34                1.250      0.031     40.004      0.000
    Y15                1.000      0.000    999.000    999.000
    Y25                0.808      0.021     39.018      0.000
    Y35                1.250      0.031     40.004      0.000

 ETA1     WITH
    ETA2               0.000      0.000    999.000    999.000
    ETA3               0.000      0.000    999.000    999.000
    ETA4               0.000      0.000    999.000    999.000
    ETA5               0.000      0.000    999.000    999.000
    THETA1             0.000      0.000    999.000    999.000

 ETA2     WITH
    ETA3               0.000      0.000    999.000    999.000
    ETA4               0.000      0.000    999.000    999.000
    ETA5               0.000      0.000    999.000    999.000
    THETA1             0.000      0.000    999.000    999.000

 ETA3     WITH
    ETA4               0.000      0.000    999.000    999.000
    ETA5               0.000      0.000    999.000    999.000
    THETA1             0.000      0.000    999.000    999.000

 ETA4     WITH
    ETA5               0.000      0.000    999.000    999.000
    THETA1             0.000      0.000    999.000    999.000

 ETA5     WITH
    THETA1             0.000      0.000    999.000    999.000

 Means
    THETA1             3.576      0.070     51.334      0.000

 Intercepts
    Y11                0.000      0.000    999.000    999.000
    Y21                0.069      0.079      0.879      0.380
    Y31                0.319      0.118      2.693      0.007
    Y12                0.000      0.000    999.000    999.000
    Y22                0.069      0.079      0.879      0.380
    Y32                0.319      0.118      2.693      0.007
    Y13                0.000      0.000    999.000    999.000
    Y23                0.069      0.079      0.879      0.380
    Y33                0.319      0.118      2.693      0.007
    Y14                0.000      0.000    999.000    999.000
    Y24                0.069      0.079      0.879      0.380
    Y34                0.319      0.118      2.693      0.007
    Y15                0.000      0.000    999.000    999.000
    Y25                0.069      0.079      0.879      0.380
    Y35                0.319      0.118      2.693      0.007

 Variances
    ETA1               1.763      0.102     17.257      0.000
    ETA2               1.763      0.102     17.257      0.000
    ETA3               1.763      0.102     17.257      0.000
    ETA4               1.763      0.102     17.257      0.000
    ETA5               1.763      0.102     17.257      0.000
    THETA1             1.824      0.153     11.894      0.000

 Residual Variances
    Y11                1.072      0.062     17.354      0.000
    Y21                0.551      0.022     24.889      0.000
    Y31                1.489      0.103     14.407      0.000
    Y12                1.072      0.062     17.354      0.000
    Y22                0.551      0.022     24.889      0.000
    Y32                1.489      0.103     14.407      0.000
    Y13                1.072      0.062     17.354      0.000
    Y23                0.551      0.022     24.889      0.000
    Y33                1.489      0.103     14.407      0.000
    Y14                1.072      0.062     17.354      0.000
    Y24                0.551      0.022     24.889      0.000
    Y34                1.489      0.103     14.407      0.000
    Y15                1.072      0.062     17.354      0.000
    Y25                0.551      0.022     24.889      0.000
    Y35                1.489      0.103     14.407      0.000


QUALITY OF NUMERICAL RESULTS

     Condition Number for the Information Matrix              0.895E-03
       (ratio of smallest to largest eigenvalue)


     Beginning Time:  10:34:33
        Ending Time:  10:34:34
       Elapsed Time:  00:00:01



MUTHEN & MUTHEN
3463 Stoner Ave.
Los Angeles, CA  90066

Tel: (310) 391-9971
Fax: (310) 391-8971
Web: www.StatModel.com
Support: Support@StatModel.com

Copyright (c) 1998-2017 Muthen & Muthen
