Mplus VERSION 8
MUTHEN & MUTHEN
02/16/2019   4:22 AM

INPUT INSTRUCTIONS

  TITLE: Your title goes here
  DATA: FILE = "Mplus_files_Results/tso_wide_n500_i4_nt5_na0.dat";
  VARIABLE:
  NAMES = subjn y11 y21 y31 y41 y12 y22 y32 y42 y13 y23 y33 y43 y14 y24 y34 y44 y15
       y25 y35 y45;
  MISSING=.;
  USEVAR = y11
  y21
  y31
  y41
  y12
  y22
  y32
  y42
  y13
  y23
  y33
  y43
  y14
  y24
  y34
  y44
  y15
  y25
  y35
  y45 ;


  ANALYSIS:
  TYPE = GENERAL ;
  ESTIMATOR = BAYES ;
  BITERATIONS = (5000) ;

  PROCESSORS = 2 ;

  MODEL:

  ! Latent occasion variables
  occ1 BY y11@1
  y21 (las21)
  y31 (las31)
  y41 (las41) ;
  occ2 BY y12@1
  y22 (las21)
  y32 (las31)
  y42 (las41) ;
  occ3 BY y13@1
  y23 (las21)
  y33 (las31)
  y43 (las41) ;
  occ4 BY y14@1
  y24 (las21)
  y34 (las31)
  y44 (las41) ;
  occ5 BY y15@1
  y25 (las21)
  y35 (las31)
  y45 (las41) ;

  ! Latent trait variable or trait indicators
  theta1 BY y11@1
  y12@1
  y13@1
  y14@1
  y15@1 ;
  theta2 BY y21@1
  y22@1
  y23@1
  y24@1
  y25@1 ;
  theta3 BY y31@1
  y32@1
  y33@1
  y34@1
  y35@1 ;
  theta4 BY y41@1
  y42@1
  y43@1
  y44@1
  y45@1 ;

  ! Intercepts and means
  [y11*] (ins11) ;
  [y21*] (ins21) ;
  [y31*] (ins31) ;
  [y41*] (ins41) ;
  [y12*] (ins11) ;
  [y22*] (ins21) ;
  [y32*] (ins31) ;
  [y42*] (ins41) ;
  [y13*] (ins11) ;
  [y23*] (ins21) ;
  [y33*] (ins31) ;
  [y43*] (ins41) ;
  [y14*] (ins11) ;
  [y24*] (ins21) ;
  [y34*] (ins31) ;
  [y44*] (ins41) ;
  [y15*] (ins11) ;
  [y25*] (ins21) ;
  [y35*] (ins31) ;
  [y45*] (ins41) ;
  [occ1@0] ;
  [occ2@0] ;
  [occ3@0] ;
  [occ4@0] ;
  [occ5@0] ;

  ! Set 0 correlations
  occ1 WITH occ2@0
  occ3@0
  occ4@0
  occ5@0
  theta1@0
  theta2@0
  theta3@0
  theta4@0 ;
  occ2 WITH occ3@0
  occ4@0
  occ5@0
  theta1@0
  theta2@0
  theta3@0
  theta4@0 ;
  occ3 WITH occ4@0
  occ5@0
  theta1@0
  theta2@0
  theta3@0
  theta4@0 ;
  occ4 WITH occ5@0
  theta1@0
  theta2@0
  theta3@0
  theta4@0 ;
  occ5 WITH theta1@0
  theta2@0
  theta3@0
  theta4@0 ;

  ! autoregressive effects
  occ2 ON occ1 (beta1) ;
  occ3 ON occ2 (beta1) ;
  occ4 ON occ3 (beta1) ;
  occ5 ON occ4 (beta1) ;

  ! Variance components
  y11 (err11) ;
  y21 (err21) ;
  y31 (err31) ;
  y41 (err41) ;
  y12 (err11) ;
  y22 (err21) ;
  y32 (err31) ;
  y42 (err41) ;
  y13 (err11) ;
  y23 (err21) ;
  y33 (err31) ;
  y43 (err41) ;
  y14 (err11) ;
  y24 (err21) ;
  y34 (err31) ;
  y44 (err41) ;
  y15 (err11) ;
  y25 (err21) ;
  y35 (err31) ;
  y45 (err41) ;
  occ1 (oc_var1) ;
  occ2 (oc_var1) ;
  occ3 (oc_var1) ;
  occ4 (oc_var1) ;
  occ5 (oc_var1) ;
  theta1(t_var1) ;
  theta2(t_var2) ;
  theta3(t_var3) ;
  theta4(t_var4) ;



INPUT READING TERMINATED NORMALLY



Your title goes here

SUMMARY OF ANALYSIS

Number of groups                                                 1
Number of observations                                         500

Number of dependent variables                                   20
Number of independent variables                                  0
Number of continuous latent variables                            9

Observed dependent variables

  Continuous
   Y11         Y21         Y31         Y41         Y12         Y22
   Y32         Y42         Y13         Y23         Y33         Y43
   Y14         Y24         Y34         Y44         Y15         Y25
   Y35         Y45

Continuous latent variables
   OCC1        OCC2        OCC3        OCC4        OCC5        THETA1
   THETA2      THETA3      THETA4


Estimator                                                    BAYES
Specifications for Bayesian Estimation
  Point estimate                                            MEDIAN
  Number of Markov chain Monte Carlo (MCMC) chains               2
  Random seed for the first chain                                0
  Starting value information                           UNPERTURBED
  Treatment of categorical mediator                         LATENT
  Algorithm used for Markov chain Monte Carlo           GIBBS(PX1)
  Convergence criterion                                  0.500D-01
  Maximum number of iterations                               50000
  K-th iteration used for thinning                               1

Input data file(s)
  Mplus_files_Results/tso_wide_n500_i4_nt5_na0.dat
Input data format  FREE


SUMMARY OF DATA



COVARIANCE COVERAGE OF DATA

Minimum covariance coverage value   0.100

     Number of missing data patterns             1


     PROPORTION OF DATA PRESENT


           Covariance Coverage
              Y11           Y21           Y31           Y41           Y12
              ________      ________      ________      ________      ________
 Y11            1.000
 Y21            1.000         1.000
 Y31            1.000         1.000         1.000
 Y41            1.000         1.000         1.000         1.000
 Y12            1.000         1.000         1.000         1.000         1.000
 Y22            1.000         1.000         1.000         1.000         1.000
 Y32            1.000         1.000         1.000         1.000         1.000
 Y42            1.000         1.000         1.000         1.000         1.000
 Y13            1.000         1.000         1.000         1.000         1.000
 Y23            1.000         1.000         1.000         1.000         1.000
 Y33            1.000         1.000         1.000         1.000         1.000
 Y43            1.000         1.000         1.000         1.000         1.000
 Y14            1.000         1.000         1.000         1.000         1.000
 Y24            1.000         1.000         1.000         1.000         1.000
 Y34            1.000         1.000         1.000         1.000         1.000
 Y44            1.000         1.000         1.000         1.000         1.000
 Y15            1.000         1.000         1.000         1.000         1.000
 Y25            1.000         1.000         1.000         1.000         1.000
 Y35            1.000         1.000         1.000         1.000         1.000
 Y45            1.000         1.000         1.000         1.000         1.000


           Covariance Coverage
              Y22           Y32           Y42           Y13           Y23
              ________      ________      ________      ________      ________
 Y22            1.000
 Y32            1.000         1.000
 Y42            1.000         1.000         1.000
 Y13            1.000         1.000         1.000         1.000
 Y23            1.000         1.000         1.000         1.000         1.000
 Y33            1.000         1.000         1.000         1.000         1.000
 Y43            1.000         1.000         1.000         1.000         1.000
 Y14            1.000         1.000         1.000         1.000         1.000
 Y24            1.000         1.000         1.000         1.000         1.000
 Y34            1.000         1.000         1.000         1.000         1.000
 Y44            1.000         1.000         1.000         1.000         1.000
 Y15            1.000         1.000         1.000         1.000         1.000
 Y25            1.000         1.000         1.000         1.000         1.000
 Y35            1.000         1.000         1.000         1.000         1.000
 Y45            1.000         1.000         1.000         1.000         1.000


           Covariance Coverage
              Y33           Y43           Y14           Y24           Y34
              ________      ________      ________      ________      ________
 Y33            1.000
 Y43            1.000         1.000
 Y14            1.000         1.000         1.000
 Y24            1.000         1.000         1.000         1.000
 Y34            1.000         1.000         1.000         1.000         1.000
 Y44            1.000         1.000         1.000         1.000         1.000
 Y15            1.000         1.000         1.000         1.000         1.000
 Y25            1.000         1.000         1.000         1.000         1.000
 Y35            1.000         1.000         1.000         1.000         1.000
 Y45            1.000         1.000         1.000         1.000         1.000


           Covariance Coverage
              Y44           Y15           Y25           Y35           Y45
              ________      ________      ________      ________      ________
 Y44            1.000
 Y15            1.000         1.000
 Y25            1.000         1.000         1.000
 Y35            1.000         1.000         1.000         1.000
 Y45            1.000         1.000         1.000         1.000         1.000



UNIVARIATE SAMPLE STATISTICS


     UNIVARIATE HIGHER-ORDER MOMENT DESCRIPTIVE STATISTICS

         Variable/         Mean/     Skewness/   Minimum/ % with                Percentiles
        Sample Size      Variance    Kurtosis    Maximum  Min/Max      20%/60%    40%/80%    Median

     Y11                   1.858      -0.215      -5.258    0.20%       0.011      1.349      1.966
             500.000       4.697      -0.114       7.042    0.20%       2.546      3.661
     Y21                   2.433      -0.060      -1.649    0.20%       1.066      2.144      2.506
             500.000       2.450      -0.055       6.977    0.20%       2.893      3.675
     Y31                   2.757      -0.083      -4.714    0.20%       0.727      2.091      2.775
             500.000       6.512      -0.160       9.721    0.20%       3.445      4.936
     Y41                   3.316      -0.126      -2.155    0.20%       1.747      2.858      3.360
             500.000       3.681      -0.278       8.218    0.20%       3.807      5.031
     Y12                   1.973       0.063      -4.818    0.20%      -0.125      1.295      1.851
             500.000       5.730      -0.249       8.967    0.20%       2.577      3.997
     Y22                   2.405      -0.065      -2.006    0.20%       1.025      2.028      2.417
             500.000       2.691      -0.061       7.993    0.20%       2.849      3.838
     Y32                   2.991       0.062      -6.128    0.20%       0.641      2.141      2.923
             500.000       7.992       0.219      12.507    0.20%       3.667      5.199
     Y42                   3.403      -0.237      -3.557    0.20%       1.687      2.992      3.509
             500.000       4.137      -0.169       8.951    0.20%       3.940      5.217
     Y13                   1.980      -0.082      -6.810    0.20%       0.020      1.460      2.116
             500.000       5.280       0.253       8.634    0.20%       2.495      3.796
     Y23                   2.457      -0.028      -2.754    0.20%       1.115      1.982      2.512
             500.000       2.695       0.040       7.537    0.20%       2.907      3.831
     Y33                   2.919      -0.128      -9.557    0.20%       0.389      2.300      3.053
             500.000       8.588       0.390      11.667    0.20%       3.743      5.383
     Y43                   3.483      -0.288      -3.638    0.20%       1.836      2.986      3.545
             500.000       4.010      -0.098       8.061    0.20%       4.143      5.225
     Y14                   1.921      -0.067      -4.855    0.20%      -0.274      1.420      2.065
             500.000       5.759      -0.180       9.354    0.20%       2.622      3.831
     Y24                   2.427      -0.069      -2.509    0.20%       1.016      2.083      2.438
             500.000       2.622      -0.167       7.350    0.20%       2.872      3.840
     Y34                   3.004      -0.304      -6.586    0.20%       0.559      2.476      3.331
             500.000       8.403       0.025      11.966    0.20%       3.958      5.372
     Y44                   3.454      -0.095      -2.420    0.20%       1.703      2.945      3.553
             500.000       4.140      -0.114       9.695    0.20%       4.075      5.155
     Y15                   1.861      -0.043      -4.335    0.20%      -0.110      1.260      1.792
             500.000       5.296      -0.279       9.345    0.20%       2.455      3.939
     Y25                   2.383      -0.124      -2.182    0.20%       0.987      2.038      2.403
             500.000       2.450      -0.251       6.385    0.20%       2.863      3.711
     Y35                   2.856      -0.085      -5.618    0.20%       0.211      2.016      2.874
             500.000       8.690      -0.292      11.079    0.20%       3.631      5.565
     Y45                   3.426      -0.023      -2.331    0.20%       1.506      2.806      3.452
             500.000       4.308      -0.170       9.126    0.20%       3.951      5.208


THE MODEL ESTIMATION TERMINATED NORMALLY

     USE THE FBITERATIONS OPTION TO INCREASE THE NUMBER OF ITERATIONS BY A FACTOR
     OF AT LEAST TWO TO CHECK CONVERGENCE AND THAT THE PSR VALUE DOES NOT INCREASE.



MODEL FIT INFORMATION

Number of Free Parameters                              23

Bayesian Posterior Predictive Checking using Chi-Square

          95% Confidence Interval for the Difference Between
          the Observed and the Replicated Chi-Square Values

                                -80.158            15.572

          Posterior Predictive P-Value              0.898

Information Criteria

          Deviance (DIC)                        34623.697
          Estimated Number of Parameters (pD)      22.573
          Bayesian (BIC)                        34721.421



MODEL RESULTS

                                Posterior  One-Tailed         95% C.I.
                    Estimate       S.D.      P-Value   Lower 2.5%  Upper 2.5%  Significance

 OCC1     BY
    Y11                1.000       0.000      0.000       1.000       1.000
    Y21                0.493       0.016      0.000       0.460       0.525      *
    Y31                1.291       0.035      0.000       1.223       1.362      *
    Y41                0.805       0.024      0.000       0.761       0.857      *

 OCC2     BY
    Y12                1.000       0.000      0.000       1.000       1.000
    Y22                0.493       0.016      0.000       0.460       0.525      *
    Y32                1.291       0.035      0.000       1.223       1.362      *
    Y42                0.805       0.024      0.000       0.761       0.857      *

 OCC3     BY
    Y13                1.000       0.000      0.000       1.000       1.000
    Y23                0.493       0.016      0.000       0.460       0.525      *
    Y33                1.291       0.035      0.000       1.223       1.362      *
    Y43                0.805       0.024      0.000       0.761       0.857      *

 OCC4     BY
    Y14                1.000       0.000      0.000       1.000       1.000
    Y24                0.493       0.016      0.000       0.460       0.525      *
    Y34                1.291       0.035      0.000       1.223       1.362      *
    Y44                0.805       0.024      0.000       0.761       0.857      *

 OCC5     BY
    Y15                1.000       0.000      0.000       1.000       1.000
    Y25                0.493       0.016      0.000       0.460       0.525      *
    Y35                1.291       0.035      0.000       1.223       1.362      *
    Y45                0.805       0.024      0.000       0.761       0.857      *

 THETA1   BY
    Y11                1.000       0.000      0.000       1.000       1.000
    Y12                1.000       0.000      0.000       1.000       1.000
    Y13                1.000       0.000      0.000       1.000       1.000
    Y14                1.000       0.000      0.000       1.000       1.000
    Y15                1.000       0.000      0.000       1.000       1.000

 THETA2   BY
    Y21                1.000       0.000      0.000       1.000       1.000
    Y22                1.000       0.000      0.000       1.000       1.000
    Y23                1.000       0.000      0.000       1.000       1.000
    Y24                1.000       0.000      0.000       1.000       1.000
    Y25                1.000       0.000      0.000       1.000       1.000

 THETA3   BY
    Y31                1.000       0.000      0.000       1.000       1.000
    Y32                1.000       0.000      0.000       1.000       1.000
    Y33                1.000       0.000      0.000       1.000       1.000
    Y34                1.000       0.000      0.000       1.000       1.000
    Y35                1.000       0.000      0.000       1.000       1.000

 THETA4   BY
    Y41                1.000       0.000      0.000       1.000       1.000
    Y42                1.000       0.000      0.000       1.000       1.000
    Y43                1.000       0.000      0.000       1.000       1.000
    Y44                1.000       0.000      0.000       1.000       1.000
    Y45                1.000       0.000      0.000       1.000       1.000

 OCC2       ON
    OCC1               0.558       0.037      0.000       0.482       0.626      *

 OCC3       ON
    OCC2               0.558       0.037      0.000       0.482       0.626      *

 OCC4       ON
    OCC3               0.558       0.037      0.000       0.482       0.626      *

 OCC5       ON
    OCC4               0.558       0.037      0.000       0.482       0.626      *

 OCC1     WITH
    OCC2               0.000       0.000      1.000       0.000       0.000
    OCC3               0.000       0.000      1.000       0.000       0.000
    OCC4               0.000       0.000      1.000       0.000       0.000
    OCC5               0.000       0.000      1.000       0.000       0.000
    THETA1             0.000       0.000      1.000       0.000       0.000
    THETA2             0.000       0.000      1.000       0.000       0.000
    THETA3             0.000       0.000      1.000       0.000       0.000
    THETA4             0.000       0.000      1.000       0.000       0.000

 OCC2     WITH
    OCC3               0.000       0.000      1.000       0.000       0.000
    OCC4               0.000       0.000      1.000       0.000       0.000
    OCC5               0.000       0.000      1.000       0.000       0.000
    THETA1             0.000       0.000      1.000       0.000       0.000
    THETA2             0.000       0.000      1.000       0.000       0.000
    THETA3             0.000       0.000      1.000       0.000       0.000
    THETA4             0.000       0.000      1.000       0.000       0.000

 OCC3     WITH
    OCC4               0.000       0.000      1.000       0.000       0.000
    OCC5               0.000       0.000      1.000       0.000       0.000
    THETA1             0.000       0.000      1.000       0.000       0.000
    THETA2             0.000       0.000      1.000       0.000       0.000
    THETA3             0.000       0.000      1.000       0.000       0.000
    THETA4             0.000       0.000      1.000       0.000       0.000

 OCC4     WITH
    OCC5               0.000       0.000      1.000       0.000       0.000
    THETA1             0.000       0.000      1.000       0.000       0.000
    THETA2             0.000       0.000      1.000       0.000       0.000
    THETA3             0.000       0.000      1.000       0.000       0.000
    THETA4             0.000       0.000      1.000       0.000       0.000

 OCC5     WITH
    THETA1             0.000       0.000      1.000       0.000       0.000
    THETA2             0.000       0.000      1.000       0.000       0.000
    THETA3             0.000       0.000      1.000       0.000       0.000
    THETA4             0.000       0.000      1.000       0.000       0.000

 THETA2   WITH
    THETA1             1.457       0.153      0.000       1.190       1.782      *

 THETA3   WITH
    THETA1             1.500       0.252      0.000       1.047       2.034      *
    THETA2             1.434       0.179      0.000       1.117       1.821      *

 THETA4   WITH
    THETA1             1.461       0.185      0.000       1.122       1.857      *
    THETA2             1.173       0.131      0.000       0.937       1.458      *
    THETA3             1.180       0.214      0.000       0.788       1.624      *

 Means
    OCC1               0.000       0.000      1.000       0.000       0.000

 Intercepts
    Y11                1.886       0.080      0.000       1.754       2.063      *
    Y21                2.404       0.060      0.000       2.301       2.537      *
    Y31                2.860       0.097      0.000       2.696       3.068      *
    Y41                3.392       0.071      0.000       3.265       3.543      *
    Y12                1.886       0.080      0.000       1.754       2.063      *
    Y22                2.404       0.060      0.000       2.301       2.537      *
    Y32                2.860       0.097      0.000       2.696       3.068      *
    Y42                3.392       0.071      0.000       3.265       3.543      *
    Y13                1.886       0.080      0.000       1.754       2.063      *
    Y23                2.404       0.060      0.000       2.301       2.537      *
    Y33                2.860       0.097      0.000       2.696       3.068      *
    Y43                3.392       0.071      0.000       3.265       3.543      *
    Y14                1.886       0.080      0.000       1.754       2.063      *
    Y24                2.404       0.060      0.000       2.301       2.537      *
    Y34                2.860       0.097      0.000       2.696       3.068      *
    Y44                3.392       0.071      0.000       3.265       3.543      *
    Y15                1.886       0.080      0.000       1.754       2.063      *
    Y25                2.404       0.060      0.000       2.301       2.537      *
    Y35                2.860       0.097      0.000       2.696       3.068      *
    Y45                3.392       0.071      0.000       3.265       3.543      *
    OCC2               0.000       0.000      1.000       0.000       0.000
    OCC3               0.000       0.000      1.000       0.000       0.000
    OCC4               0.000       0.000      1.000       0.000       0.000
    OCC5               0.000       0.000      1.000       0.000       0.000

 Variances
    OCC1               1.995       0.105      0.000       1.797       2.203      *
    THETA1             1.785       0.222      0.000       1.396       2.245      *
    THETA2             1.448       0.123      0.000       1.237       1.710      *
    THETA3             2.257       0.345      0.000       1.622       2.972      *
    THETA4             1.575       0.174      0.000       1.262       1.949      *

 Residual Variances
    Y11                0.996       0.046      0.000       0.911       1.090      *
    Y21                0.530       0.019      0.000       0.493       0.569      *
    Y31                1.466       0.070      0.000       1.330       1.608      *
    Y41                0.830       0.035      0.000       0.765       0.901      *
    Y12                0.996       0.046      0.000       0.911       1.090      *
    Y22                0.530       0.019      0.000       0.493       0.569      *
    Y32                1.466       0.070      0.000       1.330       1.608      *
    Y42                0.830       0.035      0.000       0.765       0.901      *
    Y13                0.996       0.046      0.000       0.911       1.090      *
    Y23                0.530       0.019      0.000       0.493       0.569      *
    Y33                1.466       0.070      0.000       1.330       1.608      *
    Y43                0.830       0.035      0.000       0.765       0.901      *
    Y14                0.996       0.046      0.000       0.911       1.090      *
    Y24                0.530       0.019      0.000       0.493       0.569      *
    Y34                1.466       0.070      0.000       1.330       1.608      *
    Y44                0.830       0.035      0.000       0.765       0.901      *
    Y15                0.996       0.046      0.000       0.911       1.090      *
    Y25                0.530       0.019      0.000       0.493       0.569      *
    Y35                1.466       0.070      0.000       1.330       1.608      *
    Y45                0.830       0.035      0.000       0.765       0.901      *
    OCC2               1.995       0.105      0.000       1.797       2.203      *
    OCC3               1.995       0.105      0.000       1.797       2.203      *
    OCC4               1.995       0.105      0.000       1.797       2.203      *
    OCC5               1.995       0.105      0.000       1.797       2.203      *


     Beginning Time:  04:22:42
        Ending Time:  04:22:48
       Elapsed Time:  00:00:06



MUTHEN & MUTHEN
3463 Stoner Ave.
Los Angeles, CA  90066

Tel: (310) 391-9971
Fax: (310) 391-8971
Web: www.StatModel.com
Support: Support@StatModel.com

Copyright (c) 1998-2017 Muthen & Muthen
