Mplus VERSION 8
MUTHEN & MUTHEN
02/18/2019   4:47 PM

INPUT INSTRUCTIONS

  TITLE: Your title goes here
  DATA: FILE = "Mplus_files_Results/tso_wide_trunc_n50_i5_nt5_na0.dat";
  VARIABLE:
  NAMES = subjn y11 y21 y31 y41 y51 y12 y22 y32 y42 y52 y13 y23 y33 y43 y53 y14 y24
       y34 y44 y54 y15 y25 y35 y45 y55;
  MISSING=.;
  USEVAR = y11
  y21
  y31
  y41
  y51
  y12
  y22
  y32
  y42
  y52
  y13
  y23
  y33
  y43
  y53
  y14
  y24
  y34
  y44
  y54
  y15
  y25
  y35
  y45
  y55 ;


  ANALYSIS:
  TYPE = GENERAL ;
  ESTIMATOR = BAYES ;
  BITERATIONS = (5000) ;

  PROCESSORS = 2 ;

  MODEL:

  ! Latent occasion variables
  occ1 BY y11@1
  y21 (las21)
  y31 (las31)
  y41 (las41)
  y51 (las51) ;
  occ2 BY y12@1
  y22 (las21)
  y32 (las31)
  y42 (las41)
  y52 (las51) ;
  occ3 BY y13@1
  y23 (las21)
  y33 (las31)
  y43 (las41)
  y53 (las51) ;
  occ4 BY y14@1
  y24 (las21)
  y34 (las31)
  y44 (las41)
  y54 (las51) ;
  occ5 BY y15@1
  y25 (las21)
  y35 (las31)
  y45 (las41)
  y55 (las51) ;

  ! Latent trait variable or trait indicators
  theta1 BY y11@1
  y12@1
  y13@1
  y14@1
  y15@1 ;
  theta2 BY y21@1
  y22@1
  y23@1
  y24@1
  y25@1 ;
  theta3 BY y31@1
  y32@1
  y33@1
  y34@1
  y35@1 ;
  theta4 BY y41@1
  y42@1
  y43@1
  y44@1
  y45@1 ;
  theta5 BY y51@1
  y52@1
  y53@1
  y54@1
  y55@1 ;

  ! Intercepts and means
  [y11*] (ins11) ;
  [y21*] (ins21) ;
  [y31*] (ins31) ;
  [y41*] (ins41) ;
  [y51*] (ins51) ;
  [y12*] (ins11) ;
  [y22*] (ins21) ;
  [y32*] (ins31) ;
  [y42*] (ins41) ;
  [y52*] (ins51) ;
  [y13*] (ins11) ;
  [y23*] (ins21) ;
  [y33*] (ins31) ;
  [y43*] (ins41) ;
  [y53*] (ins51) ;
  [y14*] (ins11) ;
  [y24*] (ins21) ;
  [y34*] (ins31) ;
  [y44*] (ins41) ;
  [y54*] (ins51) ;
  [y15*] (ins11) ;
  [y25*] (ins21) ;
  [y35*] (ins31) ;
  [y45*] (ins41) ;
  [y55*] (ins51) ;
  [occ1@0] ;
  [occ2@0] ;
  [occ3@0] ;
  [occ4@0] ;
  [occ5@0] ;

  ! Set 0 correlations
  occ1 WITH occ2@0
  occ3@0
  occ4@0
  occ5@0
  theta1@0
  theta2@0
  theta3@0
  theta4@0
  theta5@0 ;
  occ2 WITH occ3@0
  occ4@0
  occ5@0
  theta1@0
  theta2@0
  theta3@0
  theta4@0
  theta5@0 ;
  occ3 WITH occ4@0
  occ5@0
  theta1@0
  theta2@0
  theta3@0
  theta4@0
  theta5@0 ;
  occ4 WITH occ5@0
  theta1@0
  theta2@0
  theta3@0
  theta4@0
  theta5@0 ;
  occ5 WITH theta1@0
  theta2@0
  theta3@0
  theta4@0
  theta5@0 ;

  ! autoregressive effects
  occ2 ON occ1 (beta1) ;
  occ3 ON occ2 (beta1) ;
  occ4 ON occ3 (beta1) ;
  occ5 ON occ4 (beta1) ;

  ! Variance components
  y11 (err11) ;
  y21 (err21) ;
  y31 (err31) ;
  y41 (err41) ;
  y51 (err51) ;
  y12 (err11) ;
  y22 (err21) ;
  y32 (err31) ;
  y42 (err41) ;
  y52 (err51) ;
  y13 (err11) ;
  y23 (err21) ;
  y33 (err31) ;
  y43 (err41) ;
  y53 (err51) ;
  y14 (err11) ;
  y24 (err21) ;
  y34 (err31) ;
  y44 (err41) ;
  y54 (err51) ;
  y15 (err11) ;
  y25 (err21) ;
  y35 (err31) ;
  y45 (err41) ;
  y55 (err51) ;
  occ1 (oc_var1) ;
  occ2 (oc_var1) ;
  occ3 (oc_var1) ;
  occ4 (oc_var1) ;
  occ5 (oc_var1) ;
  theta1(t_var1) ;
  theta2(t_var2) ;
  theta3(t_var3) ;
  theta4(t_var4) ;
  theta5(t_var5) ;



INPUT READING TERMINATED NORMALLY



Your title goes here

SUMMARY OF ANALYSIS

Number of groups                                                 1
Number of observations                                          50

Number of dependent variables                                   25
Number of independent variables                                  0
Number of continuous latent variables                           10

Observed dependent variables

  Continuous
   Y11         Y21         Y31         Y41         Y51         Y12
   Y22         Y32         Y42         Y52         Y13         Y23
   Y33         Y43         Y53         Y14         Y24         Y34
   Y44         Y54         Y15         Y25         Y35         Y45
   Y55

Continuous latent variables
   OCC1        OCC2        OCC3        OCC4        OCC5        THETA1
   THETA2      THETA3      THETA4      THETA5


Estimator                                                    BAYES
Specifications for Bayesian Estimation
  Point estimate                                            MEDIAN
  Number of Markov chain Monte Carlo (MCMC) chains               2
  Random seed for the first chain                                0
  Starting value information                           UNPERTURBED
  Treatment of categorical mediator                         LATENT
  Algorithm used for Markov chain Monte Carlo           GIBBS(PX1)
  Convergence criterion                                  0.500D-01
  Maximum number of iterations                               50000
  K-th iteration used for thinning                               1

Input data file(s)
  Mplus_files_Results/tso_wide_trunc_n50_i5_nt5_na0.dat
Input data format  FREE


SUMMARY OF DATA



COVARIANCE COVERAGE OF DATA

Minimum covariance coverage value   0.100

     Number of missing data patterns             1


     PROPORTION OF DATA PRESENT


           Covariance Coverage
              Y11           Y21           Y31           Y41           Y51
              ________      ________      ________      ________      ________
 Y11            1.000
 Y21            1.000         1.000
 Y31            1.000         1.000         1.000
 Y41            1.000         1.000         1.000         1.000
 Y51            1.000         1.000         1.000         1.000         1.000
 Y12            1.000         1.000         1.000         1.000         1.000
 Y22            1.000         1.000         1.000         1.000         1.000
 Y32            1.000         1.000         1.000         1.000         1.000
 Y42            1.000         1.000         1.000         1.000         1.000
 Y52            1.000         1.000         1.000         1.000         1.000
 Y13            1.000         1.000         1.000         1.000         1.000
 Y23            1.000         1.000         1.000         1.000         1.000
 Y33            1.000         1.000         1.000         1.000         1.000
 Y43            1.000         1.000         1.000         1.000         1.000
 Y53            1.000         1.000         1.000         1.000         1.000
 Y14            1.000         1.000         1.000         1.000         1.000
 Y24            1.000         1.000         1.000         1.000         1.000
 Y34            1.000         1.000         1.000         1.000         1.000
 Y44            1.000         1.000         1.000         1.000         1.000
 Y54            1.000         1.000         1.000         1.000         1.000
 Y15            1.000         1.000         1.000         1.000         1.000
 Y25            1.000         1.000         1.000         1.000         1.000
 Y35            1.000         1.000         1.000         1.000         1.000
 Y45            1.000         1.000         1.000         1.000         1.000
 Y55            1.000         1.000         1.000         1.000         1.000


           Covariance Coverage
              Y12           Y22           Y32           Y42           Y52
              ________      ________      ________      ________      ________
 Y12            1.000
 Y22            1.000         1.000
 Y32            1.000         1.000         1.000
 Y42            1.000         1.000         1.000         1.000
 Y52            1.000         1.000         1.000         1.000         1.000
 Y13            1.000         1.000         1.000         1.000         1.000
 Y23            1.000         1.000         1.000         1.000         1.000
 Y33            1.000         1.000         1.000         1.000         1.000
 Y43            1.000         1.000         1.000         1.000         1.000
 Y53            1.000         1.000         1.000         1.000         1.000
 Y14            1.000         1.000         1.000         1.000         1.000
 Y24            1.000         1.000         1.000         1.000         1.000
 Y34            1.000         1.000         1.000         1.000         1.000
 Y44            1.000         1.000         1.000         1.000         1.000
 Y54            1.000         1.000         1.000         1.000         1.000
 Y15            1.000         1.000         1.000         1.000         1.000
 Y25            1.000         1.000         1.000         1.000         1.000
 Y35            1.000         1.000         1.000         1.000         1.000
 Y45            1.000         1.000         1.000         1.000         1.000
 Y55            1.000         1.000         1.000         1.000         1.000


           Covariance Coverage
              Y13           Y23           Y33           Y43           Y53
              ________      ________      ________      ________      ________
 Y13            1.000
 Y23            1.000         1.000
 Y33            1.000         1.000         1.000
 Y43            1.000         1.000         1.000         1.000
 Y53            1.000         1.000         1.000         1.000         1.000
 Y14            1.000         1.000         1.000         1.000         1.000
 Y24            1.000         1.000         1.000         1.000         1.000
 Y34            1.000         1.000         1.000         1.000         1.000
 Y44            1.000         1.000         1.000         1.000         1.000
 Y54            1.000         1.000         1.000         1.000         1.000
 Y15            1.000         1.000         1.000         1.000         1.000
 Y25            1.000         1.000         1.000         1.000         1.000
 Y35            1.000         1.000         1.000         1.000         1.000
 Y45            1.000         1.000         1.000         1.000         1.000
 Y55            1.000         1.000         1.000         1.000         1.000


           Covariance Coverage
              Y14           Y24           Y34           Y44           Y54
              ________      ________      ________      ________      ________
 Y14            1.000
 Y24            1.000         1.000
 Y34            1.000         1.000         1.000
 Y44            1.000         1.000         1.000         1.000
 Y54            1.000         1.000         1.000         1.000         1.000
 Y15            1.000         1.000         1.000         1.000         1.000
 Y25            1.000         1.000         1.000         1.000         1.000
 Y35            1.000         1.000         1.000         1.000         1.000
 Y45            1.000         1.000         1.000         1.000         1.000
 Y55            1.000         1.000         1.000         1.000         1.000


           Covariance Coverage
              Y15           Y25           Y35           Y45           Y55
              ________      ________      ________      ________      ________
 Y15            1.000
 Y25            1.000         1.000
 Y35            1.000         1.000         1.000
 Y45            1.000         1.000         1.000         1.000
 Y55            1.000         1.000         1.000         1.000         1.000



UNIVARIATE SAMPLE STATISTICS


     UNIVARIATE HIGHER-ORDER MOMENT DESCRIPTIVE STATISTICS

         Variable/         Mean/     Skewness/   Minimum/ % with                Percentiles
        Sample Size      Variance    Kurtosis    Maximum  Min/Max      20%/60%    40%/80%    Median

     Y11                   1.920      -0.014      -3.000    2.00%       0.000      2.000      2.000
              50.000       3.034      -0.129       5.000   10.00%       2.000      4.000
     Y21                   2.160       0.258       0.000   14.00%       1.000      1.000      2.000
              50.000       2.254      -0.982       5.000    8.00%       3.000      3.000
     Y31                   3.180      -0.152      -2.000    4.00%       1.000      3.000      3.500
              50.000       5.868      -0.705       8.000    2.00%       4.000      5.000
     Y41                   3.440       0.034       0.000    8.00%       2.000      3.000      3.000
              50.000       3.806      -0.892       7.000    6.00%       4.000      5.000
     Y51                   3.920       0.080       0.000    4.00%       2.000      3.000      4.000
              50.000       3.994      -0.820       8.000    2.00%       4.000      6.000
     Y12                   1.740       0.373      -2.000    4.00%       0.000      1.000      2.000
              50.000       3.672       0.038       7.000    2.00%       2.000      3.000
     Y22                   2.080       0.341       0.000   16.00%       1.000      2.000      2.000
              50.000       1.954      -0.132       6.000    2.00%       2.000      3.000
     Y32                   2.900       0.360      -3.000    2.00%       0.000      2.000      3.000
              50.000       7.010      -0.267      10.000    2.00%       3.000      5.000
     Y42                   3.120       0.004      -1.000    2.00%       1.000      3.000      3.000
              50.000       3.586      -0.542       7.000    4.00%       4.000      5.000
     Y52                   3.480       0.233       0.000   16.00%       2.000      3.000      3.000
              50.000       5.450      -0.775       8.000    6.00%       4.000      6.000
     Y13                   1.460       0.707      -2.000    2.00%       0.000      0.000      1.000
              50.000       3.648      -0.281       6.000    4.00%       2.000      3.000
     Y23                   2.200       0.390       0.000   14.00%       1.000      2.000      2.000
              50.000       2.280      -0.512       6.000    2.00%       2.000      3.000
     Y33                   2.540       0.355      -4.000    2.00%       0.000      1.000      2.000
              50.000       8.768      -0.383       9.000    4.00%       3.000      5.000
     Y43                   3.280       0.244       0.000   12.00%       2.000      3.000      3.500
              50.000       3.682       0.477       9.000    2.00%       4.000      4.000
     Y53                   3.520       0.673       0.000   10.00%       1.000      3.000      3.000
              50.000       6.170      -0.084      10.000    2.00%       3.000      6.000
     Y14                   1.400       0.157      -3.000    6.00%       0.000      0.000      1.000
              50.000       5.360      -0.398       7.000    2.00%       2.000      3.000
     Y24                   2.120       0.266      -1.000    2.00%       0.000      1.000      2.000
              50.000       2.706      -0.673       6.000    2.00%       3.000      3.000
     Y34                   2.440      -0.177      -6.000    2.00%       0.000      2.000      3.000
              50.000      10.126       0.760      10.000    4.00%       3.000      5.000
     Y44                   3.120       0.275      -1.000    4.00%       1.000      3.000      3.000
              50.000       4.466      -0.185       8.000    4.00%       4.000      5.000
     Y54                   3.300      -0.059      -3.000    2.00%       1.000      3.000      3.000
              50.000       6.090       0.200      10.000    2.00%       4.000      6.000
     Y15                   2.160       0.230      -3.000    2.00%       0.000      2.000      2.000
              50.000       4.694       0.304       8.000    2.00%       2.000      4.000
     Y25                   2.160      -0.235      -2.000    2.00%       1.000      2.000      2.000
              50.000       2.414       0.128       6.000    2.00%       3.000      3.000
     Y35                   2.920       0.232      -4.000    4.00%       1.000      2.000      3.000
              50.000       9.154       0.521      11.000    2.00%       3.000      5.000
     Y45                   3.620       0.208      -1.000    2.00%       2.000      3.000      4.000
              50.000       3.676       0.088       8.000    4.00%       4.000      5.000
     Y55                   3.700      -0.430      -5.000    2.00%       2.000      3.000      4.000
              50.000       6.410       2.185      11.000    2.00%       4.000      5.000


THE MODEL ESTIMATION TERMINATED NORMALLY

     USE THE FBITERATIONS OPTION TO INCREASE THE NUMBER OF ITERATIONS BY A FACTOR
     OF AT LEAST TWO TO CHECK CONVERGENCE AND THAT THE PSR VALUE DOES NOT INCREASE.



MODEL FIT INFORMATION

Number of Free Parameters                              31

Bayesian Posterior Predictive Checking using Chi-Square

          95% Confidence Interval for the Difference Between
          the Observed and the Replicated Chi-Square Values

                               -105.372            34.474

          Posterior Predictive P-Value              0.861

Information Criteria

          Deviance (DIC)                         4319.261
          Estimated Number of Parameters (pD)      25.879
          Bayesian (BIC)                         4387.284



MODEL RESULTS

                                Posterior  One-Tailed         95% C.I.
                    Estimate       S.D.      P-Value   Lower 2.5%  Upper 2.5%  Significance

 OCC1     BY
    Y11                1.000       0.000      0.000       1.000       1.000
    Y21                0.602       0.068      0.000       0.473       0.744      *
    Y31                1.419       0.138      0.000       1.168       1.715      *
    Y41                0.993       0.098      0.000       0.822       1.209      *
    Y51                1.200       0.120      0.000       0.982       1.452      *

 OCC2     BY
    Y12                1.000       0.000      0.000       1.000       1.000
    Y22                0.602       0.068      0.000       0.473       0.744      *
    Y32                1.419       0.138      0.000       1.168       1.715      *
    Y42                0.993       0.098      0.000       0.822       1.209      *
    Y52                1.200       0.120      0.000       0.982       1.452      *

 OCC3     BY
    Y13                1.000       0.000      0.000       1.000       1.000
    Y23                0.602       0.068      0.000       0.473       0.744      *
    Y33                1.419       0.138      0.000       1.168       1.715      *
    Y43                0.993       0.098      0.000       0.822       1.209      *
    Y53                1.200       0.120      0.000       0.982       1.452      *

 OCC4     BY
    Y14                1.000       0.000      0.000       1.000       1.000
    Y24                0.602       0.068      0.000       0.473       0.744      *
    Y34                1.419       0.138      0.000       1.168       1.715      *
    Y44                0.993       0.098      0.000       0.822       1.209      *
    Y54                1.200       0.120      0.000       0.982       1.452      *

 OCC5     BY
    Y15                1.000       0.000      0.000       1.000       1.000
    Y25                0.602       0.068      0.000       0.473       0.744      *
    Y35                1.419       0.138      0.000       1.168       1.715      *
    Y45                0.993       0.098      0.000       0.822       1.209      *
    Y55                1.200       0.120      0.000       0.982       1.452      *

 THETA1   BY
    Y11                1.000       0.000      0.000       1.000       1.000
    Y12                1.000       0.000      0.000       1.000       1.000
    Y13                1.000       0.000      0.000       1.000       1.000
    Y14                1.000       0.000      0.000       1.000       1.000
    Y15                1.000       0.000      0.000       1.000       1.000

 THETA2   BY
    Y21                1.000       0.000      0.000       1.000       1.000
    Y22                1.000       0.000      0.000       1.000       1.000
    Y23                1.000       0.000      0.000       1.000       1.000
    Y24                1.000       0.000      0.000       1.000       1.000
    Y25                1.000       0.000      0.000       1.000       1.000

 THETA3   BY
    Y31                1.000       0.000      0.000       1.000       1.000
    Y32                1.000       0.000      0.000       1.000       1.000
    Y33                1.000       0.000      0.000       1.000       1.000
    Y34                1.000       0.000      0.000       1.000       1.000
    Y35                1.000       0.000      0.000       1.000       1.000

 THETA4   BY
    Y41                1.000       0.000      0.000       1.000       1.000
    Y42                1.000       0.000      0.000       1.000       1.000
    Y43                1.000       0.000      0.000       1.000       1.000
    Y44                1.000       0.000      0.000       1.000       1.000
    Y45                1.000       0.000      0.000       1.000       1.000

 THETA5   BY
    Y51                1.000       0.000      0.000       1.000       1.000
    Y52                1.000       0.000      0.000       1.000       1.000
    Y53                1.000       0.000      0.000       1.000       1.000
    Y54                1.000       0.000      0.000       1.000       1.000
    Y55                1.000       0.000      0.000       1.000       1.000

 OCC2       ON
    OCC1               0.595       0.123      0.000       0.324       0.807      *

 OCC3       ON
    OCC2               0.595       0.123      0.000       0.324       0.807      *

 OCC4       ON
    OCC3               0.595       0.123      0.000       0.324       0.807      *

 OCC5       ON
    OCC4               0.595       0.123      0.000       0.324       0.807      *

 OCC1     WITH
    OCC2               0.000       0.000      1.000       0.000       0.000
    OCC3               0.000       0.000      1.000       0.000       0.000
    OCC4               0.000       0.000      1.000       0.000       0.000
    OCC5               0.000       0.000      1.000       0.000       0.000
    THETA1             0.000       0.000      1.000       0.000       0.000
    THETA2             0.000       0.000      1.000       0.000       0.000
    THETA3             0.000       0.000      1.000       0.000       0.000
    THETA4             0.000       0.000      1.000       0.000       0.000
    THETA5             0.000       0.000      1.000       0.000       0.000

 OCC2     WITH
    OCC3               0.000       0.000      1.000       0.000       0.000
    OCC4               0.000       0.000      1.000       0.000       0.000
    OCC5               0.000       0.000      1.000       0.000       0.000
    THETA1             0.000       0.000      1.000       0.000       0.000
    THETA2             0.000       0.000      1.000       0.000       0.000
    THETA3             0.000       0.000      1.000       0.000       0.000
    THETA4             0.000       0.000      1.000       0.000       0.000
    THETA5             0.000       0.000      1.000       0.000       0.000

 OCC3     WITH
    OCC4               0.000       0.000      1.000       0.000       0.000
    OCC5               0.000       0.000      1.000       0.000       0.000
    THETA1             0.000       0.000      1.000       0.000       0.000
    THETA2             0.000       0.000      1.000       0.000       0.000
    THETA3             0.000       0.000      1.000       0.000       0.000
    THETA4             0.000       0.000      1.000       0.000       0.000
    THETA5             0.000       0.000      1.000       0.000       0.000

 OCC4     WITH
    OCC5               0.000       0.000      1.000       0.000       0.000
    THETA1             0.000       0.000      1.000       0.000       0.000
    THETA2             0.000       0.000      1.000       0.000       0.000
    THETA3             0.000       0.000      1.000       0.000       0.000
    THETA4             0.000       0.000      1.000       0.000       0.000
    THETA5             0.000       0.000      1.000       0.000       0.000

 OCC5     WITH
    THETA1             0.000       0.000      1.000       0.000       0.000
    THETA2             0.000       0.000      1.000       0.000       0.000
    THETA3             0.000       0.000      1.000       0.000       0.000
    THETA4             0.000       0.000      1.000       0.000       0.000
    THETA5             0.000       0.000      1.000       0.000       0.000

 THETA2   WITH
    THETA1             1.573       0.609      0.000       0.707       3.030      *

 THETA3   WITH
    THETA1             2.466       1.078      0.001       0.891       5.039      *
    THETA2             2.134       0.857      0.000       0.906       4.182      *

 THETA4   WITH
    THETA1             1.462       0.700      0.001       0.475       3.132      *
    THETA2             1.461       0.575      0.000       0.640       2.854      *
    THETA3             2.304       1.033      0.000       0.786       4.804      *

 THETA5   WITH
    THETA1             1.579       0.841      0.003       0.351       3.637      *
    THETA2             1.294       0.653      0.003       0.339       2.883      *
    THETA3             2.565       1.258      0.001       0.612       5.610      *
    THETA4             1.484       0.796      0.003       0.271       3.365      *

 Means
    OCC1               0.000       0.000      1.000       0.000       0.000

 Intercepts
    Y11                1.749       0.218      0.000       1.325       2.202      *
    Y21                2.134       0.176      0.000       1.794       2.486      *
    Y31                2.816       0.311      0.000       2.194       3.439      *
    Y41                3.333       0.215      0.000       2.897       3.742      *
    Y51                3.618       0.260      0.000       3.087       4.124      *
    Y12                1.749       0.218      0.000       1.325       2.202      *
    Y22                2.134       0.176      0.000       1.794       2.486      *
    Y32                2.816       0.311      0.000       2.194       3.439      *
    Y42                3.333       0.215      0.000       2.897       3.742      *
    Y52                3.618       0.260      0.000       3.087       4.124      *
    Y13                1.749       0.218      0.000       1.325       2.202      *
    Y23                2.134       0.176      0.000       1.794       2.486      *
    Y33                2.816       0.311      0.000       2.194       3.439      *
    Y43                3.333       0.215      0.000       2.897       3.742      *
    Y53                3.618       0.260      0.000       3.087       4.124      *
    Y14                1.749       0.218      0.000       1.325       2.202      *
    Y24                2.134       0.176      0.000       1.794       2.486      *
    Y34                2.816       0.311      0.000       2.194       3.439      *
    Y44                3.333       0.215      0.000       2.897       3.742      *
    Y54                3.618       0.260      0.000       3.087       4.124      *
    Y15                1.749       0.218      0.000       1.325       2.202      *
    Y25                2.134       0.176      0.000       1.794       2.486      *
    Y35                2.816       0.311      0.000       2.194       3.439      *
    Y45                3.333       0.215      0.000       2.897       3.742      *
    Y55                3.618       0.260      0.000       3.087       4.124      *
    OCC2               0.000       0.000      1.000       0.000       0.000
    OCC3               0.000       0.000      1.000       0.000       0.000
    OCC4               0.000       0.000      1.000       0.000       0.000
    OCC5               0.000       0.000      1.000       0.000       0.000

 Variances
    OCC1               1.332       0.232      0.000       0.925       1.833      *
    THETA1             2.048       0.807      0.000       0.918       4.004      *
    THETA2             1.520       0.516      0.000       0.790       2.756      *
    THETA3             4.051       1.667      0.000       1.634       8.031      *
    THETA4             1.849       0.746      0.000       0.806       3.703      *
    THETA5             2.616       1.119      0.000       0.867       5.295      *

 Residual Variances
    Y11                0.910       0.114      0.000       0.710       1.158      *
    Y21                0.556       0.063      0.000       0.449       0.694      *
    Y31                1.779       0.226      0.000       1.403       2.297      *
    Y41                0.796       0.106      0.000       0.622       1.030      *
    Y51                1.298       0.172      0.000       1.005       1.680      *
    Y12                0.910       0.114      0.000       0.710       1.158      *
    Y22                0.556       0.063      0.000       0.449       0.694      *
    Y32                1.779       0.226      0.000       1.403       2.297      *
    Y42                0.796       0.106      0.000       0.622       1.030      *
    Y52                1.298       0.172      0.000       1.005       1.680      *
    Y13                0.910       0.114      0.000       0.710       1.158      *
    Y23                0.556       0.063      0.000       0.449       0.694      *
    Y33                1.779       0.226      0.000       1.403       2.297      *
    Y43                0.796       0.106      0.000       0.622       1.030      *
    Y53                1.298       0.172      0.000       1.005       1.680      *
    Y14                0.910       0.114      0.000       0.710       1.158      *
    Y24                0.556       0.063      0.000       0.449       0.694      *
    Y34                1.779       0.226      0.000       1.403       2.297      *
    Y44                0.796       0.106      0.000       0.622       1.030      *
    Y54                1.298       0.172      0.000       1.005       1.680      *
    Y15                0.910       0.114      0.000       0.710       1.158      *
    Y25                0.556       0.063      0.000       0.449       0.694      *
    Y35                1.779       0.226      0.000       1.403       2.297      *
    Y45                0.796       0.106      0.000       0.622       1.030      *
    Y55                1.298       0.172      0.000       1.005       1.680      *
    OCC2               1.332       0.232      0.000       0.925       1.833      *
    OCC3               1.332       0.232      0.000       0.925       1.833      *
    OCC4               1.332       0.232      0.000       0.925       1.833      *
    OCC5               1.332       0.232      0.000       0.925       1.833      *


     Beginning Time:  16:47:39
        Ending Time:  16:47:42
       Elapsed Time:  00:00:03



MUTHEN & MUTHEN
3463 Stoner Ave.
Los Angeles, CA  90066

Tel: (310) 391-9971
Fax: (310) 391-8971
Web: www.StatModel.com
Support: Support@StatModel.com

Copyright (c) 1998-2017 Muthen & Muthen
