Mplus VERSION 8
MUTHEN & MUTHEN
02/15/2019   2:44 PM

INPUT INSTRUCTIONS

  TITLE: Your title goes here
  DATA: FILE = "Mplus_files_Results/tso_wide_trunc_n50_i3_nt15_na0.dat";
  VARIABLE:
  NAMES = subjn y11 y21 y31 y12 y22 y32 y13 y23 y33 y14 y24 y34 y15 y25 y35 y16 y26
       y36 y17 y27 y37 y18 y28 y38 y19 y29 y39 y110 y210 y310 y111 y211 y311 y112 y212
       y312 y113 y213 y313 y114 y214 y314 y115 y215 y315;
  MISSING=.;
  USEVAR = y11
  y21
  y31
  y12
  y22
  y32
  y13
  y23
  y33
  y14
  y24
  y34
  y15
  y25
  y35
  y16
  y26
  y36
  y17
  y27
  y37
  y18
  y28
  y38
  y19
  y29
  y39
  y110
  y210
  y310
  y111
  y211
  y311
  y112
  y212
  y312
  y113
  y213
  y313
  y114
  y214
  y314
  y115
  y215
  y315 ;


  ANALYSIS:
  TYPE = GENERAL ;
  ESTIMATOR = BAYES ;
  BITERATIONS = (5000) ;

  PROCESSORS = 2 ;

  MODEL:

  ! Latent occasion variables
  occ1 BY y11@1
  y21 (las21)
  y31 (las31) ;
  occ2 BY y12@1
  y22 (las21)
  y32 (las31) ;
  occ3 BY y13@1
  y23 (las21)
  y33 (las31) ;
  occ4 BY y14@1
  y24 (las21)
  y34 (las31) ;
  occ5 BY y15@1
  y25 (las21)
  y35 (las31) ;
  occ6 BY y16@1
  y26 (las21)
  y36 (las31) ;
  occ7 BY y17@1
  y27 (las21)
  y37 (las31) ;
  occ8 BY y18@1
  y28 (las21)
  y38 (las31) ;
  occ9 BY y19@1
  y29 (las21)
  y39 (las31) ;
  occ10 BY y110@1
  y210 (las21)
  y310 (las31) ;
  occ11 BY y111@1
  y211 (las21)
  y311 (las31) ;
  occ12 BY y112@1
  y212 (las21)
  y312 (las31) ;
  occ13 BY y113@1
  y213 (las21)
  y313 (las31) ;
  occ14 BY y114@1
  y214 (las21)
  y314 (las31) ;
  occ15 BY y115@1
  y215 (las21)
  y315 (las31) ;

  ! Latent trait variable or trait indicators
  theta1 BY y11@1
  y12@1
  y13@1
  y14@1
  y15@1
  y16@1
  y17@1
  y18@1
  y19@1
  y110@1
  y111@1
  y112@1
  y113@1
  y114@1
  y115@1 ;
  theta2 BY y21@1
  y22@1
  y23@1
  y24@1
  y25@1
  y26@1
  y27@1
  y28@1
  y29@1
  y210@1
  y211@1
  y212@1
  y213@1
  y214@1
  y215@1 ;
  theta3 BY y31@1
  y32@1
  y33@1
  y34@1
  y35@1
  y36@1
  y37@1
  y38@1
  y39@1
  y310@1
  y311@1
  y312@1
  y313@1
  y314@1
  y315@1 ;

  ! Intercepts and means
  [y11*] (ins11) ;
  [y21*] (ins21) ;
  [y31*] (ins31) ;
  [y12*] (ins11) ;
  [y22*] (ins21) ;
  [y32*] (ins31) ;
  [y13*] (ins11) ;
  [y23*] (ins21) ;
  [y33*] (ins31) ;
  [y14*] (ins11) ;
  [y24*] (ins21) ;
  [y34*] (ins31) ;
  [y15*] (ins11) ;
  [y25*] (ins21) ;
  [y35*] (ins31) ;
  [y16*] (ins11) ;
  [y26*] (ins21) ;
  [y36*] (ins31) ;
  [y17*] (ins11) ;
  [y27*] (ins21) ;
  [y37*] (ins31) ;
  [y18*] (ins11) ;
  [y28*] (ins21) ;
  [y38*] (ins31) ;
  [y19*] (ins11) ;
  [y29*] (ins21) ;
  [y39*] (ins31) ;
  [y110*] (ins11) ;
  [y210*] (ins21) ;
  [y310*] (ins31) ;
  [y111*] (ins11) ;
  [y211*] (ins21) ;
  [y311*] (ins31) ;
  [y112*] (ins11) ;
  [y212*] (ins21) ;
  [y312*] (ins31) ;
  [y113*] (ins11) ;
  [y213*] (ins21) ;
  [y313*] (ins31) ;
  [y114*] (ins11) ;
  [y214*] (ins21) ;
  [y314*] (ins31) ;
  [y115*] (ins11) ;
  [y215*] (ins21) ;
  [y315*] (ins31) ;
  [occ1@0] ;
  [occ2@0] ;
  [occ3@0] ;
  [occ4@0] ;
  [occ5@0] ;
  [occ6@0] ;
  [occ7@0] ;
  [occ8@0] ;
  [occ9@0] ;
  [occ10@0] ;
  [occ11@0] ;
  [occ12@0] ;
  [occ13@0] ;
  [occ14@0] ;
  [occ15@0] ;

  ! Set 0 correlations
  occ1 WITH occ2@0
  occ3@0
  occ4@0
  occ5@0
  occ6@0
  occ7@0
  occ8@0
  occ9@0
  occ10@0
  occ11@0
  occ12@0
  occ13@0
  occ14@0
  occ15@0
  theta1@0
  theta2@0
  theta3@0 ;
  occ2 WITH occ3@0
  occ4@0
  occ5@0
  occ6@0
  occ7@0
  occ8@0
  occ9@0
  occ10@0
  occ11@0
  occ12@0
  occ13@0
  occ14@0
  occ15@0
  theta1@0
  theta2@0
  theta3@0 ;
  occ3 WITH occ4@0
  occ5@0
  occ6@0
  occ7@0
  occ8@0
  occ9@0
  occ10@0
  occ11@0
  occ12@0
  occ13@0
  occ14@0
  occ15@0
  theta1@0
  theta2@0
  theta3@0 ;
  occ4 WITH occ5@0
  occ6@0
  occ7@0
  occ8@0
  occ9@0
  occ10@0
  occ11@0
  occ12@0
  occ13@0
  occ14@0
  occ15@0
  theta1@0
  theta2@0
  theta3@0 ;
  occ5 WITH occ6@0
  occ7@0
  occ8@0
  occ9@0
  occ10@0
  occ11@0
  occ12@0
  occ13@0
  occ14@0
  occ15@0
  theta1@0
  theta2@0
  theta3@0 ;
  occ6 WITH occ7@0
  occ8@0
  occ9@0
  occ10@0
  occ11@0
  occ12@0
  occ13@0
  occ14@0
  occ15@0
  theta1@0
  theta2@0
  theta3@0 ;
  occ7 WITH occ8@0
  occ9@0
  occ10@0
  occ11@0
  occ12@0
  occ13@0
  occ14@0
  occ15@0
  theta1@0
  theta2@0
  theta3@0 ;
  occ8 WITH occ9@0
  occ10@0
  occ11@0
  occ12@0
  occ13@0
  occ14@0
  occ15@0
  theta1@0
  theta2@0
  theta3@0 ;
  occ9 WITH occ10@0
  occ11@0
  occ12@0
  occ13@0
  occ14@0
  occ15@0
  theta1@0
  theta2@0
  theta3@0 ;
  occ10 WITH occ11@0
  occ12@0
  occ13@0
  occ14@0
  occ15@0
  theta1@0
  theta2@0
  theta3@0 ;
  occ11 WITH occ12@0
  occ13@0
  occ14@0
  occ15@0
  theta1@0
  theta2@0
  theta3@0 ;
  occ12 WITH occ13@0
  occ14@0
  occ15@0
  theta1@0
  theta2@0
  theta3@0 ;
  occ13 WITH occ14@0
  occ15@0
  theta1@0
  theta2@0
  theta3@0 ;
  occ14 WITH occ15@0
  theta1@0
  theta2@0
  theta3@0 ;
  occ15 WITH theta1@0
  theta2@0
  theta3@0 ;

  ! autoregressive effects
  occ2 ON occ1 (beta1) ;
  occ3 ON occ2 (beta1) ;
  occ4 ON occ3 (beta1) ;
  occ5 ON occ4 (beta1) ;
  occ6 ON occ5 (beta1) ;
  occ7 ON occ6 (beta1) ;
  occ8 ON occ7 (beta1) ;
  occ9 ON occ8 (beta1) ;
  occ10 ON occ9 (beta1) ;
  occ11 ON occ10 (beta1) ;
  occ12 ON occ11 (beta1) ;
  occ13 ON occ12 (beta1) ;
  occ14 ON occ13 (beta1) ;
  occ15 ON occ14 (beta1) ;

  ! Variance components
  y11 (err11) ;
  y21 (err21) ;
  y31 (err31) ;
  y12 (err11) ;
  y22 (err21) ;
  y32 (err31) ;
  y13 (err11) ;
  y23 (err21) ;
  y33 (err31) ;
  y14 (err11) ;
  y24 (err21) ;
  y34 (err31) ;
  y15 (err11) ;
  y25 (err21) ;
  y35 (err31) ;
  y16 (err11) ;
  y26 (err21) ;
  y36 (err31) ;
  y17 (err11) ;
  y27 (err21) ;
  y37 (err31) ;
  y18 (err11) ;
  y28 (err21) ;
  y38 (err31) ;
  y19 (err11) ;
  y29 (err21) ;
  y39 (err31) ;
  y110 (err11) ;
  y210 (err21) ;
  y310 (err31) ;
  y111 (err11) ;
  y211 (err21) ;
  y311 (err31) ;
  y112 (err11) ;
  y212 (err21) ;
  y312 (err31) ;
  y113 (err11) ;
  y213 (err21) ;
  y313 (err31) ;
  y114 (err11) ;
  y214 (err21) ;
  y314 (err31) ;
  y115 (err11) ;
  y215 (err21) ;
  y315 (err31) ;
  occ1 (oc_var1) ;
  occ2 (oc_var1) ;
  occ3 (oc_var1) ;
  occ4 (oc_var1) ;
  occ5 (oc_var1) ;
  occ6 (oc_var1) ;
  occ7 (oc_var1) ;
  occ8 (oc_var1) ;
  occ9 (oc_var1) ;
  occ10 (oc_var1) ;
  occ11 (oc_var1) ;
  occ12 (oc_var1) ;
  occ13 (oc_var1) ;
  occ14 (oc_var1) ;
  occ15 (oc_var1) ;
  theta1(t_var1) ;
  theta2(t_var2) ;
  theta3(t_var3) ;



INPUT READING TERMINATED NORMALLY



Your title goes here

SUMMARY OF ANALYSIS

Number of groups                                                 1
Number of observations                                          50

Number of dependent variables                                   45
Number of independent variables                                  0
Number of continuous latent variables                           18

Observed dependent variables

  Continuous
   Y11         Y21         Y31         Y12         Y22         Y32
   Y13         Y23         Y33         Y14         Y24         Y34
   Y15         Y25         Y35         Y16         Y26         Y36
   Y17         Y27         Y37         Y18         Y28         Y38
   Y19         Y29         Y39         Y110        Y210        Y310
   Y111        Y211        Y311        Y112        Y212        Y312
   Y113        Y213        Y313        Y114        Y214        Y314
   Y115        Y215        Y315

Continuous latent variables
   OCC1        OCC2        OCC3        OCC4        OCC5        OCC6
   OCC7        OCC8        OCC9        OCC10       OCC11       OCC12
   OCC13       OCC14       OCC15       THETA1      THETA2      THETA3


Estimator                                                    BAYES
Specifications for Bayesian Estimation
  Point estimate                                            MEDIAN
  Number of Markov chain Monte Carlo (MCMC) chains               2
  Random seed for the first chain                                0
  Starting value information                           UNPERTURBED
  Treatment of categorical mediator                         LATENT
  Algorithm used for Markov chain Monte Carlo           GIBBS(PX1)
  Convergence criterion                                  0.500D-01
  Maximum number of iterations                               50000
  K-th iteration used for thinning                               1

Input data file(s)
  Mplus_files_Results/tso_wide_trunc_n50_i3_nt15_na0.dat
Input data format  FREE


SUMMARY OF DATA



COVARIANCE COVERAGE OF DATA

Minimum covariance coverage value   0.100

     Number of missing data patterns             1


     PROPORTION OF DATA PRESENT


           Covariance Coverage
              Y11           Y21           Y31           Y12           Y22
              ________      ________      ________      ________      ________
 Y11            1.000
 Y21            1.000         1.000
 Y31            1.000         1.000         1.000
 Y12            1.000         1.000         1.000         1.000
 Y22            1.000         1.000         1.000         1.000         1.000
 Y32            1.000         1.000         1.000         1.000         1.000
 Y13            1.000         1.000         1.000         1.000         1.000
 Y23            1.000         1.000         1.000         1.000         1.000
 Y33            1.000         1.000         1.000         1.000         1.000
 Y14            1.000         1.000         1.000         1.000         1.000
 Y24            1.000         1.000         1.000         1.000         1.000
 Y34            1.000         1.000         1.000         1.000         1.000
 Y15            1.000         1.000         1.000         1.000         1.000
 Y25            1.000         1.000         1.000         1.000         1.000
 Y35            1.000         1.000         1.000         1.000         1.000
 Y16            1.000         1.000         1.000         1.000         1.000
 Y26            1.000         1.000         1.000         1.000         1.000
 Y36            1.000         1.000         1.000         1.000         1.000
 Y17            1.000         1.000         1.000         1.000         1.000
 Y27            1.000         1.000         1.000         1.000         1.000
 Y37            1.000         1.000         1.000         1.000         1.000
 Y18            1.000         1.000         1.000         1.000         1.000
 Y28            1.000         1.000         1.000         1.000         1.000
 Y38            1.000         1.000         1.000         1.000         1.000
 Y19            1.000         1.000         1.000         1.000         1.000
 Y29            1.000         1.000         1.000         1.000         1.000
 Y39            1.000         1.000         1.000         1.000         1.000
 Y110           1.000         1.000         1.000         1.000         1.000
 Y210           1.000         1.000         1.000         1.000         1.000
 Y310           1.000         1.000         1.000         1.000         1.000
 Y111           1.000         1.000         1.000         1.000         1.000
 Y211           1.000         1.000         1.000         1.000         1.000
 Y311           1.000         1.000         1.000         1.000         1.000
 Y112           1.000         1.000         1.000         1.000         1.000
 Y212           1.000         1.000         1.000         1.000         1.000
 Y312           1.000         1.000         1.000         1.000         1.000
 Y113           1.000         1.000         1.000         1.000         1.000
 Y213           1.000         1.000         1.000         1.000         1.000
 Y313           1.000         1.000         1.000         1.000         1.000
 Y114           1.000         1.000         1.000         1.000         1.000
 Y214           1.000         1.000         1.000         1.000         1.000
 Y314           1.000         1.000         1.000         1.000         1.000
 Y115           1.000         1.000         1.000         1.000         1.000
 Y215           1.000         1.000         1.000         1.000         1.000
 Y315           1.000         1.000         1.000         1.000         1.000


           Covariance Coverage
              Y32           Y13           Y23           Y33           Y14
              ________      ________      ________      ________      ________
 Y32            1.000
 Y13            1.000         1.000
 Y23            1.000         1.000         1.000
 Y33            1.000         1.000         1.000         1.000
 Y14            1.000         1.000         1.000         1.000         1.000
 Y24            1.000         1.000         1.000         1.000         1.000
 Y34            1.000         1.000         1.000         1.000         1.000
 Y15            1.000         1.000         1.000         1.000         1.000
 Y25            1.000         1.000         1.000         1.000         1.000
 Y35            1.000         1.000         1.000         1.000         1.000
 Y16            1.000         1.000         1.000         1.000         1.000
 Y26            1.000         1.000         1.000         1.000         1.000
 Y36            1.000         1.000         1.000         1.000         1.000
 Y17            1.000         1.000         1.000         1.000         1.000
 Y27            1.000         1.000         1.000         1.000         1.000
 Y37            1.000         1.000         1.000         1.000         1.000
 Y18            1.000         1.000         1.000         1.000         1.000
 Y28            1.000         1.000         1.000         1.000         1.000
 Y38            1.000         1.000         1.000         1.000         1.000
 Y19            1.000         1.000         1.000         1.000         1.000
 Y29            1.000         1.000         1.000         1.000         1.000
 Y39            1.000         1.000         1.000         1.000         1.000
 Y110           1.000         1.000         1.000         1.000         1.000
 Y210           1.000         1.000         1.000         1.000         1.000
 Y310           1.000         1.000         1.000         1.000         1.000
 Y111           1.000         1.000         1.000         1.000         1.000
 Y211           1.000         1.000         1.000         1.000         1.000
 Y311           1.000         1.000         1.000         1.000         1.000
 Y112           1.000         1.000         1.000         1.000         1.000
 Y212           1.000         1.000         1.000         1.000         1.000
 Y312           1.000         1.000         1.000         1.000         1.000
 Y113           1.000         1.000         1.000         1.000         1.000
 Y213           1.000         1.000         1.000         1.000         1.000
 Y313           1.000         1.000         1.000         1.000         1.000
 Y114           1.000         1.000         1.000         1.000         1.000
 Y214           1.000         1.000         1.000         1.000         1.000
 Y314           1.000         1.000         1.000         1.000         1.000
 Y115           1.000         1.000         1.000         1.000         1.000
 Y215           1.000         1.000         1.000         1.000         1.000
 Y315           1.000         1.000         1.000         1.000         1.000


           Covariance Coverage
              Y24           Y34           Y15           Y25           Y35
              ________      ________      ________      ________      ________
 Y24            1.000
 Y34            1.000         1.000
 Y15            1.000         1.000         1.000
 Y25            1.000         1.000         1.000         1.000
 Y35            1.000         1.000         1.000         1.000         1.000
 Y16            1.000         1.000         1.000         1.000         1.000
 Y26            1.000         1.000         1.000         1.000         1.000
 Y36            1.000         1.000         1.000         1.000         1.000
 Y17            1.000         1.000         1.000         1.000         1.000
 Y27            1.000         1.000         1.000         1.000         1.000
 Y37            1.000         1.000         1.000         1.000         1.000
 Y18            1.000         1.000         1.000         1.000         1.000
 Y28            1.000         1.000         1.000         1.000         1.000
 Y38            1.000         1.000         1.000         1.000         1.000
 Y19            1.000         1.000         1.000         1.000         1.000
 Y29            1.000         1.000         1.000         1.000         1.000
 Y39            1.000         1.000         1.000         1.000         1.000
 Y110           1.000         1.000         1.000         1.000         1.000
 Y210           1.000         1.000         1.000         1.000         1.000
 Y310           1.000         1.000         1.000         1.000         1.000
 Y111           1.000         1.000         1.000         1.000         1.000
 Y211           1.000         1.000         1.000         1.000         1.000
 Y311           1.000         1.000         1.000         1.000         1.000
 Y112           1.000         1.000         1.000         1.000         1.000
 Y212           1.000         1.000         1.000         1.000         1.000
 Y312           1.000         1.000         1.000         1.000         1.000
 Y113           1.000         1.000         1.000         1.000         1.000
 Y213           1.000         1.000         1.000         1.000         1.000
 Y313           1.000         1.000         1.000         1.000         1.000
 Y114           1.000         1.000         1.000         1.000         1.000
 Y214           1.000         1.000         1.000         1.000         1.000
 Y314           1.000         1.000         1.000         1.000         1.000
 Y115           1.000         1.000         1.000         1.000         1.000
 Y215           1.000         1.000         1.000         1.000         1.000
 Y315           1.000         1.000         1.000         1.000         1.000


           Covariance Coverage
              Y16           Y26           Y36           Y17           Y27
              ________      ________      ________      ________      ________
 Y16            1.000
 Y26            1.000         1.000
 Y36            1.000         1.000         1.000
 Y17            1.000         1.000         1.000         1.000
 Y27            1.000         1.000         1.000         1.000         1.000
 Y37            1.000         1.000         1.000         1.000         1.000
 Y18            1.000         1.000         1.000         1.000         1.000
 Y28            1.000         1.000         1.000         1.000         1.000
 Y38            1.000         1.000         1.000         1.000         1.000
 Y19            1.000         1.000         1.000         1.000         1.000
 Y29            1.000         1.000         1.000         1.000         1.000
 Y39            1.000         1.000         1.000         1.000         1.000
 Y110           1.000         1.000         1.000         1.000         1.000
 Y210           1.000         1.000         1.000         1.000         1.000
 Y310           1.000         1.000         1.000         1.000         1.000
 Y111           1.000         1.000         1.000         1.000         1.000
 Y211           1.000         1.000         1.000         1.000         1.000
 Y311           1.000         1.000         1.000         1.000         1.000
 Y112           1.000         1.000         1.000         1.000         1.000
 Y212           1.000         1.000         1.000         1.000         1.000
 Y312           1.000         1.000         1.000         1.000         1.000
 Y113           1.000         1.000         1.000         1.000         1.000
 Y213           1.000         1.000         1.000         1.000         1.000
 Y313           1.000         1.000         1.000         1.000         1.000
 Y114           1.000         1.000         1.000         1.000         1.000
 Y214           1.000         1.000         1.000         1.000         1.000
 Y314           1.000         1.000         1.000         1.000         1.000
 Y115           1.000         1.000         1.000         1.000         1.000
 Y215           1.000         1.000         1.000         1.000         1.000
 Y315           1.000         1.000         1.000         1.000         1.000


           Covariance Coverage
              Y37           Y18           Y28           Y38           Y19
              ________      ________      ________      ________      ________
 Y37            1.000
 Y18            1.000         1.000
 Y28            1.000         1.000         1.000
 Y38            1.000         1.000         1.000         1.000
 Y19            1.000         1.000         1.000         1.000         1.000
 Y29            1.000         1.000         1.000         1.000         1.000
 Y39            1.000         1.000         1.000         1.000         1.000
 Y110           1.000         1.000         1.000         1.000         1.000
 Y210           1.000         1.000         1.000         1.000         1.000
 Y310           1.000         1.000         1.000         1.000         1.000
 Y111           1.000         1.000         1.000         1.000         1.000
 Y211           1.000         1.000         1.000         1.000         1.000
 Y311           1.000         1.000         1.000         1.000         1.000
 Y112           1.000         1.000         1.000         1.000         1.000
 Y212           1.000         1.000         1.000         1.000         1.000
 Y312           1.000         1.000         1.000         1.000         1.000
 Y113           1.000         1.000         1.000         1.000         1.000
 Y213           1.000         1.000         1.000         1.000         1.000
 Y313           1.000         1.000         1.000         1.000         1.000
 Y114           1.000         1.000         1.000         1.000         1.000
 Y214           1.000         1.000         1.000         1.000         1.000
 Y314           1.000         1.000         1.000         1.000         1.000
 Y115           1.000         1.000         1.000         1.000         1.000
 Y215           1.000         1.000         1.000         1.000         1.000
 Y315           1.000         1.000         1.000         1.000         1.000


           Covariance Coverage
              Y29           Y39           Y110          Y210          Y310
              ________      ________      ________      ________      ________
 Y29            1.000
 Y39            1.000         1.000
 Y110           1.000         1.000         1.000
 Y210           1.000         1.000         1.000         1.000
 Y310           1.000         1.000         1.000         1.000         1.000
 Y111           1.000         1.000         1.000         1.000         1.000
 Y211           1.000         1.000         1.000         1.000         1.000
 Y311           1.000         1.000         1.000         1.000         1.000
 Y112           1.000         1.000         1.000         1.000         1.000
 Y212           1.000         1.000         1.000         1.000         1.000
 Y312           1.000         1.000         1.000         1.000         1.000
 Y113           1.000         1.000         1.000         1.000         1.000
 Y213           1.000         1.000         1.000         1.000         1.000
 Y313           1.000         1.000         1.000         1.000         1.000
 Y114           1.000         1.000         1.000         1.000         1.000
 Y214           1.000         1.000         1.000         1.000         1.000
 Y314           1.000         1.000         1.000         1.000         1.000
 Y115           1.000         1.000         1.000         1.000         1.000
 Y215           1.000         1.000         1.000         1.000         1.000
 Y315           1.000         1.000         1.000         1.000         1.000


           Covariance Coverage
              Y111          Y211          Y311          Y112          Y212
              ________      ________      ________      ________      ________
 Y111           1.000
 Y211           1.000         1.000
 Y311           1.000         1.000         1.000
 Y112           1.000         1.000         1.000         1.000
 Y212           1.000         1.000         1.000         1.000         1.000
 Y312           1.000         1.000         1.000         1.000         1.000
 Y113           1.000         1.000         1.000         1.000         1.000
 Y213           1.000         1.000         1.000         1.000         1.000
 Y313           1.000         1.000         1.000         1.000         1.000
 Y114           1.000         1.000         1.000         1.000         1.000
 Y214           1.000         1.000         1.000         1.000         1.000
 Y314           1.000         1.000         1.000         1.000         1.000
 Y115           1.000         1.000         1.000         1.000         1.000
 Y215           1.000         1.000         1.000         1.000         1.000
 Y315           1.000         1.000         1.000         1.000         1.000


           Covariance Coverage
              Y312          Y113          Y213          Y313          Y114
              ________      ________      ________      ________      ________
 Y312           1.000
 Y113           1.000         1.000
 Y213           1.000         1.000         1.000
 Y313           1.000         1.000         1.000         1.000
 Y114           1.000         1.000         1.000         1.000         1.000
 Y214           1.000         1.000         1.000         1.000         1.000
 Y314           1.000         1.000         1.000         1.000         1.000
 Y115           1.000         1.000         1.000         1.000         1.000
 Y215           1.000         1.000         1.000         1.000         1.000
 Y315           1.000         1.000         1.000         1.000         1.000


           Covariance Coverage
              Y214          Y314          Y115          Y215          Y315
              ________      ________      ________      ________      ________
 Y214           1.000
 Y314           1.000         1.000
 Y115           1.000         1.000         1.000
 Y215           1.000         1.000         1.000         1.000
 Y315           1.000         1.000         1.000         1.000         1.000



UNIVARIATE SAMPLE STATISTICS


     UNIVARIATE HIGHER-ORDER MOMENT DESCRIPTIVE STATISTICS

         Variable/         Mean/     Skewness/   Minimum/ % with                Percentiles
        Sample Size      Variance    Kurtosis    Maximum  Min/Max      20%/60%    40%/80%    Median

     Y11                   1.780       0.124      -3.000    2.00%       0.000      1.000      2.000
              50.000       3.612      -0.222       6.000    4.00%       2.000      3.000
     Y21                   2.040       0.279       0.000   14.00%       1.000      1.000      2.000
              50.000       1.958      -0.899       5.000    4.00%       2.000      3.000
     Y31                   2.360       1.386      -2.000    2.00%       0.000      1.000      2.000
              50.000       6.830       2.162      11.000    2.00%       3.000      4.000
     Y12                   1.620       0.408      -3.000    2.00%       0.000      1.000      2.000
              50.000       4.076       0.238       7.000    2.00%       2.000      3.000
     Y22                   2.080       0.165      -1.000    2.00%       1.000      2.000      2.000
              50.000       2.154      -0.518       5.000    8.00%       2.000      3.000
     Y32                   2.680       0.724      -2.000    4.00%       0.000      1.000      2.000
              50.000       8.178       0.043      11.000    2.00%       3.000      5.000
     Y13                   2.180      -0.028      -3.000    2.00%       0.000      2.000      2.000
              50.000       3.828      -0.418       6.000    6.00%       3.000      4.000
     Y23                   2.300       0.275      -1.000    2.00%       1.000      2.000      2.000
              50.000       2.690      -0.498       6.000    4.00%       3.000      4.000
     Y33                   2.960       0.044      -3.000    2.00%       1.000      2.000      3.000
              50.000       6.758      -0.423       9.000    2.00%       4.000      5.000
     Y14                   1.920       0.486      -2.000    4.00%       0.000      1.000      1.000
              50.000       4.474      -0.385       7.000    2.00%       2.000      4.000
     Y24                   2.140       0.440       0.000   16.00%       1.000      2.000      2.000
              50.000       2.240      -0.328       6.000    2.00%       2.000      3.000
     Y34                   3.000       0.492      -3.000    2.00%       0.000      2.000      3.000
              50.000       7.960       0.762      12.000    2.00%       4.000      5.000
     Y15                   1.680       0.303      -4.000    2.00%       0.000      1.000      1.000
              50.000       5.578      -0.118       7.000    4.00%       2.000      4.000
     Y25                   2.240       0.483       0.000   12.00%       1.000      2.000      2.000
              50.000       2.102       0.099       6.000    4.00%       3.000      3.000
     Y35                   2.460       0.607      -3.000    2.00%       0.000      1.000      2.000
              50.000       8.048       0.477      11.000    2.00%       3.000      4.000
     Y16                   1.600       0.066      -5.000    2.00%       0.000      1.000      1.000
              50.000       6.240       0.411       8.000    2.00%       2.000      4.000
     Y26                   2.220      -0.091      -2.000    2.00%       0.000      2.000      2.000
              50.000       3.052      -0.114       6.000    4.00%       3.000      3.000
     Y36                   2.260       0.129      -4.000    2.00%      -1.000      2.000      2.000
              50.000       9.392      -0.330      10.000    2.00%       3.000      4.000
     Y17                   1.840       0.351      -4.000    2.00%       0.000      1.000      1.500
              50.000       5.814       0.327       8.000    4.00%       2.000      4.000
     Y27                   2.360       0.040      -2.000    2.00%       1.000      2.000      2.000
              50.000       3.190      -0.028       7.000    2.00%       3.000      4.000
     Y37                   2.820      -0.088      -6.000    2.00%       1.000      2.000      3.000
              50.000       8.628       1.960      12.000    2.00%       3.000      5.000
     Y18                   1.960       0.244      -3.000    2.00%       0.000      1.000      2.000
              50.000       4.078       0.509       7.000    4.00%       2.000      3.000
     Y28                   2.220       0.013      -1.000    4.00%       1.000      2.000      2.000
              50.000       2.252      -0.080       6.000    2.00%       3.000      3.000
     Y38                   2.780       0.135      -3.000    4.00%       0.000      2.000      3.000
              50.000       7.132      -0.382       9.000    2.00%       3.000      5.000
     Y19                   1.380       0.336      -3.000    4.00%       0.000      1.000      1.000
              50.000       4.676      -0.062       7.000    2.00%       1.000      3.000
     Y29                   1.860       0.617       0.000   18.00%       1.000      1.000      2.000
              50.000       2.040      -0.073       6.000    2.00%       2.000      3.000
     Y39                   2.480       0.207      -5.000    2.00%       0.000      2.000      2.000
              50.000       9.130       0.451      11.000    2.00%       3.000      5.000
     Y110                  1.580       0.307      -4.000    2.00%       0.000      1.000      1.000
              50.000       4.524       0.497       7.000    2.00%       2.000      3.000
     Y210                  1.900       0.104      -2.000    2.00%       0.000      1.000      2.000
              50.000       2.490      -0.040       6.000    2.00%       2.000      3.000
     Y310                  2.360       0.299      -5.000    2.00%       0.000      1.000      2.000
              50.000       7.550       0.053       9.000    2.00%       2.000      4.000
     Y111                  1.400       0.240      -4.000    2.00%       0.000      0.000      1.000
              50.000       3.800       0.114       6.000    2.00%       2.000      3.000
     Y211                  1.840       0.636       0.000   18.00%       1.000      1.000      2.000
              50.000       1.814       0.474       6.000    2.00%       2.000      3.000
     Y311                  2.060       0.304      -3.000    4.00%      -1.000      1.000      2.000
              50.000       8.256      -0.309      10.000    2.00%       3.000      4.000
     Y112                  1.940       0.253      -3.000    2.00%       0.000      1.000      2.000
              50.000       4.336       0.127       7.000    4.00%       2.000      4.000
     Y212                  2.160       0.401       0.000   14.00%       1.000      2.000      2.000
              50.000       1.894       0.143       6.000    2.00%       2.000      3.000
     Y312                  2.980       0.685      -1.000    2.00%       0.000      2.000      3.000
              50.000       6.380      -0.056       9.000    6.00%       3.000      5.000
     Y113                  1.900       0.677      -1.000   10.00%       0.000      1.000      2.000
              50.000       4.210      -0.112       7.000    4.00%       2.000      3.000
     Y213                  2.000       0.762      -1.000    2.00%       1.000      1.000      2.000
              50.000       2.560       0.467       7.000    2.00%       2.000      3.000
     Y313                  2.460       0.632      -1.000    6.00%       0.000      1.000      2.000
              50.000       5.528      -0.295       9.000    2.00%       3.000      4.000
     Y114                  1.600       0.379      -2.000    6.00%       0.000      1.000      1.000
              50.000       4.160      -0.466       6.000    6.00%       2.000      3.000
     Y214                  2.080       0.784       0.000    8.00%       1.000      1.000      2.000
              50.000       2.074       0.138       6.000    4.00%       2.000      3.000
     Y314                  2.560       0.590      -2.000    4.00%       0.000      2.000      2.000
              50.000       8.086      -0.322      10.000    2.00%       3.000      5.000
     Y115                  2.060       0.748       0.000   26.00%       0.000      1.000      1.500
              50.000       3.576      -0.213       7.000    4.00%       2.000      4.000
     Y215                  2.280       0.468       0.000   10.00%       1.000      2.000      2.000
              50.000       2.202      -0.424       6.000    2.00%       2.000      3.000
     Y315                  2.660       0.361      -1.000    6.00%       0.000      1.000      3.000
              50.000       6.784      -0.970       9.000    2.00%       3.000      5.000


THE MODEL ESTIMATION TERMINATED NORMALLY

     USE THE FBITERATIONS OPTION TO INCREASE THE NUMBER OF ITERATIONS BY A FACTOR
     OF AT LEAST TWO TO CHECK CONVERGENCE AND THAT THE PSR VALUE DOES NOT INCREASE.



MODEL FIT INFORMATION

Number of Free Parameters                              16

Bayesian Posterior Predictive Checking using Chi-Square

          95% Confidence Interval for the Difference Between
          the Observed and the Replicated Chi-Square Values

                               -325.488            43.030

          Posterior Predictive P-Value              0.918

Information Criteria

          Deviance (DIC)                         7632.566
          Estimated Number of Parameters (pD)      14.103
          Bayesian (BIC)                         7666.190



MODEL RESULTS

                                Posterior  One-Tailed         95% C.I.
                    Estimate       S.D.      P-Value   Lower 2.5%  Upper 2.5%  Significance

 OCC1     BY
    Y11                1.000       0.000      0.000       1.000       1.000
    Y21                0.553       0.028      0.000       0.501       0.610      *
    Y31                1.410       0.065      0.000       1.285       1.548      *

 OCC2     BY
    Y12                1.000       0.000      0.000       1.000       1.000
    Y22                0.553       0.028      0.000       0.501       0.610      *
    Y32                1.410       0.065      0.000       1.285       1.548      *

 OCC3     BY
    Y13                1.000       0.000      0.000       1.000       1.000
    Y23                0.553       0.028      0.000       0.501       0.610      *
    Y33                1.410       0.065      0.000       1.285       1.548      *

 OCC4     BY
    Y14                1.000       0.000      0.000       1.000       1.000
    Y24                0.553       0.028      0.000       0.501       0.610      *
    Y34                1.410       0.065      0.000       1.285       1.548      *

 OCC5     BY
    Y15                1.000       0.000      0.000       1.000       1.000
    Y25                0.553       0.028      0.000       0.501       0.610      *
    Y35                1.410       0.065      0.000       1.285       1.548      *

 OCC6     BY
    Y16                1.000       0.000      0.000       1.000       1.000
    Y26                0.553       0.028      0.000       0.501       0.610      *
    Y36                1.410       0.065      0.000       1.285       1.548      *

 OCC7     BY
    Y17                1.000       0.000      0.000       1.000       1.000
    Y27                0.553       0.028      0.000       0.501       0.610      *
    Y37                1.410       0.065      0.000       1.285       1.548      *

 OCC8     BY
    Y18                1.000       0.000      0.000       1.000       1.000
    Y28                0.553       0.028      0.000       0.501       0.610      *
    Y38                1.410       0.065      0.000       1.285       1.548      *

 OCC9     BY
    Y19                1.000       0.000      0.000       1.000       1.000
    Y29                0.553       0.028      0.000       0.501       0.610      *
    Y39                1.410       0.065      0.000       1.285       1.548      *

 OCC10    BY
    Y110               1.000       0.000      0.000       1.000       1.000
    Y210               0.553       0.028      0.000       0.501       0.610      *
    Y310               1.410       0.065      0.000       1.285       1.548      *

 OCC11    BY
    Y111               1.000       0.000      0.000       1.000       1.000
    Y211               0.553       0.028      0.000       0.501       0.610      *
    Y311               1.410       0.065      0.000       1.285       1.548      *

 OCC12    BY
    Y112               1.000       0.000      0.000       1.000       1.000
    Y212               0.553       0.028      0.000       0.501       0.610      *
    Y312               1.410       0.065      0.000       1.285       1.548      *

 OCC13    BY
    Y113               1.000       0.000      0.000       1.000       1.000
    Y213               0.553       0.028      0.000       0.501       0.610      *
    Y313               1.410       0.065      0.000       1.285       1.548      *

 OCC14    BY
    Y114               1.000       0.000      0.000       1.000       1.000
    Y214               0.553       0.028      0.000       0.501       0.610      *
    Y314               1.410       0.065      0.000       1.285       1.548      *

 OCC15    BY
    Y115               1.000       0.000      0.000       1.000       1.000
    Y215               0.553       0.028      0.000       0.501       0.610      *
    Y315               1.410       0.065      0.000       1.285       1.548      *

 THETA1   BY
    Y11                1.000       0.000      0.000       1.000       1.000
    Y12                1.000       0.000      0.000       1.000       1.000
    Y13                1.000       0.000      0.000       1.000       1.000
    Y14                1.000       0.000      0.000       1.000       1.000
    Y15                1.000       0.000      0.000       1.000       1.000
    Y16                1.000       0.000      0.000       1.000       1.000
    Y17                1.000       0.000      0.000       1.000       1.000
    Y18                1.000       0.000      0.000       1.000       1.000
    Y19                1.000       0.000      0.000       1.000       1.000
    Y110               1.000       0.000      0.000       1.000       1.000
    Y111               1.000       0.000      0.000       1.000       1.000
    Y112               1.000       0.000      0.000       1.000       1.000
    Y113               1.000       0.000      0.000       1.000       1.000
    Y114               1.000       0.000      0.000       1.000       1.000
    Y115               1.000       0.000      0.000       1.000       1.000

 THETA2   BY
    Y21                1.000       0.000      0.000       1.000       1.000
    Y22                1.000       0.000      0.000       1.000       1.000
    Y23                1.000       0.000      0.000       1.000       1.000
    Y24                1.000       0.000      0.000       1.000       1.000
    Y25                1.000       0.000      0.000       1.000       1.000
    Y26                1.000       0.000      0.000       1.000       1.000
    Y27                1.000       0.000      0.000       1.000       1.000
    Y28                1.000       0.000      0.000       1.000       1.000
    Y29                1.000       0.000      0.000       1.000       1.000
    Y210               1.000       0.000      0.000       1.000       1.000
    Y211               1.000       0.000      0.000       1.000       1.000
    Y212               1.000       0.000      0.000       1.000       1.000
    Y213               1.000       0.000      0.000       1.000       1.000
    Y214               1.000       0.000      0.000       1.000       1.000
    Y215               1.000       0.000      0.000       1.000       1.000

 THETA3   BY
    Y31                1.000       0.000      0.000       1.000       1.000
    Y32                1.000       0.000      0.000       1.000       1.000
    Y33                1.000       0.000      0.000       1.000       1.000
    Y34                1.000       0.000      0.000       1.000       1.000
    Y35                1.000       0.000      0.000       1.000       1.000
    Y36                1.000       0.000      0.000       1.000       1.000
    Y37                1.000       0.000      0.000       1.000       1.000
    Y38                1.000       0.000      0.000       1.000       1.000
    Y39                1.000       0.000      0.000       1.000       1.000
    Y310               1.000       0.000      0.000       1.000       1.000
    Y311               1.000       0.000      0.000       1.000       1.000
    Y312               1.000       0.000      0.000       1.000       1.000
    Y313               1.000       0.000      0.000       1.000       1.000
    Y314               1.000       0.000      0.000       1.000       1.000
    Y315               1.000       0.000      0.000       1.000       1.000

 OCC2       ON
    OCC1               0.555       0.044      0.000       0.466       0.640      *

 OCC3       ON
    OCC2               0.555       0.044      0.000       0.466       0.640      *

 OCC4       ON
    OCC3               0.555       0.044      0.000       0.466       0.640      *

 OCC5       ON
    OCC4               0.555       0.044      0.000       0.466       0.640      *

 OCC6       ON
    OCC5               0.555       0.044      0.000       0.466       0.640      *

 OCC7       ON
    OCC6               0.555       0.044      0.000       0.466       0.640      *

 OCC8       ON
    OCC7               0.555       0.044      0.000       0.466       0.640      *

 OCC9       ON
    OCC8               0.555       0.044      0.000       0.466       0.640      *

 OCC10      ON
    OCC9               0.555       0.044      0.000       0.466       0.640      *

 OCC11      ON
    OCC10              0.555       0.044      0.000       0.466       0.640      *

 OCC12      ON
    OCC11              0.555       0.044      0.000       0.466       0.640      *

 OCC13      ON
    OCC12              0.555       0.044      0.000       0.466       0.640      *

 OCC14      ON
    OCC13              0.555       0.044      0.000       0.466       0.640      *

 OCC15      ON
    OCC14              0.555       0.044      0.000       0.466       0.640      *

 OCC1     WITH
    OCC2               0.000       0.000      1.000       0.000       0.000
    OCC3               0.000       0.000      1.000       0.000       0.000
    OCC4               0.000       0.000      1.000       0.000       0.000
    OCC5               0.000       0.000      1.000       0.000       0.000
    OCC6               0.000       0.000      1.000       0.000       0.000
    OCC7               0.000       0.000      1.000       0.000       0.000
    OCC8               0.000       0.000      1.000       0.000       0.000
    OCC9               0.000       0.000      1.000       0.000       0.000
    OCC10              0.000       0.000      1.000       0.000       0.000
    OCC11              0.000       0.000      1.000       0.000       0.000
    OCC12              0.000       0.000      1.000       0.000       0.000
    OCC13              0.000       0.000      1.000       0.000       0.000
    OCC14              0.000       0.000      1.000       0.000       0.000
    OCC15              0.000       0.000      1.000       0.000       0.000
    THETA1             0.000       0.000      1.000       0.000       0.000
    THETA2             0.000       0.000      1.000       0.000       0.000
    THETA3             0.000       0.000      1.000       0.000       0.000

 OCC2     WITH
    OCC3               0.000       0.000      1.000       0.000       0.000
    OCC4               0.000       0.000      1.000       0.000       0.000
    OCC5               0.000       0.000      1.000       0.000       0.000
    OCC6               0.000       0.000      1.000       0.000       0.000
    OCC7               0.000       0.000      1.000       0.000       0.000
    OCC8               0.000       0.000      1.000       0.000       0.000
    OCC9               0.000       0.000      1.000       0.000       0.000
    OCC10              0.000       0.000      1.000       0.000       0.000
    OCC11              0.000       0.000      1.000       0.000       0.000
    OCC12              0.000       0.000      1.000       0.000       0.000
    OCC13              0.000       0.000      1.000       0.000       0.000
    OCC14              0.000       0.000      1.000       0.000       0.000
    OCC15              0.000       0.000      1.000       0.000       0.000
    THETA1             0.000       0.000      1.000       0.000       0.000
    THETA2             0.000       0.000      1.000       0.000       0.000
    THETA3             0.000       0.000      1.000       0.000       0.000

 OCC3     WITH
    OCC4               0.000       0.000      1.000       0.000       0.000
    OCC5               0.000       0.000      1.000       0.000       0.000
    OCC6               0.000       0.000      1.000       0.000       0.000
    OCC7               0.000       0.000      1.000       0.000       0.000
    OCC8               0.000       0.000      1.000       0.000       0.000
    OCC9               0.000       0.000      1.000       0.000       0.000
    OCC10              0.000       0.000      1.000       0.000       0.000
    OCC11              0.000       0.000      1.000       0.000       0.000
    OCC12              0.000       0.000      1.000       0.000       0.000
    OCC13              0.000       0.000      1.000       0.000       0.000
    OCC14              0.000       0.000      1.000       0.000       0.000
    OCC15              0.000       0.000      1.000       0.000       0.000
    THETA1             0.000       0.000      1.000       0.000       0.000
    THETA2             0.000       0.000      1.000       0.000       0.000
    THETA3             0.000       0.000      1.000       0.000       0.000

 OCC4     WITH
    OCC5               0.000       0.000      1.000       0.000       0.000
    OCC6               0.000       0.000      1.000       0.000       0.000
    OCC7               0.000       0.000      1.000       0.000       0.000
    OCC8               0.000       0.000      1.000       0.000       0.000
    OCC9               0.000       0.000      1.000       0.000       0.000
    OCC10              0.000       0.000      1.000       0.000       0.000
    OCC11              0.000       0.000      1.000       0.000       0.000
    OCC12              0.000       0.000      1.000       0.000       0.000
    OCC13              0.000       0.000      1.000       0.000       0.000
    OCC14              0.000       0.000      1.000       0.000       0.000
    OCC15              0.000       0.000      1.000       0.000       0.000
    THETA1             0.000       0.000      1.000       0.000       0.000
    THETA2             0.000       0.000      1.000       0.000       0.000
    THETA3             0.000       0.000      1.000       0.000       0.000

 OCC5     WITH
    OCC6               0.000       0.000      1.000       0.000       0.000
    OCC7               0.000       0.000      1.000       0.000       0.000
    OCC8               0.000       0.000      1.000       0.000       0.000
    OCC9               0.000       0.000      1.000       0.000       0.000
    OCC10              0.000       0.000      1.000       0.000       0.000
    OCC11              0.000       0.000      1.000       0.000       0.000
    OCC12              0.000       0.000      1.000       0.000       0.000
    OCC13              0.000       0.000      1.000       0.000       0.000
    OCC14              0.000       0.000      1.000       0.000       0.000
    OCC15              0.000       0.000      1.000       0.000       0.000
    THETA1             0.000       0.000      1.000       0.000       0.000
    THETA2             0.000       0.000      1.000       0.000       0.000
    THETA3             0.000       0.000      1.000       0.000       0.000

 OCC6     WITH
    OCC7               0.000       0.000      1.000       0.000       0.000
    OCC8               0.000       0.000      1.000       0.000       0.000
    OCC9               0.000       0.000      1.000       0.000       0.000
    OCC10              0.000       0.000      1.000       0.000       0.000
    OCC11              0.000       0.000      1.000       0.000       0.000
    OCC12              0.000       0.000      1.000       0.000       0.000
    OCC13              0.000       0.000      1.000       0.000       0.000
    OCC14              0.000       0.000      1.000       0.000       0.000
    OCC15              0.000       0.000      1.000       0.000       0.000
    THETA1             0.000       0.000      1.000       0.000       0.000
    THETA2             0.000       0.000      1.000       0.000       0.000
    THETA3             0.000       0.000      1.000       0.000       0.000

 OCC7     WITH
    OCC8               0.000       0.000      1.000       0.000       0.000
    OCC9               0.000       0.000      1.000       0.000       0.000
    OCC10              0.000       0.000      1.000       0.000       0.000
    OCC11              0.000       0.000      1.000       0.000       0.000
    OCC12              0.000       0.000      1.000       0.000       0.000
    OCC13              0.000       0.000      1.000       0.000       0.000
    OCC14              0.000       0.000      1.000       0.000       0.000
    OCC15              0.000       0.000      1.000       0.000       0.000
    THETA1             0.000       0.000      1.000       0.000       0.000
    THETA2             0.000       0.000      1.000       0.000       0.000
    THETA3             0.000       0.000      1.000       0.000       0.000

 OCC8     WITH
    OCC9               0.000       0.000      1.000       0.000       0.000
    OCC10              0.000       0.000      1.000       0.000       0.000
    OCC11              0.000       0.000      1.000       0.000       0.000
    OCC12              0.000       0.000      1.000       0.000       0.000
    OCC13              0.000       0.000      1.000       0.000       0.000
    OCC14              0.000       0.000      1.000       0.000       0.000
    OCC15              0.000       0.000      1.000       0.000       0.000
    THETA1             0.000       0.000      1.000       0.000       0.000
    THETA2             0.000       0.000      1.000       0.000       0.000
    THETA3             0.000       0.000      1.000       0.000       0.000

 OCC9     WITH
    OCC10              0.000       0.000      1.000       0.000       0.000
    OCC11              0.000       0.000      1.000       0.000       0.000
    OCC12              0.000       0.000      1.000       0.000       0.000
    OCC13              0.000       0.000      1.000       0.000       0.000
    OCC14              0.000       0.000      1.000       0.000       0.000
    OCC15              0.000       0.000      1.000       0.000       0.000
    THETA1             0.000       0.000      1.000       0.000       0.000
    THETA2             0.000       0.000      1.000       0.000       0.000
    THETA3             0.000       0.000      1.000       0.000       0.000

 OCC10    WITH
    OCC11              0.000       0.000      1.000       0.000       0.000
    OCC12              0.000       0.000      1.000       0.000       0.000
    OCC13              0.000       0.000      1.000       0.000       0.000
    OCC14              0.000       0.000      1.000       0.000       0.000
    OCC15              0.000       0.000      1.000       0.000       0.000
    THETA1             0.000       0.000      1.000       0.000       0.000
    THETA2             0.000       0.000      1.000       0.000       0.000
    THETA3             0.000       0.000      1.000       0.000       0.000

 OCC11    WITH
    OCC12              0.000       0.000      1.000       0.000       0.000
    OCC13              0.000       0.000      1.000       0.000       0.000
    OCC14              0.000       0.000      1.000       0.000       0.000
    OCC15              0.000       0.000      1.000       0.000       0.000
    THETA1             0.000       0.000      1.000       0.000       0.000
    THETA2             0.000       0.000      1.000       0.000       0.000
    THETA3             0.000       0.000      1.000       0.000       0.000

 OCC12    WITH
    OCC13              0.000       0.000      1.000       0.000       0.000
    OCC14              0.000       0.000      1.000       0.000       0.000
    OCC15              0.000       0.000      1.000       0.000       0.000
    THETA1             0.000       0.000      1.000       0.000       0.000
    THETA2             0.000       0.000      1.000       0.000       0.000
    THETA3             0.000       0.000      1.000       0.000       0.000

 OCC13    WITH
    OCC14              0.000       0.000      1.000       0.000       0.000
    OCC15              0.000       0.000      1.000       0.000       0.000
    THETA1             0.000       0.000      1.000       0.000       0.000
    THETA2             0.000       0.000      1.000       0.000       0.000
    THETA3             0.000       0.000      1.000       0.000       0.000

 OCC14    WITH
    OCC15              0.000       0.000      1.000       0.000       0.000
    THETA1             0.000       0.000      1.000       0.000       0.000
    THETA2             0.000       0.000      1.000       0.000       0.000
    THETA3             0.000       0.000      1.000       0.000       0.000

 OCC15    WITH
    THETA1             0.000       0.000      1.000       0.000       0.000
    THETA2             0.000       0.000      1.000       0.000       0.000
    THETA3             0.000       0.000      1.000       0.000       0.000

 THETA2   WITH
    THETA1             1.489       0.406      0.000       0.904       2.507      *

 THETA3   WITH
    THETA1             1.655       0.569      0.000       0.829       3.037      *
    THETA2             1.621       0.474      0.000       0.924       2.767      *

 Means
    OCC1               0.000       0.000      1.000       0.000       0.000

 Intercepts
    Y11                1.764       0.191      0.000       1.397       2.141      *
    Y21                2.116       0.158      0.000       1.800       2.414      *
    Y31                2.598       0.238      0.000       2.097       3.037      *
    Y12                1.764       0.191      0.000       1.397       2.141      *
    Y22                2.116       0.158      0.000       1.800       2.414      *
    Y32                2.598       0.238      0.000       2.097       3.037      *
    Y13                1.764       0.191      0.000       1.397       2.141      *
    Y23                2.116       0.158      0.000       1.800       2.414      *
    Y33                2.598       0.238      0.000       2.097       3.037      *
    Y14                1.764       0.191      0.000       1.397       2.141      *
    Y24                2.116       0.158      0.000       1.800       2.414      *
    Y34                2.598       0.238      0.000       2.097       3.037      *
    Y15                1.764       0.191      0.000       1.397       2.141      *
    Y25                2.116       0.158      0.000       1.800       2.414      *
    Y35                2.598       0.238      0.000       2.097       3.037      *
    Y16                1.764       0.191      0.000       1.397       2.141      *
    Y26                2.116       0.158      0.000       1.800       2.414      *
    Y36                2.598       0.238      0.000       2.097       3.037      *
    Y17                1.764       0.191      0.000       1.397       2.141      *
    Y27                2.116       0.158      0.000       1.800       2.414      *
    Y37                2.598       0.238      0.000       2.097       3.037      *
    Y18                1.764       0.191      0.000       1.397       2.141      *
    Y28                2.116       0.158      0.000       1.800       2.414      *
    Y38                2.598       0.238      0.000       2.097       3.037      *
    Y19                1.764       0.191      0.000       1.397       2.141      *
    Y29                2.116       0.158      0.000       1.800       2.414      *
    Y39                2.598       0.238      0.000       2.097       3.037      *
    Y110               1.764       0.191      0.000       1.397       2.141      *
    Y210               2.116       0.158      0.000       1.800       2.414      *
    Y310               2.598       0.238      0.000       2.097       3.037      *
    Y111               1.764       0.191      0.000       1.397       2.141      *
    Y211               2.116       0.158      0.000       1.800       2.414      *
    Y311               2.598       0.238      0.000       2.097       3.037      *
    Y112               1.764       0.191      0.000       1.397       2.141      *
    Y212               2.116       0.158      0.000       1.800       2.414      *
    Y312               2.598       0.238      0.000       2.097       3.037      *
    Y113               1.764       0.191      0.000       1.397       2.141      *
    Y213               2.116       0.158      0.000       1.800       2.414      *
    Y313               2.598       0.238      0.000       2.097       3.037      *
    Y114               1.764       0.191      0.000       1.397       2.141      *
    Y214               2.116       0.158      0.000       1.800       2.414      *
    Y314               2.598       0.238      0.000       2.097       3.037      *
    Y115               1.764       0.191      0.000       1.397       2.141      *
    Y215               2.116       0.158      0.000       1.800       2.414      *
    Y315               2.598       0.238      0.000       2.097       3.037      *
    OCC2               0.000       0.000      1.000       0.000       0.000
    OCC3               0.000       0.000      1.000       0.000       0.000
    OCC4               0.000       0.000      1.000       0.000       0.000
    OCC5               0.000       0.000      1.000       0.000       0.000
    OCC6               0.000       0.000      1.000       0.000       0.000
    OCC7               0.000       0.000      1.000       0.000       0.000
    OCC8               0.000       0.000      1.000       0.000       0.000
    OCC9               0.000       0.000      1.000       0.000       0.000
    OCC10              0.000       0.000      1.000       0.000       0.000
    OCC11              0.000       0.000      1.000       0.000       0.000
    OCC12              0.000       0.000      1.000       0.000       0.000
    OCC13              0.000       0.000      1.000       0.000       0.000
    OCC14              0.000       0.000      1.000       0.000       0.000
    OCC15              0.000       0.000      1.000       0.000       0.000

 Variances
    OCC1               1.547       0.133      0.000       1.311       1.838      *
    THETA1             1.811       0.520      0.000       1.061       3.089      *
    THETA2             1.398       0.351      0.000       0.897       2.259      *
    THETA3             2.293       0.741      0.000       1.227       4.131      *

 Residual Variances
    Y11                0.811       0.076      0.000       0.669       0.966      *
    Y21                0.493       0.033      0.000       0.434       0.561      *
    Y31                1.606       0.152      0.000       1.312       1.910      *
    Y12                0.811       0.076      0.000       0.669       0.966      *
    Y22                0.493       0.033      0.000       0.434       0.561      *
    Y32                1.606       0.152      0.000       1.312       1.910      *
    Y13                0.811       0.076      0.000       0.669       0.966      *
    Y23                0.493       0.033      0.000       0.434       0.561      *
    Y33                1.606       0.152      0.000       1.312       1.910      *
    Y14                0.811       0.076      0.000       0.669       0.966      *
    Y24                0.493       0.033      0.000       0.434       0.561      *
    Y34                1.606       0.152      0.000       1.312       1.910      *
    Y15                0.811       0.076      0.000       0.669       0.966      *
    Y25                0.493       0.033      0.000       0.434       0.561      *
    Y35                1.606       0.152      0.000       1.312       1.910      *
    Y16                0.811       0.076      0.000       0.669       0.966      *
    Y26                0.493       0.033      0.000       0.434       0.561      *
    Y36                1.606       0.152      0.000       1.312       1.910      *
    Y17                0.811       0.076      0.000       0.669       0.966      *
    Y27                0.493       0.033      0.000       0.434       0.561      *
    Y37                1.606       0.152      0.000       1.312       1.910      *
    Y18                0.811       0.076      0.000       0.669       0.966      *
    Y28                0.493       0.033      0.000       0.434       0.561      *
    Y38                1.606       0.152      0.000       1.312       1.910      *
    Y19                0.811       0.076      0.000       0.669       0.966      *
    Y29                0.493       0.033      0.000       0.434       0.561      *
    Y39                1.606       0.152      0.000       1.312       1.910      *
    Y110               0.811       0.076      0.000       0.669       0.966      *
    Y210               0.493       0.033      0.000       0.434       0.561      *
    Y310               1.606       0.152      0.000       1.312       1.910      *
    Y111               0.811       0.076      0.000       0.669       0.966      *
    Y211               0.493       0.033      0.000       0.434       0.561      *
    Y311               1.606       0.152      0.000       1.312       1.910      *
    Y112               0.811       0.076      0.000       0.669       0.966      *
    Y212               0.493       0.033      0.000       0.434       0.561      *
    Y312               1.606       0.152      0.000       1.312       1.910      *
    Y113               0.811       0.076      0.000       0.669       0.966      *
    Y213               0.493       0.033      0.000       0.434       0.561      *
    Y313               1.606       0.152      0.000       1.312       1.910      *
    Y114               0.811       0.076      0.000       0.669       0.966      *
    Y214               0.493       0.033      0.000       0.434       0.561      *
    Y314               1.606       0.152      0.000       1.312       1.910      *
    Y115               0.811       0.076      0.000       0.669       0.966      *
    Y215               0.493       0.033      0.000       0.434       0.561      *
    Y315               1.606       0.152      0.000       1.312       1.910      *
    OCC2               1.547       0.133      0.000       1.311       1.838      *
    OCC3               1.547       0.133      0.000       1.311       1.838      *
    OCC4               1.547       0.133      0.000       1.311       1.838      *
    OCC5               1.547       0.133      0.000       1.311       1.838      *
    OCC6               1.547       0.133      0.000       1.311       1.838      *
    OCC7               1.547       0.133      0.000       1.311       1.838      *
    OCC8               1.547       0.133      0.000       1.311       1.838      *
    OCC9               1.547       0.133      0.000       1.311       1.838      *
    OCC10              1.547       0.133      0.000       1.311       1.838      *
    OCC11              1.547       0.133      0.000       1.311       1.838      *
    OCC12              1.547       0.133      0.000       1.311       1.838      *
    OCC13              1.547       0.133      0.000       1.311       1.838      *
    OCC14              1.547       0.133      0.000       1.311       1.838      *
    OCC15              1.547       0.133      0.000       1.311       1.838      *


     Beginning Time:  14:44:48
        Ending Time:  14:44:54
       Elapsed Time:  00:00:06



MUTHEN & MUTHEN
3463 Stoner Ave.
Los Angeles, CA  90066

Tel: (310) 391-9971
Fax: (310) 391-8971
Web: www.StatModel.com
Support: Support@StatModel.com

Copyright (c) 1998-2017 Muthen & Muthen
