Mplus VERSION 8
MUTHEN & MUTHEN
02/13/2019   4:37 PM

INPUT INSTRUCTIONS

  TITLE: Your title goes here
  DATA: FILE = "Mplus_files_Results/tso_wide_trunc_n100_i4_nt15_na0.2.dat";
  VARIABLE:
  NAMES = subjn y11 y21 y31 y41 y12 y22 y32 y42 y13 y23 y33 y43 y14 y24 y34 y44 y15
       y25 y35 y45 y16 y26 y36 y46 y17 y27 y37 y47 y18 y28 y38 y48 y19 y29 y39 y49
       y110 y210 y310 y410 y111 y211 y311 y411 y112 y212 y312 y412 y113 y213 y313 y413
       y114 y214 y314 y414 y115 y215 y315 y415;
  MISSING=.;
  USEVAR = y11
  y21
  y31
  y41
  y12
  y22
  y32
  y42
  y13
  y23
  y33
  y43
  y14
  y24
  y34
  y44
  y15
  y25
  y35
  y45
  y16
  y26
  y36
  y46
  y17
  y27
  y37
  y47
  y18
  y28
  y38
  y48
  y19
  y29
  y39
  y49
  y110
  y210
  y310
  y410
  y111
  y211
  y311
  y411
  y112
  y212
  y312
  y412
  y113
  y213
  y313
  y413
  y114
  y214
  y314
  y414
  y115
  y215
  y315
  y415 ;


  ANALYSIS:
  TYPE = GENERAL ;
  ESTIMATOR = BAYES ;
  BITERATIONS = (5000) ;

  PROCESSORS = 2 ;

  MODEL:

  ! Latent occasion variables
  occ1 BY y11@1
  y21 (las21)
  y31 (las31)
  y41 (las41) ;
  occ2 BY y12@1
  y22 (las21)
  y32 (las31)
  y42 (las41) ;
  occ3 BY y13@1
  y23 (las21)
  y33 (las31)
  y43 (las41) ;
  occ4 BY y14@1
  y24 (las21)
  y34 (las31)
  y44 (las41) ;
  occ5 BY y15@1
  y25 (las21)
  y35 (las31)
  y45 (las41) ;
  occ6 BY y16@1
  y26 (las21)
  y36 (las31)
  y46 (las41) ;
  occ7 BY y17@1
  y27 (las21)
  y37 (las31)
  y47 (las41) ;
  occ8 BY y18@1
  y28 (las21)
  y38 (las31)
  y48 (las41) ;
  occ9 BY y19@1
  y29 (las21)
  y39 (las31)
  y49 (las41) ;
  occ10 BY y110@1
  y210 (las21)
  y310 (las31)
  y410 (las41) ;
  occ11 BY y111@1
  y211 (las21)
  y311 (las31)
  y411 (las41) ;
  occ12 BY y112@1
  y212 (las21)
  y312 (las31)
  y412 (las41) ;
  occ13 BY y113@1
  y213 (las21)
  y313 (las31)
  y413 (las41) ;
  occ14 BY y114@1
  y214 (las21)
  y314 (las31)
  y414 (las41) ;
  occ15 BY y115@1
  y215 (las21)
  y315 (las31)
  y415 (las41) ;

  ! Latent trait variable or trait indicators
  theta1 BY y11@1
  y12@1
  y13@1
  y14@1
  y15@1
  y16@1
  y17@1
  y18@1
  y19@1
  y110@1
  y111@1
  y112@1
  y113@1
  y114@1
  y115@1 ;
  theta2 BY y21@1
  y22@1
  y23@1
  y24@1
  y25@1
  y26@1
  y27@1
  y28@1
  y29@1
  y210@1
  y211@1
  y212@1
  y213@1
  y214@1
  y215@1 ;
  theta3 BY y31@1
  y32@1
  y33@1
  y34@1
  y35@1
  y36@1
  y37@1
  y38@1
  y39@1
  y310@1
  y311@1
  y312@1
  y313@1
  y314@1
  y315@1 ;
  theta4 BY y41@1
  y42@1
  y43@1
  y44@1
  y45@1
  y46@1
  y47@1
  y48@1
  y49@1
  y410@1
  y411@1
  y412@1
  y413@1
  y414@1
  y415@1 ;

  ! Intercepts and means
  [y11*] (ins11) ;
  [y21*] (ins21) ;
  [y31*] (ins31) ;
  [y41*] (ins41) ;
  [y12*] (ins11) ;
  [y22*] (ins21) ;
  [y32*] (ins31) ;
  [y42*] (ins41) ;
  [y13*] (ins11) ;
  [y23*] (ins21) ;
  [y33*] (ins31) ;
  [y43*] (ins41) ;
  [y14*] (ins11) ;
  [y24*] (ins21) ;
  [y34*] (ins31) ;
  [y44*] (ins41) ;
  [y15*] (ins11) ;
  [y25*] (ins21) ;
  [y35*] (ins31) ;
  [y45*] (ins41) ;
  [y16*] (ins11) ;
  [y26*] (ins21) ;
  [y36*] (ins31) ;
  [y46*] (ins41) ;
  [y17*] (ins11) ;
  [y27*] (ins21) ;
  [y37*] (ins31) ;
  [y47*] (ins41) ;
  [y18*] (ins11) ;
  [y28*] (ins21) ;
  [y38*] (ins31) ;
  [y48*] (ins41) ;
  [y19*] (ins11) ;
  [y29*] (ins21) ;
  [y39*] (ins31) ;
  [y49*] (ins41) ;
  [y110*] (ins11) ;
  [y210*] (ins21) ;
  [y310*] (ins31) ;
  [y410*] (ins41) ;
  [y111*] (ins11) ;
  [y211*] (ins21) ;
  [y311*] (ins31) ;
  [y411*] (ins41) ;
  [y112*] (ins11) ;
  [y212*] (ins21) ;
  [y312*] (ins31) ;
  [y412*] (ins41) ;
  [y113*] (ins11) ;
  [y213*] (ins21) ;
  [y313*] (ins31) ;
  [y413*] (ins41) ;
  [y114*] (ins11) ;
  [y214*] (ins21) ;
  [y314*] (ins31) ;
  [y414*] (ins41) ;
  [y115*] (ins11) ;
  [y215*] (ins21) ;
  [y315*] (ins31) ;
  [y415*] (ins41) ;
  [occ1@0] ;
  [occ2@0] ;
  [occ3@0] ;
  [occ4@0] ;
  [occ5@0] ;
  [occ6@0] ;
  [occ7@0] ;
  [occ8@0] ;
  [occ9@0] ;
  [occ10@0] ;
  [occ11@0] ;
  [occ12@0] ;
  [occ13@0] ;
  [occ14@0] ;
  [occ15@0] ;

  ! Set 0 correlations
  occ1 WITH occ2@0
  occ3@0
  occ4@0
  occ5@0
  occ6@0
  occ7@0
  occ8@0
  occ9@0
  occ10@0
  occ11@0
  occ12@0
  occ13@0
  occ14@0
  occ15@0
  theta1@0
  theta2@0
  theta3@0
  theta4@0 ;
  occ2 WITH occ3@0
  occ4@0
  occ5@0
  occ6@0
  occ7@0
  occ8@0
  occ9@0
  occ10@0
  occ11@0
  occ12@0
  occ13@0
  occ14@0
  occ15@0
  theta1@0
  theta2@0
  theta3@0
  theta4@0 ;
  occ3 WITH occ4@0
  occ5@0
  occ6@0
  occ7@0
  occ8@0
  occ9@0
  occ10@0
  occ11@0
  occ12@0
  occ13@0
  occ14@0
  occ15@0
  theta1@0
  theta2@0
  theta3@0
  theta4@0 ;
  occ4 WITH occ5@0
  occ6@0
  occ7@0
  occ8@0
  occ9@0
  occ10@0
  occ11@0
  occ12@0
  occ13@0
  occ14@0
  occ15@0
  theta1@0
  theta2@0
  theta3@0
  theta4@0 ;
  occ5 WITH occ6@0
  occ7@0
  occ8@0
  occ9@0
  occ10@0
  occ11@0
  occ12@0
  occ13@0
  occ14@0
  occ15@0
  theta1@0
  theta2@0
  theta3@0
  theta4@0 ;
  occ6 WITH occ7@0
  occ8@0
  occ9@0
  occ10@0
  occ11@0
  occ12@0
  occ13@0
  occ14@0
  occ15@0
  theta1@0
  theta2@0
  theta3@0
  theta4@0 ;
  occ7 WITH occ8@0
  occ9@0
  occ10@0
  occ11@0
  occ12@0
  occ13@0
  occ14@0
  occ15@0
  theta1@0
  theta2@0
  theta3@0
  theta4@0 ;
  occ8 WITH occ9@0
  occ10@0
  occ11@0
  occ12@0
  occ13@0
  occ14@0
  occ15@0
  theta1@0
  theta2@0
  theta3@0
  theta4@0 ;
  occ9 WITH occ10@0
  occ11@0
  occ12@0
  occ13@0
  occ14@0
  occ15@0
  theta1@0
  theta2@0
  theta3@0
  theta4@0 ;
  occ10 WITH occ11@0
  occ12@0
  occ13@0
  occ14@0
  occ15@0
  theta1@0
  theta2@0
  theta3@0
  theta4@0 ;
  occ11 WITH occ12@0
  occ13@0
  occ14@0
  occ15@0
  theta1@0
  theta2@0
  theta3@0
  theta4@0 ;
  occ12 WITH occ13@0
  occ14@0
  occ15@0
  theta1@0
  theta2@0
  theta3@0
  theta4@0 ;
  occ13 WITH occ14@0
  occ15@0
  theta1@0
  theta2@0
  theta3@0
  theta4@0 ;
  occ14 WITH occ15@0
  theta1@0
  theta2@0
  theta3@0
  theta4@0 ;
  occ15 WITH theta1@0
  theta2@0
  theta3@0
  theta4@0 ;

  ! autoregressive effects
  occ2 ON occ1 (beta1) ;
  occ3 ON occ2 (beta1) ;
  occ4 ON occ3 (beta1) ;
  occ5 ON occ4 (beta1) ;
  occ6 ON occ5 (beta1) ;
  occ7 ON occ6 (beta1) ;
  occ8 ON occ7 (beta1) ;
  occ9 ON occ8 (beta1) ;
  occ10 ON occ9 (beta1) ;
  occ11 ON occ10 (beta1) ;
  occ12 ON occ11 (beta1) ;
  occ13 ON occ12 (beta1) ;
  occ14 ON occ13 (beta1) ;
  occ15 ON occ14 (beta1) ;

  ! Variance components
  y11 (err11) ;
  y21 (err21) ;
  y31 (err31) ;
  y41 (err41) ;
  y12 (err11) ;
  y22 (err21) ;
  y32 (err31) ;
  y42 (err41) ;
  y13 (err11) ;
  y23 (err21) ;
  y33 (err31) ;
  y43 (err41) ;
  y14 (err11) ;
  y24 (err21) ;
  y34 (err31) ;
  y44 (err41) ;
  y15 (err11) ;
  y25 (err21) ;
  y35 (err31) ;
  y45 (err41) ;
  y16 (err11) ;
  y26 (err21) ;
  y36 (err31) ;
  y46 (err41) ;
  y17 (err11) ;
  y27 (err21) ;
  y37 (err31) ;
  y47 (err41) ;
  y18 (err11) ;
  y28 (err21) ;
  y38 (err31) ;
  y48 (err41) ;
  y19 (err11) ;
  y29 (err21) ;
  y39 (err31) ;
  y49 (err41) ;
  y110 (err11) ;
  y210 (err21) ;
  y310 (err31) ;
  y410 (err41) ;
  y111 (err11) ;
  y211 (err21) ;
  y311 (err31) ;
  y411 (err41) ;
  y112 (err11) ;
  y212 (err21) ;
  y312 (err31) ;
  y412 (err41) ;
  y113 (err11) ;
  y213 (err21) ;
  y313 (err31) ;
  y413 (err41) ;
  y114 (err11) ;
  y214 (err21) ;
  y314 (err31) ;
  y414 (err41) ;
  y115 (err11) ;
  y215 (err21) ;
  y315 (err31) ;
  y415 (err41) ;
  occ1 (oc_var1) ;
  occ2 (oc_var1) ;
  occ3 (oc_var1) ;
  occ4 (oc_var1) ;
  occ5 (oc_var1) ;
  occ6 (oc_var1) ;
  occ7 (oc_var1) ;
  occ8 (oc_var1) ;
  occ9 (oc_var1) ;
  occ10 (oc_var1) ;
  occ11 (oc_var1) ;
  occ12 (oc_var1) ;
  occ13 (oc_var1) ;
  occ14 (oc_var1) ;
  occ15 (oc_var1) ;
  theta1(t_var1) ;
  theta2(t_var2) ;
  theta3(t_var3) ;
  theta4(t_var4) ;



INPUT READING TERMINATED NORMALLY



Your title goes here

SUMMARY OF ANALYSIS

Number of groups                                                 1
Number of observations                                         100

Number of dependent variables                                   60
Number of independent variables                                  0
Number of continuous latent variables                           19

Observed dependent variables

  Continuous
   Y11         Y21         Y31         Y41         Y12         Y22
   Y32         Y42         Y13         Y23         Y33         Y43
   Y14         Y24         Y34         Y44         Y15         Y25
   Y35         Y45         Y16         Y26         Y36         Y46
   Y17         Y27         Y37         Y47         Y18         Y28
   Y38         Y48         Y19         Y29         Y39         Y49
   Y110        Y210        Y310        Y410        Y111        Y211
   Y311        Y411        Y112        Y212        Y312        Y412
   Y113        Y213        Y313        Y413        Y114        Y214
   Y314        Y414        Y115        Y215        Y315        Y415

Continuous latent variables
   OCC1        OCC2        OCC3        OCC4        OCC5        OCC6
   OCC7        OCC8        OCC9        OCC10       OCC11       OCC12
   OCC13       OCC14       OCC15       THETA1      THETA2      THETA3
   THETA4


Estimator                                                    BAYES
Specifications for Bayesian Estimation
  Point estimate                                            MEDIAN
  Number of Markov chain Monte Carlo (MCMC) chains               2
  Random seed for the first chain                                0
  Starting value information                           UNPERTURBED
  Treatment of categorical mediator                         LATENT
  Algorithm used for Markov chain Monte Carlo           GIBBS(PX1)
  Convergence criterion                                  0.500D-01
  Maximum number of iterations                               50000
  K-th iteration used for thinning                               1

Input data file(s)
  Mplus_files_Results/tso_wide_trunc_n100_i4_nt15_na0.2.dat
Input data format  FREE


SUMMARY OF DATA



COVARIANCE COVERAGE OF DATA

Minimum covariance coverage value   0.100

     Number of missing data patterns           101


     PROPORTION OF DATA PRESENT


           Covariance Coverage
              Y11           Y21           Y31           Y41           Y12
              ________      ________      ________      ________      ________
 Y11            0.860
 Y21            0.720         0.830
 Y31            0.690         0.660         0.800
 Y41            0.670         0.670         0.610         0.790
 Y12            0.650         0.630         0.590         0.620         0.770
 Y22            0.740         0.730         0.700         0.690         0.690
 Y32            0.730         0.720         0.680         0.720         0.670
 Y42            0.620         0.610         0.570         0.580         0.580
 Y13            0.640         0.630         0.620         0.640         0.600
 Y23            0.740         0.700         0.680         0.680         0.650
 Y33            0.730         0.690         0.670         0.660         0.630
 Y43            0.670         0.660         0.630         0.640         0.660
 Y14            0.700         0.640         0.630         0.620         0.580
 Y24            0.730         0.700         0.640         0.650         0.640
 Y34            0.740         0.700         0.660         0.670         0.670
 Y44            0.650         0.620         0.600         0.570         0.560
 Y15            0.720         0.700         0.690         0.680         0.650
 Y25            0.730         0.690         0.690         0.660         0.640
 Y35            0.700         0.670         0.630         0.630         0.590
 Y45            0.720         0.700         0.650         0.650         0.610
 Y16            0.660         0.630         0.600         0.610         0.620
 Y26            0.670         0.670         0.630         0.610         0.600
 Y36            0.650         0.630         0.630         0.610         0.620
 Y46            0.690         0.670         0.620         0.630         0.610
 Y17            0.660         0.650         0.620         0.620         0.600
 Y27            0.690         0.670         0.640         0.640         0.630
 Y37            0.750         0.690         0.660         0.650         0.650
 Y47            0.670         0.670         0.680         0.640         0.610
 Y18            0.650         0.610         0.600         0.610         0.610
 Y28            0.710         0.680         0.650         0.650         0.650
 Y38            0.710         0.690         0.630         0.670         0.660
 Y48            0.710         0.680         0.620         0.650         0.630
 Y19            0.700         0.660         0.660         0.650         0.640
 Y29            0.710         0.680         0.670         0.650         0.620
 Y39            0.760         0.720         0.690         0.680         0.660
 Y49            0.710         0.670         0.690         0.610         0.620
 Y110           0.740         0.710         0.670         0.660         0.620
 Y210           0.680         0.660         0.610         0.600         0.620
 Y310           0.680         0.640         0.630         0.620         0.610
 Y410           0.660         0.650         0.620         0.600         0.590
 Y111           0.670         0.630         0.610         0.600         0.620
 Y211           0.650         0.640         0.620         0.610         0.580
 Y311           0.670         0.660         0.640         0.620         0.590
 Y411           0.620         0.560         0.580         0.570         0.560
 Y112           0.670         0.640         0.620         0.640         0.600
 Y212           0.730         0.690         0.680         0.700         0.660
 Y312           0.720         0.710         0.660         0.680         0.640
 Y412           0.630         0.630         0.600         0.570         0.550
 Y113           0.670         0.660         0.620         0.600         0.590
 Y213           0.690         0.650         0.620         0.600         0.630
 Y313           0.710         0.700         0.670         0.640         0.660
 Y413           0.740         0.730         0.680         0.660         0.660
 Y114           0.640         0.630         0.610         0.590         0.590
 Y214           0.730         0.700         0.680         0.680         0.660
 Y314           0.690         0.650         0.650         0.640         0.650
 Y414           0.630         0.610         0.600         0.650         0.640
 Y115           0.630         0.620         0.620         0.600         0.590
 Y215           0.690         0.660         0.630         0.630         0.620
 Y315           0.650         0.680         0.620         0.610         0.570
 Y415           0.720         0.680         0.670         0.660         0.630


           Covariance Coverage
              Y22           Y32           Y42           Y13           Y23
              ________      ________      ________      ________      ________
 Y22            0.870
 Y32            0.740         0.870
 Y42            0.640         0.660         0.740
 Y13            0.660         0.690         0.570         0.770
 Y23            0.750         0.740         0.630         0.650         0.860
 Y33            0.730         0.720         0.620         0.640         0.710
 Y43            0.710         0.690         0.580         0.620         0.670
 Y14            0.680         0.670         0.570         0.640         0.700
 Y24            0.720         0.720         0.620         0.630         0.700
 Y34            0.730         0.720         0.640         0.660         0.740
 Y44            0.640         0.640         0.550         0.570         0.650
 Y15            0.750         0.740         0.640         0.680         0.750
 Y25            0.750         0.740         0.630         0.670         0.740
 Y35            0.660         0.680         0.560         0.600         0.690
 Y45            0.710         0.680         0.570         0.600         0.680
 Y16            0.670         0.660         0.590         0.610         0.650
 Y26            0.670         0.700         0.570         0.630         0.670
 Y36            0.650         0.670         0.590         0.620         0.650
 Y46            0.660         0.700         0.590         0.610         0.680
 Y17            0.660         0.680         0.570         0.620         0.670
 Y27            0.700         0.700         0.580         0.620         0.710
 Y37            0.760         0.720         0.620         0.620         0.740
 Y47            0.710         0.720         0.600         0.640         0.690
 Y18            0.660         0.660         0.550         0.570         0.620
 Y28            0.710         0.710         0.600         0.620         0.680
 Y38            0.700         0.720         0.600         0.610         0.700
 Y48            0.690         0.700         0.610         0.620         0.680
 Y19            0.750         0.710         0.620         0.640         0.740
 Y29            0.710         0.720         0.620         0.660         0.720
 Y39            0.740         0.770         0.640         0.680         0.750
 Y49            0.720         0.680         0.570         0.620         0.680
 Y110           0.720         0.720         0.590         0.630         0.730
 Y210           0.690         0.660         0.610         0.610         0.680
 Y310           0.710         0.690         0.600         0.600         0.700
 Y410           0.670         0.670         0.580         0.580         0.670
 Y111           0.690         0.660         0.570         0.600         0.670
 Y211           0.640         0.650         0.570         0.620         0.640
 Y311           0.670         0.670         0.550         0.580         0.680
 Y411           0.620         0.620         0.520         0.550         0.650
 Y112           0.660         0.680         0.550         0.600         0.660
 Y212           0.730         0.730         0.640         0.630         0.720
 Y312           0.720         0.740         0.620         0.660         0.710
 Y412           0.620         0.660         0.540         0.560         0.650
 Y113           0.680         0.680         0.590         0.600         0.660
 Y213           0.700         0.670         0.590         0.620         0.690
 Y313           0.740         0.740         0.610         0.620         0.730
 Y413           0.750         0.740         0.670         0.660         0.730
 Y114           0.660         0.660         0.570         0.540         0.630
 Y214           0.740         0.730         0.630         0.650         0.760
 Y314           0.700         0.720         0.600         0.630         0.700
 Y414           0.690         0.700         0.590         0.620         0.660
 Y115           0.630         0.660         0.580         0.620         0.650
 Y215           0.670         0.680         0.590         0.620         0.690
 Y315           0.660         0.690         0.560         0.620         0.660
 Y415           0.730         0.730         0.620         0.650         0.710


           Covariance Coverage
              Y33           Y43           Y14           Y24           Y34
              ________      ________      ________      ________      ________
 Y33            0.830
 Y43            0.660         0.800
 Y14            0.640         0.620         0.780
 Y24            0.700         0.670         0.640         0.830
 Y34            0.720         0.690         0.650         0.720         0.850
 Y44            0.600         0.620         0.570         0.650         0.630
 Y15            0.710         0.680         0.700         0.710         0.710
 Y25            0.710         0.690         0.670         0.710         0.720
 Y35            0.640         0.620         0.600         0.620         0.680
 Y45            0.680         0.650         0.670         0.670         0.700
 Y16            0.630         0.630         0.580         0.630         0.670
 Y26            0.660         0.660         0.640         0.650         0.670
 Y36            0.650         0.610         0.570         0.660         0.680
 Y46            0.660         0.630         0.600         0.680         0.680
 Y17            0.640         0.600         0.620         0.640         0.670
 Y27            0.670         0.660         0.620         0.680         0.680
 Y37            0.720         0.670         0.640         0.690         0.700
 Y47            0.690         0.640         0.630         0.660         0.690
 Y18            0.610         0.610         0.560         0.640         0.650
 Y28            0.690         0.650         0.630         0.680         0.700
 Y38            0.690         0.670         0.610         0.700         0.710
 Y48            0.650         0.630         0.620         0.680         0.690
 Y19            0.700         0.640         0.640         0.670         0.710
 Y29            0.670         0.660         0.670         0.700         0.720
 Y39            0.730         0.710         0.690         0.740         0.730
 Y49            0.680         0.650         0.620         0.670         0.690
 Y110           0.700         0.640         0.650         0.700         0.700
 Y210           0.630         0.640         0.630         0.660         0.700
 Y310           0.650         0.640         0.650         0.660         0.690
 Y410           0.670         0.630         0.610         0.660         0.640
 Y111           0.650         0.640         0.600         0.620         0.670
 Y211           0.620         0.620         0.600         0.630         0.650
 Y311           0.670         0.620         0.590         0.640         0.650
 Y411           0.600         0.570         0.590         0.590         0.610
 Y112           0.640         0.650         0.610         0.640         0.650
 Y212           0.710         0.670         0.640         0.700         0.730
 Y312           0.680         0.660         0.670         0.700         0.720
 Y412           0.590         0.570         0.580         0.620         0.630
 Y113           0.640         0.630         0.610         0.670         0.650
 Y213           0.670         0.640         0.600         0.670         0.690
 Y313           0.690         0.690         0.640         0.710         0.720
 Y413           0.710         0.680         0.680         0.730         0.730
 Y114           0.610         0.600         0.580         0.640         0.640
 Y214           0.720         0.660         0.660         0.700         0.730
 Y314           0.680         0.670         0.610         0.650         0.670
 Y414           0.610         0.640         0.590         0.660         0.660
 Y115           0.610         0.610         0.590         0.600         0.660
 Y215           0.670         0.650         0.640         0.650         0.690
 Y315           0.640         0.630         0.620         0.660         0.660
 Y415           0.700         0.680         0.620         0.690         0.690


           Covariance Coverage
              Y44           Y15           Y25           Y35           Y45
              ________      ________      ________      ________      ________
 Y44            0.750
 Y15            0.650         0.860
 Y25            0.630         0.740         0.850
 Y35            0.600         0.650         0.680         0.780
 Y45            0.610         0.690         0.670         0.650         0.810
 Y16            0.570         0.650         0.620         0.600         0.610
 Y26            0.620         0.680         0.650         0.590         0.650
 Y36            0.580         0.660         0.650         0.610         0.590
 Y46            0.610         0.680         0.640         0.600         0.630
 Y17            0.570         0.680         0.680         0.630         0.640
 Y27            0.610         0.710         0.690         0.670         0.650
 Y37            0.640         0.710         0.720         0.650         0.670
 Y47            0.610         0.700         0.690         0.630         0.640
 Y18            0.580         0.660         0.630         0.570         0.630
 Y28            0.600         0.700         0.690         0.630         0.660
 Y38            0.620         0.690         0.710         0.650         0.670
 Y48            0.580         0.690         0.670         0.640         0.660
 Y19            0.610         0.740         0.710         0.640         0.640
 Y29            0.620         0.720         0.700         0.660         0.680
 Y39            0.640         0.760         0.760         0.680         0.700
 Y49            0.630         0.670         0.680         0.620         0.640
 Y110           0.650         0.710         0.690         0.650         0.660
 Y210           0.610         0.690         0.650         0.610         0.660
 Y310           0.610         0.700         0.670         0.620         0.670
 Y410           0.640         0.680         0.650         0.600         0.630
 Y111           0.590         0.640         0.650         0.610         0.620
 Y211           0.600         0.650         0.650         0.610         0.650
 Y311           0.590         0.680         0.670         0.610         0.630
 Y411           0.510         0.610         0.630         0.550         0.590
 Y112           0.570         0.660         0.650         0.600         0.630
 Y212           0.630         0.740         0.730         0.650         0.680
 Y312           0.590         0.710         0.690         0.660         0.680
 Y412           0.550         0.650         0.620         0.640         0.620
 Y113           0.620         0.670         0.660         0.610         0.640
 Y213           0.590         0.680         0.680         0.620         0.630
 Y313           0.640         0.710         0.730         0.660         0.690
 Y413           0.640         0.760         0.730         0.670         0.700
 Y114           0.570         0.670         0.620         0.580         0.600
 Y214           0.630         0.730         0.710         0.670         0.710
 Y314           0.590         0.720         0.700         0.630         0.640
 Y414           0.540         0.660         0.650         0.570         0.610
 Y115           0.530         0.640         0.650         0.610         0.620
 Y215           0.620         0.690         0.680         0.660         0.670
 Y315           0.580         0.660         0.660         0.620         0.670
 Y415           0.640         0.710         0.720         0.660         0.650


           Covariance Coverage
              Y16           Y26           Y36           Y46           Y17
              ________      ________      ________      ________      ________
 Y16            0.770
 Y26            0.590         0.790
 Y36            0.610         0.600         0.770
 Y46            0.600         0.640         0.610         0.790
 Y17            0.600         0.590         0.620         0.620         0.780
 Y27            0.610         0.650         0.620         0.660         0.660
 Y37            0.640         0.640         0.640         0.640         0.650
 Y47            0.610         0.660         0.610         0.630         0.630
 Y18            0.630         0.570         0.580         0.600         0.610
 Y28            0.630         0.670         0.660         0.650         0.640
 Y38            0.630         0.650         0.640         0.620         0.630
 Y48            0.610         0.620         0.630         0.660         0.660
 Y19            0.630         0.640         0.650         0.660         0.660
 Y29            0.660         0.660         0.620         0.670         0.620
 Y39            0.650         0.670         0.670         0.680         0.680
 Y49            0.610         0.640         0.660         0.640         0.630
 Y110           0.630         0.660         0.640         0.660         0.640
 Y210           0.630         0.640         0.620         0.670         0.610
 Y310           0.620         0.620         0.600         0.640         0.620
 Y410           0.580         0.630         0.600         0.620         0.590
 Y111           0.630         0.610         0.580         0.610         0.580
 Y211           0.590         0.640         0.600         0.610         0.620
 Y311           0.590         0.600         0.580         0.620         0.600
 Y411           0.550         0.570         0.560         0.560         0.570
 Y112           0.630         0.610         0.590         0.620         0.610
 Y212           0.640         0.650         0.650         0.680         0.650
 Y312           0.670         0.640         0.630         0.670         0.670
 Y412           0.560         0.580         0.560         0.600         0.590
 Y113           0.600         0.640         0.600         0.630         0.610
 Y213           0.620         0.640         0.600         0.640         0.600
 Y313           0.670         0.680         0.660         0.690         0.670
 Y413           0.660         0.690         0.690         0.700         0.650
 Y114           0.560         0.560         0.580         0.600         0.580
 Y214           0.640         0.640         0.650         0.670         0.710
 Y314           0.630         0.630         0.610         0.620         0.630
 Y414           0.590         0.610         0.590         0.630         0.640
 Y115           0.590         0.570         0.600         0.610         0.620
 Y215           0.610         0.630         0.630         0.620         0.610
 Y315           0.560         0.610         0.560         0.590         0.610
 Y415           0.650         0.650         0.630         0.650         0.640


           Covariance Coverage
              Y27           Y37           Y47           Y18           Y28
              ________      ________      ________      ________      ________
 Y27            0.810
 Y37            0.670         0.840
 Y47            0.660         0.670         0.810
 Y18            0.600         0.630         0.610         0.760
 Y28            0.660         0.680         0.660         0.640         0.820
 Y38            0.660         0.690         0.650         0.630         0.670
 Y48            0.660         0.680         0.630         0.650         0.680
 Y19            0.690         0.720         0.690         0.600         0.670
 Y29            0.660         0.690         0.660         0.630         0.680
 Y39            0.730         0.720         0.700         0.670         0.720
 Y49            0.630         0.700         0.630         0.610         0.660
 Y110           0.660         0.710         0.680         0.630         0.690
 Y210           0.650         0.650         0.630         0.600         0.630
 Y310           0.650         0.640         0.640         0.650         0.650
 Y410           0.630         0.670         0.650         0.590         0.630
 Y111           0.620         0.630         0.600         0.590         0.620
 Y211           0.620         0.630         0.590         0.560         0.620
 Y311           0.620         0.670         0.600         0.590         0.660
 Y411           0.580         0.580         0.570         0.530         0.590
 Y112           0.640         0.660         0.630         0.600         0.660
 Y212           0.690         0.710         0.680         0.690         0.710
 Y312           0.680         0.700         0.680         0.650         0.680
 Y412           0.620         0.600         0.600         0.550         0.620
 Y113           0.630         0.640         0.660         0.600         0.620
 Y213           0.650         0.670         0.620         0.610         0.650
 Y313           0.710         0.710         0.690         0.660         0.690
 Y413           0.690         0.720         0.690         0.650         0.720
 Y114           0.620         0.610         0.620         0.580         0.640
 Y214           0.690         0.720         0.690         0.650         0.670
 Y314           0.640         0.690         0.690         0.640         0.640
 Y414           0.640         0.620         0.630         0.610         0.660
 Y115           0.630         0.640         0.610         0.560         0.610
 Y215           0.650         0.680         0.650         0.580         0.660
 Y315           0.630         0.660         0.640         0.590         0.620
 Y415           0.670         0.710         0.700         0.630         0.690


           Covariance Coverage
              Y38           Y48           Y19           Y29           Y39
              ________      ________      ________      ________      ________
 Y38            0.820
 Y48            0.680         0.810
 Y19            0.670         0.660         0.830
 Y29            0.680         0.650         0.670         0.830
 Y39            0.700         0.700         0.710         0.720         0.870
 Y49            0.630         0.650         0.680         0.680         0.680
 Y110           0.680         0.660         0.700         0.670         0.730
 Y210           0.610         0.630         0.660         0.670         0.670
 Y310           0.650         0.640         0.670         0.700         0.700
 Y410           0.640         0.630         0.650         0.630         0.670
 Y111           0.650         0.600         0.650         0.660         0.650
 Y211           0.610         0.630         0.600         0.640         0.650
 Y311           0.640         0.650         0.640         0.650         0.660
 Y411           0.560         0.560         0.630         0.590         0.640
 Y112           0.650         0.640         0.620         0.640         0.670
 Y212           0.700         0.710         0.710         0.710         0.740
 Y312           0.680         0.720         0.690         0.720         0.740
 Y412           0.600         0.590         0.590         0.650         0.680
 Y113           0.660         0.640         0.640         0.630         0.660
 Y213           0.620         0.650         0.650         0.660         0.690
 Y313           0.710         0.670         0.710         0.690         0.730
 Y413           0.700         0.710         0.720         0.740         0.750
 Y114           0.610         0.600         0.640         0.600         0.650
 Y214           0.710         0.690         0.730         0.700         0.750
 Y314           0.680         0.640         0.680         0.670         0.700
 Y414           0.620         0.630         0.660         0.650         0.670
 Y115           0.620         0.630         0.630         0.630         0.660
 Y215           0.680         0.670         0.660         0.690         0.690
 Y315           0.650         0.670         0.630         0.670         0.700
 Y415           0.680         0.660         0.670         0.690         0.730


           Covariance Coverage
              Y49           Y110          Y210          Y310          Y410
              ________      ________      ________      ________      ________
 Y49            0.800
 Y110           0.650         0.830
 Y210           0.650         0.660         0.790
 Y310           0.650         0.670         0.660         0.800
 Y410           0.630         0.690         0.630         0.650         0.780
 Y111           0.620         0.640         0.620         0.650         0.610
 Y211           0.610         0.620         0.640         0.580         0.580
 Y311           0.640         0.620         0.590         0.590         0.620
 Y411           0.550         0.620         0.600         0.570         0.550
 Y112           0.580         0.680         0.600         0.620         0.620
 Y212           0.680         0.710         0.660         0.680         0.640
 Y312           0.660         0.700         0.650         0.680         0.620
 Y412           0.580         0.610         0.570         0.590         0.570
 Y113           0.610         0.630         0.610         0.600         0.610
 Y213           0.650         0.660         0.650         0.640         0.610
 Y313           0.660         0.690         0.690         0.700         0.650
 Y413           0.690         0.720         0.710         0.710         0.680
 Y114           0.590         0.640         0.590         0.620         0.590
 Y214           0.690         0.700         0.660         0.720         0.670
 Y314           0.640         0.660         0.620         0.640         0.640
 Y414           0.610         0.630         0.620         0.650         0.580
 Y115           0.590         0.610         0.600         0.590         0.580
 Y215           0.620         0.680         0.630         0.650         0.670
 Y315           0.610         0.660         0.630         0.640         0.620
 Y415           0.640         0.700         0.650         0.650         0.670


           Covariance Coverage
              Y111          Y211          Y311          Y411          Y112
              ________      ________      ________      ________      ________
 Y111           0.770
 Y211           0.570         0.760
 Y311           0.580         0.580         0.780
 Y411           0.580         0.570         0.550         0.720
 Y112           0.600         0.590         0.600         0.540         0.780
 Y212           0.670         0.620         0.680         0.640         0.660
 Y312           0.650         0.640         0.620         0.590         0.680
 Y412           0.560         0.550         0.570         0.520         0.550
 Y113           0.610         0.600         0.610         0.540         0.600
 Y213           0.640         0.590         0.630         0.590         0.600
 Y313           0.680         0.640         0.650         0.630         0.660
 Y413           0.690         0.640         0.670         0.610         0.670
 Y114           0.560         0.540         0.570         0.550         0.570
 Y214           0.660         0.630         0.650         0.630         0.640
 Y314           0.650         0.590         0.630         0.580         0.630
 Y414           0.610         0.590         0.570         0.570         0.600
 Y115           0.580         0.620         0.590         0.560         0.620
 Y215           0.610         0.610         0.640         0.580         0.650
 Y315           0.600         0.600         0.620         0.540         0.610
 Y415           0.630         0.630         0.640         0.580         0.660


           Covariance Coverage
              Y212          Y312          Y412          Y113          Y213
              ________      ________      ________      ________      ________
 Y212           0.850
 Y312           0.720         0.840
 Y412           0.620         0.620         0.740
 Y113           0.650         0.650         0.570         0.780
 Y213           0.690         0.660         0.580         0.610         0.790
 Y313           0.720         0.710         0.620         0.680         0.680
 Y413           0.750         0.720         0.660         0.670         0.700
 Y114           0.660         0.620         0.590         0.600         0.570
 Y214           0.720         0.730         0.640         0.650         0.660
 Y314           0.700         0.690         0.580         0.650         0.630
 Y414           0.660         0.660         0.570         0.580         0.610
 Y115           0.640         0.660         0.590         0.580         0.590
 Y215           0.690         0.660         0.590         0.620         0.620
 Y315           0.650         0.680         0.600         0.590         0.630
 Y415           0.690         0.680         0.620         0.660         0.640


           Covariance Coverage
              Y313          Y413          Y114          Y214          Y314
              ________      ________      ________      ________      ________
 Y313           0.850
 Y413           0.750         0.870
 Y114           0.630         0.660         0.750
 Y214           0.710         0.720         0.640         0.850
 Y314           0.680         0.690         0.600         0.700         0.810
 Y414           0.670         0.680         0.590         0.680         0.620
 Y115           0.660         0.660         0.560         0.630         0.610
 Y215           0.660         0.710         0.600         0.680         0.650
 Y315           0.650         0.700         0.570         0.670         0.630
 Y415           0.680         0.720         0.620         0.690         0.680


           Covariance Coverage
              Y414          Y115          Y215          Y315          Y415
              ________      ________      ________      ________      ________
 Y414           0.770
 Y115           0.590         0.760
 Y215           0.580         0.610         0.800
 Y315           0.600         0.620         0.650         0.780
 Y415           0.650         0.610         0.680         0.630         0.830



UNIVARIATE SAMPLE STATISTICS


     UNIVARIATE HIGHER-ORDER MOMENT DESCRIPTIVE STATISTICS

         Variable/         Mean/     Skewness/   Minimum/ % with                Percentiles
        Sample Size      Variance    Kurtosis    Maximum  Min/Max      20%/60%    40%/80%    Median

     Y11                   1.523      -0.415      -5.000    1.16%       0.000      1.000      2.000
              86.000       4.249       0.666       7.000    1.16%       2.000      3.000
     Y21                   1.976       0.124      -2.000    1.20%       0.000      2.000      2.000
              83.000       2.626      -0.453       6.000    1.20%       2.000      3.000
     Y31                   2.525      -0.127      -4.000    2.50%       0.000      1.000      3.000
              80.000       7.249      -0.498       8.000    2.50%       3.000      5.000
     Y41                   3.291      -0.443      -3.000    1.27%       2.000      3.000      3.000
              79.000       4.282       0.251       8.000    1.27%       4.000      5.000
     Y12                   1.416       0.210      -3.000    2.60%       0.000      1.000      1.000
              77.000       4.529      -0.019       7.000    1.30%       2.000      3.000
     Y22                   1.954      -0.016      -1.000    2.30%       0.000      2.000      2.000
              87.000       1.998      -0.780       5.000    2.30%       2.000      3.000
     Y32                   2.851       0.142      -5.000    1.15%       0.000      2.000      3.000
              87.000       6.587       0.268      10.000    1.15%       3.000      5.000
     Y42                   3.324      -0.189      -2.000    1.35%       2.000      3.000      3.000
              74.000       3.652       0.204       8.000    1.35%       4.000      5.000
     Y13                   1.182      -0.049      -6.000    1.30%       0.000      0.000      1.000
              77.000       4.642       1.139       7.000    2.60%       2.000      3.000
     Y23                   1.826      -0.416      -3.000    1.16%       0.000      2.000      2.000
              86.000       2.028       0.261       5.000    1.16%       2.000      3.000
     Y33                   2.410       0.174      -3.000    1.20%       0.000      2.000      2.000
              83.000       6.242      -0.644       8.000    2.41%       3.000      4.000
     Y43                   2.625      -0.206      -2.000    1.25%       1.000      2.000      3.000
              80.000       3.359      -0.440       7.000    1.25%       3.000      4.000
     Y14                   1.590       0.526      -2.000    3.85%       0.000      1.000      1.000
              78.000       3.960      -0.097       7.000    1.28%       2.000      3.000
     Y24                   1.855       0.262      -1.000    2.41%       1.000      1.000      2.000
              83.000       1.859      -0.571       5.000    2.41%       2.000      3.000
     Y34                   2.494       0.813      -2.000    1.18%       0.000      2.000      2.000
              85.000       5.873       1.076      11.000    1.18%       3.000      5.000
     Y44                   2.787       0.197      -1.000    1.33%       1.000      2.000      3.000
              75.000       3.208      -0.483       7.000    2.67%       3.000      4.000
     Y15                   1.605       0.347      -3.000    1.16%       0.000      1.000      1.500
              86.000       3.448      -0.164       6.000    4.65%       2.000      3.000
     Y25                   1.988       0.149      -1.000    1.18%       1.000      2.000      2.000
              85.000       1.965      -0.694       5.000    3.53%       2.000      3.000
     Y35                   2.590       0.449      -2.000    3.85%       0.000      2.000      2.000
              78.000       6.934      -0.434       9.000    1.28%       3.000      4.000
     Y45                   3.099      -0.133      -1.000    2.47%       1.000      3.000      3.000
              81.000       3.422      -0.659       7.000    2.47%       4.000      5.000
     Y16                   1.623       0.171      -3.000    1.30%       0.000      1.000      2.000
              77.000       3.715      -0.175       7.000    1.30%       2.000      3.000
     Y26                   2.025       0.435       0.000   20.25%       0.000      2.000      2.000
              79.000       2.303      -0.363       6.000    2.53%       2.000      3.000
     Y36                   2.831       0.091      -5.000    1.30%       0.000      2.000      3.000
              77.000       7.777      -0.142       9.000    3.90%       3.000      6.000
     Y46                   2.722       0.101      -1.000    2.53%       1.000      2.000      3.000
              79.000       3.441      -0.777       7.000    1.27%       3.000      5.000
     Y17                   1.795       0.336      -4.000    1.28%       0.000      0.000      1.000
              78.000       6.035      -0.317       8.000    1.28%       2.000      4.000
     Y27                   1.778       0.233      -1.000    1.23%       0.000      1.000      2.000
              81.000       1.901      -0.663       5.000    2.47%       2.000      3.000
     Y37                   2.929       0.621      -3.000    1.19%       0.000      2.000      3.000
              84.000       8.066      -0.011      10.000    2.38%       3.000      5.000
     Y47                   3.210       0.240       0.000    9.88%       1.000      2.000      3.000
              81.000       3.820      -0.370       8.000    3.70%       4.000      5.000
     Y18                   1.711       0.408      -3.000    2.63%       0.000      1.000      2.000
              76.000       4.811       0.658       9.000    1.32%       2.000      3.000
     Y28                   1.854       0.415      -1.000    1.22%       1.000      1.000      2.000
              82.000       2.003      -0.346       6.000    1.22%       2.000      3.000
     Y38                   2.768       0.358      -4.000    2.44%       0.000      2.000      3.000
              82.000       9.276       1.042      14.000    1.22%       3.000      5.000
     Y48                   2.951       0.233      -1.000    2.47%       1.000      2.000      3.000
              81.000       4.022      -0.131       9.000    1.23%       3.000      5.000
     Y19                   1.458       0.626      -3.000    1.20%       0.000      0.000      1.000
              83.000       4.345       0.658       9.000    1.20%       2.000      3.000
     Y29                   1.976       0.291      -1.000    1.20%       1.000      2.000      2.000
              83.000       2.168      -0.522       6.000    1.20%       2.000      3.000
     Y39                   2.586       0.442      -3.000    2.30%       0.000      1.000      2.000
              87.000       7.668      -0.595       9.000    1.15%       3.000      5.000
     Y49                   3.050       0.270      -1.000    1.25%       1.000      3.000      3.000
              80.000       4.373      -0.219       9.000    1.25%       4.000      5.000
     Y110                  1.410       0.421      -4.000    1.20%       0.000      0.000      1.000
              83.000       5.206       0.879       9.000    1.20%       2.000      3.000
     Y210                  1.797       0.358      -1.000    1.27%       0.000      1.000      2.000
              79.000       2.060      -0.491       5.000    5.06%       2.000      3.000
     Y310                  2.775       0.241      -4.000    1.25%       0.000      2.000      3.000
              80.000       7.674      -0.182      10.000    1.25%       3.000      5.000
     Y410                  2.910      -0.032      -1.000    2.56%       1.000      2.000      3.000
              78.000       3.107      -0.437       7.000    1.28%       3.000      4.000
     Y111                  1.883       0.920      -2.000    2.60%       0.000      1.000      1.000
              77.000       3.636       0.887       7.000    5.19%       2.000      3.000
     Y211                  1.934       0.609       0.000   18.42%       1.000      1.000      2.000
              76.000       2.167      -0.019       6.000    2.63%       2.000      3.000
     Y311                  2.885       0.430      -4.000    1.28%       1.000      2.000      2.000
              78.000       6.974       0.614      11.000    1.28%       3.000      5.000
     Y411                  2.917       0.734       0.000    5.56%       1.000      2.000      3.000
              72.000       2.910       0.781       8.000    2.78%       3.000      4.000
     Y112                  1.756      -0.109      -3.000    2.56%       0.000      1.000      2.000
              78.000       4.261      -0.627       6.000    2.56%       2.000      4.000
     Y212                  2.000       0.424      -1.000    1.18%       0.000      1.000      2.000
              85.000       2.376      -0.079       7.000    1.18%       2.000      3.000
     Y312                  2.738       0.037      -4.000    1.19%       0.000      2.000      3.000
              84.000       6.884      -0.285       9.000    2.38%       3.000      5.000
     Y412                  2.851       0.321       0.000   10.81%       1.000      2.000      3.000
              74.000       3.235      -0.284       8.000    1.35%       3.000      4.000
     Y113                  1.615       0.103      -3.000    2.56%       0.000      1.000      1.000
              78.000       3.724       0.072       7.000    1.28%       2.000      3.000
     Y213                  2.038       0.332      -1.000    2.53%       1.000      2.000      2.000
              79.000       2.011       0.124       6.000    1.27%       2.000      3.000
     Y313                  2.600       0.214      -3.000    1.18%       0.000      2.000      3.000
              85.000       6.805      -0.466       9.000    2.35%       3.000      5.000
     Y413                  3.138       0.110      -1.000    1.15%       2.000      3.000      3.000
              87.000       3.452      -0.448       7.000    4.60%       3.000      5.000
     Y114                  1.773      -0.417      -6.000    1.33%       0.000      1.000      2.000
              75.000       4.122       1.222       5.000   13.33%       2.000      4.000
     Y214                  1.965       0.143      -1.000    1.18%       1.000      2.000      2.000
              85.000       1.516      -0.241       5.000    2.35%       2.000      3.000
     Y314                  2.753      -0.375      -6.000    1.23%       1.000      2.000      3.000
              81.000       5.495       1.224       8.000    2.47%       3.000      5.000
     Y414                  3.143       0.035      -3.000    1.30%       2.000      3.000      3.000
              77.000       3.889       0.772       8.000    2.60%       3.000      4.000
     Y115                  1.697       0.261      -2.000    3.95%       0.000      1.000      2.000
              76.000       3.974      -0.703       6.000    3.95%       2.000      3.000
     Y215                  1.925       0.127      -2.000    1.25%       0.000      2.000      2.000
              80.000       2.294      -0.102       6.000    1.25%       2.000      3.000
     Y315                  2.910       0.681      -2.000    2.56%       1.000      2.000      2.500
              78.000       7.261       0.195      10.000    2.56%       3.000      5.000
     Y415                  3.265       0.374      -1.000    1.20%       1.000      3.000      3.000
              83.000       4.556      -0.082       9.000    2.41%       4.000      5.000


THE MODEL ESTIMATION TERMINATED NORMALLY

     USE THE FBITERATIONS OPTION TO INCREASE THE NUMBER OF ITERATIONS BY A FACTOR
     OF AT LEAST TWO TO CHECK CONVERGENCE AND THAT THE PSR VALUE DOES NOT INCREASE.



MODEL FIT INFORMATION

Number of Free Parameters                              23

Bayesian Posterior Predictive Checking using Chi-Square

          95% Confidence Interval for the Difference Between
          the Observed and the Replicated Chi-Square Values

                               -176.556           231.831

          Posterior Predictive P-Value              0.386

Information Criteria

          Deviance (DIC)                        16344.917
          Estimated Number of Parameters (pD)      21.987
          Bayesian (BIC)                        16406.445



MODEL RESULTS

                                Posterior  One-Tailed         95% C.I.
                    Estimate       S.D.      P-Value   Lower 2.5%  Upper 2.5%  Significance

 OCC1     BY
    Y11                1.000       0.000      0.000       1.000       1.000
    Y21                0.549       0.025      0.000       0.501       0.597      *
    Y31                1.378       0.048      0.000       1.285       1.476      *
    Y41                0.885       0.035      0.000       0.822       0.956      *

 OCC2     BY
    Y12                1.000       0.000      0.000       1.000       1.000
    Y22                0.549       0.025      0.000       0.501       0.597      *
    Y32                1.378       0.048      0.000       1.285       1.476      *
    Y42                0.885       0.035      0.000       0.822       0.956      *

 OCC3     BY
    Y13                1.000       0.000      0.000       1.000       1.000
    Y23                0.549       0.025      0.000       0.501       0.597      *
    Y33                1.378       0.048      0.000       1.285       1.476      *
    Y43                0.885       0.035      0.000       0.822       0.956      *

 OCC4     BY
    Y14                1.000       0.000      0.000       1.000       1.000
    Y24                0.549       0.025      0.000       0.501       0.597      *
    Y34                1.378       0.048      0.000       1.285       1.476      *
    Y44                0.885       0.035      0.000       0.822       0.956      *

 OCC5     BY
    Y15                1.000       0.000      0.000       1.000       1.000
    Y25                0.549       0.025      0.000       0.501       0.597      *
    Y35                1.378       0.048      0.000       1.285       1.476      *
    Y45                0.885       0.035      0.000       0.822       0.956      *

 OCC6     BY
    Y16                1.000       0.000      0.000       1.000       1.000
    Y26                0.549       0.025      0.000       0.501       0.597      *
    Y36                1.378       0.048      0.000       1.285       1.476      *
    Y46                0.885       0.035      0.000       0.822       0.956      *

 OCC7     BY
    Y17                1.000       0.000      0.000       1.000       1.000
    Y27                0.549       0.025      0.000       0.501       0.597      *
    Y37                1.378       0.048      0.000       1.285       1.476      *
    Y47                0.885       0.035      0.000       0.822       0.956      *

 OCC8     BY
    Y18                1.000       0.000      0.000       1.000       1.000
    Y28                0.549       0.025      0.000       0.501       0.597      *
    Y38                1.378       0.048      0.000       1.285       1.476      *
    Y48                0.885       0.035      0.000       0.822       0.956      *

 OCC9     BY
    Y19                1.000       0.000      0.000       1.000       1.000
    Y29                0.549       0.025      0.000       0.501       0.597      *
    Y39                1.378       0.048      0.000       1.285       1.476      *
    Y49                0.885       0.035      0.000       0.822       0.956      *

 OCC10    BY
    Y110               1.000       0.000      0.000       1.000       1.000
    Y210               0.549       0.025      0.000       0.501       0.597      *
    Y310               1.378       0.048      0.000       1.285       1.476      *
    Y410               0.885       0.035      0.000       0.822       0.956      *

 OCC11    BY
    Y111               1.000       0.000      0.000       1.000       1.000
    Y211               0.549       0.025      0.000       0.501       0.597      *
    Y311               1.378       0.048      0.000       1.285       1.476      *
    Y411               0.885       0.035      0.000       0.822       0.956      *

 OCC12    BY
    Y112               1.000       0.000      0.000       1.000       1.000
    Y212               0.549       0.025      0.000       0.501       0.597      *
    Y312               1.378       0.048      0.000       1.285       1.476      *
    Y412               0.885       0.035      0.000       0.822       0.956      *

 OCC13    BY
    Y113               1.000       0.000      0.000       1.000       1.000
    Y213               0.549       0.025      0.000       0.501       0.597      *
    Y313               1.378       0.048      0.000       1.285       1.476      *
    Y413               0.885       0.035      0.000       0.822       0.956      *

 OCC14    BY
    Y114               1.000       0.000      0.000       1.000       1.000
    Y214               0.549       0.025      0.000       0.501       0.597      *
    Y314               1.378       0.048      0.000       1.285       1.476      *
    Y414               0.885       0.035      0.000       0.822       0.956      *

 OCC15    BY
    Y115               1.000       0.000      0.000       1.000       1.000
    Y215               0.549       0.025      0.000       0.501       0.597      *
    Y315               1.378       0.048      0.000       1.285       1.476      *
    Y415               0.885       0.035      0.000       0.822       0.956      *

 THETA1   BY
    Y11                1.000       0.000      0.000       1.000       1.000
    Y12                1.000       0.000      0.000       1.000       1.000
    Y13                1.000       0.000      0.000       1.000       1.000
    Y14                1.000       0.000      0.000       1.000       1.000
    Y15                1.000       0.000      0.000       1.000       1.000
    Y16                1.000       0.000      0.000       1.000       1.000
    Y17                1.000       0.000      0.000       1.000       1.000
    Y18                1.000       0.000      0.000       1.000       1.000
    Y19                1.000       0.000      0.000       1.000       1.000
    Y110               1.000       0.000      0.000       1.000       1.000
    Y111               1.000       0.000      0.000       1.000       1.000
    Y112               1.000       0.000      0.000       1.000       1.000
    Y113               1.000       0.000      0.000       1.000       1.000
    Y114               1.000       0.000      0.000       1.000       1.000
    Y115               1.000       0.000      0.000       1.000       1.000

 THETA2   BY
    Y21                1.000       0.000      0.000       1.000       1.000
    Y22                1.000       0.000      0.000       1.000       1.000
    Y23                1.000       0.000      0.000       1.000       1.000
    Y24                1.000       0.000      0.000       1.000       1.000
    Y25                1.000       0.000      0.000       1.000       1.000
    Y26                1.000       0.000      0.000       1.000       1.000
    Y27                1.000       0.000      0.000       1.000       1.000
    Y28                1.000       0.000      0.000       1.000       1.000
    Y29                1.000       0.000      0.000       1.000       1.000
    Y210               1.000       0.000      0.000       1.000       1.000
    Y211               1.000       0.000      0.000       1.000       1.000
    Y212               1.000       0.000      0.000       1.000       1.000
    Y213               1.000       0.000      0.000       1.000       1.000
    Y214               1.000       0.000      0.000       1.000       1.000
    Y215               1.000       0.000      0.000       1.000       1.000

 THETA3   BY
    Y31                1.000       0.000      0.000       1.000       1.000
    Y32                1.000       0.000      0.000       1.000       1.000
    Y33                1.000       0.000      0.000       1.000       1.000
    Y34                1.000       0.000      0.000       1.000       1.000
    Y35                1.000       0.000      0.000       1.000       1.000
    Y36                1.000       0.000      0.000       1.000       1.000
    Y37                1.000       0.000      0.000       1.000       1.000
    Y38                1.000       0.000      0.000       1.000       1.000
    Y39                1.000       0.000      0.000       1.000       1.000
    Y310               1.000       0.000      0.000       1.000       1.000
    Y311               1.000       0.000      0.000       1.000       1.000
    Y312               1.000       0.000      0.000       1.000       1.000
    Y313               1.000       0.000      0.000       1.000       1.000
    Y314               1.000       0.000      0.000       1.000       1.000
    Y315               1.000       0.000      0.000       1.000       1.000

 THETA4   BY
    Y41                1.000       0.000      0.000       1.000       1.000
    Y42                1.000       0.000      0.000       1.000       1.000
    Y43                1.000       0.000      0.000       1.000       1.000
    Y44                1.000       0.000      0.000       1.000       1.000
    Y45                1.000       0.000      0.000       1.000       1.000
    Y46                1.000       0.000      0.000       1.000       1.000
    Y47                1.000       0.000      0.000       1.000       1.000
    Y48                1.000       0.000      0.000       1.000       1.000
    Y49                1.000       0.000      0.000       1.000       1.000
    Y410               1.000       0.000      0.000       1.000       1.000
    Y411               1.000       0.000      0.000       1.000       1.000
    Y412               1.000       0.000      0.000       1.000       1.000
    Y413               1.000       0.000      0.000       1.000       1.000
    Y414               1.000       0.000      0.000       1.000       1.000
    Y415               1.000       0.000      0.000       1.000       1.000

 OCC2       ON
    OCC1               0.456       0.034      0.000       0.390       0.522      *

 OCC3       ON
    OCC2               0.456       0.034      0.000       0.390       0.522      *

 OCC4       ON
    OCC3               0.456       0.034      0.000       0.390       0.522      *

 OCC5       ON
    OCC4               0.456       0.034      0.000       0.390       0.522      *

 OCC6       ON
    OCC5               0.456       0.034      0.000       0.390       0.522      *

 OCC7       ON
    OCC6               0.456       0.034      0.000       0.390       0.522      *

 OCC8       ON
    OCC7               0.456       0.034      0.000       0.390       0.522      *

 OCC9       ON
    OCC8               0.456       0.034      0.000       0.390       0.522      *

 OCC10      ON
    OCC9               0.456       0.034      0.000       0.390       0.522      *

 OCC11      ON
    OCC10              0.456       0.034      0.000       0.390       0.522      *

 OCC12      ON
    OCC11              0.456       0.034      0.000       0.390       0.522      *

 OCC13      ON
    OCC12              0.456       0.034      0.000       0.390       0.522      *

 OCC14      ON
    OCC13              0.456       0.034      0.000       0.390       0.522      *

 OCC15      ON
    OCC14              0.456       0.034      0.000       0.390       0.522      *

 OCC1     WITH
    OCC2               0.000       0.000      1.000       0.000       0.000
    OCC3               0.000       0.000      1.000       0.000       0.000
    OCC4               0.000       0.000      1.000       0.000       0.000
    OCC5               0.000       0.000      1.000       0.000       0.000
    OCC6               0.000       0.000      1.000       0.000       0.000
    OCC7               0.000       0.000      1.000       0.000       0.000
    OCC8               0.000       0.000      1.000       0.000       0.000
    OCC9               0.000       0.000      1.000       0.000       0.000
    OCC10              0.000       0.000      1.000       0.000       0.000
    OCC11              0.000       0.000      1.000       0.000       0.000
    OCC12              0.000       0.000      1.000       0.000       0.000
    OCC13              0.000       0.000      1.000       0.000       0.000
    OCC14              0.000       0.000      1.000       0.000       0.000
    OCC15              0.000       0.000      1.000       0.000       0.000
    THETA1             0.000       0.000      1.000       0.000       0.000
    THETA2             0.000       0.000      1.000       0.000       0.000
    THETA3             0.000       0.000      1.000       0.000       0.000
    THETA4             0.000       0.000      1.000       0.000       0.000

 OCC2     WITH
    OCC3               0.000       0.000      1.000       0.000       0.000
    OCC4               0.000       0.000      1.000       0.000       0.000
    OCC5               0.000       0.000      1.000       0.000       0.000
    OCC6               0.000       0.000      1.000       0.000       0.000
    OCC7               0.000       0.000      1.000       0.000       0.000
    OCC8               0.000       0.000      1.000       0.000       0.000
    OCC9               0.000       0.000      1.000       0.000       0.000
    OCC10              0.000       0.000      1.000       0.000       0.000
    OCC11              0.000       0.000      1.000       0.000       0.000
    OCC12              0.000       0.000      1.000       0.000       0.000
    OCC13              0.000       0.000      1.000       0.000       0.000
    OCC14              0.000       0.000      1.000       0.000       0.000
    OCC15              0.000       0.000      1.000       0.000       0.000
    THETA1             0.000       0.000      1.000       0.000       0.000
    THETA2             0.000       0.000      1.000       0.000       0.000
    THETA3             0.000       0.000      1.000       0.000       0.000
    THETA4             0.000       0.000      1.000       0.000       0.000

 OCC3     WITH
    OCC4               0.000       0.000      1.000       0.000       0.000
    OCC5               0.000       0.000      1.000       0.000       0.000
    OCC6               0.000       0.000      1.000       0.000       0.000
    OCC7               0.000       0.000      1.000       0.000       0.000
    OCC8               0.000       0.000      1.000       0.000       0.000
    OCC9               0.000       0.000      1.000       0.000       0.000
    OCC10              0.000       0.000      1.000       0.000       0.000
    OCC11              0.000       0.000      1.000       0.000       0.000
    OCC12              0.000       0.000      1.000       0.000       0.000
    OCC13              0.000       0.000      1.000       0.000       0.000
    OCC14              0.000       0.000      1.000       0.000       0.000
    OCC15              0.000       0.000      1.000       0.000       0.000
    THETA1             0.000       0.000      1.000       0.000       0.000
    THETA2             0.000       0.000      1.000       0.000       0.000
    THETA3             0.000       0.000      1.000       0.000       0.000
    THETA4             0.000       0.000      1.000       0.000       0.000

 OCC4     WITH
    OCC5               0.000       0.000      1.000       0.000       0.000
    OCC6               0.000       0.000      1.000       0.000       0.000
    OCC7               0.000       0.000      1.000       0.000       0.000
    OCC8               0.000       0.000      1.000       0.000       0.000
    OCC9               0.000       0.000      1.000       0.000       0.000
    OCC10              0.000       0.000      1.000       0.000       0.000
    OCC11              0.000       0.000      1.000       0.000       0.000
    OCC12              0.000       0.000      1.000       0.000       0.000
    OCC13              0.000       0.000      1.000       0.000       0.000
    OCC14              0.000       0.000      1.000       0.000       0.000
    OCC15              0.000       0.000      1.000       0.000       0.000
    THETA1             0.000       0.000      1.000       0.000       0.000
    THETA2             0.000       0.000      1.000       0.000       0.000
    THETA3             0.000       0.000      1.000       0.000       0.000
    THETA4             0.000       0.000      1.000       0.000       0.000

 OCC5     WITH
    OCC6               0.000       0.000      1.000       0.000       0.000
    OCC7               0.000       0.000      1.000       0.000       0.000
    OCC8               0.000       0.000      1.000       0.000       0.000
    OCC9               0.000       0.000      1.000       0.000       0.000
    OCC10              0.000       0.000      1.000       0.000       0.000
    OCC11              0.000       0.000      1.000       0.000       0.000
    OCC12              0.000       0.000      1.000       0.000       0.000
    OCC13              0.000       0.000      1.000       0.000       0.000
    OCC14              0.000       0.000      1.000       0.000       0.000
    OCC15              0.000       0.000      1.000       0.000       0.000
    THETA1             0.000       0.000      1.000       0.000       0.000
    THETA2             0.000       0.000      1.000       0.000       0.000
    THETA3             0.000       0.000      1.000       0.000       0.000
    THETA4             0.000       0.000      1.000       0.000       0.000

 OCC6     WITH
    OCC7               0.000       0.000      1.000       0.000       0.000
    OCC8               0.000       0.000      1.000       0.000       0.000
    OCC9               0.000       0.000      1.000       0.000       0.000
    OCC10              0.000       0.000      1.000       0.000       0.000
    OCC11              0.000       0.000      1.000       0.000       0.000
    OCC12              0.000       0.000      1.000       0.000       0.000
    OCC13              0.000       0.000      1.000       0.000       0.000
    OCC14              0.000       0.000      1.000       0.000       0.000
    OCC15              0.000       0.000      1.000       0.000       0.000
    THETA1             0.000       0.000      1.000       0.000       0.000
    THETA2             0.000       0.000      1.000       0.000       0.000
    THETA3             0.000       0.000      1.000       0.000       0.000
    THETA4             0.000       0.000      1.000       0.000       0.000

 OCC7     WITH
    OCC8               0.000       0.000      1.000       0.000       0.000
    OCC9               0.000       0.000      1.000       0.000       0.000
    OCC10              0.000       0.000      1.000       0.000       0.000
    OCC11              0.000       0.000      1.000       0.000       0.000
    OCC12              0.000       0.000      1.000       0.000       0.000
    OCC13              0.000       0.000      1.000       0.000       0.000
    OCC14              0.000       0.000      1.000       0.000       0.000
    OCC15              0.000       0.000      1.000       0.000       0.000
    THETA1             0.000       0.000      1.000       0.000       0.000
    THETA2             0.000       0.000      1.000       0.000       0.000
    THETA3             0.000       0.000      1.000       0.000       0.000
    THETA4             0.000       0.000      1.000       0.000       0.000

 OCC8     WITH
    OCC9               0.000       0.000      1.000       0.000       0.000
    OCC10              0.000       0.000      1.000       0.000       0.000
    OCC11              0.000       0.000      1.000       0.000       0.000
    OCC12              0.000       0.000      1.000       0.000       0.000
    OCC13              0.000       0.000      1.000       0.000       0.000
    OCC14              0.000       0.000      1.000       0.000       0.000
    OCC15              0.000       0.000      1.000       0.000       0.000
    THETA1             0.000       0.000      1.000       0.000       0.000
    THETA2             0.000       0.000      1.000       0.000       0.000
    THETA3             0.000       0.000      1.000       0.000       0.000
    THETA4             0.000       0.000      1.000       0.000       0.000

 OCC9     WITH
    OCC10              0.000       0.000      1.000       0.000       0.000
    OCC11              0.000       0.000      1.000       0.000       0.000
    OCC12              0.000       0.000      1.000       0.000       0.000
    OCC13              0.000       0.000      1.000       0.000       0.000
    OCC14              0.000       0.000      1.000       0.000       0.000
    OCC15              0.000       0.000      1.000       0.000       0.000
    THETA1             0.000       0.000      1.000       0.000       0.000
    THETA2             0.000       0.000      1.000       0.000       0.000
    THETA3             0.000       0.000      1.000       0.000       0.000
    THETA4             0.000       0.000      1.000       0.000       0.000

 OCC10    WITH
    OCC11              0.000       0.000      1.000       0.000       0.000
    OCC12              0.000       0.000      1.000       0.000       0.000
    OCC13              0.000       0.000      1.000       0.000       0.000
    OCC14              0.000       0.000      1.000       0.000       0.000
    OCC15              0.000       0.000      1.000       0.000       0.000
    THETA1             0.000       0.000      1.000       0.000       0.000
    THETA2             0.000       0.000      1.000       0.000       0.000
    THETA3             0.000       0.000      1.000       0.000       0.000
    THETA4             0.000       0.000      1.000       0.000       0.000

 OCC11    WITH
    OCC12              0.000       0.000      1.000       0.000       0.000
    OCC13              0.000       0.000      1.000       0.000       0.000
    OCC14              0.000       0.000      1.000       0.000       0.000
    OCC15              0.000       0.000      1.000       0.000       0.000
    THETA1             0.000       0.000      1.000       0.000       0.000
    THETA2             0.000       0.000      1.000       0.000       0.000
    THETA3             0.000       0.000      1.000       0.000       0.000
    THETA4             0.000       0.000      1.000       0.000       0.000

 OCC12    WITH
    OCC13              0.000       0.000      1.000       0.000       0.000
    OCC14              0.000       0.000      1.000       0.000       0.000
    OCC15              0.000       0.000      1.000       0.000       0.000
    THETA1             0.000       0.000      1.000       0.000       0.000
    THETA2             0.000       0.000      1.000       0.000       0.000
    THETA3             0.000       0.000      1.000       0.000       0.000
    THETA4             0.000       0.000      1.000       0.000       0.000

 OCC13    WITH
    OCC14              0.000       0.000      1.000       0.000       0.000
    OCC15              0.000       0.000      1.000       0.000       0.000
    THETA1             0.000       0.000      1.000       0.000       0.000
    THETA2             0.000       0.000      1.000       0.000       0.000
    THETA3             0.000       0.000      1.000       0.000       0.000
    THETA4             0.000       0.000      1.000       0.000       0.000

 OCC14    WITH
    OCC15              0.000       0.000      1.000       0.000       0.000
    THETA1             0.000       0.000      1.000       0.000       0.000
    THETA2             0.000       0.000      1.000       0.000       0.000
    THETA3             0.000       0.000      1.000       0.000       0.000
    THETA4             0.000       0.000      1.000       0.000       0.000

 OCC15    WITH
    THETA1             0.000       0.000      1.000       0.000       0.000
    THETA2             0.000       0.000      1.000       0.000       0.000
    THETA3             0.000       0.000      1.000       0.000       0.000
    THETA4             0.000       0.000      1.000       0.000       0.000

 THETA2   WITH
    THETA1             1.135       0.222      0.000       0.785       1.658      *

 THETA3   WITH
    THETA1             1.534       0.343      0.000       0.984       2.332      *
    THETA2             1.237       0.262      0.000       0.808       1.850      *

 THETA4   WITH
    THETA1             1.412       0.281      0.000       0.963       2.051      *
    THETA2             1.010       0.207      0.000       0.679       1.496      *
    THETA3             1.276       0.315      0.000       0.777       1.996      *

 Means
    OCC1               0.000       0.000      1.000       0.000       0.000

 Intercepts
    Y11                1.610       0.144      0.000       1.313       1.858      *
    Y21                1.954       0.112      0.000       1.722       2.153      *
    Y31                2.698       0.172      0.000       2.348       3.011      *
    Y41                3.027       0.144      0.000       2.739       3.280      *
    Y12                1.610       0.144      0.000       1.313       1.858      *
    Y22                1.954       0.112      0.000       1.722       2.153      *
    Y32                2.698       0.172      0.000       2.348       3.011      *
    Y42                3.027       0.144      0.000       2.739       3.280      *
    Y13                1.610       0.144      0.000       1.313       1.858      *
    Y23                1.954       0.112      0.000       1.722       2.153      *
    Y33                2.698       0.172      0.000       2.348       3.011      *
    Y43                3.027       0.144      0.000       2.739       3.280      *
    Y14                1.610       0.144      0.000       1.313       1.858      *
    Y24                1.954       0.112      0.000       1.722       2.153      *
    Y34                2.698       0.172      0.000       2.348       3.011      *
    Y44                3.027       0.144      0.000       2.739       3.280      *
    Y15                1.610       0.144      0.000       1.313       1.858      *
    Y25                1.954       0.112      0.000       1.722       2.153      *
    Y35                2.698       0.172      0.000       2.348       3.011      *
    Y45                3.027       0.144      0.000       2.739       3.280      *
    Y16                1.610       0.144      0.000       1.313       1.858      *
    Y26                1.954       0.112      0.000       1.722       2.153      *
    Y36                2.698       0.172      0.000       2.348       3.011      *
    Y46                3.027       0.144      0.000       2.739       3.280      *
    Y17                1.610       0.144      0.000       1.313       1.858      *
    Y27                1.954       0.112      0.000       1.722       2.153      *
    Y37                2.698       0.172      0.000       2.348       3.011      *
    Y47                3.027       0.144      0.000       2.739       3.280      *
    Y18                1.610       0.144      0.000       1.313       1.858      *
    Y28                1.954       0.112      0.000       1.722       2.153      *
    Y38                2.698       0.172      0.000       2.348       3.011      *
    Y48                3.027       0.144      0.000       2.739       3.280      *
    Y19                1.610       0.144      0.000       1.313       1.858      *
    Y29                1.954       0.112      0.000       1.722       2.153      *
    Y39                2.698       0.172      0.000       2.348       3.011      *
    Y49                3.027       0.144      0.000       2.739       3.280      *
    Y110               1.610       0.144      0.000       1.313       1.858      *
    Y210               1.954       0.112      0.000       1.722       2.153      *
    Y310               2.698       0.172      0.000       2.348       3.011      *
    Y410               3.027       0.144      0.000       2.739       3.280      *
    Y111               1.610       0.144      0.000       1.313       1.858      *
    Y211               1.954       0.112      0.000       1.722       2.153      *
    Y311               2.698       0.172      0.000       2.348       3.011      *
    Y411               3.027       0.144      0.000       2.739       3.280      *
    Y112               1.610       0.144      0.000       1.313       1.858      *
    Y212               1.954       0.112      0.000       1.722       2.153      *
    Y312               2.698       0.172      0.000       2.348       3.011      *
    Y412               3.027       0.144      0.000       2.739       3.280      *
    Y113               1.610       0.144      0.000       1.313       1.858      *
    Y213               1.954       0.112      0.000       1.722       2.153      *
    Y313               2.698       0.172      0.000       2.348       3.011      *
    Y413               3.027       0.144      0.000       2.739       3.280      *
    Y114               1.610       0.144      0.000       1.313       1.858      *
    Y214               1.954       0.112      0.000       1.722       2.153      *
    Y314               2.698       0.172      0.000       2.348       3.011      *
    Y414               3.027       0.144      0.000       2.739       3.280      *
    Y115               1.610       0.144      0.000       1.313       1.858      *
    Y215               1.954       0.112      0.000       1.722       2.153      *
    Y315               2.698       0.172      0.000       2.348       3.011      *
    Y415               3.027       0.144      0.000       2.739       3.280      *
    OCC2               0.000       0.000      1.000       0.000       0.000
    OCC3               0.000       0.000      1.000       0.000       0.000
    OCC4               0.000       0.000      1.000       0.000       0.000
    OCC5               0.000       0.000      1.000       0.000       0.000
    OCC6               0.000       0.000      1.000       0.000       0.000
    OCC7               0.000       0.000      1.000       0.000       0.000
    OCC8               0.000       0.000      1.000       0.000       0.000
    OCC9               0.000       0.000      1.000       0.000       0.000
    OCC10              0.000       0.000      1.000       0.000       0.000
    OCC11              0.000       0.000      1.000       0.000       0.000
    OCC12              0.000       0.000      1.000       0.000       0.000
    OCC13              0.000       0.000      1.000       0.000       0.000
    OCC14              0.000       0.000      1.000       0.000       0.000
    OCC15              0.000       0.000      1.000       0.000       0.000

 Variances
    OCC1               1.579       0.104      0.000       1.378       1.788      *
    THETA1             1.605       0.310      0.000       1.109       2.340      *
    THETA2             1.075       0.187      0.000       0.782       1.509      *
    THETA3             2.300       0.463      0.000       1.558       3.387      *
    THETA4             1.569       0.292      0.000       1.117       2.253      *

 Residual Variances
    Y11                0.927       0.058      0.000       0.818       1.048      *
    Y21                0.543       0.028      0.000       0.491       0.600      *
    Y31                1.368       0.100      0.000       1.184       1.576      *
    Y41                0.829       0.050      0.000       0.738       0.931      *
    Y12                0.927       0.058      0.000       0.818       1.048      *
    Y22                0.543       0.028      0.000       0.491       0.600      *
    Y32                1.368       0.100      0.000       1.184       1.576      *
    Y42                0.829       0.050      0.000       0.738       0.931      *
    Y13                0.927       0.058      0.000       0.818       1.048      *
    Y23                0.543       0.028      0.000       0.491       0.600      *
    Y33                1.368       0.100      0.000       1.184       1.576      *
    Y43                0.829       0.050      0.000       0.738       0.931      *
    Y14                0.927       0.058      0.000       0.818       1.048      *
    Y24                0.543       0.028      0.000       0.491       0.600      *
    Y34                1.368       0.100      0.000       1.184       1.576      *
    Y44                0.829       0.050      0.000       0.738       0.931      *
    Y15                0.927       0.058      0.000       0.818       1.048      *
    Y25                0.543       0.028      0.000       0.491       0.600      *
    Y35                1.368       0.100      0.000       1.184       1.576      *
    Y45                0.829       0.050      0.000       0.738       0.931      *
    Y16                0.927       0.058      0.000       0.818       1.048      *
    Y26                0.543       0.028      0.000       0.491       0.600      *
    Y36                1.368       0.100      0.000       1.184       1.576      *
    Y46                0.829       0.050      0.000       0.738       0.931      *
    Y17                0.927       0.058      0.000       0.818       1.048      *
    Y27                0.543       0.028      0.000       0.491       0.600      *
    Y37                1.368       0.100      0.000       1.184       1.576      *
    Y47                0.829       0.050      0.000       0.738       0.931      *
    Y18                0.927       0.058      0.000       0.818       1.048      *
    Y28                0.543       0.028      0.000       0.491       0.600      *
    Y38                1.368       0.100      0.000       1.184       1.576      *
    Y48                0.829       0.050      0.000       0.738       0.931      *
    Y19                0.927       0.058      0.000       0.818       1.048      *
    Y29                0.543       0.028      0.000       0.491       0.600      *
    Y39                1.368       0.100      0.000       1.184       1.576      *
    Y49                0.829       0.050      0.000       0.738       0.931      *
    Y110               0.927       0.058      0.000       0.818       1.048      *
    Y210               0.543       0.028      0.000       0.491       0.600      *
    Y310               1.368       0.100      0.000       1.184       1.576      *
    Y410               0.829       0.050      0.000       0.738       0.931      *
    Y111               0.927       0.058      0.000       0.818       1.048      *
    Y211               0.543       0.028      0.000       0.491       0.600      *
    Y311               1.368       0.100      0.000       1.184       1.576      *
    Y411               0.829       0.050      0.000       0.738       0.931      *
    Y112               0.927       0.058      0.000       0.818       1.048      *
    Y212               0.543       0.028      0.000       0.491       0.600      *
    Y312               1.368       0.100      0.000       1.184       1.576      *
    Y412               0.829       0.050      0.000       0.738       0.931      *
    Y113               0.927       0.058      0.000       0.818       1.048      *
    Y213               0.543       0.028      0.000       0.491       0.600      *
    Y313               1.368       0.100      0.000       1.184       1.576      *
    Y413               0.829       0.050      0.000       0.738       0.931      *
    Y114               0.927       0.058      0.000       0.818       1.048      *
    Y214               0.543       0.028      0.000       0.491       0.600      *
    Y314               1.368       0.100      0.000       1.184       1.576      *
    Y414               0.829       0.050      0.000       0.738       0.931      *
    Y115               0.927       0.058      0.000       0.818       1.048      *
    Y215               0.543       0.028      0.000       0.491       0.600      *
    Y315               1.368       0.100      0.000       1.184       1.576      *
    Y415               0.829       0.050      0.000       0.738       0.931      *
    OCC2               1.579       0.104      0.000       1.378       1.788      *
    OCC3               1.579       0.104      0.000       1.378       1.788      *
    OCC4               1.579       0.104      0.000       1.378       1.788      *
    OCC5               1.579       0.104      0.000       1.378       1.788      *
    OCC6               1.579       0.104      0.000       1.378       1.788      *
    OCC7               1.579       0.104      0.000       1.378       1.788      *
    OCC8               1.579       0.104      0.000       1.378       1.788      *
    OCC9               1.579       0.104      0.000       1.378       1.788      *
    OCC10              1.579       0.104      0.000       1.378       1.788      *
    OCC11              1.579       0.104      0.000       1.378       1.788      *
    OCC12              1.579       0.104      0.000       1.378       1.788      *
    OCC13              1.579       0.104      0.000       1.378       1.788      *
    OCC14              1.579       0.104      0.000       1.378       1.788      *
    OCC15              1.579       0.104      0.000       1.378       1.788      *


     Beginning Time:  16:37:12
        Ending Time:  16:37:33
       Elapsed Time:  00:00:21



MUTHEN & MUTHEN
3463 Stoner Ave.
Los Angeles, CA  90066

Tel: (310) 391-9971
Fax: (310) 391-8971
Web: www.StatModel.com
Support: Support@StatModel.com

Copyright (c) 1998-2017 Muthen & Muthen
