Mplus VERSION 8
MUTHEN & MUTHEN
02/15/2019   6:59 PM

INPUT INSTRUCTIONS

  TITLE: Your title goes here
  DATA: FILE = "Mplus_files_Results/tso_long_n100_i3_nt75_na0.dat";
  VARIABLE:
  NAMES = subjn time y1 y2 y3;
  MISSING=.;
  USEVAR = y1
  y2
  y3 ;
  CLUSTER = subjn ;

  ANALYSIS:
  TYPE = TWOLEVEL ;
  ESTIMATOR = BAYES ;
  BITERATIONS = (5000) ;

  PROCESSORS = 2 ;

  MODEL:

  %WITHIN%

  ! Latent state residual
  eta BY y1@1
  y2
  y3   (&1) ;

  ! Autoregressive effect on the latent state residual
  eta ON eta&1 ;

  ! Latent errors and latent state variances
  y1(o_err1) ;
  y2(o_err2) ;
  y3(o_err3) ;
  eta(s_var) ;

  %BETWEEN%

  ! Latent trait-indicator variables
  theta1 BY y1@1 ;
  theta2 BY y2@1 ;
  theta3 BY y3@1 ;

  ! Intercepts
  [y1*] ;
  [y2*] ;
  [y3*] ;

  ! Fixing means of latent trait-indicator variables at 0
  [theta1@0] ;
  [theta2@0] ;
  [theta3@0] ;

  ! Fixing level-2 variances at 0 and latent trait-indicator variances
  y1@0.001;
  y2@0.001;
  y3@0.001;
  theta1(t_var1) ;
  theta2(t_var2) ;
  theta3(t_var3) ;



INPUT READING TERMINATED NORMALLY



Your title goes here

SUMMARY OF ANALYSIS

Number of groups                                                 1
Number of observations                                        7500

Number of dependent variables                                    3
Number of independent variables                                  0
Number of continuous latent variables                            5

Observed dependent variables

  Continuous
   Y1          Y2          Y3

Continuous latent variables
   ETA         ETA&1       THETA1      THETA2      THETA3

Variables with special functions

  Cluster variable      SUBJN

Estimator                                                    BAYES
Specifications for Bayesian Estimation
  Point estimate                                            MEDIAN
  Number of Markov chain Monte Carlo (MCMC) chains               2
  Random seed for the first chain                                0
  Starting value information                           UNPERTURBED
  Treatment of categorical mediator                         LATENT
  Algorithm used for Markov chain Monte Carlo           GIBBS(PX1)
  Convergence criterion                                  0.500D-01
  Maximum number of iterations                               50000
  K-th iteration used for thinning                               1

Input data file(s)
  Mplus_files_Results/tso_long_n100_i3_nt75_na0.dat
Input data format  FREE


SUMMARY OF DATA

     Number of clusters                        100

       Size (s)    Cluster ID with Size s

         75        1 2 3 4 5 6 7 8 9 10 11 12 13 14 15 16 17 18 19 20 21
                   22 23 24 25 26 27 28 29 30 31 32 33 34 35 36 37 38 39
                   40 41 42 43 44 45 46 47 48 49 50 51 52 53 54 55 56 57
                   58 59 60 61 62 63 64 65 66 67 68 69 70 71 72 73 74 75
                   76 77 78 79 80 81 82 83 84 85 86 87 88 89 90 91 92 93
                   94 95 96 97 98 99 100



COVARIANCE COVERAGE OF DATA

Minimum covariance coverage value   0.100

     Number of missing data patterns             1


     PROPORTION OF DATA PRESENT


           Covariance Coverage
              Y1            Y2            Y3
              ________      ________      ________
 Y1             1.000
 Y2             1.000         1.000
 Y3             1.000         1.000         1.000



UNIVARIATE SAMPLE STATISTICS


     UNIVARIATE HIGHER-ORDER MOMENT DESCRIPTIVE STATISTICS

         Variable/         Mean/     Skewness/   Minimum/ % with                Percentiles
        Sample Size      Variance    Kurtosis    Maximum  Min/Max      20%/60%    40%/80%    Median

     Y1                    1.850      -0.010      -6.117    0.01%      -0.059      1.271      1.851
            7500.000       5.222      -0.025      11.000    0.01%       2.446      3.741
     Y2                    2.336      -0.066      -3.360    0.01%       1.071      1.989      2.360
            7500.000       2.305       0.007       7.870    0.01%       2.748      3.586
     Y3                    2.927       0.022      -7.699    0.01%       0.576      2.190      2.919
            7500.000       7.859      -0.028      13.733    0.01%       3.626      5.301


     THE CONVERGENCE CRITERION IS NOT SATISFIED.
     INCREASE THE MAXIMUM NUMBER OF ITERATIONS OR INCREASE
     THE CONVERGENCE CRITERION.






MODEL RESULTS

                    Estimate

Within Level

 ETA      BY
    Y1                 1.000
    Y2                 0.508
    Y3                 1.338

 ETA        ON
    ETA&1              0.495

 Residual Variances
    Y1                 1.067
    Y2                 0.511
    Y3                 1.437
    ETA                1.866

Between Level

 THETA1   BY
    Y1                 1.000

 THETA2   BY
    Y2                 1.000

 THETA3   BY
    Y3                 1.000

 THETA2   WITH
    THETA1             1.616

 THETA3   WITH
    THETA1             1.900
    THETA2             1.673

 Means
    THETA1             0.000
    THETA2             0.000
    THETA3             0.000

 Intercepts
    Y1                 1.924
    Y2                 2.403
    Y3                 3.100

 Variances
    THETA1             2.217
    THETA2             1.416
    THETA3             2.466

 Residual Variances
    Y1                 0.001
    Y2                 0.001
    Y3                 0.001


MODEL COMMAND WITH FINAL ESTIMATES USED AS STARTING VALUES

     %WITHIN%

     eta BY y1@1;
     eta BY y2*0.50847;
     eta BY y3*1.33761;

     eta ON eta&1*0.49544;

     y1*1.06658 (o_err1);
     y2*0.51138 (o_err2);
     y3*1.43653 (o_err3);
     eta*1.86625 (s_var);

     %BETWEEN%

     theta1 BY y1@1;
     theta2 BY y2@1;
     theta3 BY y3@1;

     theta2 WITH theta1*1.61636;
     theta3 WITH theta1*1.90030;
     theta3 WITH theta2*1.67269;

     [ y1*1.92395 ];
     [ y2*2.40347 ];
     [ y3*3.10023 ];
     [ theta1@0 ];
     [ theta2@0 ];
     [ theta3@0 ];

     y1@0.00100;
     y2@0.00100;
     y3@0.00100;
     theta1*2.21730 (t_var1);
     theta2*1.41574 (t_var2);
     theta3*2.46621 (t_var3);



     Beginning Time:  18:59:57
        Ending Time:  19:05:14
       Elapsed Time:  00:05:17



MUTHEN & MUTHEN
3463 Stoner Ave.
Los Angeles, CA  90066

Tel: (310) 391-9971
Fax: (310) 391-8971
Web: www.StatModel.com
Support: Support@StatModel.com

Copyright (c) 1998-2017 Muthen & Muthen
