Mplus VERSION 8
MUTHEN & MUTHEN
02/13/2019   4:03 PM

INPUT INSTRUCTIONS

  TITLE: Your title goes here
  DATA: FILE = "Mplus_files_Results/tso_wide_trunc_n100_i4_nt5_na0.2.dat";
  VARIABLE:
  NAMES = subjn y11 y21 y31 y41 y12 y22 y32 y42 y13 y23 y33 y43 y14 y24 y34 y44 y15
       y25 y35 y45;
  MISSING=.;
  USEVAR = y11
  y21
  y31
  y41
  y12
  y22
  y32
  y42
  y13
  y23
  y33
  y43
  y14
  y24
  y34
  y44
  y15
  y25
  y35
  y45 ;


  ANALYSIS:
  TYPE = GENERAL ;
  ESTIMATOR = BAYES ;
  ITERATIONS = 5000 ;
  H1ITERATIONS =  ;


  MODEL:

  ! Latent occasion variables
  occ1 BY y11@1
  y21 (las21)
  y31 (las31)
  y41 (las41) ;
  occ2 BY y12@1
  y22 (las21)
  y32 (las31)
  y42 (las41) ;
  occ3 BY y13@1
  y23 (las21)
  y33 (las31)
  y43 (las41) ;
  occ4 BY y14@1
  y24 (las21)
  y34 (las31)
  y44 (las41) ;
  occ5 BY y15@1
  y25 (las21)
  y35 (las31)
  y45 (las41) ;

  ! Latent trait variable or trait indicators
  theta1 BY y11@1
  y12@1
  y13@1
  y14@1
  y15@1 ;
  theta2 BY y21@1
  y22@1
  y23@1
  y24@1
  y25@1 ;
  theta3 BY y31@1
  y32@1
  y33@1
  y34@1
  y35@1 ;
  theta4 BY y41@1
  y42@1
  y43@1
  y44@1
  y45@1 ;

  ! Intercepts and means
  [y11*] (ins11) ;
  [y21*] (ins21) ;
  [y31*] (ins31) ;
  [y41*] (ins41) ;
  [y12*] (ins11) ;
  [y22*] (ins21) ;
  [y32*] (ins31) ;
  [y42*] (ins41) ;
  [y13*] (ins11) ;
  [y23*] (ins21) ;
  [y33*] (ins31) ;
  [y43*] (ins41) ;
  [y14*] (ins11) ;
  [y24*] (ins21) ;
  [y34*] (ins31) ;
  [y44*] (ins41) ;
  [y15*] (ins11) ;
  [y25*] (ins21) ;
  [y35*] (ins31) ;
  [y45*] (ins41) ;
  [occ1@0] ;
  [occ2@0] ;
  [occ3@0] ;
  [occ4@0] ;
  [occ5@0] ;

  ! Set 0 correlations
  occ1 WITH occ2@0
  occ3@0
  occ4@0
  occ5@0
  theta1@0
  theta2@0
  theta3@0
  theta4@0 ;
  occ2 WITH occ3@0
  occ4@0
  occ5@0
  theta1@0
  theta2@0
  theta3@0
  theta4@0 ;
  occ3 WITH occ4@0
  occ5@0
  theta1@0
  theta2@0
  theta3@0
  theta4@0 ;
  occ4 WITH occ5@0
  theta1@0
  theta2@0
  theta3@0
  theta4@0 ;
  occ5 WITH theta1@0
  theta2@0
  theta3@0
  theta4@0 ;

  ! autoregressive effects
  occ2 ON occ1 (beta1) ;
  occ3 ON occ2 (beta1) ;
  occ4 ON occ3 (beta1) ;
  occ5 ON occ4 (beta1) ;

  ! Variance components
  y11 (err11) ;
  y21 (err21) ;
  y31 (err31) ;
  y41 (err41) ;
  y12 (err11) ;
  y22 (err21) ;
  y32 (err31) ;
  y42 (err41) ;
  y13 (err11) ;
  y23 (err21) ;
  y33 (err31) ;
  y43 (err41) ;
  y14 (err11) ;
  y24 (err21) ;
  y34 (err31) ;
  y44 (err41) ;
  y15 (err11) ;
  y25 (err21) ;
  y35 (err31) ;
  y45 (err41) ;
  occ1 (oc_var1) ;
  occ2 (oc_var1) ;
  occ3 (oc_var1) ;
  occ4 (oc_var1) ;
  occ5 (oc_var1) ;
  theta1(t_var1) ;
  theta2(t_var2) ;
  theta3(t_var3) ;
  theta4(t_var4) ;



INPUT READING TERMINATED NORMALLY



Your title goes here

SUMMARY OF ANALYSIS

Number of groups                                                 1
Number of observations                                         100

Number of dependent variables                                   20
Number of independent variables                                  0
Number of continuous latent variables                            9

Observed dependent variables

  Continuous
   Y11         Y21         Y31         Y41         Y12         Y22
   Y32         Y42         Y13         Y23         Y33         Y43
   Y14         Y24         Y34         Y44         Y15         Y25
   Y35         Y45

Continuous latent variables
   OCC1        OCC2        OCC3        OCC4        OCC5        THETA1
   THETA2      THETA3      THETA4


Estimator                                                    BAYES
Specifications for Bayesian Estimation
  Point estimate                                            MEDIAN
  Number of Markov chain Monte Carlo (MCMC) chains               2
  Random seed for the first chain                                0
  Starting value information                           UNPERTURBED
  Treatment of categorical mediator                         LATENT
  Algorithm used for Markov chain Monte Carlo           GIBBS(PX1)
  Convergence criterion                                  0.500D-01
  Maximum number of iterations                               50000
  K-th iteration used for thinning                               1

Input data file(s)
  Mplus_files_Results/tso_wide_trunc_n100_i4_nt5_na0.2.dat
Input data format  FREE


SUMMARY OF DATA



COVARIANCE COVERAGE OF DATA

Minimum covariance coverage value   0.100

     Number of missing data patterns            99


     PROPORTION OF DATA PRESENT


           Covariance Coverage
              Y11           Y21           Y31           Y41           Y12
              ________      ________      ________      ________      ________
 Y11            0.740
 Y21            0.640         0.850
 Y31            0.570         0.660         0.760
 Y41            0.600         0.710         0.620         0.850
 Y12            0.600         0.650         0.610         0.710         0.800
 Y22            0.570         0.650         0.600         0.690         0.640
 Y32            0.610         0.740         0.620         0.710         0.650
 Y42            0.610         0.710         0.610         0.710         0.640
 Y13            0.590         0.710         0.650         0.720         0.680
 Y23            0.530         0.640         0.560         0.600         0.580
 Y33            0.530         0.640         0.550         0.630         0.590
 Y43            0.580         0.660         0.600         0.660         0.620
 Y14            0.620         0.700         0.640         0.710         0.680
 Y24            0.580         0.690         0.620         0.720         0.660
 Y34            0.620         0.680         0.590         0.670         0.680
 Y44            0.590         0.680         0.610         0.690         0.680
 Y15            0.570         0.650         0.540         0.620         0.580
 Y25            0.630         0.740         0.650         0.740         0.670
 Y35            0.640         0.730         0.640         0.710         0.690
 Y45            0.660         0.760         0.680         0.760         0.730


           Covariance Coverage
              Y22           Y32           Y42           Y13           Y23
              ________      ________      ________      ________      ________
 Y22            0.780
 Y32            0.650         0.830
 Y42            0.680         0.690         0.820
 Y13            0.650         0.690         0.690         0.840
 Y23            0.530         0.600         0.580         0.640         0.720
 Y33            0.590         0.620         0.630         0.610         0.510
 Y43            0.600         0.640         0.640         0.660         0.550
 Y14            0.660         0.690         0.680         0.700         0.590
 Y24            0.670         0.690         0.690         0.700         0.630
 Y34            0.620         0.660         0.650         0.690         0.590
 Y44            0.630         0.680         0.670         0.720         0.600
 Y15            0.570         0.620         0.640         0.650         0.570
 Y25            0.670         0.720         0.720         0.720         0.640
 Y35            0.640         0.690         0.700         0.700         0.590
 Y45            0.680         0.740         0.720         0.770         0.640


           Covariance Coverage
              Y33           Y43           Y14           Y24           Y34
              ________      ________      ________      ________      ________
 Y33            0.740
 Y43            0.590         0.780
 Y14            0.620         0.670         0.830
 Y24            0.600         0.640         0.690         0.830
 Y34            0.620         0.630         0.670         0.650         0.810
 Y44            0.600         0.660         0.680         0.680         0.660
 Y15            0.530         0.580         0.600         0.620         0.610
 Y25            0.670         0.670         0.700         0.720         0.700
 Y35            0.630         0.640         0.700         0.680         0.680
 Y45            0.670         0.710         0.770         0.740         0.760


           Covariance Coverage
              Y44           Y15           Y25           Y35           Y45
              ________      ________      ________      ________      ________
 Y44            0.820
 Y15            0.630         0.750
 Y25            0.680         0.620         0.860
 Y35            0.690         0.650         0.710         0.840
 Y45            0.750         0.670         0.760         0.740         0.900



UNIVARIATE SAMPLE STATISTICS


     UNIVARIATE HIGHER-ORDER MOMENT DESCRIPTIVE STATISTICS

         Variable/         Mean/     Skewness/   Minimum/ % with                Percentiles
        Sample Size      Variance    Kurtosis    Maximum  Min/Max      20%/60%    40%/80%    Median

     Y11                   1.527      -0.301      -5.000    1.35%       0.000      1.000      1.500
              74.000       3.925       0.542       6.000    1.35%       2.000      3.000
     Y21                   2.129       0.054      -2.000    1.18%       1.000      2.000      2.000
              85.000       2.089      -0.191       5.000    7.06%       2.000      3.000
     Y31                   2.645      -0.424      -5.000    1.32%       0.000      2.000      3.000
              76.000       8.097       0.040       9.000    1.32%       4.000      5.000
     Y41                   3.047      -0.265      -2.000    1.18%       1.000      3.000      3.000
              85.000       3.927      -0.673       7.000    2.35%       4.000      5.000
     Y12                   1.650       0.261      -3.000    3.75%       0.000      1.000      1.000
              80.000       4.627      -0.064       7.000    1.25%       2.000      3.000
     Y22                   2.103       0.044      -2.000    2.56%       1.000      2.000      2.000
              78.000       2.323       0.245       6.000    1.28%       2.000      3.000
     Y32                   2.494       0.384      -3.000    1.20%       0.000      1.000      2.000
              83.000       7.744      -0.378      10.000    1.20%       3.000      5.000
     Y42                   3.012      -0.036      -2.000    1.22%       1.000      3.000      3.000
              82.000       3.841      -0.101       8.000    1.22%       3.000      5.000
     Y13                   1.274       0.013      -5.000    1.19%       0.000      0.000      1.000
              84.000       5.413      -0.235       6.000    3.57%       1.000      4.000
     Y23                   1.681      -0.709      -4.000    1.39%       0.000      1.000      2.000
              72.000       2.245       1.248       4.000    9.72%       2.000      3.000
     Y33                   2.122       0.370      -3.000    2.70%       0.000      1.000      2.000
              74.000       5.593       0.052       9.000    1.35%       2.000      4.000
     Y43                   2.667       0.156      -1.000    2.56%       1.000      2.000      3.000
              78.000       3.453      -0.641       7.000    1.28%       3.000      4.000
     Y14                   1.542       0.324      -3.000    2.41%       0.000      1.000      2.000
              83.000       4.345       0.382       8.000    1.20%       2.000      3.000
     Y24                   2.012      -0.246      -1.000    2.41%       1.000      2.000      2.000
              83.000       1.723      -0.609       5.000    1.20%       3.000      3.000
     Y34                   2.519       0.348      -2.000    2.47%       0.000      2.000      3.000
              81.000       5.311      -0.450       8.000    2.47%       3.000      5.000
     Y44                   2.841       0.175       0.000   13.41%       1.000      3.000      3.000
              82.000       3.085      -0.060       8.000    1.22%       3.000      4.000
     Y15                   1.640       0.829      -1.000    9.33%       0.000      0.000      1.000
              75.000       4.124       0.104       8.000    1.33%       2.000      3.000
     Y25                   1.977       0.332       0.000   18.60%       1.000      1.000      2.000
              86.000       2.023      -0.507       6.000    1.16%       2.000      3.000
     Y35                   2.762       0.548      -2.000    2.38%       0.000      1.000      2.500
              84.000       6.539      -0.355       9.000    2.38%       3.000      5.000
     Y45                   3.100       0.334       0.000    8.89%       1.000      2.000      3.000
              90.000       3.712      -0.309       9.000    1.11%       4.000      5.000


THE MODEL ESTIMATION TERMINATED NORMALLY

     USE THE FBITERATIONS OPTION TO INCREASE THE NUMBER OF ITERATIONS BY A FACTOR
     OF AT LEAST TWO TO CHECK CONVERGENCE AND THAT THE PSR VALUE DOES NOT INCREASE.



MODEL FIT INFORMATION

Number of Free Parameters                              23

Bayesian Posterior Predictive Checking using Chi-Square

          95% Confidence Interval for the Difference Between
          the Observed and the Replicated Chi-Square Values

                                -55.091            50.451

          Posterior Predictive P-Value              0.539

Information Criteria

          Deviance (DIC)                         5562.135
          Estimated Number of Parameters (pD)      22.117
          Bayesian (BIC)                         5622.945



MODEL RESULTS

                                Posterior  One-Tailed         95% C.I.
                    Estimate       S.D.      P-Value   Lower 2.5%  Upper 2.5%  Significance

 OCC1     BY
    Y11                1.000       0.000      0.000       1.000       1.000
    Y21                0.548       0.053      0.000       0.459       0.670      *
    Y31                1.348       0.097      0.000       1.194       1.565      *
    Y41                0.827       0.070      0.000       0.707       0.995      *

 OCC2     BY
    Y12                1.000       0.000      0.000       1.000       1.000
    Y22                0.548       0.053      0.000       0.459       0.670      *
    Y32                1.348       0.097      0.000       1.194       1.565      *
    Y42                0.827       0.070      0.000       0.707       0.995      *

 OCC3     BY
    Y13                1.000       0.000      0.000       1.000       1.000
    Y23                0.548       0.053      0.000       0.459       0.670      *
    Y33                1.348       0.097      0.000       1.194       1.565      *
    Y43                0.827       0.070      0.000       0.707       0.995      *

 OCC4     BY
    Y14                1.000       0.000      0.000       1.000       1.000
    Y24                0.548       0.053      0.000       0.459       0.670      *
    Y34                1.348       0.097      0.000       1.194       1.565      *
    Y44                0.827       0.070      0.000       0.707       0.995      *

 OCC5     BY
    Y15                1.000       0.000      0.000       1.000       1.000
    Y25                0.548       0.053      0.000       0.459       0.670      *
    Y35                1.348       0.097      0.000       1.194       1.565      *
    Y45                0.827       0.070      0.000       0.707       0.995      *

 THETA1   BY
    Y11                1.000       0.000      0.000       1.000       1.000
    Y12                1.000       0.000      0.000       1.000       1.000
    Y13                1.000       0.000      0.000       1.000       1.000
    Y14                1.000       0.000      0.000       1.000       1.000
    Y15                1.000       0.000      0.000       1.000       1.000

 THETA2   BY
    Y21                1.000       0.000      0.000       1.000       1.000
    Y22                1.000       0.000      0.000       1.000       1.000
    Y23                1.000       0.000      0.000       1.000       1.000
    Y24                1.000       0.000      0.000       1.000       1.000
    Y25                1.000       0.000      0.000       1.000       1.000

 THETA3   BY
    Y31                1.000       0.000      0.000       1.000       1.000
    Y32                1.000       0.000      0.000       1.000       1.000
    Y33                1.000       0.000      0.000       1.000       1.000
    Y34                1.000       0.000      0.000       1.000       1.000
    Y35                1.000       0.000      0.000       1.000       1.000

 THETA4   BY
    Y41                1.000       0.000      0.000       1.000       1.000
    Y42                1.000       0.000      0.000       1.000       1.000
    Y43                1.000       0.000      0.000       1.000       1.000
    Y44                1.000       0.000      0.000       1.000       1.000
    Y45                1.000       0.000      0.000       1.000       1.000

 OCC2       ON
    OCC1               0.495       0.080      0.000       0.323       0.638      *

 OCC3       ON
    OCC2               0.495       0.080      0.000       0.323       0.638      *

 OCC4       ON
    OCC3               0.495       0.080      0.000       0.323       0.638      *

 OCC5       ON
    OCC4               0.495       0.080      0.000       0.323       0.638      *

 OCC1     WITH
    OCC2               0.000       0.000      1.000       0.000       0.000
    OCC3               0.000       0.000      1.000       0.000       0.000
    OCC4               0.000       0.000      1.000       0.000       0.000
    OCC5               0.000       0.000      1.000       0.000       0.000
    THETA1             0.000       0.000      1.000       0.000       0.000
    THETA2             0.000       0.000      1.000       0.000       0.000
    THETA3             0.000       0.000      1.000       0.000       0.000
    THETA4             0.000       0.000      1.000       0.000       0.000

 OCC2     WITH
    OCC3               0.000       0.000      1.000       0.000       0.000
    OCC4               0.000       0.000      1.000       0.000       0.000
    OCC5               0.000       0.000      1.000       0.000       0.000
    THETA1             0.000       0.000      1.000       0.000       0.000
    THETA2             0.000       0.000      1.000       0.000       0.000
    THETA3             0.000       0.000      1.000       0.000       0.000
    THETA4             0.000       0.000      1.000       0.000       0.000

 OCC3     WITH
    OCC4               0.000       0.000      1.000       0.000       0.000
    OCC5               0.000       0.000      1.000       0.000       0.000
    THETA1             0.000       0.000      1.000       0.000       0.000
    THETA2             0.000       0.000      1.000       0.000       0.000
    THETA3             0.000       0.000      1.000       0.000       0.000
    THETA4             0.000       0.000      1.000       0.000       0.000

 OCC4     WITH
    OCC5               0.000       0.000      1.000       0.000       0.000
    THETA1             0.000       0.000      1.000       0.000       0.000
    THETA2             0.000       0.000      1.000       0.000       0.000
    THETA3             0.000       0.000      1.000       0.000       0.000
    THETA4             0.000       0.000      1.000       0.000       0.000

 OCC5     WITH
    THETA1             0.000       0.000      1.000       0.000       0.000
    THETA2             0.000       0.000      1.000       0.000       0.000
    THETA3             0.000       0.000      1.000       0.000       0.000
    THETA4             0.000       0.000      1.000       0.000       0.000

 THETA2   WITH
    THETA1             1.308       0.335      0.000       0.778       2.085      *

 THETA3   WITH
    THETA1             1.783       0.571      0.000       0.830       3.122      *
    THETA2             1.263       0.373      0.000       0.666       2.142      *

 THETA4   WITH
    THETA1             1.657       0.453      0.000       0.911       2.675      *
    THETA2             1.217       0.308      0.000       0.745       1.955      *
    THETA3             1.454       0.508      0.000       0.618       2.629      *

 Means
    OCC1               0.000       0.000      1.000       0.000       0.000

 Intercepts
    Y11                1.730       0.167      0.000       1.339       2.009      *
    Y21                2.102       0.120      0.000       1.858       2.328      *
    Y31                2.773       0.199      0.000       2.304       3.138      *
    Y41                3.070       0.147      0.000       2.774       3.355      *
    Y12                1.730       0.167      0.000       1.339       2.009      *
    Y22                2.102       0.120      0.000       1.858       2.328      *
    Y32                2.773       0.199      0.000       2.304       3.138      *
    Y42                3.070       0.147      0.000       2.774       3.355      *
    Y13                1.730       0.167      0.000       1.339       2.009      *
    Y23                2.102       0.120      0.000       1.858       2.328      *
    Y33                2.773       0.199      0.000       2.304       3.138      *
    Y43                3.070       0.147      0.000       2.774       3.355      *
    Y14                1.730       0.167      0.000       1.339       2.009      *
    Y24                2.102       0.120      0.000       1.858       2.328      *
    Y34                2.773       0.199      0.000       2.304       3.138      *
    Y44                3.070       0.147      0.000       2.774       3.355      *
    Y15                1.730       0.167      0.000       1.339       2.009      *
    Y25                2.102       0.120      0.000       1.858       2.328      *
    Y35                2.773       0.199      0.000       2.304       3.138      *
    Y45                3.070       0.147      0.000       2.774       3.355      *
    OCC2               0.000       0.000      1.000       0.000       0.000
    OCC3               0.000       0.000      1.000       0.000       0.000
    OCC4               0.000       0.000      1.000       0.000       0.000
    OCC5               0.000       0.000      1.000       0.000       0.000

 Variances
    OCC1               1.661       0.231      0.000       1.206       2.128      *
    THETA1             1.979       0.527      0.000       1.129       3.166      *
    THETA2             1.137       0.257      0.000       0.762       1.739      *
    THETA3             2.362       0.712      0.000       1.268       4.089      *
    THETA4             1.828       0.439      0.000       1.142       2.852      *

 Residual Variances
    Y11                0.885       0.107      0.000       0.680       1.105      *
    Y21                0.558       0.054      0.000       0.452       0.667      *
    Y31                1.247       0.181      0.000       0.936       1.615      *
    Y41                0.744       0.083      0.000       0.587       0.912      *
    Y12                0.885       0.107      0.000       0.680       1.105      *
    Y22                0.558       0.054      0.000       0.452       0.667      *
    Y32                1.247       0.181      0.000       0.936       1.615      *
    Y42                0.744       0.083      0.000       0.587       0.912      *
    Y13                0.885       0.107      0.000       0.680       1.105      *
    Y23                0.558       0.054      0.000       0.452       0.667      *
    Y33                1.247       0.181      0.000       0.936       1.615      *
    Y43                0.744       0.083      0.000       0.587       0.912      *
    Y14                0.885       0.107      0.000       0.680       1.105      *
    Y24                0.558       0.054      0.000       0.452       0.667      *
    Y34                1.247       0.181      0.000       0.936       1.615      *
    Y44                0.744       0.083      0.000       0.587       0.912      *
    Y15                0.885       0.107      0.000       0.680       1.105      *
    Y25                0.558       0.054      0.000       0.452       0.667      *
    Y35                1.247       0.181      0.000       0.936       1.615      *
    Y45                0.744       0.083      0.000       0.587       0.912      *
    OCC2               1.661       0.231      0.000       1.206       2.128      *
    OCC3               1.661       0.231      0.000       1.206       2.128      *
    OCC4               1.661       0.231      0.000       1.206       2.128      *
    OCC5               1.661       0.231      0.000       1.206       2.128      *


     Beginning Time:  16:03:40
        Ending Time:  16:03:42
       Elapsed Time:  00:00:02



MUTHEN & MUTHEN
3463 Stoner Ave.
Los Angeles, CA  90066

Tel: (310) 391-9971
Fax: (310) 391-8971
Web: www.StatModel.com
Support: Support@StatModel.com

Copyright (c) 1998-2017 Muthen & Muthen
