Mplus VERSION 8
MUTHEN & MUTHEN
02/19/2019  10:50 AM

INPUT INSTRUCTIONS

  TITLE: Your title goes here
  DATA: FILE = "Mplus_files_Results/tso_long_trunc_n500_i3_nt15_na0.1.dat";
  VARIABLE:
  NAMES = subjn time y1 y2 y3;
  MISSING=.;
  USEVAR = y1
  y2
  y3 ;
  CLUSTER = subjn ;

  ANALYSIS:
  TYPE = TWOLEVEL ;
  ESTIMATOR = BAYES ;
  BITERATIONS = (5000) ;

  PROCESSORS = 2 ;

  MODEL:

  %WITHIN%

  ! Latent state residual
  eta BY y1@1
  y2
  y3   (&1) ;

  ! Autoregressive effect on the latent state residual
  eta ON eta&1 ;

  ! Latent errors and latent state variances
  y1(o_err1) ;
  y2(o_err2) ;
  y3(o_err3) ;
  eta(s_var) ;

  %BETWEEN%

  ! Latent trait-indicator variables
  theta1 BY y1@1 ;
  theta2 BY y2@1 ;
  theta3 BY y3@1 ;

  ! Intercepts
  [y1*] ;
  [y2*] ;
  [y3*] ;

  ! Fixing means of latent trait-indicator variables at 0
  [theta1@0] ;
  [theta2@0] ;
  [theta3@0] ;

  ! Fixing level-2 variances at 0 and latent trait-indicator variances
  y1@0.001;
  y2@0.001;
  y3@0.001;
  theta1(t_var1) ;
  theta2(t_var2) ;
  theta3(t_var3) ;



*** WARNING
  Data set contains cases with missing on all variables.  Cases that appeared before the first
  case with observed data and that appeared after the last case with observed data were not
  included in the analysis.  Number of deleted cases:  2
   1 WARNING(S) FOUND IN THE INPUT INSTRUCTIONS



Your title goes here

SUMMARY OF ANALYSIS

Number of groups                                                 1
Number of observations                                        7498

Number of dependent variables                                    3
Number of independent variables                                  0
Number of continuous latent variables                            5

Observed dependent variables

  Continuous
   Y1          Y2          Y3

Continuous latent variables
   ETA         ETA&1       THETA1      THETA2      THETA3

Variables with special functions

  Cluster variable      SUBJN

Estimator                                                    BAYES
Specifications for Bayesian Estimation
  Point estimate                                            MEDIAN
  Number of Markov chain Monte Carlo (MCMC) chains               2
  Random seed for the first chain                                0
  Starting value information                           UNPERTURBED
  Treatment of categorical mediator                         LATENT
  Algorithm used for Markov chain Monte Carlo           GIBBS(PX1)
  Convergence criterion                                  0.500D-01
  Maximum number of iterations                               50000
  K-th iteration used for thinning                               1

Input data file(s)
  Mplus_files_Results/tso_long_trunc_n500_i3_nt15_na0.1.dat
Input data format  FREE


SUMMARY OF DATA

     Number of clusters                        500

       Size (s)    Cluster ID with Size s

         14        18 185
         15        3 4 5 6 7 8 9 10 11 12 13 14 15 16 17 1 19 20 21 22
                   23 24 25 26 27 28 29 30 31 32 33 34 35 36 37 38 39 40
                   41 42 43 44 45 46 47 48 49 50 51 52 53 54 55 56 57 58
                   59 60 61 62 63 64 65 66 67 68 69 70 71 72 73 74 75 76
                   77 78 79 80 81 82 83 84 85 86 87 88 89 90 91 92 93 94
                   95 96 97 98 99 100 101 102 103 104 105 106 107 108 109
                   110 111 112 113 114 115 116 117 118 119 120 121 122
                   123 124 125 126 127 128 129 130 131 132 133 134 135
                   136 137 138 139 140 141 142 143 144 145 146 147 148
                   149 150 151 152 153 154 155 156 157 158 159 160 161
                   162 163 164 165 166 167 168 169 170 171 172 173 174
                   175 176 177 178 179 180 181 182 183 184 2 186 187 188
                   189 190 191 192 193 194 195 196 197 198 199 200 201
                   202 203 204 205 206 207 208 209 210 211 212 213 214
                   215 216 217 218 219 220 221 222 223 224 225 226 227
                   228 229 230 231 232 233 234 235 236 237 238 239 240
                   241 242 243 244 245 246 247 248 249 250 251 252 253
                   254 255 256 257 258 259 260 261 262 263 264 265 266
                   267 268 269 270 271 272 273 274 275 276 277 278 279
                   280 281 282 283 284 285 286 287 288 289 290 291 292
                   293 294 295 296 297 298 299 300 301 302 303 304 305
                   306 307 308 309 310 311 312 313 314 315 316 317 318
                   319 320 321 322 323 324 325 326 327 328 329 330 331
                   332 333 334 335 336 337 338 339 340 341 342 343 344
                   345 346 347 348 349 350 351 352 353 354 355 356 357
                   358 359 360 361 362 363 364 365 366 367 368 369 370
                   371 372 373 374 375 376 377 378 379 380 381 382 383
                   384 385 386 387 388 389 390 391 392 393 394 395 396
                   397 398 399 400 401 402 403 404 405 406 407 408 409
                   410 411 412 413 414 415 416 417 418 419 420 421 422
                   423 424 425 426 427 428 429 430 431 432 433 434 435
                   436 437 438 439 440 441 442 443 444 445 446 447 448
                   449 450 451 452 453 454 455 456 457 458 459 460 461
                   462 463 464 465 466 467 468 469 470 471 472 473 474
                   475 476 477 478 479 480 481 482 483 484 485 486 487
                   488 489 490 491 492 493 494 495 496 497 498 499 500



COVARIANCE COVERAGE OF DATA

Minimum covariance coverage value   0.100

     Number of missing data patterns             8


     PROPORTION OF DATA PRESENT


           Covariance Coverage
              Y1            Y2            Y3
              ________      ________      ________
 Y1             0.900
 Y2             0.813         0.901
 Y3             0.807         0.808         0.897



UNIVARIATE SAMPLE STATISTICS


     UNIVARIATE HIGHER-ORDER MOMENT DESCRIPTIVE STATISTICS

         Variable/         Mean/     Skewness/   Minimum/ % with                Percentiles
        Sample Size      Variance    Kurtosis    Maximum  Min/Max      20%/60%    40%/80%    Median

     Y1                    1.649       0.238      -6.000    0.01%       0.000      1.000      1.000
            6751.000       4.467       0.119      10.000    0.04%       2.000      3.000
     Y2                    2.005       0.332      -3.000    0.01%       1.000      2.000      2.000
            6759.000       2.307      -0.232       8.000    0.04%       2.000      3.000
     Y3                    2.607       0.263      -7.000    0.01%       0.000      2.000      2.000
            6725.000       6.912      -0.058      12.000    0.07%       3.000      5.000


THE MODEL ESTIMATION TERMINATED NORMALLY

     USE THE FBITERATIONS OPTION TO INCREASE THE NUMBER OF ITERATIONS BY A FACTOR
     OF AT LEAST TWO TO CHECK CONVERGENCE AND THAT THE PSR VALUE DOES NOT INCREASE.



MODEL FIT INFORMATION

Number of Free Parameters                              16

Information Criteria

          Deviance (DIC)                        61035.735
          Estimated Number of Parameters (pD)    6576.226



MODEL RESULTS

                                Posterior  One-Tailed         95% C.I.
                    Estimate       S.D.      P-Value   Lower 2.5%  Upper 2.5%  Significance

Within Level

 ETA      BY
    Y1                 1.000       0.000      0.000       1.000       1.000
    Y2                 0.515       0.010      0.000       0.496       0.535      *
    Y3                 1.320       0.022      0.000       1.278       1.365      *

 ETA        ON
    ETA&1              0.492       0.016      0.000       0.461       0.524      *

 Residual Variances
    Y1                 0.880       0.028      0.000       0.825       0.935      *
    Y2                 0.521       0.011      0.000       0.499       0.543      *
    Y3                 1.412       0.050      0.000       1.310       1.504      *
    ETA                1.544       0.045      0.000       1.459       1.636      *

Between Level

 THETA1   BY
    Y1                 1.000       0.000      0.000       1.000       1.000

 THETA2   BY
    Y2                 1.000       0.000      0.000       1.000       1.000

 THETA3   BY
    Y3                 1.000       0.000      0.000       1.000       1.000

 THETA2   WITH
    THETA1             1.293       0.101      0.000       1.116       1.510      *

 THETA3   WITH
    THETA1             1.442       0.141      0.000       1.199       1.743      *
    THETA2             1.452       0.118      0.000       1.243       1.705      *

 Means
    THETA1             0.000       0.000      1.000       0.000       0.000
    THETA2             0.000       0.000      1.000       0.000       0.000
    THETA3             0.000       0.000      1.000       0.000       0.000

 Intercepts
    Y1                 1.597       0.026      0.000       1.548       1.646      *
    Y2                 1.949       0.026      0.000       1.907       2.011      *
    Y3                 2.516       0.040      0.000       2.461       2.618      *

 Variances
    THETA1             1.605       0.131      0.000       1.372       1.883      *
    THETA2             1.276       0.090      0.000       1.116       1.472      *
    THETA3             2.015       0.183      0.000       1.700       2.397      *

 Residual Variances
    Y1                 0.001       0.000      0.000       0.001       0.001
    Y2                 0.001       0.000      0.000       0.001       0.001
    Y3                 0.001       0.000      0.000       0.001       0.001


     Beginning Time:  10:50:23
        Ending Time:  10:51:03
       Elapsed Time:  00:00:40



MUTHEN & MUTHEN
3463 Stoner Ave.
Los Angeles, CA  90066

Tel: (310) 391-9971
Fax: (310) 391-8971
Web: www.StatModel.com
Support: Support@StatModel.com

Copyright (c) 1998-2017 Muthen & Muthen
