Mplus VERSION 8
MUTHEN & MUTHEN
02/19/2019  12:23 AM

INPUT INSTRUCTIONS

  TITLE: Your title goes here
  DATA: FILE = "Mplus_files_Results/tso_long_n500_i5_nt90_na0.dat";
  VARIABLE:
  NAMES = subjn time y1 y2 y3 y4 y5;
  MISSING=.;
  USEVAR = y1
  y2
  y3
  y4
  y5 ;
  CLUSTER = subjn ;

  ANALYSIS:
  TYPE = TWOLEVEL ;
  ESTIMATOR = BAYES ;
  BITERATIONS = (5000) ;

  PROCESSORS = 2 ;

  MODEL:

  %WITHIN%

  ! Latent state residual
  eta BY y1@1
  y2
  y3
  y4
  y5   (&1) ;

  ! Autoregressive effect on the latent state residual
  eta ON eta&1 ;

  ! Latent errors and latent state variances
  y1(o_err1) ;
  y2(o_err2) ;
  y3(o_err3) ;
  y4(o_err4) ;
  y5(o_err5) ;
  eta(s_var) ;

  %BETWEEN%

  ! Latent trait-indicator variables
  theta1 BY y1@1 ;
  theta2 BY y2@1 ;
  theta3 BY y3@1 ;
  theta4 BY y4@1 ;
  theta5 BY y5@1 ;

  ! Intercepts
  [y1*] ;
  [y2*] ;
  [y3*] ;
  [y4*] ;
  [y5*] ;

  ! Fixing means of latent trait-indicator variables at 0
  [theta1@0] ;
  [theta2@0] ;
  [theta3@0] ;
  [theta4@0] ;
  [theta5@0] ;

  ! Fixing level-2 variances at 0 and latent trait-indicator variances
  y1@0.001;
  y2@0.001;
  y3@0.001;
  y4@0.001;
  y5@0.001;
  theta1(t_var1) ;
  theta2(t_var2) ;
  theta3(t_var3) ;
  theta4(t_var4) ;
  theta5(t_var5) ;



INPUT READING TERMINATED NORMALLY



Your title goes here

SUMMARY OF ANALYSIS

Number of groups                                                 1
Number of observations                                       45000

Number of dependent variables                                    5
Number of independent variables                                  0
Number of continuous latent variables                            7

Observed dependent variables

  Continuous
   Y1          Y2          Y3          Y4          Y5

Continuous latent variables
   ETA         ETA&1       THETA1      THETA2      THETA3      THETA4
   THETA5

Variables with special functions

  Cluster variable      SUBJN

Estimator                                                    BAYES
Specifications for Bayesian Estimation
  Point estimate                                            MEDIAN
  Number of Markov chain Monte Carlo (MCMC) chains               2
  Random seed for the first chain                                0
  Starting value information                           UNPERTURBED
  Treatment of categorical mediator                         LATENT
  Algorithm used for Markov chain Monte Carlo           GIBBS(PX1)
  Convergence criterion                                  0.500D-01
  Maximum number of iterations                               50000
  K-th iteration used for thinning                               1

Input data file(s)
  Mplus_files_Results/tso_long_n500_i5_nt90_na0.dat
Input data format  FREE


SUMMARY OF DATA

     Number of clusters                        500

       Size (s)    Cluster ID with Size s

         90        1 2 3 4 5 6 7 8 9 10 11 12 13 14 15 16 17 18 19 20 21
                   22 23 24 25 26 27 28 29 30 31 32 33 34 35 36 37 38 39
                   40 41 42 43 44 45 46 47 48 49 50 51 52 53 54 55 56 57
                   58 59 60 61 62 63 64 65 66 67 68 69 70 71 72 73 74 75
                   76 77 78 79 80 81 82 83 84 85 86 87 88 89 90 91 92 93
                   94 95 96 97 98 99 100 101 102 103 104 105 106 107 108
                   109 110 111 112 113 114 115 116 117 118 119 120 121
                   122 123 124 125 126 127 128 129 130 131 132 133 134
                   135 136 137 138 139 140 141 142 143 144 145 146 147
                   148 149 150 151 152 153 154 155 156 157 158 159 160
                   161 162 163 164 165 166 167 168 169 170 171 172 173
                   174 175 176 177 178 179 180 181 182 183 184 185 186
                   187 188 189 190 191 192 193 194 195 196 197 198 199
                   200 201 202 203 204 205 206 207 208 209 210 211 212
                   213 214 215 216 217 218 219 220 221 222 223 224 225
                   226 227 228 229 230 231 232 233 234 235 236 237 238
                   239 240 241 242 243 244 245 246 247 248 249 250 251
                   252 253 254 255 256 257 258 259 260 261 262 263 264
                   265 266 267 268 269 270 271 272 273 274 275 276 277
                   278 279 280 281 282 283 284 285 286 287 288 289 290
                   291 292 293 294 295 296 297 298 299 300 301 302 303
                   304 305 306 307 308 309 310 311 312 313 314 315 316
                   317 318 319 320 321 322 323 324 325 326 327 328 329
                   330 331 332 333 334 335 336 337 338 339 340 341 342
                   343 344 345 346 347 348 349 350 351 352 353 354 355
                   356 357 358 359 360 361 362 363 364 365 366 367 368
                   369 370 371 372 373 374 375 376 377 378 379 380 381
                   382 383 384 385 386 387 388 389 390 391 392 393 394
                   395 396 397 398 399 400 401 402 403 404 405 406 407
                   408 409 410 411 412 413 414 415 416 417 418 419 420
                   421 422 423 424 425 426 427 428 429 430 431 432 433
                   434 435 436 437 438 439 440 441 442 443 444 445 446
                   447 448 449 450 451 452 453 454 455 456 457 458 459
                   460 461 462 463 464 465 466 467 468 469 470 471 472
                   473 474 475 476 477 478 479 480 481 482 483 484 485
                   486 487 488 489 490 491 492 493 494 495 496 497 498
                   499 500



COVARIANCE COVERAGE OF DATA

Minimum covariance coverage value   0.100

     Number of missing data patterns             1


     PROPORTION OF DATA PRESENT


           Covariance Coverage
              Y1            Y2            Y3            Y4            Y5
              ________      ________      ________      ________      ________
 Y1             1.000
 Y2             1.000         1.000
 Y3             1.000         1.000         1.000
 Y4             1.000         1.000         1.000         1.000
 Y5             1.000         1.000         1.000         1.000         1.000



UNIVARIATE SAMPLE STATISTICS


     UNIVARIATE HIGHER-ORDER MOMENT DESCRIPTIVE STATISTICS

         Variable/         Mean/     Skewness/   Minimum/ % with                Percentiles
        Sample Size      Variance    Kurtosis    Maximum  Min/Max      20%/60%    40%/80%    Median

     Y1                    1.938      -0.002      -6.864    0.00%      -0.084      1.335      1.952
           45000.000       5.607      -0.072      11.417    0.00%       2.544      3.940
     Y2                    2.477      -0.036      -4.190    0.00%       1.102      2.064      2.485
           45000.000       2.641      -0.096       8.569    0.00%       2.906      3.867
     Y3                    2.954       0.004      -8.926    0.00%       0.498      2.212      2.947
           45000.000       8.508       0.000      14.012    0.00%       3.681      5.419
     Y4                    3.423       0.007      -4.388    0.00%       1.708      2.904      3.426
           45000.000       4.153       0.010      11.816    0.00%       3.928      5.131
     Y5                    3.937       0.016      -6.820    0.00%       1.801      3.310      3.936
           45000.000       6.458       0.052      15.026    0.00%       4.559      6.062


     THE CONVERGENCE CRITERION IS NOT SATISFIED.
     INCREASE THE MAXIMUM NUMBER OF ITERATIONS OR INCREASE
     THE CONVERGENCE CRITERION.






MODEL RESULTS

                    Estimate

Within Level

 ETA      BY
    Y1                 1.000
    Y2                 0.494
    Y3                 1.291
    Y4                 0.801
    Y5                 1.094

 ETA        ON
    ETA&1              0.506

 Residual Variances
    Y1                 0.995
    Y2                 0.506
    Y3                 1.507
    Y4                 0.812
    Y5                 1.220
    ETA                2.002

Between Level

 THETA1   BY
    Y1                 1.000

 THETA2   BY
    Y2                 1.000

 THETA3   BY
    Y3                 1.000

 THETA4   BY
    Y4                 1.000

 THETA5   BY
    Y5                 1.000

 THETA2   WITH
    THETA1             1.635

 THETA3   WITH
    THETA1             1.910
    THETA2             1.852

 THETA4   WITH
    THETA1             1.275
    THETA2             1.305
    THETA3             1.760

 THETA5   WITH
    THETA1             1.448
    THETA2             1.211
    THETA3             1.821
    THETA4             1.336

 Means
    THETA1             0.000
    THETA2             0.000
    THETA3             0.000
    THETA4             0.000
    THETA5             0.000

 Intercepts
    Y1                 1.913
    Y2                 2.444
    Y3                 2.908
    Y4                 3.405
    Y5                 3.929

 Variances
    THETA1             2.146
    THETA2             1.550
    THETA3             2.663
    THETA4             1.721
    THETA5             2.037

 Residual Variances
    Y1                 0.001
    Y2                 0.001
    Y3                 0.001
    Y4                 0.001
    Y5                 0.001


MODEL COMMAND WITH FINAL ESTIMATES USED AS STARTING VALUES

     %WITHIN%

     eta BY y1@1;
     eta BY y2*0.49432;
     eta BY y3*1.29071;
     eta BY y4*0.80063;
     eta BY y5*1.09366;

     eta ON eta&1*0.50609;

     y1*0.99465 (o_err1);
     y2*0.50566 (o_err2);
     y3*1.50700 (o_err3);
     y4*0.81172 (o_err4);
     y5*1.21997 (o_err5);
     eta*2.00160 (s_var);

     %BETWEEN%

     theta1 BY y1@1;
     theta2 BY y2@1;
     theta3 BY y3@1;
     theta4 BY y4@1;
     theta5 BY y5@1;

     theta2 WITH theta1*1.63499;
     theta3 WITH theta1*1.91027;
     theta3 WITH theta2*1.85247;
     theta4 WITH theta1*1.27470;
     theta4 WITH theta2*1.30508;
     theta4 WITH theta3*1.75983;
     theta5 WITH theta1*1.44807;
     theta5 WITH theta2*1.21060;
     theta5 WITH theta3*1.82125;
     theta5 WITH theta4*1.33554;

     [ y1*1.91305 ];
     [ y2*2.44384 ];
     [ y3*2.90806 ];
     [ y4*3.40540 ];
     [ y5*3.92884 ];
     [ theta1@0 ];
     [ theta2@0 ];
     [ theta3@0 ];
     [ theta4@0 ];
     [ theta5@0 ];

     y1@0.00100;
     y2@0.00100;
     y3@0.00100;
     y4@0.00100;
     y5@0.00100;
     theta1*2.14580 (t_var1);
     theta2*1.54953 (t_var2);
     theta3*2.66280 (t_var3);
     theta4*1.72071 (t_var4);
     theta5*2.03670 (t_var5);



     Beginning Time:  00:23:23
        Ending Time:  00:53:27
       Elapsed Time:  00:30:04



MUTHEN & MUTHEN
3463 Stoner Ave.
Los Angeles, CA  90066

Tel: (310) 391-9971
Fax: (310) 391-8971
Web: www.StatModel.com
Support: Support@StatModel.com

Copyright (c) 1998-2017 Muthen & Muthen
