Mplus VERSION 8
MUTHEN & MUTHEN
02/16/2019   4:24 AM

INPUT INSTRUCTIONS

  TITLE: Your title goes here
  DATA: FILE = "Mplus_files_Results/tso_wide_trunc_n50_i4_nt15_na0.dat";
  VARIABLE:
  NAMES = subjn y11 y21 y31 y41 y12 y22 y32 y42 y13 y23 y33 y43 y14 y24 y34 y44 y15
       y25 y35 y45 y16 y26 y36 y46 y17 y27 y37 y47 y18 y28 y38 y48 y19 y29 y39 y49
       y110 y210 y310 y410 y111 y211 y311 y411 y112 y212 y312 y412 y113 y213 y313 y413
       y114 y214 y314 y414 y115 y215 y315 y415;
  MISSING=.;
  USEVAR = y11
  y21
  y31
  y41
  y12
  y22
  y32
  y42
  y13
  y23
  y33
  y43
  y14
  y24
  y34
  y44
  y15
  y25
  y35
  y45
  y16
  y26
  y36
  y46
  y17
  y27
  y37
  y47
  y18
  y28
  y38
  y48
  y19
  y29
  y39
  y49
  y110
  y210
  y310
  y410
  y111
  y211
  y311
  y411
  y112
  y212
  y312
  y412
  y113
  y213
  y313
  y413
  y114
  y214
  y314
  y414
  y115
  y215
  y315
  y415 ;


  ANALYSIS:
  TYPE = GENERAL ;
  ESTIMATOR = BAYES ;
  BITERATIONS = (5000) ;

  PROCESSORS = 2 ;

  MODEL:

  ! Latent occasion variables
  occ1 BY y11@1
  y21 (las21)
  y31 (las31)
  y41 (las41) ;
  occ2 BY y12@1
  y22 (las21)
  y32 (las31)
  y42 (las41) ;
  occ3 BY y13@1
  y23 (las21)
  y33 (las31)
  y43 (las41) ;
  occ4 BY y14@1
  y24 (las21)
  y34 (las31)
  y44 (las41) ;
  occ5 BY y15@1
  y25 (las21)
  y35 (las31)
  y45 (las41) ;
  occ6 BY y16@1
  y26 (las21)
  y36 (las31)
  y46 (las41) ;
  occ7 BY y17@1
  y27 (las21)
  y37 (las31)
  y47 (las41) ;
  occ8 BY y18@1
  y28 (las21)
  y38 (las31)
  y48 (las41) ;
  occ9 BY y19@1
  y29 (las21)
  y39 (las31)
  y49 (las41) ;
  occ10 BY y110@1
  y210 (las21)
  y310 (las31)
  y410 (las41) ;
  occ11 BY y111@1
  y211 (las21)
  y311 (las31)
  y411 (las41) ;
  occ12 BY y112@1
  y212 (las21)
  y312 (las31)
  y412 (las41) ;
  occ13 BY y113@1
  y213 (las21)
  y313 (las31)
  y413 (las41) ;
  occ14 BY y114@1
  y214 (las21)
  y314 (las31)
  y414 (las41) ;
  occ15 BY y115@1
  y215 (las21)
  y315 (las31)
  y415 (las41) ;

  ! Latent trait variable or trait indicators
  theta1 BY y11@1
  y12@1
  y13@1
  y14@1
  y15@1
  y16@1
  y17@1
  y18@1
  y19@1
  y110@1
  y111@1
  y112@1
  y113@1
  y114@1
  y115@1 ;
  theta2 BY y21@1
  y22@1
  y23@1
  y24@1
  y25@1
  y26@1
  y27@1
  y28@1
  y29@1
  y210@1
  y211@1
  y212@1
  y213@1
  y214@1
  y215@1 ;
  theta3 BY y31@1
  y32@1
  y33@1
  y34@1
  y35@1
  y36@1
  y37@1
  y38@1
  y39@1
  y310@1
  y311@1
  y312@1
  y313@1
  y314@1
  y315@1 ;
  theta4 BY y41@1
  y42@1
  y43@1
  y44@1
  y45@1
  y46@1
  y47@1
  y48@1
  y49@1
  y410@1
  y411@1
  y412@1
  y413@1
  y414@1
  y415@1 ;

  ! Intercepts and means
  [y11*] (ins11) ;
  [y21*] (ins21) ;
  [y31*] (ins31) ;
  [y41*] (ins41) ;
  [y12*] (ins11) ;
  [y22*] (ins21) ;
  [y32*] (ins31) ;
  [y42*] (ins41) ;
  [y13*] (ins11) ;
  [y23*] (ins21) ;
  [y33*] (ins31) ;
  [y43*] (ins41) ;
  [y14*] (ins11) ;
  [y24*] (ins21) ;
  [y34*] (ins31) ;
  [y44*] (ins41) ;
  [y15*] (ins11) ;
  [y25*] (ins21) ;
  [y35*] (ins31) ;
  [y45*] (ins41) ;
  [y16*] (ins11) ;
  [y26*] (ins21) ;
  [y36*] (ins31) ;
  [y46*] (ins41) ;
  [y17*] (ins11) ;
  [y27*] (ins21) ;
  [y37*] (ins31) ;
  [y47*] (ins41) ;
  [y18*] (ins11) ;
  [y28*] (ins21) ;
  [y38*] (ins31) ;
  [y48*] (ins41) ;
  [y19*] (ins11) ;
  [y29*] (ins21) ;
  [y39*] (ins31) ;
  [y49*] (ins41) ;
  [y110*] (ins11) ;
  [y210*] (ins21) ;
  [y310*] (ins31) ;
  [y410*] (ins41) ;
  [y111*] (ins11) ;
  [y211*] (ins21) ;
  [y311*] (ins31) ;
  [y411*] (ins41) ;
  [y112*] (ins11) ;
  [y212*] (ins21) ;
  [y312*] (ins31) ;
  [y412*] (ins41) ;
  [y113*] (ins11) ;
  [y213*] (ins21) ;
  [y313*] (ins31) ;
  [y413*] (ins41) ;
  [y114*] (ins11) ;
  [y214*] (ins21) ;
  [y314*] (ins31) ;
  [y414*] (ins41) ;
  [y115*] (ins11) ;
  [y215*] (ins21) ;
  [y315*] (ins31) ;
  [y415*] (ins41) ;
  [occ1@0] ;
  [occ2@0] ;
  [occ3@0] ;
  [occ4@0] ;
  [occ5@0] ;
  [occ6@0] ;
  [occ7@0] ;
  [occ8@0] ;
  [occ9@0] ;
  [occ10@0] ;
  [occ11@0] ;
  [occ12@0] ;
  [occ13@0] ;
  [occ14@0] ;
  [occ15@0] ;

  ! Set 0 correlations
  occ1 WITH occ2@0
  occ3@0
  occ4@0
  occ5@0
  occ6@0
  occ7@0
  occ8@0
  occ9@0
  occ10@0
  occ11@0
  occ12@0
  occ13@0
  occ14@0
  occ15@0
  theta1@0
  theta2@0
  theta3@0
  theta4@0 ;
  occ2 WITH occ3@0
  occ4@0
  occ5@0
  occ6@0
  occ7@0
  occ8@0
  occ9@0
  occ10@0
  occ11@0
  occ12@0
  occ13@0
  occ14@0
  occ15@0
  theta1@0
  theta2@0
  theta3@0
  theta4@0 ;
  occ3 WITH occ4@0
  occ5@0
  occ6@0
  occ7@0
  occ8@0
  occ9@0
  occ10@0
  occ11@0
  occ12@0
  occ13@0
  occ14@0
  occ15@0
  theta1@0
  theta2@0
  theta3@0
  theta4@0 ;
  occ4 WITH occ5@0
  occ6@0
  occ7@0
  occ8@0
  occ9@0
  occ10@0
  occ11@0
  occ12@0
  occ13@0
  occ14@0
  occ15@0
  theta1@0
  theta2@0
  theta3@0
  theta4@0 ;
  occ5 WITH occ6@0
  occ7@0
  occ8@0
  occ9@0
  occ10@0
  occ11@0
  occ12@0
  occ13@0
  occ14@0
  occ15@0
  theta1@0
  theta2@0
  theta3@0
  theta4@0 ;
  occ6 WITH occ7@0
  occ8@0
  occ9@0
  occ10@0
  occ11@0
  occ12@0
  occ13@0
  occ14@0
  occ15@0
  theta1@0
  theta2@0
  theta3@0
  theta4@0 ;
  occ7 WITH occ8@0
  occ9@0
  occ10@0
  occ11@0
  occ12@0
  occ13@0
  occ14@0
  occ15@0
  theta1@0
  theta2@0
  theta3@0
  theta4@0 ;
  occ8 WITH occ9@0
  occ10@0
  occ11@0
  occ12@0
  occ13@0
  occ14@0
  occ15@0
  theta1@0
  theta2@0
  theta3@0
  theta4@0 ;
  occ9 WITH occ10@0
  occ11@0
  occ12@0
  occ13@0
  occ14@0
  occ15@0
  theta1@0
  theta2@0
  theta3@0
  theta4@0 ;
  occ10 WITH occ11@0
  occ12@0
  occ13@0
  occ14@0
  occ15@0
  theta1@0
  theta2@0
  theta3@0
  theta4@0 ;
  occ11 WITH occ12@0
  occ13@0
  occ14@0
  occ15@0
  theta1@0
  theta2@0
  theta3@0
  theta4@0 ;
  occ12 WITH occ13@0
  occ14@0
  occ15@0
  theta1@0
  theta2@0
  theta3@0
  theta4@0 ;
  occ13 WITH occ14@0
  occ15@0
  theta1@0
  theta2@0
  theta3@0
  theta4@0 ;
  occ14 WITH occ15@0
  theta1@0
  theta2@0
  theta3@0
  theta4@0 ;
  occ15 WITH theta1@0
  theta2@0
  theta3@0
  theta4@0 ;

  ! autoregressive effects
  occ2 ON occ1 (beta1) ;
  occ3 ON occ2 (beta1) ;
  occ4 ON occ3 (beta1) ;
  occ5 ON occ4 (beta1) ;
  occ6 ON occ5 (beta1) ;
  occ7 ON occ6 (beta1) ;
  occ8 ON occ7 (beta1) ;
  occ9 ON occ8 (beta1) ;
  occ10 ON occ9 (beta1) ;
  occ11 ON occ10 (beta1) ;
  occ12 ON occ11 (beta1) ;
  occ13 ON occ12 (beta1) ;
  occ14 ON occ13 (beta1) ;
  occ15 ON occ14 (beta1) ;

  ! Variance components
  y11 (err11) ;
  y21 (err21) ;
  y31 (err31) ;
  y41 (err41) ;
  y12 (err11) ;
  y22 (err21) ;
  y32 (err31) ;
  y42 (err41) ;
  y13 (err11) ;
  y23 (err21) ;
  y33 (err31) ;
  y43 (err41) ;
  y14 (err11) ;
  y24 (err21) ;
  y34 (err31) ;
  y44 (err41) ;
  y15 (err11) ;
  y25 (err21) ;
  y35 (err31) ;
  y45 (err41) ;
  y16 (err11) ;
  y26 (err21) ;
  y36 (err31) ;
  y46 (err41) ;
  y17 (err11) ;
  y27 (err21) ;
  y37 (err31) ;
  y47 (err41) ;
  y18 (err11) ;
  y28 (err21) ;
  y38 (err31) ;
  y48 (err41) ;
  y19 (err11) ;
  y29 (err21) ;
  y39 (err31) ;
  y49 (err41) ;
  y110 (err11) ;
  y210 (err21) ;
  y310 (err31) ;
  y410 (err41) ;
  y111 (err11) ;
  y211 (err21) ;
  y311 (err31) ;
  y411 (err41) ;
  y112 (err11) ;
  y212 (err21) ;
  y312 (err31) ;
  y412 (err41) ;
  y113 (err11) ;
  y213 (err21) ;
  y313 (err31) ;
  y413 (err41) ;
  y114 (err11) ;
  y214 (err21) ;
  y314 (err31) ;
  y414 (err41) ;
  y115 (err11) ;
  y215 (err21) ;
  y315 (err31) ;
  y415 (err41) ;
  occ1 (oc_var1) ;
  occ2 (oc_var1) ;
  occ3 (oc_var1) ;
  occ4 (oc_var1) ;
  occ5 (oc_var1) ;
  occ6 (oc_var1) ;
  occ7 (oc_var1) ;
  occ8 (oc_var1) ;
  occ9 (oc_var1) ;
  occ10 (oc_var1) ;
  occ11 (oc_var1) ;
  occ12 (oc_var1) ;
  occ13 (oc_var1) ;
  occ14 (oc_var1) ;
  occ15 (oc_var1) ;
  theta1(t_var1) ;
  theta2(t_var2) ;
  theta3(t_var3) ;
  theta4(t_var4) ;



INPUT READING TERMINATED NORMALLY



Your title goes here

SUMMARY OF ANALYSIS

Number of groups                                                 1
Number of observations                                          50

Number of dependent variables                                   60
Number of independent variables                                  0
Number of continuous latent variables                           19

Observed dependent variables

  Continuous
   Y11         Y21         Y31         Y41         Y12         Y22
   Y32         Y42         Y13         Y23         Y33         Y43
   Y14         Y24         Y34         Y44         Y15         Y25
   Y35         Y45         Y16         Y26         Y36         Y46
   Y17         Y27         Y37         Y47         Y18         Y28
   Y38         Y48         Y19         Y29         Y39         Y49
   Y110        Y210        Y310        Y410        Y111        Y211
   Y311        Y411        Y112        Y212        Y312        Y412
   Y113        Y213        Y313        Y413        Y114        Y214
   Y314        Y414        Y115        Y215        Y315        Y415

Continuous latent variables
   OCC1        OCC2        OCC3        OCC4        OCC5        OCC6
   OCC7        OCC8        OCC9        OCC10       OCC11       OCC12
   OCC13       OCC14       OCC15       THETA1      THETA2      THETA3
   THETA4


Estimator                                                    BAYES
Specifications for Bayesian Estimation
  Point estimate                                            MEDIAN
  Number of Markov chain Monte Carlo (MCMC) chains               2
  Random seed for the first chain                                0
  Starting value information                           UNPERTURBED
  Treatment of categorical mediator                         LATENT
  Algorithm used for Markov chain Monte Carlo           GIBBS(PX1)
  Convergence criterion                                  0.500D-01
  Maximum number of iterations                               50000
  K-th iteration used for thinning                               1

Input data file(s)
  Mplus_files_Results/tso_wide_trunc_n50_i4_nt15_na0.dat
Input data format  FREE


SUMMARY OF DATA



COVARIANCE COVERAGE OF DATA

Minimum covariance coverage value   0.100

     Number of missing data patterns             1


     PROPORTION OF DATA PRESENT


           Covariance Coverage
              Y11           Y21           Y31           Y41           Y12
              ________      ________      ________      ________      ________
 Y11            1.000
 Y21            1.000         1.000
 Y31            1.000         1.000         1.000
 Y41            1.000         1.000         1.000         1.000
 Y12            1.000         1.000         1.000         1.000         1.000
 Y22            1.000         1.000         1.000         1.000         1.000
 Y32            1.000         1.000         1.000         1.000         1.000
 Y42            1.000         1.000         1.000         1.000         1.000
 Y13            1.000         1.000         1.000         1.000         1.000
 Y23            1.000         1.000         1.000         1.000         1.000
 Y33            1.000         1.000         1.000         1.000         1.000
 Y43            1.000         1.000         1.000         1.000         1.000
 Y14            1.000         1.000         1.000         1.000         1.000
 Y24            1.000         1.000         1.000         1.000         1.000
 Y34            1.000         1.000         1.000         1.000         1.000
 Y44            1.000         1.000         1.000         1.000         1.000
 Y15            1.000         1.000         1.000         1.000         1.000
 Y25            1.000         1.000         1.000         1.000         1.000
 Y35            1.000         1.000         1.000         1.000         1.000
 Y45            1.000         1.000         1.000         1.000         1.000
 Y16            1.000         1.000         1.000         1.000         1.000
 Y26            1.000         1.000         1.000         1.000         1.000
 Y36            1.000         1.000         1.000         1.000         1.000
 Y46            1.000         1.000         1.000         1.000         1.000
 Y17            1.000         1.000         1.000         1.000         1.000
 Y27            1.000         1.000         1.000         1.000         1.000
 Y37            1.000         1.000         1.000         1.000         1.000
 Y47            1.000         1.000         1.000         1.000         1.000
 Y18            1.000         1.000         1.000         1.000         1.000
 Y28            1.000         1.000         1.000         1.000         1.000
 Y38            1.000         1.000         1.000         1.000         1.000
 Y48            1.000         1.000         1.000         1.000         1.000
 Y19            1.000         1.000         1.000         1.000         1.000
 Y29            1.000         1.000         1.000         1.000         1.000
 Y39            1.000         1.000         1.000         1.000         1.000
 Y49            1.000         1.000         1.000         1.000         1.000
 Y110           1.000         1.000         1.000         1.000         1.000
 Y210           1.000         1.000         1.000         1.000         1.000
 Y310           1.000         1.000         1.000         1.000         1.000
 Y410           1.000         1.000         1.000         1.000         1.000
 Y111           1.000         1.000         1.000         1.000         1.000
 Y211           1.000         1.000         1.000         1.000         1.000
 Y311           1.000         1.000         1.000         1.000         1.000
 Y411           1.000         1.000         1.000         1.000         1.000
 Y112           1.000         1.000         1.000         1.000         1.000
 Y212           1.000         1.000         1.000         1.000         1.000
 Y312           1.000         1.000         1.000         1.000         1.000
 Y412           1.000         1.000         1.000         1.000         1.000
 Y113           1.000         1.000         1.000         1.000         1.000
 Y213           1.000         1.000         1.000         1.000         1.000
 Y313           1.000         1.000         1.000         1.000         1.000
 Y413           1.000         1.000         1.000         1.000         1.000
 Y114           1.000         1.000         1.000         1.000         1.000
 Y214           1.000         1.000         1.000         1.000         1.000
 Y314           1.000         1.000         1.000         1.000         1.000
 Y414           1.000         1.000         1.000         1.000         1.000
 Y115           1.000         1.000         1.000         1.000         1.000
 Y215           1.000         1.000         1.000         1.000         1.000
 Y315           1.000         1.000         1.000         1.000         1.000
 Y415           1.000         1.000         1.000         1.000         1.000


           Covariance Coverage
              Y22           Y32           Y42           Y13           Y23
              ________      ________      ________      ________      ________
 Y22            1.000
 Y32            1.000         1.000
 Y42            1.000         1.000         1.000
 Y13            1.000         1.000         1.000         1.000
 Y23            1.000         1.000         1.000         1.000         1.000
 Y33            1.000         1.000         1.000         1.000         1.000
 Y43            1.000         1.000         1.000         1.000         1.000
 Y14            1.000         1.000         1.000         1.000         1.000
 Y24            1.000         1.000         1.000         1.000         1.000
 Y34            1.000         1.000         1.000         1.000         1.000
 Y44            1.000         1.000         1.000         1.000         1.000
 Y15            1.000         1.000         1.000         1.000         1.000
 Y25            1.000         1.000         1.000         1.000         1.000
 Y35            1.000         1.000         1.000         1.000         1.000
 Y45            1.000         1.000         1.000         1.000         1.000
 Y16            1.000         1.000         1.000         1.000         1.000
 Y26            1.000         1.000         1.000         1.000         1.000
 Y36            1.000         1.000         1.000         1.000         1.000
 Y46            1.000         1.000         1.000         1.000         1.000
 Y17            1.000         1.000         1.000         1.000         1.000
 Y27            1.000         1.000         1.000         1.000         1.000
 Y37            1.000         1.000         1.000         1.000         1.000
 Y47            1.000         1.000         1.000         1.000         1.000
 Y18            1.000         1.000         1.000         1.000         1.000
 Y28            1.000         1.000         1.000         1.000         1.000
 Y38            1.000         1.000         1.000         1.000         1.000
 Y48            1.000         1.000         1.000         1.000         1.000
 Y19            1.000         1.000         1.000         1.000         1.000
 Y29            1.000         1.000         1.000         1.000         1.000
 Y39            1.000         1.000         1.000         1.000         1.000
 Y49            1.000         1.000         1.000         1.000         1.000
 Y110           1.000         1.000         1.000         1.000         1.000
 Y210           1.000         1.000         1.000         1.000         1.000
 Y310           1.000         1.000         1.000         1.000         1.000
 Y410           1.000         1.000         1.000         1.000         1.000
 Y111           1.000         1.000         1.000         1.000         1.000
 Y211           1.000         1.000         1.000         1.000         1.000
 Y311           1.000         1.000         1.000         1.000         1.000
 Y411           1.000         1.000         1.000         1.000         1.000
 Y112           1.000         1.000         1.000         1.000         1.000
 Y212           1.000         1.000         1.000         1.000         1.000
 Y312           1.000         1.000         1.000         1.000         1.000
 Y412           1.000         1.000         1.000         1.000         1.000
 Y113           1.000         1.000         1.000         1.000         1.000
 Y213           1.000         1.000         1.000         1.000         1.000
 Y313           1.000         1.000         1.000         1.000         1.000
 Y413           1.000         1.000         1.000         1.000         1.000
 Y114           1.000         1.000         1.000         1.000         1.000
 Y214           1.000         1.000         1.000         1.000         1.000
 Y314           1.000         1.000         1.000         1.000         1.000
 Y414           1.000         1.000         1.000         1.000         1.000
 Y115           1.000         1.000         1.000         1.000         1.000
 Y215           1.000         1.000         1.000         1.000         1.000
 Y315           1.000         1.000         1.000         1.000         1.000
 Y415           1.000         1.000         1.000         1.000         1.000


           Covariance Coverage
              Y33           Y43           Y14           Y24           Y34
              ________      ________      ________      ________      ________
 Y33            1.000
 Y43            1.000         1.000
 Y14            1.000         1.000         1.000
 Y24            1.000         1.000         1.000         1.000
 Y34            1.000         1.000         1.000         1.000         1.000
 Y44            1.000         1.000         1.000         1.000         1.000
 Y15            1.000         1.000         1.000         1.000         1.000
 Y25            1.000         1.000         1.000         1.000         1.000
 Y35            1.000         1.000         1.000         1.000         1.000
 Y45            1.000         1.000         1.000         1.000         1.000
 Y16            1.000         1.000         1.000         1.000         1.000
 Y26            1.000         1.000         1.000         1.000         1.000
 Y36            1.000         1.000         1.000         1.000         1.000
 Y46            1.000         1.000         1.000         1.000         1.000
 Y17            1.000         1.000         1.000         1.000         1.000
 Y27            1.000         1.000         1.000         1.000         1.000
 Y37            1.000         1.000         1.000         1.000         1.000
 Y47            1.000         1.000         1.000         1.000         1.000
 Y18            1.000         1.000         1.000         1.000         1.000
 Y28            1.000         1.000         1.000         1.000         1.000
 Y38            1.000         1.000         1.000         1.000         1.000
 Y48            1.000         1.000         1.000         1.000         1.000
 Y19            1.000         1.000         1.000         1.000         1.000
 Y29            1.000         1.000         1.000         1.000         1.000
 Y39            1.000         1.000         1.000         1.000         1.000
 Y49            1.000         1.000         1.000         1.000         1.000
 Y110           1.000         1.000         1.000         1.000         1.000
 Y210           1.000         1.000         1.000         1.000         1.000
 Y310           1.000         1.000         1.000         1.000         1.000
 Y410           1.000         1.000         1.000         1.000         1.000
 Y111           1.000         1.000         1.000         1.000         1.000
 Y211           1.000         1.000         1.000         1.000         1.000
 Y311           1.000         1.000         1.000         1.000         1.000
 Y411           1.000         1.000         1.000         1.000         1.000
 Y112           1.000         1.000         1.000         1.000         1.000
 Y212           1.000         1.000         1.000         1.000         1.000
 Y312           1.000         1.000         1.000         1.000         1.000
 Y412           1.000         1.000         1.000         1.000         1.000
 Y113           1.000         1.000         1.000         1.000         1.000
 Y213           1.000         1.000         1.000         1.000         1.000
 Y313           1.000         1.000         1.000         1.000         1.000
 Y413           1.000         1.000         1.000         1.000         1.000
 Y114           1.000         1.000         1.000         1.000         1.000
 Y214           1.000         1.000         1.000         1.000         1.000
 Y314           1.000         1.000         1.000         1.000         1.000
 Y414           1.000         1.000         1.000         1.000         1.000
 Y115           1.000         1.000         1.000         1.000         1.000
 Y215           1.000         1.000         1.000         1.000         1.000
 Y315           1.000         1.000         1.000         1.000         1.000
 Y415           1.000         1.000         1.000         1.000         1.000


           Covariance Coverage
              Y44           Y15           Y25           Y35           Y45
              ________      ________      ________      ________      ________
 Y44            1.000
 Y15            1.000         1.000
 Y25            1.000         1.000         1.000
 Y35            1.000         1.000         1.000         1.000
 Y45            1.000         1.000         1.000         1.000         1.000
 Y16            1.000         1.000         1.000         1.000         1.000
 Y26            1.000         1.000         1.000         1.000         1.000
 Y36            1.000         1.000         1.000         1.000         1.000
 Y46            1.000         1.000         1.000         1.000         1.000
 Y17            1.000         1.000         1.000         1.000         1.000
 Y27            1.000         1.000         1.000         1.000         1.000
 Y37            1.000         1.000         1.000         1.000         1.000
 Y47            1.000         1.000         1.000         1.000         1.000
 Y18            1.000         1.000         1.000         1.000         1.000
 Y28            1.000         1.000         1.000         1.000         1.000
 Y38            1.000         1.000         1.000         1.000         1.000
 Y48            1.000         1.000         1.000         1.000         1.000
 Y19            1.000         1.000         1.000         1.000         1.000
 Y29            1.000         1.000         1.000         1.000         1.000
 Y39            1.000         1.000         1.000         1.000         1.000
 Y49            1.000         1.000         1.000         1.000         1.000
 Y110           1.000         1.000         1.000         1.000         1.000
 Y210           1.000         1.000         1.000         1.000         1.000
 Y310           1.000         1.000         1.000         1.000         1.000
 Y410           1.000         1.000         1.000         1.000         1.000
 Y111           1.000         1.000         1.000         1.000         1.000
 Y211           1.000         1.000         1.000         1.000         1.000
 Y311           1.000         1.000         1.000         1.000         1.000
 Y411           1.000         1.000         1.000         1.000         1.000
 Y112           1.000         1.000         1.000         1.000         1.000
 Y212           1.000         1.000         1.000         1.000         1.000
 Y312           1.000         1.000         1.000         1.000         1.000
 Y412           1.000         1.000         1.000         1.000         1.000
 Y113           1.000         1.000         1.000         1.000         1.000
 Y213           1.000         1.000         1.000         1.000         1.000
 Y313           1.000         1.000         1.000         1.000         1.000
 Y413           1.000         1.000         1.000         1.000         1.000
 Y114           1.000         1.000         1.000         1.000         1.000
 Y214           1.000         1.000         1.000         1.000         1.000
 Y314           1.000         1.000         1.000         1.000         1.000
 Y414           1.000         1.000         1.000         1.000         1.000
 Y115           1.000         1.000         1.000         1.000         1.000
 Y215           1.000         1.000         1.000         1.000         1.000
 Y315           1.000         1.000         1.000         1.000         1.000
 Y415           1.000         1.000         1.000         1.000         1.000


           Covariance Coverage
              Y16           Y26           Y36           Y46           Y17
              ________      ________      ________      ________      ________
 Y16            1.000
 Y26            1.000         1.000
 Y36            1.000         1.000         1.000
 Y46            1.000         1.000         1.000         1.000
 Y17            1.000         1.000         1.000         1.000         1.000
 Y27            1.000         1.000         1.000         1.000         1.000
 Y37            1.000         1.000         1.000         1.000         1.000
 Y47            1.000         1.000         1.000         1.000         1.000
 Y18            1.000         1.000         1.000         1.000         1.000
 Y28            1.000         1.000         1.000         1.000         1.000
 Y38            1.000         1.000         1.000         1.000         1.000
 Y48            1.000         1.000         1.000         1.000         1.000
 Y19            1.000         1.000         1.000         1.000         1.000
 Y29            1.000         1.000         1.000         1.000         1.000
 Y39            1.000         1.000         1.000         1.000         1.000
 Y49            1.000         1.000         1.000         1.000         1.000
 Y110           1.000         1.000         1.000         1.000         1.000
 Y210           1.000         1.000         1.000         1.000         1.000
 Y310           1.000         1.000         1.000         1.000         1.000
 Y410           1.000         1.000         1.000         1.000         1.000
 Y111           1.000         1.000         1.000         1.000         1.000
 Y211           1.000         1.000         1.000         1.000         1.000
 Y311           1.000         1.000         1.000         1.000         1.000
 Y411           1.000         1.000         1.000         1.000         1.000
 Y112           1.000         1.000         1.000         1.000         1.000
 Y212           1.000         1.000         1.000         1.000         1.000
 Y312           1.000         1.000         1.000         1.000         1.000
 Y412           1.000         1.000         1.000         1.000         1.000
 Y113           1.000         1.000         1.000         1.000         1.000
 Y213           1.000         1.000         1.000         1.000         1.000
 Y313           1.000         1.000         1.000         1.000         1.000
 Y413           1.000         1.000         1.000         1.000         1.000
 Y114           1.000         1.000         1.000         1.000         1.000
 Y214           1.000         1.000         1.000         1.000         1.000
 Y314           1.000         1.000         1.000         1.000         1.000
 Y414           1.000         1.000         1.000         1.000         1.000
 Y115           1.000         1.000         1.000         1.000         1.000
 Y215           1.000         1.000         1.000         1.000         1.000
 Y315           1.000         1.000         1.000         1.000         1.000
 Y415           1.000         1.000         1.000         1.000         1.000


           Covariance Coverage
              Y27           Y37           Y47           Y18           Y28
              ________      ________      ________      ________      ________
 Y27            1.000
 Y37            1.000         1.000
 Y47            1.000         1.000         1.000
 Y18            1.000         1.000         1.000         1.000
 Y28            1.000         1.000         1.000         1.000         1.000
 Y38            1.000         1.000         1.000         1.000         1.000
 Y48            1.000         1.000         1.000         1.000         1.000
 Y19            1.000         1.000         1.000         1.000         1.000
 Y29            1.000         1.000         1.000         1.000         1.000
 Y39            1.000         1.000         1.000         1.000         1.000
 Y49            1.000         1.000         1.000         1.000         1.000
 Y110           1.000         1.000         1.000         1.000         1.000
 Y210           1.000         1.000         1.000         1.000         1.000
 Y310           1.000         1.000         1.000         1.000         1.000
 Y410           1.000         1.000         1.000         1.000         1.000
 Y111           1.000         1.000         1.000         1.000         1.000
 Y211           1.000         1.000         1.000         1.000         1.000
 Y311           1.000         1.000         1.000         1.000         1.000
 Y411           1.000         1.000         1.000         1.000         1.000
 Y112           1.000         1.000         1.000         1.000         1.000
 Y212           1.000         1.000         1.000         1.000         1.000
 Y312           1.000         1.000         1.000         1.000         1.000
 Y412           1.000         1.000         1.000         1.000         1.000
 Y113           1.000         1.000         1.000         1.000         1.000
 Y213           1.000         1.000         1.000         1.000         1.000
 Y313           1.000         1.000         1.000         1.000         1.000
 Y413           1.000         1.000         1.000         1.000         1.000
 Y114           1.000         1.000         1.000         1.000         1.000
 Y214           1.000         1.000         1.000         1.000         1.000
 Y314           1.000         1.000         1.000         1.000         1.000
 Y414           1.000         1.000         1.000         1.000         1.000
 Y115           1.000         1.000         1.000         1.000         1.000
 Y215           1.000         1.000         1.000         1.000         1.000
 Y315           1.000         1.000         1.000         1.000         1.000
 Y415           1.000         1.000         1.000         1.000         1.000


           Covariance Coverage
              Y38           Y48           Y19           Y29           Y39
              ________      ________      ________      ________      ________
 Y38            1.000
 Y48            1.000         1.000
 Y19            1.000         1.000         1.000
 Y29            1.000         1.000         1.000         1.000
 Y39            1.000         1.000         1.000         1.000         1.000
 Y49            1.000         1.000         1.000         1.000         1.000
 Y110           1.000         1.000         1.000         1.000         1.000
 Y210           1.000         1.000         1.000         1.000         1.000
 Y310           1.000         1.000         1.000         1.000         1.000
 Y410           1.000         1.000         1.000         1.000         1.000
 Y111           1.000         1.000         1.000         1.000         1.000
 Y211           1.000         1.000         1.000         1.000         1.000
 Y311           1.000         1.000         1.000         1.000         1.000
 Y411           1.000         1.000         1.000         1.000         1.000
 Y112           1.000         1.000         1.000         1.000         1.000
 Y212           1.000         1.000         1.000         1.000         1.000
 Y312           1.000         1.000         1.000         1.000         1.000
 Y412           1.000         1.000         1.000         1.000         1.000
 Y113           1.000         1.000         1.000         1.000         1.000
 Y213           1.000         1.000         1.000         1.000         1.000
 Y313           1.000         1.000         1.000         1.000         1.000
 Y413           1.000         1.000         1.000         1.000         1.000
 Y114           1.000         1.000         1.000         1.000         1.000
 Y214           1.000         1.000         1.000         1.000         1.000
 Y314           1.000         1.000         1.000         1.000         1.000
 Y414           1.000         1.000         1.000         1.000         1.000
 Y115           1.000         1.000         1.000         1.000         1.000
 Y215           1.000         1.000         1.000         1.000         1.000
 Y315           1.000         1.000         1.000         1.000         1.000
 Y415           1.000         1.000         1.000         1.000         1.000


           Covariance Coverage
              Y49           Y110          Y210          Y310          Y410
              ________      ________      ________      ________      ________
 Y49            1.000
 Y110           1.000         1.000
 Y210           1.000         1.000         1.000
 Y310           1.000         1.000         1.000         1.000
 Y410           1.000         1.000         1.000         1.000         1.000
 Y111           1.000         1.000         1.000         1.000         1.000
 Y211           1.000         1.000         1.000         1.000         1.000
 Y311           1.000         1.000         1.000         1.000         1.000
 Y411           1.000         1.000         1.000         1.000         1.000
 Y112           1.000         1.000         1.000         1.000         1.000
 Y212           1.000         1.000         1.000         1.000         1.000
 Y312           1.000         1.000         1.000         1.000         1.000
 Y412           1.000         1.000         1.000         1.000         1.000
 Y113           1.000         1.000         1.000         1.000         1.000
 Y213           1.000         1.000         1.000         1.000         1.000
 Y313           1.000         1.000         1.000         1.000         1.000
 Y413           1.000         1.000         1.000         1.000         1.000
 Y114           1.000         1.000         1.000         1.000         1.000
 Y214           1.000         1.000         1.000         1.000         1.000
 Y314           1.000         1.000         1.000         1.000         1.000
 Y414           1.000         1.000         1.000         1.000         1.000
 Y115           1.000         1.000         1.000         1.000         1.000
 Y215           1.000         1.000         1.000         1.000         1.000
 Y315           1.000         1.000         1.000         1.000         1.000
 Y415           1.000         1.000         1.000         1.000         1.000


           Covariance Coverage
              Y111          Y211          Y311          Y411          Y112
              ________      ________      ________      ________      ________
 Y111           1.000
 Y211           1.000         1.000
 Y311           1.000         1.000         1.000
 Y411           1.000         1.000         1.000         1.000
 Y112           1.000         1.000         1.000         1.000         1.000
 Y212           1.000         1.000         1.000         1.000         1.000
 Y312           1.000         1.000         1.000         1.000         1.000
 Y412           1.000         1.000         1.000         1.000         1.000
 Y113           1.000         1.000         1.000         1.000         1.000
 Y213           1.000         1.000         1.000         1.000         1.000
 Y313           1.000         1.000         1.000         1.000         1.000
 Y413           1.000         1.000         1.000         1.000         1.000
 Y114           1.000         1.000         1.000         1.000         1.000
 Y214           1.000         1.000         1.000         1.000         1.000
 Y314           1.000         1.000         1.000         1.000         1.000
 Y414           1.000         1.000         1.000         1.000         1.000
 Y115           1.000         1.000         1.000         1.000         1.000
 Y215           1.000         1.000         1.000         1.000         1.000
 Y315           1.000         1.000         1.000         1.000         1.000
 Y415           1.000         1.000         1.000         1.000         1.000


           Covariance Coverage
              Y212          Y312          Y412          Y113          Y213
              ________      ________      ________      ________      ________
 Y212           1.000
 Y312           1.000         1.000
 Y412           1.000         1.000         1.000
 Y113           1.000         1.000         1.000         1.000
 Y213           1.000         1.000         1.000         1.000         1.000
 Y313           1.000         1.000         1.000         1.000         1.000
 Y413           1.000         1.000         1.000         1.000         1.000
 Y114           1.000         1.000         1.000         1.000         1.000
 Y214           1.000         1.000         1.000         1.000         1.000
 Y314           1.000         1.000         1.000         1.000         1.000
 Y414           1.000         1.000         1.000         1.000         1.000
 Y115           1.000         1.000         1.000         1.000         1.000
 Y215           1.000         1.000         1.000         1.000         1.000
 Y315           1.000         1.000         1.000         1.000         1.000
 Y415           1.000         1.000         1.000         1.000         1.000


           Covariance Coverage
              Y313          Y413          Y114          Y214          Y314
              ________      ________      ________      ________      ________
 Y313           1.000
 Y413           1.000         1.000
 Y114           1.000         1.000         1.000
 Y214           1.000         1.000         1.000         1.000
 Y314           1.000         1.000         1.000         1.000         1.000
 Y414           1.000         1.000         1.000         1.000         1.000
 Y115           1.000         1.000         1.000         1.000         1.000
 Y215           1.000         1.000         1.000         1.000         1.000
 Y315           1.000         1.000         1.000         1.000         1.000
 Y415           1.000         1.000         1.000         1.000         1.000


           Covariance Coverage
              Y414          Y115          Y215          Y315          Y415
              ________      ________      ________      ________      ________
 Y414           1.000
 Y115           1.000         1.000
 Y215           1.000         1.000         1.000
 Y315           1.000         1.000         1.000         1.000
 Y415           1.000         1.000         1.000         1.000         1.000



UNIVARIATE SAMPLE STATISTICS


     UNIVARIATE HIGHER-ORDER MOMENT DESCRIPTIVE STATISTICS

         Variable/         Mean/     Skewness/   Minimum/ % with                Percentiles
        Sample Size      Variance    Kurtosis    Maximum  Min/Max      20%/60%    40%/80%    Median

     Y11                   1.580       0.407      -3.000    2.00%       0.000      1.000      1.000
              50.000       4.124      -0.072       6.000    8.00%       2.000      3.000
     Y21                   2.100       0.118      -1.000    2.00%       1.000      2.000      2.000
              50.000       2.010      -0.484       5.000    6.00%       2.000      3.000
     Y31                   2.680       0.699      -1.000    6.00%       0.000      2.000      2.000
              50.000       6.218      -0.335       9.000    2.00%       2.000      5.000
     Y41                   3.040      -0.406      -2.000    2.00%       1.000      3.000      3.000
              50.000       3.958      -0.588       7.000    2.00%       4.000      5.000
     Y12                   2.180      -0.062      -3.000    2.00%       0.000      2.000      2.000
              50.000       3.868      -0.392       6.000    6.00%       3.000      4.000
     Y22                   2.360       0.522       0.000   14.00%       1.000      2.000      2.000
              50.000       2.750      -0.122       7.000    2.00%       3.000      4.000
     Y32                   2.860       0.214      -2.000    4.00%       1.000      2.000      3.000
              50.000       5.880      -0.260       9.000    2.00%       4.000      5.000
     Y42                   3.240       0.031       0.000   10.00%       1.000      3.000      3.000
              50.000       3.382      -0.300       8.000    2.00%       4.000      5.000
     Y13                   1.960       0.532      -3.000    2.00%       0.000      1.000      1.000
              50.000       4.638       0.109       8.000    2.00%       2.000      4.000
     Y23                   2.240       0.418       0.000   12.00%       1.000      2.000      2.000
              50.000       2.222      -0.486       6.000    2.00%       2.000      4.000
     Y33                   2.980       0.366      -3.000    2.00%       0.000      2.000      3.000
              50.000       7.740       0.273      11.000    2.00%       4.000      5.000
     Y43                   3.160       0.242       0.000   10.00%       1.000      3.000      3.000
              50.000       3.814      -0.530       8.000    2.00%       4.000      5.000
     Y14                   1.660       0.364      -4.000    2.00%       0.000      0.000      1.000
              50.000       5.544      -0.053       7.000    4.00%       2.000      4.000
     Y24                   2.240       0.562       0.000   12.00%       1.000      2.000      2.000
              50.000       2.102       0.264       6.000    4.00%       2.000      3.000
     Y34                   2.440       0.564      -3.000    2.00%       0.000      1.000      2.000
              50.000       8.246       0.382      11.000    2.00%       3.000      4.000
     Y44                   2.920       0.520       0.000    8.00%       1.000      2.000      3.000
              50.000       3.594      -0.135       8.000    2.00%       3.000      4.000
     Y15                   1.540       0.052      -5.000    2.00%       0.000      1.000      1.000
              50.000       6.848       0.634       8.000    4.00%       2.000      4.000
     Y25                   2.220      -0.186      -2.000    2.00%       0.000      2.000      2.000
              50.000       3.212      -0.287       6.000    4.00%       3.000      4.000
     Y35                   2.160       0.127      -4.000    2.00%      -1.000      2.000      2.000
              50.000       9.094      -0.281      10.000    2.00%       3.000      4.000
     Y45                   2.880       0.334      -1.000    2.00%       1.000      2.000      3.000
              50.000       4.986      -0.495       9.000    2.00%       3.000      5.000
     Y16                   1.860       0.337      -4.000    2.00%       0.000      1.000      2.000
              50.000       5.640       0.533       8.000    4.00%       2.000      4.000
     Y26                   2.340       0.149      -1.000    2.00%       1.000      2.000      2.000
              50.000       2.704      -0.568       6.000    4.00%       3.000      4.000
     Y36                   2.800       0.153      -6.000    2.00%       1.000      2.000      2.500
              50.000       8.880       2.590      13.000    2.00%       3.000      5.000
     Y46                   3.280       0.038      -2.000    2.00%       2.000      3.000      3.000
              50.000       4.082      -0.049       8.000    2.00%       4.000      5.000
     Y17                   2.060       0.366      -3.000    2.00%       0.000      2.000      2.000
              50.000       4.376       0.715       8.000    2.00%       2.000      4.000
     Y27                   2.260       0.153      -1.000    2.00%       1.000      2.000      2.000
              50.000       2.152      -0.229       6.000    2.00%       3.000      3.000
     Y37                   2.840       0.177      -3.000    4.00%       1.000      2.000      3.000
              50.000       7.214      -0.309       9.000    2.00%       3.000      5.000
     Y47                   3.180      -0.160      -2.000    2.00%       1.000      2.000      3.000
              50.000       4.228      -0.630       7.000    4.00%       4.000      5.000
     Y18                   1.500       0.467      -3.000    2.00%       0.000      1.000      1.000
              50.000       4.610       0.158       7.000    4.00%       1.000      3.000
     Y28                   1.960       0.575       0.000   18.00%       1.000      1.000      2.000
              50.000       2.118      -0.062       6.000    2.00%       2.000      3.000
     Y38                   2.380       0.238      -5.000    2.00%       0.000      2.000      2.000
              50.000       8.436       0.414      10.000    2.00%       3.000      5.000
     Y48                   3.120       0.520      -1.000    2.00%       2.000      2.000      3.000
              50.000       4.146       0.394       9.000    2.00%       3.000      4.000
     Y19                   1.620       0.295      -4.000    2.00%       0.000      0.000      1.000
              50.000       4.756       0.263       7.000    2.00%       2.000      3.000
     Y29                   1.900       0.351      -2.000    2.00%       0.000      2.000      2.000
              50.000       2.690       0.654       7.000    2.00%       2.000      3.000
     Y39                   2.340       0.186      -5.000    2.00%       0.000      1.000      2.000
              50.000       7.424      -0.133       8.000    4.00%       2.000      4.000
     Y49                   2.760      -0.159      -2.000    2.00%       1.000      2.000      3.000
              50.000       3.622      -0.426       7.000    2.00%       3.000      4.000
     Y110                  1.460       0.238      -4.000    2.00%       0.000      1.000      1.000
              50.000       4.008       0.145       6.000    4.00%       2.000      3.000
     Y210                  1.900       0.658       0.000   14.00%       1.000      1.000      2.000
              50.000       1.850       0.229       6.000    2.00%       2.000      3.000
     Y310                  2.060       0.377      -3.000    2.00%      -1.000      1.000      2.000
              50.000       7.896      -0.333      10.000    2.00%       3.000      5.000
     Y410                  2.800       0.612       0.000   14.00%       1.000      2.000      3.000
              50.000       3.960       0.379       9.000    2.00%       3.000      4.000
     Y111                  1.980       0.257      -2.000    4.00%       0.000      2.000      2.000
              50.000       3.780       0.198       7.000    4.00%       2.000      3.000
     Y211                  2.220       0.631       0.000   14.00%       1.000      2.000      2.000
              50.000       2.052       1.131       7.000    2.00%       2.000      3.000
     Y311                  3.000       0.589      -1.000    2.00%       0.000      2.000      3.000
              50.000       6.320      -0.174       9.000    6.00%       4.000      5.000
     Y411                  2.960       0.403       0.000    8.00%       1.000      2.000      3.000
              50.000       3.278      -0.362       7.000    6.00%       3.000      4.000
     Y112                  1.980       0.675      -1.000    4.00%       0.000      1.000      2.000
              50.000       3.740      -0.285       7.000    2.00%       2.000      3.000
     Y212                  2.040       0.747      -1.000    2.00%       1.000      1.000      2.000
              50.000       2.638       0.370       7.000    2.00%       2.000      3.000
     Y312                  2.440       0.672      -1.000    4.00%       0.000      1.000      2.000
              50.000       5.246      -0.141       9.000    2.00%       3.000      4.000
     Y412                  2.720       0.426      -2.000    2.00%       1.000      2.000      3.000
              50.000       3.842       0.932       9.000    2.00%       3.000      4.000
     Y113                  1.620       0.363      -2.000    4.00%       0.000      1.000      1.500
              50.000       3.876      -0.488       6.000    4.00%       2.000      3.000
     Y213                  2.100       1.034       0.000    8.00%       1.000      1.000      2.000
              50.000       2.210       1.130       7.000    2.00%       2.000      3.000
     Y313                  2.580       0.619      -2.000    4.00%       0.000      2.000      2.000
              50.000       8.124      -0.360      10.000    2.00%       3.000      5.000
     Y413                  3.080       0.440       0.000    8.00%       1.000      2.000      3.000
              50.000       3.474      -0.133       8.000    2.00%       3.000      5.000
     Y114                  2.100       0.620      -1.000    2.00%       0.000      1.000      2.000
              50.000       3.970      -0.512       7.000    4.00%       2.000      4.000
     Y214                  2.340       0.253       0.000   14.00%       1.000      2.000      2.000
              50.000       2.344      -0.674       6.000    2.00%       2.000      4.000
     Y314                  2.560       0.399      -2.000    2.00%       0.000      1.000      2.000
              50.000       6.766      -0.806       9.000    2.00%       3.000      5.000
     Y414                  3.200       0.445       0.000    8.00%       1.000      3.000      3.000
              50.000       3.680       0.231       9.000    2.00%       3.000      5.000
     Y115                  1.980       0.776      -2.000    6.00%       0.000      1.000      1.500
              50.000       5.820       0.457       9.000    2.00%       2.000      4.000
     Y215                  2.120       0.516       0.000   10.00%       1.000      1.000      2.000
              50.000       1.986      -0.338       6.000    2.00%       2.000      3.000
     Y315                  2.680       0.085      -3.000    4.00%       1.000      2.000      2.000
              50.000       6.898       0.186      10.000    2.00%       3.000      5.000
     Y415                  3.360       0.768      -1.000    2.00%       1.000      2.000      3.000
              50.000       5.550       0.322      10.000    2.00%       4.000      5.000

     PROBLEM OCCURRED IN THE COMPUTATION OF THE POSTERIOR PREDICTIVE P-VALUE.
     THIS MAY BE DUE TO A SINGULAR SAMPLE VARIANCE COVARIANCE MATRIX, SUCH AS
     WITH ZERO SAMPLE VARIANCES.


THE MODEL ESTIMATION TERMINATED NORMALLY

     USE THE FBITERATIONS OPTION TO INCREASE THE NUMBER OF ITERATIONS BY A FACTOR
     OF AT LEAST TWO TO CHECK CONVERGENCE AND THAT THE PSR VALUE DOES NOT INCREASE.



MODEL FIT INFORMATION

Number of Free Parameters                              23



MODEL RESULTS

                                Posterior  One-Tailed         95% C.I.
                    Estimate       S.D.      P-Value   Lower 2.5%  Upper 2.5%  Significance

 OCC1     BY
    Y11                1.000       0.000      0.000       1.000       1.000
    Y21                0.524       0.025      0.000       0.476       0.575      *
    Y31                1.412       0.053      0.000       1.311       1.519      *
    Y41                0.904       0.036      0.000       0.835       0.979      *

 OCC2     BY
    Y12                1.000       0.000      0.000       1.000       1.000
    Y22                0.524       0.025      0.000       0.476       0.575      *
    Y32                1.412       0.053      0.000       1.311       1.519      *
    Y42                0.904       0.036      0.000       0.835       0.979      *

 OCC3     BY
    Y13                1.000       0.000      0.000       1.000       1.000
    Y23                0.524       0.025      0.000       0.476       0.575      *
    Y33                1.412       0.053      0.000       1.311       1.519      *
    Y43                0.904       0.036      0.000       0.835       0.979      *

 OCC4     BY
    Y14                1.000       0.000      0.000       1.000       1.000
    Y24                0.524       0.025      0.000       0.476       0.575      *
    Y34                1.412       0.053      0.000       1.311       1.519      *
    Y44                0.904       0.036      0.000       0.835       0.979      *

 OCC5     BY
    Y15                1.000       0.000      0.000       1.000       1.000
    Y25                0.524       0.025      0.000       0.476       0.575      *
    Y35                1.412       0.053      0.000       1.311       1.519      *
    Y45                0.904       0.036      0.000       0.835       0.979      *

 OCC6     BY
    Y16                1.000       0.000      0.000       1.000       1.000
    Y26                0.524       0.025      0.000       0.476       0.575      *
    Y36                1.412       0.053      0.000       1.311       1.519      *
    Y46                0.904       0.036      0.000       0.835       0.979      *

 OCC7     BY
    Y17                1.000       0.000      0.000       1.000       1.000
    Y27                0.524       0.025      0.000       0.476       0.575      *
    Y37                1.412       0.053      0.000       1.311       1.519      *
    Y47                0.904       0.036      0.000       0.835       0.979      *

 OCC8     BY
    Y18                1.000       0.000      0.000       1.000       1.000
    Y28                0.524       0.025      0.000       0.476       0.575      *
    Y38                1.412       0.053      0.000       1.311       1.519      *
    Y48                0.904       0.036      0.000       0.835       0.979      *

 OCC9     BY
    Y19                1.000       0.000      0.000       1.000       1.000
    Y29                0.524       0.025      0.000       0.476       0.575      *
    Y39                1.412       0.053      0.000       1.311       1.519      *
    Y49                0.904       0.036      0.000       0.835       0.979      *

 OCC10    BY
    Y110               1.000       0.000      0.000       1.000       1.000
    Y210               0.524       0.025      0.000       0.476       0.575      *
    Y310               1.412       0.053      0.000       1.311       1.519      *
    Y410               0.904       0.036      0.000       0.835       0.979      *

 OCC11    BY
    Y111               1.000       0.000      0.000       1.000       1.000
    Y211               0.524       0.025      0.000       0.476       0.575      *
    Y311               1.412       0.053      0.000       1.311       1.519      *
    Y411               0.904       0.036      0.000       0.835       0.979      *

 OCC12    BY
    Y112               1.000       0.000      0.000       1.000       1.000
    Y212               0.524       0.025      0.000       0.476       0.575      *
    Y312               1.412       0.053      0.000       1.311       1.519      *
    Y412               0.904       0.036      0.000       0.835       0.979      *

 OCC13    BY
    Y113               1.000       0.000      0.000       1.000       1.000
    Y213               0.524       0.025      0.000       0.476       0.575      *
    Y313               1.412       0.053      0.000       1.311       1.519      *
    Y413               0.904       0.036      0.000       0.835       0.979      *

 OCC14    BY
    Y114               1.000       0.000      0.000       1.000       1.000
    Y214               0.524       0.025      0.000       0.476       0.575      *
    Y314               1.412       0.053      0.000       1.311       1.519      *
    Y414               0.904       0.036      0.000       0.835       0.979      *

 OCC15    BY
    Y115               1.000       0.000      0.000       1.000       1.000
    Y215               0.524       0.025      0.000       0.476       0.575      *
    Y315               1.412       0.053      0.000       1.311       1.519      *
    Y415               0.904       0.036      0.000       0.835       0.979      *

 THETA1   BY
    Y11                1.000       0.000      0.000       1.000       1.000
    Y12                1.000       0.000      0.000       1.000       1.000
    Y13                1.000       0.000      0.000       1.000       1.000
    Y14                1.000       0.000      0.000       1.000       1.000
    Y15                1.000       0.000      0.000       1.000       1.000
    Y16                1.000       0.000      0.000       1.000       1.000
    Y17                1.000       0.000      0.000       1.000       1.000
    Y18                1.000       0.000      0.000       1.000       1.000
    Y19                1.000       0.000      0.000       1.000       1.000
    Y110               1.000       0.000      0.000       1.000       1.000
    Y111               1.000       0.000      0.000       1.000       1.000
    Y112               1.000       0.000      0.000       1.000       1.000
    Y113               1.000       0.000      0.000       1.000       1.000
    Y114               1.000       0.000      0.000       1.000       1.000
    Y115               1.000       0.000      0.000       1.000       1.000

 THETA2   BY
    Y21                1.000       0.000      0.000       1.000       1.000
    Y22                1.000       0.000      0.000       1.000       1.000
    Y23                1.000       0.000      0.000       1.000       1.000
    Y24                1.000       0.000      0.000       1.000       1.000
    Y25                1.000       0.000      0.000       1.000       1.000
    Y26                1.000       0.000      0.000       1.000       1.000
    Y27                1.000       0.000      0.000       1.000       1.000
    Y28                1.000       0.000      0.000       1.000       1.000
    Y29                1.000       0.000      0.000       1.000       1.000
    Y210               1.000       0.000      0.000       1.000       1.000
    Y211               1.000       0.000      0.000       1.000       1.000
    Y212               1.000       0.000      0.000       1.000       1.000
    Y213               1.000       0.000      0.000       1.000       1.000
    Y214               1.000       0.000      0.000       1.000       1.000
    Y215               1.000       0.000      0.000       1.000       1.000

 THETA3   BY
    Y31                1.000       0.000      0.000       1.000       1.000
    Y32                1.000       0.000      0.000       1.000       1.000
    Y33                1.000       0.000      0.000       1.000       1.000
    Y34                1.000       0.000      0.000       1.000       1.000
    Y35                1.000       0.000      0.000       1.000       1.000
    Y36                1.000       0.000      0.000       1.000       1.000
    Y37                1.000       0.000      0.000       1.000       1.000
    Y38                1.000       0.000      0.000       1.000       1.000
    Y39                1.000       0.000      0.000       1.000       1.000
    Y310               1.000       0.000      0.000       1.000       1.000
    Y311               1.000       0.000      0.000       1.000       1.000
    Y312               1.000       0.000      0.000       1.000       1.000
    Y313               1.000       0.000      0.000       1.000       1.000
    Y314               1.000       0.000      0.000       1.000       1.000
    Y315               1.000       0.000      0.000       1.000       1.000

 THETA4   BY
    Y41                1.000       0.000      0.000       1.000       1.000
    Y42                1.000       0.000      0.000       1.000       1.000
    Y43                1.000       0.000      0.000       1.000       1.000
    Y44                1.000       0.000      0.000       1.000       1.000
    Y45                1.000       0.000      0.000       1.000       1.000
    Y46                1.000       0.000      0.000       1.000       1.000
    Y47                1.000       0.000      0.000       1.000       1.000
    Y48                1.000       0.000      0.000       1.000       1.000
    Y49                1.000       0.000      0.000       1.000       1.000
    Y410               1.000       0.000      0.000       1.000       1.000
    Y411               1.000       0.000      0.000       1.000       1.000
    Y412               1.000       0.000      0.000       1.000       1.000
    Y413               1.000       0.000      0.000       1.000       1.000
    Y414               1.000       0.000      0.000       1.000       1.000
    Y415               1.000       0.000      0.000       1.000       1.000

 OCC2       ON
    OCC1               0.564       0.044      0.000       0.478       0.649      *

 OCC3       ON
    OCC2               0.564       0.044      0.000       0.478       0.649      *

 OCC4       ON
    OCC3               0.564       0.044      0.000       0.478       0.649      *

 OCC5       ON
    OCC4               0.564       0.044      0.000       0.478       0.649      *

 OCC6       ON
    OCC5               0.564       0.044      0.000       0.478       0.649      *

 OCC7       ON
    OCC6               0.564       0.044      0.000       0.478       0.649      *

 OCC8       ON
    OCC7               0.564       0.044      0.000       0.478       0.649      *

 OCC9       ON
    OCC8               0.564       0.044      0.000       0.478       0.649      *

 OCC10      ON
    OCC9               0.564       0.044      0.000       0.478       0.649      *

 OCC11      ON
    OCC10              0.564       0.044      0.000       0.478       0.649      *

 OCC12      ON
    OCC11              0.564       0.044      0.000       0.478       0.649      *

 OCC13      ON
    OCC12              0.564       0.044      0.000       0.478       0.649      *

 OCC14      ON
    OCC13              0.564       0.044      0.000       0.478       0.649      *

 OCC15      ON
    OCC14              0.564       0.044      0.000       0.478       0.649      *

 OCC1     WITH
    OCC2               0.000       0.000      1.000       0.000       0.000
    OCC3               0.000       0.000      1.000       0.000       0.000
    OCC4               0.000       0.000      1.000       0.000       0.000
    OCC5               0.000       0.000      1.000       0.000       0.000
    OCC6               0.000       0.000      1.000       0.000       0.000
    OCC7               0.000       0.000      1.000       0.000       0.000
    OCC8               0.000       0.000      1.000       0.000       0.000
    OCC9               0.000       0.000      1.000       0.000       0.000
    OCC10              0.000       0.000      1.000       0.000       0.000
    OCC11              0.000       0.000      1.000       0.000       0.000
    OCC12              0.000       0.000      1.000       0.000       0.000
    OCC13              0.000       0.000      1.000       0.000       0.000
    OCC14              0.000       0.000      1.000       0.000       0.000
    OCC15              0.000       0.000      1.000       0.000       0.000
    THETA1             0.000       0.000      1.000       0.000       0.000
    THETA2             0.000       0.000      1.000       0.000       0.000
    THETA3             0.000       0.000      1.000       0.000       0.000
    THETA4             0.000       0.000      1.000       0.000       0.000

 OCC2     WITH
    OCC3               0.000       0.000      1.000       0.000       0.000
    OCC4               0.000       0.000      1.000       0.000       0.000
    OCC5               0.000       0.000      1.000       0.000       0.000
    OCC6               0.000       0.000      1.000       0.000       0.000
    OCC7               0.000       0.000      1.000       0.000       0.000
    OCC8               0.000       0.000      1.000       0.000       0.000
    OCC9               0.000       0.000      1.000       0.000       0.000
    OCC10              0.000       0.000      1.000       0.000       0.000
    OCC11              0.000       0.000      1.000       0.000       0.000
    OCC12              0.000       0.000      1.000       0.000       0.000
    OCC13              0.000       0.000      1.000       0.000       0.000
    OCC14              0.000       0.000      1.000       0.000       0.000
    OCC15              0.000       0.000      1.000       0.000       0.000
    THETA1             0.000       0.000      1.000       0.000       0.000
    THETA2             0.000       0.000      1.000       0.000       0.000
    THETA3             0.000       0.000      1.000       0.000       0.000
    THETA4             0.000       0.000      1.000       0.000       0.000

 OCC3     WITH
    OCC4               0.000       0.000      1.000       0.000       0.000
    OCC5               0.000       0.000      1.000       0.000       0.000
    OCC6               0.000       0.000      1.000       0.000       0.000
    OCC7               0.000       0.000      1.000       0.000       0.000
    OCC8               0.000       0.000      1.000       0.000       0.000
    OCC9               0.000       0.000      1.000       0.000       0.000
    OCC10              0.000       0.000      1.000       0.000       0.000
    OCC11              0.000       0.000      1.000       0.000       0.000
    OCC12              0.000       0.000      1.000       0.000       0.000
    OCC13              0.000       0.000      1.000       0.000       0.000
    OCC14              0.000       0.000      1.000       0.000       0.000
    OCC15              0.000       0.000      1.000       0.000       0.000
    THETA1             0.000       0.000      1.000       0.000       0.000
    THETA2             0.000       0.000      1.000       0.000       0.000
    THETA3             0.000       0.000      1.000       0.000       0.000
    THETA4             0.000       0.000      1.000       0.000       0.000

 OCC4     WITH
    OCC5               0.000       0.000      1.000       0.000       0.000
    OCC6               0.000       0.000      1.000       0.000       0.000
    OCC7               0.000       0.000      1.000       0.000       0.000
    OCC8               0.000       0.000      1.000       0.000       0.000
    OCC9               0.000       0.000      1.000       0.000       0.000
    OCC10              0.000       0.000      1.000       0.000       0.000
    OCC11              0.000       0.000      1.000       0.000       0.000
    OCC12              0.000       0.000      1.000       0.000       0.000
    OCC13              0.000       0.000      1.000       0.000       0.000
    OCC14              0.000       0.000      1.000       0.000       0.000
    OCC15              0.000       0.000      1.000       0.000       0.000
    THETA1             0.000       0.000      1.000       0.000       0.000
    THETA2             0.000       0.000      1.000       0.000       0.000
    THETA3             0.000       0.000      1.000       0.000       0.000
    THETA4             0.000       0.000      1.000       0.000       0.000

 OCC5     WITH
    OCC6               0.000       0.000      1.000       0.000       0.000
    OCC7               0.000       0.000      1.000       0.000       0.000
    OCC8               0.000       0.000      1.000       0.000       0.000
    OCC9               0.000       0.000      1.000       0.000       0.000
    OCC10              0.000       0.000      1.000       0.000       0.000
    OCC11              0.000       0.000      1.000       0.000       0.000
    OCC12              0.000       0.000      1.000       0.000       0.000
    OCC13              0.000       0.000      1.000       0.000       0.000
    OCC14              0.000       0.000      1.000       0.000       0.000
    OCC15              0.000       0.000      1.000       0.000       0.000
    THETA1             0.000       0.000      1.000       0.000       0.000
    THETA2             0.000       0.000      1.000       0.000       0.000
    THETA3             0.000       0.000      1.000       0.000       0.000
    THETA4             0.000       0.000      1.000       0.000       0.000

 OCC6     WITH
    OCC7               0.000       0.000      1.000       0.000       0.000
    OCC8               0.000       0.000      1.000       0.000       0.000
    OCC9               0.000       0.000      1.000       0.000       0.000
    OCC10              0.000       0.000      1.000       0.000       0.000
    OCC11              0.000       0.000      1.000       0.000       0.000
    OCC12              0.000       0.000      1.000       0.000       0.000
    OCC13              0.000       0.000      1.000       0.000       0.000
    OCC14              0.000       0.000      1.000       0.000       0.000
    OCC15              0.000       0.000      1.000       0.000       0.000
    THETA1             0.000       0.000      1.000       0.000       0.000
    THETA2             0.000       0.000      1.000       0.000       0.000
    THETA3             0.000       0.000      1.000       0.000       0.000
    THETA4             0.000       0.000      1.000       0.000       0.000

 OCC7     WITH
    OCC8               0.000       0.000      1.000       0.000       0.000
    OCC9               0.000       0.000      1.000       0.000       0.000
    OCC10              0.000       0.000      1.000       0.000       0.000
    OCC11              0.000       0.000      1.000       0.000       0.000
    OCC12              0.000       0.000      1.000       0.000       0.000
    OCC13              0.000       0.000      1.000       0.000       0.000
    OCC14              0.000       0.000      1.000       0.000       0.000
    OCC15              0.000       0.000      1.000       0.000       0.000
    THETA1             0.000       0.000      1.000       0.000       0.000
    THETA2             0.000       0.000      1.000       0.000       0.000
    THETA3             0.000       0.000      1.000       0.000       0.000
    THETA4             0.000       0.000      1.000       0.000       0.000

 OCC8     WITH
    OCC9               0.000       0.000      1.000       0.000       0.000
    OCC10              0.000       0.000      1.000       0.000       0.000
    OCC11              0.000       0.000      1.000       0.000       0.000
    OCC12              0.000       0.000      1.000       0.000       0.000
    OCC13              0.000       0.000      1.000       0.000       0.000
    OCC14              0.000       0.000      1.000       0.000       0.000
    OCC15              0.000       0.000      1.000       0.000       0.000
    THETA1             0.000       0.000      1.000       0.000       0.000
    THETA2             0.000       0.000      1.000       0.000       0.000
    THETA3             0.000       0.000      1.000       0.000       0.000
    THETA4             0.000       0.000      1.000       0.000       0.000

 OCC9     WITH
    OCC10              0.000       0.000      1.000       0.000       0.000
    OCC11              0.000       0.000      1.000       0.000       0.000
    OCC12              0.000       0.000      1.000       0.000       0.000
    OCC13              0.000       0.000      1.000       0.000       0.000
    OCC14              0.000       0.000      1.000       0.000       0.000
    OCC15              0.000       0.000      1.000       0.000       0.000
    THETA1             0.000       0.000      1.000       0.000       0.000
    THETA2             0.000       0.000      1.000       0.000       0.000
    THETA3             0.000       0.000      1.000       0.000       0.000
    THETA4             0.000       0.000      1.000       0.000       0.000

 OCC10    WITH
    OCC11              0.000       0.000      1.000       0.000       0.000
    OCC12              0.000       0.000      1.000       0.000       0.000
    OCC13              0.000       0.000      1.000       0.000       0.000
    OCC14              0.000       0.000      1.000       0.000       0.000
    OCC15              0.000       0.000      1.000       0.000       0.000
    THETA1             0.000       0.000      1.000       0.000       0.000
    THETA2             0.000       0.000      1.000       0.000       0.000
    THETA3             0.000       0.000      1.000       0.000       0.000
    THETA4             0.000       0.000      1.000       0.000       0.000

 OCC11    WITH
    OCC12              0.000       0.000      1.000       0.000       0.000
    OCC13              0.000       0.000      1.000       0.000       0.000
    OCC14              0.000       0.000      1.000       0.000       0.000
    OCC15              0.000       0.000      1.000       0.000       0.000
    THETA1             0.000       0.000      1.000       0.000       0.000
    THETA2             0.000       0.000      1.000       0.000       0.000
    THETA3             0.000       0.000      1.000       0.000       0.000
    THETA4             0.000       0.000      1.000       0.000       0.000

 OCC12    WITH
    OCC13              0.000       0.000      1.000       0.000       0.000
    OCC14              0.000       0.000      1.000       0.000       0.000
    OCC15              0.000       0.000      1.000       0.000       0.000
    THETA1             0.000       0.000      1.000       0.000       0.000
    THETA2             0.000       0.000      1.000       0.000       0.000
    THETA3             0.000       0.000      1.000       0.000       0.000
    THETA4             0.000       0.000      1.000       0.000       0.000

 OCC13    WITH
    OCC14              0.000       0.000      1.000       0.000       0.000
    OCC15              0.000       0.000      1.000       0.000       0.000
    THETA1             0.000       0.000      1.000       0.000       0.000
    THETA2             0.000       0.000      1.000       0.000       0.000
    THETA3             0.000       0.000      1.000       0.000       0.000
    THETA4             0.000       0.000      1.000       0.000       0.000

 OCC14    WITH
    OCC15              0.000       0.000      1.000       0.000       0.000
    THETA1             0.000       0.000      1.000       0.000       0.000
    THETA2             0.000       0.000      1.000       0.000       0.000
    THETA3             0.000       0.000      1.000       0.000       0.000
    THETA4             0.000       0.000      1.000       0.000       0.000

 OCC15    WITH
    THETA1             0.000       0.000      1.000       0.000       0.000
    THETA2             0.000       0.000      1.000       0.000       0.000
    THETA3             0.000       0.000      1.000       0.000       0.000
    THETA4             0.000       0.000      1.000       0.000       0.000

 THETA2   WITH
    THETA1             1.645       0.489      0.000       0.973       2.882      *

 THETA3   WITH
    THETA1             1.736       0.626      0.000       0.846       3.256      *
    THETA2             1.411       0.498      0.000       0.716       2.631      *

 THETA4   WITH
    THETA1             1.718       0.542      0.000       0.955       3.059      *
    THETA2             1.359       0.428      0.000       0.767       2.408      *
    THETA3             1.383       0.551      0.000       0.600       2.679      *

 Means
    OCC1               0.000       0.000      1.000       0.000       0.000

 Intercepts
    Y11                1.760       0.254      0.000       1.121       2.284      *
    Y21                2.132       0.206      0.000       1.649       2.538      *
    Y31                2.545       0.270      0.000       1.875       3.102      *
    Y41                3.000       0.229      0.000       2.466       3.463      *
    Y12                1.760       0.254      0.000       1.121       2.284      *
    Y22                2.132       0.206      0.000       1.649       2.538      *
    Y32                2.545       0.270      0.000       1.875       3.102      *
    Y42                3.000       0.229      0.000       2.466       3.463      *
    Y13                1.760       0.254      0.000       1.121       2.284      *
    Y23                2.132       0.206      0.000       1.649       2.538      *
    Y33                2.545       0.270      0.000       1.875       3.102      *
    Y43                3.000       0.229      0.000       2.466       3.463      *
    Y14                1.760       0.254      0.000       1.121       2.284      *
    Y24                2.132       0.206      0.000       1.649       2.538      *
    Y34                2.545       0.270      0.000       1.875       3.102      *
    Y44                3.000       0.229      0.000       2.466       3.463      *
    Y15                1.760       0.254      0.000       1.121       2.284      *
    Y25                2.132       0.206      0.000       1.649       2.538      *
    Y35                2.545       0.270      0.000       1.875       3.102      *
    Y45                3.000       0.229      0.000       2.466       3.463      *
    Y16                1.760       0.254      0.000       1.121       2.284      *
    Y26                2.132       0.206      0.000       1.649       2.538      *
    Y36                2.545       0.270      0.000       1.875       3.102      *
    Y46                3.000       0.229      0.000       2.466       3.463      *
    Y17                1.760       0.254      0.000       1.121       2.284      *
    Y27                2.132       0.206      0.000       1.649       2.538      *
    Y37                2.545       0.270      0.000       1.875       3.102      *
    Y47                3.000       0.229      0.000       2.466       3.463      *
    Y18                1.760       0.254      0.000       1.121       2.284      *
    Y28                2.132       0.206      0.000       1.649       2.538      *
    Y38                2.545       0.270      0.000       1.875       3.102      *
    Y48                3.000       0.229      0.000       2.466       3.463      *
    Y19                1.760       0.254      0.000       1.121       2.284      *
    Y29                2.132       0.206      0.000       1.649       2.538      *
    Y39                2.545       0.270      0.000       1.875       3.102      *
    Y49                3.000       0.229      0.000       2.466       3.463      *
    Y110               1.760       0.254      0.000       1.121       2.284      *
    Y210               2.132       0.206      0.000       1.649       2.538      *
    Y310               2.545       0.270      0.000       1.875       3.102      *
    Y410               3.000       0.229      0.000       2.466       3.463      *
    Y111               1.760       0.254      0.000       1.121       2.284      *
    Y211               2.132       0.206      0.000       1.649       2.538      *
    Y311               2.545       0.270      0.000       1.875       3.102      *
    Y411               3.000       0.229      0.000       2.466       3.463      *
    Y112               1.760       0.254      0.000       1.121       2.284      *
    Y212               2.132       0.206      0.000       1.649       2.538      *
    Y312               2.545       0.270      0.000       1.875       3.102      *
    Y412               3.000       0.229      0.000       2.466       3.463      *
    Y113               1.760       0.254      0.000       1.121       2.284      *
    Y213               2.132       0.206      0.000       1.649       2.538      *
    Y313               2.545       0.270      0.000       1.875       3.102      *
    Y413               3.000       0.229      0.000       2.466       3.463      *
    Y114               1.760       0.254      0.000       1.121       2.284      *
    Y214               2.132       0.206      0.000       1.649       2.538      *
    Y314               2.545       0.270      0.000       1.875       3.102      *
    Y414               3.000       0.229      0.000       2.466       3.463      *
    Y115               1.760       0.254      0.000       1.121       2.284      *
    Y215               2.132       0.206      0.000       1.649       2.538      *
    Y315               2.545       0.270      0.000       1.875       3.102      *
    Y415               3.000       0.229      0.000       2.466       3.463      *
    OCC2               0.000       0.000      1.000       0.000       0.000
    OCC3               0.000       0.000      1.000       0.000       0.000
    OCC4               0.000       0.000      1.000       0.000       0.000
    OCC5               0.000       0.000      1.000       0.000       0.000
    OCC6               0.000       0.000      1.000       0.000       0.000
    OCC7               0.000       0.000      1.000       0.000       0.000
    OCC8               0.000       0.000      1.000       0.000       0.000
    OCC9               0.000       0.000      1.000       0.000       0.000
    OCC10              0.000       0.000      1.000       0.000       0.000
    OCC11              0.000       0.000      1.000       0.000       0.000
    OCC12              0.000       0.000      1.000       0.000       0.000
    OCC13              0.000       0.000      1.000       0.000       0.000
    OCC14              0.000       0.000      1.000       0.000       0.000
    OCC15              0.000       0.000      1.000       0.000       0.000

 Variances
    OCC1               1.625       0.128      0.000       1.399       1.898      *
    THETA1             2.025       0.620      0.000       1.161       3.584      *
    THETA2             1.520       0.417      0.000       0.964       2.563      *
    THETA3             2.137       0.744      0.000       1.030       3.916      *
    THETA4             1.758       0.524      0.000       1.022       3.064      *

 Residual Variances
    Y11                0.877       0.065      0.000       0.758       1.015      *
    Y21                0.536       0.033      0.000       0.477       0.605      *
    Y31                1.361       0.116      0.000       1.145       1.601      *
    Y41                0.838       0.057      0.000       0.734       0.953      *
    Y12                0.877       0.065      0.000       0.758       1.015      *
    Y22                0.536       0.033      0.000       0.477       0.605      *
    Y32                1.361       0.116      0.000       1.145       1.601      *
    Y42                0.838       0.057      0.000       0.734       0.953      *
    Y13                0.877       0.065      0.000       0.758       1.015      *
    Y23                0.536       0.033      0.000       0.477       0.605      *
    Y33                1.361       0.116      0.000       1.145       1.601      *
    Y43                0.838       0.057      0.000       0.734       0.953      *
    Y14                0.877       0.065      0.000       0.758       1.015      *
    Y24                0.536       0.033      0.000       0.477       0.605      *
    Y34                1.361       0.116      0.000       1.145       1.601      *
    Y44                0.838       0.057      0.000       0.734       0.953      *
    Y15                0.877       0.065      0.000       0.758       1.015      *
    Y25                0.536       0.033      0.000       0.477       0.605      *
    Y35                1.361       0.116      0.000       1.145       1.601      *
    Y45                0.838       0.057      0.000       0.734       0.953      *
    Y16                0.877       0.065      0.000       0.758       1.015      *
    Y26                0.536       0.033      0.000       0.477       0.605      *
    Y36                1.361       0.116      0.000       1.145       1.601      *
    Y46                0.838       0.057      0.000       0.734       0.953      *
    Y17                0.877       0.065      0.000       0.758       1.015      *
    Y27                0.536       0.033      0.000       0.477       0.605      *
    Y37                1.361       0.116      0.000       1.145       1.601      *
    Y47                0.838       0.057      0.000       0.734       0.953      *
    Y18                0.877       0.065      0.000       0.758       1.015      *
    Y28                0.536       0.033      0.000       0.477       0.605      *
    Y38                1.361       0.116      0.000       1.145       1.601      *
    Y48                0.838       0.057      0.000       0.734       0.953      *
    Y19                0.877       0.065      0.000       0.758       1.015      *
    Y29                0.536       0.033      0.000       0.477       0.605      *
    Y39                1.361       0.116      0.000       1.145       1.601      *
    Y49                0.838       0.057      0.000       0.734       0.953      *
    Y110               0.877       0.065      0.000       0.758       1.015      *
    Y210               0.536       0.033      0.000       0.477       0.605      *
    Y310               1.361       0.116      0.000       1.145       1.601      *
    Y410               0.838       0.057      0.000       0.734       0.953      *
    Y111               0.877       0.065      0.000       0.758       1.015      *
    Y211               0.536       0.033      0.000       0.477       0.605      *
    Y311               1.361       0.116      0.000       1.145       1.601      *
    Y411               0.838       0.057      0.000       0.734       0.953      *
    Y112               0.877       0.065      0.000       0.758       1.015      *
    Y212               0.536       0.033      0.000       0.477       0.605      *
    Y312               1.361       0.116      0.000       1.145       1.601      *
    Y412               0.838       0.057      0.000       0.734       0.953      *
    Y113               0.877       0.065      0.000       0.758       1.015      *
    Y213               0.536       0.033      0.000       0.477       0.605      *
    Y313               1.361       0.116      0.000       1.145       1.601      *
    Y413               0.838       0.057      0.000       0.734       0.953      *
    Y114               0.877       0.065      0.000       0.758       1.015      *
    Y214               0.536       0.033      0.000       0.477       0.605      *
    Y314               1.361       0.116      0.000       1.145       1.601      *
    Y414               0.838       0.057      0.000       0.734       0.953      *
    Y115               0.877       0.065      0.000       0.758       1.015      *
    Y215               0.536       0.033      0.000       0.477       0.605      *
    Y315               1.361       0.116      0.000       1.145       1.601      *
    Y415               0.838       0.057      0.000       0.734       0.953      *
    OCC2               1.625       0.128      0.000       1.399       1.898      *
    OCC3               1.625       0.128      0.000       1.399       1.898      *
    OCC4               1.625       0.128      0.000       1.399       1.898      *
    OCC5               1.625       0.128      0.000       1.399       1.898      *
    OCC6               1.625       0.128      0.000       1.399       1.898      *
    OCC7               1.625       0.128      0.000       1.399       1.898      *
    OCC8               1.625       0.128      0.000       1.399       1.898      *
    OCC9               1.625       0.128      0.000       1.399       1.898      *
    OCC10              1.625       0.128      0.000       1.399       1.898      *
    OCC11              1.625       0.128      0.000       1.399       1.898      *
    OCC12              1.625       0.128      0.000       1.399       1.898      *
    OCC13              1.625       0.128      0.000       1.399       1.898      *
    OCC14              1.625       0.128      0.000       1.399       1.898      *
    OCC15              1.625       0.128      0.000       1.399       1.898      *


     Beginning Time:  04:24:27
        Ending Time:  04:24:33
       Elapsed Time:  00:00:06



MUTHEN & MUTHEN
3463 Stoner Ave.
Los Angeles, CA  90066

Tel: (310) 391-9971
Fax: (310) 391-8971
Web: www.StatModel.com
Support: Support@StatModel.com

Copyright (c) 1998-2017 Muthen & Muthen
