Mplus VERSION 8
MUTHEN & MUTHEN
02/19/2019  10:33 AM

INPUT INSTRUCTIONS

  TITLE: Your title goes here
  DATA: FILE = "Mplus_files_Results/tso_wide_n50_i3_nt5_na0.1.dat";
  VARIABLE:
  NAMES = subjn y11 y21 y31 y12 y22 y32 y13 y23 y33 y14 y24 y34 y15 y25 y35;
  MISSING=.;
  USEVAR = y11
  y21
  y31
  y12
  y22
  y32
  y13
  y23
  y33
  y14
  y24
  y34
  y15
  y25
  y35 ;


  ANALYSIS:
  TYPE = GENERAL ;
  ESTIMATOR = BAYES ;
  BITERATIONS = (5000) ;

  PROCESSORS = 2 ;

  MODEL:

  ! Latent occasion variables
  occ1 BY y11@1
  y21 (las21)
  y31 (las31) ;
  occ2 BY y12@1
  y22 (las21)
  y32 (las31) ;
  occ3 BY y13@1
  y23 (las21)
  y33 (las31) ;
  occ4 BY y14@1
  y24 (las21)
  y34 (las31) ;
  occ5 BY y15@1
  y25 (las21)
  y35 (las31) ;

  ! Latent trait variable or trait indicators
  theta1 BY y11@1
  y12@1
  y13@1
  y14@1
  y15@1 ;
  theta2 BY y21@1
  y22@1
  y23@1
  y24@1
  y25@1 ;
  theta3 BY y31@1
  y32@1
  y33@1
  y34@1
  y35@1 ;

  ! Intercepts and means
  [y11*] (ins11) ;
  [y21*] (ins21) ;
  [y31*] (ins31) ;
  [y12*] (ins11) ;
  [y22*] (ins21) ;
  [y32*] (ins31) ;
  [y13*] (ins11) ;
  [y23*] (ins21) ;
  [y33*] (ins31) ;
  [y14*] (ins11) ;
  [y24*] (ins21) ;
  [y34*] (ins31) ;
  [y15*] (ins11) ;
  [y25*] (ins21) ;
  [y35*] (ins31) ;
  [occ1@0] ;
  [occ2@0] ;
  [occ3@0] ;
  [occ4@0] ;
  [occ5@0] ;

  ! Set 0 correlations
  occ1 WITH occ2@0
  occ3@0
  occ4@0
  occ5@0
  theta1@0
  theta2@0
  theta3@0 ;
  occ2 WITH occ3@0
  occ4@0
  occ5@0
  theta1@0
  theta2@0
  theta3@0 ;
  occ3 WITH occ4@0
  occ5@0
  theta1@0
  theta2@0
  theta3@0 ;
  occ4 WITH occ5@0
  theta1@0
  theta2@0
  theta3@0 ;
  occ5 WITH theta1@0
  theta2@0
  theta3@0 ;

  ! autoregressive effects
  occ2 ON occ1 (beta1) ;
  occ3 ON occ2 (beta1) ;
  occ4 ON occ3 (beta1) ;
  occ5 ON occ4 (beta1) ;

  ! Variance components
  y11 (err11) ;
  y21 (err21) ;
  y31 (err31) ;
  y12 (err11) ;
  y22 (err21) ;
  y32 (err31) ;
  y13 (err11) ;
  y23 (err21) ;
  y33 (err31) ;
  y14 (err11) ;
  y24 (err21) ;
  y34 (err31) ;
  y15 (err11) ;
  y25 (err21) ;
  y35 (err31) ;
  occ1 (oc_var1) ;
  occ2 (oc_var1) ;
  occ3 (oc_var1) ;
  occ4 (oc_var1) ;
  occ5 (oc_var1) ;
  theta1(t_var1) ;
  theta2(t_var2) ;
  theta3(t_var3) ;



INPUT READING TERMINATED NORMALLY



Your title goes here

SUMMARY OF ANALYSIS

Number of groups                                                 1
Number of observations                                          50

Number of dependent variables                                   15
Number of independent variables                                  0
Number of continuous latent variables                            8

Observed dependent variables

  Continuous
   Y11         Y21         Y31         Y12         Y22         Y32
   Y13         Y23         Y33         Y14         Y24         Y34
   Y15         Y25         Y35

Continuous latent variables
   OCC1        OCC2        OCC3        OCC4        OCC5        THETA1
   THETA2      THETA3


Estimator                                                    BAYES
Specifications for Bayesian Estimation
  Point estimate                                            MEDIAN
  Number of Markov chain Monte Carlo (MCMC) chains               2
  Random seed for the first chain                                0
  Starting value information                           UNPERTURBED
  Treatment of categorical mediator                         LATENT
  Algorithm used for Markov chain Monte Carlo           GIBBS(PX1)
  Convergence criterion                                  0.500D-01
  Maximum number of iterations                               50000
  K-th iteration used for thinning                               1

Input data file(s)
  Mplus_files_Results/tso_wide_n50_i3_nt5_na0.1.dat
Input data format  FREE


SUMMARY OF DATA



COVARIANCE COVERAGE OF DATA

Minimum covariance coverage value   0.100

     Number of missing data patterns            33


     PROPORTION OF DATA PRESENT


           Covariance Coverage
              Y11           Y21           Y31           Y12           Y22
              ________      ________      ________      ________      ________
 Y11            0.920
 Y21            0.800         0.860
 Y31            0.760         0.740         0.840
 Y12            0.880         0.820         0.800         0.960
 Y22            0.880         0.800         0.780         0.900         0.940
 Y32            0.820         0.780         0.760         0.860         0.860
 Y13            0.840         0.780         0.760         0.860         0.860
 Y23            0.820         0.760         0.740         0.860         0.840
 Y33            0.800         0.720         0.700         0.820         0.800
 Y14            0.800         0.740         0.740         0.840         0.840
 Y24            0.860         0.820         0.780         0.900         0.880
 Y34            0.920         0.860         0.840         0.960         0.940
 Y15            0.780         0.680         0.660         0.800         0.820
 Y25            0.800         0.760         0.740         0.840         0.840
 Y35            0.840         0.760         0.760         0.880         0.840


           Covariance Coverage
              Y32           Y13           Y23           Y33           Y14
              ________      ________      ________      ________      ________
 Y32            0.900
 Y13            0.800         0.900
 Y23            0.800         0.800         0.900
 Y33            0.760         0.780         0.760         0.860
 Y14            0.780         0.820         0.800         0.760         0.880
 Y24            0.840         0.840         0.860         0.800         0.820
 Y34            0.900         0.900         0.900         0.860         0.880
 Y15            0.740         0.760         0.740         0.720         0.720
 Y25            0.800         0.780         0.800         0.760         0.780
 Y35            0.800         0.800         0.800         0.800         0.800


           Covariance Coverage
              Y24           Y34           Y15           Y25           Y35
              ________      ________      ________      ________      ________
 Y24            0.940
 Y34            0.940         1.000
 Y15            0.780         0.820         0.820
 Y25            0.820         0.880         0.740         0.880
 Y35            0.840         0.900         0.760         0.780         0.900



UNIVARIATE SAMPLE STATISTICS


     UNIVARIATE HIGHER-ORDER MOMENT DESCRIPTIVE STATISTICS

         Variable/         Mean/     Skewness/   Minimum/ % with                Percentiles
        Sample Size      Variance    Kurtosis    Maximum  Min/Max      20%/60%    40%/80%    Median

     Y11                   1.881      -0.139      -2.838    2.17%      -0.065      1.284      2.311
              46.000       5.236      -0.595       6.871    2.17%       2.553      3.856
     Y21                   2.669       0.071      -0.868    2.33%       1.098      2.568      2.719
              43.000       2.617       0.172       7.111    2.33%       2.925      3.843
     Y31                   3.122      -0.094      -2.831    2.38%       0.705      2.735      3.679
              42.000       7.322      -0.044       8.758    2.38%       3.913      4.977
     Y12                   2.283      -0.218      -4.704    2.08%       0.175      1.841      2.226
              48.000       6.282       0.274       7.867    2.08%       2.526      4.101
     Y22                   2.702       0.423      -0.328    2.13%       1.308      2.387      2.691
              47.000       2.340       0.344       7.243    2.13%       3.012      3.816
     Y32                   2.807       0.075      -3.409    2.22%      -0.262      2.299      2.935
              45.000       8.897      -0.083      10.135    2.22%       3.402      5.055
     Y13                   2.422      -0.479      -4.507    2.22%       0.687      1.784      2.471
              45.000       4.638       0.841       6.997    2.22%       2.906      4.213
     Y23                   2.743       0.195      -0.410    2.22%       1.006      2.321      2.711
              45.000       2.867      -0.838       6.449    2.22%       2.891      4.223
     Y33                   3.416      -0.310      -2.988    2.33%       0.211      3.330      3.954
              43.000       7.883      -0.745       8.043    2.33%       4.449      5.576
     Y14                   1.809       0.218      -2.547    2.27%      -0.131      1.565      1.934
              44.000       4.943       0.384       8.141    2.27%       2.149      3.298
     Y24                   2.644       0.180      -0.204    2.13%       1.080      2.296      2.707
              47.000       2.527      -0.422       6.273    2.13%       3.078      3.522
     Y34                   3.175       0.042      -3.622    2.00%       0.537      2.256      3.259
              50.000       8.125      -0.374      10.163    2.00%       3.925      5.161
     Y15                   1.689       0.598      -2.360    2.44%      -0.249      0.658      1.056
              41.000       4.693      -0.284       6.849    2.44%       2.072      3.348
     Y25                   2.736       0.362      -0.095    2.27%       1.215      2.132      2.457
              44.000       2.519      -0.824       6.172    2.27%       2.642      4.316
     Y35                   2.896       0.209      -4.316    2.22%      -0.019      1.468      2.920
              45.000      10.001      -0.466       9.712    2.22%       3.547      5.810


THE MODEL ESTIMATION TERMINATED NORMALLY

     USE THE FBITERATIONS OPTION TO INCREASE THE NUMBER OF ITERATIONS BY A FACTOR
     OF AT LEAST TWO TO CHECK CONVERGENCE AND THAT THE PSR VALUE DOES NOT INCREASE.



MODEL FIT INFORMATION

Number of Free Parameters                              16

Bayesian Posterior Predictive Checking using Chi-Square

          95% Confidence Interval for the Difference Between
          the Observed and the Replicated Chi-Square Values

                                -49.223            39.748

          Posterior Predictive P-Value              0.598

Information Criteria

          Deviance (DIC)                         2413.675
          Estimated Number of Parameters (pD)      14.463
          Bayesian (BIC)                         2446.521



MODEL RESULTS

                                Posterior  One-Tailed         95% C.I.
                    Estimate       S.D.      P-Value   Lower 2.5%  Upper 2.5%  Significance

 OCC1     BY
    Y11                1.000       0.000      0.000       1.000       1.000
    Y21                0.485       0.069      0.000       0.355       0.629      *
    Y31                1.237       0.156      0.000       0.961       1.571      *

 OCC2     BY
    Y12                1.000       0.000      0.000       1.000       1.000
    Y22                0.485       0.069      0.000       0.355       0.629      *
    Y32                1.237       0.156      0.000       0.961       1.571      *

 OCC3     BY
    Y13                1.000       0.000      0.000       1.000       1.000
    Y23                0.485       0.069      0.000       0.355       0.629      *
    Y33                1.237       0.156      0.000       0.961       1.571      *

 OCC4     BY
    Y14                1.000       0.000      0.000       1.000       1.000
    Y24                0.485       0.069      0.000       0.355       0.629      *
    Y34                1.237       0.156      0.000       0.961       1.571      *

 OCC5     BY
    Y15                1.000       0.000      0.000       1.000       1.000
    Y25                0.485       0.069      0.000       0.355       0.629      *
    Y35                1.237       0.156      0.000       0.961       1.571      *

 THETA1   BY
    Y11                1.000       0.000      0.000       1.000       1.000
    Y12                1.000       0.000      0.000       1.000       1.000
    Y13                1.000       0.000      0.000       1.000       1.000
    Y14                1.000       0.000      0.000       1.000       1.000
    Y15                1.000       0.000      0.000       1.000       1.000

 THETA2   BY
    Y21                1.000       0.000      0.000       1.000       1.000
    Y22                1.000       0.000      0.000       1.000       1.000
    Y23                1.000       0.000      0.000       1.000       1.000
    Y24                1.000       0.000      0.000       1.000       1.000
    Y25                1.000       0.000      0.000       1.000       1.000

 THETA3   BY
    Y31                1.000       0.000      0.000       1.000       1.000
    Y32                1.000       0.000      0.000       1.000       1.000
    Y33                1.000       0.000      0.000       1.000       1.000
    Y34                1.000       0.000      0.000       1.000       1.000
    Y35                1.000       0.000      0.000       1.000       1.000

 OCC2       ON
    OCC1               0.343       0.131      0.004       0.088       0.600      *

 OCC3       ON
    OCC2               0.343       0.131      0.004       0.088       0.600      *

 OCC4       ON
    OCC3               0.343       0.131      0.004       0.088       0.600      *

 OCC5       ON
    OCC4               0.343       0.131      0.004       0.088       0.600      *

 OCC1     WITH
    OCC2               0.000       0.000      1.000       0.000       0.000
    OCC3               0.000       0.000      1.000       0.000       0.000
    OCC4               0.000       0.000      1.000       0.000       0.000
    OCC5               0.000       0.000      1.000       0.000       0.000
    THETA1             0.000       0.000      1.000       0.000       0.000
    THETA2             0.000       0.000      1.000       0.000       0.000
    THETA3             0.000       0.000      1.000       0.000       0.000

 OCC2     WITH
    OCC3               0.000       0.000      1.000       0.000       0.000
    OCC4               0.000       0.000      1.000       0.000       0.000
    OCC5               0.000       0.000      1.000       0.000       0.000
    THETA1             0.000       0.000      1.000       0.000       0.000
    THETA2             0.000       0.000      1.000       0.000       0.000
    THETA3             0.000       0.000      1.000       0.000       0.000

 OCC3     WITH
    OCC4               0.000       0.000      1.000       0.000       0.000
    OCC5               0.000       0.000      1.000       0.000       0.000
    THETA1             0.000       0.000      1.000       0.000       0.000
    THETA2             0.000       0.000      1.000       0.000       0.000
    THETA3             0.000       0.000      1.000       0.000       0.000

 OCC4     WITH
    OCC5               0.000       0.000      1.000       0.000       0.000
    THETA1             0.000       0.000      1.000       0.000       0.000
    THETA2             0.000       0.000      1.000       0.000       0.000
    THETA3             0.000       0.000      1.000       0.000       0.000

 OCC5     WITH
    THETA1             0.000       0.000      1.000       0.000       0.000
    THETA2             0.000       0.000      1.000       0.000       0.000
    THETA3             0.000       0.000      1.000       0.000       0.000

 THETA2   WITH
    THETA1             2.348       0.675      0.000       1.380       3.977      *

 THETA3   WITH
    THETA1             3.576       1.123      0.000       1.937       6.297      *
    THETA2             2.624       0.799      0.000       1.451       4.551      *

 Means
    OCC1               0.000       0.000      1.000       0.000       0.000

 Intercepts
    Y11                2.072       0.330      0.000       1.434       2.719      *
    Y21                2.632       0.236      0.000       2.164       3.097      *
    Y31                3.027       0.404      0.000       2.276       3.810      *
    Y12                2.072       0.330      0.000       1.434       2.719      *
    Y22                2.632       0.236      0.000       2.164       3.097      *
    Y32                3.027       0.404      0.000       2.276       3.810      *
    Y13                2.072       0.330      0.000       1.434       2.719      *
    Y23                2.632       0.236      0.000       2.164       3.097      *
    Y33                3.027       0.404      0.000       2.276       3.810      *
    Y14                2.072       0.330      0.000       1.434       2.719      *
    Y24                2.632       0.236      0.000       2.164       3.097      *
    Y34                3.027       0.404      0.000       2.276       3.810      *
    Y15                2.072       0.330      0.000       1.434       2.719      *
    Y25                2.632       0.236      0.000       2.164       3.097      *
    Y35                3.027       0.404      0.000       2.276       3.810      *
    OCC2               0.000       0.000      1.000       0.000       0.000
    OCC3               0.000       0.000      1.000       0.000       0.000
    OCC4               0.000       0.000      1.000       0.000       0.000
    OCC5               0.000       0.000      1.000       0.000       0.000

 Variances
    OCC1               1.750       0.321      0.000       1.199       2.437      *
    THETA1             3.211       0.976      0.000       1.812       5.562      *
    THETA2             1.851       0.515      0.000       1.139       3.094      *
    THETA3             4.868       1.489      0.000       2.749       8.578      *

 Residual Variances
    Y11                0.741       0.192      0.000       0.356       1.123      *
    Y21                0.570       0.076      0.000       0.436       0.737      *
    Y31                1.713       0.328      0.000       1.113       2.390      *
    Y12                0.741       0.192      0.000       0.356       1.123      *
    Y22                0.570       0.076      0.000       0.436       0.737      *
    Y32                1.713       0.328      0.000       1.113       2.390      *
    Y13                0.741       0.192      0.000       0.356       1.123      *
    Y23                0.570       0.076      0.000       0.436       0.737      *
    Y33                1.713       0.328      0.000       1.113       2.390      *
    Y14                0.741       0.192      0.000       0.356       1.123      *
    Y24                0.570       0.076      0.000       0.436       0.737      *
    Y34                1.713       0.328      0.000       1.113       2.390      *
    Y15                0.741       0.192      0.000       0.356       1.123      *
    Y25                0.570       0.076      0.000       0.436       0.737      *
    Y35                1.713       0.328      0.000       1.113       2.390      *
    OCC2               1.750       0.321      0.000       1.199       2.437      *
    OCC3               1.750       0.321      0.000       1.199       2.437      *
    OCC4               1.750       0.321      0.000       1.199       2.437      *
    OCC5               1.750       0.321      0.000       1.199       2.437      *


     Beginning Time:  10:33:04
        Ending Time:  10:33:06
       Elapsed Time:  00:00:02



MUTHEN & MUTHEN
3463 Stoner Ave.
Los Angeles, CA  90066

Tel: (310) 391-9971
Fax: (310) 391-8971
Web: www.StatModel.com
Support: Support@StatModel.com

Copyright (c) 1998-2017 Muthen & Muthen
