Mplus VERSION 8
MUTHEN & MUTHEN
02/16/2019   4:22 AM

INPUT INSTRUCTIONS

  TITLE: Your title goes here
  DATA: FILE = "Mplus_files_Results/tso_long_trunc_n500_i4_nt5_na0.dat";
  VARIABLE:
  NAMES = subjn time y1 y2 y3 y4;
  MISSING=.;
  USEVAR = y1
  y2
  y3
  y4 ;
  CLUSTER = subjn ;

  ANALYSIS:
  TYPE = TWOLEVEL ;
  ESTIMATOR = BAYES ;
  BITERATIONS = (5000) ;

  PROCESSORS = 2 ;

  MODEL:

  %WITHIN%

  ! Latent state residual
  eta BY y1@1
  y2
  y3
  y4   (&1) ;

  ! Autoregressive effect on the latent state residual
  eta ON eta&1 ;

  ! Latent errors and latent state variances
  y1(o_err1) ;
  y2(o_err2) ;
  y3(o_err3) ;
  y4(o_err4) ;
  eta(s_var) ;

  %BETWEEN%

  ! Latent trait-indicator variables
  theta1 BY y1@1 ;
  theta2 BY y2@1 ;
  theta3 BY y3@1 ;
  theta4 BY y4@1 ;

  ! Intercepts
  [y1*] ;
  [y2*] ;
  [y3*] ;
  [y4*] ;

  ! Fixing means of latent trait-indicator variables at 0
  [theta1@0] ;
  [theta2@0] ;
  [theta3@0] ;
  [theta4@0] ;

  ! Fixing level-2 variances at 0 and latent trait-indicator variances
  y1@0.001;
  y2@0.001;
  y3@0.001;
  y4@0.001;
  theta1(t_var1) ;
  theta2(t_var2) ;
  theta3(t_var3) ;
  theta4(t_var4) ;



*** WARNING
  One or more individual-level variables have no variation within a
  cluster for the following clusters.

     Variable   Cluster IDs with no within-cluster variation

      Y1          463
      Y2          70 209 216 231 243 291 297 324 336 377 427 438
      Y3          382
      Y4          56 149 343 438

   1 WARNING(S) FOUND IN THE INPUT INSTRUCTIONS



Your title goes here

SUMMARY OF ANALYSIS

Number of groups                                                 1
Number of observations                                        2500

Number of dependent variables                                    4
Number of independent variables                                  0
Number of continuous latent variables                            6

Observed dependent variables

  Continuous
   Y1          Y2          Y3          Y4

Continuous latent variables
   ETA         ETA&1       THETA1      THETA2      THETA3      THETA4

Variables with special functions

  Cluster variable      SUBJN

Estimator                                                    BAYES
Specifications for Bayesian Estimation
  Point estimate                                            MEDIAN
  Number of Markov chain Monte Carlo (MCMC) chains               2
  Random seed for the first chain                                0
  Starting value information                           UNPERTURBED
  Treatment of categorical mediator                         LATENT
  Algorithm used for Markov chain Monte Carlo           GIBBS(PX1)
  Convergence criterion                                  0.500D-01
  Maximum number of iterations                               50000
  K-th iteration used for thinning                               1

Input data file(s)
  Mplus_files_Results/tso_long_trunc_n500_i4_nt5_na0.dat
Input data format  FREE


SUMMARY OF DATA

     Number of clusters                        500

       Size (s)    Cluster ID with Size s

          5        1 2 3 4 5 6 7 8 9 10 11 12 13 14 15 16 17 18 19 20 21
                   22 23 24 25 26 27 28 29 30 31 32 33 34 35 36 37 38 39
                   40 41 42 43 44 45 46 47 48 49 50 51 52 53 54 55 56 57
                   58 59 60 61 62 63 64 65 66 67 68 69 70 71 72 73 74 75
                   76 77 78 79 80 81 82 83 84 85 86 87 88 89 90 91 92 93
                   94 95 96 97 98 99 100 101 102 103 104 105 106 107 108
                   109 110 111 112 113 114 115 116 117 118 119 120 121
                   122 123 124 125 126 127 128 129 130 131 132 133 134
                   135 136 137 138 139 140 141 142 143 144 145 146 147
                   148 149 150 151 152 153 154 155 156 157 158 159 160
                   161 162 163 164 165 166 167 168 169 170 171 172 173
                   174 175 176 177 178 179 180 181 182 183 184 185 186
                   187 188 189 190 191 192 193 194 195 196 197 198 199
                   200 201 202 203 204 205 206 207 208 209 210 211 212
                   213 214 215 216 217 218 219 220 221 222 223 224 225
                   226 227 228 229 230 231 232 233 234 235 236 237 238
                   239 240 241 242 243 244 245 246 247 248 249 250 251
                   252 253 254 255 256 257 258 259 260 261 262 263 264
                   265 266 267 268 269 270 271 272 273 274 275 276 277
                   278 279 280 281 282 283 284 285 286 287 288 289 290
                   291 292 293 294 295 296 297 298 299 300 301 302 303
                   304 305 306 307 308 309 310 311 312 313 314 315 316
                   317 318 319 320 321 322 323 324 325 326 327 328 329
                   330 331 332 333 334 335 336 337 338 339 340 341 342
                   343 344 345 346 347 348 349 350 351 352 353 354 355
                   356 357 358 359 360 361 362 363 364 365 366 367 368
                   369 370 371 372 373 374 375 376 377 378 379 380 381
                   382 383 384 385 386 387 388 389 390 391 392 393 394
                   395 396 397 398 399 400 401 402 403 404 405 406 407
                   408 409 410 411 412 413 414 415 416 417 418 419 420
                   421 422 423 424 425 426 427 428 429 430 431 432 433
                   434 435 436 437 438 439 440 441 442 443 444 445 446
                   447 448 449 450 451 452 453 454 455 456 457 458 459
                   460 461 462 463 464 465 466 467 468 469 470 471 472
                   473 474 475 476 477 478 479 480 481 482 483 484 485
                   486 487 488 489 490 491 492 493 494 495 496 497 498
                   499 500



COVARIANCE COVERAGE OF DATA

Minimum covariance coverage value   0.100

     Number of missing data patterns             1


     PROPORTION OF DATA PRESENT


           Covariance Coverage
              Y1            Y2            Y3            Y4
              ________      ________      ________      ________
 Y1             1.000
 Y2             1.000         1.000
 Y3             1.000         1.000         1.000
 Y4             1.000         1.000         1.000         1.000



UNIVARIATE SAMPLE STATISTICS


     UNIVARIATE HIGHER-ORDER MOMENT DESCRIPTIVE STATISTICS

         Variable/         Mean/     Skewness/   Minimum/ % with                Percentiles
        Sample Size      Variance    Kurtosis    Maximum  Min/Max      20%/60%    40%/80%    Median

     Y1                    1.626       0.237      -6.000    0.04%       0.000      1.000      1.000
            2500.000       4.197       0.090       9.000    0.08%       2.000      3.000
     Y2                    1.995       0.240      -2.000    0.28%       1.000      2.000      2.000
            2500.000       2.284      -0.393       7.000    0.16%       2.000      3.000
     Y3                    2.555       0.137      -9.000    0.04%       0.000      2.000      2.000
            2500.000       6.821       0.081      12.000    0.04%       3.000      5.000
     Y4                    2.969       0.073      -3.000    0.08%       1.000      2.000      3.000
            2500.000       3.775      -0.456       9.000    0.12%       3.000      5.000


THE MODEL ESTIMATION TERMINATED NORMALLY

     USE THE FBITERATIONS OPTION TO INCREASE THE NUMBER OF ITERATIONS BY A FACTOR
     OF AT LEAST TWO TO CHECK CONVERGENCE AND THAT THE PSR VALUE DOES NOT INCREASE.



MODEL FIT INFORMATION

Number of Free Parameters                              23

Information Criteria

          Deviance (DIC)                        29949.770
          Estimated Number of Parameters (pD)    3047.574



MODEL RESULTS

                                Posterior  One-Tailed         95% C.I.
                    Estimate       S.D.      P-Value   Lower 2.5%  Upper 2.5%  Significance

Within Level

 ETA      BY
    Y1                 1.000       0.000      0.000       1.000       1.000
    Y2                 0.498       0.019      0.000       0.462       0.536      *
    Y3                 1.318       0.040      0.000       1.244       1.400      *
    Y4                 0.867       0.027      0.000       0.817       0.923      *

 ETA        ON
    ETA&1              0.551       0.042      0.000       0.462       0.623      *

 Residual Variances
    Y1                 0.876       0.040      0.000       0.802       0.957      *
    Y2                 0.557       0.020      0.000       0.519       0.597      *
    Y3                 1.381       0.067      0.000       1.253       1.516      *
    Y4                 0.827       0.035      0.000       0.759       0.897      *
    ETA                1.510       0.081      0.000       1.355       1.675      *

Between Level

 THETA1   BY
    Y1                 1.000       0.000      0.000       1.000       1.000

 THETA2   BY
    Y2                 1.000       0.000      0.000       1.000       1.000

 THETA3   BY
    Y3                 1.000       0.000      0.000       1.000       1.000

 THETA4   BY
    Y4                 1.000       0.000      0.000       1.000       1.000

 THETA2   WITH
    THETA1             1.120       0.123      0.000       0.890       1.379      *

 THETA3   WITH
    THETA1             1.095       0.208      0.000       0.725       1.536      *
    THETA2             1.186       0.151      0.000       0.894       1.493      *

 THETA4   WITH
    THETA1             1.126       0.156      0.000       0.840       1.463      *
    THETA2             1.000       0.114      0.000       0.786       1.238      *
    THETA3             0.952       0.191      0.000       0.599       1.355      *

 Means
    THETA1             0.000       0.000      1.000       0.000       0.000
    THETA2             0.000       0.000      1.000       0.000       0.000
    THETA3             0.000       0.000      1.000       0.000       0.000
    THETA4             0.000       0.000      1.000       0.000       0.000

 Intercepts
    Y1                 1.620       0.022      0.000       1.572       1.658      *
    Y2                 1.994       0.033      0.000       1.936       2.059      *
    Y3                 2.570       0.048      0.000       2.488       2.682      *
    Y4                 2.941       0.040      0.000       2.885       3.029      *

 Variances
    THETA1             1.241       0.177      0.000       0.940       1.620      *
    THETA2             1.221       0.104      0.000       1.030       1.440      *
    THETA3             1.795       0.297      0.000       1.235       2.406      *
    THETA4             1.394       0.161      0.000       1.099       1.734      *

 Residual Variances
    Y1                 0.001       0.000      0.000       0.001       0.001
    Y2                 0.001       0.000      0.000       0.001       0.001
    Y3                 0.001       0.000      0.000       0.001       0.001
    Y4                 0.001       0.000      0.000       0.001       0.001


     Beginning Time:  04:22:49
        Ending Time:  04:23:05
       Elapsed Time:  00:00:16



MUTHEN & MUTHEN
3463 Stoner Ave.
Los Angeles, CA  90066

Tel: (310) 391-9971
Fax: (310) 391-8971
Web: www.StatModel.com
Support: Support@StatModel.com

Copyright (c) 1998-2017 Muthen & Muthen
