Mplus VERSION 8
MUTHEN & MUTHEN
02/15/2019   2:40 PM

INPUT INSTRUCTIONS

  TITLE: Your title goes here
  DATA: FILE = "Mplus_files_Results/tso_long_trunc_n100_i3_nt5_na0.dat";
  VARIABLE:
  NAMES = subjn time y1 y2 y3;
  MISSING=.;
  USEVAR = y1
  y2
  y3 ;
  CLUSTER = subjn ;

  ANALYSIS:
  TYPE = TWOLEVEL ;
  ESTIMATOR = BAYES ;
  BITERATIONS = (5000) ;

  PROCESSORS = 2 ;

  MODEL:

  %WITHIN%

  ! Latent state residual
  eta BY y1@1
  y2
  y3   (&1) ;

  ! Autoregressive effect on the latent state residual
  eta ON eta&1 ;

  ! Latent errors and latent state variances
  y1(o_err1) ;
  y2(o_err2) ;
  y3(o_err3) ;
  eta(s_var) ;

  %BETWEEN%

  ! Latent trait-indicator variables
  theta1 BY y1@1 ;
  theta2 BY y2@1 ;
  theta3 BY y3@1 ;

  ! Intercepts
  [y1*] ;
  [y2*] ;
  [y3*] ;

  ! Fixing means of latent trait-indicator variables at 0
  [theta1@0] ;
  [theta2@0] ;
  [theta3@0] ;

  ! Fixing level-2 variances at 0 and latent trait-indicator variances
  y1@0.001;
  y2@0.001;
  y3@0.001;
  theta1(t_var1) ;
  theta2(t_var2) ;
  theta3(t_var3) ;



*** WARNING
  One or more individual-level variables have no variation within a
  cluster for the following clusters.

     Variable   Cluster IDs with no within-cluster variation

      Y1          25 80
      Y2          88

   1 WARNING(S) FOUND IN THE INPUT INSTRUCTIONS



Your title goes here

SUMMARY OF ANALYSIS

Number of groups                                                 1
Number of observations                                         500

Number of dependent variables                                    3
Number of independent variables                                  0
Number of continuous latent variables                            5

Observed dependent variables

  Continuous
   Y1          Y2          Y3

Continuous latent variables
   ETA         ETA&1       THETA1      THETA2      THETA3

Variables with special functions

  Cluster variable      SUBJN

Estimator                                                    BAYES
Specifications for Bayesian Estimation
  Point estimate                                            MEDIAN
  Number of Markov chain Monte Carlo (MCMC) chains               2
  Random seed for the first chain                                0
  Starting value information                           UNPERTURBED
  Treatment of categorical mediator                         LATENT
  Algorithm used for Markov chain Monte Carlo           GIBBS(PX1)
  Convergence criterion                                  0.500D-01
  Maximum number of iterations                               50000
  K-th iteration used for thinning                               1

Input data file(s)
  Mplus_files_Results/tso_long_trunc_n100_i3_nt5_na0.dat
Input data format  FREE


SUMMARY OF DATA

     Number of clusters                        100

       Size (s)    Cluster ID with Size s

          5        1 2 3 4 5 6 7 8 9 10 11 12 13 14 15 16 17 18 19 20 21
                   22 23 24 25 26 27 28 29 30 31 32 33 34 35 36 37 38 39
                   40 41 42 43 44 45 46 47 48 49 50 51 52 53 54 55 56 57
                   58 59 60 61 62 63 64 65 66 67 68 69 70 71 72 73 74 75
                   76 77 78 79 80 81 82 83 84 85 86 87 88 89 90 91 92 93
                   94 95 96 97 98 99 100



COVARIANCE COVERAGE OF DATA

Minimum covariance coverage value   0.100

     Number of missing data patterns             1


     PROPORTION OF DATA PRESENT


           Covariance Coverage
              Y1            Y2            Y3
              ________      ________      ________
 Y1             1.000
 Y2             1.000         1.000
 Y3             1.000         1.000         1.000



UNIVARIATE SAMPLE STATISTICS


     UNIVARIATE HIGHER-ORDER MOMENT DESCRIPTIVE STATISTICS

         Variable/         Mean/     Skewness/   Minimum/ % with                Percentiles
        Sample Size      Variance    Kurtosis    Maximum  Min/Max      20%/60%    40%/80%    Median

     Y1                    1.570       0.212      -5.000    0.40%       0.000      1.000      1.000
             500.000       4.573       0.121       8.000    0.80%       2.000      3.000
     Y2                    1.926       0.051      -3.000    0.20%       1.000      1.000      2.000
             500.000       2.125      -0.385       6.000    0.20%       2.000      3.000
     Y3                    2.498       0.215      -7.000    0.20%       0.000      2.000      2.000
             500.000       6.870       0.305      11.000    0.40%       3.000      5.000


THE MODEL ESTIMATION TERMINATED NORMALLY

     USE THE FBITERATIONS OPTION TO INCREASE THE NUMBER OF ITERATIONS BY A FACTOR
     OF AT LEAST TWO TO CHECK CONVERGENCE AND THAT THE PSR VALUE DOES NOT INCREASE.



MODEL FIT INFORMATION

Number of Free Parameters                              16

Information Criteria

          Deviance (DIC)                         4581.458
          Estimated Number of Parameters (pD)     519.082



MODEL RESULTS

                                Posterior  One-Tailed         95% C.I.
                    Estimate       S.D.      P-Value   Lower 2.5%  Upper 2.5%  Significance

Within Level

 ETA      BY
    Y1                 1.000       0.000      0.000       1.000       1.000
    Y2                 0.532       0.045      0.000       0.448       0.626      *
    Y3                 1.358       0.099      0.000       1.181       1.570      *

 ETA        ON
    ETA&1              0.567       0.083      0.000       0.384       0.708      *

 Residual Variances
    Y1                 0.960       0.112      0.000       0.753       1.194      *
    Y2                 0.588       0.050      0.000       0.498       0.695      *
    Y3                 1.235       0.184      0.000       0.883       1.609      *
    ETA                1.559       0.197      0.000       1.196       1.969      *

Between Level

 THETA1   BY
    Y1                 1.000       0.000      0.000       1.000       1.000

 THETA2   BY
    Y2                 1.000       0.000      0.000       1.000       1.000

 THETA3   BY
    Y3                 1.000       0.000      0.000       1.000       1.000

 THETA2   WITH
    THETA1             1.073       0.314      0.000       0.529       1.768      *

 THETA3   WITH
    THETA1             1.274       0.538      0.000       0.380       2.463      *
    THETA2             1.107       0.369      0.000       0.481       1.927      *

 Means
    THETA1             0.000       0.000      1.000       0.000       0.000
    THETA2             0.000       0.000      1.000       0.000       0.000
    THETA3             0.000       0.000      1.000       0.000       0.000

 Intercepts
    Y1                 1.617       0.105      0.000       1.407       1.828      *
    Y2                 1.964       0.073      0.000       1.815       2.106      *
    Y3                 2.537       0.104      0.000       2.337       2.741      *

 Variances
    THETA1             1.527       0.490      0.000       0.690       2.623      *
    THETA2             0.967       0.230      0.000       0.583       1.486      *
    THETA3             1.622       0.685      0.000       0.561       3.170      *

 Residual Variances
    Y1                 0.001       0.000      0.000       0.001       0.001
    Y2                 0.001       0.000      0.000       0.001       0.001
    Y3                 0.001       0.000      0.000       0.001       0.001


     Beginning Time:  14:40:04
        Ending Time:  14:40:25
       Elapsed Time:  00:00:21



MUTHEN & MUTHEN
3463 Stoner Ave.
Los Angeles, CA  90066

Tel: (310) 391-9971
Fax: (310) 391-8971
Web: www.StatModel.com
Support: Support@StatModel.com

Copyright (c) 1998-2017 Muthen & Muthen
