Mplus VERSION 8
MUTHEN & MUTHEN
02/19/2019  10:38 AM

INPUT INSTRUCTIONS

  TITLE: Your title goes here
  DATA: FILE = "Mplus_files_Results/tso_wide_n50_i3_nt15_na0.1.dat";
  VARIABLE:
  NAMES = subjn y11 y21 y31 y12 y22 y32 y13 y23 y33 y14 y24 y34 y15 y25 y35 y16 y26
       y36 y17 y27 y37 y18 y28 y38 y19 y29 y39 y110 y210 y310 y111 y211 y311 y112 y212
       y312 y113 y213 y313 y114 y214 y314 y115 y215 y315;
  MISSING=.;
  USEVAR = y11
  y21
  y31
  y12
  y22
  y32
  y13
  y23
  y33
  y14
  y24
  y34
  y15
  y25
  y35
  y16
  y26
  y36
  y17
  y27
  y37
  y18
  y28
  y38
  y19
  y29
  y39
  y110
  y210
  y310
  y111
  y211
  y311
  y112
  y212
  y312
  y113
  y213
  y313
  y114
  y214
  y314
  y115
  y215
  y315 ;


  ANALYSIS:
  TYPE = GENERAL ;
  ESTIMATOR = BAYES ;
  BITERATIONS = (5000) ;

  PROCESSORS = 2 ;

  MODEL:

  ! Latent occasion variables
  occ1 BY y11@1
  y21 (las21)
  y31 (las31) ;
  occ2 BY y12@1
  y22 (las21)
  y32 (las31) ;
  occ3 BY y13@1
  y23 (las21)
  y33 (las31) ;
  occ4 BY y14@1
  y24 (las21)
  y34 (las31) ;
  occ5 BY y15@1
  y25 (las21)
  y35 (las31) ;
  occ6 BY y16@1
  y26 (las21)
  y36 (las31) ;
  occ7 BY y17@1
  y27 (las21)
  y37 (las31) ;
  occ8 BY y18@1
  y28 (las21)
  y38 (las31) ;
  occ9 BY y19@1
  y29 (las21)
  y39 (las31) ;
  occ10 BY y110@1
  y210 (las21)
  y310 (las31) ;
  occ11 BY y111@1
  y211 (las21)
  y311 (las31) ;
  occ12 BY y112@1
  y212 (las21)
  y312 (las31) ;
  occ13 BY y113@1
  y213 (las21)
  y313 (las31) ;
  occ14 BY y114@1
  y214 (las21)
  y314 (las31) ;
  occ15 BY y115@1
  y215 (las21)
  y315 (las31) ;

  ! Latent trait variable or trait indicators
  theta1 BY y11@1
  y12@1
  y13@1
  y14@1
  y15@1
  y16@1
  y17@1
  y18@1
  y19@1
  y110@1
  y111@1
  y112@1
  y113@1
  y114@1
  y115@1 ;
  theta2 BY y21@1
  y22@1
  y23@1
  y24@1
  y25@1
  y26@1
  y27@1
  y28@1
  y29@1
  y210@1
  y211@1
  y212@1
  y213@1
  y214@1
  y215@1 ;
  theta3 BY y31@1
  y32@1
  y33@1
  y34@1
  y35@1
  y36@1
  y37@1
  y38@1
  y39@1
  y310@1
  y311@1
  y312@1
  y313@1
  y314@1
  y315@1 ;

  ! Intercepts and means
  [y11*] (ins11) ;
  [y21*] (ins21) ;
  [y31*] (ins31) ;
  [y12*] (ins11) ;
  [y22*] (ins21) ;
  [y32*] (ins31) ;
  [y13*] (ins11) ;
  [y23*] (ins21) ;
  [y33*] (ins31) ;
  [y14*] (ins11) ;
  [y24*] (ins21) ;
  [y34*] (ins31) ;
  [y15*] (ins11) ;
  [y25*] (ins21) ;
  [y35*] (ins31) ;
  [y16*] (ins11) ;
  [y26*] (ins21) ;
  [y36*] (ins31) ;
  [y17*] (ins11) ;
  [y27*] (ins21) ;
  [y37*] (ins31) ;
  [y18*] (ins11) ;
  [y28*] (ins21) ;
  [y38*] (ins31) ;
  [y19*] (ins11) ;
  [y29*] (ins21) ;
  [y39*] (ins31) ;
  [y110*] (ins11) ;
  [y210*] (ins21) ;
  [y310*] (ins31) ;
  [y111*] (ins11) ;
  [y211*] (ins21) ;
  [y311*] (ins31) ;
  [y112*] (ins11) ;
  [y212*] (ins21) ;
  [y312*] (ins31) ;
  [y113*] (ins11) ;
  [y213*] (ins21) ;
  [y313*] (ins31) ;
  [y114*] (ins11) ;
  [y214*] (ins21) ;
  [y314*] (ins31) ;
  [y115*] (ins11) ;
  [y215*] (ins21) ;
  [y315*] (ins31) ;
  [occ1@0] ;
  [occ2@0] ;
  [occ3@0] ;
  [occ4@0] ;
  [occ5@0] ;
  [occ6@0] ;
  [occ7@0] ;
  [occ8@0] ;
  [occ9@0] ;
  [occ10@0] ;
  [occ11@0] ;
  [occ12@0] ;
  [occ13@0] ;
  [occ14@0] ;
  [occ15@0] ;

  ! Set 0 correlations
  occ1 WITH occ2@0
  occ3@0
  occ4@0
  occ5@0
  occ6@0
  occ7@0
  occ8@0
  occ9@0
  occ10@0
  occ11@0
  occ12@0
  occ13@0
  occ14@0
  occ15@0
  theta1@0
  theta2@0
  theta3@0 ;
  occ2 WITH occ3@0
  occ4@0
  occ5@0
  occ6@0
  occ7@0
  occ8@0
  occ9@0
  occ10@0
  occ11@0
  occ12@0
  occ13@0
  occ14@0
  occ15@0
  theta1@0
  theta2@0
  theta3@0 ;
  occ3 WITH occ4@0
  occ5@0
  occ6@0
  occ7@0
  occ8@0
  occ9@0
  occ10@0
  occ11@0
  occ12@0
  occ13@0
  occ14@0
  occ15@0
  theta1@0
  theta2@0
  theta3@0 ;
  occ4 WITH occ5@0
  occ6@0
  occ7@0
  occ8@0
  occ9@0
  occ10@0
  occ11@0
  occ12@0
  occ13@0
  occ14@0
  occ15@0
  theta1@0
  theta2@0
  theta3@0 ;
  occ5 WITH occ6@0
  occ7@0
  occ8@0
  occ9@0
  occ10@0
  occ11@0
  occ12@0
  occ13@0
  occ14@0
  occ15@0
  theta1@0
  theta2@0
  theta3@0 ;
  occ6 WITH occ7@0
  occ8@0
  occ9@0
  occ10@0
  occ11@0
  occ12@0
  occ13@0
  occ14@0
  occ15@0
  theta1@0
  theta2@0
  theta3@0 ;
  occ7 WITH occ8@0
  occ9@0
  occ10@0
  occ11@0
  occ12@0
  occ13@0
  occ14@0
  occ15@0
  theta1@0
  theta2@0
  theta3@0 ;
  occ8 WITH occ9@0
  occ10@0
  occ11@0
  occ12@0
  occ13@0
  occ14@0
  occ15@0
  theta1@0
  theta2@0
  theta3@0 ;
  occ9 WITH occ10@0
  occ11@0
  occ12@0
  occ13@0
  occ14@0
  occ15@0
  theta1@0
  theta2@0
  theta3@0 ;
  occ10 WITH occ11@0
  occ12@0
  occ13@0
  occ14@0
  occ15@0
  theta1@0
  theta2@0
  theta3@0 ;
  occ11 WITH occ12@0
  occ13@0
  occ14@0
  occ15@0
  theta1@0
  theta2@0
  theta3@0 ;
  occ12 WITH occ13@0
  occ14@0
  occ15@0
  theta1@0
  theta2@0
  theta3@0 ;
  occ13 WITH occ14@0
  occ15@0
  theta1@0
  theta2@0
  theta3@0 ;
  occ14 WITH occ15@0
  theta1@0
  theta2@0
  theta3@0 ;
  occ15 WITH theta1@0
  theta2@0
  theta3@0 ;

  ! autoregressive effects
  occ2 ON occ1 (beta1) ;
  occ3 ON occ2 (beta1) ;
  occ4 ON occ3 (beta1) ;
  occ5 ON occ4 (beta1) ;
  occ6 ON occ5 (beta1) ;
  occ7 ON occ6 (beta1) ;
  occ8 ON occ7 (beta1) ;
  occ9 ON occ8 (beta1) ;
  occ10 ON occ9 (beta1) ;
  occ11 ON occ10 (beta1) ;
  occ12 ON occ11 (beta1) ;
  occ13 ON occ12 (beta1) ;
  occ14 ON occ13 (beta1) ;
  occ15 ON occ14 (beta1) ;

  ! Variance components
  y11 (err11) ;
  y21 (err21) ;
  y31 (err31) ;
  y12 (err11) ;
  y22 (err21) ;
  y32 (err31) ;
  y13 (err11) ;
  y23 (err21) ;
  y33 (err31) ;
  y14 (err11) ;
  y24 (err21) ;
  y34 (err31) ;
  y15 (err11) ;
  y25 (err21) ;
  y35 (err31) ;
  y16 (err11) ;
  y26 (err21) ;
  y36 (err31) ;
  y17 (err11) ;
  y27 (err21) ;
  y37 (err31) ;
  y18 (err11) ;
  y28 (err21) ;
  y38 (err31) ;
  y19 (err11) ;
  y29 (err21) ;
  y39 (err31) ;
  y110 (err11) ;
  y210 (err21) ;
  y310 (err31) ;
  y111 (err11) ;
  y211 (err21) ;
  y311 (err31) ;
  y112 (err11) ;
  y212 (err21) ;
  y312 (err31) ;
  y113 (err11) ;
  y213 (err21) ;
  y313 (err31) ;
  y114 (err11) ;
  y214 (err21) ;
  y314 (err31) ;
  y115 (err11) ;
  y215 (err21) ;
  y315 (err31) ;
  occ1 (oc_var1) ;
  occ2 (oc_var1) ;
  occ3 (oc_var1) ;
  occ4 (oc_var1) ;
  occ5 (oc_var1) ;
  occ6 (oc_var1) ;
  occ7 (oc_var1) ;
  occ8 (oc_var1) ;
  occ9 (oc_var1) ;
  occ10 (oc_var1) ;
  occ11 (oc_var1) ;
  occ12 (oc_var1) ;
  occ13 (oc_var1) ;
  occ14 (oc_var1) ;
  occ15 (oc_var1) ;
  theta1(t_var1) ;
  theta2(t_var2) ;
  theta3(t_var3) ;



INPUT READING TERMINATED NORMALLY



Your title goes here

SUMMARY OF ANALYSIS

Number of groups                                                 1
Number of observations                                          50

Number of dependent variables                                   45
Number of independent variables                                  0
Number of continuous latent variables                           18

Observed dependent variables

  Continuous
   Y11         Y21         Y31         Y12         Y22         Y32
   Y13         Y23         Y33         Y14         Y24         Y34
   Y15         Y25         Y35         Y16         Y26         Y36
   Y17         Y27         Y37         Y18         Y28         Y38
   Y19         Y29         Y39         Y110        Y210        Y310
   Y111        Y211        Y311        Y112        Y212        Y312
   Y113        Y213        Y313        Y114        Y214        Y314
   Y115        Y215        Y315

Continuous latent variables
   OCC1        OCC2        OCC3        OCC4        OCC5        OCC6
   OCC7        OCC8        OCC9        OCC10       OCC11       OCC12
   OCC13       OCC14       OCC15       THETA1      THETA2      THETA3


Estimator                                                    BAYES
Specifications for Bayesian Estimation
  Point estimate                                            MEDIAN
  Number of Markov chain Monte Carlo (MCMC) chains               2
  Random seed for the first chain                                0
  Starting value information                           UNPERTURBED
  Treatment of categorical mediator                         LATENT
  Algorithm used for Markov chain Monte Carlo           GIBBS(PX1)
  Convergence criterion                                  0.500D-01
  Maximum number of iterations                               50000
  K-th iteration used for thinning                               1

Input data file(s)
  Mplus_files_Results/tso_wide_n50_i3_nt15_na0.1.dat
Input data format  FREE


SUMMARY OF DATA



COVARIANCE COVERAGE OF DATA

Minimum covariance coverage value   0.100

     Number of missing data patterns            49


     PROPORTION OF DATA PRESENT


           Covariance Coverage
              Y11           Y21           Y31           Y12           Y22
              ________      ________      ________      ________      ________
 Y11            0.920
 Y21            0.840         0.920
 Y31            0.800         0.800         0.860
 Y12            0.800         0.800         0.760         0.880
 Y22            0.800         0.840         0.760         0.800         0.880
 Y32            0.780         0.800         0.780         0.740         0.760
 Y13            0.820         0.800         0.760         0.760         0.760
 Y23            0.780         0.780         0.720         0.760         0.760
 Y33            0.860         0.880         0.800         0.820         0.840
 Y14            0.900         0.900         0.860         0.860         0.860
 Y24            0.800         0.800         0.760         0.780         0.760
 Y34            0.860         0.860         0.800         0.840         0.820
 Y15            0.800         0.780         0.740         0.760         0.740
 Y25            0.860         0.860         0.800         0.820         0.820
 Y35            0.820         0.860         0.780         0.780         0.800
 Y16            0.840         0.840         0.780         0.800         0.800
 Y26            0.880         0.880         0.840         0.840         0.840
 Y36            0.840         0.840         0.780         0.800         0.800
 Y17            0.840         0.840         0.800         0.800         0.800
 Y27            0.860         0.840         0.800         0.800         0.820
 Y37            0.820         0.820         0.800         0.780         0.780
 Y18            0.760         0.780         0.760         0.720         0.720
 Y28            0.860         0.860         0.780         0.800         0.820
 Y38            0.880         0.880         0.820         0.840         0.840
 Y19            0.780         0.780         0.740         0.740         0.740
 Y29            0.880         0.880         0.820         0.860         0.860
 Y39            0.860         0.820         0.760         0.780         0.780
 Y110           0.840         0.840         0.780         0.820         0.820
 Y210           0.840         0.840         0.780         0.820         0.820
 Y310           0.840         0.840         0.780         0.800         0.800
 Y111           0.840         0.840         0.780         0.800         0.800
 Y211           0.820         0.840         0.760         0.800         0.800
 Y311           0.840         0.800         0.780         0.780         0.780
 Y112           0.860         0.860         0.800         0.820         0.840
 Y212           0.840         0.820         0.780         0.820         0.820
 Y312           0.840         0.820         0.800         0.820         0.800
 Y113           0.860         0.860         0.820         0.820         0.820
 Y213           0.840         0.820         0.760         0.780         0.780
 Y313           0.860         0.840         0.800         0.820         0.820
 Y114           0.840         0.840         0.820         0.820         0.820
 Y214           0.840         0.840         0.800         0.780         0.800
 Y314           0.840         0.840         0.780         0.800         0.780
 Y115           0.860         0.860         0.800         0.820         0.820
 Y215           0.900         0.880         0.820         0.840         0.840
 Y315           0.780         0.800         0.780         0.740         0.740


           Covariance Coverage
              Y32           Y13           Y23           Y33           Y14
              ________      ________      ________      ________      ________
 Y32            0.860
 Y13            0.780         0.880
 Y23            0.740         0.760         0.860
 Y33            0.800         0.820         0.800         0.940
 Y14            0.860         0.880         0.840         0.920         0.980
 Y24            0.760         0.800         0.780         0.820         0.880
 Y34            0.800         0.820         0.800         0.880         0.920
 Y15            0.720         0.780         0.740         0.800         0.840
 Y25            0.840         0.820         0.800         0.880         0.920
 Y35            0.780         0.780         0.780         0.860         0.880
 Y16            0.800         0.820         0.780         0.880         0.900
 Y26            0.860         0.860         0.820         0.900         0.960
 Y36            0.780         0.840         0.820         0.860         0.900
 Y17            0.780         0.820         0.780         0.860         0.900
 Y27            0.800         0.800         0.800         0.860         0.900
 Y37            0.800         0.800         0.760         0.840         0.900
 Y18            0.720         0.740         0.700         0.780         0.840
 Y28            0.780         0.800         0.780         0.920         0.900
 Y38            0.820         0.840         0.820         0.920         0.940
 Y19            0.760         0.760         0.760         0.800         0.860
 Y29            0.820         0.840         0.820         0.920         0.940
 Y39            0.760         0.800         0.760         0.860         0.880
 Y110           0.780         0.820         0.780         0.860         0.900
 Y210           0.800         0.800         0.780         0.860         0.900
 Y310           0.800         0.820         0.820         0.860         0.900
 Y111           0.800         0.820         0.780         0.860         0.900
 Y211           0.760         0.780         0.760         0.880         0.880
 Y311           0.780         0.800         0.800         0.820         0.860
 Y112           0.800         0.840         0.800         0.880         0.920
 Y212           0.760         0.800         0.760         0.840         0.880
 Y312           0.760         0.780         0.760         0.840         0.880
 Y113           0.800         0.820         0.800         0.880         0.920
 Y213           0.780         0.780         0.760         0.840         0.880
 Y313           0.780         0.820         0.800         0.860         0.900
 Y114           0.800         0.820         0.800         0.860         0.920
 Y214           0.800         0.800         0.760         0.840         0.880
 Y314           0.760         0.780         0.760         0.840         0.880
 Y115           0.800         0.820         0.820         0.880         0.920
 Y215           0.820         0.840         0.820         0.900         0.940
 Y315           0.760         0.760         0.740         0.800         0.860


           Covariance Coverage
              Y24           Y34           Y15           Y25           Y35
              ________      ________      ________      ________      ________
 Y24            0.880
 Y34            0.820         0.940
 Y15            0.780         0.820         0.860
 Y25            0.820         0.880         0.800         0.940
 Y35            0.780         0.840         0.760         0.840         0.900
 Y16            0.800         0.880         0.780         0.860         0.820
 Y26            0.860         0.900         0.820         0.920         0.860
 Y36            0.820         0.860         0.820         0.860         0.820
 Y17            0.800         0.860         0.780         0.860         0.840
 Y27            0.800         0.860         0.780         0.860         0.820
 Y37            0.800         0.860         0.780         0.860         0.800
 Y18            0.740         0.780         0.720         0.780         0.740
 Y28            0.800         0.860         0.780         0.860         0.840
 Y38            0.840         0.900         0.820         0.900         0.880
 Y19            0.760         0.800         0.720         0.840         0.800
 Y29            0.840         0.900         0.820         0.900         0.880
 Y39            0.780         0.860         0.800         0.840         0.800
 Y110           0.820         0.880         0.780         0.860         0.820
 Y210           0.820         0.860         0.780         0.880         0.820
 Y310           0.820         0.860         0.780         0.860         0.840
 Y111           0.820         0.880         0.780         0.880         0.820
 Y211           0.780         0.860         0.760         0.840         0.820
 Y311           0.780         0.820         0.780         0.820         0.780
 Y112           0.820         0.880         0.800         0.880         0.840
 Y212           0.800         0.840         0.780         0.840         0.800
 Y312           0.780         0.860         0.760         0.840         0.800
 Y113           0.820         0.880         0.800         0.880         0.840
 Y213           0.780         0.860         0.780         0.860         0.820
 Y313           0.820         0.880         0.800         0.860         0.820
 Y114           0.820         0.860         0.780         0.860         0.820
 Y214           0.780         0.840         0.780         0.840         0.820
 Y314           0.800         0.840         0.760         0.840         0.820
 Y115           0.840         0.880         0.820         0.880         0.860
 Y215           0.840         0.900         0.820         0.900         0.860
 Y315           0.760         0.800         0.720         0.800         0.820


           Covariance Coverage
              Y16           Y26           Y36           Y17           Y27
              ________      ________      ________      ________      ________
 Y16            0.920
 Y26            0.880         0.960
 Y36            0.840         0.880         0.920
 Y17            0.840         0.880         0.840         0.920
 Y27            0.840         0.880         0.840         0.860         0.920
 Y37            0.820         0.900         0.820         0.840         0.840
 Y18            0.780         0.820         0.760         0.780         0.780
 Y28            0.860         0.880         0.840         0.840         0.840
 Y38            0.880         0.920         0.880         0.880         0.880
 Y19            0.780         0.840         0.800         0.800         0.800
 Y29            0.880         0.920         0.880         0.880         0.880
 Y39            0.840         0.860         0.820         0.820         0.840
 Y110           0.860         0.880         0.860         0.840         0.840
 Y210           0.840         0.880         0.840         0.860         0.840
 Y310           0.860         0.880         0.840         0.840         0.840
 Y111           0.860         0.880         0.860         0.840         0.840
 Y211           0.820         0.860         0.820         0.820         0.820
 Y311           0.800         0.840         0.820         0.800         0.820
 Y112           0.860         0.900         0.860         0.880         0.860
 Y212           0.820         0.860         0.820         0.820         0.820
 Y312           0.840         0.860         0.820         0.820         0.820
 Y113           0.880         0.900         0.860         0.880         0.900
 Y213           0.820         0.880         0.820         0.840         0.840
 Y313           0.840         0.880         0.860         0.840         0.840
 Y114           0.840         0.900         0.860         0.840         0.860
 Y214           0.820         0.860         0.820         0.820         0.820
 Y314           0.820         0.860         0.820         0.860         0.860
 Y115           0.860         0.900         0.860         0.860         0.880
 Y215           0.880         0.920         0.880         0.880         0.900
 Y315           0.780         0.840         0.780         0.840         0.800


           Covariance Coverage
              Y37           Y18           Y28           Y38           Y19
              ________      ________      ________      ________      ________
 Y37            0.900
 Y18            0.800         0.840
 Y28            0.820         0.760         0.920
 Y38            0.860         0.800         0.900         0.960
 Y19            0.780         0.720         0.780         0.820         0.860
 Y29            0.860         0.800         0.900         0.940         0.820
 Y39            0.820         0.740         0.840         0.880         0.760
 Y110           0.820         0.760         0.840         0.880         0.780
 Y210           0.820         0.760         0.840         0.880         0.800
 Y310           0.820         0.780         0.840         0.880         0.800
 Y111           0.820         0.760         0.840         0.880         0.800
 Y211           0.800         0.760         0.860         0.880         0.760
 Y311           0.780         0.720         0.800         0.840         0.740
 Y112           0.840         0.780         0.860         0.900         0.800
 Y212           0.800         0.740         0.820         0.880         0.760
 Y312           0.800         0.760         0.820         0.860         0.760
 Y113           0.860         0.820         0.860         0.900         0.820
 Y213           0.840         0.760         0.820         0.860         0.780
 Y313           0.820         0.760         0.840         0.880         0.780
 Y114           0.840         0.780         0.840         0.880         0.840
 Y214           0.820         0.760         0.820         0.860         0.760
 Y314           0.820         0.780         0.820         0.860         0.780
 Y115           0.840         0.780         0.860         0.900         0.840
 Y215           0.860         0.820         0.880         0.920         0.820
 Y315           0.820         0.760         0.780         0.820         0.780


           Covariance Coverage
              Y29           Y39           Y110          Y210          Y310
              ________      ________      ________      ________      ________
 Y29            0.960
 Y39            0.860         0.900
 Y110           0.880         0.820         0.920
 Y210           0.880         0.820         0.880         0.920
 Y310           0.880         0.820         0.840         0.840         0.920
 Y111           0.880         0.820         0.880         0.860         0.840
 Y211           0.880         0.800         0.820         0.820         0.820
 Y311           0.840         0.800         0.800         0.800         0.800
 Y112           0.900         0.840         0.880         0.880         0.860
 Y212           0.860         0.840         0.860         0.860         0.820
 Y312           0.860         0.800         0.820         0.820         0.820
 Y113           0.900         0.840         0.860         0.860         0.860
 Y213           0.860         0.840         0.820         0.820         0.840
 Y313           0.880         0.820         0.860         0.860         0.840
 Y114           0.880         0.820         0.840         0.840         0.840
 Y214           0.860         0.820         0.840         0.840         0.820
 Y314           0.860         0.820         0.840         0.840         0.820
 Y115           0.900         0.840         0.860         0.860         0.880
 Y215           0.920         0.880         0.880         0.880         0.900
 Y315           0.820         0.760         0.780         0.800         0.800


           Covariance Coverage
              Y111          Y211          Y311          Y112          Y212
              ________      ________      ________      ________      ________
 Y111           0.920
 Y211           0.820         0.900
 Y311           0.800         0.780         0.880
 Y112           0.860         0.840         0.820         0.940
 Y212           0.820         0.800         0.800         0.860         0.900
 Y312           0.820         0.840         0.800         0.840         0.820
 Y113           0.860         0.840         0.820         0.880         0.840
 Y213           0.820         0.800         0.780         0.840         0.800
 Y313           0.840         0.840         0.840         0.880         0.840
 Y114           0.840         0.820         0.800         0.860         0.840
 Y214           0.820         0.800         0.820         0.860         0.840
 Y314           0.820         0.800         0.780         0.840         0.820
 Y115           0.860         0.840         0.820         0.880         0.840
 Y215           0.880         0.860         0.840         0.900         0.860
 Y315           0.780         0.760         0.740         0.800         0.760


           Covariance Coverage
              Y312          Y113          Y213          Y313          Y114
              ________      ________      ________      ________      ________
 Y312           0.900
 Y113           0.860         0.940
 Y213           0.800         0.840         0.900
 Y313           0.860         0.860         0.820         0.920
 Y114           0.840         0.880         0.820         0.840         0.920
 Y214           0.800         0.840         0.800         0.840         0.820
 Y314           0.800         0.860         0.840         0.820         0.820
 Y115           0.840         0.900         0.840         0.860         0.880
 Y215           0.860         0.900         0.900         0.880         0.880
 Y315           0.760         0.820         0.780         0.780         0.800


           Covariance Coverage
              Y214          Y314          Y115          Y215          Y315
              ________      ________      ________      ________      ________
 Y214           0.900
 Y314           0.800         0.900
 Y115           0.840         0.840         0.940
 Y215           0.860         0.880         0.900         0.960
 Y315           0.800         0.800         0.820         0.820         0.860



UNIVARIATE SAMPLE STATISTICS


     UNIVARIATE HIGHER-ORDER MOMENT DESCRIPTIVE STATISTICS

         Variable/         Mean/     Skewness/   Minimum/ % with                Percentiles
        Sample Size      Variance    Kurtosis    Maximum  Min/Max      20%/60%    40%/80%    Median

     Y11                   2.130      -0.154      -3.483    2.17%       0.048      1.686      2.414
              46.000       4.923      -0.403       6.571    2.17%       2.734      3.917
     Y21                   2.435       0.237      -0.749    2.17%       1.141      1.943      2.147
              46.000       1.898      -0.174       5.730    2.17%       2.624      3.648
     Y31                   2.688       1.249      -1.063    2.33%       0.230      1.494      2.696
              43.000       7.100       1.953      11.044    2.33%       3.101      3.924
     Y12                   2.136       0.343      -1.373    2.27%      -0.056      1.342      2.231
              44.000       4.655      -0.630       7.139    2.27%       2.686      3.824
     Y22                   2.619      -0.222      -1.512    2.27%       1.271      2.214      2.692
              44.000       2.542      -0.159       5.651    2.27%       3.051      3.717
     Y32                   3.161       0.335      -2.602    2.33%       0.553      1.952      2.636
              43.000      10.441      -0.422      11.135    2.33%       3.665      5.251
     Y13                   2.450      -0.198      -3.570    2.27%       0.141      1.959      2.495
              44.000       5.088      -0.295       6.917    2.27%       3.076      4.444
     Y23                   2.763       0.201      -1.378    2.33%       1.181      2.010      2.686
              43.000       3.152      -0.314       6.929    2.33%       3.117      4.012
     Y33                   3.345      -0.235      -3.091    2.13%       0.915      2.588      3.172
              47.000       7.894      -0.412       9.082    2.13%       4.105      5.972
     Y14                   2.214       0.177      -2.933    2.04%       0.159      1.581      1.994
              49.000       5.520      -0.186       7.873    2.04%       2.580      4.298
     Y24                   2.506       0.230      -0.258    2.27%       1.007      2.021      2.528
              44.000       2.437      -0.497       6.237    2.27%       2.721      3.902
     Y34                   3.531       0.135      -3.099    2.13%       0.846      3.038      3.684
              47.000       8.892       0.451      12.103    2.13%       4.400      5.362
     Y15                   2.082      -0.044      -4.041    2.33%       0.372      1.303      2.118
              43.000       6.818      -0.172       7.469    2.33%       2.602      4.007
     Y25                   2.661       0.359      -0.658    2.13%       1.531      2.170      2.600
              47.000       2.370       0.585       6.832    2.13%       2.887      3.626
     Y35                   2.741       0.269      -3.552    2.22%      -0.161      1.838      2.637
              45.000      10.188       0.058      11.159    2.22%       3.391      4.472
     Y16                   1.841      -0.376      -5.399    2.17%      -0.599      1.700      1.947
              46.000       6.715       0.563       8.263    2.17%       2.357      4.154
     Y26                   2.445      -0.417      -2.324    2.08%       0.738      2.173      2.600
              48.000       3.839      -0.148       6.590    2.08%       3.147      3.734
     Y36                   2.407      -0.057      -4.088    2.17%      -2.170      2.050      2.773
              46.000      12.096      -0.616      10.574    2.17%       3.357      4.979
     Y17                   2.278       0.000      -4.244    2.17%       0.477      1.405      2.226
              46.000       6.964       0.117       8.604    2.17%       2.875      4.739
     Y27                   2.664      -0.275      -2.091    2.17%       1.033      2.156      2.783
              46.000       3.362      -0.033       7.020    2.17%       3.271      4.391
     Y37                   3.332      -0.402      -6.458    2.22%       2.061      2.910      3.368
              45.000      10.662       2.190      12.995    2.22%       4.146      5.330
     Y18                   2.351      -0.071      -3.074    2.38%       0.424      2.002      2.387
              42.000       5.702       0.118       7.939    2.38%       2.590      4.113
     Y28                   2.697      -0.264      -1.265    2.17%       1.246      2.210      2.785
              46.000       2.627       0.347       6.336    2.17%       3.142      3.839
     Y38                   3.240      -0.098      -3.597    2.08%       0.917      2.322      3.247
              48.000       8.420      -0.146       9.401    2.08%       3.482      5.417
     Y19                   1.818      -0.036      -3.928    2.33%      -0.088      0.988      1.757
              43.000       6.550      -0.240       7.753    2.33%       2.085      3.879
     Y29                   2.359       0.034      -0.895    2.08%       1.530      1.852      2.278
              48.000       2.428      -0.066       6.063    2.08%       2.787      3.421
     Y39                   2.777      -0.063      -5.102    2.22%       0.205      2.076      2.961
              45.000      10.245       0.427      11.059    2.22%       3.253      5.428
     Y110                  1.834       0.098      -4.203    2.17%      -0.318      1.107      1.661
              46.000       5.620       0.200       7.731    2.17%       2.219      3.647
     Y210                  2.333      -0.129      -2.182    2.17%       0.855      1.814      2.329
              46.000       2.914       0.455       6.869    2.17%       2.787      3.789
     Y310                  2.621       0.027      -5.359    2.17%      -0.061      1.722      2.219
              46.000       8.440      -0.019       9.100    2.17%       2.523      4.873
     Y111                  1.821       0.398      -1.928    2.17%      -0.106      1.043      1.789
              46.000       4.357      -0.515       6.718    2.17%       2.041      3.549
     Y211                  2.354       0.355      -0.894    2.22%       1.168      1.855      2.089
              45.000       2.183       0.686       6.716    2.22%       2.367      3.621
     Y311                  2.527       0.014      -3.447    2.27%      -1.100      2.021      2.909
              44.000      10.458      -0.613      10.571    2.27%       3.740      5.091
     Y112                  2.377      -0.058      -3.090    2.13%       0.270      1.934      2.534
              47.000       5.312      -0.068       7.572    2.13%       2.882      4.351
     Y212                  2.669       0.433      -0.044    2.22%       1.303      2.333      2.617
              45.000       2.039       0.516       6.899    2.22%       2.961      3.669
     Y312                  3.525       0.357      -1.662    2.22%       0.868      2.550      3.495
              45.000       7.327      -0.309       9.973    2.22%       4.020      5.759
     Y113                  2.330       0.255      -1.548    2.13%       0.031      1.899      2.293
              47.000       4.986      -0.566       7.294    2.13%       2.762      4.445
     Y213                  2.364       0.313      -1.226    2.22%       1.034      1.738      2.053
              45.000       2.199      -0.227       5.673    2.22%       2.304      3.584
     Y313                  2.958       0.398      -1.780    2.17%       0.949      1.612      2.503
              46.000       6.641      -0.163       9.999    2.17%       3.738      4.926
     Y114                  1.899       0.154      -2.098    2.17%      -0.028      1.018      1.716
              46.000       4.160      -0.447       6.390    2.17%       2.545      3.487
     Y214                  2.577       0.685      -0.085    2.22%       1.306      1.729      2.386
              45.000       2.231       0.216       6.802    2.22%       2.801      3.998
     Y314                  2.686       0.241      -2.762    2.22%      -0.408      1.971      2.786
              45.000       9.145      -0.780       8.951    2.22%       3.185      5.110
     Y115                  2.493       0.439      -0.889    2.13%       0.377      1.622      1.947
              47.000       4.627      -0.403       7.750    2.13%       2.875      4.370
     Y215                  2.781       0.155      -0.669    2.08%       1.720      2.119      2.669
              48.000       2.272       0.031       6.562    2.08%       2.957      3.909
     Y315                  2.844       0.179      -1.958    2.33%      -0.194      1.486      3.065
              43.000       8.298      -0.984       9.503    2.33%       3.903      5.250


THE MODEL ESTIMATION TERMINATED NORMALLY

     USE THE FBITERATIONS OPTION TO INCREASE THE NUMBER OF ITERATIONS BY A FACTOR
     OF AT LEAST TWO TO CHECK CONVERGENCE AND THAT THE PSR VALUE DOES NOT INCREASE.



MODEL FIT INFORMATION

Number of Free Parameters                              16

Bayesian Posterior Predictive Checking using Chi-Square

          95% Confidence Interval for the Difference Between
          the Observed and the Replicated Chi-Square Values

                               -305.419           120.725

          Posterior Predictive P-Value              0.779

Information Criteria

          Deviance (DIC)                         7138.484
          Estimated Number of Parameters (pD)      14.697
          Bayesian (BIC)                         7170.957



MODEL RESULTS

                                Posterior  One-Tailed         95% C.I.
                    Estimate       S.D.      P-Value   Lower 2.5%  Upper 2.5%  Significance

 OCC1     BY
    Y11                1.000       0.000      0.000       1.000       1.000
    Y21                0.534       0.026      0.000       0.485       0.586      *
    Y31                1.394       0.061      0.000       1.280       1.525      *

 OCC2     BY
    Y12                1.000       0.000      0.000       1.000       1.000
    Y22                0.534       0.026      0.000       0.485       0.586      *
    Y32                1.394       0.061      0.000       1.280       1.525      *

 OCC3     BY
    Y13                1.000       0.000      0.000       1.000       1.000
    Y23                0.534       0.026      0.000       0.485       0.586      *
    Y33                1.394       0.061      0.000       1.280       1.525      *

 OCC4     BY
    Y14                1.000       0.000      0.000       1.000       1.000
    Y24                0.534       0.026      0.000       0.485       0.586      *
    Y34                1.394       0.061      0.000       1.280       1.525      *

 OCC5     BY
    Y15                1.000       0.000      0.000       1.000       1.000
    Y25                0.534       0.026      0.000       0.485       0.586      *
    Y35                1.394       0.061      0.000       1.280       1.525      *

 OCC6     BY
    Y16                1.000       0.000      0.000       1.000       1.000
    Y26                0.534       0.026      0.000       0.485       0.586      *
    Y36                1.394       0.061      0.000       1.280       1.525      *

 OCC7     BY
    Y17                1.000       0.000      0.000       1.000       1.000
    Y27                0.534       0.026      0.000       0.485       0.586      *
    Y37                1.394       0.061      0.000       1.280       1.525      *

 OCC8     BY
    Y18                1.000       0.000      0.000       1.000       1.000
    Y28                0.534       0.026      0.000       0.485       0.586      *
    Y38                1.394       0.061      0.000       1.280       1.525      *

 OCC9     BY
    Y19                1.000       0.000      0.000       1.000       1.000
    Y29                0.534       0.026      0.000       0.485       0.586      *
    Y39                1.394       0.061      0.000       1.280       1.525      *

 OCC10    BY
    Y110               1.000       0.000      0.000       1.000       1.000
    Y210               0.534       0.026      0.000       0.485       0.586      *
    Y310               1.394       0.061      0.000       1.280       1.525      *

 OCC11    BY
    Y111               1.000       0.000      0.000       1.000       1.000
    Y211               0.534       0.026      0.000       0.485       0.586      *
    Y311               1.394       0.061      0.000       1.280       1.525      *

 OCC12    BY
    Y112               1.000       0.000      0.000       1.000       1.000
    Y212               0.534       0.026      0.000       0.485       0.586      *
    Y312               1.394       0.061      0.000       1.280       1.525      *

 OCC13    BY
    Y113               1.000       0.000      0.000       1.000       1.000
    Y213               0.534       0.026      0.000       0.485       0.586      *
    Y313               1.394       0.061      0.000       1.280       1.525      *

 OCC14    BY
    Y114               1.000       0.000      0.000       1.000       1.000
    Y214               0.534       0.026      0.000       0.485       0.586      *
    Y314               1.394       0.061      0.000       1.280       1.525      *

 OCC15    BY
    Y115               1.000       0.000      0.000       1.000       1.000
    Y215               0.534       0.026      0.000       0.485       0.586      *
    Y315               1.394       0.061      0.000       1.280       1.525      *

 THETA1   BY
    Y11                1.000       0.000      0.000       1.000       1.000
    Y12                1.000       0.000      0.000       1.000       1.000
    Y13                1.000       0.000      0.000       1.000       1.000
    Y14                1.000       0.000      0.000       1.000       1.000
    Y15                1.000       0.000      0.000       1.000       1.000
    Y16                1.000       0.000      0.000       1.000       1.000
    Y17                1.000       0.000      0.000       1.000       1.000
    Y18                1.000       0.000      0.000       1.000       1.000
    Y19                1.000       0.000      0.000       1.000       1.000
    Y110               1.000       0.000      0.000       1.000       1.000
    Y111               1.000       0.000      0.000       1.000       1.000
    Y112               1.000       0.000      0.000       1.000       1.000
    Y113               1.000       0.000      0.000       1.000       1.000
    Y114               1.000       0.000      0.000       1.000       1.000
    Y115               1.000       0.000      0.000       1.000       1.000

 THETA2   BY
    Y21                1.000       0.000      0.000       1.000       1.000
    Y22                1.000       0.000      0.000       1.000       1.000
    Y23                1.000       0.000      0.000       1.000       1.000
    Y24                1.000       0.000      0.000       1.000       1.000
    Y25                1.000       0.000      0.000       1.000       1.000
    Y26                1.000       0.000      0.000       1.000       1.000
    Y27                1.000       0.000      0.000       1.000       1.000
    Y28                1.000       0.000      0.000       1.000       1.000
    Y29                1.000       0.000      0.000       1.000       1.000
    Y210               1.000       0.000      0.000       1.000       1.000
    Y211               1.000       0.000      0.000       1.000       1.000
    Y212               1.000       0.000      0.000       1.000       1.000
    Y213               1.000       0.000      0.000       1.000       1.000
    Y214               1.000       0.000      0.000       1.000       1.000
    Y215               1.000       0.000      0.000       1.000       1.000

 THETA3   BY
    Y31                1.000       0.000      0.000       1.000       1.000
    Y32                1.000       0.000      0.000       1.000       1.000
    Y33                1.000       0.000      0.000       1.000       1.000
    Y34                1.000       0.000      0.000       1.000       1.000
    Y35                1.000       0.000      0.000       1.000       1.000
    Y36                1.000       0.000      0.000       1.000       1.000
    Y37                1.000       0.000      0.000       1.000       1.000
    Y38                1.000       0.000      0.000       1.000       1.000
    Y39                1.000       0.000      0.000       1.000       1.000
    Y310               1.000       0.000      0.000       1.000       1.000
    Y311               1.000       0.000      0.000       1.000       1.000
    Y312               1.000       0.000      0.000       1.000       1.000
    Y313               1.000       0.000      0.000       1.000       1.000
    Y314               1.000       0.000      0.000       1.000       1.000
    Y315               1.000       0.000      0.000       1.000       1.000

 OCC2       ON
    OCC1               0.562       0.044      0.000       0.476       0.649      *

 OCC3       ON
    OCC2               0.562       0.044      0.000       0.476       0.649      *

 OCC4       ON
    OCC3               0.562       0.044      0.000       0.476       0.649      *

 OCC5       ON
    OCC4               0.562       0.044      0.000       0.476       0.649      *

 OCC6       ON
    OCC5               0.562       0.044      0.000       0.476       0.649      *

 OCC7       ON
    OCC6               0.562       0.044      0.000       0.476       0.649      *

 OCC8       ON
    OCC7               0.562       0.044      0.000       0.476       0.649      *

 OCC9       ON
    OCC8               0.562       0.044      0.000       0.476       0.649      *

 OCC10      ON
    OCC9               0.562       0.044      0.000       0.476       0.649      *

 OCC11      ON
    OCC10              0.562       0.044      0.000       0.476       0.649      *

 OCC12      ON
    OCC11              0.562       0.044      0.000       0.476       0.649      *

 OCC13      ON
    OCC12              0.562       0.044      0.000       0.476       0.649      *

 OCC14      ON
    OCC13              0.562       0.044      0.000       0.476       0.649      *

 OCC15      ON
    OCC14              0.562       0.044      0.000       0.476       0.649      *

 OCC1     WITH
    OCC2               0.000       0.000      1.000       0.000       0.000
    OCC3               0.000       0.000      1.000       0.000       0.000
    OCC4               0.000       0.000      1.000       0.000       0.000
    OCC5               0.000       0.000      1.000       0.000       0.000
    OCC6               0.000       0.000      1.000       0.000       0.000
    OCC7               0.000       0.000      1.000       0.000       0.000
    OCC8               0.000       0.000      1.000       0.000       0.000
    OCC9               0.000       0.000      1.000       0.000       0.000
    OCC10              0.000       0.000      1.000       0.000       0.000
    OCC11              0.000       0.000      1.000       0.000       0.000
    OCC12              0.000       0.000      1.000       0.000       0.000
    OCC13              0.000       0.000      1.000       0.000       0.000
    OCC14              0.000       0.000      1.000       0.000       0.000
    OCC15              0.000       0.000      1.000       0.000       0.000
    THETA1             0.000       0.000      1.000       0.000       0.000
    THETA2             0.000       0.000      1.000       0.000       0.000
    THETA3             0.000       0.000      1.000       0.000       0.000

 OCC2     WITH
    OCC3               0.000       0.000      1.000       0.000       0.000
    OCC4               0.000       0.000      1.000       0.000       0.000
    OCC5               0.000       0.000      1.000       0.000       0.000
    OCC6               0.000       0.000      1.000       0.000       0.000
    OCC7               0.000       0.000      1.000       0.000       0.000
    OCC8               0.000       0.000      1.000       0.000       0.000
    OCC9               0.000       0.000      1.000       0.000       0.000
    OCC10              0.000       0.000      1.000       0.000       0.000
    OCC11              0.000       0.000      1.000       0.000       0.000
    OCC12              0.000       0.000      1.000       0.000       0.000
    OCC13              0.000       0.000      1.000       0.000       0.000
    OCC14              0.000       0.000      1.000       0.000       0.000
    OCC15              0.000       0.000      1.000       0.000       0.000
    THETA1             0.000       0.000      1.000       0.000       0.000
    THETA2             0.000       0.000      1.000       0.000       0.000
    THETA3             0.000       0.000      1.000       0.000       0.000

 OCC3     WITH
    OCC4               0.000       0.000      1.000       0.000       0.000
    OCC5               0.000       0.000      1.000       0.000       0.000
    OCC6               0.000       0.000      1.000       0.000       0.000
    OCC7               0.000       0.000      1.000       0.000       0.000
    OCC8               0.000       0.000      1.000       0.000       0.000
    OCC9               0.000       0.000      1.000       0.000       0.000
    OCC10              0.000       0.000      1.000       0.000       0.000
    OCC11              0.000       0.000      1.000       0.000       0.000
    OCC12              0.000       0.000      1.000       0.000       0.000
    OCC13              0.000       0.000      1.000       0.000       0.000
    OCC14              0.000       0.000      1.000       0.000       0.000
    OCC15              0.000       0.000      1.000       0.000       0.000
    THETA1             0.000       0.000      1.000       0.000       0.000
    THETA2             0.000       0.000      1.000       0.000       0.000
    THETA3             0.000       0.000      1.000       0.000       0.000

 OCC4     WITH
    OCC5               0.000       0.000      1.000       0.000       0.000
    OCC6               0.000       0.000      1.000       0.000       0.000
    OCC7               0.000       0.000      1.000       0.000       0.000
    OCC8               0.000       0.000      1.000       0.000       0.000
    OCC9               0.000       0.000      1.000       0.000       0.000
    OCC10              0.000       0.000      1.000       0.000       0.000
    OCC11              0.000       0.000      1.000       0.000       0.000
    OCC12              0.000       0.000      1.000       0.000       0.000
    OCC13              0.000       0.000      1.000       0.000       0.000
    OCC14              0.000       0.000      1.000       0.000       0.000
    OCC15              0.000       0.000      1.000       0.000       0.000
    THETA1             0.000       0.000      1.000       0.000       0.000
    THETA2             0.000       0.000      1.000       0.000       0.000
    THETA3             0.000       0.000      1.000       0.000       0.000

 OCC5     WITH
    OCC6               0.000       0.000      1.000       0.000       0.000
    OCC7               0.000       0.000      1.000       0.000       0.000
    OCC8               0.000       0.000      1.000       0.000       0.000
    OCC9               0.000       0.000      1.000       0.000       0.000
    OCC10              0.000       0.000      1.000       0.000       0.000
    OCC11              0.000       0.000      1.000       0.000       0.000
    OCC12              0.000       0.000      1.000       0.000       0.000
    OCC13              0.000       0.000      1.000       0.000       0.000
    OCC14              0.000       0.000      1.000       0.000       0.000
    OCC15              0.000       0.000      1.000       0.000       0.000
    THETA1             0.000       0.000      1.000       0.000       0.000
    THETA2             0.000       0.000      1.000       0.000       0.000
    THETA3             0.000       0.000      1.000       0.000       0.000

 OCC6     WITH
    OCC7               0.000       0.000      1.000       0.000       0.000
    OCC8               0.000       0.000      1.000       0.000       0.000
    OCC9               0.000       0.000      1.000       0.000       0.000
    OCC10              0.000       0.000      1.000       0.000       0.000
    OCC11              0.000       0.000      1.000       0.000       0.000
    OCC12              0.000       0.000      1.000       0.000       0.000
    OCC13              0.000       0.000      1.000       0.000       0.000
    OCC14              0.000       0.000      1.000       0.000       0.000
    OCC15              0.000       0.000      1.000       0.000       0.000
    THETA1             0.000       0.000      1.000       0.000       0.000
    THETA2             0.000       0.000      1.000       0.000       0.000
    THETA3             0.000       0.000      1.000       0.000       0.000

 OCC7     WITH
    OCC8               0.000       0.000      1.000       0.000       0.000
    OCC9               0.000       0.000      1.000       0.000       0.000
    OCC10              0.000       0.000      1.000       0.000       0.000
    OCC11              0.000       0.000      1.000       0.000       0.000
    OCC12              0.000       0.000      1.000       0.000       0.000
    OCC13              0.000       0.000      1.000       0.000       0.000
    OCC14              0.000       0.000      1.000       0.000       0.000
    OCC15              0.000       0.000      1.000       0.000       0.000
    THETA1             0.000       0.000      1.000       0.000       0.000
    THETA2             0.000       0.000      1.000       0.000       0.000
    THETA3             0.000       0.000      1.000       0.000       0.000

 OCC8     WITH
    OCC9               0.000       0.000      1.000       0.000       0.000
    OCC10              0.000       0.000      1.000       0.000       0.000
    OCC11              0.000       0.000      1.000       0.000       0.000
    OCC12              0.000       0.000      1.000       0.000       0.000
    OCC13              0.000       0.000      1.000       0.000       0.000
    OCC14              0.000       0.000      1.000       0.000       0.000
    OCC15              0.000       0.000      1.000       0.000       0.000
    THETA1             0.000       0.000      1.000       0.000       0.000
    THETA2             0.000       0.000      1.000       0.000       0.000
    THETA3             0.000       0.000      1.000       0.000       0.000

 OCC9     WITH
    OCC10              0.000       0.000      1.000       0.000       0.000
    OCC11              0.000       0.000      1.000       0.000       0.000
    OCC12              0.000       0.000      1.000       0.000       0.000
    OCC13              0.000       0.000      1.000       0.000       0.000
    OCC14              0.000       0.000      1.000       0.000       0.000
    OCC15              0.000       0.000      1.000       0.000       0.000
    THETA1             0.000       0.000      1.000       0.000       0.000
    THETA2             0.000       0.000      1.000       0.000       0.000
    THETA3             0.000       0.000      1.000       0.000       0.000

 OCC10    WITH
    OCC11              0.000       0.000      1.000       0.000       0.000
    OCC12              0.000       0.000      1.000       0.000       0.000
    OCC13              0.000       0.000      1.000       0.000       0.000
    OCC14              0.000       0.000      1.000       0.000       0.000
    OCC15              0.000       0.000      1.000       0.000       0.000
    THETA1             0.000       0.000      1.000       0.000       0.000
    THETA2             0.000       0.000      1.000       0.000       0.000
    THETA3             0.000       0.000      1.000       0.000       0.000

 OCC11    WITH
    OCC12              0.000       0.000      1.000       0.000       0.000
    OCC13              0.000       0.000      1.000       0.000       0.000
    OCC14              0.000       0.000      1.000       0.000       0.000
    OCC15              0.000       0.000      1.000       0.000       0.000
    THETA1             0.000       0.000      1.000       0.000       0.000
    THETA2             0.000       0.000      1.000       0.000       0.000
    THETA3             0.000       0.000      1.000       0.000       0.000

 OCC12    WITH
    OCC13              0.000       0.000      1.000       0.000       0.000
    OCC14              0.000       0.000      1.000       0.000       0.000
    OCC15              0.000       0.000      1.000       0.000       0.000
    THETA1             0.000       0.000      1.000       0.000       0.000
    THETA2             0.000       0.000      1.000       0.000       0.000
    THETA3             0.000       0.000      1.000       0.000       0.000

 OCC13    WITH
    OCC14              0.000       0.000      1.000       0.000       0.000
    OCC15              0.000       0.000      1.000       0.000       0.000
    THETA1             0.000       0.000      1.000       0.000       0.000
    THETA2             0.000       0.000      1.000       0.000       0.000
    THETA3             0.000       0.000      1.000       0.000       0.000

 OCC14    WITH
    OCC15              0.000       0.000      1.000       0.000       0.000
    THETA1             0.000       0.000      1.000       0.000       0.000
    THETA2             0.000       0.000      1.000       0.000       0.000
    THETA3             0.000       0.000      1.000       0.000       0.000

 OCC15    WITH
    THETA1             0.000       0.000      1.000       0.000       0.000
    THETA2             0.000       0.000      1.000       0.000       0.000
    THETA3             0.000       0.000      1.000       0.000       0.000

 THETA2   WITH
    THETA1             1.714       0.493      0.000       0.998       2.930      *

 THETA3   WITH
    THETA1             1.971       0.694      0.000       0.938       3.675      *
    THETA2             1.853       0.565      0.000       1.043       3.259      *

 Means
    OCC1               0.000       0.000      1.000       0.000       0.000

 Intercepts
    Y11                2.141       0.212      0.000       1.738       2.549      *
    Y21                2.566       0.162      0.000       2.245       2.891      *
    Y31                3.009       0.257      0.000       2.507       3.500      *
    Y12                2.141       0.212      0.000       1.738       2.549      *
    Y22                2.566       0.162      0.000       2.245       2.891      *
    Y32                3.009       0.257      0.000       2.507       3.500      *
    Y13                2.141       0.212      0.000       1.738       2.549      *
    Y23                2.566       0.162      0.000       2.245       2.891      *
    Y33                3.009       0.257      0.000       2.507       3.500      *
    Y14                2.141       0.212      0.000       1.738       2.549      *
    Y24                2.566       0.162      0.000       2.245       2.891      *
    Y34                3.009       0.257      0.000       2.507       3.500      *
    Y15                2.141       0.212      0.000       1.738       2.549      *
    Y25                2.566       0.162      0.000       2.245       2.891      *
    Y35                3.009       0.257      0.000       2.507       3.500      *
    Y16                2.141       0.212      0.000       1.738       2.549      *
    Y26                2.566       0.162      0.000       2.245       2.891      *
    Y36                3.009       0.257      0.000       2.507       3.500      *
    Y17                2.141       0.212      0.000       1.738       2.549      *
    Y27                2.566       0.162      0.000       2.245       2.891      *
    Y37                3.009       0.257      0.000       2.507       3.500      *
    Y18                2.141       0.212      0.000       1.738       2.549      *
    Y28                2.566       0.162      0.000       2.245       2.891      *
    Y38                3.009       0.257      0.000       2.507       3.500      *
    Y19                2.141       0.212      0.000       1.738       2.549      *
    Y29                2.566       0.162      0.000       2.245       2.891      *
    Y39                3.009       0.257      0.000       2.507       3.500      *
    Y110               2.141       0.212      0.000       1.738       2.549      *
    Y210               2.566       0.162      0.000       2.245       2.891      *
    Y310               3.009       0.257      0.000       2.507       3.500      *
    Y111               2.141       0.212      0.000       1.738       2.549      *
    Y211               2.566       0.162      0.000       2.245       2.891      *
    Y311               3.009       0.257      0.000       2.507       3.500      *
    Y112               2.141       0.212      0.000       1.738       2.549      *
    Y212               2.566       0.162      0.000       2.245       2.891      *
    Y312               3.009       0.257      0.000       2.507       3.500      *
    Y113               2.141       0.212      0.000       1.738       2.549      *
    Y213               2.566       0.162      0.000       2.245       2.891      *
    Y313               3.009       0.257      0.000       2.507       3.500      *
    Y114               2.141       0.212      0.000       1.738       2.549      *
    Y214               2.566       0.162      0.000       2.245       2.891      *
    Y314               3.009       0.257      0.000       2.507       3.500      *
    Y115               2.141       0.212      0.000       1.738       2.549      *
    Y215               2.566       0.162      0.000       2.245       2.891      *
    Y315               3.009       0.257      0.000       2.507       3.500      *
    OCC2               0.000       0.000      1.000       0.000       0.000
    OCC3               0.000       0.000      1.000       0.000       0.000
    OCC4               0.000       0.000      1.000       0.000       0.000
    OCC5               0.000       0.000      1.000       0.000       0.000
    OCC6               0.000       0.000      1.000       0.000       0.000
    OCC7               0.000       0.000      1.000       0.000       0.000
    OCC8               0.000       0.000      1.000       0.000       0.000
    OCC9               0.000       0.000      1.000       0.000       0.000
    OCC10              0.000       0.000      1.000       0.000       0.000
    OCC11              0.000       0.000      1.000       0.000       0.000
    OCC12              0.000       0.000      1.000       0.000       0.000
    OCC13              0.000       0.000      1.000       0.000       0.000
    OCC14              0.000       0.000      1.000       0.000       0.000
    OCC15              0.000       0.000      1.000       0.000       0.000

 Variances
    OCC1               1.896       0.161      0.000       1.603       2.226      *
    THETA1             2.165       0.650      0.000       1.209       3.774      *
    THETA2             1.584       0.414      0.000       0.996       2.622      *
    THETA3             2.740       0.895      0.000       1.423       4.942      *

 Residual Variances
    Y11                0.914       0.090      0.000       0.751       1.097      *
    Y21                0.468       0.034      0.000       0.408       0.541      *
    Y31                1.549       0.157      0.000       1.251       1.875      *
    Y12                0.914       0.090      0.000       0.751       1.097      *
    Y22                0.468       0.034      0.000       0.408       0.541      *
    Y32                1.549       0.157      0.000       1.251       1.875      *
    Y13                0.914       0.090      0.000       0.751       1.097      *
    Y23                0.468       0.034      0.000       0.408       0.541      *
    Y33                1.549       0.157      0.000       1.251       1.875      *
    Y14                0.914       0.090      0.000       0.751       1.097      *
    Y24                0.468       0.034      0.000       0.408       0.541      *
    Y34                1.549       0.157      0.000       1.251       1.875      *
    Y15                0.914       0.090      0.000       0.751       1.097      *
    Y25                0.468       0.034      0.000       0.408       0.541      *
    Y35                1.549       0.157      0.000       1.251       1.875      *
    Y16                0.914       0.090      0.000       0.751       1.097      *
    Y26                0.468       0.034      0.000       0.408       0.541      *
    Y36                1.549       0.157      0.000       1.251       1.875      *
    Y17                0.914       0.090      0.000       0.751       1.097      *
    Y27                0.468       0.034      0.000       0.408       0.541      *
    Y37                1.549       0.157      0.000       1.251       1.875      *
    Y18                0.914       0.090      0.000       0.751       1.097      *
    Y28                0.468       0.034      0.000       0.408       0.541      *
    Y38                1.549       0.157      0.000       1.251       1.875      *
    Y19                0.914       0.090      0.000       0.751       1.097      *
    Y29                0.468       0.034      0.000       0.408       0.541      *
    Y39                1.549       0.157      0.000       1.251       1.875      *
    Y110               0.914       0.090      0.000       0.751       1.097      *
    Y210               0.468       0.034      0.000       0.408       0.541      *
    Y310               1.549       0.157      0.000       1.251       1.875      *
    Y111               0.914       0.090      0.000       0.751       1.097      *
    Y211               0.468       0.034      0.000       0.408       0.541      *
    Y311               1.549       0.157      0.000       1.251       1.875      *
    Y112               0.914       0.090      0.000       0.751       1.097      *
    Y212               0.468       0.034      0.000       0.408       0.541      *
    Y312               1.549       0.157      0.000       1.251       1.875      *
    Y113               0.914       0.090      0.000       0.751       1.097      *
    Y213               0.468       0.034      0.000       0.408       0.541      *
    Y313               1.549       0.157      0.000       1.251       1.875      *
    Y114               0.914       0.090      0.000       0.751       1.097      *
    Y214               0.468       0.034      0.000       0.408       0.541      *
    Y314               1.549       0.157      0.000       1.251       1.875      *
    Y115               0.914       0.090      0.000       0.751       1.097      *
    Y215               0.468       0.034      0.000       0.408       0.541      *
    Y315               1.549       0.157      0.000       1.251       1.875      *
    OCC2               1.896       0.161      0.000       1.603       2.226      *
    OCC3               1.896       0.161      0.000       1.603       2.226      *
    OCC4               1.896       0.161      0.000       1.603       2.226      *
    OCC5               1.896       0.161      0.000       1.603       2.226      *
    OCC6               1.896       0.161      0.000       1.603       2.226      *
    OCC7               1.896       0.161      0.000       1.603       2.226      *
    OCC8               1.896       0.161      0.000       1.603       2.226      *
    OCC9               1.896       0.161      0.000       1.603       2.226      *
    OCC10              1.896       0.161      0.000       1.603       2.226      *
    OCC11              1.896       0.161      0.000       1.603       2.226      *
    OCC12              1.896       0.161      0.000       1.603       2.226      *
    OCC13              1.896       0.161      0.000       1.603       2.226      *
    OCC14              1.896       0.161      0.000       1.603       2.226      *
    OCC15              1.896       0.161      0.000       1.603       2.226      *


     Beginning Time:  10:38:02
        Ending Time:  10:38:11
       Elapsed Time:  00:00:09



MUTHEN & MUTHEN
3463 Stoner Ave.
Los Angeles, CA  90066

Tel: (310) 391-9971
Fax: (310) 391-8971
Web: www.StatModel.com
Support: Support@StatModel.com

Copyright (c) 1998-2017 Muthen & Muthen
