Mplus VERSION 8
MUTHEN & MUTHEN
02/18/2019   6:02 PM

INPUT INSTRUCTIONS

  TITLE: Your title goes here
  DATA: FILE = "Mplus_files_Results/tso_long_n50_i5_nt45_na0.dat";
  VARIABLE:
  NAMES = subjn time y1 y2 y3 y4 y5;
  MISSING=.;
  USEVAR = y1
  y2
  y3
  y4
  y5 ;
  CLUSTER = subjn ;

  ANALYSIS:
  TYPE = TWOLEVEL ;
  ESTIMATOR = BAYES ;
  BITERATIONS = (5000) ;

  PROCESSORS = 2 ;

  MODEL:

  %WITHIN%

  ! Latent state residual
  eta BY y1@1
  y2
  y3
  y4
  y5   (&1) ;

  ! Autoregressive effect on the latent state residual
  eta ON eta&1 ;

  ! Latent errors and latent state variances
  y1(o_err1) ;
  y2(o_err2) ;
  y3(o_err3) ;
  y4(o_err4) ;
  y5(o_err5) ;
  eta(s_var) ;

  %BETWEEN%

  ! Latent trait-indicator variables
  theta1 BY y1@1 ;
  theta2 BY y2@1 ;
  theta3 BY y3@1 ;
  theta4 BY y4@1 ;
  theta5 BY y5@1 ;

  ! Intercepts
  [y1*] ;
  [y2*] ;
  [y3*] ;
  [y4*] ;
  [y5*] ;

  ! Fixing means of latent trait-indicator variables at 0
  [theta1@0] ;
  [theta2@0] ;
  [theta3@0] ;
  [theta4@0] ;
  [theta5@0] ;

  ! Fixing level-2 variances at 0 and latent trait-indicator variances
  y1@0.001;
  y2@0.001;
  y3@0.001;
  y4@0.001;
  y5@0.001;
  theta1(t_var1) ;
  theta2(t_var2) ;
  theta3(t_var3) ;
  theta4(t_var4) ;
  theta5(t_var5) ;



INPUT READING TERMINATED NORMALLY



Your title goes here

SUMMARY OF ANALYSIS

Number of groups                                                 1
Number of observations                                        2250

Number of dependent variables                                    5
Number of independent variables                                  0
Number of continuous latent variables                            7

Observed dependent variables

  Continuous
   Y1          Y2          Y3          Y4          Y5

Continuous latent variables
   ETA         ETA&1       THETA1      THETA2      THETA3      THETA4
   THETA5

Variables with special functions

  Cluster variable      SUBJN

Estimator                                                    BAYES
Specifications for Bayesian Estimation
  Point estimate                                            MEDIAN
  Number of Markov chain Monte Carlo (MCMC) chains               2
  Random seed for the first chain                                0
  Starting value information                           UNPERTURBED
  Treatment of categorical mediator                         LATENT
  Algorithm used for Markov chain Monte Carlo           GIBBS(PX1)
  Convergence criterion                                  0.500D-01
  Maximum number of iterations                               50000
  K-th iteration used for thinning                               1

Input data file(s)
  Mplus_files_Results/tso_long_n50_i5_nt45_na0.dat
Input data format  FREE


SUMMARY OF DATA

     Number of clusters                         50

       Size (s)    Cluster ID with Size s

         45        1 2 3 4 5 6 7 8 9 10 11 12 13 14 15 16 17 18 19 20 21
                   22 23 24 25 26 27 28 29 30 31 32 33 34 35 36 37 38 39
                   40 41 42 43 44 45 46 47 48 49 50



COVARIANCE COVERAGE OF DATA

Minimum covariance coverage value   0.100

     Number of missing data patterns             1


     PROPORTION OF DATA PRESENT


           Covariance Coverage
              Y1            Y2            Y3            Y4            Y5
              ________      ________      ________      ________      ________
 Y1             1.000
 Y2             1.000         1.000
 Y3             1.000         1.000         1.000
 Y4             1.000         1.000         1.000         1.000
 Y5             1.000         1.000         1.000         1.000         1.000



UNIVARIATE SAMPLE STATISTICS


     UNIVARIATE HIGHER-ORDER MOMENT DESCRIPTIVE STATISTICS

         Variable/         Mean/     Skewness/   Minimum/ % with                Percentiles
        Sample Size      Variance    Kurtosis    Maximum  Min/Max      20%/60%    40%/80%    Median

     Y1                    1.935       0.100      -5.346    0.04%      -0.031      1.349      1.905
            2250.000       5.263      -0.066       9.565    0.04%       2.496      3.819
     Y2                    2.520       0.001      -2.528    0.04%       1.222      2.123      2.526
            2250.000       2.354      -0.103       7.872    0.04%       2.943      3.771
     Y3                    3.037       0.010      -6.393    0.04%       0.595      2.321      3.058
            2250.000       8.383       0.064      12.895    0.04%       3.723      5.484
     Y4                    3.637       0.128      -2.872    0.04%       1.975      3.120      3.571
            2250.000       3.997       0.077      10.138    0.04%       4.074      5.217
     Y5                    3.813      -0.022      -5.754    0.04%       1.728      3.245      3.848
            2250.000       5.942       0.111      11.210    0.04%       4.468      5.819


THE MODEL ESTIMATION TERMINATED NORMALLY

     USE THE FBITERATIONS OPTION TO INCREASE THE NUMBER OF ITERATIONS BY A FACTOR
     OF AT LEAST TWO TO CHECK CONVERGENCE AND THAT THE PSR VALUE DOES NOT INCREASE.



MODEL FIT INFORMATION

Number of Free Parameters                              31

Information Criteria

          Deviance (DIC)                        33451.384
          Estimated Number of Parameters (pD)    2177.701



MODEL RESULTS

                                Posterior  One-Tailed         95% C.I.
                    Estimate       S.D.      P-Value   Lower 2.5%  Upper 2.5%  Significance

Within Level

 ETA      BY
    Y1                 1.000       0.000      0.000       1.000       1.000
    Y2                 0.501       0.013      0.000       0.476       0.526      *
    Y3                 1.313       0.027      0.000       1.261       1.367      *
    Y4                 0.807       0.017      0.000       0.773       0.841      *
    Y5                 1.096       0.023      0.000       1.052       1.142      *

 ETA        ON
    ETA&1              0.475       0.022      0.000       0.432       0.517      *

 Residual Variances
    Y1                 1.012       0.040      0.000       0.937       1.092      *
    Y2                 0.509       0.017      0.000       0.477       0.545      *
    Y3                 1.597       0.063      0.000       1.478       1.727      *
    Y4                 0.762       0.029      0.000       0.708       0.819      *
    Y5                 1.200       0.046      0.000       1.112       1.294      *
    ETA                2.015       0.088      0.000       1.852       2.193      *

Between Level

 THETA1   BY
    Y1                 1.000       0.000      0.000       1.000       1.000

 THETA2   BY
    Y2                 1.000       0.000      0.000       1.000       1.000

 THETA3   BY
    Y3                 1.000       0.000      0.000       1.000       1.000

 THETA4   BY
    Y4                 1.000       0.000      0.000       1.000       1.000

 THETA5   BY
    Y5                 1.000       0.000      0.000       1.000       1.000

 THETA2   WITH
    THETA1             1.651       0.448      0.000       1.034       2.768      *

 THETA3   WITH
    THETA1             1.966       0.615      0.000       1.114       3.506      *
    THETA2             1.894       0.528      0.000       1.173       3.219      *

 THETA4   WITH
    THETA1             1.422       0.468      0.000       0.762       2.579      *
    THETA2             1.422       0.407      0.000       0.858       2.441      *
    THETA3             1.962       0.587      0.000       1.140       3.435      *

 THETA5   WITH
    THETA1             1.529       0.501      0.000       0.826       2.782      *
    THETA2             1.242       0.404      0.000       0.667       2.242      *
    THETA3             2.010       0.620      0.000       1.143       3.562      *
    THETA4             1.250       0.452      0.000       0.596       2.353      *

 Means
    THETA1             0.000       0.000      1.000       0.000       0.000
    THETA2             0.000       0.000      1.000       0.000       0.000
    THETA3             0.000       0.000      1.000       0.000       0.000
    THETA4             0.000       0.000      1.000       0.000       0.000
    THETA5             0.000       0.000      1.000       0.000       0.000

 Intercepts
    Y1                 1.837       0.128      0.000       1.582       2.083      *
    Y2                 2.436       0.091      0.000       2.259       2.652      *
    Y3                 2.909       0.118      0.000       2.739       3.205      *
    Y4                 3.571       0.143      0.000       3.356       3.903      *
    Y5                 3.724       0.135      0.000       3.436       3.942      *

 Variances
    THETA1             2.164       0.573      0.000       1.374       3.592      *
    THETA2             1.548       0.391      0.000       1.010       2.542      *
    THETA3             3.042       0.820      0.000       1.914       5.122      *
    THETA4             2.007       0.515      0.000       1.292       3.297      *
    THETA5             2.132       0.576      0.000       1.348       3.584      *

 Residual Variances
    Y1                 0.001       0.000      0.000       0.001       0.001
    Y2                 0.001       0.000      0.000       0.001       0.001
    Y3                 0.001       0.000      0.000       0.001       0.001
    Y4                 0.001       0.000      0.000       0.001       0.001
    Y5                 0.001       0.000      0.000       0.001       0.001


     Beginning Time:  18:02:37
        Ending Time:  18:03:26
       Elapsed Time:  00:00:49



MUTHEN & MUTHEN
3463 Stoner Ave.
Los Angeles, CA  90066

Tel: (310) 391-9971
Fax: (310) 391-8971
Web: www.StatModel.com
Support: Support@StatModel.com

Copyright (c) 1998-2017 Muthen & Muthen
