Mplus VERSION 8
MUTHEN & MUTHEN
02/06/2019   8:43 PM

INPUT INSTRUCTIONS

  TITLE: Your title goes here
  DATA: FILE = "Mplus_files_Results/cuts_long_n100_i4_nt80.dat";
  VARIABLE:
  NAMES = subjn time y1 y2 y3 y4;
  MISSING=.;
  USEVAR = y1
  y2
  y3
  y4 ;
  CLUSTER = subjn ;

  ANALYSIS:
  TYPE = TWOLEVEL ;
  ESTIMATOR = ML ;
  ITERATIONS = 5e+05 ;
  H1ITERATIONS = 5e+05 ;


  MODEL:

  %WITHIN%

  ! common states
  CS BY y1@1
  y2 (lcs2)
  y3 (lcs3)
  y4 (lcs4) ;

  %BETWEEN%

  ! common trait
  CT BY y1@1
  y2 (lct2)
  y3 (lct3)
  y4 (lct4) ;



INPUT READING TERMINATED NORMALLY



Your title goes here

SUMMARY OF ANALYSIS

Number of groups                                                 1
Number of observations                                        8000

Number of dependent variables                                    4
Number of independent variables                                  0
Number of continuous latent variables                            2

Observed dependent variables

  Continuous
   Y1          Y2          Y3          Y4

Continuous latent variables
   CS          CT

Variables with special functions

  Cluster variable      SUBJN

Estimator                                                       ML
Information matrix                                        OBSERVED
Maximum number of iterations                                500000
Convergence criterion                                    0.100D-05
Maximum number of EM iterations                                500
Convergence criteria for the EM algorithm
  Loglikelihood change                                   0.100D-02
  Relative loglikelihood change                          0.100D-05
  Derivative                                             0.100D-03
Minimum variance                                         0.100D-03
Maximum number of steepest descent iterations                   20
Maximum number of iterations for H1                         500000
Convergence criterion for H1                             0.100D-03
Optimization algorithm                                         EMA

Input data file(s)
  Mplus_files_Results/cuts_long_n100_i4_nt80.dat
Input data format  FREE


SUMMARY OF DATA

     Number of missing data patterns             1
     Number of clusters                        100

     Average cluster size       80.000

     Estimated Intraclass Correlations for the Y Variables

                Intraclass              Intraclass              Intraclass
     Variable  Correlation   Variable  Correlation   Variable  Correlation

     Y1           0.348      Y2           0.594      Y3           0.309
     Y4           0.411



COVARIANCE COVERAGE OF DATA

Minimum covariance coverage value   0.100


     PROPORTION OF DATA PRESENT


           Covariance Coverage
              Y1            Y2            Y3            Y4
              ________      ________      ________      ________
 Y1             1.000
 Y2             1.000         1.000
 Y3             1.000         1.000         1.000
 Y4             1.000         1.000         1.000         1.000



UNIVARIATE SAMPLE STATISTICS


     UNIVARIATE HIGHER-ORDER MOMENT DESCRIPTIVE STATISTICS

         Variable/         Mean/     Skewness/   Minimum/ % with                Percentiles
        Sample Size      Variance    Kurtosis    Maximum  Min/Max      20%/60%    40%/80%    Median

     Y1                    2.033      -0.045      -6.188    0.01%       0.201      1.508      2.050
            8000.000       4.634      -0.083       9.333    0.01%       2.599      3.859
     Y2                    2.698       0.161      -2.913    0.01%       1.364      2.283      2.677
            8000.000       2.504       0.218       9.014    0.01%       3.058      3.977
     Y3                    3.109       0.048      -5.820    0.01%       0.921      2.422      3.094
            8000.000       6.842       0.027      12.535    0.01%       3.740      5.298
     Y4                    3.695      -0.017      -3.373    0.01%       2.110      3.226      3.702
            8000.000       3.503      -0.042      11.839    0.01%       4.175      5.303


THE MODEL ESTIMATION TERMINATED NORMALLY



MODEL FIT INFORMATION

Number of Free Parameters                       20

Loglikelihood

          H0 Value                      -52422.949
          H1 Value                      -52421.106

Information Criteria

          Akaike (AIC)                  104885.897
          Bayesian (BIC)                105025.641
          Sample-Size Adjusted BIC      104962.085
            (n* = (n + 2) / 24)

Chi-Square Test of Model Fit

          Value                              3.685
          Degrees of Freedom                     4
          P-Value                           0.4503

RMSEA (Root Mean Square Error Of Approximation)

          Estimate                           0.000

CFI/TLI

          CFI                                1.000
          TLI                                1.000

Chi-Square Test of Model Fit for the Baseline Model

          Value                          14778.163
          Degrees of Freedom                    12
          P-Value                           0.0000

SRMR (Standardized Root Mean Square Residual)

          Value for Within                   0.002
          Value for Between                  0.008



MODEL RESULTS

                                                    Two-Tailed
                    Estimate       S.E.  Est./S.E.    P-Value

Within Level

 CS       BY
    Y1                 1.000      0.000    999.000    999.000
    Y2                 0.505      0.008     65.467      0.000
    Y3                 1.267      0.016     77.046      0.000
    Y4                 0.786      0.011     72.210      0.000

 Variances
    CS                 2.019      0.048     41.663      0.000

 Residual Variances
    Y1                 1.001      0.023     42.827      0.000
    Y2                 0.501      0.009     52.947      0.000
    Y3                 1.490      0.036     41.346      0.000
    Y4                 0.816      0.017     47.864      0.000

Between Level

 CT       BY
    Y1                 1.000      0.000    999.000    999.000
    Y2                 0.721      0.108      6.650      0.000
    Y3                 1.263      0.127      9.941      0.000
    Y4                 0.765      0.106      7.224      0.000

 Intercepts
    Y1                 2.033      0.129     15.814      0.000
    Y2                 2.698      0.123     22.022      0.000
    Y3                 3.109      0.147     21.093      0.000
    Y4                 3.695      0.121     30.522      0.000

 Variances
    CT                 1.136      0.236      4.805      0.000

 Residual Variances
    Y1                 0.478      0.105      4.560      0.000
    Y2                 0.897      0.139      6.446      0.000
    Y3                 0.300      0.130      2.298      0.022
    Y4                 0.775      0.123      6.316      0.000


QUALITY OF NUMERICAL RESULTS

     Condition Number for the Information Matrix              0.314E-03
       (ratio of smallest to largest eigenvalue)


     Beginning Time:  20:43:32
        Ending Time:  20:43:33
       Elapsed Time:  00:00:01



MUTHEN & MUTHEN
3463 Stoner Ave.
Los Angeles, CA  90066

Tel: (310) 391-9971
Fax: (310) 391-8971
Web: www.StatModel.com
Support: Support@StatModel.com

Copyright (c) 1998-2017 Muthen & Muthen
