Mplus VERSION 8
MUTHEN & MUTHEN
02/06/2019   9:08 PM

INPUT INSTRUCTIONS

  TITLE: Your title goes here
  DATA: FILE = "Mplus_files_Results/tso_trunc_n100_i4_nt80.dat";
  VARIABLE:
  NAMES = subjn time y1 y2 y3 y4;
  MISSING=.;
  USEVAR = y1
  y2
  y3
  y4 ;
  CLUSTER = subjn ;

  ANALYSIS:
  TYPE = TWOLEVEL ;
  ESTIMATOR = BAYES ;
  ITERATIONS = 5000 ;
  H1ITERATIONS =  ;


  MODEL:

  %WITHIN%

  ! Latent state residual
  eta BY y1@1
  y2
  y3
  y4   (&1) ;

  ! Autoregressive effect on the latent state residual
  eta ON eta&1 ;

  ! Latent errors and latent state variances
  y1(o_err1) ;
  y2(o_err2) ;
  y3(o_err3) ;
  y4(o_err4) ;
  eta(s_var) ;

  %BETWEEN%

  ! Latent trait-indicator variables
  theta1 BY y1@1 ;
  theta2 BY y2@1 ;
  theta3 BY y3@1 ;
  theta4 BY y4@1 ;

  ! Intercepts
  [y1*] ;
  [y2*] ;
  [y3*] ;
  [y4*] ;

  ! Fixing means of latent trait-indicator variables at 0
  [theta1@0] ;
  [theta2@0] ;
  [theta3@0] ;
  [theta4@0] ;

  ! Fixing level-2 variances at 0 and latent trait-indicator variances
  y1@0.001;
  y2@0.001;
  y3@0.001;
  y4@0.001;
  theta1(t_var1) ;
  theta2(t_var2) ;
  theta3(t_var3) ;
  theta4(t_var4) ;



INPUT READING TERMINATED NORMALLY



Your title goes here

SUMMARY OF ANALYSIS

Number of groups                                                 1
Number of observations                                        8000

Number of dependent variables                                    4
Number of independent variables                                  0
Number of continuous latent variables                            6

Observed dependent variables

  Continuous
   Y1          Y2          Y3          Y4

Continuous latent variables
   ETA         ETA&1       THETA1      THETA2      THETA3      THETA4

Variables with special functions

  Cluster variable      SUBJN

Estimator                                                    BAYES
Specifications for Bayesian Estimation
  Point estimate                                            MEDIAN
  Number of Markov chain Monte Carlo (MCMC) chains               2
  Random seed for the first chain                                0
  Starting value information                           UNPERTURBED
  Treatment of categorical mediator                         LATENT
  Algorithm used for Markov chain Monte Carlo           GIBBS(PX1)
  Convergence criterion                                  0.500D-01
  Maximum number of iterations                               50000
  K-th iteration used for thinning                               1

Input data file(s)
  Mplus_files_Results/tso_trunc_n100_i4_nt80.dat
Input data format  FREE


SUMMARY OF DATA

     Number of clusters                        100

       Size (s)    Cluster ID with Size s

         80        1 2 3 4 5 6 7 8 9 10 11 12 13 14 15 16 17 18 19 20 21
                   22 23 24 25 26 27 28 29 30 31 32 33 34 35 36 37 38 39
                   40 41 42 43 44 45 46 47 48 49 50 51 52 53 54 55 56 57
                   58 59 60 61 62 63 64 65 66 67 68 69 70 71 72 73 74 75
                   76 77 78 79 80 81 82 83 84 85 86 87 88 89 90 91 92 93
                   94 95 96 97 98 99 100



COVARIANCE COVERAGE OF DATA

Minimum covariance coverage value   0.100

     Number of missing data patterns             1


     PROPORTION OF DATA PRESENT


           Covariance Coverage
              Y1            Y2            Y3            Y4
              ________      ________      ________      ________
 Y1             1.000
 Y2             1.000         1.000
 Y3             1.000         1.000         1.000
 Y4             1.000         1.000         1.000         1.000



UNIVARIATE SAMPLE STATISTICS


     UNIVARIATE HIGHER-ORDER MOMENT DESCRIPTIVE STATISTICS

         Variable/         Mean/     Skewness/   Minimum/ % with                Percentiles
        Sample Size      Variance    Kurtosis    Maximum  Min/Max      20%/60%    40%/80%    Median

     Y1                    1.544       0.244      -8.000    0.01%       0.000      1.000      1.000
            8000.000       4.202       0.144      10.000    0.01%       2.000      3.000
     Y2                    1.903       0.211      -3.000    0.07%       1.000      1.000      2.000
            8000.000       2.039      -0.311       7.000    0.07%       2.000      3.000
     Y3                    2.600       0.263      -8.000    0.03%       0.000      2.000      2.000
            8000.000       6.719       0.029      14.000    0.01%       3.000      5.000
     Y4                    2.934       0.182      -3.000    0.04%       1.000      2.000      3.000
            8000.000       3.647      -0.286      11.000    0.01%       3.000      5.000


THE MODEL ESTIMATION TERMINATED NORMALLY

     USE THE FBITERATIONS OPTION TO INCREASE THE NUMBER OF ITERATIONS BY A FACTOR
     OF AT LEAST TWO TO CHECK CONVERGENCE AND THAT THE PSR VALUE DOES NOT INCREASE.



MODEL FIT INFORMATION

Number of Free Parameters                              23

Information Criteria

          Deviance (DIC)                        92898.523
          Estimated Number of Parameters (pD)    6977.983



MODEL RESULTS

                                Posterior  One-Tailed         95% C.I.
                    Estimate       S.D.      P-Value   Lower 2.5%  Upper 2.5%  Significance

Within Level

 ETA      BY
    Y1                 1.000       0.000      0.000       1.000       1.000
    Y2                 0.526       0.008      0.000       0.511       0.541      *
    Y3                 1.321       0.016      0.000       1.291       1.353      *
    Y4                 0.856       0.011      0.000       0.836       0.878      *

 ETA        ON
    ETA&1              0.489       0.011      0.000       0.466       0.511      *

 Residual Variances
    Y1                 0.909       0.020      0.000       0.870       0.950      *
    Y2                 0.529       0.010      0.000       0.510       0.548      *
    Y3                 1.402       0.033      0.000       1.339       1.468      *
    Y4                 0.806       0.017      0.000       0.774       0.839      *
    ETA                1.570       0.038      0.000       1.497       1.644      *

Between Level

 THETA1   BY
    Y1                 1.000       0.000      0.000       1.000       1.000

 THETA2   BY
    Y2                 1.000       0.000      0.000       1.000       1.000

 THETA3   BY
    Y3                 1.000       0.000      0.000       1.000       1.000

 THETA4   BY
    Y4                 1.000       0.000      0.000       1.000       1.000

 THETA2   WITH
    THETA1             1.053       0.178      0.000       0.766       1.462      *

 THETA3   WITH
    THETA1             1.242       0.236      0.000       0.863       1.784      *
    THETA2             1.102       0.202      0.000       0.776       1.566      *

 THETA4   WITH
    THETA1             1.255       0.214      0.000       0.914       1.747      *
    THETA2             0.971       0.174      0.000       0.691       1.377      *
    THETA3             1.108       0.230      0.000       0.735       1.639      *

 Means
    THETA1             0.000       0.000      1.000       0.000       0.000
    THETA2             0.000       0.000      1.000       0.000       0.000
    THETA3             0.000       0.000      1.000       0.000       0.000
    THETA4             0.000       0.000      1.000       0.000       0.000

 Intercepts
    Y1                 1.538       0.091      0.000       1.381       1.725      *
    Y2                 1.896       0.081      0.000       1.761       2.064      *
    Y3                 2.597       0.127      0.000       2.383       2.916      *
    Y4                 2.939       0.102      0.000       2.762       3.150      *

 Variances
    THETA1             1.375       0.222      0.000       1.023       1.888      *
    THETA2             1.041       0.162      0.000       0.782       1.415      *
    THETA3             1.922       0.317      0.000       1.420       2.665      *
    THETA4             1.479       0.234      0.000       1.105       2.024      *

 Residual Variances
    Y1                 0.001       0.000      0.000       0.001       0.001
    Y2                 0.001       0.000      0.000       0.001       0.001
    Y3                 0.001       0.000      0.000       0.001       0.001
    Y4                 0.001       0.000      0.000       0.001       0.001


     Beginning Time:  21:08:26
        Ending Time:  21:13:57
       Elapsed Time:  00:05:31



MUTHEN & MUTHEN
3463 Stoner Ave.
Los Angeles, CA  90066

Tel: (310) 391-9971
Fax: (310) 391-8971
Web: www.StatModel.com
Support: Support@StatModel.com

Copyright (c) 1998-2017 Muthen & Muthen
