Mplus VERSION 8
MUTHEN & MUTHEN
11/13/2018   1:11 PM

INPUT INSTRUCTIONS

  TITLE: Your title goes here
  DATA: FILE = "ML_Mplus_files/cuts_m5.dat";
  VARIABLE:
  NAMES = worry1 fear1 sad1 worry2 fear2 sad2 worry3 fear3 sad3 worry4 fear4 sad4
       worry5 fear5 sad5;
  MISSING=.;
  ANALYSIS:
  H1ITERATIONS = 5000;

  MODEL:

  ! common states
  CS1 BY worry1@1
  fear1 (lcs21)
  sad1 (lcs31) ;
  CS2 BY worry2@1
  fear2 (lcs21)
  sad2 (lcs31) ;
  CS3 BY worry3@1
  fear3 (lcs21)
  sad3 (lcs31) ;
  CS4 BY worry4@1
  fear4 (lcs21)
  sad4 (lcs31) ;
  CS5 BY worry5@1
  fear5 (lcs21)
  sad5 (lcs31) ;

  ! common trait
  CT BY worry1@1
  fear1 (lct21)
  sad1 (lct31)
  worry2@1
  fear2 (lct21)
  sad2 (lct31)
  worry3@1
  fear3 (lct21)
  sad3 (lct31)
  worry4@1
  fear4 (lct21)
  sad4 (lct31)
  worry5@1
  fear5 (lct21)
  sad5 (lct31) ;

  ! unique trait
  UT1 BY worry1@1
  worry2@1
  worry3@1
  worry4@1
  worry5@1 ;
  UT2 BY fear1@1
  fear2@1
  fear3@1
  fear4@1
  fear5@1 ;
  UT3 BY sad1@1
  sad2@1
  sad3@1
  sad4@1
  sad5@1 ;

  ! Intercepts and means
  [worry1*] (ins11) ;
  [fear1*] (ins21) ;
  [sad1*] (ins31) ;
  [worry2*] (ins11) ;
  [fear2*] (ins21) ;
  [sad2*] (ins31) ;
  [worry3*] (ins11) ;
  [fear3*] (ins21) ;
  [sad3*] (ins31) ;
  [worry4*] (ins11) ;
  [fear4*] (ins21) ;
  [sad4*] (ins31) ;
  [worry5*] (ins11) ;
  [fear5*] (ins21) ;
  [sad5*] (ins31) ;




  ! Set 0 covariances
  CS1 WITH CS2@0
  CS3@0
  CS4@0
  CS5@0
  UT1@0
  UT2@0
  UT3@0
  CT@0 ;
  CS2 WITH CS3@0
  CS4@0
  CS5@0
  UT1@0
  UT2@0
  UT3@0
  CT@0 ;
  CS3 WITH CS4@0
  CS5@0
  UT1@0
  UT2@0
  UT3@0
  CT@0 ;
  CS4 WITH CS5@0
  UT1@0
  UT2@0
  UT3@0
  CT@0 ;
  CS5 WITH UT1@0
  UT2@0
  UT3@0
  CT@0 ;
  UT1 WITH UT2@0
  UT3@0
  CT@0 ;
  UT2 WITH UT3@0
  CT@0 ;
  UT3 WITH CT@0 ;

  ! Variance components
  worry1 (err11) ;
  fear1 (err21) ;
  sad1 (err31) ;
  worry2 (err11) ;
  fear2 (err21) ;
  sad2 (err31) ;
  worry3 (err11) ;
  fear3 (err21) ;
  sad3 (err31) ;
  worry4 (err11) ;
  fear4 (err21) ;
  sad4 (err31) ;
  worry5 (err11) ;
  fear5 (err21) ;
  sad5 (err31) ;
  CS1 (cs_var1) ;
  CS2 (cs_var1) ;
  CS3 (cs_var1) ;
  CS4 (cs_var1) ;
  CS5 (cs_var1) ;
  UT1 (ut_var1) ;
  UT2 (ut_var2) ;
  UT3 (ut_var3) ;
  CT (ct_var) ;



INPUT READING TERMINATED NORMALLY



Your title goes here

SUMMARY OF ANALYSIS

Number of groups                                                 1
Number of observations                                         129

Number of dependent variables                                   15
Number of independent variables                                  0
Number of continuous latent variables                            9

Observed dependent variables

  Continuous
   WORRY1      FEAR1       SAD1        WORRY2      FEAR2       SAD2
   WORRY3      FEAR3       SAD3        WORRY4      FEAR4       SAD4
   WORRY5      FEAR5       SAD5

Continuous latent variables
   CS1         CS2         CS3         CS4         CS5         CT
   UT1         UT2         UT3


Estimator                                                       ML
Information matrix                                        OBSERVED
Maximum number of iterations                                  1000
Convergence criterion                                    0.500D-04
Maximum number of steepest descent iterations                   20
Maximum number of iterations for H1                           5000
Convergence criterion for H1                             0.100D-03

Input data file(s)
  ML_Mplus_files/cuts_m5.dat

Input data format  FREE


SUMMARY OF DATA

     Number of missing data patterns            28


COVARIANCE COVERAGE OF DATA

Minimum covariance coverage value   0.100


     PROPORTION OF DATA PRESENT


           Covariance Coverage
              WORRY1        FEAR1         SAD1          WORRY2        FEAR2
              ________      ________      ________      ________      ________
 WORRY1         0.690
 FEAR1          0.690         0.690
 SAD1           0.682         0.682         0.682
 WORRY2         0.628         0.628         0.628         0.806
 FEAR2          0.636         0.636         0.636         0.798         0.806
 SAD2           0.636         0.636         0.636         0.806         0.806
 WORRY3         0.597         0.597         0.597         0.705         0.705
 FEAR3          0.597         0.597         0.597         0.705         0.705
 SAD3           0.597         0.597         0.597         0.705         0.705
 WORRY4         0.612         0.612         0.612         0.705         0.705
 FEAR4          0.612         0.612         0.612         0.705         0.705
 SAD4           0.612         0.612         0.612         0.705         0.705
 WORRY5         0.597         0.597         0.589         0.705         0.713
 FEAR5          0.605         0.605         0.597         0.721         0.729
 SAD5           0.605         0.605         0.597         0.713         0.721


           Covariance Coverage
              SAD2          WORRY3        FEAR3         SAD3          WORRY4
              ________      ________      ________      ________      ________
 SAD2           0.814
 WORRY3         0.713         0.837
 FEAR3          0.713         0.837         0.837
 SAD3           0.713         0.829         0.829         0.829
 WORRY4         0.713         0.744         0.744         0.736         0.868
 FEAR4          0.713         0.744         0.744         0.736         0.868
 SAD4           0.713         0.744         0.744         0.736         0.868
 WORRY5         0.713         0.744         0.744         0.736         0.752
 FEAR5          0.729         0.752         0.752         0.744         0.760
 SAD5           0.721         0.752         0.752         0.744         0.760


           Covariance Coverage
              FEAR4         SAD4          WORRY5        FEAR5         SAD5
              ________      ________      ________      ________      ________
 FEAR4          0.868
 SAD4           0.868         0.868
 WORRY5         0.752         0.752         0.868
 FEAR5          0.760         0.760         0.860         0.876
 SAD5           0.760         0.760         0.860         0.868         0.876



UNIVARIATE SAMPLE STATISTICS


     UNIVARIATE HIGHER-ORDER MOMENT DESCRIPTIVE STATISTICS

         Variable/         Mean/     Skewness/   Minimum/ % with                Percentiles
        Sample Size      Variance    Kurtosis    Maximum  Min/Max      20%/60%    40%/80%    Median

     WORRY1                3.775      -0.080       1.000   17.98%       2.000      3.000      4.000
              89.000       3.680      -1.331       7.000    4.49%       5.000      6.000
     FEAR1                 2.281       1.074       1.000   42.70%       1.000      1.000      2.000
              89.000       2.269       0.189       7.000    1.12%       2.000      4.000
     SAD1                  3.023       0.501       1.000   28.41%       1.000      2.000      3.000
              88.000       3.204      -0.841       7.000    3.41%       3.000      5.000
     WORRY2                3.731      -0.015       1.000   22.12%       1.000      3.000      4.000
             104.000       3.947      -1.283       7.000    7.69%       4.000      6.000
     FEAR2                 2.221       1.136       1.000   49.04%       1.000      1.000      2.000
             104.000       2.518       0.039       7.000    0.96%       2.000      4.000
     SAD2                  3.057       0.468       1.000   25.71%       1.000      2.000      3.000
             105.000       3.140      -0.870       7.000    3.81%       4.000      5.000
     WORRY3                3.278       0.401       1.000   25.00%       1.000      2.000      3.000
             108.000       3.997      -1.241       7.000    6.48%       4.000      5.000
     FEAR3                 2.019       1.325       1.000   54.63%       1.000      1.000      1.000
             108.000       2.055       0.574       6.000    2.78%       2.000      3.000
     SAD3                  2.804       0.610       1.000   32.71%       1.000      2.000      2.000
             107.000       3.036      -0.801       7.000    1.87%       3.000      4.000
     WORRY4                3.009       0.559       1.000   33.04%       1.000      2.000      3.000
             112.000       3.670      -0.900       7.000    5.36%       3.000      5.000
     FEAR4                 1.839       1.617       1.000   56.25%       1.000      1.000      1.000
             112.000       1.546       1.847       6.000    1.79%       2.000      2.000
     SAD4                  2.402       0.668       1.000   38.39%       1.000      2.000      2.000
             112.000       2.062      -0.802       6.000    0.89%       3.000      4.000
     WORRY5                3.027       0.444       1.000   33.93%       1.000      2.000      3.000
             112.000       3.580      -1.100       7.000    2.68%       3.000      5.000
     FEAR5                 1.752       1.829       1.000   62.83%       1.000      1.000      1.000
             113.000       1.567       2.508       6.000    1.77%       1.000      2.000
     SAD5                  2.540       0.976       1.000   34.51%       1.000      2.000      2.000
             113.000       2.585       0.136       7.000    2.65%       3.000      4.000


THE MODEL ESTIMATION TERMINATED NORMALLY



MODEL FIT INFORMATION

Number of Free Parameters                       15

Loglikelihood

          H0 Value                       -2698.678
          H1 Value                       -2596.170

Information Criteria

          Akaike (AIC)                    5427.357
          Bayesian (BIC)                  5470.254
          Sample-Size Adjusted BIC        5422.814
            (n* = (n + 2) / 24)

Chi-Square Test of Model Fit

          Value                            205.016
          Degrees of Freedom                   120
          P-Value                           0.0000

RMSEA (Root Mean Square Error Of Approximation)

          Estimate                           0.074
          90 Percent C.I.                    0.056  0.091
          Probability RMSEA <= .05           0.015

CFI/TLI

          CFI                                0.886
          TLI                                0.901

Chi-Square Test of Model Fit for the Baseline Model

          Value                            853.055
          Degrees of Freedom                   105
          P-Value                           0.0000

SRMR (Standardized Root Mean Square Residual)

          Value                              0.119



MODEL RESULTS

                                                    Two-Tailed
                    Estimate       S.E.  Est./S.E.    P-Value

 CS1      BY
    WORRY1             1.000      0.000    999.000    999.000
    FEAR1              0.516      0.063      8.142      0.000
    SAD1               0.665      0.080      8.332      0.000

 CS2      BY
    WORRY2             1.000      0.000    999.000    999.000
    FEAR2              0.516      0.063      8.142      0.000
    SAD2               0.665      0.080      8.332      0.000

 CS3      BY
    WORRY3             1.000      0.000    999.000    999.000
    FEAR3              0.516      0.063      8.142      0.000
    SAD3               0.665      0.080      8.332      0.000

 CS4      BY
    WORRY4             1.000      0.000    999.000    999.000
    FEAR4              0.516      0.063      8.142      0.000
    SAD4               0.665      0.080      8.332      0.000

 CS5      BY
    WORRY5             1.000      0.000    999.000    999.000
    FEAR5              0.516      0.063      8.142      0.000
    SAD5               0.665      0.080      8.332      0.000

 CT       BY
    WORRY1             1.000      0.000    999.000    999.000
    FEAR1              0.824      0.139      5.918      0.000
    SAD1               1.105      0.190      5.804      0.000
    WORRY2             1.000      0.000    999.000    999.000
    FEAR2              0.824      0.139      5.918      0.000
    SAD2               1.105      0.190      5.804      0.000
    WORRY3             1.000      0.000    999.000    999.000
    FEAR3              0.824      0.139      5.918      0.000
    SAD3               1.105      0.190      5.804      0.000
    WORRY4             1.000      0.000    999.000    999.000
    FEAR4              0.824      0.139      5.918      0.000
    SAD4               1.105      0.190      5.804      0.000
    WORRY5             1.000      0.000    999.000    999.000
    FEAR5              0.824      0.139      5.918      0.000
    SAD5               1.105      0.190      5.804      0.000

 UT1      BY
    WORRY1             1.000      0.000    999.000    999.000
    WORRY2             1.000      0.000    999.000    999.000
    WORRY3             1.000      0.000    999.000    999.000
    WORRY4             1.000      0.000    999.000    999.000
    WORRY5             1.000      0.000    999.000    999.000

 UT2      BY
    FEAR1              1.000      0.000    999.000    999.000
    FEAR2              1.000      0.000    999.000    999.000
    FEAR3              1.000      0.000    999.000    999.000
    FEAR4              1.000      0.000    999.000    999.000
    FEAR5              1.000      0.000    999.000    999.000

 UT3      BY
    SAD1               1.000      0.000    999.000    999.000
    SAD2               1.000      0.000    999.000    999.000
    SAD3               1.000      0.000    999.000    999.000
    SAD4               1.000      0.000    999.000    999.000
    SAD5               1.000      0.000    999.000    999.000

 CS1      WITH
    CS2                0.000      0.000    999.000    999.000
    CS3                0.000      0.000    999.000    999.000
    CS4                0.000      0.000    999.000    999.000
    CS5                0.000      0.000    999.000    999.000
    UT1                0.000      0.000    999.000    999.000
    UT2                0.000      0.000    999.000    999.000
    UT3                0.000      0.000    999.000    999.000
    CT                 0.000      0.000    999.000    999.000

 CS2      WITH
    CS3                0.000      0.000    999.000    999.000
    CS4                0.000      0.000    999.000    999.000
    CS5                0.000      0.000    999.000    999.000
    UT1                0.000      0.000    999.000    999.000
    UT2                0.000      0.000    999.000    999.000
    UT3                0.000      0.000    999.000    999.000
    CT                 0.000      0.000    999.000    999.000

 CS3      WITH
    CS4                0.000      0.000    999.000    999.000
    CS5                0.000      0.000    999.000    999.000
    UT1                0.000      0.000    999.000    999.000
    UT2                0.000      0.000    999.000    999.000
    UT3                0.000      0.000    999.000    999.000
    CT                 0.000      0.000    999.000    999.000

 CS4      WITH
    CS5                0.000      0.000    999.000    999.000
    UT1                0.000      0.000    999.000    999.000
    UT2                0.000      0.000    999.000    999.000
    UT3                0.000      0.000    999.000    999.000
    CT                 0.000      0.000    999.000    999.000

 CS5      WITH
    UT1                0.000      0.000    999.000    999.000
    UT2                0.000      0.000    999.000    999.000
    UT3                0.000      0.000    999.000    999.000
    CT                 0.000      0.000    999.000    999.000

 UT1      WITH
    UT2                0.000      0.000    999.000    999.000
    UT3                0.000      0.000    999.000    999.000
    CT                 0.000      0.000    999.000    999.000

 UT2      WITH
    UT3                0.000      0.000    999.000    999.000
    CT                 0.000      0.000    999.000    999.000

 UT3      WITH
    CT                 0.000      0.000    999.000    999.000

 Intercepts
    WORRY1             3.345      0.131     25.528      0.000
    FEAR1              2.027      0.096     21.212      0.000
    SAD1               2.769      0.115     24.149      0.000
    WORRY2             3.345      0.131     25.528      0.000
    FEAR2              2.027      0.096     21.212      0.000
    SAD2               2.769      0.115     24.149      0.000
    WORRY3             3.345      0.131     25.528      0.000
    FEAR3              2.027      0.096     21.212      0.000
    SAD3               2.769      0.115     24.149      0.000
    WORRY4             3.345      0.131     25.528      0.000
    FEAR4              2.027      0.096     21.212      0.000
    SAD4               2.769      0.115     24.149      0.000
    WORRY5             3.345      0.131     25.528      0.000
    FEAR5              2.027      0.096     21.212      0.000
    SAD5               2.769      0.115     24.149      0.000

 Variances
    CS1                1.508      0.220      6.843      0.000
    CS2                1.508      0.220      6.843      0.000
    CS3                1.508      0.220      6.843      0.000
    CS4                1.508      0.220      6.843      0.000
    CS5                1.508      0.220      6.843      0.000
    CT                 0.833      0.258      3.227      0.001
    UT1                0.790      0.172      4.597      0.000
    UT2                0.298      0.097      3.060      0.002
    UT3                0.253      0.147      1.724      0.085

 Residual Variances
    WORRY1             0.743      0.169      4.397      0.000
    FEAR1              0.794      0.070     11.277      0.000
    SAD1               0.946      0.097      9.746      0.000
    WORRY2             0.743      0.169      4.397      0.000
    FEAR2              0.794      0.070     11.277      0.000
    SAD2               0.946      0.097      9.746      0.000
    WORRY3             0.743      0.169      4.397      0.000
    FEAR3              0.794      0.070     11.277      0.000
    SAD3               0.946      0.097      9.746      0.000
    WORRY4             0.743      0.169      4.397      0.000
    FEAR4              0.794      0.070     11.277      0.000
    SAD4               0.946      0.097      9.746      0.000
    WORRY5             0.743      0.169      4.397      0.000
    FEAR5              0.794      0.070     11.277      0.000
    SAD5               0.946      0.097      9.746      0.000


QUALITY OF NUMERICAL RESULTS

     Condition Number for the Information Matrix              0.149E-01
       (ratio of smallest to largest eigenvalue)


     Beginning Time:  13:11:33
        Ending Time:  13:11:34
       Elapsed Time:  00:00:01



MUTHEN & MUTHEN
3463 Stoner Ave.
Los Angeles, CA  90066

Tel: (310) 391-9971
Fax: (310) 391-8971
Web: www.StatModel.com
Support: Support@StatModel.com

Copyright (c) 1998-2017 Muthen & Muthen
