Mplus VERSION 8
MUTHEN & MUTHEN
11/19/2018   6:18 PM

INPUT INSTRUCTIONS

  TITLE: Your title goes here
  DATA: FILE = "ML_Mplus_files/mlcuts_m10.dat";
  VARIABLE:
  NAMES = subjn worry fear sad;
  MISSING=.;
  USEVAR = worry fear sad;
  CLUSTER = subjn;

  ANALYSIS:
  TYPE = TWOLEVEL;
  ESTIMATOR = ML;
  ITERATIONS = 500000;

  MODEL:
  %WITHIN%

  ! common states
  CS BY worry@1
  fear (lcs2)
  sad (lcs3) ;
  %BETWEEN%

  ! common trait
  CT BY worry@1
  fear (lct2)
  sad (lct3) ;
  [worry*];
  [fear*];
  [sad*];
  [CT*];



*** WARNING
  One or more individual-level variables have no variation within a
  cluster for the following clusters.

     Variable   Cluster IDs with no within-cluster variation

      WORRY       10758 10766 10754 10727 10742 10755 10856
      FEAR        10753 10800 10826 10747 10758 10746 10812 10766 10830 10844 10786 10854 10796
                  10740 10814 10771 10843 10754 10799 10835 10741 10742 10852 10768 10861 10755
                  10792 10842 10757 10851 10802 10863
      SAD         10747 10812 10769 10796 10740 10843 10742 10855 10834 10755 10851

*** WARNING
  Data set contains cases with missing on all variables.
  These cases were not included in the analysis.
  Number of cases with missing on all variables:  230
   2 WARNING(S) FOUND IN THE INPUT INSTRUCTIONS



Your title goes here

SUMMARY OF ANALYSIS

Number of groups                                                 1
Number of observations                                        1070

Number of dependent variables                                    3
Number of independent variables                                  0
Number of continuous latent variables                            2

Observed dependent variables

  Continuous
   WORRY       FEAR        SAD

Continuous latent variables
   CS          CT

Variables with special functions

  Cluster variable      SUBJN

Estimator                                                       ML
Information matrix                                        OBSERVED
Maximum number of iterations                                500000
Convergence criterion                                    0.100D-05
Maximum number of EM iterations                                500
Convergence criteria for the EM algorithm
  Loglikelihood change                                   0.100D-02
  Relative loglikelihood change                          0.100D-05
  Derivative                                             0.100D-03
Minimum variance                                         0.100D-03
Maximum number of steepest descent iterations                   20
Maximum number of iterations for H1                           2000
Convergence criterion for H1                             0.100D-03
Optimization algorithm                                         EMA

Input data file(s)
  ML_Mplus_files/mlcuts_m10.dat
Input data format  FREE


SUMMARY OF DATA

     Number of missing data patterns             4
     Number of clusters                        129

     Average cluster size        8.295

     Estimated Intraclass Correlations for the Y Variables

                Intraclass              Intraclass              Intraclass
     Variable  Correlation   Variable  Correlation   Variable  Correlation

     WORRY        0.363      FEAR         0.344      SAD          0.380



COVARIANCE COVERAGE OF DATA

Minimum covariance coverage value   0.100


     PROPORTION OF DATA PRESENT


           Covariance Coverage
              WORRY         FEAR          SAD
              ________      ________      ________
 WORRY          0.996
 FEAR           0.993         0.997
 SAD            0.993         0.994         0.997



UNIVARIATE SAMPLE STATISTICS


     UNIVARIATE HIGHER-ORDER MOMENT DESCRIPTIVE STATISTICS

         Variable/         Mean/     Skewness/   Minimum/ % with                Percentiles
        Sample Size      Variance    Kurtosis    Maximum  Min/Max      20%/60%    40%/80%    Median

     WORRY                 3.018       0.487       1.000   33.11%       1.000      2.000      3.000
            1066.000       3.676      -1.094       7.000    3.75%       3.000      5.000
     FEAR                  1.861       1.629       1.000   58.86%       1.000      1.000      1.000
            1067.000       1.761       1.796       7.000    0.28%       2.000      3.000
     SAD                   2.604       0.795       1.000   35.05%       1.000      2.000      2.000
            1067.000       2.663      -0.347       7.000    1.97%       3.000      4.000

     THE MODEL ESTIMATION DID NOT TERMINATE NORMALLY DUE TO AN ILL-CONDITIONED
     FISHER INFORMATION MATRIX.  CHANGE YOUR MODEL AND/OR STARTING VALUES.

     THE MODEL ESTIMATION DID NOT TERMINATE NORMALLY DUE TO A NON-POSITIVE
     DEFINITE FISHER INFORMATION MATRIX.  THIS MAY BE DUE TO THE STARTING VALUES
     BUT MAY ALSO BE AN INDICATION OF MODEL NONIDENTIFICATION.  THE CONDITION
     NUMBER IS      -0.659D-14.

     THE STANDARD ERRORS OF THE MODEL PARAMETER ESTIMATES COULD NOT BE
     COMPUTED.  THIS IS OFTEN DUE TO THE STARTING VALUES BUT MAY ALSO BE
     AN INDICATION OF MODEL NONIDENTIFICATION.  CHANGE YOUR MODEL AND/OR
     STARTING VALUES.  PROBLEM INVOLVING THE FOLLOWING PARAMETER:
     Parameter 15, %BETWEEN%: [ CT ]


     THE MODEL IS NOT IDENTIFIED.  THE DEGREES OF FREEDOM FOR THIS MODEL ARE
     NEGATIVE.  CHI-SQUARE TEST AND SAMPLE STATISTICS ARE NOT AVAILABLE.






MODEL RESULTS

                    Estimate

Within Level

 CS       BY
    WORRY              1.000
    FEAR               0.560
    SAD                0.730

 Variances
    CS                 1.248

 Residual Variances
    WORRY              1.096
    FEAR               0.780
    SAD                0.994

Between Level

 CT       BY
    WORRY              1.000
    FEAR               0.717
    SAD                1.032

 Means
    CT                 0.005

 Intercepts
    WORRY              3.020
    FEAR               1.865
    SAD                2.608

 Variances
    CT                 0.766

 Residual Variances
    WORRY              0.567
    FEAR               0.220
    SAD                0.200


MODEL COMMAND WITH FINAL ESTIMATES USED AS STARTING VALUES

     %WITHIN%

     cs BY worry@1;
     cs BY fear*0.56021 (lcs2);
     cs BY sad*0.73019 (lcs3);

     worry*1.09600;
     fear*0.78032;
     sad*0.99438;
     cs*1.24799;

     %BETWEEN%

     ct BY worry@1;
     ct BY fear*0.71698 (lct2);
     ct BY sad*1.03239 (lct3);

     [ worry*3.01991 ];
     [ fear*1.86473 ];
     [ sad*2.60818 ];
     [ ct*0.00468 ];

     worry*0.56676;
     fear*0.22011;
     sad*0.20030;
     ct*0.76616;



TECHNICAL 1 OUTPUT


     PARAMETER SPECIFICATION FOR WITHIN


           NU
              WORRY         FEAR          SAD
              ________      ________      ________
                    0             0             0


           LAMBDA
              CS
              ________
 WORRY              0
 FEAR               1
 SAD                2


           THETA
              WORRY         FEAR          SAD
              ________      ________      ________
 WORRY              3
 FEAR               0             4
 SAD                0             0             5


           ALPHA
              CS
              ________
                    0


           BETA
              CS
              ________
 CS                 0


           PSI
              CS
              ________
 CS                 6


     PARAMETER SPECIFICATION FOR BETWEEN


           NU
              WORRY         FEAR          SAD
              ________      ________      ________
                    7             8             9


           LAMBDA
              CT
              ________
 WORRY              0
 FEAR              10
 SAD               11


           THETA
              WORRY         FEAR          SAD
              ________      ________      ________
 WORRY             12
 FEAR               0            13
 SAD                0             0            14


           ALPHA
              CT
              ________
                   15


           BETA
              CT
              ________
 CT                 0


           PSI
              CT
              ________
 CT                16


     STARTING VALUES FOR WITHIN


           NU
              WORRY         FEAR          SAD
              ________      ________      ________
                0.000         0.000         0.000


           LAMBDA
              CS
              ________
 WORRY          1.000
 FEAR           1.000
 SAD            1.000


           THETA
              WORRY         FEAR          SAD
              ________      ________      ________
 WORRY          1.838
 FEAR           0.000         0.881
 SAD            0.000         0.000         1.331


           ALPHA
              CS
              ________
                0.000


           BETA
              CS
              ________
 CS             0.000


           PSI
              CS
              ________
 CS             0.050


     STARTING VALUES FOR BETWEEN


           NU
              WORRY         FEAR          SAD
              ________      ________      ________
                3.018         1.861         2.604


           LAMBDA
              CT
              ________
 WORRY          1.000
 FEAR           1.000
 SAD            1.000


           THETA
              WORRY         FEAR          SAD
              ________      ________      ________
 WORRY          1.838
 FEAR           0.000         0.881
 SAD            0.000         0.000         1.331


           ALPHA
              CT
              ________
                0.000


           BETA
              CT
              ________
 CT             0.000


           PSI
              CT
              ________
 CT             0.050


DIAGRAM INFORMATION

  Mplus diagrams are currently not available for multilevel analysis.
  No diagram output was produced.


     Beginning Time:  18:18:36
        Ending Time:  18:18:36
       Elapsed Time:  00:00:00



MUTHEN & MUTHEN
3463 Stoner Ave.
Los Angeles, CA  90066

Tel: (310) 391-9971
Fax: (310) 391-8971
Web: www.StatModel.com
Support: Support@StatModel.com

Copyright (c) 1998-2017 Muthen & Muthen
