Mplus VERSION 8
MUTHEN & MUTHEN
11/20/2018  12:33 PM

INPUT INSTRUCTIONS

  TITLE: Your title goes here
  DATA: FILE = "ML_Mplus_files/msst_m10_time.dat";
  VARIABLE:
  NAMES = subjn worry fear sad time;
  MISSING=.;
  USEVAR = worry fear sad time;
  WITHIN = time;
  CLUSTER = subjn;

  ANALYSIS:
  TYPE = TWOLEVEL;
  ESTIMATOR = ML;
  ITERATIONS = 500000;

  MODEL:

  %WITHIN%

  ! Latent state residual
  eta BY worry@1 fear sad ;

  ! Latent error variances
  worry(o_err1) ;
  fear(o_err2) ;
  sad(o_err3) ;

  worry ON time@0;
  fear ON time@0;
  sad ON time@0;


  %BETWEEN%

  ! Item-specific trait factors
  theta1 BY worry@1;
  theta2 BY fear@1;
  theta3 BY sad@1;


  ! Means and intercepts

  [worry@0] ;
  [fear@0] ;
  [sad@0] ;

  [theta1*] ;
  [theta2*] ;
  [theta3*] ;

  ! Fixing level-2 residual variances to 0

  worry@0;
  fear@0;
  sad@0;

  theta1*;
  theta2*;
  theta3*;

  theta1 WITH theta2 theta3;
  theta2 WITH theta3;



*** WARNING
  One or more individual-level variables have no variation within a
  cluster for the following clusters.

     Variable   Cluster IDs with no within-cluster variation

      WORRY       10758 10766 10754 10727 10742 10755 10856
      FEAR        10753 10800 10826 10747 10758 10746 10812 10766 10830 10844 10786 10854 10796
                  10740 10814 10771 10843 10754 10799 10835 10741 10742 10852 10768 10861 10755
                  10792 10842 10757 10851 10802 10863
      SAD         10747 10812 10769 10796 10740 10843 10742 10855 10834 10755 10851

*** WARNING
  Data set contains cases with missing on all variables except
  x-variables.  These cases were not included in the analysis.
  Number of cases with missing on all variables except x-variables:  230
   2 WARNING(S) FOUND IN THE INPUT INSTRUCTIONS



Your title goes here

SUMMARY OF ANALYSIS

Number of groups                                                 1
Number of observations                                        1070

Number of dependent variables                                    3
Number of independent variables                                  1
Number of continuous latent variables                            4

Observed dependent variables

  Continuous
   WORRY       FEAR        SAD

Observed independent variables
   TIME

Continuous latent variables
   ETA         THETA1      THETA2      THETA3

Variables with special functions

  Cluster variable      SUBJN

  Within variables
   TIME


Estimator                                                       ML
Information matrix                                        OBSERVED
Maximum number of iterations                                500000
Convergence criterion                                    0.100D-05
Maximum number of EM iterations                                500
Convergence criteria for the EM algorithm
  Loglikelihood change                                   0.100D-02
  Relative loglikelihood change                          0.100D-05
  Derivative                                             0.100D-03
Minimum variance                                         0.100D-03
Maximum number of steepest descent iterations                   20
Maximum number of iterations for H1                           2000
Convergence criterion for H1                             0.100D-03
Optimization algorithm                                         EMA

Input data file(s)
  ML_Mplus_files/msst_m10_time.dat
Input data format  FREE


SUMMARY OF DATA

     Number of missing data patterns             4
     Number of clusters                        129

     Average cluster size        8.295

     Estimated Intraclass Correlations for the Y Variables

                Intraclass              Intraclass              Intraclass
     Variable  Correlation   Variable  Correlation   Variable  Correlation

     WORRY        0.368      FEAR         0.348      SAD          0.384



COVARIANCE COVERAGE OF DATA

Minimum covariance coverage value   0.100


     PROPORTION OF DATA PRESENT


           Covariance Coverage
              WORRY         FEAR          SAD           TIME
              ________      ________      ________      ________
 WORRY          0.996
 FEAR           0.993         0.997
 SAD            0.993         0.994         0.997
 TIME           0.996         0.997         0.997         1.000



UNIVARIATE SAMPLE STATISTICS


     UNIVARIATE HIGHER-ORDER MOMENT DESCRIPTIVE STATISTICS

         Variable/         Mean/     Skewness/   Minimum/ % with                Percentiles
        Sample Size      Variance    Kurtosis    Maximum  Min/Max      20%/60%    40%/80%    Median

     WORRY                 3.018       0.487       1.000   33.11%       1.000      2.000      3.000
            1066.000       3.676      -1.094       7.000    3.75%       3.000      5.000
     FEAR                  1.861       1.629       1.000   58.86%       1.000      1.000      1.000
            1067.000       1.761       1.796       7.000    0.28%       2.000      3.000
     SAD                   2.604       0.795       1.000   35.05%       1.000      2.000      2.000
            1067.000       2.663      -0.347       7.000    1.97%       3.000      4.000
     TIME                  5.560      -0.013       1.000    8.32%       3.000      5.000      6.000
            1070.000       7.815      -1.175      10.000    9.44%       7.000      8.000


THE MODEL ESTIMATION TERMINATED NORMALLY



MODEL FIT INFORMATION

Number of Free Parameters                       15

Loglikelihood

          H0 Value                       -5382.890
          H1 Value                       -5342.965

Information Criteria

          Akaike (AIC)                   10795.781
          Bayesian (BIC)                 10870.412
          Sample-Size Adjusted BIC       10822.769
            (n* = (n + 2) / 24)

Chi-Square Test of Model Fit

          Value                             79.851
          Degrees of Freedom                     3
          P-Value                           0.0000

RMSEA (Root Mean Square Error Of Approximation)

          Estimate                           0.155

CFI/TLI

          CFI                                0.886
          TLI                                0.657

Chi-Square Test of Model Fit for the Baseline Model

          Value                            680.529
          Degrees of Freedom                     9
          P-Value                           0.0000

SRMR (Standardized Root Mean Square Residual)

          Value for Within                   0.113
          Value for Between                  0.004



MODEL RESULTS

                                                    Two-Tailed
                    Estimate       S.E.  Est./S.E.    P-Value

Within Level

 ETA      BY
    WORRY              1.000      0.000    999.000    999.000
    FEAR               0.560      0.049     11.448      0.000
    SAD                0.730      0.064     11.492      0.000

 WORRY      ON
    TIME               0.000      0.000    999.000    999.000

 FEAR       ON
    TIME               0.000      0.000    999.000    999.000

 SAD        ON
    TIME               0.000      0.000    999.000    999.000

 Variances
    ETA                1.248      0.139      9.004      0.000

 Residual Variances
    WORRY              1.096      0.112      9.765      0.000
    FEAR               0.780      0.048     16.321      0.000
    SAD                0.994      0.070     14.140      0.000

Between Level

 THETA1   BY
    WORRY              1.000      0.000    999.000    999.000

 THETA2   BY
    FEAR               1.000      0.000    999.000    999.000

 THETA3   BY
    SAD                1.000      0.000    999.000    999.000

 THETA1   WITH
    THETA2             0.549      0.114      4.826      0.000
    THETA3             0.791      0.148      5.339      0.000

 THETA2   WITH
    THETA3             0.567      0.103      5.530      0.000

 Means
    THETA1             3.025      0.112     26.933      0.000
    THETA2             1.868      0.077     24.319      0.000
    THETA3             2.613      0.097     26.803      0.000

 Intercepts
    WORRY              0.000      0.000    999.000    999.000
    FEAR               0.000      0.000    999.000    999.000
    SAD                0.000      0.000    999.000    999.000

 Variances
    THETA1             1.331      0.203      6.573      0.000
    THETA2             0.614      0.096      6.376      0.000
    THETA3             1.017      0.153      6.634      0.000

 Residual Variances
    WORRY              0.000      0.000    999.000    999.000
    FEAR               0.000      0.000    999.000    999.000
    SAD                0.000      0.000    999.000    999.000


QUALITY OF NUMERICAL RESULTS

     Condition Number for the Information Matrix              0.935E-03
       (ratio of smallest to largest eigenvalue)


DIAGRAM INFORMATION

  Mplus diagrams are currently not available for multilevel analysis.
  No diagram output was produced.


     Beginning Time:  12:33:36
        Ending Time:  12:33:36
       Elapsed Time:  00:00:00



MUTHEN & MUTHEN
3463 Stoner Ave.
Los Angeles, CA  90066

Tel: (310) 391-9971
Fax: (310) 391-8971
Web: www.StatModel.com
Support: Support@StatModel.com

Copyright (c) 1998-2017 Muthen & Muthen
