Mplus VERSION 8
MUTHEN & MUTHEN
12/03/2018  12:16 PM

INPUT INSTRUCTIONS

  TITLE: Your title goes here
  DATA: FILE = "ML_Mplus_files/PlosOne60L.dat";
  VARIABLE:
  NAMES = subjn worry fear sad;
  MISSING=.;
  USEVAR = worry fear sad;
  CLUSTER = subjn;

  ANALYSIS:
  TYPE = TWOLEVEL;
  ESTIMATOR = ML;
  ITERATIONS = 500000;

  MODEL:

  %WITHIN%

  ! Latent state residual
  eta BY worry@1 fear sad ;

  ! Latent error variances
  worry(o_err1) ;
  fear(o_err2) ;
  sad(o_err3) ;


  %BETWEEN%

  ! Item-specific trait factors
  theta1 BY worry@1;
  theta2 BY fear@1;
  theta3 BY sad@1;

  ! Latent trait vairable

  theta BY theta1@1 theta2 theta3 ;

  ! Means and intercepts

  [worry@0] ;
  [fear@0] ;
  [sad@0] ;

  [theta1@0] ;
  [theta2*] ;
  [theta3*] ;

  [theta*] ;! Latent trait mean

  ! Fixing level-2 residual variances to 0

  worry@0;
  fear@0;
  sad@0;

  theta1@0;
  theta2@0;
  theta3@0;



*** WARNING
  One or more individual-level variables have no variation within a
  cluster for the following clusters.

     Variable   Cluster IDs with no within-cluster variation

      FEAR        10799 10843 10812 10747 10741 10814 10768 10835 10863
      SAD         10843 10812 10755

*** WARNING
  Data set contains cases with missing on all variables.
  These cases were not included in the analysis.
  Number of cases with missing on all variables:  1699
   2 WARNING(S) FOUND IN THE INPUT INSTRUCTIONS



Your title goes here

SUMMARY OF ANALYSIS

Number of groups                                                 1
Number of observations                                        6101

Number of dependent variables                                    3
Number of independent variables                                  0
Number of continuous latent variables                            5

Observed dependent variables

  Continuous
   WORRY       FEAR        SAD

Continuous latent variables
   ETA         THETA1      THETA2      THETA3      THETA

Variables with special functions

  Cluster variable      SUBJN

Estimator                                                       ML
Information matrix                                        OBSERVED
Maximum number of iterations                                500000
Convergence criterion                                    0.100D-05
Maximum number of EM iterations                                500
Convergence criteria for the EM algorithm
  Loglikelihood change                                   0.100D-02
  Relative loglikelihood change                          0.100D-05
  Derivative                                             0.100D-03
Minimum variance                                         0.100D-03
Maximum number of steepest descent iterations                   20
Maximum number of iterations for H1                           2000
Convergence criterion for H1                             0.100D-03
Optimization algorithm                                         EMA

Input data file(s)
  ML_Mplus_files/PlosOne60L.dat
Input data format  FREE


SUMMARY OF DATA

     Number of missing data patterns             5
     Number of clusters                        129

     Average cluster size       47.295

     Estimated Intraclass Correlations for the Y Variables

                Intraclass              Intraclass              Intraclass
     Variable  Correlation   Variable  Correlation   Variable  Correlation

     WORRY        0.340      FEAR         0.336      SAD          0.333



COVARIANCE COVERAGE OF DATA

Minimum covariance coverage value   0.100


     PROPORTION OF DATA PRESENT


           Covariance Coverage
              WORRY         FEAR          SAD
              ________      ________      ________
 WORRY          0.998
 FEAR           0.996         0.998
 SAD            0.996         0.996         0.998



UNIVARIATE SAMPLE STATISTICS


     UNIVARIATE HIGHER-ORDER MOMENT DESCRIPTIVE STATISTICS

         Variable/         Mean/     Skewness/   Minimum/ % with                Percentiles
        Sample Size      Variance    Kurtosis    Maximum  Min/Max      20%/60%    40%/80%    Median

     WORRY                 2.912       0.587       1.000   33.88%       1.000      2.000      2.000
            6086.000       3.454      -0.874       7.000    4.01%       3.000      5.000
     FEAR                  1.749       1.877       1.000   64.75%       1.000      1.000      1.000
            6090.000       1.654       2.817       7.000    0.48%       1.000      2.000
     SAD                   2.478       0.911       1.000   39.81%       1.000      2.000      2.000
            6089.000       2.633      -0.174       7.000    1.72%       2.000      4.000


THE MODEL ESTIMATION TERMINATED NORMALLY



MODEL FIT INFORMATION

Number of Free Parameters                       12

Loglikelihood

          H0 Value                      -30649.455
          H1 Value                      -29299.010

Information Criteria

          Akaike (AIC)                   61322.911
          Bayesian (BIC)                 61403.505
          Sample-Size Adjusted BIC       61365.373
            (n* = (n + 2) / 24)

Chi-Square Test of Model Fit

          Value                           2700.891
          Degrees of Freedom                     3
          P-Value                           0.0000

RMSEA (Root Mean Square Error Of Approximation)

          Estimate                           0.384

CFI/TLI

          CFI                                0.238
          TLI                               -0.524

Chi-Square Test of Model Fit for the Baseline Model

          Value                           3547.327
          Degrees of Freedom                     6
          P-Value                           0.0000

SRMR (Standardized Root Mean Square Residual)

          Value for Within                   0.071
          Value for Between                  0.257



MODEL RESULTS

                                                    Two-Tailed
                    Estimate       S.E.  Est./S.E.    P-Value

Within Level

 ETA      BY
    WORRY              1.000      0.000    999.000    999.000
    FEAR               0.535      0.030     17.866      0.000
    SAD                0.861      0.046     18.887      0.000

 Variances
    ETA                1.080      0.078     13.818      0.000

 Residual Variances
    WORRY              1.587      0.055     28.964      0.000
    FEAR               0.941      0.022     43.270      0.000
    SAD                1.066      0.039     27.472      0.000

Between Level

 THETA1   BY
    WORRY              1.000      0.000    999.000    999.000

 THETA2   BY
    FEAR               1.000      0.000    999.000    999.000

 THETA3   BY
    SAD                1.000      0.000    999.000    999.000

 THETA    BY
    THETA1             1.000      0.000    999.000    999.000
    THETA2             0.716      0.034     20.853      0.000
    THETA3             0.986      0.037     26.403      0.000

 Means
    THETA              2.925      0.081     36.029      0.000

 Intercepts
    WORRY              0.000      0.000    999.000    999.000
    FEAR               0.000      0.000    999.000    999.000
    SAD                0.000      0.000    999.000    999.000
    THETA1             0.000      0.000    999.000    999.000
    THETA2            -0.334      0.101     -3.298      0.001
    THETA3            -0.395      0.111     -3.561      0.000

 Variances
    THETA              0.792      0.112      7.051      0.000

 Residual Variances
    WORRY              0.000      0.000    999.000    999.000
    FEAR               0.000      0.000    999.000    999.000
    SAD                0.000      0.000    999.000    999.000
    THETA1             0.000      0.000    999.000    999.000
    THETA2             0.000      0.000    999.000    999.000
    THETA3             0.000      0.000    999.000    999.000


QUALITY OF NUMERICAL RESULTS

     Condition Number for the Information Matrix              0.375E-04
       (ratio of smallest to largest eigenvalue)


DIAGRAM INFORMATION

  Mplus diagrams are currently not available for multilevel analysis.
  No diagram output was produced.


     Beginning Time:  12:16:46
        Ending Time:  12:16:47
       Elapsed Time:  00:00:01



MUTHEN & MUTHEN
3463 Stoner Ave.
Los Angeles, CA  90066

Tel: (310) 391-9971
Fax: (310) 391-8971
Web: www.StatModel.com
Support: Support@StatModel.com

Copyright (c) 1998-2017 Muthen & Muthen
