Mplus VERSION 8
MUTHEN & MUTHEN
12/03/2018   3:53 PM

INPUT INSTRUCTIONS

  TITLE: Your title goes here
  DATA: FILE = "ML_Mplus_files/PlosOneAllVar.dat";
  VARIABLE:
  NAMES = subjn time worry fear sad cheer relax neur;
  MISSING=.;
  USEVAR = worry fear sad cheer relax ;
  CLUSTER = subjn;
  !WITHIN = time;
  !BETWEEN = neur;

  ANALYSIS:
  TYPE = TWOLEVEL;
  ESTIMATOR = BAYES;
  BITERATIONS = (5000);
  PROCESSORS = 2;
  THIN = 20
  BSEED = 123

  MODEL:

  %WITHIN%

  ! common states
  NA BY worry@1
  fear
  sad  (&1) ;
  NA ON NA&1 ;

  PA BY cheer@1
  relax (&1) ;
  PA ON PA&1 ;

  worry;
  fear;
  sad;
  cheer;
  relax;

  NA;
  PA;

  NA WITH PA@0

  %BETWEEN%

  ! common trait
  NA_W BY worry@1 ;
  NA_F BY fear@1 ;
  NA_S BY sad@1 ;
  PA_C BY cheer@1 ;
  PA_R BY relax@1 ;

  !NA_W ON neur;
  !NA_F ON neur;
  !NA_S ON neur;
  !PA_C ON neur;
  !PA_R ON neur;

  [worry@0.001];
  [fear@0.001];
  [sad@0.001];
  [cheer@0.001];
  [relax@0.001];

  [NA_W*];
  [NA_F*];
  [NA_S*];
  [PA_C*];
  [PA_R*];

  worry@0.001;
  fear@0.001;
  sad@0.001;
  cheer@0.001;
  relax@0.001;

  NA_W;
  NA_F;
  NA_S;
  PA_C;
  PA_R;

  OUTPUT: TECH8;
  !PLOT: TYPE = PLOT3;



*** WARNING
  One or more individual-level variables have no variation within a
  cluster for the following clusters.

     Variable   Cluster IDs with no within-cluster variation

      FEAR        10812 10741 10843 10799 10814 10768 10835 10747 10863
      SAD         10812 10843 10755

*** WARNING
  Data set contains cases with missing on all variables.  Cases that appeared before the first
  case with observed data and that appeared after the last case with observed data were not
  included in the analysis.  Number of deleted cases:  256
   2 WARNING(S) FOUND IN THE INPUT INSTRUCTIONS



Your title goes here

SUMMARY OF ANALYSIS

Number of groups                                                 1
Number of observations                                        7544

Number of dependent variables                                    5
Number of independent variables                                  0
Number of continuous latent variables                            9

Observed dependent variables

  Continuous
   WORRY       FEAR        SAD         CHEER       RELAX

Continuous latent variables
   NA          PA          NA&1        PA&1        NA_W        NA_F
   NA_S        PA_C        PA_R

Variables with special functions

  Cluster variable      SUBJN

Estimator                                                    BAYES
Specifications for Bayesian Estimation
  Point estimate                                            MEDIAN
  Number of Markov chain Monte Carlo (MCMC) chains               2
  Random seed for the first chain                                0
  Starting value information                           UNPERTURBED
  Treatment of categorical mediator                         LATENT
  Algorithm used for Markov chain Monte Carlo           GIBBS(PX1)
  Convergence criterion                                  0.500D-01
  Maximum number of iterations                               50000
  K-th iteration used for thinning                              20

Input data file(s)
  ML_Mplus_files/PlosOneAllVar.dat
Input data format  FREE


SUMMARY OF DATA

     Number of clusters                        129

       Size (s)    Cluster ID with Size s

         21        10776
         44        10859
         45        10778
         49        10760
         53        10823 10792
         54        10722
         55        10728
         56        10839 10837
         57        10786 10725 10766 10826 10771 10838 10720 10858 10750
                   10862
         58        10819 10780 10781 10827 10830 10742 10791 10763 10844
                   10846 10856 10795 10796 10817
         59        10809 10810 10812 10746 10729 10821 10758 10782 10785
                   10735 10831 10790 10738 10741 10841 10843 10726 10744
                   10852 10854 10799 10801 10807 10808
         60        10754 10755 10756 10793 10794 10757 10727 10797 10759
                   10800 10739 10802 10803 10804 10805 10761 10762 10740
                   10764 10811 10765 10813 10814 10815 10816 10732 10818
                   10768 10820 10769 10822 10770 10824 10734 10772 10828
                   10829 10773 10774 10832 10833 10834 10835 10836 10775
                   10724 10777 10840 10736 10842 10779 10747 10845 10748
                   10847 10848 10849 10850 10851 10737 10853 10783 10855
                   10784 10857 10751 10753 10860 10861 10787 10863



COVARIANCE COVERAGE OF DATA

Minimum covariance coverage value   0.100

     Number of missing data patterns            13


     PROPORTION OF DATA PRESENT


           Covariance Coverage
              WORRY         FEAR          SAD           CHEER         RELAX
              ________      ________      ________      ________      ________
 WORRY          0.807
 FEAR           0.805         0.807
 SAD            0.805         0.806         0.807
 CHEER          0.803         0.804         0.803         0.805
 RELAX          0.805         0.806         0.806         0.803         0.807



UNIVARIATE SAMPLE STATISTICS


     UNIVARIATE HIGHER-ORDER MOMENT DESCRIPTIVE STATISTICS

         Variable/         Mean/     Skewness/   Minimum/ % with                Percentiles
        Sample Size      Variance    Kurtosis    Maximum  Min/Max      20%/60%    40%/80%    Median

     WORRY                 2.912       0.587       1.000   33.88%       1.000      2.000      2.000
            6086.000       3.454      -0.874       7.000    4.01%       3.000      5.000
     FEAR                  1.749       1.877       1.000   64.75%       1.000      1.000      1.000
            6090.000       1.654       2.817       7.000    0.48%       1.000      2.000
     SAD                   2.478       0.911       1.000   39.81%       1.000      2.000      2.000
            6089.000       2.633      -0.174       7.000    1.72%       2.000      4.000
     CHEER                 3.938      -0.326       1.000    9.95%       2.000      4.000      4.000
            6070.000       2.434      -0.674       7.000    2.26%       4.000      5.000
     RELAX                 4.066      -0.293       1.000    7.92%       3.000      4.000      4.000
            6088.000       2.455      -0.640       7.000    3.73%       5.000      5.000


THE MODEL ESTIMATION TERMINATED NORMALLY

     USE THE FBITERATIONS OPTION TO INCREASE THE NUMBER OF ITERATIONS BY A FACTOR
     OF AT LEAST TWO TO CHECK CONVERGENCE AND THAT THE PSR VALUE DOES NOT INCREASE.



MODEL FIT INFORMATION

Number of Free Parameters                              32

Information Criteria

          Deviance (DIC)                        88913.435
          Estimated Number of Parameters (pD)    8087.930



MODEL RESULTS

                                Posterior  One-Tailed         95% C.I.
                    Estimate       S.D.      P-Value   Lower 2.5%  Upper 2.5%  Significance

Within Level

 NA       BY
    WORRY              1.000       0.000      0.000       1.000       1.000
    FEAR               0.589       0.017      0.000       0.557       0.622      *
    SAD                0.870       0.023      0.000       0.827       0.917      *

 PA       BY
    CHEER              1.000       0.000      0.000       1.000       1.000
    RELAX              0.897       0.028      0.000       0.843       0.953      *

 NA         ON
    NA&1               0.639       0.016      0.000       0.607       0.668      *

 PA         ON
    PA&1               0.560       0.017      0.000       0.527       0.593      *

 NA       WITH
    PA                 0.000       0.000      1.000       0.000       0.000

 Residual Variances
    WORRY              1.133       0.033      0.000       1.070       1.200      *
    FEAR               0.716       0.016      0.000       0.685       0.751      *
    SAD                0.887       0.025      0.000       0.840       0.939      *
    CHEER              0.585       0.034      0.000       0.517       0.652      *
    RELAX              0.963       0.031      0.000       0.902       1.028      *
    NA                 0.719       0.035      0.000       0.651       0.790      *
    PA                 0.827       0.040      0.000       0.751       0.909      *

Between Level

 NA_W     BY
    WORRY              1.000       0.000      0.000       1.000       1.000

 NA_F     BY
    FEAR               1.000       0.000      0.000       1.000       1.000

 NA_S     BY
    SAD                1.000       0.000      0.000       1.000       1.000

 PA_C     BY
    CHEER              1.000       0.000      0.000       1.000       1.000

 PA_R     BY
    RELAX              1.000       0.000      0.000       1.000       1.000

 NA_F     WITH
    NA_W               0.463       0.103      0.000       0.297       0.699      *

 NA_S     WITH
    NA_W               0.713       0.136      0.000       0.489       1.024      *
    NA_F               0.507       0.093      0.000       0.355       0.718      *

 PA_C     WITH
    NA_W              -0.473       0.110      0.000      -0.713      -0.289      *
    NA_F              -0.238       0.072      0.000      -0.392      -0.112      *
    NA_S              -0.546       0.101      0.000      -0.766      -0.374      *

 PA_R     WITH
    NA_W              -0.563       0.106      0.000      -0.802      -0.386      *
    NA_F              -0.268       0.068      0.000      -0.417      -0.152      *
    NA_S              -0.470       0.091      0.000      -0.680      -0.319      *
    PA_C               0.511       0.089      0.000       0.362       0.709      *

 Means
    NA_W               2.943       0.102      0.000       2.747       3.142      *
    NA_F               1.769       0.071      0.000       1.630       1.911      *
    NA_S               2.494       0.089      0.000       2.318       2.672      *
    PA_C               3.921       0.079      0.000       3.763       4.074      *
    PA_R               4.050       0.074      0.000       3.903       4.191      *

 Intercepts
    WORRY              0.001       0.000      0.000       0.001       0.001
    FEAR               0.001       0.000      0.000       0.001       0.001
    SAD                0.001       0.000      0.000       0.001       0.001
    CHEER              0.001       0.000      0.000       0.001       0.001
    RELAX              0.001       0.000      0.000       0.001       0.001

 Variances
    NA_W               1.240       0.185      0.000       0.946       1.669      *
    NA_F               0.601       0.089      0.000       0.461       0.803      *
    NA_S               0.924       0.137      0.000       0.707       1.229      *
    PA_C               0.713       0.109      0.000       0.536       0.961      *
    PA_R               0.606       0.091      0.000       0.454       0.811      *

 Residual Variances
    WORRY              0.001       0.000      0.000       0.001       0.001
    FEAR               0.001       0.000      0.000       0.001       0.001
    SAD                0.001       0.000      0.000       0.001       0.001
    CHEER              0.001       0.000      0.000       0.001       0.001
    RELAX              0.001       0.000      0.000       0.001       0.001


TECHNICAL 1 OUTPUT


     PARAMETER SPECIFICATION FOR WITHIN


           NU
              WORRY         FEAR          SAD           CHEER         RELAX
              ________      ________      ________      ________      ________
                    0             0             0             0             0


           LAMBDA
              NA            PA            NA&1          PA&1
              ________      ________      ________      ________
 WORRY              0             0             0             0
 FEAR               1             0             0             0
 SAD                2             0             0             0
 CHEER              0             0             0             0
 RELAX              0             3             0             0


           THETA
              WORRY         FEAR          SAD           CHEER         RELAX
              ________      ________      ________      ________      ________
 WORRY              4
 FEAR               0             5
 SAD                0             0             6
 CHEER              0             0             0             7
 RELAX              0             0             0             0             8


           ALPHA
              NA            PA            NA&1          PA&1
              ________      ________      ________      ________
                    0             0             0             0


           BETA
              NA            PA            NA&1          PA&1
              ________      ________      ________      ________
 NA                 0             0             9             0
 PA                 0             0             0            10
 NA&1               0             0             0             0
 PA&1               0             0             0             0


           PSI
              NA            PA            NA&1          PA&1
              ________      ________      ________      ________
 NA                11
 PA                 0            12
 NA&1               0             0             0
 PA&1               0             0             0             0


     PARAMETER SPECIFICATION FOR BETWEEN


           NU
              WORRY         FEAR          SAD           CHEER         RELAX
              ________      ________      ________      ________      ________
                    0             0             0             0             0


           LAMBDA
              NA_W          NA_F          NA_S          PA_C          PA_R
              ________      ________      ________      ________      ________
 WORRY              0             0             0             0             0
 FEAR               0             0             0             0             0
 SAD                0             0             0             0             0
 CHEER              0             0             0             0             0
 RELAX              0             0             0             0             0


           THETA
              WORRY         FEAR          SAD           CHEER         RELAX
              ________      ________      ________      ________      ________
 WORRY              0
 FEAR               0             0
 SAD                0             0             0
 CHEER              0             0             0             0
 RELAX              0             0             0             0             0


           ALPHA
              NA_W          NA_F          NA_S          PA_C          PA_R
              ________      ________      ________      ________      ________
                   13            14            15            16            17


           BETA
              NA_W          NA_F          NA_S          PA_C          PA_R
              ________      ________      ________      ________      ________
 NA_W               0             0             0             0             0
 NA_F               0             0             0             0             0
 NA_S               0             0             0             0             0
 PA_C               0             0             0             0             0
 PA_R               0             0             0             0             0


           PSI
              NA_W          NA_F          NA_S          PA_C          PA_R
              ________      ________      ________      ________      ________
 NA_W              18
 NA_F              19            20
 NA_S              21            22            23
 PA_C              24            25            26            27
 PA_R              28            29            30            31            32


     STARTING VALUES FOR WITHIN


           NU
              WORRY         FEAR          SAD           CHEER         RELAX
              ________      ________      ________      ________      ________
                0.000         0.000         0.000         0.000         0.000


           LAMBDA
              NA            PA            NA&1          PA&1
              ________      ________      ________      ________
 WORRY          1.000         0.000         0.000         0.000
 FEAR           1.000         0.000         0.000         0.000
 SAD            1.000         0.000         0.000         0.000
 CHEER          0.000         1.000         0.000         0.000
 RELAX          0.000         1.000         0.000         0.000


           THETA
              WORRY         FEAR          SAD           CHEER         RELAX
              ________      ________      ________      ________      ________
 WORRY          1.727
 FEAR           0.000         0.827
 SAD            0.000         0.000         1.316
 CHEER          0.000         0.000         0.000         1.217
 RELAX          0.000         0.000         0.000         0.000         1.227


           ALPHA
              NA            PA            NA&1          PA&1
              ________      ________      ________      ________
                0.000         0.000         0.000         0.000


           BETA
              NA            PA            NA&1          PA&1
              ________      ________      ________      ________
 NA             0.000         0.000         0.000         0.000
 PA             0.000         0.000         0.000         0.000
 NA&1           0.000         0.000         0.000         0.000
 PA&1           0.000         0.000         0.000         0.000


           PSI
              NA            PA            NA&1          PA&1
              ________      ________      ________      ________
 NA             1.000
 PA             0.000         1.000
 NA&1           0.000         0.000         1.000
 PA&1           0.000         0.000         0.000         1.000


     STARTING VALUES FOR BETWEEN


           NU
              WORRY         FEAR          SAD           CHEER         RELAX
              ________      ________      ________      ________      ________
                0.001         0.001         0.001         0.001         0.001


           LAMBDA
              NA_W          NA_F          NA_S          PA_C          PA_R
              ________      ________      ________      ________      ________
 WORRY          1.000         0.000         0.000         0.000         0.000
 FEAR           0.000         1.000         0.000         0.000         0.000
 SAD            0.000         0.000         1.000         0.000         0.000
 CHEER          0.000         0.000         0.000         1.000         0.000
 RELAX          0.000         0.000         0.000         0.000         1.000


           THETA
              WORRY         FEAR          SAD           CHEER         RELAX
              ________      ________      ________      ________      ________
 WORRY          0.001
 FEAR           0.000         0.001
 SAD            0.000         0.000         0.001
 CHEER          0.000         0.000         0.000         0.001
 RELAX          0.000         0.000         0.000         0.000         0.001


           ALPHA
              NA_W          NA_F          NA_S          PA_C          PA_R
              ________      ________      ________      ________      ________
                0.000         0.000         0.000         0.000         0.000


           BETA
              NA_W          NA_F          NA_S          PA_C          PA_R
              ________      ________      ________      ________      ________
 NA_W           0.000         0.000         0.000         0.000         0.000
 NA_F           0.000         0.000         0.000         0.000         0.000
 NA_S           0.000         0.000         0.000         0.000         0.000
 PA_C           0.000         0.000         0.000         0.000         0.000
 PA_R           0.000         0.000         0.000         0.000         0.000


           PSI
              NA_W          NA_F          NA_S          PA_C          PA_R
              ________      ________      ________      ________      ________
 NA_W           1.000
 NA_F           0.000         1.000
 NA_S           0.000         0.000         1.000
 PA_C           0.000         0.000         0.000         1.000
 PA_R           0.000         0.000         0.000         0.000         1.000



     PRIORS FOR ALL PARAMETERS            PRIOR MEAN      PRIOR VARIANCE     PRIOR STD. DEV.

     Parameter 1~N(0.000,infinity)           0.0000            infinity            infinity
     Parameter 2~N(0.000,infinity)           0.0000            infinity            infinity
     Parameter 3~N(0.000,infinity)           0.0000            infinity            infinity
     Parameter 4~IG(-1.000,0.000)          infinity            infinity            infinity
     Parameter 5~IG(-1.000,0.000)          infinity            infinity            infinity
     Parameter 6~IG(-1.000,0.000)          infinity            infinity            infinity
     Parameter 7~IG(-1.000,0.000)          infinity            infinity            infinity
     Parameter 8~IG(-1.000,0.000)          infinity            infinity            infinity
     Parameter 9~N(0.000,infinity)           0.0000            infinity            infinity
     Parameter 10~N(0.000,infinity)          0.0000            infinity            infinity
     Parameter 11~IG(-1.000,0.000)         infinity            infinity            infinity
     Parameter 12~IG(-1.000,0.000)         infinity            infinity            infinity
     Parameter 13~N(0.000,infinity)          0.0000            infinity            infinity
     Parameter 14~N(0.000,infinity)          0.0000            infinity            infinity
     Parameter 15~N(0.000,infinity)          0.0000            infinity            infinity
     Parameter 16~N(0.000,infinity)          0.0000            infinity            infinity
     Parameter 17~N(0.000,infinity)          0.0000            infinity            infinity
     Parameter 18~IW(0.000,-6)             infinity            infinity            infinity
     Parameter 19~IW(0.000,-6)             infinity            infinity            infinity
     Parameter 20~IW(0.000,-6)             infinity            infinity            infinity
     Parameter 21~IW(0.000,-6)             infinity            infinity            infinity
     Parameter 22~IW(0.000,-6)             infinity            infinity            infinity
     Parameter 23~IW(0.000,-6)             infinity            infinity            infinity
     Parameter 24~IW(0.000,-6)             infinity            infinity            infinity
     Parameter 25~IW(0.000,-6)             infinity            infinity            infinity
     Parameter 26~IW(0.000,-6)             infinity            infinity            infinity
     Parameter 27~IW(0.000,-6)             infinity            infinity            infinity
     Parameter 28~IW(0.000,-6)             infinity            infinity            infinity
     Parameter 29~IW(0.000,-6)             infinity            infinity            infinity
     Parameter 30~IW(0.000,-6)             infinity            infinity            infinity
     Parameter 31~IW(0.000,-6)             infinity            infinity            infinity
     Parameter 32~IW(0.000,-6)             infinity            infinity            infinity


TECHNICAL 8 OUTPUT



     Kolmogorov-Smirnov comparing posterior distributions across chains 1 and 2 using 100 draws.





     Parameter   KS Statistic P-value
     Parameter 18    0.1400    0.2606
     Parameter 23    0.1000    0.6766
     Parameter 13    0.1000    0.6766
     Parameter 16    0.1000    0.6766
     Parameter 19    0.0900    0.7942
     Parameter 21    0.0900    0.7942
     Parameter 11    0.0900    0.7942
     Parameter 31    0.0800    0.8938
     Parameter 14    0.0800    0.8938
     Parameter 24    0.0700    0.9610
     Parameter 26    0.0700    0.9610
     Parameter 20    0.0700    0.9610
     Parameter 22    0.0600    0.9921
     Parameter 15    0.0600    0.9921
     Parameter 17    0.0600    0.9921
     Parameter 29    0.0600    0.9921
     Parameter 28    0.0600    0.9921
     Parameter 27    0.0500    0.9995
     Parameter 3    0.0500    0.9995
     Parameter 25    0.0500    0.9995
     Parameter 30    0.0500    0.9995
     Parameter 4    0.0400    1.0000
     Parameter 7    0.0400    1.0000
     Parameter 12    0.0400    1.0000
     Parameter 8    0.0300    1.0000
     Parameter 32    0.0300    1.0000
     Parameter 1    0.0100    1.0000
     Parameter 5    0.0100    1.0000
     Parameter 2    0.0100    1.0000
     Parameter 6    0.0100    1.0000
     Parameter 9    0.0100    1.0000
     Parameter 10    0.0000    1.0000



     Simulated prior distributions

     Parameter       Prior Mean  Prior Variance  Prior Std. Dev.


     Parameter 1 Improper Prior
     Parameter 2 Improper Prior
     Parameter 3 Improper Prior
     Parameter 4 Improper Prior
     Parameter 5 Improper Prior
     Parameter 6 Improper Prior
     Parameter 7 Improper Prior
     Parameter 8 Improper Prior
     Parameter 9 Improper Prior
     Parameter 10 Improper Prior
     Parameter 11 Improper Prior
     Parameter 12 Improper Prior
     Parameter 13 Improper Prior
     Parameter 14 Improper Prior
     Parameter 15 Improper Prior
     Parameter 16 Improper Prior
     Parameter 17 Improper Prior
     Parameter 18 Improper Prior
     Parameter 19 Improper Prior
     Parameter 20 Improper Prior
     Parameter 21 Improper Prior
     Parameter 22 Improper Prior
     Parameter 23 Improper Prior
     Parameter 24 Improper Prior
     Parameter 25 Improper Prior
     Parameter 26 Improper Prior
     Parameter 27 Improper Prior
     Parameter 28 Improper Prior
     Parameter 29 Improper Prior
     Parameter 30 Improper Prior
     Parameter 31 Improper Prior
     Parameter 32 Improper Prior


   TECHNICAL 8 OUTPUT FOR BAYES ESTIMATION

     CHAIN    BSEED
     1        0
     2        285380

                     POTENTIAL       PARAMETER WITH
     ITERATION    SCALE REDUCTION      HIGHEST PSR
     100              1.034               12
     200              1.017               16
     300              1.011               17
     400              1.008               2
     500              1.010               18
     600              1.008               16
     700              1.011               16
     800              1.013               17
     900              1.007               13
     1000             1.009               13
     1100             1.004               13
     1200             1.003               17
     1300             1.005               21
     1400             1.006               30
     1500             1.006               30
     1600             1.005               30
     1700             1.005               26
     1800             1.006               30
     1900             1.004               30
     2000             1.002               30
     2100             1.001               31
     2200             1.001               31
     2300             1.001               31
     2400             1.001               32
     2500             1.002               31
     2600             1.001               31
     2700             1.001               13
     2800             1.001               15
     2900             1.001               15
     3000             1.001               12
     3100             1.002               12
     3200             1.004               12
     3300             1.003               12
     3400             1.003               12
     3500             1.002               12
     3600             1.002               12
     3700             1.003               12
     3800             1.003               12
     3900             1.002               12
     4000             1.002               12
     4100             1.001               12
     4200             1.001               2
     4300             1.001               9
     4400             1.001               9
     4500             1.001               9
     4600             1.001               9
     4700             1.001               12
     4800             1.001               12
     4900             1.001               12
     5000             1.001               12


DIAGRAM INFORMATION

  Mplus diagrams are currently not available for multilevel analysis.
  No diagram output was produced.


     Beginning Time:  15:53:54
        Ending Time:  16:15:52
       Elapsed Time:  00:21:58



MUTHEN & MUTHEN
3463 Stoner Ave.
Los Angeles, CA  90066

Tel: (310) 391-9971
Fax: (310) 391-8971
Web: www.StatModel.com
Support: Support@StatModel.com

Copyright (c) 1998-2017 Muthen & Muthen
