Mplus VERSION 8
MUTHEN & MUTHEN
11/19/2018   6:06 PM

INPUT INSTRUCTIONS

  TITLE: Your title goes here
  DATA: FILE = "ML_Mplus_files/tso_m10.dat";
  VARIABLE:
  NAMES = worry1 fear1 sad1 worry2 fear2 sad2 worry3 fear3 sad3 worry4 fear4 sad4
       worry5 fear5 sad5 worry6 fear6 sad6 worry7 fear7 sad7 worry8 fear8 sad8 worry9
       fear9 sad9 worry10 fear10 sad10;
  MISSING=.;
  ANALYSIS:
  H1ITERATIONS = 5000;

  MODEL:

  ! Latent occasion variables
  occ1 BY worry1@1
  fear1 (las21)
  sad1 (las31) ;
  occ2 BY worry2@1
  fear2 (las21)
  sad2 (las31) ;
  occ3 BY worry3@1
  fear3 (las21)
  sad3 (las31) ;
  occ4 BY worry4@1
  fear4 (las21)
  sad4 (las31) ;
  occ5 BY worry5@1
  fear5 (las21)
  sad5 (las31) ;
  occ6 BY worry6@1
  fear6 (las21)
  sad6 (las31) ;
  occ7 BY worry7@1
  fear7 (las21)
  sad7 (las31) ;
  occ8 BY worry8@1
  fear8 (las21)
  sad8 (las31) ;
  occ9 BY worry9@1
  fear9 (las21)
  sad9 (las31) ;
  occ10 BY worry10@1
  fear10 (las21)
  sad10 (las31) ;

  ! Latent trait variable or trait indicators
  theta1 BY worry1@1
  worry2@1
  worry3@1
  worry4@1
  worry5@1
  worry6@1
  worry7@1
  worry8@1
  worry9@1
  worry10@1 ;
  theta2 BY fear1@1
  fear2@1
  fear3@1
  fear4@1
  fear5@1
  fear6@1
  fear7@1
  fear8@1
  fear9@1
  fear10@1 ;
  theta3 BY sad1@1
  sad2@1
  sad3@1
  sad4@1
  sad5@1
  sad6@1
  sad7@1
  sad8@1
  sad9@1
  sad10@1 ;

  ! Intercepts and means
  [worry1*] (ins11) ;
  [fear1*] (ins21) ;
  [sad1*] (ins31) ;
  [worry2*] (ins11) ;
  [fear2*] (ins21) ;
  [sad2*] (ins31) ;
  [worry3*] (ins11) ;
  [fear3*] (ins21) ;
  [sad3*] (ins31) ;
  [worry4*] (ins11) ;
  [fear4*] (ins21) ;
  [sad4*] (ins31) ;
  [worry5*] (ins11) ;
  [fear5*] (ins21) ;
  [sad5*] (ins31) ;
  [worry6*] (ins11) ;
  [fear6*] (ins21) ;
  [sad6*] (ins31) ;
  [worry7*] (ins11) ;
  [fear7*] (ins21) ;
  [sad7*] (ins31) ;
  [worry8*] (ins11) ;
  [fear8*] (ins21) ;
  [sad8*] (ins31) ;
  [worry9*] (ins11) ;
  [fear9*] (ins21) ;
  [sad9*] (ins31) ;
  [worry10*] (ins11) ;
  [fear10*] (ins21) ;
  [sad10*] (ins31) ;
  [occ1@0] ;
  [occ2@0] ;
  [occ3@0] ;
  [occ4@0] ;
  [occ5@0] ;
  [occ6@0] ;
  [occ7@0] ;
  [occ8@0] ;
  [occ9@0] ;
  [occ10@0] ;

  ! Set 0 correlations
  occ1 WITH occ2@0
  occ3@0
  occ4@0
  occ5@0
  occ6@0
  occ7@0
  occ8@0
  occ9@0
  occ10@0
  theta1@0
  theta2@0
  theta3@0 ;
  occ2 WITH occ3@0
  occ4@0
  occ5@0
  occ6@0
  occ7@0
  occ8@0
  occ9@0
  occ10@0
  theta1@0
  theta2@0
  theta3@0 ;
  occ3 WITH occ4@0
  occ5@0
  occ6@0
  occ7@0
  occ8@0
  occ9@0
  occ10@0
  theta1@0
  theta2@0
  theta3@0 ;
  occ4 WITH occ5@0
  occ6@0
  occ7@0
  occ8@0
  occ9@0
  occ10@0
  theta1@0
  theta2@0
  theta3@0 ;
  occ5 WITH occ6@0
  occ7@0
  occ8@0
  occ9@0
  occ10@0
  theta1@0
  theta2@0
  theta3@0 ;
  occ6 WITH occ7@0
  occ8@0
  occ9@0
  occ10@0
  theta1@0
  theta2@0
  theta3@0 ;
  occ7 WITH occ8@0
  occ9@0
  occ10@0
  theta1@0
  theta2@0
  theta3@0 ;
  occ8 WITH occ9@0
  occ10@0
  theta1@0
  theta2@0
  theta3@0 ;
  occ9 WITH occ10@0
  theta1@0
  theta2@0
  theta3@0 ;
  occ10 WITH theta1@0
  theta2@0
  theta3@0 ;

  ! autoregressive effects
  occ2 ON occ1 (beta1) ;
  occ3 ON occ2 (beta1) ;
  occ4 ON occ3 (beta1) ;
  occ5 ON occ4 (beta1) ;
  occ6 ON occ5 (beta1) ;
  occ7 ON occ6 (beta1) ;
  occ8 ON occ7 (beta1) ;
  occ9 ON occ8 (beta1) ;
  occ10 ON occ9 (beta1) ;

  ! Variance components
  worry1 (err11) ;
  fear1 (err21) ;
  sad1 (err31) ;
  worry2 (err11) ;
  fear2 (err21) ;
  sad2 (err31) ;
  worry3 (err11) ;
  fear3 (err21) ;
  sad3 (err31) ;
  worry4 (err11) ;
  fear4 (err21) ;
  sad4 (err31) ;
  worry5 (err11) ;
  fear5 (err21) ;
  sad5 (err31) ;
  worry6 (err11) ;
  fear6 (err21) ;
  sad6 (err31) ;
  worry7 (err11) ;
  fear7 (err21) ;
  sad7 (err31) ;
  worry8 (err11) ;
  fear8 (err21) ;
  sad8 (err31) ;
  worry9 (err11) ;
  fear9 (err21) ;
  sad9 (err31) ;
  worry10 (err11) ;
  fear10 (err21) ;
  sad10 (err31) ;
  occ1 (oc_var1) ;
  occ2 (oc_var1) ;
  occ3 (oc_var1) ;
  occ4 (oc_var1) ;
  occ5 (oc_var1) ;
  occ6 (oc_var1) ;
  occ7 (oc_var1) ;
  occ8 (oc_var1) ;
  occ9 (oc_var1) ;
  occ10 (oc_var1) ;
  theta1(t_var1) ;
  theta2(t_var2) ;
  theta3(t_var3) ;



INPUT READING TERMINATED NORMALLY



Your title goes here

SUMMARY OF ANALYSIS

Number of groups                                                 1
Number of observations                                         129

Number of dependent variables                                   30
Number of independent variables                                  0
Number of continuous latent variables                           13

Observed dependent variables

  Continuous
   WORRY1      FEAR1       SAD1        WORRY2      FEAR2       SAD2
   WORRY3      FEAR3       SAD3        WORRY4      FEAR4       SAD4
   WORRY5      FEAR5       SAD5        WORRY6      FEAR6       SAD6
   WORRY7      FEAR7       SAD7        WORRY8      FEAR8       SAD8
   WORRY9      FEAR9       SAD9        WORRY10     FEAR10      SAD10

Continuous latent variables
   OCC1        OCC2        OCC3        OCC4        OCC5        OCC6
   OCC7        OCC8        OCC9        OCC10       THETA1      THETA2
   THETA3


Estimator                                                       ML
Information matrix                                        OBSERVED
Maximum number of iterations                                  1000
Convergence criterion                                    0.500D-04
Maximum number of steepest descent iterations                   20
Maximum number of iterations for H1                           5000
Convergence criterion for H1                             0.100D-03

Input data file(s)
  ML_Mplus_files/tso_m10.dat

Input data format  FREE


SUMMARY OF DATA

     Number of missing data patterns            65


COVARIANCE COVERAGE OF DATA

Minimum covariance coverage value   0.100


     PROPORTION OF DATA PRESENT


           Covariance Coverage
              WORRY1        FEAR1         SAD1          WORRY2        FEAR2
              ________      ________      ________      ________      ________
 WORRY1         0.690
 FEAR1          0.690         0.690
 SAD1           0.682         0.682         0.682
 WORRY2         0.628         0.628         0.628         0.806
 FEAR2          0.636         0.636         0.636         0.798         0.806
 SAD2           0.636         0.636         0.636         0.806         0.806
 WORRY3         0.597         0.597         0.597         0.705         0.705
 FEAR3          0.597         0.597         0.597         0.705         0.705
 SAD3           0.597         0.597         0.597         0.705         0.705
 WORRY4         0.612         0.612         0.612         0.705         0.705
 FEAR4          0.612         0.612         0.612         0.705         0.705
 SAD4           0.612         0.612         0.612         0.705         0.705
 WORRY5         0.597         0.597         0.589         0.705         0.713
 FEAR5          0.605         0.605         0.597         0.721         0.729
 SAD5           0.605         0.605         0.597         0.713         0.721
 WORRY6         0.620         0.620         0.612         0.698         0.698
 FEAR6          0.620         0.620         0.612         0.698         0.698
 SAD6           0.620         0.620         0.612         0.698         0.698
 WORRY7         0.612         0.612         0.605         0.713         0.721
 FEAR7          0.612         0.612         0.605         0.713         0.721
 SAD7           0.612         0.612         0.605         0.713         0.721
 WORRY8         0.612         0.612         0.605         0.713         0.721
 FEAR8          0.612         0.612         0.605         0.713         0.721
 SAD8           0.612         0.612         0.605         0.713         0.721
 WORRY9         0.581         0.581         0.581         0.682         0.682
 FEAR9          0.589         0.589         0.589         0.690         0.690
 SAD9           0.589         0.589         0.589         0.690         0.690
 WORRY10        0.527         0.527         0.527         0.620         0.620
 FEAR10         0.527         0.527         0.527         0.612         0.612
 SAD10          0.527         0.527         0.527         0.620         0.620


           Covariance Coverage
              SAD2          WORRY3        FEAR3         SAD3          WORRY4
              ________      ________      ________      ________      ________
 SAD2           0.814
 WORRY3         0.713         0.837
 FEAR3          0.713         0.837         0.837
 SAD3           0.713         0.829         0.829         0.829
 WORRY4         0.713         0.744         0.744         0.736         0.868
 FEAR4          0.713         0.744         0.744         0.736         0.868
 SAD4           0.713         0.744         0.744         0.736         0.868
 WORRY5         0.713         0.744         0.744         0.736         0.752
 FEAR5          0.729         0.752         0.752         0.744         0.760
 SAD5           0.721         0.752         0.752         0.744         0.760
 WORRY6         0.705         0.736         0.736         0.729         0.752
 FEAR6          0.705         0.736         0.736         0.729         0.752
 SAD6           0.705         0.736         0.736         0.729         0.752
 WORRY7         0.721         0.744         0.744         0.736         0.744
 FEAR7          0.721         0.744         0.744         0.736         0.744
 SAD7           0.721         0.744         0.744         0.736         0.744
 WORRY8         0.721         0.736         0.736         0.736         0.744
 FEAR8          0.721         0.736         0.736         0.736         0.744
 SAD8           0.721         0.736         0.736         0.736         0.744
 WORRY9         0.690         0.698         0.698         0.698         0.713
 FEAR9          0.698         0.705         0.705         0.705         0.713
 SAD9           0.698         0.705         0.705         0.705         0.713
 WORRY10        0.628         0.667         0.667         0.659         0.690
 FEAR10         0.620         0.659         0.659         0.651         0.682
 SAD10          0.628         0.667         0.667         0.659         0.690


           Covariance Coverage
              FEAR4         SAD4          WORRY5        FEAR5         SAD5
              ________      ________      ________      ________      ________
 FEAR4          0.868
 SAD4           0.868         0.868
 WORRY5         0.752         0.752         0.868
 FEAR5          0.760         0.760         0.860         0.876
 SAD5           0.760         0.760         0.860         0.868         0.876
 WORRY6         0.752         0.752         0.783         0.783         0.783
 FEAR6          0.752         0.752         0.783         0.783         0.783
 SAD6           0.752         0.752         0.783         0.783         0.783
 WORRY7         0.744         0.744         0.767         0.767         0.767
 FEAR7          0.744         0.744         0.767         0.767         0.767
 SAD7           0.744         0.744         0.767         0.767         0.767
 WORRY8         0.744         0.744         0.767         0.775         0.767
 FEAR8          0.744         0.744         0.767         0.775         0.767
 SAD8           0.744         0.744         0.767         0.775         0.767
 WORRY9         0.713         0.713         0.713         0.721         0.721
 FEAR9          0.713         0.713         0.713         0.721         0.721
 SAD9           0.713         0.713         0.713         0.721         0.721
 WORRY10        0.690         0.690         0.682         0.690         0.698
 FEAR10         0.682         0.682         0.674         0.682         0.690
 SAD10          0.690         0.690         0.682         0.690         0.698


           Covariance Coverage
              WORRY6        FEAR6         SAD6          WORRY7        FEAR7
              ________      ________      ________      ________      ________
 WORRY6         0.876
 FEAR6          0.876         0.876
 SAD6           0.876         0.876         0.876
 WORRY7         0.767         0.767         0.767         0.860
 FEAR7          0.767         0.767         0.767         0.860         0.860
 SAD7           0.767         0.767         0.767         0.860         0.860
 WORRY8         0.752         0.752         0.752         0.775         0.775
 FEAR8          0.752         0.752         0.752         0.775         0.775
 SAD8           0.752         0.752         0.752         0.775         0.775
 WORRY9         0.736         0.736         0.736         0.705         0.705
 FEAR9          0.744         0.744         0.744         0.713         0.713
 SAD9           0.744         0.744         0.744         0.713         0.713
 WORRY10        0.690         0.690         0.690         0.659         0.659
 FEAR10         0.682         0.682         0.682         0.651         0.651
 SAD10          0.690         0.690         0.690         0.659         0.659


           Covariance Coverage
              SAD7          WORRY8        FEAR8         SAD8          WORRY9
              ________      ________      ________      ________      ________
 SAD7           0.860
 WORRY8         0.775         0.853
 FEAR8          0.775         0.853         0.853
 SAD8           0.775         0.853         0.853         0.853
 WORRY9         0.705         0.721         0.721         0.721         0.822
 FEAR9          0.713         0.729         0.729         0.729         0.822
 SAD9           0.713         0.729         0.729         0.729         0.822
 WORRY10        0.659         0.667         0.667         0.667         0.667
 FEAR10         0.651         0.659         0.659         0.659         0.659
 SAD10          0.659         0.667         0.667         0.667         0.667


           Covariance Coverage
              FEAR9         SAD9          WORRY10       FEAR10        SAD10
              ________      ________      ________      ________      ________
 FEAR9          0.829
 SAD9           0.829         0.829
 WORRY10        0.674         0.674         0.783
 FEAR10         0.667         0.667         0.775         0.775
 SAD10          0.674         0.674         0.783         0.775         0.783



UNIVARIATE SAMPLE STATISTICS


     UNIVARIATE HIGHER-ORDER MOMENT DESCRIPTIVE STATISTICS

         Variable/         Mean/     Skewness/   Minimum/ % with                Percentiles
        Sample Size      Variance    Kurtosis    Maximum  Min/Max      20%/60%    40%/80%    Median

     WORRY1                3.775      -0.080       1.000   17.98%       2.000      3.000      4.000
              89.000       3.680      -1.331       7.000    4.49%       5.000      6.000
     FEAR1                 2.281       1.074       1.000   42.70%       1.000      1.000      2.000
              89.000       2.269       0.189       7.000    1.12%       2.000      4.000
     SAD1                  3.023       0.501       1.000   28.41%       1.000      2.000      3.000
              88.000       3.204      -0.841       7.000    3.41%       3.000      5.000
     WORRY2                3.731      -0.015       1.000   22.12%       1.000      3.000      4.000
             104.000       3.947      -1.283       7.000    7.69%       4.000      6.000
     FEAR2                 2.221       1.136       1.000   49.04%       1.000      1.000      2.000
             104.000       2.518       0.039       7.000    0.96%       2.000      4.000
     SAD2                  3.057       0.468       1.000   25.71%       1.000      2.000      3.000
             105.000       3.140      -0.870       7.000    3.81%       4.000      5.000
     WORRY3                3.278       0.401       1.000   25.00%       1.000      2.000      3.000
             108.000       3.997      -1.241       7.000    6.48%       4.000      5.000
     FEAR3                 2.019       1.325       1.000   54.63%       1.000      1.000      1.000
             108.000       2.055       0.574       6.000    2.78%       2.000      3.000
     SAD3                  2.804       0.610       1.000   32.71%       1.000      2.000      2.000
             107.000       3.036      -0.801       7.000    1.87%       3.000      4.000
     WORRY4                3.009       0.559       1.000   33.04%       1.000      2.000      3.000
             112.000       3.670      -0.900       7.000    5.36%       3.000      5.000
     FEAR4                 1.839       1.617       1.000   56.25%       1.000      1.000      1.000
             112.000       1.546       1.847       6.000    1.79%       2.000      2.000
     SAD4                  2.402       0.668       1.000   38.39%       1.000      2.000      2.000
             112.000       2.062      -0.802       6.000    0.89%       3.000      4.000
     WORRY5                3.027       0.444       1.000   33.93%       1.000      2.000      3.000
             112.000       3.580      -1.100       7.000    2.68%       3.000      5.000
     FEAR5                 1.752       1.829       1.000   62.83%       1.000      1.000      1.000
             113.000       1.567       2.508       6.000    1.77%       1.000      2.000
     SAD5                  2.540       0.976       1.000   34.51%       1.000      2.000      2.000
             113.000       2.585       0.136       7.000    2.65%       3.000      4.000
     WORRY6                2.920       0.547       1.000   35.40%       1.000      2.000      2.000
             113.000       3.613      -1.080       7.000    2.65%       3.000      5.000
     FEAR6                 1.814       1.676       1.000   60.18%       1.000      1.000      1.000
             113.000       1.550       2.595       7.000    0.88%       1.000      3.000
     SAD6                  2.611       0.845       1.000   35.40%       1.000      2.000      2.000
             113.000       2.733      -0.192       7.000    2.65%       3.000      4.000
     WORRY7                2.757       0.702       1.000   37.84%       1.000      2.000      2.000
             111.000       3.409      -0.780       7.000    3.60%       3.000      5.000
     FEAR7                 1.811       1.787       1.000   60.36%       1.000      1.000      1.000
             111.000       1.685       2.480       6.000    3.60%       1.000      2.000
     SAD7                  2.577       0.622       1.000   36.04%       1.000      2.000      2.000
             111.000       2.460      -0.781       7.000    0.90%       3.000      4.000
     WORRY8                2.664       0.815       1.000   40.00%       1.000      1.000      2.000
             110.000       3.387      -0.645       7.000    2.73%       3.000      5.000
     FEAR8                 1.636       2.197       1.000   70.00%       1.000      1.000      1.000
             110.000       1.540       3.987       6.000    2.73%       1.000      2.000
     SAD8                  2.345       1.031       1.000   41.82%       1.000      1.000      2.000
             110.000       2.299       0.332       7.000    1.82%       2.000      4.000
     WORRY9                2.726       0.655       1.000   36.79%       1.000      2.000      2.000
             106.000       3.180      -0.895       7.000    1.89%       3.000      5.000
     FEAR9                 1.720       1.932       1.000   62.62%       1.000      1.000      1.000
             107.000       1.491       2.942       6.000    1.87%       1.000      2.000
     SAD9                  2.439       0.946       1.000   34.58%       1.000      2.000      2.000
             107.000       2.209       0.094       7.000    0.93%       2.000      4.000
     WORRY10               2.426       0.707       1.000   46.53%       1.000      1.000      2.000
             101.000       2.601      -0.843       6.000    4.95%       3.000      4.000
     FEAR10                1.600       1.765       1.000   67.00%       1.000      1.000      1.000
             100.000       1.040       2.373       5.000    3.00%       1.000      2.000
     SAD10                 2.337       1.114       1.000   41.58%       1.000      1.000      2.000
             101.000       2.441       0.375       7.000    1.98%       2.000      4.000


THE MODEL ESTIMATION TERMINATED NORMALLY



MODEL FIT INFORMATION

Number of Free Parameters                       16

Loglikelihood

          H0 Value                       -5338.298
          H1 Value                       -4909.409

Information Criteria

          Akaike (AIC)                   10708.596
          Bayesian (BIC)                 10754.353
          Sample-Size Adjusted BIC       10703.751
            (n* = (n + 2) / 24)

Chi-Square Test of Model Fit

          Value                            857.779
          Degrees of Freedom                   479
          P-Value                           0.0000

RMSEA (Root Mean Square Error Of Approximation)

          Estimate                           0.078
          90 Percent C.I.                    0.070  0.087
          Probability RMSEA <= .05           0.000

CFI/TLI

          CFI                                0.779
          TLI                                0.800

Chi-Square Test of Model Fit for the Baseline Model

          Value                           2151.634
          Degrees of Freedom                   435
          P-Value                           0.0000

SRMR (Standardized Root Mean Square Residual)

          Value                              0.113



MODEL RESULTS

                                                    Two-Tailed
                    Estimate       S.E.  Est./S.E.    P-Value

 OCC1     BY
    WORRY1             1.000      0.000    999.000    999.000
    FEAR1              0.572      0.046     12.543      0.000
    SAD1               0.727      0.056     12.968      0.000

 OCC2     BY
    WORRY2             1.000      0.000    999.000    999.000
    FEAR2              0.572      0.046     12.543      0.000
    SAD2               0.727      0.056     12.968      0.000

 OCC3     BY
    WORRY3             1.000      0.000    999.000    999.000
    FEAR3              0.572      0.046     12.543      0.000
    SAD3               0.727      0.056     12.968      0.000

 OCC4     BY
    WORRY4             1.000      0.000    999.000    999.000
    FEAR4              0.572      0.046     12.543      0.000
    SAD4               0.727      0.056     12.968      0.000

 OCC5     BY
    WORRY5             1.000      0.000    999.000    999.000
    FEAR5              0.572      0.046     12.543      0.000
    SAD5               0.727      0.056     12.968      0.000

 OCC6     BY
    WORRY6             1.000      0.000    999.000    999.000
    FEAR6              0.572      0.046     12.543      0.000
    SAD6               0.727      0.056     12.968      0.000

 OCC7     BY
    WORRY7             1.000      0.000    999.000    999.000
    FEAR7              0.572      0.046     12.543      0.000
    SAD7               0.727      0.056     12.968      0.000

 OCC8     BY
    WORRY8             1.000      0.000    999.000    999.000
    FEAR8              0.572      0.046     12.543      0.000
    SAD8               0.727      0.056     12.968      0.000

 OCC9     BY
    WORRY9             1.000      0.000    999.000    999.000
    FEAR9              0.572      0.046     12.543      0.000
    SAD9               0.727      0.056     12.968      0.000

 OCC10    BY
    WORRY10            1.000      0.000    999.000    999.000
    FEAR10             0.572      0.046     12.543      0.000
    SAD10              0.727      0.056     12.968      0.000

 THETA1   BY
    WORRY1             1.000      0.000    999.000    999.000
    WORRY2             1.000      0.000    999.000    999.000
    WORRY3             1.000      0.000    999.000    999.000
    WORRY4             1.000      0.000    999.000    999.000
    WORRY5             1.000      0.000    999.000    999.000
    WORRY6             1.000      0.000    999.000    999.000
    WORRY7             1.000      0.000    999.000    999.000
    WORRY8             1.000      0.000    999.000    999.000
    WORRY9             1.000      0.000    999.000    999.000
    WORRY10            1.000      0.000    999.000    999.000

 THETA2   BY
    FEAR1              1.000      0.000    999.000    999.000
    FEAR2              1.000      0.000    999.000    999.000
    FEAR3              1.000      0.000    999.000    999.000
    FEAR4              1.000      0.000    999.000    999.000
    FEAR5              1.000      0.000    999.000    999.000
    FEAR6              1.000      0.000    999.000    999.000
    FEAR7              1.000      0.000    999.000    999.000
    FEAR8              1.000      0.000    999.000    999.000
    FEAR9              1.000      0.000    999.000    999.000
    FEAR10             1.000      0.000    999.000    999.000

 THETA3   BY
    SAD1               1.000      0.000    999.000    999.000
    SAD2               1.000      0.000    999.000    999.000
    SAD3               1.000      0.000    999.000    999.000
    SAD4               1.000      0.000    999.000    999.000
    SAD5               1.000      0.000    999.000    999.000
    SAD6               1.000      0.000    999.000    999.000
    SAD7               1.000      0.000    999.000    999.000
    SAD8               1.000      0.000    999.000    999.000
    SAD9               1.000      0.000    999.000    999.000
    SAD10              1.000      0.000    999.000    999.000

 OCC2     ON
    OCC1               0.519      0.054      9.595      0.000

 OCC3     ON
    OCC2               0.519      0.054      9.595      0.000

 OCC4     ON
    OCC3               0.519      0.054      9.595      0.000

 OCC5     ON
    OCC4               0.519      0.054      9.595      0.000

 OCC6     ON
    OCC5               0.519      0.054      9.595      0.000

 OCC7     ON
    OCC6               0.519      0.054      9.595      0.000

 OCC8     ON
    OCC7               0.519      0.054      9.595      0.000

 OCC9     ON
    OCC8               0.519      0.054      9.595      0.000

 OCC10    ON
    OCC9               0.519      0.054      9.595      0.000

 OCC1     WITH
    OCC2               0.000      0.000    999.000    999.000
    OCC3               0.000      0.000    999.000    999.000
    OCC4               0.000      0.000    999.000    999.000
    OCC5               0.000      0.000    999.000    999.000
    OCC6               0.000      0.000    999.000    999.000
    OCC7               0.000      0.000    999.000    999.000
    OCC8               0.000      0.000    999.000    999.000
    OCC9               0.000      0.000    999.000    999.000
    OCC10              0.000      0.000    999.000    999.000
    THETA1             0.000      0.000    999.000    999.000
    THETA2             0.000      0.000    999.000    999.000
    THETA3             0.000      0.000    999.000    999.000

 OCC2     WITH
    OCC3               0.000      0.000    999.000    999.000
    OCC4               0.000      0.000    999.000    999.000
    OCC5               0.000      0.000    999.000    999.000
    OCC6               0.000      0.000    999.000    999.000
    OCC7               0.000      0.000    999.000    999.000
    OCC8               0.000      0.000    999.000    999.000
    OCC9               0.000      0.000    999.000    999.000
    OCC10              0.000      0.000    999.000    999.000
    THETA1             0.000      0.000    999.000    999.000
    THETA2             0.000      0.000    999.000    999.000
    THETA3             0.000      0.000    999.000    999.000

 OCC3     WITH
    OCC4               0.000      0.000    999.000    999.000
    OCC5               0.000      0.000    999.000    999.000
    OCC6               0.000      0.000    999.000    999.000
    OCC7               0.000      0.000    999.000    999.000
    OCC8               0.000      0.000    999.000    999.000
    OCC9               0.000      0.000    999.000    999.000
    OCC10              0.000      0.000    999.000    999.000
    THETA1             0.000      0.000    999.000    999.000
    THETA2             0.000      0.000    999.000    999.000
    THETA3             0.000      0.000    999.000    999.000

 OCC4     WITH
    OCC5               0.000      0.000    999.000    999.000
    OCC6               0.000      0.000    999.000    999.000
    OCC7               0.000      0.000    999.000    999.000
    OCC8               0.000      0.000    999.000    999.000
    OCC9               0.000      0.000    999.000    999.000
    OCC10              0.000      0.000    999.000    999.000
    THETA1             0.000      0.000    999.000    999.000
    THETA2             0.000      0.000    999.000    999.000
    THETA3             0.000      0.000    999.000    999.000

 OCC5     WITH
    OCC6               0.000      0.000    999.000    999.000
    OCC7               0.000      0.000    999.000    999.000
    OCC8               0.000      0.000    999.000    999.000
    OCC9               0.000      0.000    999.000    999.000
    OCC10              0.000      0.000    999.000    999.000
    THETA1             0.000      0.000    999.000    999.000
    THETA2             0.000      0.000    999.000    999.000
    THETA3             0.000      0.000    999.000    999.000

 OCC6     WITH
    OCC7               0.000      0.000    999.000    999.000
    OCC8               0.000      0.000    999.000    999.000
    OCC9               0.000      0.000    999.000    999.000
    OCC10              0.000      0.000    999.000    999.000
    THETA1             0.000      0.000    999.000    999.000
    THETA2             0.000      0.000    999.000    999.000
    THETA3             0.000      0.000    999.000    999.000

 OCC7     WITH
    OCC8               0.000      0.000    999.000    999.000
    OCC9               0.000      0.000    999.000    999.000
    OCC10              0.000      0.000    999.000    999.000
    THETA1             0.000      0.000    999.000    999.000
    THETA2             0.000      0.000    999.000    999.000
    THETA3             0.000      0.000    999.000    999.000

 OCC8     WITH
    OCC9               0.000      0.000    999.000    999.000
    OCC10              0.000      0.000    999.000    999.000
    THETA1             0.000      0.000    999.000    999.000
    THETA2             0.000      0.000    999.000    999.000
    THETA3             0.000      0.000    999.000    999.000

 OCC9     WITH
    OCC10              0.000      0.000    999.000    999.000
    THETA1             0.000      0.000    999.000    999.000
    THETA2             0.000      0.000    999.000    999.000
    THETA3             0.000      0.000    999.000    999.000

 OCC10    WITH
    THETA1             0.000      0.000    999.000    999.000
    THETA2             0.000      0.000    999.000    999.000
    THETA3             0.000      0.000    999.000    999.000

 THETA2   WITH
    THETA1             0.398      0.120      3.310      0.001

 THETA3   WITH
    THETA1             0.628      0.157      4.004      0.000
    THETA2             0.469      0.107      4.370      0.000

 Means
    OCC1               0.000      0.000    999.000    999.000

 Intercepts
    WORRY1             3.076      0.114     26.959      0.000
    FEAR1              1.897      0.077     24.519      0.000
    SAD1               2.650      0.100     26.564      0.000
    WORRY2             3.076      0.114     26.959      0.000
    FEAR2              1.897      0.077     24.519      0.000
    SAD2               2.650      0.100     26.564      0.000
    WORRY3             3.076      0.114     26.959      0.000
    FEAR3              1.897      0.077     24.519      0.000
    SAD3               2.650      0.100     26.564      0.000
    WORRY4             3.076      0.114     26.959      0.000
    FEAR4              1.897      0.077     24.519      0.000
    SAD4               2.650      0.100     26.564      0.000
    WORRY5             3.076      0.114     26.959      0.000
    FEAR5              1.897      0.077     24.519      0.000
    SAD5               2.650      0.100     26.564      0.000
    WORRY6             3.076      0.114     26.959      0.000
    FEAR6              1.897      0.077     24.519      0.000
    SAD6               2.650      0.100     26.564      0.000
    WORRY7             3.076      0.114     26.959      0.000
    FEAR7              1.897      0.077     24.519      0.000
    SAD7               2.650      0.100     26.564      0.000
    WORRY8             3.076      0.114     26.959      0.000
    FEAR8              1.897      0.077     24.519      0.000
    SAD8               2.650      0.100     26.564      0.000
    WORRY9             3.076      0.114     26.959      0.000
    FEAR9              1.897      0.077     24.519      0.000
    SAD9               2.650      0.100     26.564      0.000
    WORRY10            3.076      0.114     26.959      0.000
    FEAR10             1.897      0.077     24.519      0.000
    SAD10              2.650      0.100     26.564      0.000
    OCC2               0.000      0.000    999.000    999.000
    OCC3               0.000      0.000    999.000    999.000
    OCC4               0.000      0.000    999.000    999.000
    OCC5               0.000      0.000    999.000    999.000
    OCC6               0.000      0.000    999.000    999.000
    OCC7               0.000      0.000    999.000    999.000
    OCC8               0.000      0.000    999.000    999.000
    OCC9               0.000      0.000    999.000    999.000
    OCC10              0.000      0.000    999.000    999.000

 Variances
    OCC1               1.147      0.123      9.317      0.000
    THETA1             1.079      0.214      5.031      0.000
    THETA2             0.524      0.099      5.284      0.000
    THETA3             0.914      0.161      5.690      0.000

 Residual Variances
    WORRY1             1.106      0.098     11.264      0.000
    FEAR1              0.770      0.046     16.599      0.000
    SAD1               0.996      0.065     15.245      0.000
    WORRY2             1.106      0.098     11.264      0.000
    FEAR2              0.770      0.046     16.599      0.000
    SAD2               0.996      0.065     15.245      0.000
    WORRY3             1.106      0.098     11.264      0.000
    FEAR3              0.770      0.046     16.599      0.000
    SAD3               0.996      0.065     15.245      0.000
    WORRY4             1.106      0.098     11.264      0.000
    FEAR4              0.770      0.046     16.599      0.000
    SAD4               0.996      0.065     15.245      0.000
    WORRY5             1.106      0.098     11.264      0.000
    FEAR5              0.770      0.046     16.599      0.000
    SAD5               0.996      0.065     15.245      0.000
    WORRY6             1.106      0.098     11.264      0.000
    FEAR6              0.770      0.046     16.599      0.000
    SAD6               0.996      0.065     15.245      0.000
    WORRY7             1.106      0.098     11.264      0.000
    FEAR7              0.770      0.046     16.599      0.000
    SAD7               0.996      0.065     15.245      0.000
    WORRY8             1.106      0.098     11.264      0.000
    FEAR8              0.770      0.046     16.599      0.000
    SAD8               0.996      0.065     15.245      0.000
    WORRY9             1.106      0.098     11.264      0.000
    FEAR9              0.770      0.046     16.599      0.000
    SAD9               0.996      0.065     15.245      0.000
    WORRY10            1.106      0.098     11.264      0.000
    FEAR10             0.770      0.046     16.599      0.000
    SAD10              0.996      0.065     15.245      0.000
    OCC2               1.147      0.123      9.317      0.000
    OCC3               1.147      0.123      9.317      0.000
    OCC4               1.147      0.123      9.317      0.000
    OCC5               1.147      0.123      9.317      0.000
    OCC6               1.147      0.123      9.317      0.000
    OCC7               1.147      0.123      9.317      0.000
    OCC8               1.147      0.123      9.317      0.000
    OCC9               1.147      0.123      9.317      0.000
    OCC10              1.147      0.123      9.317      0.000


QUALITY OF NUMERICAL RESULTS

     Condition Number for the Information Matrix              0.863E-02
       (ratio of smallest to largest eigenvalue)


     Beginning Time:  18:06:57
        Ending Time:  18:06:59
       Elapsed Time:  00:00:02



MUTHEN & MUTHEN
3463 Stoner Ave.
Los Angeles, CA  90066

Tel: (310) 391-9971
Fax: (310) 391-8971
Web: www.StatModel.com
Support: Support@StatModel.com

Copyright (c) 1998-2017 Muthen & Muthen
